[ 2011-11-12T14:23:12-05:00 ] NOTIC: [8] Undefined variable: SITE_URL 6f9ff6e3cd1727a9c4c714dfe3682b60.php 第 7 行.
[ 2011-11-12T14:23:12-05:00 ] NOTIC: [8] Undefined variable: SITE_URL 6f9ff6e3cd1727a9c4c714dfe3682b60.php 第 8 行.
[ 2011-11-12T14:23:12-05:00 ] NOTIC: [8] Undefined variable: SITE_URL 6f9ff6e3cd1727a9c4c714dfe3682b60.php 第 9 行.
[ 2011-11-12T14:23:12-05:00 ] NOTIC: [8] Undefined variable: SITE_URL 6f9ff6e3cd1727a9c4c714dfe3682b60.php 第 12 行.
[ 2011-11-12T14:23:12-05:00 ] NOTIC: [8] Undefined variable: SITE_URL 6f9ff6e3cd1727a9c4c714dfe3682b60.php 第 13 行.
[ 2011-11-12T14:23:12-05:00 ] NOTIC: [8] Undefined variable: SITE_URL 6f9ff6e3cd1727a9c4c714dfe3682b60.php 第 18 行.
[ 2011-11-12T14:23:12-05:00 ] NOTIC: [8] Undefined variable: msg 6f9ff6e3cd1727a9c4c714dfe3682b60.php 第 23 行.
[ 2011-11-12T14:23:20-05:00 ] SQL: SHOW COLUMNS FROM `ry_page` [ RunTime:0.030438s ]
[ 2011-11-12T14:23:20-05:00 ] SQL: SELECT * FROM `ry_page` WHERE ( `page_id` = '1' ) LIMIT 1  [ RunTime:0.023250s ]
[ 2011-11-12T14:23:20-05:00 ] NOTIC: [8] Undefined index: zh-cn f1168e1a70762ad5ec3a227d9624f41f.php 第 23 行.
[ 2011-11-12T14:29:44-05:00 ] NOTIC: [8] Undefined variable: message 8b602158db62935f9932e2452e07cb21.php 第 2 行.
[ 2011-11-12T14:29:46-05:00 ] NOTIC: [8] Undefined variable: message 8b602158db62935f9932e2452e07cb21.php 第 2 行.
[ 2011-11-12T14:29:48-05:00 ] NOTIC: [8] Undefined variable: message 8b602158db62935f9932e2452e07cb21.php 第 2 行.
[ 2011-11-12T14:29:49-05:00 ] NOTIC: [8] Undefined variable: message 8b602158db62935f9932e2452e07cb21.php 第 2 行.
[ 2011-11-12T14:29:50-05:00 ] NOTIC: [8] Undefined variable: message 8b602158db62935f9932e2452e07cb21.php 第 2 行.
[ 2011-11-12T14:29:52-05:00 ] NOTIC: [8] Undefined variable: message 8b602158db62935f9932e2452e07cb21.php 第 2 行.
[ 2011-11-12T14:29:53-05:00 ] NOTIC: [8] Undefined variable: message 8b602158db62935f9932e2452e07cb21.php 第 2 行.
[ 2011-11-12T14:29:53-05:00 ] NOTIC: [8] Undefined variable: message 8b602158db62935f9932e2452e07cb21.php 第 2 行.
[ 2011-11-12T14:29:54-05:00 ] NOTIC: [8] Undefined variable: message 8b602158db62935f9932e2452e07cb21.php 第 2 行.
[ 2011-11-12T14:29:56-05:00 ] NOTIC: [8] Undefined variable: message 8b602158db62935f9932e2452e07cb21.php 第 2 行.
[ 2011-11-12T14:29:59-05:00 ] NOTIC: [8] Undefined variable: message 8b602158db62935f9932e2452e07cb21.php 第 2 行.
[ 2011-11-12T14:30:01-05:00 ] NOTIC: [8] Undefined variable: message 8b602158db62935f9932e2452e07cb21.php 第 2 行.
[ 2011-11-12T14:30:02-05:00 ] NOTIC: [8] Undefined variable: message 8b602158db62935f9932e2452e07cb21.php 第 2 行.
[ 2011-11-12T14:30:03-05:00 ] NOTIC: [8] Undefined variable: message 8b602158db62935f9932e2452e07cb21.php 第 2 行.
[ 2011-11-12T14:30:03-05:00 ] NOTIC: [8] Undefined variable: message 8b602158db62935f9932e2452e07cb21.php 第 2 行.
