[ 2011-11-09T12:20:09+08:00 ] SQL: SHOW COLUMNS FROM `ry_page` [ RunTime:0.005456s ]
[ 2011-11-09T12:20:09+08:00 ] SQL: SELECT * FROM `ry_page` WHERE ( `page_id` = '1' ) LIMIT 1  [ RunTime:0.000943s ]
[ 2011-11-09T12:20:09+08:00 ] NOTIC: [8] Undefined variable: SITE_URL f1168e1a70762ad5ec3a227d9624f41f.php 第 7 行.
[ 2011-11-09T12:20:09+08:00 ] NOTIC: [8] Undefined variable: SITE_URL f1168e1a70762ad5ec3a227d9624f41f.php 第 8 行.
[ 2011-11-09T12:20:09+08:00 ] NOTIC: [8] Undefined variable: SITE_URL f1168e1a70762ad5ec3a227d9624f41f.php 第 9 行.
[ 2011-11-09T12:20:09+08:00 ] NOTIC: [8] Undefined variable: SITE_URL f1168e1a70762ad5ec3a227d9624f41f.php 第 12 行.
[ 2011-11-09T12:20:09+08:00 ] NOTIC: [8] Undefined variable: SITE_URL f1168e1a70762ad5ec3a227d9624f41f.php 第 13 行.
[ 2011-11-09T12:20:09+08:00 ] NOTIC: [8] Undefined variable: SITE_URL f1168e1a70762ad5ec3a227d9624f41f.php 第 18 行.
[ 2011-11-09T12:20:09+08:00 ] NOTIC: [8] Undefined variable: msg f1168e1a70762ad5ec3a227d9624f41f.php 第 23 行.
[ 2011-11-09T12:21:52+08:00 ] SQL: SHOW COLUMNS FROM `ry_page` [ RunTime:0.009236s ]
[ 2011-11-09T12:21:52+08:00 ] SQL: SELECT * FROM `ry_page` WHERE ( `page_id` = '1' ) LIMIT 1  [ RunTime:0.000920s ]
[ 2011-11-09T12:21:52+08:00 ] NOTIC: [8] Undefined variable: SITE_URL f1168e1a70762ad5ec3a227d9624f41f.php 第 7 行.
[ 2011-11-09T12:21:52+08:00 ] NOTIC: [8] Undefined variable: SITE_URL f1168e1a70762ad5ec3a227d9624f41f.php 第 8 行.
[ 2011-11-09T12:21:52+08:00 ] NOTIC: [8] Undefined variable: SITE_URL f1168e1a70762ad5ec3a227d9624f41f.php 第 9 行.
[ 2011-11-09T12:21:52+08:00 ] NOTIC: [8] Undefined variable: SITE_URL f1168e1a70762ad5ec3a227d9624f41f.php 第 12 行.
[ 2011-11-09T12:21:52+08:00 ] NOTIC: [8] Undefined variable: SITE_URL f1168e1a70762ad5ec3a227d9624f41f.php 第 13 行.
[ 2011-11-09T12:21:52+08:00 ] NOTIC: [8] Undefined variable: SITE_URL f1168e1a70762ad5ec3a227d9624f41f.php 第 18 行.
[ 2011-11-09T12:21:52+08:00 ] NOTIC: [8] Undefined variable: msg f1168e1a70762ad5ec3a227d9624f41f.php 第 23 行.
[ 2011-11-09T12:21:55+08:00 ] SQL: SHOW COLUMNS FROM `ry_page` [ RunTime:0.009357s ]
[ 2011-11-09T12:21:55+08:00 ] SQL: SELECT * FROM `ry_page` WHERE ( `page_id` = '1' ) LIMIT 1  [ RunTime:0.001070s ]
[ 2011-11-09T12:21:55+08:00 ] NOTIC: [8] Undefined variable: SITE_URL f1168e1a70762ad5ec3a227d9624f41f.php 第 7 行.
[ 2011-11-09T12:21:55+08:00 ] NOTIC: [8] Undefined variable: SITE_URL f1168e1a70762ad5ec3a227d9624f41f.php 第 8 行.
[ 2011-11-09T12:21:55+08:00 ] NOTIC: [8] Undefined variable: SITE_URL f1168e1a70762ad5ec3a227d9624f41f.php 第 9 行.
[ 2011-11-09T12:21:55+08:00 ] NOTIC: [8] Undefined variable: SITE_URL f1168e1a70762ad5ec3a227d9624f41f.php 第 12 行.
[ 2011-11-09T12:21:55+08:00 ] NOTIC: [8] Undefined variable: SITE_URL f1168e1a70762ad5ec3a227d9624f41f.php 第 13 行.
[ 2011-11-09T12:21:55+08:00 ] NOTIC: [8] Undefined variable: SITE_URL f1168e1a70762ad5ec3a227d9624f41f.php 第 18 行.
[ 2011-11-09T12:21:55+08:00 ] NOTIC: [8] Undefined variable: msg f1168e1a70762ad5ec3a227d9624f41f.php 第 23 行.
[ 2011-11-09T12:21:56+08:00 ] SQL: SHOW COLUMNS FROM `ry_page` [ RunTime:0.010889s ]
[ 2011-11-09T12:21:56+08:00 ] SQL: SELECT * FROM `ry_page` WHERE ( `page_id` = '1' ) LIMIT 1  [ RunTime:0.001147s ]
[ 2011-11-09T12:21:56+08:00 ] NOTIC: [8] Undefined variable: SITE_URL f1168e1a70762ad5ec3a227d9624f41f.php 第 7 行.
[ 2011-11-09T12:21:56+08:00 ] NOTIC: [8] Undefined variable: SITE_URL f1168e1a70762ad5ec3a227d9624f41f.php 第 8 行.
[ 2011-11-09T12:21:56+08:00 ] NOTIC: [8] Undefined variable: SITE_URL f1168e1a70762ad5ec3a227d9624f41f.php 第 9 行.
[ 2011-11-09T12:21:56+08:00 ] NOTIC: [8] Undefined variable: SITE_URL f1168e1a70762ad5ec3a227d9624f41f.php 第 12 行.
[ 2011-11-09T12:21:56+08:00 ] NOTIC: [8] Undefined variable: SITE_URL f1168e1a70762ad5ec3a227d9624f41f.php 第 13 行.
[ 2011-11-09T12:21:56+08:00 ] NOTIC: [8] Undefined variable: SITE_URL f1168e1a70762ad5ec3a227d9624f41f.php 第 18 行.
[ 2011-11-09T12:21:56+08:00 ] NOTIC: [8] Undefined variable: msg f1168e1a70762ad5ec3a227d9624f41f.php 第 23 行.
[ 2011-11-09T12:23:13+08:00 ] SQL: SHOW COLUMNS FROM `ry_page` [ RunTime:0.012680s ]
[ 2011-11-09T12:23:13+08:00 ] SQL: SELECT * FROM `ry_page` WHERE ( `page_id` = '1' ) LIMIT 1  [ RunTime:0.000985s ]
[ 2011-11-09T12:23:13+08:00 ] NOTIC: [8] Undefined variable: SITE_URL f1168e1a70762ad5ec3a227d9624f41f.php 第 7 行.
[ 2011-11-09T12:23:13+08:00 ] NOTIC: [8] Undefined variable: SITE_URL f1168e1a70762ad5ec3a227d9624f41f.php 第 8 行.
[ 2011-11-09T12:23:13+08:00 ] NOTIC: [8] Undefined variable: SITE_URL f1168e1a70762ad5ec3a227d9624f41f.php 第 9 行.
[ 2011-11-09T12:23:13+08:00 ] NOTIC: [8] Undefined variable: SITE_URL f1168e1a70762ad5ec3a227d9624f41f.php 第 12 行.
[ 2011-11-09T12:23:13+08:00 ] NOTIC: [8] Undefined variable: SITE_URL f1168e1a70762ad5ec3a227d9624f41f.php 第 13 行.
[ 2011-11-09T12:23:13+08:00 ] NOTIC: [8] Undefined variable: SITE_URL f1168e1a70762ad5ec3a227d9624f41f.php 第 18 行.
[ 2011-11-09T12:23:13+08:00 ] NOTIC: [8] Undefined variable: msg f1168e1a70762ad5ec3a227d9624f41f.php 第 23 行.
[ 2011-11-09T12:23:14+08:00 ] SQL: SHOW COLUMNS FROM `ry_page` [ RunTime:0.009236s ]
[ 2011-11-09T12:23:14+08:00 ] SQL: SELECT * FROM `ry_page` WHERE ( `page_id` = '1' ) LIMIT 1  [ RunTime:0.000950s ]
[ 2011-11-09T12:23:14+08:00 ] NOTIC: [8] Undefined variable: SITE_URL f1168e1a70762ad5ec3a227d9624f41f.php 第 7 行.
[ 2011-11-09T12:23:14+08:00 ] NOTIC: [8] Undefined variable: SITE_URL f1168e1a70762ad5ec3a227d9624f41f.php 第 8 行.
[ 2011-11-09T12:23:14+08:00 ] NOTIC: [8] Undefined variable: SITE_URL f1168e1a70762ad5ec3a227d9624f41f.php 第 9 行.
[ 2011-11-09T12:23:14+08:00 ] NOTIC: [8] Undefined variable: SITE_URL f1168e1a70762ad5ec3a227d9624f41f.php 第 12 行.
[ 2011-11-09T12:23:14+08:00 ] NOTIC: [8] Undefined variable: SITE_URL f1168e1a70762ad5ec3a227d9624f41f.php 第 13 行.
[ 2011-11-09T12:23:14+08:00 ] NOTIC: [8] Undefined variable: SITE_URL f1168e1a70762ad5ec3a227d9624f41f.php 第 18 行.
[ 2011-11-09T12:23:14+08:00 ] NOTIC: [8] Undefined variable: msg f1168e1a70762ad5ec3a227d9624f41f.php 第 23 行.
[ 2011-11-09T12:23:15+08:00 ] SQL: SHOW COLUMNS FROM `ry_page` [ RunTime:0.009866s ]
[ 2011-11-09T12:23:15+08:00 ] SQL: SELECT * FROM `ry_page` WHERE ( `page_id` = '1' ) LIMIT 1  [ RunTime:0.001122s ]
[ 2011-11-09T12:23:15+08:00 ] NOTIC: [8] Undefined variable: SITE_URL f1168e1a70762ad5ec3a227d9624f41f.php 第 7 行.
[ 2011-11-09T12:23:15+08:00 ] NOTIC: [8] Undefined variable: SITE_URL f1168e1a70762ad5ec3a227d9624f41f.php 第 8 行.
[ 2011-11-09T12:23:15+08:00 ] NOTIC: [8] Undefined variable: SITE_URL f1168e1a70762ad5ec3a227d9624f41f.php 第 9 行.
[ 2011-11-09T12:23:15+08:00 ] NOTIC: [8] Undefined variable: SITE_URL f1168e1a70762ad5ec3a227d9624f41f.php 第 12 行.
[ 2011-11-09T12:23:15+08:00 ] NOTIC: [8] Undefined variable: SITE_URL f1168e1a70762ad5ec3a227d9624f41f.php 第 13 行.
[ 2011-11-09T12:23:15+08:00 ] NOTIC: [8] Undefined variable: SITE_URL f1168e1a70762ad5ec3a227d9624f41f.php 第 18 行.
[ 2011-11-09T12:23:15+08:00 ] NOTIC: [8] Undefined variable: msg f1168e1a70762ad5ec3a227d9624f41f.php 第 23 行.
[ 2011-11-09T12:23:17+08:00 ] SQL: SHOW COLUMNS FROM `ry_page` [ RunTime:0.004860s ]
[ 2011-11-09T12:23:17+08:00 ] SQL: SELECT * FROM `ry_page` WHERE ( `page_id` = '1' ) LIMIT 1  [ RunTime:0.000779s ]
[ 2011-11-09T12:23:17+08:00 ] NOTIC: [8] Undefined variable: SITE_URL f1168e1a70762ad5ec3a227d9624f41f.php 第 7 行.
[ 2011-11-09T12:23:17+08:00 ] NOTIC: [8] Undefined variable: SITE_URL f1168e1a70762ad5ec3a227d9624f41f.php 第 8 行.
[ 2011-11-09T12:23:17+08:00 ] NOTIC: [8] Undefined variable: SITE_URL f1168e1a70762ad5ec3a227d9624f41f.php 第 9 行.
[ 2011-11-09T12:23:17+08:00 ] NOTIC: [8] Undefined variable: SITE_URL f1168e1a70762ad5ec3a227d9624f41f.php 第 12 行.
[ 2011-11-09T12:23:17+08:00 ] NOTIC: [8] Undefined variable: SITE_URL f1168e1a70762ad5ec3a227d9624f41f.php 第 13 行.
[ 2011-11-09T12:23:17+08:00 ] NOTIC: [8] Undefined variable: SITE_URL f1168e1a70762ad5ec3a227d9624f41f.php 第 18 行.
[ 2011-11-09T12:23:17+08:00 ] NOTIC: [8] Undefined variable: msg f1168e1a70762ad5ec3a227d9624f41f.php 第 23 行.
[ 2011-11-09T12:23:19+08:00 ] SQL: SHOW COLUMNS FROM `ry_page` [ RunTime:0.009669s ]
[ 2011-11-09T12:23:19+08:00 ] SQL: SELECT * FROM `ry_page` WHERE ( `page_id` = '1' ) LIMIT 1  [ RunTime:0.000926s ]
[ 2011-11-09T12:23:19+08:00 ] NOTIC: [8] Undefined variable: SITE_URL f1168e1a70762ad5ec3a227d9624f41f.php 第 7 行.
[ 2011-11-09T12:23:19+08:00 ] NOTIC: [8] Undefined variable: SITE_URL f1168e1a70762ad5ec3a227d9624f41f.php 第 8 行.
[ 2011-11-09T12:23:19+08:00 ] NOTIC: [8] Undefined variable: SITE_URL f1168e1a70762ad5ec3a227d9624f41f.php 第 9 行.
[ 2011-11-09T12:23:19+08:00 ] NOTIC: [8] Undefined variable: SITE_URL f1168e1a70762ad5ec3a227d9624f41f.php 第 12 行.
[ 2011-11-09T12:23:19+08:00 ] NOTIC: [8] Undefined variable: SITE_URL f1168e1a70762ad5ec3a227d9624f41f.php 第 13 行.
[ 2011-11-09T12:23:19+08:00 ] NOTIC: [8] Undefined variable: SITE_URL f1168e1a70762ad5ec3a227d9624f41f.php 第 18 行.
[ 2011-11-09T12:23:19+08:00 ] NOTIC: [8] Undefined variable: msg f1168e1a70762ad5ec3a227d9624f41f.php 第 23 行.
[ 2011-11-09T12:23:21+08:00 ] SQL: SHOW COLUMNS FROM `ry_page` [ RunTime:0.006084s ]
[ 2011-11-09T12:23:21+08:00 ] SQL: SELECT * FROM `ry_page` WHERE ( `page_id` = '1' ) LIMIT 1  [ RunTime:0.000701s ]
[ 2011-11-09T12:23:21+08:00 ] NOTIC: [8] Undefined variable: SITE_URL f1168e1a70762ad5ec3a227d9624f41f.php 第 7 行.
[ 2011-11-09T12:23:21+08:00 ] NOTIC: [8] Undefined variable: SITE_URL f1168e1a70762ad5ec3a227d9624f41f.php 第 8 行.
[ 2011-11-09T12:23:21+08:00 ] NOTIC: [8] Undefined variable: SITE_URL f1168e1a70762ad5ec3a227d9624f41f.php 第 9 行.
[ 2011-11-09T12:23:21+08:00 ] NOTIC: [8] Undefined variable: SITE_URL f1168e1a70762ad5ec3a227d9624f41f.php 第 12 行.
[ 2011-11-09T12:23:21+08:00 ] NOTIC: [8] Undefined variable: SITE_URL f1168e1a70762ad5ec3a227d9624f41f.php 第 13 行.
[ 2011-11-09T12:23:21+08:00 ] NOTIC: [8] Undefined variable: SITE_URL f1168e1a70762ad5ec3a227d9624f41f.php 第 18 行.
[ 2011-11-09T12:23:21+08:00 ] NOTIC: [8] Undefined variable: msg f1168e1a70762ad5ec3a227d9624f41f.php 第 23 行.
[ 2011-11-09T12:24:33+08:00 ] SQL: SHOW COLUMNS FROM `ry_page` [ RunTime:0.009219s ]
[ 2011-11-09T12:24:33+08:00 ] SQL: SELECT * FROM `ry_page` WHERE ( `page_id` = '1' ) LIMIT 1  [ RunTime:0.000919s ]
[ 2011-11-09T12:24:33+08:00 ] NOTIC: [8] Undefined variable: SITE_URL f1168e1a70762ad5ec3a227d9624f41f.php 第 7 行.
[ 2011-11-09T12:24:33+08:00 ] NOTIC: [8] Undefined variable: SITE_URL f1168e1a70762ad5ec3a227d9624f41f.php 第 8 行.
[ 2011-11-09T12:24:33+08:00 ] NOTIC: [8] Undefined variable: SITE_URL f1168e1a70762ad5ec3a227d9624f41f.php 第 9 行.
[ 2011-11-09T12:24:33+08:00 ] NOTIC: [8] Undefined variable: SITE_URL f1168e1a70762ad5ec3a227d9624f41f.php 第 12 行.
[ 2011-11-09T12:24:33+08:00 ] NOTIC: [8] Undefined variable: SITE_URL f1168e1a70762ad5ec3a227d9624f41f.php 第 13 行.
[ 2011-11-09T12:24:33+08:00 ] NOTIC: [8] Undefined variable: SITE_URL f1168e1a70762ad5ec3a227d9624f41f.php 第 18 行.
[ 2011-11-09T12:24:33+08:00 ] NOTIC: [8] Undefined variable: msg f1168e1a70762ad5ec3a227d9624f41f.php 第 23 行.
[ 2011-11-09T12:32:39+08:00 ] SQL: SHOW COLUMNS FROM `ry_page` [ RunTime:0.004345s ]
[ 2011-11-09T12:32:39+08:00 ] SQL: SELECT * FROM `ry_page` WHERE ( `page_id` = '1' ) LIMIT 1  [ RunTime:0.000519s ]
[ 2011-11-09T12:32:39+08:00 ] NOTIC: [8] Undefined variable: SITE_URL f1168e1a70762ad5ec3a227d9624f41f.php 第 7 行.
[ 2011-11-09T12:32:39+08:00 ] NOTIC: [8] Undefined variable: SITE_URL f1168e1a70762ad5ec3a227d9624f41f.php 第 8 行.
[ 2011-11-09T12:32:39+08:00 ] NOTIC: [8] Undefined variable: SITE_URL f1168e1a70762ad5ec3a227d9624f41f.php 第 9 行.
[ 2011-11-09T12:32:39+08:00 ] NOTIC: [8] Undefined variable: SITE_URL f1168e1a70762ad5ec3a227d9624f41f.php 第 12 行.
[ 2011-11-09T12:32:39+08:00 ] NOTIC: [8] Undefined variable: SITE_URL f1168e1a70762ad5ec3a227d9624f41f.php 第 13 行.
[ 2011-11-09T12:32:39+08:00 ] NOTIC: [8] Undefined variable: SITE_URL f1168e1a70762ad5ec3a227d9624f41f.php 第 18 行.
[ 2011-11-09T12:32:39+08:00 ] NOTIC: [8] Undefined variable: msg f1168e1a70762ad5ec3a227d9624f41f.php 第 23 行.
[ 2011-11-09T12:32:46+08:00 ] SQL: SHOW COLUMNS FROM `ry_page` [ RunTime:0.009029s ]
[ 2011-11-09T12:32:46+08:00 ] SQL: SELECT * FROM `ry_page` WHERE ( `page_id` = '1' ) LIMIT 1  [ RunTime:0.000936s ]
[ 2011-11-09T12:32:46+08:00 ] NOTIC: [8] Undefined variable: SITE_URL f1168e1a70762ad5ec3a227d9624f41f.php 第 7 行.
[ 2011-11-09T12:32:46+08:00 ] NOTIC: [8] Undefined variable: SITE_URL f1168e1a70762ad5ec3a227d9624f41f.php 第 8 行.
[ 2011-11-09T12:32:46+08:00 ] NOTIC: [8] Undefined variable: SITE_URL f1168e1a70762ad5ec3a227d9624f41f.php 第 9 行.
[ 2011-11-09T12:32:46+08:00 ] NOTIC: [8] Undefined variable: SITE_URL f1168e1a70762ad5ec3a227d9624f41f.php 第 12 行.
[ 2011-11-09T12:32:46+08:00 ] NOTIC: [8] Undefined variable: SITE_URL f1168e1a70762ad5ec3a227d9624f41f.php 第 13 行.
[ 2011-11-09T12:32:46+08:00 ] NOTIC: [8] Undefined variable: SITE_URL f1168e1a70762ad5ec3a227d9624f41f.php 第 18 行.
[ 2011-11-09T12:32:46+08:00 ] NOTIC: [8] Undefined variable: msg f1168e1a70762ad5ec3a227d9624f41f.php 第 23 行.
[ 2011-11-09T12:35:03+08:00 ] SQL: SHOW COLUMNS FROM `ry_page` [ RunTime:0.009276s ]
[ 2011-11-09T12:35:03+08:00 ] SQL: SELECT * FROM `ry_page` WHERE ( `page_id` = '1' ) LIMIT 1  [ RunTime:0.001050s ]
[ 2011-11-09T12:35:04+08:00 ] NOTIC: [8] Undefined variable: SITE_URL f1168e1a70762ad5ec3a227d9624f41f.php 第 7 行.
[ 2011-11-09T12:35:04+08:00 ] NOTIC: [8] Undefined variable: SITE_URL f1168e1a70762ad5ec3a227d9624f41f.php 第 8 行.
[ 2011-11-09T12:35:04+08:00 ] NOTIC: [8] Undefined variable: SITE_URL f1168e1a70762ad5ec3a227d9624f41f.php 第 9 行.
[ 2011-11-09T12:35:04+08:00 ] NOTIC: [8] Undefined variable: SITE_URL f1168e1a70762ad5ec3a227d9624f41f.php 第 12 行.
[ 2011-11-09T12:35:04+08:00 ] NOTIC: [8] Undefined variable: SITE_URL f1168e1a70762ad5ec3a227d9624f41f.php 第 13 行.
[ 2011-11-09T12:35:04+08:00 ] NOTIC: [8] Undefined variable: SITE_URL f1168e1a70762ad5ec3a227d9624f41f.php 第 18 行.
[ 2011-11-09T12:35:04+08:00 ] NOTIC: [8] Undefined index: zh-cn f1168e1a70762ad5ec3a227d9624f41f.php 第 23 行.
[ 2011-11-09T12:36:20+08:00 ] SQL: SHOW COLUMNS FROM `ry_page` [ RunTime:0.005728s ]
[ 2011-11-09T12:36:20+08:00 ] SQL: SELECT * FROM `ry_page` WHERE ( `page_id` = '1' ) LIMIT 1  [ RunTime:0.000752s ]
[ 2011-11-09T12:36:20+08:00 ] NOTIC: [8] Undefined variable: SITE_URL f1168e1a70762ad5ec3a227d9624f41f.php 第 7 行.
[ 2011-11-09T12:36:20+08:00 ] NOTIC: [8] Undefined variable: SITE_URL f1168e1a70762ad5ec3a227d9624f41f.php 第 8 行.
[ 2011-11-09T12:36:20+08:00 ] NOTIC: [8] Undefined variable: SITE_URL f1168e1a70762ad5ec3a227d9624f41f.php 第 9 行.
[ 2011-11-09T12:36:20+08:00 ] NOTIC: [8] Undefined variable: SITE_URL f1168e1a70762ad5ec3a227d9624f41f.php 第 12 行.
[ 2011-11-09T12:36:20+08:00 ] NOTIC: [8] Undefined variable: SITE_URL f1168e1a70762ad5ec3a227d9624f41f.php 第 13 行.
[ 2011-11-09T12:36:20+08:00 ] NOTIC: [8] Undefined variable: SITE_URL f1168e1a70762ad5ec3a227d9624f41f.php 第 18 行.
[ 2011-11-09T12:36:20+08:00 ] NOTIC: [8] Undefined index: zh-cn f1168e1a70762ad5ec3a227d9624f41f.php 第 23 行.
[ 2011-11-09T12:37:35+08:00 ] SQL: SHOW COLUMNS FROM `ry_page` [ RunTime:0.005944s ]
[ 2011-11-09T12:37:35+08:00 ] SQL: SELECT * FROM `ry_page` WHERE ( `page_id` = '1' ) LIMIT 1  [ RunTime:0.000766s ]
[ 2011-11-09T12:37:35+08:00 ] NOTIC: [8] Undefined variable: SITE_URL f1168e1a70762ad5ec3a227d9624f41f.php 第 7 行.
[ 2011-11-09T12:37:35+08:00 ] NOTIC: [8] Undefined variable: SITE_URL f1168e1a70762ad5ec3a227d9624f41f.php 第 8 行.
[ 2011-11-09T12:37:35+08:00 ] NOTIC: [8] Undefined variable: SITE_URL f1168e1a70762ad5ec3a227d9624f41f.php 第 9 行.
[ 2011-11-09T12:37:35+08:00 ] NOTIC: [8] Undefined variable: SITE_URL f1168e1a70762ad5ec3a227d9624f41f.php 第 12 行.
[ 2011-11-09T12:37:35+08:00 ] NOTIC: [8] Undefined variable: SITE_URL f1168e1a70762ad5ec3a227d9624f41f.php 第 13 行.
[ 2011-11-09T12:37:35+08:00 ] NOTIC: [8] Undefined variable: SITE_URL f1168e1a70762ad5ec3a227d9624f41f.php 第 18 行.
[ 2011-11-09T12:37:35+08:00 ] NOTIC: [8] Undefined index: zh-cn f1168e1a70762ad5ec3a227d9624f41f.php 第 23 行.
[ 2011-11-09T12:37:51+08:00 ] SQL: SHOW COLUMNS FROM `ry_page` [ RunTime:0.009471s ]
[ 2011-11-09T12:37:51+08:00 ] SQL: SELECT * FROM `ry_page` WHERE ( `page_id` = '1' ) LIMIT 1  [ RunTime:0.000913s ]
[ 2011-11-09T12:37:51+08:00 ] NOTIC: [8] Undefined variable: SITE_URL f1168e1a70762ad5ec3a227d9624f41f.php 第 7 行.
[ 2011-11-09T12:37:51+08:00 ] NOTIC: [8] Undefined variable: SITE_URL f1168e1a70762ad5ec3a227d9624f41f.php 第 8 行.
[ 2011-11-09T12:37:51+08:00 ] NOTIC: [8] Undefined variable: SITE_URL f1168e1a70762ad5ec3a227d9624f41f.php 第 9 行.
[ 2011-11-09T12:37:51+08:00 ] NOTIC: [8] Undefined variable: SITE_URL f1168e1a70762ad5ec3a227d9624f41f.php 第 12 行.
[ 2011-11-09T12:37:51+08:00 ] NOTIC: [8] Undefined variable: SITE_URL f1168e1a70762ad5ec3a227d9624f41f.php 第 13 行.
[ 2011-11-09T12:37:51+08:00 ] NOTIC: [8] Undefined variable: SITE_URL f1168e1a70762ad5ec3a227d9624f41f.php 第 18 行.
[ 2011-11-09T12:37:51+08:00 ] NOTIC: [8] Undefined index: zh-cn f1168e1a70762ad5ec3a227d9624f41f.php 第 23 行.
[ 2011-11-09T12:38:02+08:00 ] SQL: SHOW COLUMNS FROM `ry_page` [ RunTime:0.004999s ]
[ 2011-11-09T12:38:02+08:00 ] SQL: SELECT * FROM `ry_page` WHERE ( `page_id` = '1' ) LIMIT 1  [ RunTime:0.000872s ]
[ 2011-11-09T12:38:02+08:00 ] NOTIC: [8] Undefined variable: SITE_URL f1168e1a70762ad5ec3a227d9624f41f.php 第 7 行.
[ 2011-11-09T12:38:02+08:00 ] NOTIC: [8] Undefined variable: SITE_URL f1168e1a70762ad5ec3a227d9624f41f.php 第 8 行.
[ 2011-11-09T12:38:02+08:00 ] NOTIC: [8] Undefined variable: SITE_URL f1168e1a70762ad5ec3a227d9624f41f.php 第 9 行.
[ 2011-11-09T12:38:02+08:00 ] NOTIC: [8] Undefined variable: SITE_URL f1168e1a70762ad5ec3a227d9624f41f.php 第 12 行.
[ 2011-11-09T12:38:02+08:00 ] NOTIC: [8] Undefined variable: SITE_URL f1168e1a70762ad5ec3a227d9624f41f.php 第 13 行.
[ 2011-11-09T12:38:02+08:00 ] NOTIC: [8] Undefined variable: SITE_URL f1168e1a70762ad5ec3a227d9624f41f.php 第 18 行.
[ 2011-11-09T12:38:02+08:00 ] NOTIC: [8] Undefined index: zh-cn f1168e1a70762ad5ec3a227d9624f41f.php 第 23 行.
[ 2011-11-09T12:39:38+08:00 ] SQL: SHOW COLUMNS FROM `ry_page` [ RunTime:0.009593s ]
[ 2011-11-09T12:39:38+08:00 ] SQL: SELECT * FROM `ry_page` WHERE ( `page_id` = '1' ) LIMIT 1  [ RunTime:0.000919s ]
[ 2011-11-09T12:39:38+08:00 ] NOTIC: [8] Undefined variable: SITE_URL f1168e1a70762ad5ec3a227d9624f41f.php 第 7 行.
[ 2011-11-09T12:39:38+08:00 ] NOTIC: [8] Undefined variable: SITE_URL f1168e1a70762ad5ec3a227d9624f41f.php 第 8 行.
[ 2011-11-09T12:39:38+08:00 ] NOTIC: [8] Undefined variable: SITE_URL f1168e1a70762ad5ec3a227d9624f41f.php 第 9 行.
[ 2011-11-09T12:39:38+08:00 ] NOTIC: [8] Undefined variable: SITE_URL f1168e1a70762ad5ec3a227d9624f41f.php 第 12 行.
[ 2011-11-09T12:39:38+08:00 ] NOTIC: [8] Undefined variable: SITE_URL f1168e1a70762ad5ec3a227d9624f41f.php 第 13 行.
[ 2011-11-09T12:39:38+08:00 ] NOTIC: [8] Undefined variable: SITE_URL f1168e1a70762ad5ec3a227d9624f41f.php 第 18 行.
[ 2011-11-09T12:39:38+08:00 ] NOTIC: [8] Undefined index: zh-cn f1168e1a70762ad5ec3a227d9624f41f.php 第 23 行.
[ 2011-11-09T12:39:41+08:00 ] SQL: SHOW COLUMNS FROM `ry_page` [ RunTime:0.005135s ]
[ 2011-11-09T12:39:41+08:00 ] SQL: SELECT * FROM `ry_page` WHERE ( `page_id` = '1' ) LIMIT 1  [ RunTime:0.000714s ]
[ 2011-11-09T12:39:41+08:00 ] NOTIC: [8] Undefined variable: SITE_URL f1168e1a70762ad5ec3a227d9624f41f.php 第 7 行.
[ 2011-11-09T12:39:41+08:00 ] NOTIC: [8] Undefined variable: SITE_URL f1168e1a70762ad5ec3a227d9624f41f.php 第 8 行.
[ 2011-11-09T12:39:41+08:00 ] NOTIC: [8] Undefined variable: SITE_URL f1168e1a70762ad5ec3a227d9624f41f.php 第 9 行.
[ 2011-11-09T12:39:41+08:00 ] NOTIC: [8] Undefined variable: SITE_URL f1168e1a70762ad5ec3a227d9624f41f.php 第 12 行.
[ 2011-11-09T12:39:41+08:00 ] NOTIC: [8] Undefined variable: SITE_URL f1168e1a70762ad5ec3a227d9624f41f.php 第 13 行.
[ 2011-11-09T12:39:41+08:00 ] NOTIC: [8] Undefined variable: SITE_URL f1168e1a70762ad5ec3a227d9624f41f.php 第 18 行.
[ 2011-11-09T12:39:41+08:00 ] NOTIC: [8] Undefined index: zh-cn f1168e1a70762ad5ec3a227d9624f41f.php 第 23 行.
[ 2011-11-09T12:39:43+08:00 ] SQL: SHOW COLUMNS FROM `ry_page` [ RunTime:0.008883s ]
[ 2011-11-09T12:39:43+08:00 ] SQL: SELECT * FROM `ry_page` WHERE ( `page_id` = '1' ) LIMIT 1  [ RunTime:0.000618s ]
[ 2011-11-09T12:39:43+08:00 ] NOTIC: [8] Undefined variable: SITE_URL f1168e1a70762ad5ec3a227d9624f41f.php 第 7 行.
[ 2011-11-09T12:39:43+08:00 ] NOTIC: [8] Undefined variable: SITE_URL f1168e1a70762ad5ec3a227d9624f41f.php 第 8 行.
[ 2011-11-09T12:39:43+08:00 ] NOTIC: [8] Undefined variable: SITE_URL f1168e1a70762ad5ec3a227d9624f41f.php 第 9 行.
[ 2011-11-09T12:39:43+08:00 ] NOTIC: [8] Undefined variable: SITE_URL f1168e1a70762ad5ec3a227d9624f41f.php 第 12 行.
[ 2011-11-09T12:39:43+08:00 ] NOTIC: [8] Undefined variable: SITE_URL f1168e1a70762ad5ec3a227d9624f41f.php 第 13 行.
[ 2011-11-09T12:39:43+08:00 ] NOTIC: [8] Undefined variable: SITE_URL f1168e1a70762ad5ec3a227d9624f41f.php 第 18 行.
[ 2011-11-09T12:39:43+08:00 ] NOTIC: [8] Undefined index: zh-cn f1168e1a70762ad5ec3a227d9624f41f.php 第 23 行.
[ 2011-11-09T12:40:37+08:00 ] SQL: SHOW COLUMNS FROM `ry_page` [ RunTime:0.005863s ]
[ 2011-11-09T12:40:37+08:00 ] SQL: SELECT * FROM `ry_page` WHERE ( `page_id` = '1' ) LIMIT 1  [ RunTime:0.000569s ]
[ 2011-11-09T12:40:37+08:00 ] NOTIC: [8] Undefined index: zh-cn f1168e1a70762ad5ec3a227d9624f41f.php 第 23 行.
