[ 2012-01-04T20:53:48-05:00 ] SQL: SHOW COLUMNS FROM `ry_page` [ RunTime:0.006528s ]
[ 2012-01-04T20:53:48-05:00 ] SQL: SELECT ry_page.*, 
									 			ry_page_lang.page_lang_id AS tj_id, 
												ry_page_lang.page_id AS tjfk_page_id, 
												ry_page_lang.lang_code AS tj_lang_name, 
												ry_page_lang.lang_name AS tj_title,
												ry_page_lang.page_title AS tj_summary,
												ry_page_lang.page_summary AS tj_summary,
												ry_page_lang.page_content AS tj_content FROM `ry_page` LEFT JOIN ry_page_lang on ry_page.page_id = ry_page_lang.page_id  WHERE ( ry_page.page_id = '1' ) AND ( `lang_code` = 'zh-cn' ) LIMIT 1  [ RunTime:0.002118s ]
[ 2012-01-04T21:02:10-05:00 ] SQL: SHOW COLUMNS FROM `ry_products` [ RunTime:0.004047s ]
[ 2012-01-04T21:02:10-05:00 ] SQL: SHOW COLUMNS FROM `ry_products_cat` [ RunTime:0.003556s ]
[ 2012-01-04T21:02:10-05:00 ] SQL: SELECT * FROM `ry_products_cat` WHERE ( ry_products_cat.parent_id = '0' ) AND ( ry_products_cat.is_show = 1 ) [ RunTime:0.000756s ]
[ 2012-01-04T21:02:10-05:00 ] SQL: SELECT COUNT(*) AS tp_count FROM `ry_products` WHERE ( `cat_id` IN ('0','18','17','8','9','10','11','12','13','14','15','16','19','20','21','22','23','24','25','26','27','28','29','30','31','32','33','34','35','36','37','38','39','40','41','42','43','44','45','46','47','48','67') ) AND ( `type` = 1 ) LIMIT 1  [ RunTime:0.000608s ]
[ 2012-01-04T21:02:10-05:00 ] SQL: SELECT * FROM `ry_products` WHERE ( `cat_id` IN ('0','18','17','8','9','10','11','12','13','14','15','16','19','20','21','22','23','24','25','26','27','28','29','30','31','32','33','34','35','36','37','38','39','40','41','42','43','44','45','46','47','48','67') ) AND ( `type` = 1 ) LIMIT 0,25  [ RunTime:0.000601s ]
[ 2012-01-04T21:07:15-05:00 ] SQL: SHOW COLUMNS FROM `ry_products` [ RunTime:0.003844s ]
[ 2012-01-04T21:07:15-05:00 ] SQL: SHOW COLUMNS FROM `ry_products_cat` [ RunTime:0.003465s ]
[ 2012-01-04T21:07:15-05:00 ] SQL: SELECT * FROM `ry_products_cat` WHERE ( ry_products_cat.parent_id = '0' ) AND ( ry_products_cat.is_show = 1 ) [ RunTime:0.000699s ]
[ 2012-01-04T21:07:15-05:00 ] SQL: SELECT COUNT(*) AS tp_count FROM `ry_products` WHERE ( ry_products.cat_id IN ('0','18','17','8','9','10','11','12','13','14','15','16','19','20','21','22','23','24','25','26','27','28','29','30','31','32','33','34','35','36','37','38','39','40','41','42','43','44','45','46','47','48','67') ) AND ( ry_products_lang.lang_code = 'en-us' ) AND ( ry_products.type = 1 ) LIMIT 1  [ RunTime:0.000289s ]
[ 2012-01-04T21:07:15-05:00 ] SQL: SELECT ry_products.*, ry_products_lang.plid, ry_products_lang.lang_code, ry_products_lang.name AS lang_name, ry_products_lang.description AS lang_description FROM `ry_products` LEFT JOIN ry_products_lang on ry_products.pid = ry_products_lang.pid WHERE ( ry_products.cat_id IN ('0','18','17','8','9','10','11','12','13','14','15','16','19','20','21','22','23','24','25','26','27','28','29','30','31','32','33','34','35','36','37','38','39','40','41','42','43','44','45','46','47','48','67') ) AND ( ry_products_lang.lang_code = 'en-us' ) AND ( ry_products.type = 1 ) LIMIT 0,25  [ RunTime:0.000635s ]
[ 2012-01-04T21:07:27-05:00 ] SQL: SHOW COLUMNS FROM `ry_products` [ RunTime:0.004007s ]
[ 2012-01-04T21:07:27-05:00 ] SQL: SHOW COLUMNS FROM `ry_products_cat` [ RunTime:0.003840s ]
[ 2012-01-04T21:07:27-05:00 ] SQL: SELECT * FROM `ry_products_cat` WHERE ( ry_products_cat.parent_id = '0' ) AND ( ry_products_cat.is_show = 1 ) [ RunTime:0.000761s ]
[ 2012-01-04T21:07:27-05:00 ] SQL: SELECT COUNT(*) AS tp_count FROM `ry_products` WHERE ( ry_products.cat_id IN ('0','18','17','8','9','10','11','12','13','14','15','16','19','20','21','22','23','24','25','26','27','28','29','30','31','32','33','34','35','36','37','38','39','40','41','42','43','44','45','46','47','48','67') ) AND ( ry_products_lang.lang_code = 'zh-cn' ) AND ( ry_products.type = 1 ) LIMIT 1  [ RunTime:0.000269s ]
[ 2012-01-04T21:07:27-05:00 ] SQL: SELECT ry_products.*, ry_products_lang.plid, ry_products_lang.lang_code, ry_products_lang.name AS lang_name, ry_products_lang.description AS lang_description FROM `ry_products` LEFT JOIN ry_products_lang on ry_products.pid = ry_products_lang.pid WHERE ( ry_products.cat_id IN ('0','18','17','8','9','10','11','12','13','14','15','16','19','20','21','22','23','24','25','26','27','28','29','30','31','32','33','34','35','36','37','38','39','40','41','42','43','44','45','46','47','48','67') ) AND ( ry_products_lang.lang_code = 'zh-cn' ) AND ( ry_products.type = 1 ) LIMIT 0,25  [ RunTime:0.000634s ]
[ 2012-01-04T21:07:34-05:00 ] SQL: SHOW COLUMNS FROM `ry_products` [ RunTime:0.004121s ]
[ 2012-01-04T21:07:34-05:00 ] SQL: SHOW COLUMNS FROM `ry_products_cat` [ RunTime:0.003954s ]
[ 2012-01-04T21:07:34-05:00 ] SQL: SELECT * FROM `ry_products_cat` WHERE ( ry_products_cat.parent_id = '0' ) AND ( ry_products_cat.is_show = 1 ) [ RunTime:0.000717s ]
[ 2012-01-04T21:07:34-05:00 ] SQL: SELECT COUNT(*) AS tp_count FROM `ry_products` WHERE ( ry_products.cat_id IN ('0','18','17','8','9','10','11','12','13','14','15','16','19','20','21','22','23','24','25','26','27','28','29','30','31','32','33','34','35','36','37','38','39','40','41','42','43','44','45','46','47','48','67') ) AND ( ry_products_lang.lang_code = 'en-us' ) AND ( ry_products.type = 1 ) LIMIT 1  [ RunTime:0.000218s ]
[ 2012-01-04T21:07:34-05:00 ] SQL: SELECT ry_products.*, ry_products_lang.plid, ry_products_lang.lang_code, ry_products_lang.name AS lang_name, ry_products_lang.description AS lang_description FROM `ry_products` LEFT JOIN ry_products_lang on ry_products.pid = ry_products_lang.pid WHERE ( ry_products.cat_id IN ('0','18','17','8','9','10','11','12','13','14','15','16','19','20','21','22','23','24','25','26','27','28','29','30','31','32','33','34','35','36','37','38','39','40','41','42','43','44','45','46','47','48','67') ) AND ( ry_products_lang.lang_code = 'en-us' ) AND ( ry_products.type = 1 ) LIMIT 0,25  [ RunTime:0.000526s ]
[ 2012-01-04T21:08:53-05:00 ] SQL: SHOW COLUMNS FROM `ry_products` [ RunTime:0.004125s ]
[ 2012-01-04T21:08:53-05:00 ] SQL: SHOW COLUMNS FROM `ry_products_cat` [ RunTime:0.003595s ]
[ 2012-01-04T21:08:53-05:00 ] SQL: SELECT * FROM `ry_products_cat` WHERE ( ry_products_cat.parent_id = '0' ) AND ( ry_products_cat.is_show = 1 ) [ RunTime:0.000745s ]
[ 2012-01-04T21:08:53-05:00 ] SQL: SELECT COUNT(*) AS tp_count FROM `ry_products` LEFT JOIN ry_products_lang on ry_products.pid = ry_products_lang.pid WHERE ( ry_products.cat_id IN ('0','18','17','8','9','10','11','12','13','14','15','16','19','20','21','22','23','24','25','26','27','28','29','30','31','32','33','34','35','36','37','38','39','40','41','42','43','44','45','46','47','48','67') ) AND ( ry_products_lang.lang_code = 'en-us' ) AND ( ry_products.type = 1 ) LIMIT 1  [ RunTime:0.000583s ]
[ 2012-01-04T21:08:53-05:00 ] SQL: SELECT ry_products.*, ry_products_lang.plid, ry_products_lang.lang_code, ry_products_lang.name AS lang_name, ry_products_lang.description AS lang_description FROM `ry_products` LEFT JOIN ry_products_lang on ry_products.pid = ry_products_lang.pid WHERE ( ry_products.cat_id IN ('0','18','17','8','9','10','11','12','13','14','15','16','19','20','21','22','23','24','25','26','27','28','29','30','31','32','33','34','35','36','37','38','39','40','41','42','43','44','45','46','47','48','67') ) AND ( ry_products_lang.lang_code = 'en-us' ) AND ( ry_products.type = 1 ) LIMIT 0,25  [ RunTime:0.000594s ]
[ 2012-01-04T21:09:27-05:00 ] SQL: SHOW COLUMNS FROM `ry_products` [ RunTime:0.004082s ]
[ 2012-01-04T21:09:27-05:00 ] SQL: SHOW COLUMNS FROM `ry_products_cat` [ RunTime:0.003900s ]
[ 2012-01-04T21:09:27-05:00 ] SQL: SELECT * FROM `ry_products_cat` WHERE ( ry_products_cat.parent_id = '0' ) AND ( ry_products_cat.is_show = 1 ) [ RunTime:0.000744s ]
[ 2012-01-04T21:09:27-05:00 ] SQL: SELECT COUNT(*) AS tp_count FROM `ry_products` LEFT JOIN ry_products_lang on ry_products.pid = ry_products_lang.pid WHERE ( ry_products.cat_id IN ('0','18','17','8','9','10','11','12','13','14','15','16','19','20','21','22','23','24','25','26','27','28','29','30','31','32','33','34','35','36','37','38','39','40','41','42','43','44','45','46','47','48','67') ) AND ( ry_products_lang.lang_code = 'en-us' ) AND ( ry_products.type = 1 ) LIMIT 1  [ RunTime:0.000630s ]
[ 2012-01-04T21:09:27-05:00 ] SQL: SELECT ry_products.*, ry_products_lang.plid, ry_products_lang.lang_code, ry_products_lang.name AS lang_name, ry_products_lang.description AS lang_description FROM `ry_products` LEFT JOIN ry_products_lang on ry_products.pid = ry_products_lang.pid WHERE ( ry_products.cat_id IN ('0','18','17','8','9','10','11','12','13','14','15','16','19','20','21','22','23','24','25','26','27','28','29','30','31','32','33','34','35','36','37','38','39','40','41','42','43','44','45','46','47','48','67') ) AND ( ry_products_lang.lang_code = 'en-us' ) AND ( ry_products.type = 1 ) [ RunTime:0.000662s ]
[ 2012-01-04T21:10:42-05:00 ] SQL: SHOW COLUMNS FROM `ry_products` [ RunTime:0.004135s ]
[ 2012-01-04T21:10:42-05:00 ] SQL: SHOW COLUMNS FROM `ry_products_cat` [ RunTime:0.003819s ]
[ 2012-01-04T21:10:43-05:00 ] SQL: SELECT * FROM `ry_products_cat` WHERE ( ry_products_cat.parent_id = '0' ) AND ( ry_products_cat.is_show = 1 ) [ RunTime:0.000972s ]
[ 2012-01-04T21:10:43-05:00 ] SQL: SELECT COUNT(*) AS tp_count FROM `ry_products` LEFT JOIN ry_products_lang on ry_products.pid = ry_products_lang.pid WHERE ( ry_products.cat_id IN ('0','18','17','8','9','10','11','12','13','14','15','16','19','20','21','22','23','24','25','26','27','28','29','30','31','32','33','34','35','36','37','38','39','40','41','42','43','44','45','46','47','48','67') ) AND ( ry_products.type = 1 ) LIMIT 1  [ RunTime:0.000660s ]
[ 2012-01-04T21:10:43-05:00 ] SQL: SELECT ry_products.*, ry_products_lang.plid, ry_products_lang.lang_code, ry_products_lang.name AS lang_name, ry_products_lang.description AS lang_description FROM `ry_products` LEFT JOIN ry_products_lang on ry_products.pid = ry_products_lang.pid WHERE ( ry_products.cat_id IN ('0','18','17','8','9','10','11','12','13','14','15','16','19','20','21','22','23','24','25','26','27','28','29','30','31','32','33','34','35','36','37','38','39','40','41','42','43','44','45','46','47','48','67') ) AND ( ry_products.type = 1 ) LIMIT 0,25  [ RunTime:0.000768s ]
[ 2012-01-04T21:15:04-05:00 ] SQL: SHOW COLUMNS FROM `ry_products` [ RunTime:0.005232s ]
[ 2012-01-04T21:15:04-05:00 ] SQL: SHOW COLUMNS FROM `ry_products_cat` [ RunTime:0.004934s ]
[ 2012-01-04T21:15:04-05:00 ] SQL: SELECT * FROM `ry_products_cat` WHERE ( ry_products_cat.parent_id = '0' ) AND ( ry_products_cat.is_show = 1 ) [ RunTime:0.000843s ]
[ 2012-01-04T21:15:04-05:00 ] SQL: SELECT COUNT(*) AS tp_count FROM `ry_products` LEFT JOIN ry_products_lang ON ry_products.pid = ry_products_lang.pid AND ry_products_lang.lang_code=en-us WHERE ( ry_products.cat_id IN ('0','18','17','8','9','10','11','12','13','14','15','16','19','20','21','22','23','24','25','26','27','28','29','30','31','32','33','34','35','36','37','38','39','40','41','42','43','44','45','46','47','48','67') ) AND ( ry_products.type = 1 ) LIMIT 1  [ RunTime:0.024509s ]
[ 2012-01-04T21:15:04-05:00 ] SQL: SELECT ry_products.*, ry_products_lang.plid, ry_products_lang.lang_code, ry_products_lang.name AS lang_name, ry_products_lang.description AS lang_description FROM `ry_products` LEFT JOIN ry_products_lang on ry_products.pid = ry_products_lang.pid WHERE ( ry_products.cat_id IN ('0','18','17','8','9','10','11','12','13','14','15','16','19','20','21','22','23','24','25','26','27','28','29','30','31','32','33','34','35','36','37','38','39','40','41','42','43','44','45','46','47','48','67') ) AND ( ry_products.type = 1 ) LIMIT 0,25  [ RunTime:0.000960s ]
[ 2012-01-04T21:15:25-05:00 ] SQL: SHOW COLUMNS FROM `ry_products` [ RunTime:0.004035s ]
[ 2012-01-04T21:15:25-05:00 ] SQL: SHOW COLUMNS FROM `ry_products_cat` [ RunTime:0.003698s ]
[ 2012-01-04T21:15:25-05:00 ] SQL: SELECT * FROM `ry_products_cat` WHERE ( ry_products_cat.parent_id = '0' ) AND ( ry_products_cat.is_show = 1 ) [ RunTime:0.000767s ]
[ 2012-01-04T21:15:25-05:00 ] SQL: SELECT COUNT(*) AS tp_count FROM `ry_products` LEFT JOIN ry_products_lang ON ry_products.pid = ry_products_lang.pid AND ry_products_lang.lang_code=en-us WHERE ( ry_products.cat_id IN ('0','18','17','8','9','10','11','12','13','14','15','16','19','20','21','22','23','24','25','26','27','28','29','30','31','32','33','34','35','36','37','38','39','40','41','42','43','44','45','46','47','48','67') ) AND ( ry_products.type = 1 ) LIMIT 1  [ RunTime:0.000348s ]
[ 2012-01-04T21:15:25-05:00 ] SQL: SELECT ry_products.*, ry_products_lang.plid, ry_products_lang.lang_code, ry_products_lang.name AS lang_name, ry_products_lang.description AS lang_description FROM `ry_products` LEFT JOIN ry_products_lang on ry_products.pid = ry_products_lang.pid WHERE ( ry_products.cat_id IN ('0','18','17','8','9','10','11','12','13','14','15','16','19','20','21','22','23','24','25','26','27','28','29','30','31','32','33','34','35','36','37','38','39','40','41','42','43','44','45','46','47','48','67') ) AND ( ry_products.type = 1 ) LIMIT 0,25  [ RunTime:0.000721s ]
[ 2012-01-04T21:19:55-05:00 ] SQL: SHOW COLUMNS FROM `ry_products` [ RunTime:0.004209s ]
[ 2012-01-04T21:19:55-05:00 ] SQL: SHOW COLUMNS FROM `ry_products_cat` [ RunTime:0.003786s ]
[ 2012-01-04T21:19:55-05:00 ] SQL: SELECT * FROM `ry_products_cat` WHERE ( ry_products_cat.parent_id = '0' ) AND ( ry_products_cat.is_show = 1 ) [ RunTime:0.000699s ]
[ 2012-01-04T21:19:55-05:00 ] SQL: SELECT COUNT(*) AS tp_count FROM `ry_products` LEFT JOIN ry_products_lang ON ry_products.pid = ry_products_lang.pid AND ry_products_lang.lang_code=en-us WHERE ( ry_products.cat_id IN ('0','18','17','8','9','10','11','12','13','14','15','16','19','20','21','22','23','24','25','26','27','28','29','30','31','32','33','34','35','36','37','38','39','40','41','42','43','44','45','46','47','48','67') ) AND ( ry_products.type = 1 ) LIMIT 1  [ RunTime:0.000294s ]
[ 2012-01-04T21:19:55-05:00 ] SQL: SELECT ry_products.*, ry_products_lang.plid, ry_products_lang.lang_code, ry_products_lang.name AS lang_name, ry_products_lang.description AS lang_description FROM `ry_products` LEFT JOIN ry_products_lang on ry_products.pid = ry_products_lang.pid WHERE ( ry_products.cat_id IN ('0','18','17','8','9','10','11','12','13','14','15','16','19','20','21','22','23','24','25','26','27','28','29','30','31','32','33','34','35','36','37','38','39','40','41','42','43','44','45','46','47','48','67') ) AND ( ry_products.type = 1 ) LIMIT 0,25  [ RunTime:0.000723s ]
[ 2012-01-04T21:20:10-05:00 ] SQL: SHOW COLUMNS FROM `ry_products` [ RunTime:0.004112s ]
[ 2012-01-04T21:20:10-05:00 ] SQL: SHOW COLUMNS FROM `ry_products_cat` [ RunTime:0.003734s ]
[ 2012-01-04T21:20:10-05:00 ] SQL: SELECT * FROM `ry_products_cat` WHERE ( ry_products_cat.parent_id = '0' ) AND ( ry_products_cat.is_show = 1 ) [ RunTime:0.000747s ]
[ 2012-01-04T21:20:10-05:00 ] SQL: SELECT COUNT(*) AS tp_count FROM `ry_products` LEFT JOIN ry_products_lang ON ry_products.pid = ry_products_lang.pid AND ry_products_lang.lang_code=en-us\ WHERE ( ry_products.cat_id IN ('0','18','17','8','9','10','11','12','13','14','15','16','19','20','21','22','23','24','25','26','27','28','29','30','31','32','33','34','35','36','37','38','39','40','41','42','43','44','45','46','47','48','67') ) AND ( ry_products.type = 1 ) LIMIT 1  [ RunTime:0.000177s ]
[ 2012-01-04T21:20:10-05:00 ] SQL: SELECT ry_products.*, ry_products_lang.plid, ry_products_lang.lang_code, ry_products_lang.name AS lang_name, ry_products_lang.description AS lang_description FROM `ry_products` LEFT JOIN ry_products_lang on ry_products.pid = ry_products_lang.pid WHERE ( ry_products.cat_id IN ('0','18','17','8','9','10','11','12','13','14','15','16','19','20','21','22','23','24','25','26','27','28','29','30','31','32','33','34','35','36','37','38','39','40','41','42','43','44','45','46','47','48','67') ) AND ( ry_products.type = 1 ) LIMIT 0,25  [ RunTime:0.000730s ]
[ 2012-01-04T21:20:10-05:00 ] NOTIC: [8] Undefined index: en-us\ 47fffc74fd18721d6e2cb32f43ee1c3d.php 第 31 行.
[ 2012-01-04T21:20:22-05:00 ] SQL: SHOW COLUMNS FROM `ry_products` [ RunTime:0.004097s ]
[ 2012-01-04T21:20:22-05:00 ] SQL: SHOW COLUMNS FROM `ry_products_cat` [ RunTime:0.003797s ]
[ 2012-01-04T21:20:22-05:00 ] SQL: SELECT * FROM `ry_products_cat` WHERE ( ry_products_cat.parent_id = '0' ) AND ( ry_products_cat.is_show = 1 ) [ RunTime:0.000693s ]
[ 2012-01-04T21:20:22-05:00 ] SQL: SELECT COUNT(*) AS tp_count FROM `ry_products` LEFT JOIN ry_products_lang ON ry_products.pid = ry_products_lang.pid AND ry_products_lang.lang_code=zh-cn WHERE ( ry_products.cat_id IN ('0','18','17','8','9','10','11','12','13','14','15','16','19','20','21','22','23','24','25','26','27','28','29','30','31','32','33','34','35','36','37','38','39','40','41','42','43','44','45','46','47','48','67') ) AND ( ry_products.type = 1 ) LIMIT 1  [ RunTime:0.000321s ]
[ 2012-01-04T21:20:22-05:00 ] SQL: SELECT ry_products.*, ry_products_lang.plid, ry_products_lang.lang_code, ry_products_lang.name AS lang_name, ry_products_lang.description AS lang_description FROM `ry_products` LEFT JOIN ry_products_lang on ry_products.pid = ry_products_lang.pid WHERE ( ry_products.cat_id IN ('0','18','17','8','9','10','11','12','13','14','15','16','19','20','21','22','23','24','25','26','27','28','29','30','31','32','33','34','35','36','37','38','39','40','41','42','43','44','45','46','47','48','67') ) AND ( ry_products.type = 1 ) LIMIT 0,25  [ RunTime:0.000840s ]
[ 2012-01-04T21:22:36-05:00 ] SQL: SHOW COLUMNS FROM `ry_products` [ RunTime:0.004291s ]
[ 2012-01-04T21:22:36-05:00 ] SQL: SHOW COLUMNS FROM `ry_products_cat` [ RunTime:0.003713s ]
[ 2012-01-04T21:22:36-05:00 ] SQL: SELECT * FROM `ry_products_cat` WHERE ( ry_products_cat.parent_id = '0' ) AND ( ry_products_cat.is_show = 1 ) [ RunTime:0.000738s ]
[ 2012-01-04T21:22:36-05:00 ] SQL: SELECT COUNT(*) AS tp_count FROM `ry_products` LEFT JOIN ry_products_lang ON ry_products.pid = ry_products_lang.pid AND ry_products_lang.lang_code=zh-cn WHERE ( ry_products.cat_id IN ('0','18','17','8','9','10','11','12','13','14','15','16','19','20','21','22','23','24','25','26','27','28','29','30','31','32','33','34','35','36','37','38','39','40','41','42','43','44','45','46','47','48','67') ) AND ( ry_products.type = 1 ) LIMIT 1  [ RunTime:0.000280s ]
[ 2012-01-04T21:22:36-05:00 ] SQL: SELECT ry_products.*, ry_products_lang.plid, ry_products_lang.lang_code, ry_products_lang.name AS lang_name, ry_products_lang.description AS lang_description FROM `ry_products` LEFT JOIN ry_products_lang ON ry_products.pid = ry_products_lang.pid AND ry_products_lang.lang_code=zh-cn WHERE ( ry_products.cat_id IN ('0','18','17','8','9','10','11','12','13','14','15','16','19','20','21','22','23','24','25','26','27','28','29','30','31','32','33','34','35','36','37','38','39','40','41','42','43','44','45','46','47','48','67') ) AND ( ry_products.type = 1 ) LIMIT 0,25  [ RunTime:0.000251s ]
[ 2012-01-04T21:23:09-05:00 ] SQL: SHOW COLUMNS FROM `ry_products` [ RunTime:0.004334s ]
[ 2012-01-04T21:23:09-05:00 ] SQL: SHOW COLUMNS FROM `ry_products_cat` [ RunTime:0.003854s ]
[ 2012-01-04T21:23:09-05:00 ] SQL: SELECT * FROM `ry_products_cat` WHERE ( ry_products_cat.parent_id = '0' ) AND ( ry_products_cat.is_show = 1 ) [ RunTime:0.000694s ]
[ 2012-01-04T21:23:09-05:00 ] SQL: SELECT COUNT(*) AS tp_count FROM `ry_products` LEFT JOIN ry_products_lang ON ry_products.pid = ry_products_lang.pid AND ry_products_lang.lang_code='zh-cn' WHERE ( ry_products.cat_id IN ('0','18','17','8','9','10','11','12','13','14','15','16','19','20','21','22','23','24','25','26','27','28','29','30','31','32','33','34','35','36','37','38','39','40','41','42','43','44','45','46','47','48','67') ) AND ( ry_products.type = 1 ) LIMIT 1  [ RunTime:0.000678s ]
[ 2012-01-04T21:23:09-05:00 ] SQL: SELECT ry_products.*, ry_products_lang.plid, ry_products_lang.lang_code, ry_products_lang.name AS lang_name, ry_products_lang.description AS lang_description FROM `ry_products` LEFT JOIN ry_products_lang ON ry_products.pid = ry_products_lang.pid AND ry_products_lang.lang_code='zh-cn' WHERE ( ry_products.cat_id IN ('0','18','17','8','9','10','11','12','13','14','15','16','19','20','21','22','23','24','25','26','27','28','29','30','31','32','33','34','35','36','37','38','39','40','41','42','43','44','45','46','47','48','67') ) AND ( ry_products.type = 1 ) LIMIT 0,25  [ RunTime:0.000775s ]
[ 2012-01-04T21:23:18-05:00 ] SQL: SHOW COLUMNS FROM `ry_products` [ RunTime:0.004474s ]
[ 2012-01-04T21:23:18-05:00 ] SQL: SHOW COLUMNS FROM `ry_products_cat` [ RunTime:0.003825s ]
[ 2012-01-04T21:23:18-05:00 ] SQL: SELECT * FROM `ry_products_cat` WHERE ( ry_products_cat.parent_id = '0' ) AND ( ry_products_cat.is_show = 1 ) [ RunTime:0.000812s ]
[ 2012-01-04T21:23:18-05:00 ] SQL: SELECT COUNT(*) AS tp_count FROM `ry_products` LEFT JOIN ry_products_lang ON ry_products.pid = ry_products_lang.pid AND ry_products_lang.lang_code='en-us' WHERE ( ry_products.cat_id IN ('0','18','17','8','9','10','11','12','13','14','15','16','19','20','21','22','23','24','25','26','27','28','29','30','31','32','33','34','35','36','37','38','39','40','41','42','43','44','45','46','47','48','67') ) AND ( ry_products.type = 1 ) LIMIT 1  [ RunTime:0.000597s ]
[ 2012-01-04T21:23:18-05:00 ] SQL: SELECT ry_products.*, ry_products_lang.plid, ry_products_lang.lang_code, ry_products_lang.name AS lang_name, ry_products_lang.description AS lang_description FROM `ry_products` LEFT JOIN ry_products_lang ON ry_products.pid = ry_products_lang.pid AND ry_products_lang.lang_code='en-us' WHERE ( ry_products.cat_id IN ('0','18','17','8','9','10','11','12','13','14','15','16','19','20','21','22','23','24','25','26','27','28','29','30','31','32','33','34','35','36','37','38','39','40','41','42','43','44','45','46','47','48','67') ) AND ( ry_products.type = 1 ) LIMIT 0,25  [ RunTime:0.000668s ]
[ 2012-01-04T21:23:26-05:00 ] SQL: SHOW COLUMNS FROM `ry_products` [ RunTime:0.004194s ]
[ 2012-01-04T21:23:26-05:00 ] SQL: SHOW COLUMNS FROM `ry_products_cat` [ RunTime:0.003742s ]
[ 2012-01-04T21:23:26-05:00 ] SQL: SELECT * FROM `ry_products_cat` WHERE ( ry_products_cat.parent_id = '0' ) AND ( ry_products_cat.is_show = 1 ) [ RunTime:0.000704s ]
[ 2012-01-04T21:23:26-05:00 ] SQL: SELECT COUNT(*) AS tp_count FROM `ry_products` LEFT JOIN ry_products_lang ON ry_products.pid = ry_products_lang.pid AND ry_products_lang.lang_code='zh-cn' WHERE ( ry_products.cat_id IN ('0','18','17','8','9','10','11','12','13','14','15','16','19','20','21','22','23','24','25','26','27','28','29','30','31','32','33','34','35','36','37','38','39','40','41','42','43','44','45','46','47','48','67') ) AND ( ry_products.type = 1 ) LIMIT 1  [ RunTime:0.000581s ]
[ 2012-01-04T21:23:26-05:00 ] SQL: SELECT ry_products.*, ry_products_lang.plid, ry_products_lang.lang_code, ry_products_lang.name AS lang_name, ry_products_lang.description AS lang_description FROM `ry_products` LEFT JOIN ry_products_lang ON ry_products.pid = ry_products_lang.pid AND ry_products_lang.lang_code='zh-cn' WHERE ( ry_products.cat_id IN ('0','18','17','8','9','10','11','12','13','14','15','16','19','20','21','22','23','24','25','26','27','28','29','30','31','32','33','34','35','36','37','38','39','40','41','42','43','44','45','46','47','48','67') ) AND ( ry_products.type = 1 ) LIMIT 0,25  [ RunTime:0.000684s ]
[ 2012-01-04T21:24:00-05:00 ] SQL: SHOW COLUMNS FROM `ry_products` [ RunTime:0.004186s ]
[ 2012-01-04T21:24:00-05:00 ] SQL: SHOW COLUMNS FROM `ry_products_cat` [ RunTime:0.003890s ]
[ 2012-01-04T21:24:00-05:00 ] SQL: SELECT * FROM `ry_products_cat` WHERE ( ry_products_cat.parent_id = '0' ) AND ( ry_products_cat.is_show = 1 ) [ RunTime:0.000819s ]
[ 2012-01-04T21:24:00-05:00 ] SQL: SELECT COUNT(*) AS tp_count FROM `ry_products` LEFT JOIN ry_products_lang ON ry_products.pid = ry_products_lang.pid AND ry_products_lang.lang_code='zh-cn' WHERE ( ry_products.cat_id IN ('0','18','17','8','9','10','11','12','13','14','15','16','19','20','21','22','23','24','25','26','27','28','29','30','31','32','33','34','35','36','37','38','39','40','41','42','43','44','45','46','47','48','67') ) AND ( ry_products.type = 1 ) LIMIT 1  [ RunTime:0.000659s ]
[ 2012-01-04T21:24:00-05:00 ] SQL: SELECT ry_products.*, ry_products_lang.plid, ry_products_lang.lang_code, ry_products_lang.name AS lang_name, ry_products_lang.description AS lang_description FROM `ry_products` LEFT JOIN ry_products_lang ON ry_products.pid = ry_products_lang.pid AND ry_products_lang.lang_code='zh-cn' WHERE ( ry_products.cat_id IN ('0','18','17','8','9','10','11','12','13','14','15','16','19','20','21','22','23','24','25','26','27','28','29','30','31','32','33','34','35','36','37','38','39','40','41','42','43','44','45','46','47','48','67') ) AND ( ry_products.type = 1 ) LIMIT 0,25  [ RunTime:0.000710s ]
[ 2012-01-04T21:24:30-05:00 ] SQL: SHOW COLUMNS FROM `ry_products` [ RunTime:0.004420s ]
[ 2012-01-04T21:24:30-05:00 ] SQL: SHOW COLUMNS FROM `ry_products_cat` [ RunTime:0.003831s ]
[ 2012-01-04T21:24:30-05:00 ] SQL: SELECT * FROM `ry_products_cat` WHERE ( ry_products_cat.parent_id = '0' ) AND ( ry_products_cat.is_show = 1 ) [ RunTime:0.000757s ]
[ 2012-01-04T21:24:30-05:00 ] SQL: SELECT COUNT(*) AS tp_count FROM `ry_products` LEFT JOIN ry_products_lang ON ry_products.pid = ry_products_lang.pid AND ry_products_lang.lang_code='zh-cn' WHERE ( ry_products.cat_id IN ('0','18','17','8','9','10','11','12','13','14','15','16','19','20','21','22','23','24','25','26','27','28','29','30','31','32','33','34','35','36','37','38','39','40','41','42','43','44','45','46','47','48','67') ) AND ( ry_products.type = 1 ) LIMIT 1  [ RunTime:0.000624s ]
[ 2012-01-04T21:24:30-05:00 ] SQL: SELECT ry_products.*, ry_products_lang.plid, ry_products_lang.lang_code, ry_products_lang.name AS lang_name, ry_products_lang.description AS lang_description FROM `ry_products` LEFT JOIN ry_products_lang ON ry_products.pid = ry_products_lang.pid AND ry_products_lang.lang_code='zh-cn' WHERE ( ry_products.cat_id IN ('0','18','17','8','9','10','11','12','13','14','15','16','19','20','21','22','23','24','25','26','27','28','29','30','31','32','33','34','35','36','37','38','39','40','41','42','43','44','45','46','47','48','67') ) AND ( ry_products.type = 1 ) LIMIT 0,25  [ RunTime:0.000687s ]
[ 2012-01-04T21:24:37-05:00 ] SQL: SHOW COLUMNS FROM `ry_products` [ RunTime:0.004324s ]
[ 2012-01-04T21:24:37-05:00 ] SQL: SHOW COLUMNS FROM `ry_products_cat` [ RunTime:0.003869s ]
[ 2012-01-04T21:24:37-05:00 ] SQL: SELECT * FROM `ry_products_cat` WHERE ( ry_products_cat.parent_id = '0' ) AND ( ry_products_cat.is_show = 1 ) [ RunTime:0.000761s ]
[ 2012-01-04T21:24:37-05:00 ] SQL: SELECT COUNT(*) AS tp_count FROM `ry_products` LEFT JOIN ry_products_lang ON ry_products.pid = ry_products_lang.pid AND ry_products_lang.lang_code='en-us' WHERE ( ry_products.cat_id IN ('0','18','17','8','9','10','11','12','13','14','15','16','19','20','21','22','23','24','25','26','27','28','29','30','31','32','33','34','35','36','37','38','39','40','41','42','43','44','45','46','47','48','67') ) AND ( ry_products.type = 1 ) LIMIT 1  [ RunTime:0.000692s ]
[ 2012-01-04T21:24:37-05:00 ] SQL: SELECT ry_products.*, ry_products_lang.plid, ry_products_lang.lang_code, ry_products_lang.name AS lang_name, ry_products_lang.description AS lang_description FROM `ry_products` LEFT JOIN ry_products_lang ON ry_products.pid = ry_products_lang.pid AND ry_products_lang.lang_code='en-us' WHERE ( ry_products.cat_id IN ('0','18','17','8','9','10','11','12','13','14','15','16','19','20','21','22','23','24','25','26','27','28','29','30','31','32','33','34','35','36','37','38','39','40','41','42','43','44','45','46','47','48','67') ) AND ( ry_products.type = 1 ) LIMIT 0,25  [ RunTime:0.000789s ]
[ 2012-01-04T21:25:04-05:00 ] SQL: SHOW COLUMNS FROM `ry_products` [ RunTime:0.004261s ]
[ 2012-01-04T21:25:04-05:00 ] SQL: SHOW COLUMNS FROM `ry_products_cat` [ RunTime:0.003888s ]
[ 2012-01-04T21:25:04-05:00 ] SQL: SELECT * FROM `ry_products_cat` WHERE ( ry_products_cat.parent_id = '0' ) AND ( ry_products_cat.is_show = 1 ) [ RunTime:0.000779s ]
[ 2012-01-04T21:25:04-05:00 ] SQL: SELECT COUNT(*) AS tp_count FROM `ry_products` LEFT JOIN ry_products_lang ON ry_products.pid = ry_products_lang.pid AND ry_products_lang.lang_code='en-us' WHERE ( ry_products.cat_id IN ('0','18','17','8','9','10','11','12','13','14','15','16','19','20','21','22','23','24','25','26','27','28','29','30','31','32','33','34','35','36','37','38','39','40','41','42','43','44','45','46','47','48','67') ) AND ( ry_products.type = 1 ) LIMIT 1  [ RunTime:0.000583s ]
[ 2012-01-04T21:25:04-05:00 ] SQL: SELECT ry_products.*, ry_products_lang.plid, ry_products_lang.lang_code, ry_products_lang.name AS lang_name, ry_products_lang.description AS lang_description FROM `ry_products` LEFT JOIN ry_products_lang ON ry_products.pid = ry_products_lang.pid AND ry_products_lang.lang_code='en-us' WHERE ( ry_products.cat_id IN ('0','18','17','8','9','10','11','12','13','14','15','16','19','20','21','22','23','24','25','26','27','28','29','30','31','32','33','34','35','36','37','38','39','40','41','42','43','44','45','46','47','48','67') ) AND ( ry_products.type = 1 ) LIMIT 0,25  [ RunTime:0.000691s ]
