[ 2012-01-02T15:00:15-05:00 ] SQL: SHOW COLUMNS FROM `ry_page` [ RunTime:0.003750s ]
[ 2012-01-02T15:00:15-05:00 ] SQL: SELECT tb_page.*, ry_page_lang.page_lang_id FROM `ry_page` LEFT JOIN tb_page_lang on (ry_page.page_id = ry_page_lang.page_id)  WHERE ( `page_id` = '1' ) LIMIT 1  [ RunTime:0.000391s ]
[ 2012-01-02T15:00:16-05:00 ] NOTIC: [8] Undefined index: zh-cn f1168e1a70762ad5ec3a227d9624f41f.php 第 31 行.
[ 2012-01-02T15:00:32-05:00 ] SQL: SHOW COLUMNS FROM `ry_page` [ RunTime:0.003668s ]
[ 2012-01-02T15:00:32-05:00 ] SQL: SELECT tb_page.*, ry_page_lang.page_lang_id FROM `ry_page` LEFT JOIN tb_page_lang on (ry_page.page_id = ry_page_lang.page_id)  WHERE ( `page_id` = '1' ) LIMIT 1  [ RunTime:0.000385s ]
[ 2012-01-02T15:00:32-05:00 ] NOTIC: [8] Undefined index: zh-cn f1168e1a70762ad5ec3a227d9624f41f.php 第 31 行.
[ 2012-01-02T15:00:33-05:00 ] SQL: SHOW COLUMNS FROM `ry_page` [ RunTime:0.003666s ]
[ 2012-01-02T15:00:33-05:00 ] SQL: SELECT tb_page.*, ry_page_lang.page_lang_id FROM `ry_page` LEFT JOIN tb_page_lang on (ry_page.page_id = ry_page_lang.page_id)  WHERE ( `page_id` = '1' ) LIMIT 1  [ RunTime:0.000396s ]
[ 2012-01-02T15:00:33-05:00 ] NOTIC: [8] Undefined index: zh-cn f1168e1a70762ad5ec3a227d9624f41f.php 第 31 行.
[ 2012-01-02T15:00:50-05:00 ] SQL: SHOW COLUMNS FROM `ry_page` [ RunTime:0.003793s ]
[ 2012-01-02T15:00:51-05:00 ] NOTIC: [8] Undefined index: zh-cn f1168e1a70762ad5ec3a227d9624f41f.php 第 31 行.
[ 2012-01-02T15:00:51-05:00 ] NOTIC: [8] Undefined index: tb_page f1168e1a70762ad5ec3a227d9624f41f.php 第 78 行.
[ 2012-01-02T15:00:51-05:00 ] NOTIC: [8] Undefined index: tb_page f1168e1a70762ad5ec3a227d9624f41f.php 第 80 行.
[ 2012-01-02T15:00:56-05:00 ] SQL: SHOW COLUMNS FROM `ry_page` [ RunTime:0.004197s ]
[ 2012-01-02T15:00:56-05:00 ] SQL: SELECT tb_page.*, ry_page_lang.page_lang_id FROM `ry_page` LEFT JOIN tb_page_lang on (ry_page.page_id = ry_page_lang.page_id)  WHERE ( `page_id` = '1' ) LIMIT 1  [ RunTime:0.000454s ]
[ 2012-01-02T15:00:56-05:00 ] NOTIC: [8] Undefined index: zh-cn f1168e1a70762ad5ec3a227d9624f41f.php 第 31 行.
[ 2012-01-02T15:01:23-05:00 ] SQL: SHOW COLUMNS FROM `ry_page` [ RunTime:0.003781s ]
[ 2012-01-02T15:01:23-05:00 ] SQL: SELECT tb_page.*, ry_page_lang.page_lang_id FROM `ry_page` LEFT JOIN ry_page_lang on (ry_page.page_id = ry_page_lang.page_id)  WHERE ( `page_id` = '1' ) LIMIT 1  [ RunTime:0.000345s ]
[ 2012-01-02T15:01:23-05:00 ] NOTIC: [8] Undefined index: zh-cn f1168e1a70762ad5ec3a227d9624f41f.php 第 31 行.
[ 2012-01-02T15:01:25-05:00 ] SQL: SHOW COLUMNS FROM `ry_page` [ RunTime:0.004023s ]
[ 2012-01-02T15:01:25-05:00 ] SQL: SELECT tb_page.*, ry_page_lang.page_lang_id FROM `ry_page` LEFT JOIN ry_page_lang on (ry_page.page_id = ry_page_lang.page_id)  WHERE ( `page_id` = '1' ) LIMIT 1  [ RunTime:0.000220s ]
[ 2012-01-02T15:01:25-05:00 ] NOTIC: [8] Undefined index: zh-cn f1168e1a70762ad5ec3a227d9624f41f.php 第 31 行.
[ 2012-01-02T15:01:59-05:00 ] SQL: SHOW COLUMNS FROM `ry_page` [ RunTime:0.004019s ]
[ 2012-01-02T15:01:59-05:00 ] SQL: SELECT tb_page.* FROM `ry_page` LEFT JOIN ry_page_lang on (ry_page.page_id = ry_page_lang.page_id)  WHERE ( `page_id` = '1' ) LIMIT 1  [ RunTime:0.000250s ]
[ 2012-01-02T15:01:59-05:00 ] NOTIC: [8] Undefined index: zh-cn f1168e1a70762ad5ec3a227d9624f41f.php 第 31 行.
[ 2012-01-02T15:02:17-05:00 ] SQL: SHOW COLUMNS FROM `ry_page` [ RunTime:0.003853s ]
[ 2012-01-02T15:02:17-05:00 ] SQL: SELECT tb_page.*, ry_page_lang.* FROM `ry_page` LEFT JOIN ry_page_lang ON(ry_page.page_id = ry_page_lang.page_id)  WHERE ( `page_id` = '1' ) LIMIT 1  [ RunTime:0.000230s ]
[ 2012-01-02T15:02:17-05:00 ] NOTIC: [8] Undefined index: zh-cn f1168e1a70762ad5ec3a227d9624f41f.php 第 31 行.
[ 2012-01-02T15:02:20-05:00 ] SQL: SHOW COLUMNS FROM `ry_page` [ RunTime:0.003930s ]
[ 2012-01-02T15:02:20-05:00 ] SQL: SELECT tb_page.*, ry_page_lang.* FROM `ry_page` LEFT JOIN ry_page_lang ON(ry_page.page_id = ry_page_lang.page_id)  WHERE ( `page_id` = '1' ) LIMIT 1  [ RunTime:0.000252s ]
[ 2012-01-02T15:02:20-05:00 ] NOTIC: [8] Undefined index: zh-cn f1168e1a70762ad5ec3a227d9624f41f.php 第 31 行.
[ 2012-01-02T15:23:36-05:00 ] SQL: SHOW COLUMNS FROM `ry_page` [ RunTime:0.004273s ]
[ 2012-01-02T15:23:36-05:00 ] SQL: SELECT * FROM `ry_page` WHERE ( `page_id` = '1' ) LIMIT 1  [ RunTime:0.000395s ]
[ 2012-01-02T15:23:36-05:00 ] NOTIC: [8] Undefined index: zh-cn f1168e1a70762ad5ec3a227d9624f41f.php 第 31 行.
[ 2012-01-02T15:23:49-05:00 ] SQL: SHOW COLUMNS FROM `ry_page` [ RunTime:0.003957s ]
[ 2012-01-02T15:23:49-05:00 ] SQL: SELECT ry_page.*, ry_page_lang.* FROM `ry_page` LEFT JOIN ry_page_lang ON(ry_page.page_id = ry_page_lang.page_id)  WHERE ( `page_id` = '1' ) LIMIT 1  [ RunTime:0.000220s ]
[ 2012-01-02T15:23:49-05:00 ] NOTIC: [8] Undefined index: zh-cn f1168e1a70762ad5ec3a227d9624f41f.php 第 31 行.
[ 2012-01-02T15:24:19-05:00 ] SQL: SHOW COLUMNS FROM `ry_page` [ RunTime:0.003726s ]
[ 2012-01-02T15:24:19-05:00 ] SQL: SELECT * FROM `ry_page` LEFT JOIN ry_page_lang ON(ry_page.page_id = ry_page_lang.page_id)  WHERE ( `page_id` = '1' ) LIMIT 1  [ RunTime:0.000215s ]
[ 2012-01-02T15:24:19-05:00 ] NOTIC: [8] Undefined index: zh-cn f1168e1a70762ad5ec3a227d9624f41f.php 第 31 行.
[ 2012-01-02T15:24:29-05:00 ] SQL: SHOW COLUMNS FROM `ry_page` [ RunTime:0.003882s ]
[ 2012-01-02T15:24:29-05:00 ] SQL: SELECT ry_page.*, ry_page_lang.* FROM `ry_page` LEFT JOIN ry_page_lang   WHERE ( `page_id` = '1' ) LIMIT 1  [ RunTime:0.000195s ]
[ 2012-01-02T15:24:29-05:00 ] NOTIC: [8] Undefined index: zh-cn f1168e1a70762ad5ec3a227d9624f41f.php 第 31 行.
[ 2012-01-02T15:26:16-05:00 ] SQL: SHOW COLUMNS FROM `ry_page` [ RunTime:0.004015s ]
[ 2012-01-02T15:26:16-05:00 ] SQL: SELECT ry_page.*, ry_page_lang.* FROM `ry_page` LEFT JOIN ry_page_lang ON(ry_page.page_id = ry_page_lang.page_id)  WHERE ( `page_id` = '1' ) LIMIT 1  [ RunTime:0.000328s ]
[ 2012-01-02T15:26:16-05:00 ] NOTIC: [8] Undefined index: zh-cn f1168e1a70762ad5ec3a227d9624f41f.php 第 31 行.
[ 2012-01-02T15:26:18-05:00 ] SQL: SHOW COLUMNS FROM `ry_page` [ RunTime:0.003902s ]
[ 2012-01-02T15:26:18-05:00 ] SQL: SELECT ry_page.*, ry_page_lang.* FROM `ry_page` LEFT JOIN ry_page_lang ON(ry_page.page_id = ry_page_lang.page_id)  WHERE ( `page_id` = '1' ) LIMIT 1  [ RunTime:0.000237s ]
[ 2012-01-02T15:26:18-05:00 ] NOTIC: [8] Undefined index: zh-cn f1168e1a70762ad5ec3a227d9624f41f.php 第 31 行.
[ 2012-01-02T15:26:40-05:00 ] SQL: SHOW COLUMNS FROM `ry_page` [ RunTime:0.003691s ]
[ 2012-01-02T15:26:40-05:00 ] SQL: SELECT ry_page.*, ry_page_lang.* FROM `ry_page` LEFT JOIN ry_page_lang on ry_page.page_id = ry_page_lang.page_id  WHERE ( `page_id` = '1' ) LIMIT 1  [ RunTime:0.000214s ]
[ 2012-01-02T15:26:41-05:00 ] NOTIC: [8] Undefined index: zh-cn f1168e1a70762ad5ec3a227d9624f41f.php 第 31 行.
[ 2012-01-02T15:26:43-05:00 ] SQL: SHOW COLUMNS FROM `ry_page` [ RunTime:0.003663s ]
[ 2012-01-02T15:26:43-05:00 ] SQL: SELECT ry_page.*, ry_page_lang.* FROM `ry_page` LEFT JOIN ry_page_lang on ry_page.page_id = ry_page_lang.page_id  WHERE ( `page_id` = '1' ) LIMIT 1  [ RunTime:0.000233s ]
[ 2012-01-02T15:26:43-05:00 ] NOTIC: [8] Undefined index: zh-cn f1168e1a70762ad5ec3a227d9624f41f.php 第 31 行.
[ 2012-01-02T15:26:58-05:00 ] SQL: SHOW COLUMNS FROM `ry_page` [ RunTime:0.003862s ]
[ 2012-01-02T15:26:58-05:00 ] SQL: SELECT ry_page.*, ry_page_lang.page_lang_id FROM `ry_page` LEFT JOIN ry_page_lang on ry_page.page_id = ry_page_lang.page_id  WHERE ( `page_id` = '1' ) LIMIT 1  [ RunTime:0.000281s ]
[ 2012-01-02T15:26:58-05:00 ] NOTIC: [8] Undefined index: zh-cn f1168e1a70762ad5ec3a227d9624f41f.php 第 31 行.
[ 2012-01-02T15:27:38-05:00 ] SQL: SHOW COLUMNS FROM `ry_page` [ RunTime:0.005012s ]
[ 2012-01-02T15:27:38-05:00 ] SQL: SELECT ry_page.* FROM `ry_page` LEFT JOIN ry_page_lang on ry_page.page_id = ry_page_lang.page_id  WHERE ( `page_id` = '1' ) LIMIT 1  [ RunTime:0.001506s ]
[ 2012-01-02T15:27:38-05:00 ] NOTIC: [8] Undefined index: zh-cn f1168e1a70762ad5ec3a227d9624f41f.php 第 31 行.
[ 2012-01-02T15:28:43-05:00 ] SQL: SHOW COLUMNS FROM `ry_page` [ RunTime:0.003744s ]
[ 2012-01-02T15:28:43-05:00 ] SQL: SELECT * FROM `ry_page` WHERE ( `page_id` = '1' ) LIMIT 1  [ RunTime:0.000335s ]
[ 2012-01-02T15:28:43-05:00 ] NOTIC: [8] Undefined index: zh-cn f1168e1a70762ad5ec3a227d9624f41f.php 第 31 行.
[ 2012-01-02T15:32:03-05:00 ] SQL: SHOW COLUMNS FROM `ry_page` [ RunTime:0.003930s ]
[ 2012-01-02T15:32:03-05:00 ] SQL: SELECT ry_page.*, ry_page_lang.page_lang_id FROM `ry_page` LEFT JOIN ry_page_lang on ry_page.page_id = ry_page_lang.page_id  WHERE ( `page_id` = '1' ) LIMIT 1  [ RunTime:0.000232s ]
[ 2012-01-02T15:32:03-05:00 ] NOTIC: [8] Undefined index: zh-cn f1168e1a70762ad5ec3a227d9624f41f.php 第 31 行.
[ 2012-01-02T15:32:25-05:00 ] SQL: SHOW COLUMNS FROM `ry_page` [ RunTime:0.003865s ]
[ 2012-01-02T15:32:25-05:00 ] SQL: SELECT * FROM `ry_page` LEFT JOIN ry_page_lang on ry_page.page_id = ry_page_lang.page_id  WHERE ( `page_id` = '1' ) LIMIT 1  [ RunTime:0.000209s ]
[ 2012-01-02T15:32:25-05:00 ] NOTIC: [8] Undefined index: zh-cn f1168e1a70762ad5ec3a227d9624f41f.php 第 31 行.
[ 2012-01-02T15:33:37-05:00 ] SQL: SHOW COLUMNS FROM `ry_page` [ RunTime:0.004009s ]
[ 2012-01-02T15:33:37-05:00 ] SQL: SELECT ry_page.*, ry_page_lang.page_lang_id FROM `ry_page` LEFT JOIN ry_page_lang on ry_page.page_id = ry_page_lang.page_id  LIMIT 1  [ RunTime:0.000396s ]
[ 2012-01-02T15:33:37-05:00 ] NOTIC: [8] Undefined index: zh-cn f1168e1a70762ad5ec3a227d9624f41f.php 第 31 行.
[ 2012-01-02T15:34:02-05:00 ] SQL: SHOW COLUMNS FROM `ry_page` [ RunTime:0.004198s ]
[ 2012-01-02T15:34:02-05:00 ] SQL: SELECT ry_page.*, ry_page_lang.page_lang_id FROM `ry_page` LEFT JOIN ry_page_lang on ry_page.page_id = ry_page_lang.page_id  WHERE ( `page_id` = '1' ) LIMIT 1  [ RunTime:0.000217s ]
[ 2012-01-02T15:34:02-05:00 ] NOTIC: [8] Undefined index: zh-cn f1168e1a70762ad5ec3a227d9624f41f.php 第 31 行.
[ 2012-01-02T15:36:06-05:00 ] SQL: SHOW COLUMNS FROM `ry_page` [ RunTime:0.004008s ]
[ 2012-01-02T15:36:06-05:00 ] SQL: SELECT ry_page.*, ry_page_lang.page_lang_id FROM `ry_page` LEFT JOIN ry_page_lang on ry_page.page_id = ry_page_lang.page_id  WHERE ( `page_id` = '1' ) AND ( `lang_code` = 'zh-cn' ) LIMIT 1  [ RunTime:0.000371s ]
[ 2012-01-02T15:36:06-05:00 ] NOTIC: [8] Undefined index: zh-cn f1168e1a70762ad5ec3a227d9624f41f.php 第 31 行.
[ 2012-01-02T15:37:08-05:00 ] SQL: SHOW COLUMNS FROM `ry_page` [ RunTime:0.004333s ]
[ 2012-01-02T15:37:08-05:00 ] SQL: SELECT ry_page.*, ry_page_lang.page_lang_id FROM `ry_page` LEFT JOIN ry_page_lang on ry_page.page_id = ry_page_lang.page_id  WHERE ( `page_id` = '1' ) AND ( `lang_code` = 'zh-cn' ) LIMIT 1  [ RunTime:0.000270s ]
[ 2012-01-02T15:37:08-05:00 ] NOTIC: [8] Undefined index: zh-cn f1168e1a70762ad5ec3a227d9624f41f.php 第 31 行.
[ 2012-01-02T15:37:37-05:00 ] SQL: SHOW COLUMNS FROM `ry_page` [ RunTime:0.004491s ]
[ 2012-01-02T15:37:37-05:00 ] SQL: SELECT ry_page.*, ry_page_lang.page_lang_id FROM `ry_page` LEFT JOIN ry_page_lang on ry_page.page_id = ry_page_lang.page_id  WHERE ( ry_page.page_id = '1' ) AND ( `lang_code` = 'zh-cn' ) LIMIT 1  [ RunTime:0.000420s ]
[ 2012-01-02T15:37:37-05:00 ] NOTIC: [8] Undefined index: zh-cn f1168e1a70762ad5ec3a227d9624f41f.php 第 31 行.
[ 2012-01-02T15:37:55-05:00 ] SQL: SHOW COLUMNS FROM `ry_page` [ RunTime:0.003818s ]
[ 2012-01-02T15:37:55-05:00 ] SQL: SELECT ry_page.*, ry_page_lang.* FROM `ry_page` LEFT JOIN ry_page_lang on ry_page.page_id = ry_page_lang.page_id  WHERE ( ry_page.page_id = '1' ) AND ( `lang_code` = 'zh-cn' ) LIMIT 1  [ RunTime:0.000409s ]
[ 2012-01-02T15:37:55-05:00 ] NOTIC: [8] Undefined index: zh-cn f1168e1a70762ad5ec3a227d9624f41f.php 第 31 行.
[ 2012-01-02T15:41:28-05:00 ] SQL: SHOW COLUMNS FROM `ry_page` [ RunTime:0.004146s ]
[ 2012-01-02T15:41:28-05:00 ] SQL: SELECT ry_page.*, ry_page_lang.page_lang_id, ry_page_lang.page_id AS fk_page_id FROM `ry_page` LEFT JOIN ry_page_lang on ry_page.page_id = ry_page_lang.page_id  WHERE ( ry_page.page_id = '1' ) AND ( `lang_code` = 'zh-cn' ) LIMIT 1  [ RunTime:0.000448s ]
[ 2012-01-02T15:41:28-05:00 ] NOTIC: [8] Undefined index: zh-cn f1168e1a70762ad5ec3a227d9624f41f.php 第 31 行.
[ 2012-01-02T15:50:25-05:00 ] SQL: SHOW COLUMNS FROM `ry_page` [ RunTime:0.003868s ]
[ 2012-01-02T15:50:25-05:00 ] SQL: SELECT ry_page.*, 
									 			ry_page_lang.page_lang_id AS tj_id, 
												ry_page_lang.page_id AS tjfk_page_id, 
												ry_page_lang.lang_code AS tj_lang_name, 
												ry_page_lang.lang_name AS tj_title,
												ry_page_lang.page_title AS tj_summary,
												ry_page_lang.page_summary AS tj_summary,
												ry_page_lang.page_content AS tj_content FROM `ry_page` LEFT JOIN ry_page_lang on ry_page.page_id = ry_page_lang.page_id  WHERE ( ry_page.page_id = '1' ) AND ( `lang_code` = 'zh-cn' ) LIMIT 1  [ RunTime:0.000436s ]
[ 2012-01-02T15:50:25-05:00 ] NOTIC: [8] Undefined index: zh-cn f1168e1a70762ad5ec3a227d9624f41f.php 第 31 行.
[ 2012-01-02T15:59:02-05:00 ] SQL: SHOW COLUMNS FROM `ry_page` [ RunTime:0.005031s ]
[ 2012-01-02T15:59:02-05:00 ] SQL: SELECT ry_page.*, 
									 			ry_page_lang.page_lang_id AS tj_id, 
												ry_page_lang.page_id AS tjfk_page_id, 
												ry_page_lang.lang_code AS tj_lang_name, 
												ry_page_lang.lang_name AS tj_title,
												ry_page_lang.page_title AS tj_summary,
												ry_page_lang.page_summary AS tj_summary,
												ry_page_lang.page_content AS tj_content FROM `ry_page` LEFT JOIN ry_page_lang on ry_page.page_id = ry_page_lang.page_id  WHERE ( ry_page.page_id = '1' ) AND ( `lang_code` = 'zh-cn' ) LIMIT 1  [ RunTime:0.001167s ]
[ 2012-01-02T15:59:02-05:00 ] NOTIC: [8] Undefined index: zh-cn f1168e1a70762ad5ec3a227d9624f41f.php 第 31 行.
[ 2012-01-02T15:59:26-05:00 ] SQL: SHOW COLUMNS FROM `ry_page` [ RunTime:0.004315s ]
[ 2012-01-02T15:59:26-05:00 ] SQL: SELECT ry_page.*, 
									 			ry_page_lang.page_lang_id AS tj_id, 
												ry_page_lang.page_id AS tjfk_page_id, 
												ry_page_lang.lang_code AS tj_lang_name, 
												ry_page_lang.lang_name AS tj_title,
												ry_page_lang.page_title AS tj_summary,
												ry_page_lang.page_summary AS tj_summary,
												ry_page_lang.page_content AS tj_content FROM `ry_page` LEFT JOIN ry_page_lang on ry_page.page_id = ry_page_lang.page_id  WHERE ( ry_page.page_id = '1' ) AND ( `lang_code` = 'zh-cn' ) LIMIT 1  [ RunTime:0.000457s ]
[ 2012-01-02T15:59:27-05:00 ] NOTIC: [8] Undefined index: zh-cn f1168e1a70762ad5ec3a227d9624f41f.php 第 31 行.
[ 2012-01-02T16:01:01-05:00 ] SQL: SHOW COLUMNS FROM `ry_page` [ RunTime:0.003962s ]
[ 2012-01-02T16:01:01-05:00 ] SQL: SELECT ry_page.*, 
									 			ry_page_lang.page_lang_id AS tj_id, 
												ry_page_lang.page_id AS tjfk_page_id, 
												ry_page_lang.lang_code AS tj_lang_name, 
												ry_page_lang.lang_name AS tj_title,
												ry_page_lang.page_title AS tj_summary,
												ry_page_lang.page_summary AS tj_summary,
												ry_page_lang.page_content AS tj_content FROM `ry_page` LEFT JOIN ry_page_lang on ry_page.page_id = ry_page_lang.page_id  WHERE ( ry_page.page_id = '1' ) AND ( `lang_code` = 'zh-cn' ) LIMIT 1  [ RunTime:0.000442s ]
[ 2012-01-02T16:01:01-05:00 ] NOTIC: [8] Undefined index: zh-cn f1168e1a70762ad5ec3a227d9624f41f.php 第 31 行.
[ 2012-01-02T16:02:46-05:00 ] SQL: SHOW COLUMNS FROM `ry_page` [ RunTime:0.004101s ]
[ 2012-01-02T16:02:46-05:00 ] SQL: SELECT ry_page.*, 
									 			ry_page_lang.page_lang_id AS tj_id, 
												ry_page_lang.page_id AS tjfk_page_id, 
												ry_page_lang.lang_code AS tj_lang_name, 
												ry_page_lang.lang_name AS tj_title,
												ry_page_lang.page_title AS tj_summary,
												ry_page_lang.page_summary AS tj_summary,
												ry_page_lang.page_content AS tj_content FROM `ry_page` LEFT JOIN ry_page_lang on ry_page.page_id = ry_page_lang.page_id  WHERE ( ry_page.page_id = '1' ) AND ( `lang_code` = 'zh-cn' ) LIMIT 1  [ RunTime:0.000478s ]
[ 2012-01-02T16:02:46-05:00 ] NOTIC: [8] Undefined index: zh-cn f1168e1a70762ad5ec3a227d9624f41f.php 第 31 行.
[ 2012-01-02T16:02:56-05:00 ] SQL: SHOW COLUMNS FROM `ry_page` [ RunTime:0.004240s ]
[ 2012-01-02T16:02:56-05:00 ] SQL: SELECT ry_page.*, 
									 			ry_page_lang.page_lang_id AS tj_id, 
												ry_page_lang.page_id AS tjfk_page_id, 
												ry_page_lang.lang_code AS tj_lang_name, 
												ry_page_lang.lang_name AS tj_title,
												ry_page_lang.page_title AS tj_summary,
												ry_page_lang.page_summary AS tj_summary,
												ry_page_lang.page_content AS tj_content FROM `ry_page` LEFT JOIN ry_page_lang on ry_page.page_id = ry_page_lang.page_id  WHERE ( ry_page.page_id = '1' ) AND ( `lang_code` = 'en-us' ) LIMIT 1  [ RunTime:0.000568s ]
[ 2012-01-02T16:02:56-05:00 ] NOTIC: [8] Undefined index: zh-cn f1168e1a70762ad5ec3a227d9624f41f.php 第 31 行.
[ 2012-01-02T16:03:02-05:00 ] SQL: SHOW COLUMNS FROM `ry_page` [ RunTime:0.004061s ]
[ 2012-01-02T16:03:02-05:00 ] SQL: SELECT ry_page.*, 
									 			ry_page_lang.page_lang_id AS tj_id, 
												ry_page_lang.page_id AS tjfk_page_id, 
												ry_page_lang.lang_code AS tj_lang_name, 
												ry_page_lang.lang_name AS tj_title,
												ry_page_lang.page_title AS tj_summary,
												ry_page_lang.page_summary AS tj_summary,
												ry_page_lang.page_content AS tj_content FROM `ry_page` LEFT JOIN ry_page_lang on ry_page.page_id = ry_page_lang.page_id  WHERE ( ry_page.page_id = '1' ) AND ( `lang_code` = 'zh-cn' ) LIMIT 1  [ RunTime:0.000485s ]
[ 2012-01-02T16:03:02-05:00 ] NOTIC: [8] Undefined index: zh-cn f1168e1a70762ad5ec3a227d9624f41f.php 第 31 行.
