[ 2012-01-08T20:30:49-05:00 ] SQL: SHOW COLUMNS FROM `ry_products` [ RunTime:0.003850s ]
[ 2012-01-08T20:30:49-05:00 ] SQL: SHOW COLUMNS FROM `ry_products_cat` [ RunTime:0.003495s ]
[ 2012-01-08T20:30:49-05:00 ] SQL: SELECT * FROM `ry_products_cat` WHERE ( ry_products_cat.parent_id = '0?l=zh-cn' ) AND ( ry_products_cat.is_show = 1 ) [ RunTime:0.000699s ]
[ 2012-01-08T20:30:49-05:00 ] SQL: SELECT COUNT(*) AS tp_count FROM `ry_products` LEFT JOIN ry_products_lang ON ry_products.pid = ry_products_lang.pid AND ry_products_lang.lang_code='zh-cn' WHERE ( ry_products.cat_id IN ('0?l=zh-cn','18','17','8','9','10','11','12','13','14','15','16','19','20','21','22','23','24','25','26','27','28','29','30','31','32','33','34','35','36','37','38','39','40','41','42','43','44','45','46','47','48','67') ) AND ( ry_products.type = 1 ) LIMIT 1  [ RunTime:0.000632s ]
[ 2012-01-08T20:30:49-05:00 ] SQL: SELECT ry_products.*, 
														ry_products_lang.plid, ry_products_lang.lang_code, ry_products_lang.name AS lang_name, ry_products_lang.description AS lang_description, 
														ry_region.* FROM `ry_products` LEFT JOIN ry_products_lang ON ry_products.pid = ry_products_lang.pid AND ry_products_lang.lang_code='zh-cn' LEFT JOIN ry_region ON ry_products.location_code = ry_region.region_code AND ry_region.region_lang_code='zh-cn' WHERE ( ry_products.cat_id IN ('0?l=zh-cn','18','17','8','9','10','11','12','13','14','15','16','19','20','21','22','23','24','25','26','27','28','29','30','31','32','33','34','35','36','37','38','39','40','41','42','43','44','45','46','47','48','67') ) AND ( ry_products.type = 1 ) LIMIT 0,25  [ RunTime:0.000802s ]
[ 2012-01-08T20:30:56-05:00 ] SQL: SHOW COLUMNS FROM `ry_products` [ RunTime:0.004533s ]
[ 2012-01-08T20:30:56-05:00 ] SQL: SELECT ry_products.*, 
														ry_products_lang.plid, ry_products_lang.lang_code, ry_products_lang.name AS lang_name, ry_products_lang.description AS lang_description, 
														ry_region.* FROM `ry_products` LEFT JOIN ry_products_lang ON ry_products.pid = ry_products_lang.pid AND ry_products_lang.lang_code='zh-cn' LEFT JOIN ry_region ON ry_products.location_code = ry_region.region_code AND ry_region.region_lang_code='zh-cn' WHERE ( ry_products.pid = '1' ) LIMIT 1  [ RunTime:0.000712s ]
[ 2012-01-08T20:31:01-05:00 ] SQL: SHOW COLUMNS FROM `ry_products` [ RunTime:0.003867s ]
[ 2012-01-08T20:31:01-05:00 ] SQL: SELECT ry_products.*, 
														ry_products_lang.plid, ry_products_lang.lang_code, ry_products_lang.name AS lang_name, ry_products_lang.description AS lang_description, 
														ry_region.* FROM `ry_products` LEFT JOIN ry_products_lang ON ry_products.pid = ry_products_lang.pid AND ry_products_lang.lang_code='zh-cn' LEFT JOIN ry_region ON ry_products.location_code = ry_region.region_code AND ry_region.region_lang_code='zh-cn' WHERE ( ry_products.pid = '6' ) LIMIT 1  [ RunTime:0.000520s ]
[ 2012-01-08T20:31:13-05:00 ] SQL: SHOW COLUMNS FROM `ry_products` [ RunTime:0.003849s ]
[ 2012-01-08T20:31:13-05:00 ] SQL: SELECT ry_products.*, 
														ry_products_lang.plid, ry_products_lang.lang_code, ry_products_lang.name AS lang_name, ry_products_lang.description AS lang_description, 
														ry_region.* FROM `ry_products` LEFT JOIN ry_products_lang ON ry_products.pid = ry_products_lang.pid AND ry_products_lang.lang_code='zh-cn' LEFT JOIN ry_region ON ry_products.location_code = ry_region.region_code AND ry_region.region_lang_code='zh-cn' WHERE ( ry_products.pid = '1' ) LIMIT 1  [ RunTime:0.000536s ]
[ 2012-01-08T20:31:22-05:00 ] SQL: SHOW COLUMNS FROM `ry_products` [ RunTime:0.004138s ]
[ 2012-01-08T20:31:22-05:00 ] SQL: SELECT ry_products.*, 
														ry_products_lang.plid, ry_products_lang.lang_code, ry_products_lang.name AS lang_name, ry_products_lang.description AS lang_description, 
														ry_region.* FROM `ry_products` LEFT JOIN ry_products_lang ON ry_products.pid = ry_products_lang.pid AND ry_products_lang.lang_code='zh-cn' LEFT JOIN ry_region ON ry_products.location_code = ry_region.region_code AND ry_region.region_lang_code='zh-cn' WHERE ( ry_products.pid = '1' ) LIMIT 1  [ RunTime:0.000578s ]
[ 2012-01-08T20:31:25-05:00 ] SQL: SHOW COLUMNS FROM `ry_products` [ RunTime:0.003834s ]
[ 2012-01-08T20:31:25-05:00 ] SQL: SELECT ry_products.*, 
														ry_products_lang.plid, ry_products_lang.lang_code, ry_products_lang.name AS lang_name, ry_products_lang.description AS lang_description, 
														ry_region.* FROM `ry_products` LEFT JOIN ry_products_lang ON ry_products.pid = ry_products_lang.pid AND ry_products_lang.lang_code='zh-cn' LEFT JOIN ry_region ON ry_products.location_code = ry_region.region_code AND ry_region.region_lang_code='zh-cn' WHERE ( ry_products.pid = '1' ) LIMIT 1  [ RunTime:0.000538s ]
[ 2012-01-08T20:32:08-05:00 ] SQL: SHOW COLUMNS FROM `ry_products` [ RunTime:0.003919s ]
[ 2012-01-08T20:32:08-05:00 ] SQL: SELECT ry_products.*, 
														ry_products_lang.plid, ry_products_lang.lang_code, ry_products_lang.name AS lang_name, ry_products_lang.description AS lang_description, 
														ry_region.* FROM `ry_products` LEFT JOIN ry_products_lang ON ry_products.pid = ry_products_lang.pid AND ry_products_lang.lang_code='zh-cn' LEFT JOIN ry_region ON ry_products.location_code = ry_region.region_code AND ry_region.region_lang_code='zh-cn' WHERE ( ry_products.pid = '1' ) LIMIT 1  [ RunTime:0.000561s ]
[ 2012-01-08T20:32:13-05:00 ] SQL: SHOW COLUMNS FROM `ry_products` [ RunTime:0.003933s ]
[ 2012-01-08T20:32:13-05:00 ] SQL: SELECT ry_products.*, 
														ry_products_lang.plid, ry_products_lang.lang_code, ry_products_lang.name AS lang_name, ry_products_lang.description AS lang_description, 
														ry_region.* FROM `ry_products` LEFT JOIN ry_products_lang ON ry_products.pid = ry_products_lang.pid AND ry_products_lang.lang_code='zh-us' LEFT JOIN ry_region ON ry_products.location_code = ry_region.region_code AND ry_region.region_lang_code='zh-us' WHERE ( ry_products.pid = '1' ) LIMIT 1  [ RunTime:0.000573s ]
[ 2012-01-08T20:32:13-05:00 ] NOTIC: [8] Undefined index: zh-us ee35a240032da43137b01bc6e6c116e8.php 第 31 行.
[ 2012-01-08T20:32:21-05:00 ] SQL: SHOW COLUMNS FROM `ry_products` [ RunTime:0.003823s ]
[ 2012-01-08T20:32:21-05:00 ] SQL: SELECT ry_products.*, 
														ry_products_lang.plid, ry_products_lang.lang_code, ry_products_lang.name AS lang_name, ry_products_lang.description AS lang_description, 
														ry_region.* FROM `ry_products` LEFT JOIN ry_products_lang ON ry_products.pid = ry_products_lang.pid AND ry_products_lang.lang_code='en-us' LEFT JOIN ry_region ON ry_products.location_code = ry_region.region_code AND ry_region.region_lang_code='en-us' WHERE ( ry_products.pid = '1' ) LIMIT 1  [ RunTime:0.000516s ]
[ 2012-01-08T20:32:25-05:00 ] SQL: SHOW COLUMNS FROM `ry_products` [ RunTime:0.003829s ]
[ 2012-01-08T20:32:25-05:00 ] SQL: SELECT ry_products.*, 
														ry_products_lang.plid, ry_products_lang.lang_code, ry_products_lang.name AS lang_name, ry_products_lang.description AS lang_description, 
														ry_region.* FROM `ry_products` LEFT JOIN ry_products_lang ON ry_products.pid = ry_products_lang.pid AND ry_products_lang.lang_code='en-us' LEFT JOIN ry_region ON ry_products.location_code = ry_region.region_code AND ry_region.region_lang_code='en-us' WHERE ( ry_products.pid = '1' ) LIMIT 1  [ RunTime:0.000514s ]
[ 2012-01-08T20:32:27-05:00 ] SQL: SHOW COLUMNS FROM `ry_products` [ RunTime:0.004178s ]
[ 2012-01-08T20:32:27-05:00 ] SQL: SELECT ry_products.*, 
														ry_products_lang.plid, ry_products_lang.lang_code, ry_products_lang.name AS lang_name, ry_products_lang.description AS lang_description, 
														ry_region.* FROM `ry_products` LEFT JOIN ry_products_lang ON ry_products.pid = ry_products_lang.pid AND ry_products_lang.lang_code='en-us' LEFT JOIN ry_region ON ry_products.location_code = ry_region.region_code AND ry_region.region_lang_code='en-us' WHERE ( ry_products.pid = '1' ) LIMIT 1  [ RunTime:0.000600s ]
[ 2012-01-08T20:32:35-05:00 ] SQL: SHOW COLUMNS FROM `ry_products` [ RunTime:0.003823s ]
[ 2012-01-08T20:32:35-05:00 ] SQL: SHOW COLUMNS FROM `ry_products_cat` [ RunTime:0.003620s ]
[ 2012-01-08T20:32:35-05:00 ] SQL: SELECT * FROM `ry_products_cat` WHERE ( ry_products_cat.parent_id = '0?l=en-us' ) AND ( ry_products_cat.is_show = 1 ) [ RunTime:0.000808s ]
[ 2012-01-08T20:32:35-05:00 ] SQL: SELECT COUNT(*) AS tp_count FROM `ry_products` LEFT JOIN ry_products_lang ON ry_products.pid = ry_products_lang.pid AND ry_products_lang.lang_code='en-us' WHERE ( ry_products.cat_id IN ('0?l=en-us','18','17','8','9','10','11','12','13','14','15','16','19','20','21','22','23','24','25','26','27','28','29','30','31','32','33','34','35','36','37','38','39','40','41','42','43','44','45','46','47','48','67') ) AND ( ry_products.type = 1 ) LIMIT 1  [ RunTime:0.000610s ]
[ 2012-01-08T20:32:35-05:00 ] SQL: SELECT ry_products.*, 
														ry_products_lang.plid, ry_products_lang.lang_code, ry_products_lang.name AS lang_name, ry_products_lang.description AS lang_description, 
														ry_region.* FROM `ry_products` LEFT JOIN ry_products_lang ON ry_products.pid = ry_products_lang.pid AND ry_products_lang.lang_code='en-us' LEFT JOIN ry_region ON ry_products.location_code = ry_region.region_code AND ry_region.region_lang_code='en-us' WHERE ( ry_products.cat_id IN ('0?l=en-us','18','17','8','9','10','11','12','13','14','15','16','19','20','21','22','23','24','25','26','27','28','29','30','31','32','33','34','35','36','37','38','39','40','41','42','43','44','45','46','47','48','67') ) AND ( ry_products.type = 1 ) LIMIT 0,25  [ RunTime:0.000819s ]
[ 2012-01-08T20:32:39-05:00 ] SQL: SHOW COLUMNS FROM `ry_products` [ RunTime:0.003984s ]
[ 2012-01-08T20:32:39-05:00 ] SQL: SHOW COLUMNS FROM `ry_products_cat` [ RunTime:0.003630s ]
[ 2012-01-08T20:32:39-05:00 ] SQL: SELECT * FROM `ry_products_cat` WHERE ( ry_products_cat.parent_id = '0?l=zh-cn' ) AND ( ry_products_cat.is_show = 1 ) [ RunTime:0.000732s ]
[ 2012-01-08T20:32:39-05:00 ] SQL: SELECT COUNT(*) AS tp_count FROM `ry_products` LEFT JOIN ry_products_lang ON ry_products.pid = ry_products_lang.pid AND ry_products_lang.lang_code='en-us' WHERE ( ry_products.cat_id IN ('0?l=zh-cn','18','17','8','9','10','11','12','13','14','15','16','19','20','21','22','23','24','25','26','27','28','29','30','31','32','33','34','35','36','37','38','39','40','41','42','43','44','45','46','47','48','67') ) AND ( ry_products.type = 1 ) LIMIT 1  [ RunTime:0.000584s ]
[ 2012-01-08T20:32:39-05:00 ] SQL: SELECT ry_products.*, 
														ry_products_lang.plid, ry_products_lang.lang_code, ry_products_lang.name AS lang_name, ry_products_lang.description AS lang_description, 
														ry_region.* FROM `ry_products` LEFT JOIN ry_products_lang ON ry_products.pid = ry_products_lang.pid AND ry_products_lang.lang_code='en-us' LEFT JOIN ry_region ON ry_products.location_code = ry_region.region_code AND ry_region.region_lang_code='en-us' WHERE ( ry_products.cat_id IN ('0?l=zh-cn','18','17','8','9','10','11','12','13','14','15','16','19','20','21','22','23','24','25','26','27','28','29','30','31','32','33','34','35','36','37','38','39','40','41','42','43','44','45','46','47','48','67') ) AND ( ry_products.type = 1 ) LIMIT 0,25  [ RunTime:0.000798s ]
[ 2012-01-08T20:32:44-05:00 ] SQL: SHOW COLUMNS FROM `ry_products` [ RunTime:0.004164s ]
[ 2012-01-08T20:32:44-05:00 ] SQL: SHOW COLUMNS FROM `ry_products_cat` [ RunTime:0.003794s ]
[ 2012-01-08T20:32:44-05:00 ] SQL: SELECT * FROM `ry_products_cat` WHERE ( ry_products_cat.parent_id = '0?l=zh-CN' ) AND ( ry_products_cat.is_show = 1 ) [ RunTime:0.000840s ]
[ 2012-01-08T20:32:44-05:00 ] SQL: SELECT COUNT(*) AS tp_count FROM `ry_products` LEFT JOIN ry_products_lang ON ry_products.pid = ry_products_lang.pid AND ry_products_lang.lang_code='en-us' WHERE ( ry_products.cat_id IN ('0?l=zh-CN','18','17','8','9','10','11','12','13','14','15','16','19','20','21','22','23','24','25','26','27','28','29','30','31','32','33','34','35','36','37','38','39','40','41','42','43','44','45','46','47','48','67') ) AND ( ry_products.type = 1 ) LIMIT 1  [ RunTime:0.000725s ]
[ 2012-01-08T20:32:44-05:00 ] SQL: SELECT ry_products.*, 
														ry_products_lang.plid, ry_products_lang.lang_code, ry_products_lang.name AS lang_name, ry_products_lang.description AS lang_description, 
														ry_region.* FROM `ry_products` LEFT JOIN ry_products_lang ON ry_products.pid = ry_products_lang.pid AND ry_products_lang.lang_code='en-us' LEFT JOIN ry_region ON ry_products.location_code = ry_region.region_code AND ry_region.region_lang_code='en-us' WHERE ( ry_products.cat_id IN ('0?l=zh-CN','18','17','8','9','10','11','12','13','14','15','16','19','20','21','22','23','24','25','26','27','28','29','30','31','32','33','34','35','36','37','38','39','40','41','42','43','44','45','46','47','48','67') ) AND ( ry_products.type = 1 ) LIMIT 0,25  [ RunTime:0.000818s ]
[ 2012-01-08T20:32:48-05:00 ] SQL: SHOW COLUMNS FROM `ry_products` [ RunTime:0.003923s ]
[ 2012-01-08T20:32:48-05:00 ] SQL: SHOW COLUMNS FROM `ry_products_cat` [ RunTime:0.003454s ]
[ 2012-01-08T20:32:48-05:00 ] SQL: SELECT * FROM `ry_products_cat` WHERE ( ry_products_cat.parent_id = '0?l=zh-cn' ) AND ( ry_products_cat.is_show = 1 ) [ RunTime:0.000744s ]
[ 2012-01-08T20:32:48-05:00 ] SQL: SELECT COUNT(*) AS tp_count FROM `ry_products` LEFT JOIN ry_products_lang ON ry_products.pid = ry_products_lang.pid AND ry_products_lang.lang_code='en-us' WHERE ( ry_products.cat_id IN ('0?l=zh-cn','18','17','8','9','10','11','12','13','14','15','16','19','20','21','22','23','24','25','26','27','28','29','30','31','32','33','34','35','36','37','38','39','40','41','42','43','44','45','46','47','48','67') ) AND ( ry_products.type = 1 ) LIMIT 1  [ RunTime:0.000685s ]
[ 2012-01-08T20:32:48-05:00 ] SQL: SELECT ry_products.*, 
														ry_products_lang.plid, ry_products_lang.lang_code, ry_products_lang.name AS lang_name, ry_products_lang.description AS lang_description, 
														ry_region.* FROM `ry_products` LEFT JOIN ry_products_lang ON ry_products.pid = ry_products_lang.pid AND ry_products_lang.lang_code='en-us' LEFT JOIN ry_region ON ry_products.location_code = ry_region.region_code AND ry_region.region_lang_code='en-us' WHERE ( ry_products.cat_id IN ('0?l=zh-cn','18','17','8','9','10','11','12','13','14','15','16','19','20','21','22','23','24','25','26','27','28','29','30','31','32','33','34','35','36','37','38','39','40','41','42','43','44','45','46','47','48','67') ) AND ( ry_products.type = 1 ) LIMIT 0,25  [ RunTime:0.000849s ]
[ 2012-01-08T20:32:50-05:00 ] SQL: SHOW COLUMNS FROM `ry_products` [ RunTime:0.003821s ]
[ 2012-01-08T20:32:50-05:00 ] SQL: SHOW COLUMNS FROM `ry_products_cat` [ RunTime:0.003468s ]
[ 2012-01-08T20:32:50-05:00 ] SQL: SELECT * FROM `ry_products_cat` WHERE ( ry_products_cat.parent_id = '0?l=zh-cn' ) AND ( ry_products_cat.is_show = 1 ) [ RunTime:0.000803s ]
[ 2012-01-08T20:32:50-05:00 ] SQL: SELECT COUNT(*) AS tp_count FROM `ry_products` LEFT JOIN ry_products_lang ON ry_products.pid = ry_products_lang.pid AND ry_products_lang.lang_code='en-us' WHERE ( ry_products.cat_id IN ('0?l=zh-cn','18','17','8','9','10','11','12','13','14','15','16','19','20','21','22','23','24','25','26','27','28','29','30','31','32','33','34','35','36','37','38','39','40','41','42','43','44','45','46','47','48','67') ) AND ( ry_products.type = 1 ) LIMIT 1  [ RunTime:0.000569s ]
[ 2012-01-08T20:32:50-05:00 ] SQL: SELECT ry_products.*, 
														ry_products_lang.plid, ry_products_lang.lang_code, ry_products_lang.name AS lang_name, ry_products_lang.description AS lang_description, 
														ry_region.* FROM `ry_products` LEFT JOIN ry_products_lang ON ry_products.pid = ry_products_lang.pid AND ry_products_lang.lang_code='en-us' LEFT JOIN ry_region ON ry_products.location_code = ry_region.region_code AND ry_region.region_lang_code='en-us' WHERE ( ry_products.cat_id IN ('0?l=zh-cn','18','17','8','9','10','11','12','13','14','15','16','19','20','21','22','23','24','25','26','27','28','29','30','31','32','33','34','35','36','37','38','39','40','41','42','43','44','45','46','47','48','67') ) AND ( ry_products.type = 1 ) LIMIT 0,25  [ RunTime:0.000799s ]
[ 2012-01-08T20:32:51-05:00 ] SQL: SHOW COLUMNS FROM `ry_products` [ RunTime:0.003877s ]
[ 2012-01-08T20:32:51-05:00 ] SQL: SHOW COLUMNS FROM `ry_products_cat` [ RunTime:0.003471s ]
[ 2012-01-08T20:32:51-05:00 ] SQL: SELECT * FROM `ry_products_cat` WHERE ( ry_products_cat.parent_id = '0?l=zh-cn' ) AND ( ry_products_cat.is_show = 1 ) [ RunTime:0.000864s ]
[ 2012-01-08T20:32:51-05:00 ] SQL: SELECT COUNT(*) AS tp_count FROM `ry_products` LEFT JOIN ry_products_lang ON ry_products.pid = ry_products_lang.pid AND ry_products_lang.lang_code='en-us' WHERE ( ry_products.cat_id IN ('0?l=zh-cn','18','17','8','9','10','11','12','13','14','15','16','19','20','21','22','23','24','25','26','27','28','29','30','31','32','33','34','35','36','37','38','39','40','41','42','43','44','45','46','47','48','67') ) AND ( ry_products.type = 1 ) LIMIT 1  [ RunTime:0.000711s ]
[ 2012-01-08T20:32:51-05:00 ] SQL: SELECT ry_products.*, 
														ry_products_lang.plid, ry_products_lang.lang_code, ry_products_lang.name AS lang_name, ry_products_lang.description AS lang_description, 
														ry_region.* FROM `ry_products` LEFT JOIN ry_products_lang ON ry_products.pid = ry_products_lang.pid AND ry_products_lang.lang_code='en-us' LEFT JOIN ry_region ON ry_products.location_code = ry_region.region_code AND ry_region.region_lang_code='en-us' WHERE ( ry_products.cat_id IN ('0?l=zh-cn','18','17','8','9','10','11','12','13','14','15','16','19','20','21','22','23','24','25','26','27','28','29','30','31','32','33','34','35','36','37','38','39','40','41','42','43','44','45','46','47','48','67') ) AND ( ry_products.type = 1 ) LIMIT 0,25  [ RunTime:0.000826s ]
[ 2012-01-08T20:32:51-05:00 ] SQL: SHOW COLUMNS FROM `ry_products` [ RunTime:0.004264s ]
[ 2012-01-08T20:32:51-05:00 ] SQL: SHOW COLUMNS FROM `ry_products_cat` [ RunTime:0.003796s ]
[ 2012-01-08T20:32:51-05:00 ] SQL: SELECT * FROM `ry_products_cat` WHERE ( ry_products_cat.parent_id = '0?l=zh-cn' ) AND ( ry_products_cat.is_show = 1 ) [ RunTime:0.000743s ]
[ 2012-01-08T20:32:51-05:00 ] SQL: SELECT COUNT(*) AS tp_count FROM `ry_products` LEFT JOIN ry_products_lang ON ry_products.pid = ry_products_lang.pid AND ry_products_lang.lang_code='en-us' WHERE ( ry_products.cat_id IN ('0?l=zh-cn','18','17','8','9','10','11','12','13','14','15','16','19','20','21','22','23','24','25','26','27','28','29','30','31','32','33','34','35','36','37','38','39','40','41','42','43','44','45','46','47','48','67') ) AND ( ry_products.type = 1 ) LIMIT 1  [ RunTime:0.000651s ]
[ 2012-01-08T20:32:51-05:00 ] SQL: SELECT ry_products.*, 
														ry_products_lang.plid, ry_products_lang.lang_code, ry_products_lang.name AS lang_name, ry_products_lang.description AS lang_description, 
														ry_region.* FROM `ry_products` LEFT JOIN ry_products_lang ON ry_products.pid = ry_products_lang.pid AND ry_products_lang.lang_code='en-us' LEFT JOIN ry_region ON ry_products.location_code = ry_region.region_code AND ry_region.region_lang_code='en-us' WHERE ( ry_products.cat_id IN ('0?l=zh-cn','18','17','8','9','10','11','12','13','14','15','16','19','20','21','22','23','24','25','26','27','28','29','30','31','32','33','34','35','36','37','38','39','40','41','42','43','44','45','46','47','48','67') ) AND ( ry_products.type = 1 ) LIMIT 0,25  [ RunTime:0.000843s ]
[ 2012-01-08T20:32:51-05:00 ] SQL: SHOW COLUMNS FROM `ry_products` [ RunTime:0.004264s ]
[ 2012-01-08T20:32:51-05:00 ] SQL: SHOW COLUMNS FROM `ry_products_cat` [ RunTime:0.003642s ]
[ 2012-01-08T20:32:51-05:00 ] SQL: SELECT * FROM `ry_products_cat` WHERE ( ry_products_cat.parent_id = '0?l=zh-cn' ) AND ( ry_products_cat.is_show = 1 ) [ RunTime:0.000704s ]
[ 2012-01-08T20:32:51-05:00 ] SQL: SELECT COUNT(*) AS tp_count FROM `ry_products` LEFT JOIN ry_products_lang ON ry_products.pid = ry_products_lang.pid AND ry_products_lang.lang_code='en-us' WHERE ( ry_products.cat_id IN ('0?l=zh-cn','18','17','8','9','10','11','12','13','14','15','16','19','20','21','22','23','24','25','26','27','28','29','30','31','32','33','34','35','36','37','38','39','40','41','42','43','44','45','46','47','48','67') ) AND ( ry_products.type = 1 ) LIMIT 1  [ RunTime:0.000597s ]
[ 2012-01-08T20:32:51-05:00 ] SQL: SELECT ry_products.*, 
														ry_products_lang.plid, ry_products_lang.lang_code, ry_products_lang.name AS lang_name, ry_products_lang.description AS lang_description, 
														ry_region.* FROM `ry_products` LEFT JOIN ry_products_lang ON ry_products.pid = ry_products_lang.pid AND ry_products_lang.lang_code='en-us' LEFT JOIN ry_region ON ry_products.location_code = ry_region.region_code AND ry_region.region_lang_code='en-us' WHERE ( ry_products.cat_id IN ('0?l=zh-cn','18','17','8','9','10','11','12','13','14','15','16','19','20','21','22','23','24','25','26','27','28','29','30','31','32','33','34','35','36','37','38','39','40','41','42','43','44','45','46','47','48','67') ) AND ( ry_products.type = 1 ) LIMIT 0,25  [ RunTime:0.000798s ]
[ 2012-01-08T20:32:52-05:00 ] SQL: SHOW COLUMNS FROM `ry_products` [ RunTime:0.004035s ]
[ 2012-01-08T20:32:52-05:00 ] SQL: SHOW COLUMNS FROM `ry_products_cat` [ RunTime:0.003540s ]
[ 2012-01-08T20:32:52-05:00 ] SQL: SELECT * FROM `ry_products_cat` WHERE ( ry_products_cat.parent_id = '0?l=zh-cn' ) AND ( ry_products_cat.is_show = 1 ) [ RunTime:0.000696s ]
[ 2012-01-08T20:32:52-05:00 ] SQL: SELECT COUNT(*) AS tp_count FROM `ry_products` LEFT JOIN ry_products_lang ON ry_products.pid = ry_products_lang.pid AND ry_products_lang.lang_code='en-us' WHERE ( ry_products.cat_id IN ('0?l=zh-cn','18','17','8','9','10','11','12','13','14','15','16','19','20','21','22','23','24','25','26','27','28','29','30','31','32','33','34','35','36','37','38','39','40','41','42','43','44','45','46','47','48','67') ) AND ( ry_products.type = 1 ) LIMIT 1  [ RunTime:0.000555s ]
[ 2012-01-08T20:32:52-05:00 ] SQL: SELECT ry_products.*, 
														ry_products_lang.plid, ry_products_lang.lang_code, ry_products_lang.name AS lang_name, ry_products_lang.description AS lang_description, 
														ry_region.* FROM `ry_products` LEFT JOIN ry_products_lang ON ry_products.pid = ry_products_lang.pid AND ry_products_lang.lang_code='en-us' LEFT JOIN ry_region ON ry_products.location_code = ry_region.region_code AND ry_region.region_lang_code='en-us' WHERE ( ry_products.cat_id IN ('0?l=zh-cn','18','17','8','9','10','11','12','13','14','15','16','19','20','21','22','23','24','25','26','27','28','29','30','31','32','33','34','35','36','37','38','39','40','41','42','43','44','45','46','47','48','67') ) AND ( ry_products.type = 1 ) LIMIT 0,25  [ RunTime:0.000801s ]
[ 2012-01-08T20:32:52-05:00 ] SQL: SHOW COLUMNS FROM `ry_products` [ RunTime:0.004059s ]
[ 2012-01-08T20:32:52-05:00 ] SQL: SHOW COLUMNS FROM `ry_products_cat` [ RunTime:0.003430s ]
[ 2012-01-08T20:32:52-05:00 ] SQL: SELECT * FROM `ry_products_cat` WHERE ( ry_products_cat.parent_id = '0?l=zh-cn' ) AND ( ry_products_cat.is_show = 1 ) [ RunTime:0.000779s ]
[ 2012-01-08T20:32:52-05:00 ] SQL: SELECT COUNT(*) AS tp_count FROM `ry_products` LEFT JOIN ry_products_lang ON ry_products.pid = ry_products_lang.pid AND ry_products_lang.lang_code='en-us' WHERE ( ry_products.cat_id IN ('0?l=zh-cn','18','17','8','9','10','11','12','13','14','15','16','19','20','21','22','23','24','25','26','27','28','29','30','31','32','33','34','35','36','37','38','39','40','41','42','43','44','45','46','47','48','67') ) AND ( ry_products.type = 1 ) LIMIT 1  [ RunTime:0.000582s ]
[ 2012-01-08T20:32:52-05:00 ] SQL: SELECT ry_products.*, 
														ry_products_lang.plid, ry_products_lang.lang_code, ry_products_lang.name AS lang_name, ry_products_lang.description AS lang_description, 
														ry_region.* FROM `ry_products` LEFT JOIN ry_products_lang ON ry_products.pid = ry_products_lang.pid AND ry_products_lang.lang_code='en-us' LEFT JOIN ry_region ON ry_products.location_code = ry_region.region_code AND ry_region.region_lang_code='en-us' WHERE ( ry_products.cat_id IN ('0?l=zh-cn','18','17','8','9','10','11','12','13','14','15','16','19','20','21','22','23','24','25','26','27','28','29','30','31','32','33','34','35','36','37','38','39','40','41','42','43','44','45','46','47','48','67') ) AND ( ry_products.type = 1 ) LIMIT 0,25  [ RunTime:0.000804s ]
[ 2012-01-08T20:32:53-05:00 ] SQL: SHOW COLUMNS FROM `ry_products` [ RunTime:0.003992s ]
[ 2012-01-08T20:32:53-05:00 ] SQL: SHOW COLUMNS FROM `ry_products_cat` [ RunTime:0.003474s ]
[ 2012-01-08T20:32:53-05:00 ] SQL: SELECT * FROM `ry_products_cat` WHERE ( ry_products_cat.parent_id = '0?l=zh-cn' ) AND ( ry_products_cat.is_show = 1 ) [ RunTime:0.000692s ]
[ 2012-01-08T20:32:53-05:00 ] SQL: SELECT COUNT(*) AS tp_count FROM `ry_products` LEFT JOIN ry_products_lang ON ry_products.pid = ry_products_lang.pid AND ry_products_lang.lang_code='en-us' WHERE ( ry_products.cat_id IN ('0?l=zh-cn','18','17','8','9','10','11','12','13','14','15','16','19','20','21','22','23','24','25','26','27','28','29','30','31','32','33','34','35','36','37','38','39','40','41','42','43','44','45','46','47','48','67') ) AND ( ry_products.type = 1 ) LIMIT 1  [ RunTime:0.000621s ]
[ 2012-01-08T20:32:53-05:00 ] SQL: SELECT ry_products.*, 
														ry_products_lang.plid, ry_products_lang.lang_code, ry_products_lang.name AS lang_name, ry_products_lang.description AS lang_description, 
														ry_region.* FROM `ry_products` LEFT JOIN ry_products_lang ON ry_products.pid = ry_products_lang.pid AND ry_products_lang.lang_code='en-us' LEFT JOIN ry_region ON ry_products.location_code = ry_region.region_code AND ry_region.region_lang_code='en-us' WHERE ( ry_products.cat_id IN ('0?l=zh-cn','18','17','8','9','10','11','12','13','14','15','16','19','20','21','22','23','24','25','26','27','28','29','30','31','32','33','34','35','36','37','38','39','40','41','42','43','44','45','46','47','48','67') ) AND ( ry_products.type = 1 ) LIMIT 0,25  [ RunTime:0.000827s ]
[ 2012-01-08T20:32:59-05:00 ] SQL: SHOW COLUMNS FROM `ry_products` [ RunTime:0.003847s ]
[ 2012-01-08T20:32:59-05:00 ] SQL: SELECT ry_products.*, 
														ry_products_lang.plid, ry_products_lang.lang_code, ry_products_lang.name AS lang_name, ry_products_lang.description AS lang_description, 
														ry_region.* FROM `ry_products` LEFT JOIN ry_products_lang ON ry_products.pid = ry_products_lang.pid AND ry_products_lang.lang_code='zh-cn' LEFT JOIN ry_region ON ry_products.location_code = ry_region.region_code AND ry_region.region_lang_code='zh-cn' WHERE ( ry_products.pid = '1' ) LIMIT 1  [ RunTime:0.000534s ]
[ 2012-01-08T20:33:05-05:00 ] SQL: SHOW COLUMNS FROM `ry_products` [ RunTime:0.004098s ]
[ 2012-01-08T20:33:05-05:00 ] SQL: SHOW COLUMNS FROM `ry_products_cat` [ RunTime:0.003437s ]
[ 2012-01-08T20:33:05-05:00 ] SQL: SELECT * FROM `ry_products_cat` WHERE ( ry_products_cat.parent_id = '0' ) AND ( ry_products_cat.is_show = 1 ) [ RunTime:0.000684s ]
[ 2012-01-08T20:33:05-05:00 ] SQL: SELECT COUNT(*) AS tp_count FROM `ry_products` LEFT JOIN ry_products_lang ON ry_products.pid = ry_products_lang.pid AND ry_products_lang.lang_code='zh-cn' WHERE ( ry_products.cat_id IN ('0','18','17','8','9','10','11','12','13','14','15','16','19','20','21','22','23','24','25','26','27','28','29','30','31','32','33','34','35','36','37','38','39','40','41','42','43','44','45','46','47','48','67') ) AND ( ry_products.type = 1 ) LIMIT 1  [ RunTime:0.000672s ]
[ 2012-01-08T20:33:05-05:00 ] SQL: SELECT ry_products.*, 
														ry_products_lang.plid, ry_products_lang.lang_code, ry_products_lang.name AS lang_name, ry_products_lang.description AS lang_description, 
														ry_region.* FROM `ry_products` LEFT JOIN ry_products_lang ON ry_products.pid = ry_products_lang.pid AND ry_products_lang.lang_code='zh-cn' LEFT JOIN ry_region ON ry_products.location_code = ry_region.region_code AND ry_region.region_lang_code='zh-cn' WHERE ( ry_products.cat_id IN ('0','18','17','8','9','10','11','12','13','14','15','16','19','20','21','22','23','24','25','26','27','28','29','30','31','32','33','34','35','36','37','38','39','40','41','42','43','44','45','46','47','48','67') ) AND ( ry_products.type = 1 ) LIMIT 0,25  [ RunTime:0.000893s ]
[ 2012-01-08T20:33:11-05:00 ] SQL: SHOW COLUMNS FROM `ry_products` [ RunTime:0.003885s ]
[ 2012-01-08T20:33:11-05:00 ] SQL: SELECT ry_products.*, 
														ry_products_lang.plid, ry_products_lang.lang_code, ry_products_lang.name AS lang_name, ry_products_lang.description AS lang_description, 
														ry_region.* FROM `ry_products` LEFT JOIN ry_products_lang ON ry_products.pid = ry_products_lang.pid AND ry_products_lang.lang_code='en-us' LEFT JOIN ry_region ON ry_products.location_code = ry_region.region_code AND ry_region.region_lang_code='en-us' WHERE ( ry_products.pid = '1' ) LIMIT 1  [ RunTime:0.000790s ]
[ 2012-01-08T20:33:14-05:00 ] SQL: SHOW COLUMNS FROM `ry_products` [ RunTime:0.004104s ]
[ 2012-01-08T20:33:14-05:00 ] SQL: SHOW COLUMNS FROM `ry_products_cat` [ RunTime:0.003405s ]
[ 2012-01-08T20:33:14-05:00 ] SQL: SELECT * FROM `ry_products_cat` WHERE ( ry_products_cat.parent_id = '0' ) AND ( ry_products_cat.is_show = 1 ) [ RunTime:0.000668s ]
[ 2012-01-08T20:33:14-05:00 ] SQL: SELECT COUNT(*) AS tp_count FROM `ry_products` LEFT JOIN ry_products_lang ON ry_products.pid = ry_products_lang.pid AND ry_products_lang.lang_code='en-us' WHERE ( ry_products.cat_id IN ('0','18','17','8','9','10','11','12','13','14','15','16','19','20','21','22','23','24','25','26','27','28','29','30','31','32','33','34','35','36','37','38','39','40','41','42','43','44','45','46','47','48','67') ) AND ( ry_products.type = 1 ) LIMIT 1  [ RunTime:0.000649s ]
[ 2012-01-08T20:33:14-05:00 ] SQL: SELECT ry_products.*, 
														ry_products_lang.plid, ry_products_lang.lang_code, ry_products_lang.name AS lang_name, ry_products_lang.description AS lang_description, 
														ry_region.* FROM `ry_products` LEFT JOIN ry_products_lang ON ry_products.pid = ry_products_lang.pid AND ry_products_lang.lang_code='en-us' LEFT JOIN ry_region ON ry_products.location_code = ry_region.region_code AND ry_region.region_lang_code='en-us' WHERE ( ry_products.cat_id IN ('0','18','17','8','9','10','11','12','13','14','15','16','19','20','21','22','23','24','25','26','27','28','29','30','31','32','33','34','35','36','37','38','39','40','41','42','43','44','45','46','47','48','67') ) AND ( ry_products.type = 1 ) LIMIT 0,25  [ RunTime:0.000802s ]
[ 2012-01-08T20:34:45-05:00 ] SQL: SHOW COLUMNS FROM `ry_products` [ RunTime:0.003813s ]
[ 2012-01-08T20:34:45-05:00 ] SQL: SELECT ry_products.*, 
														ry_products_lang.plid, ry_products_lang.lang_code, ry_products_lang.name AS lang_name, ry_products_lang.description AS lang_description, 
														ry_region.* FROM `ry_products` LEFT JOIN ry_products_lang ON ry_products.pid = ry_products_lang.pid AND ry_products_lang.lang_code='en-us' LEFT JOIN ry_region ON ry_products.location_code = ry_region.region_code AND ry_region.region_lang_code='en-us' WHERE ( ry_products.pid = '1' ) LIMIT 1  [ RunTime:0.000561s ]
[ 2012-01-08T20:38:00-05:00 ] SQL: SHOW COLUMNS FROM `ry_products` [ RunTime:0.003879s ]
[ 2012-01-08T20:38:00-05:00 ] SQL: SELECT ry_products.*, 
														ry_products_lang.plid, ry_products_lang.lang_code, ry_products_lang.name AS lang_name, ry_products_lang.description AS lang_description, 
														ry_region.* FROM `ry_products` LEFT JOIN ry_products_lang ON ry_products.pid = ry_products_lang.pid AND ry_products_lang.lang_code='en-us' LEFT JOIN ry_region ON ry_products.location_code = ry_region.region_code AND ry_region.region_lang_code='en-us' WHERE ( ry_products.pid = '1' ) LIMIT 1  [ RunTime:0.000564s ]
[ 2012-01-08T20:38:45-05:00 ] SQL: SHOW COLUMNS FROM `ry_products` [ RunTime:0.003878s ]
[ 2012-01-08T20:38:45-05:00 ] SQL: SELECT ry_products.*, 
														ry_products_lang.plid, ry_products_lang.lang_code, ry_products_lang.name AS lang_name, ry_products_lang.description AS lang_description, 
														ry_region.* FROM `ry_products` LEFT JOIN ry_products_lang ON ry_products.pid = ry_products_lang.pid AND ry_products_lang.lang_code='en-us' LEFT JOIN ry_region ON ry_products.location_code = ry_region.region_code AND ry_region.region_lang_code='en-us' WHERE ( ry_products.pid = '1' ) LIMIT 1  [ RunTime:0.000515s ]
[ 2012-01-08T20:39:42-05:00 ] SQL: SHOW COLUMNS FROM `ry_products` [ RunTime:0.004105s ]
[ 2012-01-08T20:39:42-05:00 ] SQL: SELECT ry_products.*, 
														ry_products_lang.plid, ry_products_lang.lang_code, ry_products_lang.name AS lang_name, ry_products_lang.description AS lang_description, 
														ry_region.* FROM `ry_products` LEFT JOIN ry_products_lang ON ry_products.pid = ry_products_lang.pid AND ry_products_lang.lang_code='en-us' LEFT JOIN ry_region ON ry_products.location_code = ry_region.region_code AND ry_region.region_lang_code='en-us' WHERE ( ry_products.pid = '1' ) LIMIT 1  [ RunTime:0.000531s ]
[ 2012-01-08T20:40:36-05:00 ] SQL: SHOW COLUMNS FROM `ry_products` [ RunTime:0.003905s ]
[ 2012-01-08T20:40:36-05:00 ] SQL: SELECT ry_products.*, 
														ry_products_lang.plid, ry_products_lang.lang_code, ry_products_lang.name AS lang_name, ry_products_lang.description AS lang_description, 
														ry_region.* FROM `ry_products` LEFT JOIN ry_products_lang ON ry_products.pid = ry_products_lang.pid AND ry_products_lang.lang_code='en-us' LEFT JOIN ry_region ON ry_products.location_code = ry_region.region_code AND ry_region.region_lang_code='en-us' WHERE ( ry_products.pid = '1' ) LIMIT 1  [ RunTime:0.000569s ]
[ 2012-01-08T20:41:38-05:00 ] SQL: SHOW COLUMNS FROM `ry_products` [ RunTime:0.003972s ]
[ 2012-01-08T20:41:38-05:00 ] SQL: SELECT ry_products.*, 
														ry_products_lang.plid, ry_products_lang.lang_code, ry_products_lang.name AS lang_name, ry_products_lang.description AS lang_description, 
														ry_region.* FROM `ry_products` LEFT JOIN ry_products_lang ON ry_products.pid = ry_products_lang.pid AND ry_products_lang.lang_code='en-us' LEFT JOIN ry_region ON ry_products.location_code = ry_region.region_code AND ry_region.region_lang_code='en-us' WHERE ( ry_products.pid = '1' ) LIMIT 1  [ RunTime:0.000553s ]
[ 2012-01-08T20:43:19-05:00 ] SQL: SHOW COLUMNS FROM `ry_products` [ RunTime:0.004005s ]
[ 2012-01-08T20:43:19-05:00 ] SQL: SELECT ry_products.*, 
														ry_products_lang.plid, ry_products_lang.lang_code, ry_products_lang.name AS lang_name, ry_products_lang.description AS lang_description, 
														ry_region.* FROM `ry_products` LEFT JOIN ry_products_lang ON ry_products.pid = ry_products_lang.pid AND ry_products_lang.lang_code='en-us' LEFT JOIN ry_region ON ry_products.location_code = ry_region.region_code AND ry_region.region_lang_code='en-us' WHERE ( ry_products.pid = '1' ) LIMIT 1  [ RunTime:0.000525s ]
[ 2012-01-08T20:43:19-05:00 ] NOTIC: [8] Use of undefined constant tb_products - assumed 'tb_products' ee35a240032da43137b01bc6e6c116e8.php 第 126 行.
[ 2012-01-08T20:43:19-05:00 ] NOTIC: [8] Use of undefined constant type - assumed 'type' ee35a240032da43137b01bc6e6c116e8.php 第 126 行.
[ 2012-01-08T20:43:28-05:00 ] SQL: SHOW COLUMNS FROM `ry_products` [ RunTime:0.003830s ]
[ 2012-01-08T20:43:28-05:00 ] SQL: SELECT ry_products.*, 
														ry_products_lang.plid, ry_products_lang.lang_code, ry_products_lang.name AS lang_name, ry_products_lang.description AS lang_description, 
														ry_region.* FROM `ry_products` LEFT JOIN ry_products_lang ON ry_products.pid = ry_products_lang.pid AND ry_products_lang.lang_code='en-us' LEFT JOIN ry_region ON ry_products.location_code = ry_region.region_code AND ry_region.region_lang_code='en-us' WHERE ( ry_products.pid = '6' ) LIMIT 1  [ RunTime:0.000511s ]
[ 2012-01-08T20:43:28-05:00 ] NOTIC: [8] Use of undefined constant tb_products - assumed 'tb_products' ee35a240032da43137b01bc6e6c116e8.php 第 126 行.
[ 2012-01-08T20:43:28-05:00 ] NOTIC: [8] Use of undefined constant type - assumed 'type' ee35a240032da43137b01bc6e6c116e8.php 第 126 行.
[ 2012-01-08T20:44:15-05:00 ] SQL: SHOW COLUMNS FROM `ry_products` [ RunTime:0.003881s ]
[ 2012-01-08T20:44:15-05:00 ] SQL: SELECT ry_products.*, 
														ry_products_lang.plid, ry_products_lang.lang_code, ry_products_lang.name AS lang_name, ry_products_lang.description AS lang_description, 
														ry_region.* FROM `ry_products` LEFT JOIN ry_products_lang ON ry_products.pid = ry_products_lang.pid AND ry_products_lang.lang_code='en-us' LEFT JOIN ry_region ON ry_products.location_code = ry_region.region_code AND ry_region.region_lang_code='en-us' WHERE ( ry_products.pid = '6' ) LIMIT 1  [ RunTime:0.000531s ]
[ 2012-01-08T20:44:15-05:00 ] NOTIC: [8] Use of undefined constant tb_products - assumed 'tb_products' ee35a240032da43137b01bc6e6c116e8.php 第 126 行.
[ 2012-01-08T20:44:15-05:00 ] NOTIC: [8] Use of undefined constant type - assumed 'type' ee35a240032da43137b01bc6e6c116e8.php 第 126 行.
[ 2012-01-08T20:44:27-05:00 ] SQL: SHOW COLUMNS FROM `ry_products` [ RunTime:0.003892s ]
[ 2012-01-08T20:44:27-05:00 ] SQL: SELECT ry_products.*, 
														ry_products_lang.plid, ry_products_lang.lang_code, ry_products_lang.name AS lang_name, ry_products_lang.description AS lang_description, 
														ry_region.* FROM `ry_products` LEFT JOIN ry_products_lang ON ry_products.pid = ry_products_lang.pid AND ry_products_lang.lang_code='en-us' LEFT JOIN ry_region ON ry_products.location_code = ry_region.region_code AND ry_region.region_lang_code='en-us' WHERE ( ry_products.pid = '6' ) LIMIT 1  [ RunTime:0.000633s ]
[ 2012-01-08T20:44:27-05:00 ] NOTIC: [8] Use of undefined constant data - assumed 'data' ee35a240032da43137b01bc6e6c116e8.php 第 126 行.
[ 2012-01-08T20:44:27-05:00 ] NOTIC: [8] Use of undefined constant tb_products - assumed 'tb_products' ee35a240032da43137b01bc6e6c116e8.php 第 126 行.
[ 2012-01-08T20:44:27-05:00 ] NOTIC: [8] Use of undefined constant type - assumed 'type' ee35a240032da43137b01bc6e6c116e8.php 第 126 行.
[ 2012-01-08T20:44:41-05:00 ] SQL: SHOW COLUMNS FROM `ry_products` [ RunTime:0.004045s ]
[ 2012-01-08T20:44:41-05:00 ] SQL: SELECT ry_products.*, 
														ry_products_lang.plid, ry_products_lang.lang_code, ry_products_lang.name AS lang_name, ry_products_lang.description AS lang_description, 
														ry_region.* FROM `ry_products` LEFT JOIN ry_products_lang ON ry_products.pid = ry_products_lang.pid AND ry_products_lang.lang_code='en-us' LEFT JOIN ry_region ON ry_products.location_code = ry_region.region_code AND ry_region.region_lang_code='en-us' WHERE ( ry_products.pid = '6' ) LIMIT 1  [ RunTime:0.000576s ]
[ 2012-01-08T20:44:41-05:00 ] NOTIC: [8] Use of undefined constant tb_products - assumed 'tb_products' ee35a240032da43137b01bc6e6c116e8.php 第 126 行.
[ 2012-01-08T20:44:41-05:00 ] NOTIC: [8] Use of undefined constant type - assumed 'type' ee35a240032da43137b01bc6e6c116e8.php 第 126 行.
[ 2012-01-08T20:45:46-05:00 ] SQL: SHOW COLUMNS FROM `ry_products` [ RunTime:0.003866s ]
[ 2012-01-08T20:45:46-05:00 ] SQL: SELECT ry_products.*, 
														ry_products_lang.plid, ry_products_lang.lang_code, ry_products_lang.name AS lang_name, ry_products_lang.description AS lang_description, 
														ry_region.* FROM `ry_products` LEFT JOIN ry_products_lang ON ry_products.pid = ry_products_lang.pid AND ry_products_lang.lang_code='en-us' LEFT JOIN ry_region ON ry_products.location_code = ry_region.region_code AND ry_region.region_lang_code='en-us' WHERE ( ry_products.pid = '4' ) LIMIT 1  [ RunTime:0.000506s ]
[ 2012-01-08T20:45:46-05:00 ] NOTIC: [8] Use of undefined constant tb_products - assumed 'tb_products' ee35a240032da43137b01bc6e6c116e8.php 第 126 行.
[ 2012-01-08T20:45:46-05:00 ] NOTIC: [8] Use of undefined constant type - assumed 'type' ee35a240032da43137b01bc6e6c116e8.php 第 126 行.
[ 2012-01-08T20:46:05-05:00 ] SQL: SHOW COLUMNS FROM `ry_products` [ RunTime:0.003960s ]
[ 2012-01-08T20:46:05-05:00 ] SQL: SELECT ry_products.*, 
														ry_products_lang.plid, ry_products_lang.lang_code, ry_products_lang.name AS lang_name, ry_products_lang.description AS lang_description, 
														ry_region.* FROM `ry_products` LEFT JOIN ry_products_lang ON ry_products.pid = ry_products_lang.pid AND ry_products_lang.lang_code='en-us' LEFT JOIN ry_region ON ry_products.location_code = ry_region.region_code AND ry_region.region_lang_code='en-us' WHERE ( ry_products.pid = '6' ) LIMIT 1  [ RunTime:0.000566s ]
[ 2012-01-08T20:46:05-05:00 ] NOTIC: [8] Use of undefined constant tb_products - assumed 'tb_products' ee35a240032da43137b01bc6e6c116e8.php 第 126 行.
[ 2012-01-08T20:46:05-05:00 ] NOTIC: [8] Use of undefined constant type - assumed 'type' ee35a240032da43137b01bc6e6c116e8.php 第 126 行.
[ 2012-01-08T20:46:12-05:00 ] SQL: SHOW COLUMNS FROM `ry_products` [ RunTime:0.004025s ]
[ 2012-01-08T20:46:12-05:00 ] SQL: SELECT ry_products.*, 
														ry_products_lang.plid, ry_products_lang.lang_code, ry_products_lang.name AS lang_name, ry_products_lang.description AS lang_description, 
														ry_region.* FROM `ry_products` LEFT JOIN ry_products_lang ON ry_products.pid = ry_products_lang.pid AND ry_products_lang.lang_code='en-us' LEFT JOIN ry_region ON ry_products.location_code = ry_region.region_code AND ry_region.region_lang_code='en-us' WHERE ( ry_products.pid = '4' ) LIMIT 1  [ RunTime:0.000520s ]
[ 2012-01-08T20:46:12-05:00 ] NOTIC: [8] Use of undefined constant tb_products - assumed 'tb_products' ee35a240032da43137b01bc6e6c116e8.php 第 126 行.
[ 2012-01-08T20:46:12-05:00 ] NOTIC: [8] Use of undefined constant type - assumed 'type' ee35a240032da43137b01bc6e6c116e8.php 第 126 行.
[ 2012-01-08T20:46:16-05:00 ] SQL: SHOW COLUMNS FROM `ry_products` [ RunTime:0.003863s ]
[ 2012-01-08T20:46:16-05:00 ] SQL: SELECT ry_products.*, 
														ry_products_lang.plid, ry_products_lang.lang_code, ry_products_lang.name AS lang_name, ry_products_lang.description AS lang_description, 
														ry_region.* FROM `ry_products` LEFT JOIN ry_products_lang ON ry_products.pid = ry_products_lang.pid AND ry_products_lang.lang_code='en-us' LEFT JOIN ry_region ON ry_products.location_code = ry_region.region_code AND ry_region.region_lang_code='en-us' WHERE ( ry_products.pid = '6' ) LIMIT 1  [ RunTime:0.000537s ]
[ 2012-01-08T20:46:16-05:00 ] NOTIC: [8] Use of undefined constant tb_products - assumed 'tb_products' ee35a240032da43137b01bc6e6c116e8.php 第 126 行.
[ 2012-01-08T20:46:16-05:00 ] NOTIC: [8] Use of undefined constant type - assumed 'type' ee35a240032da43137b01bc6e6c116e8.php 第 126 行.
[ 2012-01-08T20:46:48-05:00 ] SQL: SHOW COLUMNS FROM `ry_products` [ RunTime:0.005290s ]
[ 2012-01-08T20:46:48-05:00 ] SQL: SELECT ry_products.*, 
														ry_products_lang.plid, ry_products_lang.lang_code, ry_products_lang.name AS lang_name, ry_products_lang.description AS lang_description, 
														ry_region.* FROM `ry_products` LEFT JOIN ry_products_lang ON ry_products.pid = ry_products_lang.pid AND ry_products_lang.lang_code='en-us' LEFT JOIN ry_region ON ry_products.location_code = ry_region.region_code AND ry_region.region_lang_code='en-us' WHERE ( ry_products.pid = '6' ) LIMIT 1  [ RunTime:0.002633s ]
[ 2012-01-08T20:46:48-05:00 ] NOTIC: [8] Use of undefined constant tb_products - assumed 'tb_products' ee35a240032da43137b01bc6e6c116e8.php 第 127 行.
[ 2012-01-08T20:46:48-05:00 ] NOTIC: [8] Use of undefined constant type - assumed 'type' ee35a240032da43137b01bc6e6c116e8.php 第 127 行.
[ 2012-01-08T20:46:51-05:00 ] SQL: SHOW COLUMNS FROM `ry_products` [ RunTime:0.004014s ]
[ 2012-01-08T20:46:51-05:00 ] SQL: SELECT ry_products.*, 
														ry_products_lang.plid, ry_products_lang.lang_code, ry_products_lang.name AS lang_name, ry_products_lang.description AS lang_description, 
														ry_region.* FROM `ry_products` LEFT JOIN ry_products_lang ON ry_products.pid = ry_products_lang.pid AND ry_products_lang.lang_code='en-us' LEFT JOIN ry_region ON ry_products.location_code = ry_region.region_code AND ry_region.region_lang_code='en-us' WHERE ( ry_products.pid = '6' ) LIMIT 1  [ RunTime:0.000537s ]
[ 2012-01-08T20:46:51-05:00 ] NOTIC: [8] Use of undefined constant tb_products - assumed 'tb_products' ee35a240032da43137b01bc6e6c116e8.php 第 127 行.
[ 2012-01-08T20:46:51-05:00 ] NOTIC: [8] Use of undefined constant type - assumed 'type' ee35a240032da43137b01bc6e6c116e8.php 第 127 行.
[ 2012-01-08T20:47:59-05:00 ] SQL: SHOW COLUMNS FROM `ry_products` [ RunTime:0.003860s ]
[ 2012-01-08T20:47:59-05:00 ] SQL: SELECT ry_products.*, 
														ry_products_lang.plid, ry_products_lang.lang_code, ry_products_lang.name AS lang_name, ry_products_lang.description AS lang_description, 
														ry_region.* FROM `ry_products` LEFT JOIN ry_products_lang ON ry_products.pid = ry_products_lang.pid AND ry_products_lang.lang_code='en-us' LEFT JOIN ry_region ON ry_products.location_code = ry_region.region_code AND ry_region.region_lang_code='en-us' WHERE ( ry_products.pid = '6' ) LIMIT 1  [ RunTime:0.000518s ]
[ 2012-01-08T20:47:59-05:00 ] NOTIC: [8] Use of undefined constant tb_products - assumed 'tb_products' ee35a240032da43137b01bc6e6c116e8.php 第 127 行.
[ 2012-01-08T20:47:59-05:00 ] NOTIC: [8] Use of undefined constant type - assumed 'type' ee35a240032da43137b01bc6e6c116e8.php 第 127 行.
[ 2012-01-08T20:49:39-05:00 ] SQL: SHOW COLUMNS FROM `ry_products` [ RunTime:0.004175s ]
[ 2012-01-08T20:49:39-05:00 ] SQL: SELECT ry_products.*, 
														ry_products_lang.plid, ry_products_lang.lang_code, ry_products_lang.name AS lang_name, ry_products_lang.description AS lang_description, 
														ry_region.* FROM `ry_products` LEFT JOIN ry_products_lang ON ry_products.pid = ry_products_lang.pid AND ry_products_lang.lang_code='en-us' LEFT JOIN ry_region ON ry_products.location_code = ry_region.region_code AND ry_region.region_lang_code='en-us' WHERE ( ry_products.pid = '6' ) LIMIT 1  [ RunTime:0.000628s ]
[ 2012-01-08T20:54:35-05:00 ] SQL: SHOW COLUMNS FROM `ry_products` [ RunTime:0.004267s ]
[ 2012-01-08T20:54:35-05:00 ] SQL: SELECT ry_products.*, 
														ry_products_lang.plid, ry_products_lang.lang_code, ry_products_lang.name AS lang_name, ry_products_lang.description AS lang_description, 
														ry_region.* FROM `ry_products` LEFT JOIN ry_products_lang ON ry_products.pid = ry_products_lang.pid AND ry_products_lang.lang_code='en-us' LEFT JOIN ry_region ON ry_products.location_code = ry_region.region_code AND ry_region.region_lang_code='en-us' WHERE ( ry_products.pid = '6' ) LIMIT 1  [ RunTime:0.000577s ]
[ 2012-01-08T20:54:43-05:00 ] SQL: SHOW COLUMNS FROM `ry_products` [ RunTime:0.004028s ]
[ 2012-01-08T20:54:43-05:00 ] SQL: SELECT ry_products.*, 
														ry_products_lang.plid, ry_products_lang.lang_code, ry_products_lang.name AS lang_name, ry_products_lang.description AS lang_description, 
														ry_region.* FROM `ry_products` LEFT JOIN ry_products_lang ON ry_products.pid = ry_products_lang.pid AND ry_products_lang.lang_code='zh-cn' LEFT JOIN ry_region ON ry_products.location_code = ry_region.region_code AND ry_region.region_lang_code='zh-cn' WHERE ( ry_products.pid = '6' ) LIMIT 1  [ RunTime:0.000709s ]
[ 2012-01-08T20:56:51-05:00 ] SQL: SHOW COLUMNS FROM `ry_products` [ RunTime:0.004206s ]
[ 2012-01-08T20:56:51-05:00 ] SQL: SELECT ry_products.*, 
														ry_products_lang.plid, ry_products_lang.lang_code, ry_products_lang.name AS lang_name, ry_products_lang.description AS lang_description, 
														ry_region.* FROM `ry_products` LEFT JOIN ry_products_lang ON ry_products.pid = ry_products_lang.pid AND ry_products_lang.lang_code='zh-cn' LEFT JOIN ry_region ON ry_products.location_code = ry_region.region_code AND ry_region.region_lang_code='zh-cn' WHERE ( ry_products.pid = '6' ) LIMIT 1  [ RunTime:0.000533s ]
[ 2012-01-08T20:57:10-05:00 ] SQL: SHOW COLUMNS FROM `ry_products` [ RunTime:0.003776s ]
[ 2012-01-08T20:57:10-05:00 ] SQL: SELECT ry_products.*, 
														ry_products_lang.plid, ry_products_lang.lang_code, ry_products_lang.name AS lang_name, ry_products_lang.description AS lang_description, 
														ry_region.* FROM `ry_products` LEFT JOIN ry_products_lang ON ry_products.pid = ry_products_lang.pid AND ry_products_lang.lang_code='zh-cn' LEFT JOIN ry_region ON ry_products.location_code = ry_region.region_code AND ry_region.region_lang_code='zh-cn' WHERE ( ry_products.pid = '6' ) LIMIT 1  [ RunTime:0.000519s ]
[ 2012-01-08T20:57:34-05:00 ] SQL: SHOW COLUMNS FROM `ry_products` [ RunTime:0.003863s ]
[ 2012-01-08T20:57:34-05:00 ] SQL: SELECT ry_products.*, 
														ry_products_lang.plid, ry_products_lang.lang_code, ry_products_lang.name AS lang_name, ry_products_lang.description AS lang_description, 
														ry_region.* FROM `ry_products` LEFT JOIN ry_products_lang ON ry_products.pid = ry_products_lang.pid AND ry_products_lang.lang_code='zh-cn' LEFT JOIN ry_region ON ry_products.location_code = ry_region.region_code AND ry_region.region_lang_code='zh-cn' WHERE ( ry_products.pid = '6' ) LIMIT 1  [ RunTime:0.000586s ]
