[ 2012-01-14T14:03:58-05:00 ] SQL: SHOW COLUMNS FROM `ry_users` [ RunTime:0.026269s ]
[ 2012-01-14T14:04:01-05:00 ] SQL: SHOW COLUMNS FROM `ry_users` [ RunTime:0.004254s ]
[ 2012-01-14T14:04:01-05:00 ] SQL: SELECT COUNT(*) AS tp_count FROM `ry_users` WHERE ( `user_name` = 'admin' ) AND ( `user_password` = 'e10adc3949ba59abbe56e057f20f883e' ) LIMIT 1  [ RunTime:0.000592s ]
[ 2012-01-14T14:04:01-05:00 ] SQL: SELECT * FROM `ry_users` WHERE ( `user_name` = 'admin' ) AND ( `user_password` = 'e10adc3949ba59abbe56e057f20f883e' ) LIMIT 1  [ RunTime:0.000339s ]
[ 2012-01-14T14:04:02-05:00 ] NOTIC: [2] file_get_contents(./index/Tpl/default/Public/page_left.html) [<a href='function.file-get-contents'>function.file-get-contents</a>]: failed to open stream: No such file or directory ThinkTemplate.class.php 第 770 行.
[ 2012-01-14T14:04:02-05:00 ] NOTIC: [2] file_get_contents(./index/Tpl/default/Public/slideshow.html) [<a href='function.file-get-contents'>function.file-get-contents</a>]: failed to open stream: No such file or directory ThinkTemplate.class.php 第 770 行.
[ 2012-01-14T14:04:02-05:00 ] NOTIC: [8] Undefined variable: msg 6f9ff6e3cd1727a9c4c714dfe3682b60.php 第 31 行.
[ 2012-01-14T14:04:02-05:00 ] NOTIC: [2] file_get_contents(./index/Tpl/default/Public/page_left.html) [<a href='function.file-get-contents'>function.file-get-contents</a>]: failed to open stream: No such file or directory ThinkTemplate.class.php 第 770 行.
[ 2012-01-14T14:04:02-05:00 ] NOTIC: [2] file_get_contents(./index/Tpl/default/Public/slideshow.html) [<a href='function.file-get-contents'>function.file-get-contents</a>]: failed to open stream: No such file or directory ThinkTemplate.class.php 第 770 行.
[ 2012-01-14T14:04:02-05:00 ] NOTIC: [8] Undefined variable: msg 6f9ff6e3cd1727a9c4c714dfe3682b60.php 第 31 行.
[ 2012-01-14T14:08:00-05:00 ] NOTIC: [2] file_get_contents(./index/Tpl/default/Public/page_left.html) [<a href='function.file-get-contents'>function.file-get-contents</a>]: failed to open stream: No such file or directory ThinkTemplate.class.php 第 770 行.
[ 2012-01-14T14:08:00-05:00 ] NOTIC: [2] file_get_contents(./index/Tpl/default/Public/slideshow.html) [<a href='function.file-get-contents'>function.file-get-contents</a>]: failed to open stream: No such file or directory ThinkTemplate.class.php 第 770 行.
[ 2012-01-14T14:08:00-05:00 ] NOTIC: [8] Undefined variable: msg 6f9ff6e3cd1727a9c4c714dfe3682b60.php 第 31 行.
[ 2012-01-14T14:08:02-05:00 ] NOTIC: [2] file_get_contents(./index/Tpl/default/Public/page_left.html) [<a href='function.file-get-contents'>function.file-get-contents</a>]: failed to open stream: No such file or directory ThinkTemplate.class.php 第 770 行.
[ 2012-01-14T14:08:02-05:00 ] NOTIC: [2] file_get_contents(./index/Tpl/default/Public/slideshow.html) [<a href='function.file-get-contents'>function.file-get-contents</a>]: failed to open stream: No such file or directory ThinkTemplate.class.php 第 770 行.
[ 2012-01-14T14:08:02-05:00 ] NOTIC: [8] Undefined variable: msg 6f9ff6e3cd1727a9c4c714dfe3682b60.php 第 31 行.
[ 2012-01-14T14:08:03-05:00 ] NOTIC: [2] file_get_contents(./index/Tpl/default/Public/page_left.html) [<a href='function.file-get-contents'>function.file-get-contents</a>]: failed to open stream: No such file or directory ThinkTemplate.class.php 第 770 行.
[ 2012-01-14T14:08:03-05:00 ] NOTIC: [2] file_get_contents(./index/Tpl/default/Public/slideshow.html) [<a href='function.file-get-contents'>function.file-get-contents</a>]: failed to open stream: No such file or directory ThinkTemplate.class.php 第 770 行.
[ 2012-01-14T14:08:03-05:00 ] NOTIC: [8] Undefined variable: msg 6f9ff6e3cd1727a9c4c714dfe3682b60.php 第 31 行.
[ 2012-01-14T14:08:05-05:00 ] NOTIC: [2] file_get_contents(./index/Tpl/default/Public/page_left.html) [<a href='function.file-get-contents'>function.file-get-contents</a>]: failed to open stream: No such file or directory ThinkTemplate.class.php 第 770 行.
[ 2012-01-14T14:08:05-05:00 ] NOTIC: [2] file_get_contents(./index/Tpl/default/Public/slideshow.html) [<a href='function.file-get-contents'>function.file-get-contents</a>]: failed to open stream: No such file or directory ThinkTemplate.class.php 第 770 行.
[ 2012-01-14T14:08:05-05:00 ] NOTIC: [8] Undefined variable: msg 6f9ff6e3cd1727a9c4c714dfe3682b60.php 第 31 行.
[ 2012-01-14T14:09:52-05:00 ] NOTIC: [2] file_get_contents(./index/Tpl/default/Public/page_left.html) [<a href='function.file-get-contents'>function.file-get-contents</a>]: failed to open stream: No such file or directory ThinkTemplate.class.php 第 770 行.
[ 2012-01-14T14:09:52-05:00 ] NOTIC: [2] file_get_contents(./index/Tpl/default/Public/slideshow.html) [<a href='function.file-get-contents'>function.file-get-contents</a>]: failed to open stream: No such file or directory ThinkTemplate.class.php 第 770 行.
[ 2012-01-14T14:09:52-05:00 ] NOTIC: [8] Undefined variable: msg 6f9ff6e3cd1727a9c4c714dfe3682b60.php 第 31 行.
[ 2012-01-14T14:11:04-05:00 ] SQL: SHOW COLUMNS FROM `ry_products` [ RunTime:0.004131s ]
[ 2012-01-14T14:11:04-05:00 ] SQL: SHOW COLUMNS FROM `ry_products_cat` [ RunTime:0.003761s ]
[ 2012-01-14T14:11:04-05:00 ] SQL: SELECT * FROM `ry_products_cat` WHERE ( ry_products_cat.parent_id = '0?l=en-us' ) AND ( ry_products_cat.is_show = 1 ) [ RunTime:0.000775s ]
[ 2012-01-14T14:11:04-05:00 ] SQL: SELECT COUNT(*) AS tp_count FROM `ry_products` LEFT JOIN ry_products_lang ON ry_products.pid = ry_products_lang.pid AND ry_products_lang.lang_code='zh-cn' WHERE ( ry_products.cat_id IN ('0?l=en-us','18','17','8','9','10','11','12','13','14','15','16','19','20','21','22','23','24','25','26','27','28','29','30','31','32','33','34','35','36','37','38','39','40','41','42','43','44','45','46','47','48','67') ) AND ( ry_products.type = 1 ) LIMIT 1  [ RunTime:0.000728s ]
[ 2012-01-14T14:11:04-05:00 ] SQL: SELECT ry_products.*, 
														ry_products_lang.plid, ry_products_lang.lang_code, ry_products_lang.name AS lang_name, ry_products_lang.description AS lang_description, 
														ry_region.* FROM `ry_products` LEFT JOIN ry_products_lang ON ry_products.pid = ry_products_lang.pid AND ry_products_lang.lang_code='zh-cn' LEFT JOIN ry_region ON ry_products.location_code = ry_region.region_code AND ry_region.region_lang_code='zh-cn' WHERE ( ry_products.cat_id IN ('0?l=en-us','18','17','8','9','10','11','12','13','14','15','16','19','20','21','22','23','24','25','26','27','28','29','30','31','32','33','34','35','36','37','38','39','40','41','42','43','44','45','46','47','48','67') ) AND ( ry_products.type = 1 ) LIMIT 0,25  [ RunTime:0.000897s ]
[ 2012-01-14T14:11:04-05:00 ] NOTIC: [2] file_get_contents(./index/Tpl/default/Public/page_left.html) [<a href='function.file-get-contents'>function.file-get-contents</a>]: failed to open stream: No such file or directory ThinkTemplate.class.php 第 770 行.
[ 2012-01-14T14:11:28-05:00 ] SQL: SHOW COLUMNS FROM `ry_products` [ RunTime:0.004511s ]
[ 2012-01-14T14:11:28-05:00 ] SQL: SHOW COLUMNS FROM `ry_products_cat` [ RunTime:0.003821s ]
[ 2012-01-14T14:11:28-05:00 ] SQL: SELECT * FROM `ry_products_cat` WHERE ( ry_products_cat.parent_id = '0?l=en-us' ) AND ( ry_products_cat.is_show = 1 ) [ RunTime:0.000817s ]
[ 2012-01-14T14:11:28-05:00 ] SQL: SELECT COUNT(*) AS tp_count FROM `ry_products` LEFT JOIN ry_products_lang ON ry_products.pid = ry_products_lang.pid AND ry_products_lang.lang_code='zh-cn' WHERE ( ry_products.cat_id IN ('0?l=en-us','18','17','8','9','10','11','12','13','14','15','16','19','20','21','22','23','24','25','26','27','28','29','30','31','32','33','34','35','36','37','38','39','40','41','42','43','44','45','46','47','48','67') ) AND ( ry_products.type = 2 ) LIMIT 1  [ RunTime:0.000660s ]
[ 2012-01-14T14:11:28-05:00 ] SQL: SELECT ry_products.*, 
														ry_products_lang.plid, ry_products_lang.lang_code, ry_products_lang.name AS lang_name, ry_products_lang.description AS lang_description, 
														ry_region.* FROM `ry_products` LEFT JOIN ry_products_lang ON ry_products.pid = ry_products_lang.pid AND ry_products_lang.lang_code='zh-cn' LEFT JOIN ry_region ON ry_products.location_code = ry_region.region_code AND ry_region.region_lang_code='zh-cn' WHERE ( ry_products.cat_id IN ('0?l=en-us','18','17','8','9','10','11','12','13','14','15','16','19','20','21','22','23','24','25','26','27','28','29','30','31','32','33','34','35','36','37','38','39','40','41','42','43','44','45','46','47','48','67') ) AND ( ry_products.type = 2 ) LIMIT 0,25  [ RunTime:0.000750s ]
[ 2012-01-14T14:11:28-05:00 ] NOTIC: [2] file_get_contents(./index/Tpl/default/Public/page_left.html) [<a href='function.file-get-contents'>function.file-get-contents</a>]: failed to open stream: No such file or directory ThinkTemplate.class.php 第 770 行.
[ 2012-01-14T14:12:16-05:00 ] SQL: SHOW COLUMNS FROM `ry_products` [ RunTime:0.004225s ]
[ 2012-01-14T14:12:16-05:00 ] SQL: SHOW COLUMNS FROM `ry_products_cat` [ RunTime:0.003882s ]
[ 2012-01-14T14:12:16-05:00 ] SQL: SELECT * FROM `ry_products_cat` WHERE ( ry_products_cat.parent_id = '0?l=en-us' ) AND ( ry_products_cat.is_show = 1 ) [ RunTime:0.000838s ]
[ 2012-01-14T14:12:16-05:00 ] SQL: SELECT COUNT(*) AS tp_count FROM `ry_products` LEFT JOIN ry_products_lang ON ry_products.pid = ry_products_lang.pid AND ry_products_lang.lang_code='zh-cn' WHERE ( ry_products.cat_id IN ('0?l=en-us','18','17','8','9','10','11','12','13','14','15','16','19','20','21','22','23','24','25','26','27','28','29','30','31','32','33','34','35','36','37','38','39','40','41','42','43','44','45','46','47','48','67') ) AND ( ry_products.type = 2 ) LIMIT 1  [ RunTime:0.000523s ]
[ 2012-01-14T14:12:16-05:00 ] SQL: SELECT ry_products.*, 
														ry_products_lang.plid, ry_products_lang.lang_code, ry_products_lang.name AS lang_name, ry_products_lang.description AS lang_description, 
														ry_region.* FROM `ry_products` LEFT JOIN ry_products_lang ON ry_products.pid = ry_products_lang.pid AND ry_products_lang.lang_code='zh-cn' LEFT JOIN ry_region ON ry_products.location_code = ry_region.region_code AND ry_region.region_lang_code='zh-cn' WHERE ( ry_products.cat_id IN ('0?l=en-us','18','17','8','9','10','11','12','13','14','15','16','19','20','21','22','23','24','25','26','27','28','29','30','31','32','33','34','35','36','37','38','39','40','41','42','43','44','45','46','47','48','67') ) AND ( ry_products.type = 2 ) LIMIT 0,25  [ RunTime:0.000683s ]
[ 2012-01-14T14:12:16-05:00 ] NOTIC: [2] file_get_contents(./index/Tpl/default/Public/page_left.html) [<a href='function.file-get-contents'>function.file-get-contents</a>]: failed to open stream: No such file or directory ThinkTemplate.class.php 第 770 行.
[ 2012-01-14T14:13:25-05:00 ] SQL: SHOW COLUMNS FROM `ry_products` [ RunTime:0.004341s ]
[ 2012-01-14T14:13:25-05:00 ] SQL: SELECT ry_products.*, 
														ry_products_lang.plid, ry_products_lang.lang_code, ry_products_lang.name AS lang_name, ry_products_lang.description AS lang_description, 
														ry_region.* FROM `ry_products` LEFT JOIN ry_products_lang ON ry_products.pid = ry_products_lang.pid AND ry_products_lang.lang_code='zh-cn' LEFT JOIN ry_region ON ry_products.location_code = ry_region.region_code AND ry_region.region_lang_code='zh-cn' WHERE ( ry_products.pid = '18' ) LIMIT 1  [ RunTime:0.000642s ]
[ 2012-01-14T14:14:14-05:00 ] SQL: SHOW COLUMNS FROM `ry_products` [ RunTime:0.004335s ]
[ 2012-01-14T14:14:14-05:00 ] SQL: SELECT ry_products.*, 
														ry_products_lang.plid, ry_products_lang.lang_code, ry_products_lang.name AS lang_name, ry_products_lang.description AS lang_description, 
														ry_region.* FROM `ry_products` LEFT JOIN ry_products_lang ON ry_products.pid = ry_products_lang.pid AND ry_products_lang.lang_code='zh-cn' LEFT JOIN ry_region ON ry_products.location_code = ry_region.region_code AND ry_region.region_lang_code='zh-cn' WHERE ( ry_products.pid = '18' ) LIMIT 1  [ RunTime:0.000689s ]
[ 2012-01-14T14:14:17-05:00 ] SQL: SHOW COLUMNS FROM `ry_products` [ RunTime:0.004460s ]
[ 2012-01-14T14:14:17-05:00 ] SQL: SELECT ry_products.*, 
														ry_products_lang.plid, ry_products_lang.lang_code, ry_products_lang.name AS lang_name, ry_products_lang.description AS lang_description, 
														ry_region.* FROM `ry_products` LEFT JOIN ry_products_lang ON ry_products.pid = ry_products_lang.pid AND ry_products_lang.lang_code='zh-cn' LEFT JOIN ry_region ON ry_products.location_code = ry_region.region_code AND ry_region.region_lang_code='zh-cn' WHERE ( ry_products.pid = '18' ) LIMIT 1  [ RunTime:0.000664s ]
[ 2012-01-14T14:33:59-05:00 ] SQL: SHOW COLUMNS FROM `ry_products` [ RunTime:0.004977s ]
[ 2012-01-14T14:33:59-05:00 ] SQL: SELECT ry_products.*, 
														ry_products_lang.plid, ry_products_lang.lang_code, ry_products_lang.name AS lang_name, ry_products_lang.description AS lang_description, 
														ry_region.* FROM `ry_products` LEFT JOIN ry_products_lang ON ry_products.pid = ry_products_lang.pid AND ry_products_lang.lang_code='zh-cn' LEFT JOIN ry_region ON ry_products.location_code = ry_region.region_code AND ry_region.region_lang_code='zh-cn' WHERE ( ry_products.pid = '18' ) LIMIT 1  [ RunTime:0.002049s ]
[ 2012-01-14T14:34:07-05:00 ] SQL: SHOW COLUMNS FROM `ry_products` [ RunTime:0.004063s ]
[ 2012-01-14T14:34:07-05:00 ] SQL: SHOW COLUMNS FROM `ry_products_cat` [ RunTime:0.004932s ]
[ 2012-01-14T14:34:07-05:00 ] SQL: SELECT * FROM `ry_products_cat` WHERE ( ry_products_cat.parent_id = '0?l=en-us' ) AND ( ry_products_cat.is_show = 1 ) [ RunTime:0.000799s ]
[ 2012-01-14T14:34:07-05:00 ] SQL: SELECT COUNT(*) AS tp_count FROM `ry_products` LEFT JOIN ry_products_lang ON ry_products.pid = ry_products_lang.pid AND ry_products_lang.lang_code='zh-cn' WHERE ( ry_products.cat_id IN ('0?l=en-us','18','17','8','9','10','11','12','13','14','15','16','19','20','21','22','23','24','25','26','27','28','29','30','31','32','33','34','35','36','37','38','39','40','41','42','43','44','45','46','47','48','67') ) AND ( ry_products.type = 2 ) LIMIT 1  [ RunTime:0.000569s ]
[ 2012-01-14T14:34:07-05:00 ] SQL: SELECT ry_products.*, 
														ry_products_lang.plid, ry_products_lang.lang_code, ry_products_lang.name AS lang_name, ry_products_lang.description AS lang_description, 
														ry_region.* FROM `ry_products` LEFT JOIN ry_products_lang ON ry_products.pid = ry_products_lang.pid AND ry_products_lang.lang_code='zh-cn' LEFT JOIN ry_region ON ry_products.location_code = ry_region.region_code AND ry_region.region_lang_code='zh-cn' WHERE ( ry_products.cat_id IN ('0?l=en-us','18','17','8','9','10','11','12','13','14','15','16','19','20','21','22','23','24','25','26','27','28','29','30','31','32','33','34','35','36','37','38','39','40','41','42','43','44','45','46','47','48','67') ) AND ( ry_products.type = 2 ) LIMIT 0,25  [ RunTime:0.000621s ]
[ 2012-01-14T14:34:07-05:00 ] NOTIC: [2] file_get_contents(./index/Tpl/default/Public/page_left.html) [<a href='function.file-get-contents'>function.file-get-contents</a>]: failed to open stream: No such file or directory ThinkTemplate.class.php 第 770 行.
[ 2012-01-14T14:34:21-05:00 ] SQL: SHOW COLUMNS FROM `ry_products` [ RunTime:0.004399s ]
[ 2012-01-14T14:34:21-05:00 ] SQL: SHOW COLUMNS FROM `ry_products_cat` [ RunTime:0.003871s ]
[ 2012-01-14T14:34:21-05:00 ] SQL: SELECT * FROM `ry_products_cat` WHERE ( ry_products_cat.parent_id = '0?l=en-us' ) AND ( ry_products_cat.is_show = 1 ) [ RunTime:0.000785s ]
[ 2012-01-14T14:34:21-05:00 ] SQL: SELECT COUNT(*) AS tp_count FROM `ry_products` LEFT JOIN ry_products_lang ON ry_products.pid = ry_products_lang.pid AND ry_products_lang.lang_code='zh-cn' WHERE ( ry_products.cat_id IN ('0?l=en-us','18','17','8','9','10','11','12','13','14','15','16','19','20','21','22','23','24','25','26','27','28','29','30','31','32','33','34','35','36','37','38','39','40','41','42','43','44','45','46','47','48','67') ) AND ( ry_products.type = 2 ) LIMIT 1  [ RunTime:0.000914s ]
[ 2012-01-14T14:34:21-05:00 ] SQL: SELECT ry_products.*, 
														ry_products_lang.plid, ry_products_lang.lang_code, ry_products_lang.name AS lang_name, ry_products_lang.description AS lang_description, 
														ry_region.* FROM `ry_products` LEFT JOIN ry_products_lang ON ry_products.pid = ry_products_lang.pid AND ry_products_lang.lang_code='zh-cn' LEFT JOIN ry_region ON ry_products.location_code = ry_region.region_code AND ry_region.region_lang_code='zh-cn' WHERE ( ry_products.cat_id IN ('0?l=en-us','18','17','8','9','10','11','12','13','14','15','16','19','20','21','22','23','24','25','26','27','28','29','30','31','32','33','34','35','36','37','38','39','40','41','42','43','44','45','46','47','48','67') ) AND ( ry_products.type = 2 ) LIMIT 0,25  [ RunTime:0.000817s ]
[ 2012-01-14T14:34:21-05:00 ] NOTIC: [2] file_get_contents(./index/Tpl/default/Public/page_left.html) [<a href='function.file-get-contents'>function.file-get-contents</a>]: failed to open stream: No such file or directory ThinkTemplate.class.php 第 770 行.
[ 2012-01-14T14:34:23-05:00 ] SQL: SHOW COLUMNS FROM `ry_products` [ RunTime:0.003988s ]
[ 2012-01-14T14:34:23-05:00 ] SQL: SHOW COLUMNS FROM `ry_products_cat` [ RunTime:0.003620s ]
[ 2012-01-14T14:34:23-05:00 ] SQL: SELECT * FROM `ry_products_cat` WHERE ( ry_products_cat.parent_id = '0?l=en-us' ) AND ( ry_products_cat.is_show = 1 ) [ RunTime:0.000812s ]
[ 2012-01-14T14:34:23-05:00 ] SQL: SELECT COUNT(*) AS tp_count FROM `ry_products` LEFT JOIN ry_products_lang ON ry_products.pid = ry_products_lang.pid AND ry_products_lang.lang_code='zh-cn' WHERE ( ry_products.cat_id IN ('0?l=en-us','18','17','8','9','10','11','12','13','14','15','16','19','20','21','22','23','24','25','26','27','28','29','30','31','32','33','34','35','36','37','38','39','40','41','42','43','44','45','46','47','48','67') ) AND ( ry_products.type = 2 ) LIMIT 1  [ RunTime:0.000658s ]
[ 2012-01-14T14:34:23-05:00 ] SQL: SELECT ry_products.*, 
														ry_products_lang.plid, ry_products_lang.lang_code, ry_products_lang.name AS lang_name, ry_products_lang.description AS lang_description, 
														ry_region.* FROM `ry_products` LEFT JOIN ry_products_lang ON ry_products.pid = ry_products_lang.pid AND ry_products_lang.lang_code='zh-cn' LEFT JOIN ry_region ON ry_products.location_code = ry_region.region_code AND ry_region.region_lang_code='zh-cn' WHERE ( ry_products.cat_id IN ('0?l=en-us','18','17','8','9','10','11','12','13','14','15','16','19','20','21','22','23','24','25','26','27','28','29','30','31','32','33','34','35','36','37','38','39','40','41','42','43','44','45','46','47','48','67') ) AND ( ry_products.type = 2 ) LIMIT 0,25  [ RunTime:0.000661s ]
[ 2012-01-14T14:34:23-05:00 ] NOTIC: [2] file_get_contents(./index/Tpl/default/Public/page_left.html) [<a href='function.file-get-contents'>function.file-get-contents</a>]: failed to open stream: No such file or directory ThinkTemplate.class.php 第 770 行.
[ 2012-01-14T14:34:29-05:00 ] SQL: SHOW COLUMNS FROM `ry_products` [ RunTime:0.004181s ]
[ 2012-01-14T14:34:29-05:00 ] SQL: SHOW COLUMNS FROM `ry_products_cat` [ RunTime:0.003672s ]
[ 2012-01-14T14:34:29-05:00 ] SQL: SELECT * FROM `ry_products_cat` WHERE ( ry_products_cat.parent_id = '0' ) AND ( ry_products_cat.is_show = 1 ) [ RunTime:0.000721s ]
[ 2012-01-14T14:34:29-05:00 ] SQL: SELECT COUNT(*) AS tp_count FROM `ry_products` LEFT JOIN ry_products_lang ON ry_products.pid = ry_products_lang.pid AND ry_products_lang.lang_code='zh-cn' WHERE ( ry_products.cat_id IN ('0','18','17','8','9','10','11','12','13','14','15','16','19','20','21','22','23','24','25','26','27','28','29','30','31','32','33','34','35','36','37','38','39','40','41','42','43','44','45','46','47','48','67') ) AND ( ry_products.type = 1 ) LIMIT 1  [ RunTime:0.000704s ]
[ 2012-01-14T14:34:29-05:00 ] SQL: SELECT ry_products.*, 
														ry_products_lang.plid, ry_products_lang.lang_code, ry_products_lang.name AS lang_name, ry_products_lang.description AS lang_description, 
														ry_region.* FROM `ry_products` LEFT JOIN ry_products_lang ON ry_products.pid = ry_products_lang.pid AND ry_products_lang.lang_code='zh-cn' LEFT JOIN ry_region ON ry_products.location_code = ry_region.region_code AND ry_region.region_lang_code='zh-cn' WHERE ( ry_products.cat_id IN ('0','18','17','8','9','10','11','12','13','14','15','16','19','20','21','22','23','24','25','26','27','28','29','30','31','32','33','34','35','36','37','38','39','40','41','42','43','44','45','46','47','48','67') ) AND ( ry_products.type = 1 ) LIMIT 0,25  [ RunTime:0.000882s ]
[ 2012-01-14T14:34:29-05:00 ] NOTIC: [2] file_get_contents(./index/Tpl/default/Public/page_left.html) [<a href='function.file-get-contents'>function.file-get-contents</a>]: failed to open stream: No such file or directory ThinkTemplate.class.php 第 770 行.
[ 2012-01-14T14:34:32-05:00 ] SQL: SHOW COLUMNS FROM `ry_products` [ RunTime:0.004499s ]
[ 2012-01-14T14:34:32-05:00 ] SQL: SELECT ry_products.*, 
														ry_products_lang.plid, ry_products_lang.lang_code, ry_products_lang.name AS lang_name, ry_products_lang.description AS lang_description, 
														ry_region.* FROM `ry_products` LEFT JOIN ry_products_lang ON ry_products.pid = ry_products_lang.pid AND ry_products_lang.lang_code='zh-cn' LEFT JOIN ry_region ON ry_products.location_code = ry_region.region_code AND ry_region.region_lang_code='zh-cn' WHERE ( ry_products.pid = '6' ) LIMIT 1  [ RunTime:0.000783s ]
[ 2012-01-14T14:34:34-05:00 ] SQL: SHOW COLUMNS FROM `ry_products` [ RunTime:0.004092s ]
[ 2012-01-14T14:34:34-05:00 ] SQL: SHOW COLUMNS FROM `ry_products_cat` [ RunTime:0.003581s ]
[ 2012-01-14T14:34:34-05:00 ] SQL: SELECT * FROM `ry_products_cat` WHERE ( ry_products_cat.parent_id = '0' ) AND ( ry_products_cat.is_show = 1 ) [ RunTime:0.000708s ]
[ 2012-01-14T14:34:34-05:00 ] SQL: SELECT COUNT(*) AS tp_count FROM `ry_products` LEFT JOIN ry_products_lang ON ry_products.pid = ry_products_lang.pid AND ry_products_lang.lang_code='zh-cn' WHERE ( ry_products.cat_id IN ('0','18','17','8','9','10','11','12','13','14','15','16','19','20','21','22','23','24','25','26','27','28','29','30','31','32','33','34','35','36','37','38','39','40','41','42','43','44','45','46','47','48','67') ) AND ( ry_products.type = 1 ) LIMIT 1  [ RunTime:0.000733s ]
[ 2012-01-14T14:34:34-05:00 ] SQL: SELECT ry_products.*, 
														ry_products_lang.plid, ry_products_lang.lang_code, ry_products_lang.name AS lang_name, ry_products_lang.description AS lang_description, 
														ry_region.* FROM `ry_products` LEFT JOIN ry_products_lang ON ry_products.pid = ry_products_lang.pid AND ry_products_lang.lang_code='zh-cn' LEFT JOIN ry_region ON ry_products.location_code = ry_region.region_code AND ry_region.region_lang_code='zh-cn' WHERE ( ry_products.cat_id IN ('0','18','17','8','9','10','11','12','13','14','15','16','19','20','21','22','23','24','25','26','27','28','29','30','31','32','33','34','35','36','37','38','39','40','41','42','43','44','45','46','47','48','67') ) AND ( ry_products.type = 1 ) LIMIT 0,25  [ RunTime:0.000911s ]
[ 2012-01-14T14:34:34-05:00 ] NOTIC: [2] file_get_contents(./index/Tpl/default/Public/page_left.html) [<a href='function.file-get-contents'>function.file-get-contents</a>]: failed to open stream: No such file or directory ThinkTemplate.class.php 第 770 行.
[ 2012-01-14T14:34:37-05:00 ] SQL: SHOW COLUMNS FROM `ry_products` [ RunTime:0.004230s ]
[ 2012-01-14T14:34:37-05:00 ] SQL: SELECT ry_products.*, 
														ry_products_lang.plid, ry_products_lang.lang_code, ry_products_lang.name AS lang_name, ry_products_lang.description AS lang_description, 
														ry_region.* FROM `ry_products` LEFT JOIN ry_products_lang ON ry_products.pid = ry_products_lang.pid AND ry_products_lang.lang_code='zh-cn' LEFT JOIN ry_region ON ry_products.location_code = ry_region.region_code AND ry_region.region_lang_code='zh-cn' WHERE ( ry_products.pid = '6' ) LIMIT 1  [ RunTime:0.000578s ]
[ 2012-01-14T14:34:39-05:00 ] SQL: SHOW COLUMNS FROM `ry_products` [ RunTime:0.004275s ]
[ 2012-01-14T14:34:39-05:00 ] SQL: SHOW COLUMNS FROM `ry_products_cat` [ RunTime:0.003961s ]
[ 2012-01-14T14:34:39-05:00 ] SQL: SELECT * FROM `ry_products_cat` WHERE ( ry_products_cat.parent_id = '0' ) AND ( ry_products_cat.is_show = 1 ) [ RunTime:0.000800s ]
[ 2012-01-14T14:34:39-05:00 ] SQL: SELECT COUNT(*) AS tp_count FROM `ry_products` LEFT JOIN ry_products_lang ON ry_products.pid = ry_products_lang.pid AND ry_products_lang.lang_code='zh-cn' WHERE ( ry_products.cat_id IN ('0','18','17','8','9','10','11','12','13','14','15','16','19','20','21','22','23','24','25','26','27','28','29','30','31','32','33','34','35','36','37','38','39','40','41','42','43','44','45','46','47','48','67') ) AND ( ry_products.type = 1 ) LIMIT 1  [ RunTime:0.000656s ]
[ 2012-01-14T14:34:39-05:00 ] SQL: SELECT ry_products.*, 
														ry_products_lang.plid, ry_products_lang.lang_code, ry_products_lang.name AS lang_name, ry_products_lang.description AS lang_description, 
														ry_region.* FROM `ry_products` LEFT JOIN ry_products_lang ON ry_products.pid = ry_products_lang.pid AND ry_products_lang.lang_code='zh-cn' LEFT JOIN ry_region ON ry_products.location_code = ry_region.region_code AND ry_region.region_lang_code='zh-cn' WHERE ( ry_products.cat_id IN ('0','18','17','8','9','10','11','12','13','14','15','16','19','20','21','22','23','24','25','26','27','28','29','30','31','32','33','34','35','36','37','38','39','40','41','42','43','44','45','46','47','48','67') ) AND ( ry_products.type = 1 ) LIMIT 0,25  [ RunTime:0.001014s ]
[ 2012-01-14T14:34:39-05:00 ] NOTIC: [2] file_get_contents(./index/Tpl/default/Public/page_left.html) [<a href='function.file-get-contents'>function.file-get-contents</a>]: failed to open stream: No such file or directory ThinkTemplate.class.php 第 770 行.
[ 2012-01-14T14:34:40-05:00 ] SQL: SHOW COLUMNS FROM `ry_products` [ RunTime:0.004426s ]
[ 2012-01-14T14:34:40-05:00 ] SQL: SELECT ry_products.*, 
														ry_products_lang.plid, ry_products_lang.lang_code, ry_products_lang.name AS lang_name, ry_products_lang.description AS lang_description, 
														ry_region.* FROM `ry_products` LEFT JOIN ry_products_lang ON ry_products.pid = ry_products_lang.pid AND ry_products_lang.lang_code='zh-cn' LEFT JOIN ry_region ON ry_products.location_code = ry_region.region_code AND ry_region.region_lang_code='zh-cn' WHERE ( ry_products.pid = '6' ) LIMIT 1  [ RunTime:0.000576s ]
[ 2012-01-14T14:34:44-05:00 ] SQL: SHOW COLUMNS FROM `ry_products` [ RunTime:0.003997s ]
[ 2012-01-14T14:34:44-05:00 ] SQL: SHOW COLUMNS FROM `ry_products_cat` [ RunTime:0.003617s ]
[ 2012-01-14T14:34:44-05:00 ] SQL: SELECT * FROM `ry_products_cat` WHERE ( ry_products_cat.parent_id = '0' ) AND ( ry_products_cat.is_show = 1 ) [ RunTime:0.000698s ]
[ 2012-01-14T14:34:44-05:00 ] SQL: SELECT COUNT(*) AS tp_count FROM `ry_products` LEFT JOIN ry_products_lang ON ry_products.pid = ry_products_lang.pid AND ry_products_lang.lang_code='zh-cn' WHERE ( ry_products.cat_id IN ('0','18','17','8','9','10','11','12','13','14','15','16','19','20','21','22','23','24','25','26','27','28','29','30','31','32','33','34','35','36','37','38','39','40','41','42','43','44','45','46','47','48','67') ) AND ( ry_products.type = 1 ) LIMIT 1  [ RunTime:0.000721s ]
[ 2012-01-14T14:34:44-05:00 ] SQL: SELECT ry_products.*, 
														ry_products_lang.plid, ry_products_lang.lang_code, ry_products_lang.name AS lang_name, ry_products_lang.description AS lang_description, 
														ry_region.* FROM `ry_products` LEFT JOIN ry_products_lang ON ry_products.pid = ry_products_lang.pid AND ry_products_lang.lang_code='zh-cn' LEFT JOIN ry_region ON ry_products.location_code = ry_region.region_code AND ry_region.region_lang_code='zh-cn' WHERE ( ry_products.cat_id IN ('0','18','17','8','9','10','11','12','13','14','15','16','19','20','21','22','23','24','25','26','27','28','29','30','31','32','33','34','35','36','37','38','39','40','41','42','43','44','45','46','47','48','67') ) AND ( ry_products.type = 1 ) LIMIT 0,25  [ RunTime:0.000861s ]
[ 2012-01-14T14:34:44-05:00 ] NOTIC: [2] file_get_contents(./index/Tpl/default/Public/page_left.html) [<a href='function.file-get-contents'>function.file-get-contents</a>]: failed to open stream: No such file or directory ThinkTemplate.class.php 第 770 行.
[ 2012-01-14T14:34:45-05:00 ] SQL: SHOW COLUMNS FROM `ry_products` [ RunTime:0.004124s ]
[ 2012-01-14T14:34:45-05:00 ] SQL: SELECT ry_products.*, 
														ry_products_lang.plid, ry_products_lang.lang_code, ry_products_lang.name AS lang_name, ry_products_lang.description AS lang_description, 
														ry_region.* FROM `ry_products` LEFT JOIN ry_products_lang ON ry_products.pid = ry_products_lang.pid AND ry_products_lang.lang_code='zh-cn' LEFT JOIN ry_region ON ry_products.location_code = ry_region.region_code AND ry_region.region_lang_code='zh-cn' WHERE ( ry_products.pid = '6' ) LIMIT 1  [ RunTime:0.000559s ]
[ 2012-01-14T14:37:26-05:00 ] SQL: SHOW COLUMNS FROM `ry_products` [ RunTime:0.004310s ]
[ 2012-01-14T14:37:26-05:00 ] SQL: SELECT ry_products.*, 
														ry_products_lang.plid, ry_products_lang.lang_code, ry_products_lang.name AS lang_name, ry_products_lang.description AS lang_description, 
														ry_region.* FROM `ry_products` LEFT JOIN ry_products_lang ON ry_products.pid = ry_products_lang.pid AND ry_products_lang.lang_code='zh-cn' LEFT JOIN ry_region ON ry_products.location_code = ry_region.region_code AND ry_region.region_lang_code='zh-cn' WHERE ( ry_products.pid = '6' ) LIMIT 1  [ RunTime:0.000696s ]
[ 2012-01-14T14:37:28-05:00 ] SQL: SHOW COLUMNS FROM `ry_products` [ RunTime:0.004046s ]
[ 2012-01-14T14:37:28-05:00 ] SQL: SELECT ry_products.*, 
														ry_products_lang.plid, ry_products_lang.lang_code, ry_products_lang.name AS lang_name, ry_products_lang.description AS lang_description, 
														ry_region.* FROM `ry_products` LEFT JOIN ry_products_lang ON ry_products.pid = ry_products_lang.pid AND ry_products_lang.lang_code='zh-cn' LEFT JOIN ry_region ON ry_products.location_code = ry_region.region_code AND ry_region.region_lang_code='zh-cn' WHERE ( ry_products.pid = '6' ) LIMIT 1  [ RunTime:0.000545s ]
[ 2012-01-14T14:37:31-05:00 ] SQL: SHOW COLUMNS FROM `ry_page` [ RunTime:0.005117s ]
[ 2012-01-14T14:37:31-05:00 ] SQL: SELECT ry_page.*, 
									 			ry_page_lang.page_lang_id AS tj_id, 
												ry_page_lang.page_id AS tjfk_page_id, 
												ry_page_lang.lang_code AS tj_lang_name, 
												ry_page_lang.lang_name AS tj_title,
												ry_page_lang.page_title AS tj_summary,
												ry_page_lang.page_summary AS tj_summary,
												ry_page_lang.page_content AS tj_content FROM `ry_page` LEFT JOIN ry_page_lang on ry_page.page_id = ry_page_lang.page_id  WHERE ( ry_page.page_id = '1' ) AND ( `lang_code` = 'zh-cn' ) LIMIT 1  [ RunTime:0.001272s ]
[ 2012-01-14T14:37:35-05:00 ] SQL: SHOW COLUMNS FROM `ry_page` [ RunTime:0.004113s ]
[ 2012-01-14T14:37:35-05:00 ] SQL: SELECT ry_page.*, 
									 			ry_page_lang.page_lang_id AS tj_id, 
												ry_page_lang.page_id AS tjfk_page_id, 
												ry_page_lang.lang_code AS tj_lang_name, 
												ry_page_lang.lang_name AS tj_title,
												ry_page_lang.page_title AS tj_summary,
												ry_page_lang.page_summary AS tj_summary,
												ry_page_lang.page_content AS tj_content FROM `ry_page` LEFT JOIN ry_page_lang on ry_page.page_id = ry_page_lang.page_id  WHERE ( ry_page.page_id = '1' ) AND ( `lang_code` = 'zh-cn' ) LIMIT 1  [ RunTime:0.000562s ]
[ 2012-01-14T14:37:36-05:00 ] SQL: SHOW COLUMNS FROM `ry_products` [ RunTime:0.004216s ]
[ 2012-01-14T14:37:36-05:00 ] SQL: SHOW COLUMNS FROM `ry_products_cat` [ RunTime:0.003931s ]
[ 2012-01-14T14:37:36-05:00 ] SQL: SELECT * FROM `ry_products_cat` WHERE ( ry_products_cat.parent_id = '0' ) AND ( ry_products_cat.is_show = 1 ) [ RunTime:0.000759s ]
[ 2012-01-14T14:37:36-05:00 ] SQL: SELECT COUNT(*) AS tp_count FROM `ry_products` LEFT JOIN ry_products_lang ON ry_products.pid = ry_products_lang.pid AND ry_products_lang.lang_code='zh-cn' WHERE ( ry_products.cat_id IN ('0','18','17','8','9','10','11','12','13','14','15','16','19','20','21','22','23','24','25','26','27','28','29','30','31','32','33','34','35','36','37','38','39','40','41','42','43','44','45','46','47','48','67') ) AND ( ry_products.type = 1 ) LIMIT 1  [ RunTime:0.000601s ]
[ 2012-01-14T14:37:36-05:00 ] SQL: SELECT ry_products.*, 
														ry_products_lang.plid, ry_products_lang.lang_code, ry_products_lang.name AS lang_name, ry_products_lang.description AS lang_description, 
														ry_region.* FROM `ry_products` LEFT JOIN ry_products_lang ON ry_products.pid = ry_products_lang.pid AND ry_products_lang.lang_code='zh-cn' LEFT JOIN ry_region ON ry_products.location_code = ry_region.region_code AND ry_region.region_lang_code='zh-cn' WHERE ( ry_products.cat_id IN ('0','18','17','8','9','10','11','12','13','14','15','16','19','20','21','22','23','24','25','26','27','28','29','30','31','32','33','34','35','36','37','38','39','40','41','42','43','44','45','46','47','48','67') ) AND ( ry_products.type = 1 ) LIMIT 0,25  [ RunTime:0.000887s ]
[ 2012-01-14T14:37:36-05:00 ] NOTIC: [2] file_get_contents(./index/Tpl/default/Public/page_left.html) [<a href='function.file-get-contents'>function.file-get-contents</a>]: failed to open stream: No such file or directory ThinkTemplate.class.php 第 770 行.
