[ 2011-10-29T21:48:29+08:00 ] SQL: SHOW COLUMNS FROM `ry_users` [ RunTime:0.013091s ]
[ 2011-10-29T21:48:31+08:00 ] SQL: SHOW COLUMNS FROM `ry_users` [ RunTime:0.011341s ]
[ 2011-10-29T21:48:31+08:00 ] SQL: SELECT COUNT(*) AS tp_count FROM `ry_users` WHERE ( `user_name` = 'admin' ) AND ( `user_password` = 'e10adc3949ba59abbe56e057f20f883e' ) LIMIT 1  [ RunTime:0.001155s ]
[ 2011-10-29T21:48:31+08:00 ] SQL: SELECT * FROM `ry_users` WHERE ( `user_name` = 'admin' ) AND ( `user_password` = 'e10adc3949ba59abbe56e057f20f883e' ) LIMIT 1  [ RunTime:0.000809s ]
[ 2011-10-29T21:48:33+08:00 ] NOTIC: [8] Undefined variable: msg a69977ed82c089ba2e40f5f2f3f96fe3.php 第 23 行.
[ 2011-10-29T21:48:33+08:00 ] NOTIC: [8] Undefined variable: msg a69977ed82c089ba2e40f5f2f3f96fe3.php 第 23 行.
[ 2011-10-29T21:54:21+08:00 ] NOTIC: [8] Undefined variable: msg a69977ed82c089ba2e40f5f2f3f96fe3.php 第 23 行.
[ 2011-10-29T21:54:42+08:00 ] NOTIC: [8] Undefined variable: msg a69977ed82c089ba2e40f5f2f3f96fe3.php 第 23 行.
[ 2011-10-29T21:54:47+08:00 ] NOTIC: [8] Undefined variable: msg 2e4c16305dbc762bd9165b7aa66b896e.php 第 23 行.
[ 2011-10-29T21:54:47+08:00 ] NOTIC: [8] Undefined index: user_id 2e4c16305dbc762bd9165b7aa66b896e.php 第 48 行.
[ 2011-10-29T21:59:36+08:00 ] NOTIC: [8] Undefined variable: msg a69977ed82c089ba2e40f5f2f3f96fe3.php 第 23 行.
[ 2011-10-29T21:59:45+08:00 ] NOTIC: [8] Undefined variable: msg 2e4c16305dbc762bd9165b7aa66b896e.php 第 23 行.
[ 2011-10-29T21:59:45+08:00 ] NOTIC: [8] Undefined index: user_id 2e4c16305dbc762bd9165b7aa66b896e.php 第 48 行.
[ 2011-10-29T22:05:49+08:00 ] NOTIC: [8] Undefined variable: msg 2e4c16305dbc762bd9165b7aa66b896e.php 第 23 行.
[ 2011-10-29T22:05:49+08:00 ] NOTIC: [8] Undefined index: user_id 2e4c16305dbc762bd9165b7aa66b896e.php 第 57 行.
[ 2011-10-29T22:07:50+08:00 ] NOTIC: [8] Undefined variable: msg 2e4c16305dbc762bd9165b7aa66b896e.php 第 24 行.
[ 2011-10-29T22:07:50+08:00 ] NOTIC: [8] Undefined index: user_id 2e4c16305dbc762bd9165b7aa66b896e.php 第 58 行.
[ 2011-10-29T22:09:45+08:00 ] NOTIC: [8] Undefined variable: msg 2e4c16305dbc762bd9165b7aa66b896e.php 第 24 行.
[ 2011-10-29T22:09:45+08:00 ] NOTIC: [8] Undefined index: user_id 2e4c16305dbc762bd9165b7aa66b896e.php 第 60 行.
[ 2011-10-29T22:12:50+08:00 ] NOTIC: [8] Undefined variable: msg 2e4c16305dbc762bd9165b7aa66b896e.php 第 24 行.
[ 2011-10-29T22:12:50+08:00 ] NOTIC: [8] Undefined index: user_id 2e4c16305dbc762bd9165b7aa66b896e.php 第 61 行.
[ 2011-10-29T22:13:35+08:00 ] NOTIC: [8] Undefined variable: msg 2e4c16305dbc762bd9165b7aa66b896e.php 第 24 行.
[ 2011-10-29T22:13:35+08:00 ] NOTIC: [8] Undefined index: user_id 2e4c16305dbc762bd9165b7aa66b896e.php 第 61 行.
[ 2011-10-29T22:13:58+08:00 ] NOTIC: [8] Undefined variable: msg 2e4c16305dbc762bd9165b7aa66b896e.php 第 24 行.
[ 2011-10-29T22:13:58+08:00 ] NOTIC: [8] Undefined index: user_id 2e4c16305dbc762bd9165b7aa66b896e.php 第 61 行.
[ 2011-10-29T22:14:11+08:00 ] NOTIC: [8] Undefined variable: msg 2e4c16305dbc762bd9165b7aa66b896e.php 第 24 行.
[ 2011-10-29T22:14:11+08:00 ] NOTIC: [8] Undefined index: user_id 2e4c16305dbc762bd9165b7aa66b896e.php 第 61 行.
[ 2011-10-29T23:04:52+08:00 ] SQL: SHOW COLUMNS FROM `ry_task` [ RunTime:0.007158s ]
[ 2011-10-29T23:05:18+08:00 ] SQL: SHOW COLUMNS FROM `ry_task` [ RunTime:0.004312s ]
[ 2011-10-29T23:05:18+08:00 ] NOTIC: [8] Undefined variable: data ScheduleAction.class.php 第 33 行.
[ 2011-10-29T23:05:18+08:00 ] NOTIC: [8] Undefined index: user_id 2e4c16305dbc762bd9165b7aa66b896e.php 第 61 行.
[ 2011-10-29T23:06:11+08:00 ] SQL: SHOW COLUMNS FROM `ry_task` [ RunTime:0.005812s ]
[ 2011-10-29T23:06:11+08:00 ] NOTIC: [8] Undefined variable: data ScheduleAction.class.php 第 33 行.
[ 2011-10-29T23:06:51+08:00 ] SQL: SHOW COLUMNS FROM `ry_task` [ RunTime:0.005617s ]
[ 2011-10-29T23:06:51+08:00 ] NOTIC: [8] Undefined variable: data ScheduleAction.class.php 第 32 行.
[ 2011-10-29T23:13:20+08:00 ] SQL: SHOW COLUMNS FROM `ry_task` [ RunTime:0.004925s ]
[ 2011-10-29T23:13:20+08:00 ] NOTIC: [8] Undefined variable: data ScheduleAction.class.php 第 37 行.
[ 2011-10-29T23:15:40+08:00 ] SQL: SHOW COLUMNS FROM `ry_task` [ RunTime:0.006520s ]
[ 2011-10-29T23:15:40+08:00 ] NOTIC: [8] Undefined variable: data ScheduleAction.class.php 第 42 行.
[ 2011-10-29T23:15:54+08:00 ] SQL: SHOW COLUMNS FROM `ry_task` [ RunTime:0.004518s ]
[ 2011-10-29T23:15:54+08:00 ] SQL: INSERT INTO `ry_task` (`user_id`,`title`,`content`) VALUES ('1','啊啊啊','啊啊啊') [ RunTime:0.000983s ]
[ 2011-10-29T23:15:54+08:00 ] NOTIC: [8] Undefined variable: data ScheduleAction.class.php 第 42 行.
[ 2011-10-29T23:17:26+08:00 ] SQL: SHOW COLUMNS FROM `ry_task` [ RunTime:0.004444s ]
[ 2011-10-29T23:17:26+08:00 ] SQL: INSERT INTO `ry_task` (`user_id`,`title`,`content`) VALUES ('1','啊啊啊','啊') [ RunTime:0.000728s ]
[ 2011-10-29T23:17:26+08:00 ] NOTIC: [8] Undefined variable: data ScheduleAction.class.php 第 42 行.
[ 2011-10-29T23:18:48+08:00 ] SQL: SHOW COLUMNS FROM `ry_task` [ RunTime:0.004797s ]
[ 2011-10-29T23:18:48+08:00 ] SQL: INSERT INTO `ry_task` (`user_id`,`title`,`content`) VALUES ('1','bbb','bbb') [ RunTime:0.000511s ]
[ 2011-10-29T23:18:48+08:00 ] NOTIC: [8] Undefined variable: data ScheduleAction.class.php 第 42 行.
[ 2011-10-29T23:19:07+08:00 ] SQL: SHOW COLUMNS FROM `ry_task` [ RunTime:0.005484s ]
[ 2011-10-29T23:19:07+08:00 ] SQL: INSERT INTO `ry_task` (`user_id`,`time`,`title`,`content`) VALUES ('1','2011-10-27 00:00:00','bbb','bbb') [ RunTime:0.000748s ]
[ 2011-10-29T23:19:07+08:00 ] NOTIC: [8] Undefined variable: data ScheduleAction.class.php 第 42 行.
[ 2011-10-29T23:28:29+08:00 ] SQL: SHOW COLUMNS FROM `ry_task` [ RunTime:0.004518s ]
[ 2011-10-29T23:28:29+08:00 ] SQL: INSERT INTO `ry_task` (`user_id`,`time`,`title`,`content`) VALUES ('1','2011-10-06 00:00:00','bbb','bbbbbbbbbbbbb') [ RunTime:0.000854s ]
[ 2011-10-29T23:28:29+08:00 ] NOTIC: [8] Undefined variable: data ScheduleAction.class.php 第 42 行.
[ 2011-10-29T23:38:22+08:00 ] SQL: SHOW COLUMNS FROM `ry_task` [ RunTime:0.006454s ]
[ 2011-10-29T23:38:22+08:00 ] SQL: SELECT * FROM `ry_task` WHERE ( `task_id` = '8' ) [ RunTime:0.010301s ]
[ 2011-10-29T23:38:22+08:00 ] NOTIC: [8] Use of undefined constant tb_task - assumed 'tb_task' 1dd55d6f88728c12586cbdb004a607cc.php 第 74 行.
[ 2011-10-29T23:38:22+08:00 ] NOTIC: [8] Use of undefined constant status - assumed 'status' 1dd55d6f88728c12586cbdb004a607cc.php 第 74 行.
[ 2011-10-29T23:38:22+08:00 ] NOTIC: [8] Use of undefined constant tb_task - assumed 'tb_task' 1dd55d6f88728c12586cbdb004a607cc.php 第 75 行.
[ 2011-10-29T23:38:22+08:00 ] NOTIC: [8] Use of undefined constant status - assumed 'status' 1dd55d6f88728c12586cbdb004a607cc.php 第 75 行.
[ 2011-10-29T23:38:50+08:00 ] SQL: SHOW COLUMNS FROM `ry_task` [ RunTime:0.004970s ]
[ 2011-10-29T23:38:50+08:00 ] SQL: SELECT * FROM `ry_task` WHERE ( `task_id` = '8' ) [ RunTime:0.000864s ]
[ 2011-10-29T23:38:50+08:00 ] NOTIC: [8] Use of undefined constant tb_task - assumed 'tb_task' 1dd55d6f88728c12586cbdb004a607cc.php 第 74 行.
[ 2011-10-29T23:38:50+08:00 ] NOTIC: [8] Use of undefined constant status - assumed 'status' 1dd55d6f88728c12586cbdb004a607cc.php 第 74 行.
[ 2011-10-29T23:38:50+08:00 ] NOTIC: [8] Use of undefined constant tb_task - assumed 'tb_task' 1dd55d6f88728c12586cbdb004a607cc.php 第 75 行.
[ 2011-10-29T23:38:50+08:00 ] NOTIC: [8] Use of undefined constant status - assumed 'status' 1dd55d6f88728c12586cbdb004a607cc.php 第 75 行.
[ 2011-10-29T23:39:31+08:00 ] SQL: SHOW COLUMNS FROM `ry_task` [ RunTime:0.004293s ]
[ 2011-10-29T23:39:31+08:00 ] SQL: SELECT * FROM `ry_task` WHERE ( `task_id` = '8' ) [ RunTime:0.000487s ]
[ 2011-10-29T23:39:31+08:00 ] NOTIC: [8] Undefined index: time 1dd55d6f88728c12586cbdb004a607cc.php 第 65 行.
[ 2011-10-29T23:39:31+08:00 ] NOTIC: [8] Use of undefined constant tb_task - assumed 'tb_task' 1dd55d6f88728c12586cbdb004a607cc.php 第 74 行.
[ 2011-10-29T23:39:31+08:00 ] NOTIC: [8] Use of undefined constant status - assumed 'status' 1dd55d6f88728c12586cbdb004a607cc.php 第 74 行.
[ 2011-10-29T23:39:31+08:00 ] NOTIC: [8] Use of undefined constant tb_task - assumed 'tb_task' 1dd55d6f88728c12586cbdb004a607cc.php 第 75 行.
[ 2011-10-29T23:39:31+08:00 ] NOTIC: [8] Use of undefined constant status - assumed 'status' 1dd55d6f88728c12586cbdb004a607cc.php 第 75 行.
[ 2011-10-29T23:40:07+08:00 ] SQL: SHOW COLUMNS FROM `ry_task` [ RunTime:0.004507s ]
[ 2011-10-29T23:40:07+08:00 ] SQL: SELECT * FROM `ry_task` WHERE ( `task_id` = '8' ) [ RunTime:0.000754s ]
[ 2011-10-29T23:40:07+08:00 ] NOTIC: [8] Undefined index: time 1dd55d6f88728c12586cbdb004a607cc.php 第 65 行.
[ 2011-10-29T23:40:07+08:00 ] NOTIC: [8] Undefined index: title 1dd55d6f88728c12586cbdb004a607cc.php 第 69 行.
[ 2011-10-29T23:40:07+08:00 ] NOTIC: [8] Use of undefined constant tb_task - assumed 'tb_task' 1dd55d6f88728c12586cbdb004a607cc.php 第 74 行.
[ 2011-10-29T23:40:07+08:00 ] NOTIC: [8] Use of undefined constant status - assumed 'status' 1dd55d6f88728c12586cbdb004a607cc.php 第 74 行.
[ 2011-10-29T23:40:07+08:00 ] NOTIC: [8] Use of undefined constant tb_task - assumed 'tb_task' 1dd55d6f88728c12586cbdb004a607cc.php 第 75 行.
[ 2011-10-29T23:40:07+08:00 ] NOTIC: [8] Use of undefined constant status - assumed 'status' 1dd55d6f88728c12586cbdb004a607cc.php 第 75 行.
[ 2011-10-29T23:42:48+08:00 ] SQL: SHOW COLUMNS FROM `ry_task` [ RunTime:0.009679s ]
[ 2011-10-29T23:42:48+08:00 ] SQL: SELECT * FROM `ry_task` WHERE ( `task_id` = '8' ) [ RunTime:0.000942s ]
[ 2011-10-29T23:42:48+08:00 ] NOTIC: [8] Undefined index: time 1dd55d6f88728c12586cbdb004a607cc.php 第 65 行.
[ 2011-10-29T23:42:48+08:00 ] NOTIC: [8] Undefined index: title 1dd55d6f88728c12586cbdb004a607cc.php 第 69 行.
[ 2011-10-29T23:42:48+08:00 ] NOTIC: [8] Use of undefined constant tb_task - assumed 'tb_task' 1dd55d6f88728c12586cbdb004a607cc.php 第 79 行.
[ 2011-10-29T23:42:48+08:00 ] NOTIC: [8] Use of undefined constant status - assumed 'status' 1dd55d6f88728c12586cbdb004a607cc.php 第 79 行.
[ 2011-10-29T23:42:48+08:00 ] NOTIC: [8] Use of undefined constant tb_task - assumed 'tb_task' 1dd55d6f88728c12586cbdb004a607cc.php 第 80 行.
[ 2011-10-29T23:42:48+08:00 ] NOTIC: [8] Use of undefined constant status - assumed 'status' 1dd55d6f88728c12586cbdb004a607cc.php 第 80 行.
[ 2011-10-29T23:43:21+08:00 ] SQL: SHOW COLUMNS FROM `ry_task` [ RunTime:0.009877s ]
[ 2011-10-29T23:43:21+08:00 ] SQL: SELECT * FROM `ry_task` WHERE ( `task_id` = '8' ) [ RunTime:0.000708s ]
[ 2011-10-29T23:43:21+08:00 ] NOTIC: [8] Undefined index: time 1dd55d6f88728c12586cbdb004a607cc.php 第 65 行.
[ 2011-10-29T23:43:21+08:00 ] NOTIC: [8] Undefined index: title 1dd55d6f88728c12586cbdb004a607cc.php 第 69 行.
[ 2011-10-29T23:43:21+08:00 ] NOTIC: [8] Use of undefined constant tb_task - assumed 'tb_task' 1dd55d6f88728c12586cbdb004a607cc.php 第 79 行.
[ 2011-10-29T23:43:21+08:00 ] NOTIC: [8] Use of undefined constant status - assumed 'status' 1dd55d6f88728c12586cbdb004a607cc.php 第 79 行.
[ 2011-10-29T23:43:21+08:00 ] NOTIC: [8] Use of undefined constant tb_task - assumed 'tb_task' 1dd55d6f88728c12586cbdb004a607cc.php 第 80 行.
[ 2011-10-29T23:43:21+08:00 ] NOTIC: [8] Use of undefined constant status - assumed 'status' 1dd55d6f88728c12586cbdb004a607cc.php 第 80 行.
[ 2011-10-29T23:43:31+08:00 ] SQL: SHOW COLUMNS FROM `ry_task` [ RunTime:0.005461s ]
[ 2011-10-29T23:43:31+08:00 ] SQL: SELECT * FROM `ry_task` WHERE ( `task_id` = '8' ) [ RunTime:0.000614s ]
[ 2011-10-29T23:43:31+08:00 ] NOTIC: [8] Undefined index: time 1dd55d6f88728c12586cbdb004a607cc.php 第 65 行.
[ 2011-10-29T23:43:31+08:00 ] NOTIC: [8] Undefined index: title 1dd55d6f88728c12586cbdb004a607cc.php 第 69 行.
[ 2011-10-29T23:43:31+08:00 ] NOTIC: [8] Use of undefined constant tb_task - assumed 'tb_task' 1dd55d6f88728c12586cbdb004a607cc.php 第 79 行.
[ 2011-10-29T23:43:31+08:00 ] NOTIC: [8] Use of undefined constant status - assumed 'status' 1dd55d6f88728c12586cbdb004a607cc.php 第 79 行.
[ 2011-10-29T23:43:31+08:00 ] NOTIC: [8] Use of undefined constant tb_task - assumed 'tb_task' 1dd55d6f88728c12586cbdb004a607cc.php 第 80 行.
[ 2011-10-29T23:43:31+08:00 ] NOTIC: [8] Use of undefined constant status - assumed 'status' 1dd55d6f88728c12586cbdb004a607cc.php 第 80 行.
[ 2011-10-29T23:43:38+08:00 ] SQL: SHOW COLUMNS FROM `ry_task` [ RunTime:0.008802s ]
[ 2011-10-29T23:43:38+08:00 ] SQL: SELECT * FROM `ry_task` WHERE ( `task_id` = '8' ) [ RunTime:0.000746s ]
[ 2011-10-29T23:43:38+08:00 ] NOTIC: [8] Undefined index: title 1dd55d6f88728c12586cbdb004a607cc.php 第 53 行.
[ 2011-10-29T23:43:38+08:00 ] NOTIC: [8] Undefined index: time 1dd55d6f88728c12586cbdb004a607cc.php 第 65 行.
[ 2011-10-29T23:43:38+08:00 ] NOTIC: [8] Undefined index: title 1dd55d6f88728c12586cbdb004a607cc.php 第 69 行.
[ 2011-10-29T23:43:38+08:00 ] NOTIC: [8] Use of undefined constant tb_task - assumed 'tb_task' 1dd55d6f88728c12586cbdb004a607cc.php 第 79 行.
[ 2011-10-29T23:43:38+08:00 ] NOTIC: [8] Use of undefined constant status - assumed 'status' 1dd55d6f88728c12586cbdb004a607cc.php 第 79 行.
[ 2011-10-29T23:43:38+08:00 ] NOTIC: [8] Use of undefined constant tb_task - assumed 'tb_task' 1dd55d6f88728c12586cbdb004a607cc.php 第 80 行.
[ 2011-10-29T23:43:38+08:00 ] NOTIC: [8] Use of undefined constant status - assumed 'status' 1dd55d6f88728c12586cbdb004a607cc.php 第 80 行.
[ 2011-10-29T23:43:55+08:00 ] SQL: SHOW COLUMNS FROM `ry_task` [ RunTime:0.004923s ]
[ 2011-10-29T23:43:55+08:00 ] SQL: SELECT * FROM `ry_task` WHERE ( `task_id` = '8' ) LIMIT 1  [ RunTime:0.000730s ]
[ 2011-10-29T23:43:55+08:00 ] NOTIC: [8] Use of undefined constant tb_task - assumed 'tb_task' 1dd55d6f88728c12586cbdb004a607cc.php 第 79 行.
[ 2011-10-29T23:43:55+08:00 ] NOTIC: [8] Use of undefined constant status - assumed 'status' 1dd55d6f88728c12586cbdb004a607cc.php 第 79 行.
[ 2011-10-29T23:43:55+08:00 ] NOTIC: [8] Use of undefined constant tb_task - assumed 'tb_task' 1dd55d6f88728c12586cbdb004a607cc.php 第 80 行.
[ 2011-10-29T23:43:55+08:00 ] NOTIC: [8] Use of undefined constant status - assumed 'status' 1dd55d6f88728c12586cbdb004a607cc.php 第 80 行.
[ 2011-10-29T23:44:24+08:00 ] SQL: SHOW COLUMNS FROM `ry_task` [ RunTime:0.004737s ]
[ 2011-10-29T23:44:24+08:00 ] SQL: SELECT * FROM `ry_task` WHERE ( `task_id` = '8' ) LIMIT 1  [ RunTime:0.000739s ]
[ 2011-10-29T23:44:24+08:00 ] NOTIC: [8] Use of undefined constant tb_task - assumed 'tb_task' 1dd55d6f88728c12586cbdb004a607cc.php 第 79 行.
[ 2011-10-29T23:44:24+08:00 ] NOTIC: [8] Use of undefined constant status - assumed 'status' 1dd55d6f88728c12586cbdb004a607cc.php 第 79 行.
[ 2011-10-29T23:44:24+08:00 ] NOTIC: [8] Use of undefined constant tb_task - assumed 'tb_task' 1dd55d6f88728c12586cbdb004a607cc.php 第 80 行.
[ 2011-10-29T23:44:24+08:00 ] NOTIC: [8] Use of undefined constant status - assumed 'status' 1dd55d6f88728c12586cbdb004a607cc.php 第 80 行.
[ 2011-10-29T23:44:53+08:00 ] SQL: SHOW COLUMNS FROM `ry_task` [ RunTime:0.006613s ]
[ 2011-10-29T23:44:53+08:00 ] SQL: SELECT * FROM `ry_task` WHERE ( `task_id` = '8' ) LIMIT 1  [ RunTime:0.000480s ]
[ 2011-10-29T23:44:53+08:00 ] NOTIC: [8] Use of undefined constant tb_task - assumed 'tb_task' 1dd55d6f88728c12586cbdb004a607cc.php 第 79 行.
[ 2011-10-29T23:44:53+08:00 ] NOTIC: [8] Use of undefined constant status - assumed 'status' 1dd55d6f88728c12586cbdb004a607cc.php 第 79 行.
[ 2011-10-29T23:44:53+08:00 ] NOTIC: [8] Use of undefined constant tb_task - assumed 'tb_task' 1dd55d6f88728c12586cbdb004a607cc.php 第 80 行.
[ 2011-10-29T23:44:53+08:00 ] NOTIC: [8] Use of undefined constant status - assumed 'status' 1dd55d6f88728c12586cbdb004a607cc.php 第 80 行.
[ 2011-10-29T23:44:54+08:00 ] SQL: SHOW COLUMNS FROM `ry_task` [ RunTime:0.005624s ]
[ 2011-10-29T23:44:54+08:00 ] SQL: SELECT * FROM `ry_task` WHERE ( `task_id` = '8' ) LIMIT 1  [ RunTime:0.000734s ]
[ 2011-10-29T23:44:54+08:00 ] NOTIC: [8] Use of undefined constant tb_task - assumed 'tb_task' 1dd55d6f88728c12586cbdb004a607cc.php 第 79 行.
[ 2011-10-29T23:44:54+08:00 ] NOTIC: [8] Use of undefined constant status - assumed 'status' 1dd55d6f88728c12586cbdb004a607cc.php 第 79 行.
[ 2011-10-29T23:44:54+08:00 ] NOTIC: [8] Use of undefined constant tb_task - assumed 'tb_task' 1dd55d6f88728c12586cbdb004a607cc.php 第 80 行.
[ 2011-10-29T23:44:54+08:00 ] NOTIC: [8] Use of undefined constant status - assumed 'status' 1dd55d6f88728c12586cbdb004a607cc.php 第 80 行.
[ 2011-10-29T23:45:04+08:00 ] SQL: SHOW COLUMNS FROM `ry_task` [ RunTime:0.008249s ]
[ 2011-10-29T23:45:04+08:00 ] SQL: SELECT * FROM `ry_task` WHERE ( `task_id` = '8' ) LIMIT 1  [ RunTime:0.001117s ]
[ 2011-10-29T23:45:04+08:00 ] NOTIC: [8] Use of undefined constant tb_task - assumed 'tb_task' 1dd55d6f88728c12586cbdb004a607cc.php 第 79 行.
[ 2011-10-29T23:45:04+08:00 ] NOTIC: [8] Use of undefined constant status - assumed 'status' 1dd55d6f88728c12586cbdb004a607cc.php 第 79 行.
[ 2011-10-29T23:45:04+08:00 ] NOTIC: [8] Use of undefined constant tb_task - assumed 'tb_task' 1dd55d6f88728c12586cbdb004a607cc.php 第 80 行.
[ 2011-10-29T23:45:04+08:00 ] NOTIC: [8] Use of undefined constant status - assumed 'status' 1dd55d6f88728c12586cbdb004a607cc.php 第 80 行.
[ 2011-10-29T23:45:25+08:00 ] SQL: SHOW COLUMNS FROM `ry_task` [ RunTime:0.009797s ]
[ 2011-10-29T23:45:25+08:00 ] SQL: SELECT * FROM `ry_task` WHERE ( `task_id` = '8' ) LIMIT 1  [ RunTime:0.000552s ]
[ 2011-10-29T23:45:25+08:00 ] NOTIC: [8] Use of undefined constant tb_task - assumed 'tb_task' 1dd55d6f88728c12586cbdb004a607cc.php 第 79 行.
[ 2011-10-29T23:45:25+08:00 ] NOTIC: [8] Use of undefined constant status - assumed 'status' 1dd55d6f88728c12586cbdb004a607cc.php 第 79 行.
[ 2011-10-29T23:45:25+08:00 ] NOTIC: [8] Use of undefined constant tb_task - assumed 'tb_task' 1dd55d6f88728c12586cbdb004a607cc.php 第 80 行.
[ 2011-10-29T23:45:25+08:00 ] NOTIC: [8] Use of undefined constant status - assumed 'status' 1dd55d6f88728c12586cbdb004a607cc.php 第 80 行.
[ 2011-10-29T23:45:54+08:00 ] SQL: SHOW COLUMNS FROM `ry_task` [ RunTime:0.009868s ]
[ 2011-10-29T23:45:54+08:00 ] SQL: SELECT * FROM `ry_task` WHERE ( `task_id` = '8' ) LIMIT 1  [ RunTime:0.001107s ]
[ 2011-10-29T23:45:55+08:00 ] NOTIC: [8] Use of undefined constant tb_task - assumed 'tb_task' 1dd55d6f88728c12586cbdb004a607cc.php 第 79 行.
[ 2011-10-29T23:45:55+08:00 ] NOTIC: [8] Use of undefined constant status - assumed 'status' 1dd55d6f88728c12586cbdb004a607cc.php 第 79 行.
[ 2011-10-29T23:45:55+08:00 ] NOTIC: [8] Use of undefined constant tb_task - assumed 'tb_task' 1dd55d6f88728c12586cbdb004a607cc.php 第 80 行.
[ 2011-10-29T23:45:55+08:00 ] NOTIC: [8] Use of undefined constant status - assumed 'status' 1dd55d6f88728c12586cbdb004a607cc.php 第 80 行.
[ 2011-10-29T23:45:57+08:00 ] SQL: SHOW COLUMNS FROM `ry_task` [ RunTime:0.005413s ]
[ 2011-10-29T23:45:57+08:00 ] SQL: SELECT * FROM `ry_task` WHERE ( `task_id` = '8' ) LIMIT 1  [ RunTime:0.001137s ]
[ 2011-10-29T23:45:57+08:00 ] NOTIC: [8] Use of undefined constant tb_task - assumed 'tb_task' 1dd55d6f88728c12586cbdb004a607cc.php 第 79 行.
[ 2011-10-29T23:45:57+08:00 ] NOTIC: [8] Use of undefined constant status - assumed 'status' 1dd55d6f88728c12586cbdb004a607cc.php 第 79 行.
[ 2011-10-29T23:45:57+08:00 ] NOTIC: [8] Use of undefined constant tb_task - assumed 'tb_task' 1dd55d6f88728c12586cbdb004a607cc.php 第 80 行.
[ 2011-10-29T23:45:57+08:00 ] NOTIC: [8] Use of undefined constant status - assumed 'status' 1dd55d6f88728c12586cbdb004a607cc.php 第 80 行.
[ 2011-10-29T23:46:50+08:00 ] SQL: SHOW COLUMNS FROM `ry_task` [ RunTime:0.009545s ]
[ 2011-10-29T23:46:50+08:00 ] SQL: SELECT * FROM `ry_task` WHERE ( `task_id` = '8' ) LIMIT 1  [ RunTime:0.001523s ]
[ 2011-10-29T23:46:50+08:00 ] NOTIC: [8] Use of undefined constant tb_task - assumed 'tb_task' 1dd55d6f88728c12586cbdb004a607cc.php 第 79 行.
[ 2011-10-29T23:46:50+08:00 ] NOTIC: [8] Use of undefined constant status - assumed 'status' 1dd55d6f88728c12586cbdb004a607cc.php 第 79 行.
[ 2011-10-29T23:46:50+08:00 ] NOTIC: [8] Use of undefined constant tb_task - assumed 'tb_task' 1dd55d6f88728c12586cbdb004a607cc.php 第 80 行.
[ 2011-10-29T23:46:50+08:00 ] NOTIC: [8] Use of undefined constant status - assumed 'status' 1dd55d6f88728c12586cbdb004a607cc.php 第 80 行.
[ 2011-10-29T23:46:53+08:00 ] SQL: SHOW COLUMNS FROM `ry_task` [ RunTime:0.004810s ]
[ 2011-10-29T23:46:53+08:00 ] SQL: UPDATE `ry_task` SET `user_id`='1',`status`='1',`time`='2011-10-06 00:00:00',`title`='bbb',`content`='bbbbbbbbbbbbb' WHERE ( `task_id` = '8' ) [ RunTime:0.007008s ]
[ 2011-10-29T23:46:53+08:00 ] SQL: SELECT * FROM `ry_task` WHERE ( `task_id` = '8' ) LIMIT 1  [ RunTime:0.000767s ]
[ 2011-10-29T23:46:53+08:00 ] NOTIC: [8] Use of undefined constant tb_task - assumed 'tb_task' 1dd55d6f88728c12586cbdb004a607cc.php 第 79 行.
[ 2011-10-29T23:46:53+08:00 ] NOTIC: [8] Use of undefined constant status - assumed 'status' 1dd55d6f88728c12586cbdb004a607cc.php 第 79 行.
[ 2011-10-29T23:46:53+08:00 ] NOTIC: [8] Use of undefined constant tb_task - assumed 'tb_task' 1dd55d6f88728c12586cbdb004a607cc.php 第 80 行.
[ 2011-10-29T23:46:53+08:00 ] NOTIC: [8] Use of undefined constant status - assumed 'status' 1dd55d6f88728c12586cbdb004a607cc.php 第 80 行.
[ 2011-10-29T23:46:59+08:00 ] SQL: SHOW COLUMNS FROM `ry_task` [ RunTime:0.004615s ]
[ 2011-10-29T23:46:59+08:00 ] SQL: UPDATE `ry_task` SET `user_id`='1',`status`='0',`time`='2011-10-06 00:00:00',`title`='bbb',`content`='bbbbbbbbbbbbbb' WHERE ( `task_id` = '8' ) [ RunTime:0.000751s ]
[ 2011-10-29T23:46:59+08:00 ] SQL: SELECT * FROM `ry_task` WHERE ( `task_id` = '8' ) LIMIT 1  [ RunTime:0.000989s ]
[ 2011-10-29T23:46:59+08:00 ] NOTIC: [8] Use of undefined constant tb_task - assumed 'tb_task' 1dd55d6f88728c12586cbdb004a607cc.php 第 79 行.
[ 2011-10-29T23:46:59+08:00 ] NOTIC: [8] Use of undefined constant status - assumed 'status' 1dd55d6f88728c12586cbdb004a607cc.php 第 79 行.
[ 2011-10-29T23:46:59+08:00 ] NOTIC: [8] Use of undefined constant tb_task - assumed 'tb_task' 1dd55d6f88728c12586cbdb004a607cc.php 第 80 行.
[ 2011-10-29T23:46:59+08:00 ] NOTIC: [8] Use of undefined constant status - assumed 'status' 1dd55d6f88728c12586cbdb004a607cc.php 第 80 行.
[ 2011-10-29T23:47:03+08:00 ] SQL: SHOW COLUMNS FROM `ry_task` [ RunTime:0.004385s ]
[ 2011-10-29T23:47:03+08:00 ] SQL: UPDATE `ry_task` SET `user_id`='1',`status`='0',`time`='2011-10-06 00:00:00',`title`='bbb',`content`='cccccccc' WHERE ( `task_id` = '8' ) [ RunTime:0.000622s ]
[ 2011-10-29T23:47:03+08:00 ] SQL: SELECT * FROM `ry_task` WHERE ( `task_id` = '8' ) LIMIT 1  [ RunTime:0.000602s ]
[ 2011-10-29T23:47:03+08:00 ] NOTIC: [8] Use of undefined constant tb_task - assumed 'tb_task' 1dd55d6f88728c12586cbdb004a607cc.php 第 79 行.
[ 2011-10-29T23:47:03+08:00 ] NOTIC: [8] Use of undefined constant status - assumed 'status' 1dd55d6f88728c12586cbdb004a607cc.php 第 79 行.
[ 2011-10-29T23:47:03+08:00 ] NOTIC: [8] Use of undefined constant tb_task - assumed 'tb_task' 1dd55d6f88728c12586cbdb004a607cc.php 第 80 行.
[ 2011-10-29T23:47:03+08:00 ] NOTIC: [8] Use of undefined constant status - assumed 'status' 1dd55d6f88728c12586cbdb004a607cc.php 第 80 行.
[ 2011-10-29T23:47:12+08:00 ] SQL: SHOW COLUMNS FROM `ry_task` [ RunTime:0.004735s ]
[ 2011-10-29T23:47:12+08:00 ] SQL: UPDATE `ry_task` SET `user_id`='1',`status`='1',`time`='2011-10-06 00:00:00',`title`='bbb',`content`='cccccccc' WHERE ( `task_id` = '8' ) [ RunTime:0.000546s ]
[ 2011-10-29T23:47:12+08:00 ] SQL: SELECT * FROM `ry_task` WHERE ( `task_id` = '8' ) LIMIT 1  [ RunTime:0.000480s ]
[ 2011-10-29T23:47:12+08:00 ] NOTIC: [8] Use of undefined constant tb_task - assumed 'tb_task' 1dd55d6f88728c12586cbdb004a607cc.php 第 79 行.
[ 2011-10-29T23:47:12+08:00 ] NOTIC: [8] Use of undefined constant status - assumed 'status' 1dd55d6f88728c12586cbdb004a607cc.php 第 79 行.
[ 2011-10-29T23:47:12+08:00 ] NOTIC: [8] Use of undefined constant tb_task - assumed 'tb_task' 1dd55d6f88728c12586cbdb004a607cc.php 第 80 行.
[ 2011-10-29T23:47:12+08:00 ] NOTIC: [8] Use of undefined constant status - assumed 'status' 1dd55d6f88728c12586cbdb004a607cc.php 第 80 行.
[ 2011-10-29T23:47:20+08:00 ] SQL: SHOW COLUMNS FROM `ry_task` [ RunTime:0.004848s ]
[ 2011-10-29T23:47:20+08:00 ] SQL: UPDATE `ry_task` SET `user_id`='1',`status`='0',`time`='2011-10-06 00:00:00',`title`='bbb',`content`='cccccccc' WHERE ( `task_id` = '8' ) [ RunTime:0.000739s ]
[ 2011-10-29T23:47:20+08:00 ] SQL: SELECT * FROM `ry_task` WHERE ( `task_id` = '8' ) LIMIT 1  [ RunTime:0.000697s ]
[ 2011-10-29T23:47:20+08:00 ] NOTIC: [8] Use of undefined constant tb_task - assumed 'tb_task' 1dd55d6f88728c12586cbdb004a607cc.php 第 79 行.
[ 2011-10-29T23:47:20+08:00 ] NOTIC: [8] Use of undefined constant status - assumed 'status' 1dd55d6f88728c12586cbdb004a607cc.php 第 79 行.
[ 2011-10-29T23:47:20+08:00 ] NOTIC: [8] Use of undefined constant tb_task - assumed 'tb_task' 1dd55d6f88728c12586cbdb004a607cc.php 第 80 行.
[ 2011-10-29T23:47:20+08:00 ] NOTIC: [8] Use of undefined constant status - assumed 'status' 1dd55d6f88728c12586cbdb004a607cc.php 第 80 行.
[ 2011-10-29T23:49:50+08:00 ] SQL: SHOW COLUMNS FROM `ry_task` [ RunTime:0.006104s ]
[ 2011-10-29T23:49:50+08:00 ] SQL: SELECT * FROM `ry_task` WHERE ( `task_id` = '8' ) LIMIT 1  [ RunTime:0.000705s ]
[ 2011-10-29T23:49:50+08:00 ] NOTIC: [8] Use of undefined constant tb_task - assumed 'tb_task' 1dd55d6f88728c12586cbdb004a607cc.php 第 79 行.
[ 2011-10-29T23:49:50+08:00 ] NOTIC: [8] Use of undefined constant status - assumed 'status' 1dd55d6f88728c12586cbdb004a607cc.php 第 79 行.
[ 2011-10-29T23:49:50+08:00 ] NOTIC: [8] Use of undefined constant tb_task - assumed 'tb_task' 1dd55d6f88728c12586cbdb004a607cc.php 第 80 行.
[ 2011-10-29T23:49:50+08:00 ] NOTIC: [8] Use of undefined constant status - assumed 'status' 1dd55d6f88728c12586cbdb004a607cc.php 第 80 行.
[ 2011-10-29T23:49:54+08:00 ] SQL: SHOW COLUMNS FROM `ry_task` [ RunTime:0.004272s ]
[ 2011-10-29T23:49:54+08:00 ] SQL: UPDATE `ry_task` SET `user_id`='1',`status`='1',`time`='2011-10-06 00:00:00',`title`='bbb',`content`='cccccccc' WHERE ( `task_id` = '8' ) [ RunTime:0.000817s ]
[ 2011-10-29T23:49:54+08:00 ] SQL: SELECT * FROM `ry_task` WHERE ( `task_id` = '8' ) LIMIT 1  [ RunTime:0.000645s ]
[ 2011-10-29T23:49:54+08:00 ] NOTIC: [8] Use of undefined constant tb_task - assumed 'tb_task' 1dd55d6f88728c12586cbdb004a607cc.php 第 79 行.
[ 2011-10-29T23:49:54+08:00 ] NOTIC: [8] Use of undefined constant status - assumed 'status' 1dd55d6f88728c12586cbdb004a607cc.php 第 79 行.
[ 2011-10-29T23:49:54+08:00 ] NOTIC: [8] Use of undefined constant tb_task - assumed 'tb_task' 1dd55d6f88728c12586cbdb004a607cc.php 第 80 行.
[ 2011-10-29T23:49:54+08:00 ] NOTIC: [8] Use of undefined constant status - assumed 'status' 1dd55d6f88728c12586cbdb004a607cc.php 第 80 行.
[ 2011-10-29T23:50:24+08:00 ] SQL: SHOW COLUMNS FROM `ry_task` [ RunTime:0.009480s ]
[ 2011-10-29T23:50:24+08:00 ] SQL: SELECT * FROM `ry_task` WHERE ( `task_id` = '8' ) LIMIT 1  [ RunTime:0.000866s ]
[ 2011-10-29T23:50:29+08:00 ] SQL: SHOW COLUMNS FROM `ry_task` [ RunTime:0.009222s ]
[ 2011-10-29T23:50:29+08:00 ] SQL: UPDATE `ry_task` SET `user_id`='1',`status`='0',`time`='2011-10-06 00:00:00',`title`='bbb',`content`='cccccccc' WHERE ( `task_id` = '8' ) [ RunTime:0.000690s ]
[ 2011-10-29T23:50:29+08:00 ] SQL: SELECT * FROM `ry_task` WHERE ( `task_id` = '8' ) LIMIT 1  [ RunTime:0.000798s ]
[ 2011-10-29T23:58:43+08:00 ] SQL: SHOW COLUMNS FROM `ry_task` [ RunTime:0.008497s ]
[ 2011-10-29T23:58:43+08:00 ] SQL: SELECT * FROM `ry_task` WHERE ( `task_id` = '8' ) LIMIT 1  [ RunTime:0.000702s ]
[ 2011-10-29T23:58:49+08:00 ] SQL: SHOW COLUMNS FROM `ry_task` [ RunTime:0.006361s ]
[ 2011-10-29T23:58:49+08:00 ] SQL: UPDATE `ry_task` SET `user_id`='1',`status`='0',`time`='2011-10-06 00:00:00',`title`='bbb',`content`='cccccccc' WHERE ( `task_id` = '8' ) [ RunTime:0.000703s ]
[ 2011-10-29T23:58:54+08:00 ] SQL: SHOW COLUMNS FROM `ry_task` [ RunTime:0.004555s ]
[ 2011-10-29T23:58:54+08:00 ] SQL: UPDATE `ry_task` SET `user_id`='1',`status`='1',`time`='2011-10-06 00:00:00',`title`='bbb',`content`='cccccccc' WHERE ( `task_id` = '8' ) [ RunTime:0.000556s ]
[ 2011-10-29T23:58:55+08:00 ] SQL: SHOW COLUMNS FROM `ry_task` [ RunTime:0.006459s ]
[ 2011-10-29T23:58:55+08:00 ] SQL: SELECT * FROM `ry_task` WHERE ( `task_id` = '8' ) LIMIT 1  [ RunTime:0.001011s ]
[ 2011-10-29T23:59:01+08:00 ] NOTIC: [8] Undefined variable: msg 4e053f024670b206a12d75c919481381.php 第 24 行.
[ 2011-10-29T23:59:08+08:00 ] NOTIC: [8] Undefined variable: msg a69977ed82c089ba2e40f5f2f3f96fe3.php 第 24 行.
[ 2011-10-29T23:59:11+08:00 ] SQL: SHOW COLUMNS FROM `ry_task` [ RunTime:0.004725s ]
[ 2011-10-29T23:59:11+08:00 ] NOTIC: [8] Undefined variable: data ScheduleAction.class.php 第 44 行.
