[ 2011-10-28T10:13:48+08:00 ] SQL: SHOW COLUMNS FROM `ry_users` [ RunTime:0.033402s ]
[ 2011-10-28T10:22:26+08:00 ] SQL: SHOW COLUMNS FROM `ry_users` [ RunTime:0.009172s ]
[ 2011-10-28T10:22:26+08:00 ] SQL: SELECT COUNT(*) AS tp_count FROM `ry_users` WHERE ( `user_name` = 'admin' ) AND ( `user_password` = 'e10adc3949ba59abbe56e057f20f883e' ) LIMIT 1  [ RunTime:0.001165s ]
[ 2011-10-28T10:22:26+08:00 ] SQL: SELECT * FROM `ry_users` WHERE ( `user_name` = 'admin' ) AND ( `user_password` = 'e10adc3949ba59abbe56e057f20f883e' ) LIMIT 1  [ RunTime:0.000947s ]
[ 2011-10-28T10:22:28+08:00 ] NOTIC: [8] Undefined variable: msg a69977ed82c089ba2e40f5f2f3f96fe3.php 第 23 行.
[ 2011-10-28T10:22:32+08:00 ] NOTIC: [8] Undefined variable: msg 4e053f024670b206a12d75c919481381.php 第 23 行.
[ 2011-10-28T10:32:44+08:00 ] NOTIC: [2] mail() [<a href='function.mail'>function.mail</a>]: Failed to connect to mailserver at &quot;localhost&quot; port 25, verify your &quot;SMTP&quot; and &quot;smtp_port&quot; setting in php.ini or use ini_set() IndexAction.class.php 第 50 行.
[ 2011-10-28T10:33:08+08:00 ] NOTIC: [2] mail() [<a href='function.mail'>function.mail</a>]: Failed to connect to mailserver at &quot;localhost&quot; port 25, verify your &quot;SMTP&quot; and &quot;smtp_port&quot; setting in php.ini or use ini_set() IndexAction.class.php 第 50 行.
[ 2011-10-28T10:46:26+08:00 ] NOTIC: [2] mail() [<a href='function.mail'>function.mail</a>]: Failed to connect to mailserver at &quot;localhost&quot; port 25, verify your &quot;SMTP&quot; and &quot;smtp_port&quot; setting in php.ini or use ini_set() CommonAction.class.php 第 52 行.
[ 2011-10-28T10:46:38+08:00 ] ERR: (ThinkException) Action:sendEmaila您所请求的方法不存在！
[ 2011-10-28T10:46:55+08:00 ] NOTIC: [2] mail() [<a href='function.mail'>function.mail</a>]: Failed to connect to mailserver at &quot;localhost&quot; port 25, verify your &quot;SMTP&quot; and &quot;smtp_port&quot; setting in php.ini or use ini_set() CommonAction.class.php 第 52 行.
[ 2011-10-28T10:53:56+08:00 ] NOTIC: [8] Undefined variable: msg 2e4c16305dbc762bd9165b7aa66b896e.php 第 23 行.
[ 2011-10-28T11:03:37+08:00 ] NOTIC: [8] Undefined variable: msg 2e4c16305dbc762bd9165b7aa66b896e.php 第 23 行.
[ 2011-10-28T11:08:34+08:00 ] NOTIC: [8] Undefined variable: msg 2e4c16305dbc762bd9165b7aa66b896e.php 第 23 行.
[ 2011-10-28T11:09:28+08:00 ] ERR: (ThinkException) 无法加载模块Admin
[ 2011-10-28T11:21:39+08:00 ] NOTIC: [8] Undefined variable: msg 2e4c16305dbc762bd9165b7aa66b896e.php 第 23 行.
[ 2011-10-28T11:21:49+08:00 ] NOTIC: [8] Undefined variable: msg a69977ed82c089ba2e40f5f2f3f96fe3.php 第 23 行.
[ 2011-10-28T11:22:03+08:00 ] NOTIC: [8] Undefined variable: msg a69977ed82c089ba2e40f5f2f3f96fe3.php 第 23 行.
[ 2011-10-28T11:22:04+08:00 ] NOTIC: [8] Undefined variable: msg a69977ed82c089ba2e40f5f2f3f96fe3.php 第 23 行.
[ 2011-10-28T11:22:45+08:00 ] NOTIC: [8] Undefined variable: msg a69977ed82c089ba2e40f5f2f3f96fe3.php 第 23 行.
[ 2011-10-28T11:23:13+08:00 ] SQL: SHOW COLUMNS FROM `ry_users` [ RunTime:0.007362s ]
[ 2011-10-28T11:23:14+08:00 ] SQL: SHOW COLUMNS FROM `ry_users` [ RunTime:0.009638s ]
[ 2011-10-28T11:23:14+08:00 ] SQL: SELECT COUNT(*) AS tp_count FROM `ry_users` WHERE ( `user_name` = 'admin' ) AND ( `user_password` = 'e10adc3949ba59abbe56e057f20f883e' ) LIMIT 1  [ RunTime:0.000921s ]
[ 2011-10-28T11:23:14+08:00 ] SQL: SELECT * FROM `ry_users` WHERE ( `user_name` = 'admin' ) AND ( `user_password` = 'e10adc3949ba59abbe56e057f20f883e' ) LIMIT 1  [ RunTime:0.000903s ]
[ 2011-10-28T11:23:15+08:00 ] NOTIC: [8] Undefined variable: msg a69977ed82c089ba2e40f5f2f3f96fe3.php 第 23 行.
[ 2011-10-28T11:23:26+08:00 ] NOTIC: [8] Undefined variable: msg a69977ed82c089ba2e40f5f2f3f96fe3.php 第 23 行.
[ 2011-10-28T11:24:00+08:00 ] NOTIC: [8] Undefined variable: msg a69977ed82c089ba2e40f5f2f3f96fe3.php 第 23 行.
[ 2011-10-28T11:25:00+08:00 ] NOTIC: [8] Undefined variable: msg a69977ed82c089ba2e40f5f2f3f96fe3.php 第 23 行.
[ 2011-10-28T11:26:48+08:00 ] NOTIC: [8] Undefined variable: msg a69977ed82c089ba2e40f5f2f3f96fe3.php 第 23 行.
