[ 2011-10-21T08:49:03+08:00 ] NOTIC: [8] Undefined variable: SITE_URL a69977ed82c089ba2e40f5f2f3f96fe3.php 第 7 行.
[ 2011-10-21T08:49:03+08:00 ] NOTIC: [8] Undefined variable: SITE_URL a69977ed82c089ba2e40f5f2f3f96fe3.php 第 8 行.
[ 2011-10-21T08:49:03+08:00 ] NOTIC: [8] Undefined variable: SITE_URL a69977ed82c089ba2e40f5f2f3f96fe3.php 第 9 行.
[ 2011-10-21T08:49:03+08:00 ] NOTIC: [8] Undefined variable: SITE_URL a69977ed82c089ba2e40f5f2f3f96fe3.php 第 12 行.
[ 2011-10-21T08:49:03+08:00 ] NOTIC: [8] Undefined variable: SITE_URL a69977ed82c089ba2e40f5f2f3f96fe3.php 第 13 行.
[ 2011-10-21T08:49:03+08:00 ] NOTIC: [8] Undefined variable: SITE_URL a69977ed82c089ba2e40f5f2f3f96fe3.php 第 18 行.
[ 2011-10-21T08:49:03+08:00 ] NOTIC: [8] Undefined variable: msg a69977ed82c089ba2e40f5f2f3f96fe3.php 第 23 行.
[ 2011-10-21T09:02:24+08:00 ] NOTIC: [8] Undefined variable: SITE_URL a69977ed82c089ba2e40f5f2f3f96fe3.php 第 7 行.
[ 2011-10-21T09:02:24+08:00 ] NOTIC: [8] Undefined variable: SITE_URL a69977ed82c089ba2e40f5f2f3f96fe3.php 第 8 行.
[ 2011-10-21T09:02:24+08:00 ] NOTIC: [8] Undefined variable: SITE_URL a69977ed82c089ba2e40f5f2f3f96fe3.php 第 9 行.
[ 2011-10-21T09:02:24+08:00 ] NOTIC: [8] Undefined variable: SITE_URL a69977ed82c089ba2e40f5f2f3f96fe3.php 第 12 行.
[ 2011-10-21T09:02:24+08:00 ] NOTIC: [8] Undefined variable: SITE_URL a69977ed82c089ba2e40f5f2f3f96fe3.php 第 13 行.
[ 2011-10-21T09:02:24+08:00 ] NOTIC: [8] Undefined variable: SITE_URL a69977ed82c089ba2e40f5f2f3f96fe3.php 第 18 行.
[ 2011-10-21T09:02:24+08:00 ] NOTIC: [8] Undefined variable: msg a69977ed82c089ba2e40f5f2f3f96fe3.php 第 23 行.
[ 2011-10-21T09:03:33+08:00 ] ERR: (ThinkException) 无法加载模块Public
[ 2011-10-21T09:07:25+08:00 ] SQL: SHOW COLUMNS FROM `ry_users` [ RunTime:0.047668s ]
[ 2011-10-21T09:07:28+08:00 ] SQL: SHOW COLUMNS FROM `ry_users` [ RunTime:0.005712s ]
[ 2011-10-21T09:07:28+08:00 ] SQL: SELECT COUNT(*) AS tp_count FROM `ry_users` WHERE ( `user_name` = 'admin' ) AND ( `user_password` = 'e10adc3949ba59abbe56e057f20f883e' ) LIMIT 1  [ RunTime:0.077137s ]
[ 2011-10-21T09:07:28+08:00 ] SQL: SELECT * FROM `ry_users` WHERE ( `user_name` = 'admin' ) AND ( `user_password` = 'e10adc3949ba59abbe56e057f20f883e' ) LIMIT 1  [ RunTime:0.001010s ]
[ 2011-10-21T09:07:29+08:00 ] NOTIC: [8] Undefined variable: msg a69977ed82c089ba2e40f5f2f3f96fe3.php 第 23 行.
