[ 2012-01-23T21:54:28-05:00 ] SQL: SHOW COLUMNS FROM `ry_region` [ RunTime:0.003602s ]
[ 2012-01-23T21:54:28-05:00 ] SQL: SELECT * FROM `ry_region` WHERE ( `region_lang_code` = 'en-us' ) [ RunTime:0.000314s ]
[ 2012-01-23T21:54:28-05:00 ] SQL: SHOW COLUMNS FROM `ry_products_cat` [ RunTime:0.038885s ]
[ 2012-01-23T21:54:28-05:00 ] SQL: SELECT ry_products_cat.*, ry_products_cat_lang.catlang_id, ry_products_cat_lang.lang_code AS cat_lang_code, 
							ry_products_cat_lang.lang_name AS cat_lang_name, ry_products_cat_lang.cat_name AS cat_name_with_lang FROM `ry_products_cat` LEFT JOIN ry_products_cat_lang on ry_products_cat_lang.cat_id = ry_products_cat.cat_id AND ry_products_cat_lang.lang_code ='en-us' [ RunTime:0.018412s ]
[ 2012-01-23T21:54:28-05:00 ] NOTIC: [8] Undefined variable: msg 6f9ff6e3cd1727a9c4c714dfe3682b60.php 第 31 行.
[ 2012-01-23T21:54:28-05:00 ] NOTIC: [8] Undefined index: keywords 6f9ff6e3cd1727a9c4c714dfe3682b60.php 第 63 行.
[ 2012-01-23T21:54:28-05:00 ] NOTIC: [8] Undefined index: region 6f9ff6e3cd1727a9c4c714dfe3682b60.php 第 66 行.
[ 2012-01-23T21:54:28-05:00 ] NOTIC: [8] Undefined index: region 6f9ff6e3cd1727a9c4c714dfe3682b60.php 第 66 行.
[ 2012-01-23T22:09:46-05:00 ] SQL: SHOW COLUMNS FROM `ry_region` [ RunTime:0.003782s ]
[ 2012-01-23T22:09:46-05:00 ] SQL: SELECT * FROM `ry_region` WHERE ( `region_lang_code` = 'en-us' ) [ RunTime:0.000354s ]
[ 2012-01-23T22:09:46-05:00 ] SQL: SHOW COLUMNS FROM `ry_products_cat` [ RunTime:0.003609s ]
[ 2012-01-23T22:09:46-05:00 ] SQL: SELECT ry_products_cat.*, ry_products_cat_lang.catlang_id, ry_products_cat_lang.lang_code AS cat_lang_code, 
							ry_products_cat_lang.lang_name AS cat_lang_name, ry_products_cat_lang.cat_name AS cat_name_with_lang FROM `ry_products_cat` LEFT JOIN ry_products_cat_lang on ry_products_cat_lang.cat_id = ry_products_cat.cat_id AND ry_products_cat_lang.lang_code ='en-us' [ RunTime:0.000887s ]
[ 2012-01-23T22:09:47-05:00 ] NOTIC: [8] Undefined variable: msg 6f9ff6e3cd1727a9c4c714dfe3682b60.php 第 27 行.
[ 2012-01-23T22:09:47-05:00 ] NOTIC: [8] Undefined variable: Think 6f9ff6e3cd1727a9c4c714dfe3682b60.php 第 33 行.
[ 2012-01-23T22:09:47-05:00 ] NOTIC: [8] Undefined index: keywords 6f9ff6e3cd1727a9c4c714dfe3682b60.php 第 57 行.
[ 2012-01-23T22:09:47-05:00 ] NOTIC: [8] Undefined index: region 6f9ff6e3cd1727a9c4c714dfe3682b60.php 第 61 行.
[ 2012-01-23T22:09:47-05:00 ] NOTIC: [8] Undefined index: region 6f9ff6e3cd1727a9c4c714dfe3682b60.php 第 61 行.
[ 2012-01-23T22:10:04-05:00 ] SQL: SHOW COLUMNS FROM `ry_region` [ RunTime:0.003836s ]
[ 2012-01-23T22:10:04-05:00 ] SQL: SELECT * FROM `ry_region` WHERE ( `region_lang_code` = 'en-us' ) [ RunTime:0.000350s ]
[ 2012-01-23T22:10:04-05:00 ] SQL: SHOW COLUMNS FROM `ry_products_cat` [ RunTime:0.003709s ]
[ 2012-01-23T22:10:04-05:00 ] SQL: SELECT ry_products_cat.*, ry_products_cat_lang.catlang_id, ry_products_cat_lang.lang_code AS cat_lang_code, 
							ry_products_cat_lang.lang_name AS cat_lang_name, ry_products_cat_lang.cat_name AS cat_name_with_lang FROM `ry_products_cat` LEFT JOIN ry_products_cat_lang on ry_products_cat_lang.cat_id = ry_products_cat.cat_id AND ry_products_cat_lang.lang_code ='en-us' [ RunTime:0.000803s ]
[ 2012-01-23T22:10:17-05:00 ] SQL: SHOW COLUMNS FROM `ry_region` [ RunTime:0.003729s ]
[ 2012-01-23T22:10:17-05:00 ] SQL: SELECT * FROM `ry_region` WHERE ( `region_lang_code` = 'en-us' ) [ RunTime:0.000321s ]
[ 2012-01-23T22:10:17-05:00 ] SQL: SHOW COLUMNS FROM `ry_products_cat` [ RunTime:0.003982s ]
[ 2012-01-23T22:10:17-05:00 ] SQL: SELECT ry_products_cat.*, ry_products_cat_lang.catlang_id, ry_products_cat_lang.lang_code AS cat_lang_code, 
							ry_products_cat_lang.lang_name AS cat_lang_name, ry_products_cat_lang.cat_name AS cat_name_with_lang FROM `ry_products_cat` LEFT JOIN ry_products_cat_lang on ry_products_cat_lang.cat_id = ry_products_cat.cat_id AND ry_products_cat_lang.lang_code ='en-us' [ RunTime:0.000771s ]
[ 2012-01-23T22:10:17-05:00 ] NOTIC: [8] Undefined variable: msg 6f9ff6e3cd1727a9c4c714dfe3682b60.php 第 27 行.
[ 2012-01-23T22:10:17-05:00 ] NOTIC: [8] Undefined variable: Think 6f9ff6e3cd1727a9c4c714dfe3682b60.php 第 33 行.
[ 2012-01-23T22:10:17-05:00 ] NOTIC: [8] Undefined variable: Think 6f9ff6e3cd1727a9c4c714dfe3682b60.php 第 34 行.
[ 2012-01-23T22:10:17-05:00 ] NOTIC: [8] Undefined index: keywords 6f9ff6e3cd1727a9c4c714dfe3682b60.php 第 55 行.
[ 2012-01-23T22:10:17-05:00 ] NOTIC: [8] Undefined index: region 6f9ff6e3cd1727a9c4c714dfe3682b60.php 第 59 行.
[ 2012-01-23T22:10:17-05:00 ] NOTIC: [8] Undefined index: region 6f9ff6e3cd1727a9c4c714dfe3682b60.php 第 59 行.
[ 2012-01-23T22:10:33-05:00 ] SQL: SHOW COLUMNS FROM `ry_region` [ RunTime:0.003587s ]
[ 2012-01-23T22:10:33-05:00 ] SQL: SELECT * FROM `ry_region` WHERE ( `region_lang_code` = 'en-us' ) [ RunTime:0.000379s ]
[ 2012-01-23T22:10:33-05:00 ] SQL: SHOW COLUMNS FROM `ry_products_cat` [ RunTime:0.004306s ]
[ 2012-01-23T22:10:33-05:00 ] SQL: SELECT ry_products_cat.*, ry_products_cat_lang.catlang_id, ry_products_cat_lang.lang_code AS cat_lang_code, 
							ry_products_cat_lang.lang_name AS cat_lang_name, ry_products_cat_lang.cat_name AS cat_name_with_lang FROM `ry_products_cat` LEFT JOIN ry_products_cat_lang on ry_products_cat_lang.cat_id = ry_products_cat.cat_id AND ry_products_cat_lang.lang_code ='en-us' [ RunTime:0.000795s ]
[ 2012-01-23T22:10:33-05:00 ] NOTIC: [8] Undefined variable: msg 6f9ff6e3cd1727a9c4c714dfe3682b60.php 第 27 行.
[ 2012-01-23T22:10:33-05:00 ] NOTIC: [8] Undefined variable: Think 6f9ff6e3cd1727a9c4c714dfe3682b60.php 第 33 行.
[ 2012-01-23T22:10:33-05:00 ] NOTIC: [8] Undefined variable: Think 6f9ff6e3cd1727a9c4c714dfe3682b60.php 第 34 行.
[ 2012-01-23T22:10:33-05:00 ] NOTIC: [8] Undefined index: keywords 6f9ff6e3cd1727a9c4c714dfe3682b60.php 第 55 行.
[ 2012-01-23T22:10:33-05:00 ] NOTIC: [8] Undefined index: region 6f9ff6e3cd1727a9c4c714dfe3682b60.php 第 59 行.
[ 2012-01-23T22:10:33-05:00 ] NOTIC: [8] Undefined index: region 6f9ff6e3cd1727a9c4c714dfe3682b60.php 第 59 行.
[ 2012-01-23T22:11:10-05:00 ] SQL: SHOW COLUMNS FROM `ry_region` [ RunTime:0.003618s ]
[ 2012-01-23T22:11:10-05:00 ] SQL: SELECT * FROM `ry_region` WHERE ( `region_lang_code` = 'en-us' ) [ RunTime:0.000330s ]
[ 2012-01-23T22:11:10-05:00 ] SQL: SHOW COLUMNS FROM `ry_products_cat` [ RunTime:0.003931s ]
[ 2012-01-23T22:11:10-05:00 ] SQL: SELECT ry_products_cat.*, ry_products_cat_lang.catlang_id, ry_products_cat_lang.lang_code AS cat_lang_code, 
							ry_products_cat_lang.lang_name AS cat_lang_name, ry_products_cat_lang.cat_name AS cat_name_with_lang FROM `ry_products_cat` LEFT JOIN ry_products_cat_lang on ry_products_cat_lang.cat_id = ry_products_cat.cat_id AND ry_products_cat_lang.lang_code ='en-us' [ RunTime:0.000808s ]
[ 2012-01-23T22:11:10-05:00 ] NOTIC: [8] Undefined variable: msg 6f9ff6e3cd1727a9c4c714dfe3682b60.php 第 27 行.
[ 2012-01-23T22:11:10-05:00 ] NOTIC: [8] Use of undefined constant session - assumed 'session' 6f9ff6e3cd1727a9c4c714dfe3682b60.php 第 31 行.
[ 2012-01-23T22:11:10-05:00 ] NOTIC: [8] Undefined variable: Think 6f9ff6e3cd1727a9c4c714dfe3682b60.php 第 31 行.
[ 2012-01-23T22:11:10-05:00 ] NOTIC: [8] Use of undefined constant user - assumed 'user' 6f9ff6e3cd1727a9c4c714dfe3682b60.php 第 31 行.
[ 2012-01-23T22:11:10-05:00 ] NOTIC: [8] Use of undefined constant user_name - assumed 'user_name' 6f9ff6e3cd1727a9c4c714dfe3682b60.php 第 31 行.
[ 2012-01-23T22:11:10-05:00 ] NOTIC: [8] Undefined variable: Think 6f9ff6e3cd1727a9c4c714dfe3682b60.php 第 33 行.
[ 2012-01-23T22:11:10-05:00 ] NOTIC: [8] Undefined variable: Think 6f9ff6e3cd1727a9c4c714dfe3682b60.php 第 34 行.
[ 2012-01-23T22:11:10-05:00 ] NOTIC: [8] Undefined index: keywords 6f9ff6e3cd1727a9c4c714dfe3682b60.php 第 55 行.
[ 2012-01-23T22:11:10-05:00 ] NOTIC: [8] Undefined index: region 6f9ff6e3cd1727a9c4c714dfe3682b60.php 第 59 行.
[ 2012-01-23T22:11:10-05:00 ] NOTIC: [8] Undefined index: region 6f9ff6e3cd1727a9c4c714dfe3682b60.php 第 59 行.
[ 2012-01-23T22:11:14-05:00 ] SQL: SHOW COLUMNS FROM `ry_region` [ RunTime:0.003603s ]
[ 2012-01-23T22:11:14-05:00 ] SQL: SELECT * FROM `ry_region` WHERE ( `region_lang_code` = 'en-us' ) [ RunTime:0.000440s ]
[ 2012-01-23T22:11:14-05:00 ] SQL: SHOW COLUMNS FROM `ry_products_cat` [ RunTime:0.004127s ]
[ 2012-01-23T22:11:14-05:00 ] SQL: SELECT ry_products_cat.*, ry_products_cat_lang.catlang_id, ry_products_cat_lang.lang_code AS cat_lang_code, 
							ry_products_cat_lang.lang_name AS cat_lang_name, ry_products_cat_lang.cat_name AS cat_name_with_lang FROM `ry_products_cat` LEFT JOIN ry_products_cat_lang on ry_products_cat_lang.cat_id = ry_products_cat.cat_id AND ry_products_cat_lang.lang_code ='en-us' [ RunTime:0.000804s ]
[ 2012-01-23T22:11:14-05:00 ] NOTIC: [8] Undefined variable: msg 6f9ff6e3cd1727a9c4c714dfe3682b60.php 第 27 行.
[ 2012-01-23T22:11:14-05:00 ] NOTIC: [8] Use of undefined constant session - assumed 'session' 6f9ff6e3cd1727a9c4c714dfe3682b60.php 第 31 行.
[ 2012-01-23T22:11:14-05:00 ] NOTIC: [8] Undefined variable: Think 6f9ff6e3cd1727a9c4c714dfe3682b60.php 第 31 行.
[ 2012-01-23T22:11:14-05:00 ] NOTIC: [8] Use of undefined constant user - assumed 'user' 6f9ff6e3cd1727a9c4c714dfe3682b60.php 第 31 行.
[ 2012-01-23T22:11:14-05:00 ] NOTIC: [8] Use of undefined constant user_name - assumed 'user_name' 6f9ff6e3cd1727a9c4c714dfe3682b60.php 第 31 行.
[ 2012-01-23T22:11:14-05:00 ] NOTIC: [8] Undefined variable: Think 6f9ff6e3cd1727a9c4c714dfe3682b60.php 第 33 行.
[ 2012-01-23T22:11:14-05:00 ] NOTIC: [8] Undefined variable: Think 6f9ff6e3cd1727a9c4c714dfe3682b60.php 第 34 行.
[ 2012-01-23T22:11:14-05:00 ] NOTIC: [8] Undefined index: keywords 6f9ff6e3cd1727a9c4c714dfe3682b60.php 第 55 行.
[ 2012-01-23T22:11:14-05:00 ] NOTIC: [8] Undefined index: region 6f9ff6e3cd1727a9c4c714dfe3682b60.php 第 59 行.
[ 2012-01-23T22:11:14-05:00 ] NOTIC: [8] Undefined index: region 6f9ff6e3cd1727a9c4c714dfe3682b60.php 第 59 行.
[ 2012-01-23T22:11:26-05:00 ] SQL: SHOW COLUMNS FROM `ry_region` [ RunTime:0.003827s ]
[ 2012-01-23T22:11:26-05:00 ] SQL: SELECT * FROM `ry_region` WHERE ( `region_lang_code` = 'en-us' ) [ RunTime:0.000353s ]
[ 2012-01-23T22:11:26-05:00 ] SQL: SHOW COLUMNS FROM `ry_products_cat` [ RunTime:0.004035s ]
[ 2012-01-23T22:11:26-05:00 ] SQL: SELECT ry_products_cat.*, ry_products_cat_lang.catlang_id, ry_products_cat_lang.lang_code AS cat_lang_code, 
							ry_products_cat_lang.lang_name AS cat_lang_name, ry_products_cat_lang.cat_name AS cat_name_with_lang FROM `ry_products_cat` LEFT JOIN ry_products_cat_lang on ry_products_cat_lang.cat_id = ry_products_cat.cat_id AND ry_products_cat_lang.lang_code ='en-us' [ RunTime:0.000840s ]
[ 2012-01-23T22:11:26-05:00 ] NOTIC: [8] Undefined variable: msg 6f9ff6e3cd1727a9c4c714dfe3682b60.php 第 27 行.
[ 2012-01-23T22:11:26-05:00 ] NOTIC: [8] Undefined variable: Think 6f9ff6e3cd1727a9c4c714dfe3682b60.php 第 33 行.
[ 2012-01-23T22:11:26-05:00 ] NOTIC: [8] Undefined variable: Think 6f9ff6e3cd1727a9c4c714dfe3682b60.php 第 34 行.
[ 2012-01-23T22:11:26-05:00 ] NOTIC: [8] Undefined index: keywords 6f9ff6e3cd1727a9c4c714dfe3682b60.php 第 55 行.
[ 2012-01-23T22:11:26-05:00 ] NOTIC: [8] Undefined index: region 6f9ff6e3cd1727a9c4c714dfe3682b60.php 第 59 行.
[ 2012-01-23T22:11:26-05:00 ] NOTIC: [8] Undefined index: region 6f9ff6e3cd1727a9c4c714dfe3682b60.php 第 59 行.
[ 2012-01-23T22:11:34-05:00 ] SQL: SHOW COLUMNS FROM `ry_region` [ RunTime:0.003897s ]
[ 2012-01-23T22:11:34-05:00 ] SQL: SELECT * FROM `ry_region` WHERE ( `region_lang_code` = 'en-us' ) [ RunTime:0.000397s ]
[ 2012-01-23T22:11:34-05:00 ] SQL: SHOW COLUMNS FROM `ry_products_cat` [ RunTime:0.004404s ]
[ 2012-01-23T22:11:34-05:00 ] SQL: SELECT ry_products_cat.*, ry_products_cat_lang.catlang_id, ry_products_cat_lang.lang_code AS cat_lang_code, 
							ry_products_cat_lang.lang_name AS cat_lang_name, ry_products_cat_lang.cat_name AS cat_name_with_lang FROM `ry_products_cat` LEFT JOIN ry_products_cat_lang on ry_products_cat_lang.cat_id = ry_products_cat.cat_id AND ry_products_cat_lang.lang_code ='en-us' [ RunTime:0.000842s ]
[ 2012-01-23T22:11:35-05:00 ] NOTIC: [8] Undefined variable: msg 6f9ff6e3cd1727a9c4c714dfe3682b60.php 第 27 行.
[ 2012-01-23T22:11:35-05:00 ] NOTIC: [8] Undefined index: user_id 6f9ff6e3cd1727a9c4c714dfe3682b60.php 第 31 行.
[ 2012-01-23T22:11:35-05:00 ] NOTIC: [8] Undefined variable: Think 6f9ff6e3cd1727a9c4c714dfe3682b60.php 第 33 行.
[ 2012-01-23T22:11:35-05:00 ] NOTIC: [8] Undefined variable: Think 6f9ff6e3cd1727a9c4c714dfe3682b60.php 第 34 行.
[ 2012-01-23T22:11:35-05:00 ] NOTIC: [8] Undefined index: keywords 6f9ff6e3cd1727a9c4c714dfe3682b60.php 第 55 行.
[ 2012-01-23T22:11:35-05:00 ] NOTIC: [8] Undefined index: region 6f9ff6e3cd1727a9c4c714dfe3682b60.php 第 59 行.
[ 2012-01-23T22:11:35-05:00 ] NOTIC: [8] Undefined index: region 6f9ff6e3cd1727a9c4c714dfe3682b60.php 第 59 行.
[ 2012-01-23T22:11:42-05:00 ] SQL: SHOW COLUMNS FROM `ry_region` [ RunTime:0.003927s ]
[ 2012-01-23T22:11:42-05:00 ] SQL: SELECT * FROM `ry_region` WHERE ( `region_lang_code` = 'en-us' ) [ RunTime:0.000354s ]
[ 2012-01-23T22:11:42-05:00 ] SQL: SHOW COLUMNS FROM `ry_products_cat` [ RunTime:0.003717s ]
[ 2012-01-23T22:11:42-05:00 ] SQL: SELECT ry_products_cat.*, ry_products_cat_lang.catlang_id, ry_products_cat_lang.lang_code AS cat_lang_code, 
							ry_products_cat_lang.lang_name AS cat_lang_name, ry_products_cat_lang.cat_name AS cat_name_with_lang FROM `ry_products_cat` LEFT JOIN ry_products_cat_lang on ry_products_cat_lang.cat_id = ry_products_cat.cat_id AND ry_products_cat_lang.lang_code ='en-us' [ RunTime:0.000772s ]
[ 2012-01-23T22:11:42-05:00 ] NOTIC: [8] Undefined variable: msg 6f9ff6e3cd1727a9c4c714dfe3682b60.php 第 27 行.
[ 2012-01-23T22:11:42-05:00 ] NOTIC: [8] Undefined index: id 6f9ff6e3cd1727a9c4c714dfe3682b60.php 第 31 行.
[ 2012-01-23T22:11:42-05:00 ] NOTIC: [8] Undefined variable: Think 6f9ff6e3cd1727a9c4c714dfe3682b60.php 第 33 行.
[ 2012-01-23T22:11:42-05:00 ] NOTIC: [8] Undefined variable: Think 6f9ff6e3cd1727a9c4c714dfe3682b60.php 第 34 行.
[ 2012-01-23T22:11:42-05:00 ] NOTIC: [8] Undefined index: keywords 6f9ff6e3cd1727a9c4c714dfe3682b60.php 第 55 行.
[ 2012-01-23T22:11:42-05:00 ] NOTIC: [8] Undefined index: region 6f9ff6e3cd1727a9c4c714dfe3682b60.php 第 59 行.
[ 2012-01-23T22:11:42-05:00 ] NOTIC: [8] Undefined index: region 6f9ff6e3cd1727a9c4c714dfe3682b60.php 第 59 行.
[ 2012-01-23T22:11:49-05:00 ] SQL: SHOW COLUMNS FROM `ry_region` [ RunTime:0.004269s ]
[ 2012-01-23T22:11:49-05:00 ] SQL: SELECT * FROM `ry_region` WHERE ( `region_lang_code` = 'en-us' ) [ RunTime:0.001115s ]
[ 2012-01-23T22:11:49-05:00 ] SQL: SHOW COLUMNS FROM `ry_products_cat` [ RunTime:0.005427s ]
[ 2012-01-23T22:11:49-05:00 ] SQL: SELECT ry_products_cat.*, ry_products_cat_lang.catlang_id, ry_products_cat_lang.lang_code AS cat_lang_code, 
							ry_products_cat_lang.lang_name AS cat_lang_name, ry_products_cat_lang.cat_name AS cat_name_with_lang FROM `ry_products_cat` LEFT JOIN ry_products_cat_lang on ry_products_cat_lang.cat_id = ry_products_cat.cat_id AND ry_products_cat_lang.lang_code ='en-us' [ RunTime:0.000802s ]
[ 2012-01-23T22:11:49-05:00 ] NOTIC: [8] Undefined variable: msg 6f9ff6e3cd1727a9c4c714dfe3682b60.php 第 27 行.
[ 2012-01-23T22:11:49-05:00 ] NOTIC: [8] Undefined variable: Think 6f9ff6e3cd1727a9c4c714dfe3682b60.php 第 33 行.
[ 2012-01-23T22:11:49-05:00 ] NOTIC: [8] Undefined variable: Think 6f9ff6e3cd1727a9c4c714dfe3682b60.php 第 34 行.
[ 2012-01-23T22:11:49-05:00 ] NOTIC: [8] Undefined index: keywords 6f9ff6e3cd1727a9c4c714dfe3682b60.php 第 55 行.
[ 2012-01-23T22:11:49-05:00 ] NOTIC: [8] Undefined index: region 6f9ff6e3cd1727a9c4c714dfe3682b60.php 第 59 行.
[ 2012-01-23T22:11:49-05:00 ] NOTIC: [8] Undefined index: region 6f9ff6e3cd1727a9c4c714dfe3682b60.php 第 59 行.
[ 2012-01-23T22:12:07-05:00 ] SQL: SHOW COLUMNS FROM `ry_region` [ RunTime:0.003575s ]
[ 2012-01-23T22:12:07-05:00 ] SQL: SELECT * FROM `ry_region` WHERE ( `region_lang_code` = 'en-us' ) [ RunTime:0.000314s ]
[ 2012-01-23T22:12:07-05:00 ] SQL: SHOW COLUMNS FROM `ry_products_cat` [ RunTime:0.003525s ]
[ 2012-01-23T22:12:07-05:00 ] SQL: SELECT ry_products_cat.*, ry_products_cat_lang.catlang_id, ry_products_cat_lang.lang_code AS cat_lang_code, 
							ry_products_cat_lang.lang_name AS cat_lang_name, ry_products_cat_lang.cat_name AS cat_name_with_lang FROM `ry_products_cat` LEFT JOIN ry_products_cat_lang on ry_products_cat_lang.cat_id = ry_products_cat.cat_id AND ry_products_cat_lang.lang_code ='en-us' [ RunTime:0.000788s ]
[ 2012-01-23T22:12:07-05:00 ] NOTIC: [8] Undefined variable: msg 6f9ff6e3cd1727a9c4c714dfe3682b60.php 第 27 行.
[ 2012-01-23T22:12:07-05:00 ] NOTIC: [8] Undefined index: keywords 6f9ff6e3cd1727a9c4c714dfe3682b60.php 第 55 行.
[ 2012-01-23T22:12:07-05:00 ] NOTIC: [8] Undefined index: region 6f9ff6e3cd1727a9c4c714dfe3682b60.php 第 59 行.
[ 2012-01-23T22:12:07-05:00 ] NOTIC: [8] Undefined index: region 6f9ff6e3cd1727a9c4c714dfe3682b60.php 第 59 行.
[ 2012-01-23T22:12:18-05:00 ] SQL: SHOW COLUMNS FROM `ry_region` [ RunTime:0.003665s ]
[ 2012-01-23T22:12:18-05:00 ] SQL: SELECT * FROM `ry_region` WHERE ( `region_lang_code` = 'en-us' ) [ RunTime:0.000325s ]
[ 2012-01-23T22:12:18-05:00 ] SQL: SHOW COLUMNS FROM `ry_products_cat` [ RunTime:0.003898s ]
[ 2012-01-23T22:12:18-05:00 ] SQL: SELECT ry_products_cat.*, ry_products_cat_lang.catlang_id, ry_products_cat_lang.lang_code AS cat_lang_code, 
							ry_products_cat_lang.lang_name AS cat_lang_name, ry_products_cat_lang.cat_name AS cat_name_with_lang FROM `ry_products_cat` LEFT JOIN ry_products_cat_lang on ry_products_cat_lang.cat_id = ry_products_cat.cat_id AND ry_products_cat_lang.lang_code ='en-us' [ RunTime:0.000844s ]
[ 2012-01-23T22:12:18-05:00 ] NOTIC: [8] Undefined variable: msg 6f9ff6e3cd1727a9c4c714dfe3682b60.php 第 27 行.
[ 2012-01-23T22:12:18-05:00 ] NOTIC: [8] Undefined index: keywords 6f9ff6e3cd1727a9c4c714dfe3682b60.php 第 55 行.
[ 2012-01-23T22:12:18-05:00 ] NOTIC: [8] Undefined index: region 6f9ff6e3cd1727a9c4c714dfe3682b60.php 第 59 行.
[ 2012-01-23T22:12:18-05:00 ] NOTIC: [8] Undefined index: region 6f9ff6e3cd1727a9c4c714dfe3682b60.php 第 59 行.
[ 2012-01-23T22:13:01-05:00 ] NOTIC: [8] Undefined variable: SITE_URL 6f9ff6e3cd1727a9c4c714dfe3682b60.php 第 25 行.
[ 2012-01-23T22:13:01-05:00 ] NOTIC: [8] Undefined variable: SITE_URL 6f9ff6e3cd1727a9c4c714dfe3682b60.php 第 26 行.
[ 2012-01-23T22:13:01-05:00 ] NOTIC: [8] Undefined variable: msg 6f9ff6e3cd1727a9c4c714dfe3682b60.php 第 27 行.
[ 2012-01-23T22:13:01-05:00 ] NOTIC: [8] Undefined variable: SITE_URL 6f9ff6e3cd1727a9c4c714dfe3682b60.php 第 33 行.
[ 2012-01-23T22:13:01-05:00 ] NOTIC: [8] Undefined variable: SITE_URL 6f9ff6e3cd1727a9c4c714dfe3682b60.php 第 33 行.
[ 2012-01-23T22:13:01-05:00 ] NOTIC: [8] Undefined variable: SITE_URL 6f9ff6e3cd1727a9c4c714dfe3682b60.php 第 35 行.
[ 2012-01-23T22:13:01-05:00 ] NOTIC: [8] Undefined variable: SITE_URL 6f9ff6e3cd1727a9c4c714dfe3682b60.php 第 35 行.
[ 2012-01-23T22:13:01-05:00 ] NOTIC: [8] Undefined variable: SITE_URL 6f9ff6e3cd1727a9c4c714dfe3682b60.php 第 36 行.
[ 2012-01-23T22:13:01-05:00 ] NOTIC: [8] Undefined variable: SITE_URL 6f9ff6e3cd1727a9c4c714dfe3682b60.php 第 36 行.
[ 2012-01-23T22:13:01-05:00 ] NOTIC: [8] Undefined variable: SITE_URL 6f9ff6e3cd1727a9c4c714dfe3682b60.php 第 40 行.
[ 2012-01-23T22:13:01-05:00 ] NOTIC: [8] Undefined variable: SITE_URL 6f9ff6e3cd1727a9c4c714dfe3682b60.php 第 41 行.
[ 2012-01-23T22:13:01-05:00 ] NOTIC: [8] Undefined variable: SITE_URL 6f9ff6e3cd1727a9c4c714dfe3682b60.php 第 42 行.
[ 2012-01-23T22:13:01-05:00 ] NOTIC: [8] Undefined variable: SITE_URL 6f9ff6e3cd1727a9c4c714dfe3682b60.php 第 43 行.
[ 2012-01-23T22:13:01-05:00 ] NOTIC: [8] Undefined variable: SITE_URL 6f9ff6e3cd1727a9c4c714dfe3682b60.php 第 44 行.
[ 2012-01-23T22:13:01-05:00 ] NOTIC: [8] Undefined variable: SITE_URL 6f9ff6e3cd1727a9c4c714dfe3682b60.php 第 46 行.
[ 2012-01-23T22:13:01-05:00 ] NOTIC: [8] Undefined variable: SITE_URL 6f9ff6e3cd1727a9c4c714dfe3682b60.php 第 47 行.
[ 2012-01-23T22:13:01-05:00 ] NOTIC: [8] Undefined variable: SITE_URL 6f9ff6e3cd1727a9c4c714dfe3682b60.php 第 48 行.
[ 2012-01-23T22:13:01-05:00 ] NOTIC: [8] Undefined variable: SITE_URL 6f9ff6e3cd1727a9c4c714dfe3682b60.php 第 49 行.
[ 2012-01-23T22:13:01-05:00 ] NOTIC: [8] Undefined variable: SITE_URL 6f9ff6e3cd1727a9c4c714dfe3682b60.php 第 53 行.
[ 2012-01-23T22:13:01-05:00 ] NOTIC: [8] Undefined index: keywords 6f9ff6e3cd1727a9c4c714dfe3682b60.php 第 55 行.
[ 2012-01-23T22:13:01-05:00 ] NOTIC: [8] Undefined variable: all_regions 6f9ff6e3cd1727a9c4c714dfe3682b60.php 第 58 行.
[ 2012-01-23T22:13:01-05:00 ] NOTIC: [8] Undefined variable: categories 6f9ff6e3cd1727a9c4c714dfe3682b60.php 第 155 行.
[ 2012-01-23T22:13:01-05:00 ] NOTIC: [8] Undefined variable: SITE_URL 6f9ff6e3cd1727a9c4c714dfe3682b60.php 第 198 行.
[ 2012-01-23T22:13:01-05:00 ] NOTIC: [8] Undefined variable: SITE_URL 6f9ff6e3cd1727a9c4c714dfe3682b60.php 第 203 行.
[ 2012-01-23T22:13:01-05:00 ] NOTIC: [8] Undefined variable: SITE_URL 6f9ff6e3cd1727a9c4c714dfe3682b60.php 第 212 行.
[ 2012-01-23T22:13:01-05:00 ] NOTIC: [8] Undefined variable: SITE_URL 6f9ff6e3cd1727a9c4c714dfe3682b60.php 第 213 行.
[ 2012-01-23T22:13:01-05:00 ] NOTIC: [8] Undefined variable: SITE_URL 6f9ff6e3cd1727a9c4c714dfe3682b60.php 第 214 行.
[ 2012-01-23T22:13:01-05:00 ] NOTIC: [8] Undefined variable: SITE_URL 6f9ff6e3cd1727a9c4c714dfe3682b60.php 第 233 行.
[ 2012-01-23T22:13:01-05:00 ] NOTIC: [8] Undefined variable: SITE_URL 6f9ff6e3cd1727a9c4c714dfe3682b60.php 第 243 行.
[ 2012-01-23T22:13:01-05:00 ] NOTIC: [8] Undefined variable: SITE_URL 6f9ff6e3cd1727a9c4c714dfe3682b60.php 第 247 行.
[ 2012-01-23T22:13:01-05:00 ] NOTIC: [8] Undefined variable: SITE_URL 6f9ff6e3cd1727a9c4c714dfe3682b60.php 第 252 行.
[ 2012-01-23T22:13:01-05:00 ] NOTIC: [8] Undefined variable: SITE_URL 6f9ff6e3cd1727a9c4c714dfe3682b60.php 第 258 行.
[ 2012-01-23T22:13:01-05:00 ] NOTIC: [8] Undefined variable: SITE_URL 6f9ff6e3cd1727a9c4c714dfe3682b60.php 第 413 行.
[ 2012-01-23T22:13:01-05:00 ] NOTIC: [8] Undefined variable: SITE_URL 6f9ff6e3cd1727a9c4c714dfe3682b60.php 第 427 行.
[ 2012-01-23T22:13:01-05:00 ] NOTIC: [8] Undefined variable: SITE_URL 6f9ff6e3cd1727a9c4c714dfe3682b60.php 第 429 行.
[ 2012-01-23T22:13:01-05:00 ] NOTIC: [8] Undefined variable: SITE_URL 6f9ff6e3cd1727a9c4c714dfe3682b60.php 第 431 行.
[ 2012-01-23T22:13:01-05:00 ] NOTIC: [8] Undefined variable: SITE_URL 6f9ff6e3cd1727a9c4c714dfe3682b60.php 第 452 行.
[ 2012-01-23T22:13:01-05:00 ] NOTIC: [8] Undefined variable: SITE_URL 6f9ff6e3cd1727a9c4c714dfe3682b60.php 第 453 行.
[ 2012-01-23T22:13:01-05:00 ] NOTIC: [8] Undefined variable: SITE_URL 6f9ff6e3cd1727a9c4c714dfe3682b60.php 第 454 行.
[ 2012-01-23T22:13:01-05:00 ] NOTIC: [8] Undefined variable: SITE_URL 6f9ff6e3cd1727a9c4c714dfe3682b60.php 第 461 行.
[ 2012-01-23T22:13:01-05:00 ] NOTIC: [8] Undefined variable: SITE_URL 6f9ff6e3cd1727a9c4c714dfe3682b60.php 第 462 行.
[ 2012-01-23T22:13:01-05:00 ] NOTIC: [8] Undefined variable: SITE_URL 6f9ff6e3cd1727a9c4c714dfe3682b60.php 第 463 行.
[ 2012-01-23T22:13:04-05:00 ] NOTIC: [8] Undefined variable: SITE_URL 6f9ff6e3cd1727a9c4c714dfe3682b60.php 第 25 行.
[ 2012-01-23T22:13:04-05:00 ] NOTIC: [8] Undefined variable: SITE_URL 6f9ff6e3cd1727a9c4c714dfe3682b60.php 第 26 行.
[ 2012-01-23T22:13:04-05:00 ] NOTIC: [8] Undefined variable: msg 6f9ff6e3cd1727a9c4c714dfe3682b60.php 第 27 行.
[ 2012-01-23T22:13:04-05:00 ] NOTIC: [8] Undefined variable: SITE_URL 6f9ff6e3cd1727a9c4c714dfe3682b60.php 第 33 行.
[ 2012-01-23T22:13:04-05:00 ] NOTIC: [8] Undefined variable: SITE_URL 6f9ff6e3cd1727a9c4c714dfe3682b60.php 第 33 行.
[ 2012-01-23T22:13:04-05:00 ] NOTIC: [8] Undefined variable: SITE_URL 6f9ff6e3cd1727a9c4c714dfe3682b60.php 第 35 行.
[ 2012-01-23T22:13:04-05:00 ] NOTIC: [8] Undefined variable: SITE_URL 6f9ff6e3cd1727a9c4c714dfe3682b60.php 第 35 行.
[ 2012-01-23T22:13:04-05:00 ] NOTIC: [8] Undefined variable: SITE_URL 6f9ff6e3cd1727a9c4c714dfe3682b60.php 第 36 行.
[ 2012-01-23T22:13:04-05:00 ] NOTIC: [8] Undefined variable: SITE_URL 6f9ff6e3cd1727a9c4c714dfe3682b60.php 第 36 行.
[ 2012-01-23T22:13:04-05:00 ] NOTIC: [8] Undefined variable: SITE_URL 6f9ff6e3cd1727a9c4c714dfe3682b60.php 第 40 行.
[ 2012-01-23T22:13:04-05:00 ] NOTIC: [8] Undefined variable: SITE_URL 6f9ff6e3cd1727a9c4c714dfe3682b60.php 第 41 行.
[ 2012-01-23T22:13:04-05:00 ] NOTIC: [8] Undefined variable: SITE_URL 6f9ff6e3cd1727a9c4c714dfe3682b60.php 第 42 行.
[ 2012-01-23T22:13:04-05:00 ] NOTIC: [8] Undefined variable: SITE_URL 6f9ff6e3cd1727a9c4c714dfe3682b60.php 第 43 行.
[ 2012-01-23T22:13:04-05:00 ] NOTIC: [8] Undefined variable: SITE_URL 6f9ff6e3cd1727a9c4c714dfe3682b60.php 第 44 行.
[ 2012-01-23T22:13:04-05:00 ] NOTIC: [8] Undefined variable: SITE_URL 6f9ff6e3cd1727a9c4c714dfe3682b60.php 第 46 行.
[ 2012-01-23T22:13:04-05:00 ] NOTIC: [8] Undefined variable: SITE_URL 6f9ff6e3cd1727a9c4c714dfe3682b60.php 第 47 行.
[ 2012-01-23T22:13:04-05:00 ] NOTIC: [8] Undefined variable: SITE_URL 6f9ff6e3cd1727a9c4c714dfe3682b60.php 第 48 行.
[ 2012-01-23T22:13:04-05:00 ] NOTIC: [8] Undefined variable: SITE_URL 6f9ff6e3cd1727a9c4c714dfe3682b60.php 第 49 行.
[ 2012-01-23T22:13:04-05:00 ] NOTIC: [8] Undefined variable: SITE_URL 6f9ff6e3cd1727a9c4c714dfe3682b60.php 第 53 行.
[ 2012-01-23T22:13:04-05:00 ] NOTIC: [8] Undefined index: keywords 6f9ff6e3cd1727a9c4c714dfe3682b60.php 第 55 行.
[ 2012-01-23T22:13:04-05:00 ] NOTIC: [8] Undefined variable: all_regions 6f9ff6e3cd1727a9c4c714dfe3682b60.php 第 58 行.
[ 2012-01-23T22:13:04-05:00 ] NOTIC: [8] Undefined variable: categories 6f9ff6e3cd1727a9c4c714dfe3682b60.php 第 155 行.
[ 2012-01-23T22:13:04-05:00 ] NOTIC: [8] Undefined variable: SITE_URL 6f9ff6e3cd1727a9c4c714dfe3682b60.php 第 198 行.
[ 2012-01-23T22:13:04-05:00 ] NOTIC: [8] Undefined variable: SITE_URL 6f9ff6e3cd1727a9c4c714dfe3682b60.php 第 203 行.
[ 2012-01-23T22:13:04-05:00 ] NOTIC: [8] Undefined variable: SITE_URL 6f9ff6e3cd1727a9c4c714dfe3682b60.php 第 212 行.
[ 2012-01-23T22:13:04-05:00 ] NOTIC: [8] Undefined variable: SITE_URL 6f9ff6e3cd1727a9c4c714dfe3682b60.php 第 213 行.
[ 2012-01-23T22:13:04-05:00 ] NOTIC: [8] Undefined variable: SITE_URL 6f9ff6e3cd1727a9c4c714dfe3682b60.php 第 214 行.
[ 2012-01-23T22:13:04-05:00 ] NOTIC: [8] Undefined variable: SITE_URL 6f9ff6e3cd1727a9c4c714dfe3682b60.php 第 233 行.
[ 2012-01-23T22:13:04-05:00 ] NOTIC: [8] Undefined variable: SITE_URL 6f9ff6e3cd1727a9c4c714dfe3682b60.php 第 243 行.
[ 2012-01-23T22:13:04-05:00 ] NOTIC: [8] Undefined variable: SITE_URL 6f9ff6e3cd1727a9c4c714dfe3682b60.php 第 247 行.
[ 2012-01-23T22:13:04-05:00 ] NOTIC: [8] Undefined variable: SITE_URL 6f9ff6e3cd1727a9c4c714dfe3682b60.php 第 252 行.
[ 2012-01-23T22:13:04-05:00 ] NOTIC: [8] Undefined variable: SITE_URL 6f9ff6e3cd1727a9c4c714dfe3682b60.php 第 258 行.
[ 2012-01-23T22:13:04-05:00 ] NOTIC: [8] Undefined variable: SITE_URL 6f9ff6e3cd1727a9c4c714dfe3682b60.php 第 413 行.
[ 2012-01-23T22:13:04-05:00 ] NOTIC: [8] Undefined variable: SITE_URL 6f9ff6e3cd1727a9c4c714dfe3682b60.php 第 427 行.
[ 2012-01-23T22:13:04-05:00 ] NOTIC: [8] Undefined variable: SITE_URL 6f9ff6e3cd1727a9c4c714dfe3682b60.php 第 429 行.
[ 2012-01-23T22:13:04-05:00 ] NOTIC: [8] Undefined variable: SITE_URL 6f9ff6e3cd1727a9c4c714dfe3682b60.php 第 431 行.
[ 2012-01-23T22:13:04-05:00 ] NOTIC: [8] Undefined variable: SITE_URL 6f9ff6e3cd1727a9c4c714dfe3682b60.php 第 452 行.
[ 2012-01-23T22:13:04-05:00 ] NOTIC: [8] Undefined variable: SITE_URL 6f9ff6e3cd1727a9c4c714dfe3682b60.php 第 453 行.
[ 2012-01-23T22:13:04-05:00 ] NOTIC: [8] Undefined variable: SITE_URL 6f9ff6e3cd1727a9c4c714dfe3682b60.php 第 454 行.
[ 2012-01-23T22:13:04-05:00 ] NOTIC: [8] Undefined variable: SITE_URL 6f9ff6e3cd1727a9c4c714dfe3682b60.php 第 461 行.
[ 2012-01-23T22:13:04-05:00 ] NOTIC: [8] Undefined variable: SITE_URL 6f9ff6e3cd1727a9c4c714dfe3682b60.php 第 462 行.
[ 2012-01-23T22:13:04-05:00 ] NOTIC: [8] Undefined variable: SITE_URL 6f9ff6e3cd1727a9c4c714dfe3682b60.php 第 463 行.
[ 2012-01-23T22:13:08-05:00 ] SQL: SHOW COLUMNS FROM `ry_users` [ RunTime:0.004552s ]
[ 2012-01-23T22:13:13-05:00 ] NOTIC: [8] Undefined variable: SITE_URL 6f9ff6e3cd1727a9c4c714dfe3682b60.php 第 25 行.
[ 2012-01-23T22:13:13-05:00 ] NOTIC: [8] Undefined variable: SITE_URL 6f9ff6e3cd1727a9c4c714dfe3682b60.php 第 26 行.
[ 2012-01-23T22:13:13-05:00 ] NOTIC: [8] Undefined variable: msg 6f9ff6e3cd1727a9c4c714dfe3682b60.php 第 27 行.
[ 2012-01-23T22:13:13-05:00 ] NOTIC: [8] Undefined variable: SITE_URL 6f9ff6e3cd1727a9c4c714dfe3682b60.php 第 34 行.
[ 2012-01-23T22:13:13-05:00 ] NOTIC: [8] Undefined variable: SITE_URL 6f9ff6e3cd1727a9c4c714dfe3682b60.php 第 35 行.
[ 2012-01-23T22:13:13-05:00 ] NOTIC: [8] Undefined variable: SITE_URL 6f9ff6e3cd1727a9c4c714dfe3682b60.php 第 35 行.
[ 2012-01-23T22:13:13-05:00 ] NOTIC: [8] Undefined variable: SITE_URL 6f9ff6e3cd1727a9c4c714dfe3682b60.php 第 36 行.
[ 2012-01-23T22:13:13-05:00 ] NOTIC: [8] Undefined variable: SITE_URL 6f9ff6e3cd1727a9c4c714dfe3682b60.php 第 36 行.
[ 2012-01-23T22:13:13-05:00 ] NOTIC: [8] Undefined variable: SITE_URL 6f9ff6e3cd1727a9c4c714dfe3682b60.php 第 40 行.
[ 2012-01-23T22:13:13-05:00 ] NOTIC: [8] Undefined variable: SITE_URL 6f9ff6e3cd1727a9c4c714dfe3682b60.php 第 41 行.
[ 2012-01-23T22:13:13-05:00 ] NOTIC: [8] Undefined variable: SITE_URL 6f9ff6e3cd1727a9c4c714dfe3682b60.php 第 42 行.
[ 2012-01-23T22:13:13-05:00 ] NOTIC: [8] Undefined variable: SITE_URL 6f9ff6e3cd1727a9c4c714dfe3682b60.php 第 43 行.
[ 2012-01-23T22:13:13-05:00 ] NOTIC: [8] Undefined variable: SITE_URL 6f9ff6e3cd1727a9c4c714dfe3682b60.php 第 44 行.
[ 2012-01-23T22:13:13-05:00 ] NOTIC: [8] Undefined variable: SITE_URL 6f9ff6e3cd1727a9c4c714dfe3682b60.php 第 46 行.
[ 2012-01-23T22:13:13-05:00 ] NOTIC: [8] Undefined variable: SITE_URL 6f9ff6e3cd1727a9c4c714dfe3682b60.php 第 47 行.
[ 2012-01-23T22:13:13-05:00 ] NOTIC: [8] Undefined variable: SITE_URL 6f9ff6e3cd1727a9c4c714dfe3682b60.php 第 48 行.
[ 2012-01-23T22:13:13-05:00 ] NOTIC: [8] Undefined variable: SITE_URL 6f9ff6e3cd1727a9c4c714dfe3682b60.php 第 49 行.
[ 2012-01-23T22:13:13-05:00 ] NOTIC: [8] Undefined variable: SITE_URL 6f9ff6e3cd1727a9c4c714dfe3682b60.php 第 53 行.
[ 2012-01-23T22:13:13-05:00 ] NOTIC: [8] Undefined index: keywords 6f9ff6e3cd1727a9c4c714dfe3682b60.php 第 55 行.
[ 2012-01-23T22:13:13-05:00 ] NOTIC: [8] Undefined variable: all_regions 6f9ff6e3cd1727a9c4c714dfe3682b60.php 第 58 行.
[ 2012-01-23T22:13:13-05:00 ] NOTIC: [8] Undefined variable: categories 6f9ff6e3cd1727a9c4c714dfe3682b60.php 第 155 行.
[ 2012-01-23T22:13:13-05:00 ] NOTIC: [8] Undefined variable: SITE_URL 6f9ff6e3cd1727a9c4c714dfe3682b60.php 第 198 行.
[ 2012-01-23T22:13:13-05:00 ] NOTIC: [8] Undefined variable: SITE_URL 6f9ff6e3cd1727a9c4c714dfe3682b60.php 第 203 行.
[ 2012-01-23T22:13:13-05:00 ] NOTIC: [8] Undefined variable: SITE_URL 6f9ff6e3cd1727a9c4c714dfe3682b60.php 第 212 行.
[ 2012-01-23T22:13:13-05:00 ] NOTIC: [8] Undefined variable: SITE_URL 6f9ff6e3cd1727a9c4c714dfe3682b60.php 第 213 行.
[ 2012-01-23T22:13:13-05:00 ] NOTIC: [8] Undefined variable: SITE_URL 6f9ff6e3cd1727a9c4c714dfe3682b60.php 第 214 行.
[ 2012-01-23T22:13:13-05:00 ] NOTIC: [8] Undefined variable: SITE_URL 6f9ff6e3cd1727a9c4c714dfe3682b60.php 第 233 行.
[ 2012-01-23T22:13:13-05:00 ] NOTIC: [8] Undefined variable: SITE_URL 6f9ff6e3cd1727a9c4c714dfe3682b60.php 第 243 行.
[ 2012-01-23T22:13:13-05:00 ] NOTIC: [8] Undefined variable: SITE_URL 6f9ff6e3cd1727a9c4c714dfe3682b60.php 第 247 行.
[ 2012-01-23T22:13:13-05:00 ] NOTIC: [8] Undefined variable: SITE_URL 6f9ff6e3cd1727a9c4c714dfe3682b60.php 第 252 行.
[ 2012-01-23T22:13:13-05:00 ] NOTIC: [8] Undefined variable: SITE_URL 6f9ff6e3cd1727a9c4c714dfe3682b60.php 第 258 行.
[ 2012-01-23T22:13:13-05:00 ] NOTIC: [8] Undefined variable: SITE_URL 6f9ff6e3cd1727a9c4c714dfe3682b60.php 第 413 行.
[ 2012-01-23T22:13:13-05:00 ] NOTIC: [8] Undefined variable: SITE_URL 6f9ff6e3cd1727a9c4c714dfe3682b60.php 第 427 行.
[ 2012-01-23T22:13:13-05:00 ] NOTIC: [8] Undefined variable: SITE_URL 6f9ff6e3cd1727a9c4c714dfe3682b60.php 第 429 行.
[ 2012-01-23T22:13:13-05:00 ] NOTIC: [8] Undefined variable: SITE_URL 6f9ff6e3cd1727a9c4c714dfe3682b60.php 第 431 行.
[ 2012-01-23T22:13:13-05:00 ] NOTIC: [8] Undefined variable: SITE_URL 6f9ff6e3cd1727a9c4c714dfe3682b60.php 第 452 行.
[ 2012-01-23T22:13:13-05:00 ] NOTIC: [8] Undefined variable: SITE_URL 6f9ff6e3cd1727a9c4c714dfe3682b60.php 第 453 行.
[ 2012-01-23T22:13:13-05:00 ] NOTIC: [8] Undefined variable: SITE_URL 6f9ff6e3cd1727a9c4c714dfe3682b60.php 第 454 行.
[ 2012-01-23T22:13:13-05:00 ] NOTIC: [8] Undefined variable: SITE_URL 6f9ff6e3cd1727a9c4c714dfe3682b60.php 第 461 行.
[ 2012-01-23T22:13:13-05:00 ] NOTIC: [8] Undefined variable: SITE_URL 6f9ff6e3cd1727a9c4c714dfe3682b60.php 第 462 行.
[ 2012-01-23T22:13:13-05:00 ] NOTIC: [8] Undefined variable: SITE_URL 6f9ff6e3cd1727a9c4c714dfe3682b60.php 第 463 行.
[ 2012-01-23T22:14:11-05:00 ] ERR: (ThinkException) Action:GetCategoriesL2_METHOD_NOT_EXIST_
[ 2012-01-23T22:15:00-05:00 ] SQL: SHOW COLUMNS FROM `ry_region` [ RunTime:0.003611s ]
[ 2012-01-23T22:15:00-05:00 ] SQL: SELECT * FROM `ry_region` WHERE ( `region_lang_code` = 'en-us' ) [ RunTime:0.000325s ]
[ 2012-01-23T22:15:00-05:00 ] SQL: SHOW COLUMNS FROM `ry_products_cat` [ RunTime:0.003549s ]
[ 2012-01-23T22:15:00-05:00 ] SQL: SELECT ry_products_cat.*, ry_products_cat_lang.catlang_id, ry_products_cat_lang.lang_code AS cat_lang_code, 
							ry_products_cat_lang.lang_name AS cat_lang_name, ry_products_cat_lang.cat_name AS cat_name_with_lang FROM `ry_products_cat` LEFT JOIN ry_products_cat_lang on ry_products_cat_lang.cat_id = ry_products_cat.cat_id AND ry_products_cat_lang.lang_code ='en-us' [ RunTime:0.000794s ]
[ 2012-01-23T22:15:00-05:00 ] NOTIC: [8] Undefined variable: msg 6f9ff6e3cd1727a9c4c714dfe3682b60.php 第 27 行.
[ 2012-01-23T22:15:00-05:00 ] NOTIC: [8] Undefined index: keywords 6f9ff6e3cd1727a9c4c714dfe3682b60.php 第 55 行.
[ 2012-01-23T22:15:00-05:00 ] NOTIC: [8] Undefined index: region 6f9ff6e3cd1727a9c4c714dfe3682b60.php 第 59 行.
[ 2012-01-23T22:15:00-05:00 ] NOTIC: [8] Undefined index: region 6f9ff6e3cd1727a9c4c714dfe3682b60.php 第 59 行.
[ 2012-01-23T22:15:15-05:00 ] SQL: SHOW COLUMNS FROM `ry_users` [ RunTime:0.003730s ]
[ 2012-01-23T22:15:18-05:00 ] SQL: SHOW COLUMNS FROM `ry_users` [ RunTime:0.004232s ]
[ 2012-01-23T22:15:18-05:00 ] SQL: SELECT COUNT(*) AS tp_count FROM `ry_users` WHERE ( `user_name` = 'user' ) AND ( `user_password` = 'e10adc3949ba59abbe56e057f20f883e' ) LIMIT 1  [ RunTime:0.000399s ]
[ 2012-01-23T22:15:18-05:00 ] SQL: SELECT * FROM `ry_users` WHERE ( `user_name` = 'user' ) AND ( `user_password` = 'e10adc3949ba59abbe56e057f20f883e' ) LIMIT 1  [ RunTime:0.000320s ]
[ 2012-01-23T22:15:19-05:00 ] SQL: SHOW COLUMNS FROM `ry_region` [ RunTime:0.003701s ]
[ 2012-01-23T22:15:19-05:00 ] SQL: SELECT * FROM `ry_region` WHERE ( `region_lang_code` = 'en-us' ) [ RunTime:0.000357s ]
[ 2012-01-23T22:15:19-05:00 ] SQL: SHOW COLUMNS FROM `ry_products_cat` [ RunTime:0.003822s ]
[ 2012-01-23T22:15:19-05:00 ] SQL: SELECT ry_products_cat.*, ry_products_cat_lang.catlang_id, ry_products_cat_lang.lang_code AS cat_lang_code, 
							ry_products_cat_lang.lang_name AS cat_lang_name, ry_products_cat_lang.cat_name AS cat_name_with_lang FROM `ry_products_cat` LEFT JOIN ry_products_cat_lang on ry_products_cat_lang.cat_id = ry_products_cat.cat_id AND ry_products_cat_lang.lang_code ='en-us' [ RunTime:0.000748s ]
[ 2012-01-23T22:15:19-05:00 ] NOTIC: [8] Undefined variable: msg 6f9ff6e3cd1727a9c4c714dfe3682b60.php 第 27 行.
[ 2012-01-23T22:15:19-05:00 ] NOTIC: [8] Undefined index: keywords 6f9ff6e3cd1727a9c4c714dfe3682b60.php 第 55 行.
[ 2012-01-23T22:15:19-05:00 ] NOTIC: [8] Undefined index: region 6f9ff6e3cd1727a9c4c714dfe3682b60.php 第 59 行.
[ 2012-01-23T22:15:19-05:00 ] NOTIC: [8] Undefined index: region 6f9ff6e3cd1727a9c4c714dfe3682b60.php 第 59 行.
[ 2012-01-23T22:15:22-05:00 ] SQL: SHOW COLUMNS FROM `ry_region` [ RunTime:0.003570s ]
[ 2012-01-23T22:15:22-05:00 ] SQL: SELECT * FROM `ry_region` WHERE ( `region_lang_code` = 'en-us' ) [ RunTime:0.000322s ]
[ 2012-01-23T22:15:22-05:00 ] SQL: SHOW COLUMNS FROM `ry_products_cat` [ RunTime:0.003508s ]
[ 2012-01-23T22:15:22-05:00 ] SQL: SELECT ry_products_cat.*, ry_products_cat_lang.catlang_id, ry_products_cat_lang.lang_code AS cat_lang_code, 
							ry_products_cat_lang.lang_name AS cat_lang_name, ry_products_cat_lang.cat_name AS cat_name_with_lang FROM `ry_products_cat` LEFT JOIN ry_products_cat_lang on ry_products_cat_lang.cat_id = ry_products_cat.cat_id AND ry_products_cat_lang.lang_code ='en-us' [ RunTime:0.000744s ]
[ 2012-01-23T22:15:23-05:00 ] SQL: SHOW COLUMNS FROM `ry_products` [ RunTime:0.004263s ]
[ 2012-01-23T22:15:23-05:00 ] SQL: SELECT * FROM `ry_products_cat` WHERE ( ry_products_cat.parent_id = '18' ) AND ( ry_products_cat.is_show = 1 ) [ RunTime:0.000377s ]
[ 2012-01-23T22:15:23-05:00 ] NOTIC: [2] Invalid argument supplied for foreach() ProductsAction.class.php 第 43 行.
[ 2012-01-23T22:15:23-05:00 ] SQL: SELECT COUNT(*) AS tp_count FROM `ry_products` LEFT JOIN ry_products_lang ON ry_products.pid = ry_products_lang.pid AND ry_products_lang.lang_code='en-us' WHERE ( ry_products.cat_id IN ('18') ) LIMIT 1  [ RunTime:0.000361s ]
[ 2012-01-23T22:15:23-05:00 ] SQL: SELECT ry_products.*, 
														ry_products_lang.plid, ry_products_lang.lang_code, ry_products_lang.name AS lang_name, ry_products_lang.description AS lang_description, 
														ry_region.* FROM `ry_products` LEFT JOIN ry_products_lang ON ry_products.pid = ry_products_lang.pid AND ry_products_lang.lang_code='en-us' LEFT JOIN ry_region ON ry_products.location_code = ry_region.region_code AND ry_region.region_lang_code='en-us' WHERE ( ry_products.cat_id IN ('18') ) LIMIT 0,25  [ RunTime:0.000511s ]
[ 2012-01-23T22:15:23-05:00 ] NOTIC: [8] Undefined index: keywords 47fffc74fd18721d6e2cb32f43ee1c3d.php 第 55 行.
[ 2012-01-23T22:15:23-05:00 ] NOTIC: [8] Undefined index: region 47fffc74fd18721d6e2cb32f43ee1c3d.php 第 59 行.
[ 2012-01-23T22:15:23-05:00 ] NOTIC: [8] Undefined index: region 47fffc74fd18721d6e2cb32f43ee1c3d.php 第 59 行.
[ 2012-01-23T22:15:23-05:00 ] NOTIC: [8] Undefined index: name 47fffc74fd18721d6e2cb32f43ee1c3d.php 第 160 行.
[ 2012-01-23T22:15:24-05:00 ] SQL: SHOW COLUMNS FROM `ry_region` [ RunTime:0.003567s ]
[ 2012-01-23T22:15:24-05:00 ] SQL: SELECT * FROM `ry_region` WHERE ( `region_lang_code` = 'en-us' ) [ RunTime:0.000319s ]
[ 2012-01-23T22:15:24-05:00 ] SQL: SHOW COLUMNS FROM `ry_products_cat` [ RunTime:0.003391s ]
[ 2012-01-23T22:15:24-05:00 ] SQL: SELECT ry_products_cat.*, ry_products_cat_lang.catlang_id, ry_products_cat_lang.lang_code AS cat_lang_code, 
							ry_products_cat_lang.lang_name AS cat_lang_name, ry_products_cat_lang.cat_name AS cat_name_with_lang FROM `ry_products_cat` LEFT JOIN ry_products_cat_lang on ry_products_cat_lang.cat_id = ry_products_cat.cat_id AND ry_products_cat_lang.lang_code ='en-us' [ RunTime:0.000791s ]
[ 2012-01-23T22:15:24-05:00 ] SQL: SHOW COLUMNS FROM `ry_products` [ RunTime:0.003853s ]
[ 2012-01-23T22:15:24-05:00 ] SQL: SELECT * FROM `ry_products_cat` WHERE ( ry_products_cat.parent_id = '3' ) AND ( ry_products_cat.is_show = 1 ) [ RunTime:0.000357s ]
[ 2012-01-23T22:15:24-05:00 ] NOTIC: [2] Invalid argument supplied for foreach() ProductsAction.class.php 第 43 行.
[ 2012-01-23T22:15:24-05:00 ] SQL: SELECT COUNT(*) AS tp_count FROM `ry_products` LEFT JOIN ry_products_lang ON ry_products.pid = ry_products_lang.pid AND ry_products_lang.lang_code='en-us' WHERE ( ry_products.cat_id IN ('3') ) LIMIT 1  [ RunTime:0.000330s ]
[ 2012-01-23T22:15:24-05:00 ] SQL: SELECT ry_products.*, 
														ry_products_lang.plid, ry_products_lang.lang_code, ry_products_lang.name AS lang_name, ry_products_lang.description AS lang_description, 
														ry_region.* FROM `ry_products` LEFT JOIN ry_products_lang ON ry_products.pid = ry_products_lang.pid AND ry_products_lang.lang_code='en-us' LEFT JOIN ry_region ON ry_products.location_code = ry_region.region_code AND ry_region.region_lang_code='en-us' WHERE ( ry_products.cat_id IN ('3') ) LIMIT 0,25  [ RunTime:0.000368s ]
[ 2012-01-23T22:15:24-05:00 ] NOTIC: [8] Undefined index: keywords 47fffc74fd18721d6e2cb32f43ee1c3d.php 第 55 行.
[ 2012-01-23T22:15:24-05:00 ] NOTIC: [8] Undefined index: region 47fffc74fd18721d6e2cb32f43ee1c3d.php 第 59 行.
[ 2012-01-23T22:15:24-05:00 ] NOTIC: [8] Undefined index: region 47fffc74fd18721d6e2cb32f43ee1c3d.php 第 59 行.
[ 2012-01-23T22:15:24-05:00 ] NOTIC: [8] Undefined index: name 47fffc74fd18721d6e2cb32f43ee1c3d.php 第 160 行.
[ 2012-01-23T22:15:40-05:00 ] SQL: SHOW COLUMNS FROM `ry_region` [ RunTime:0.003818s ]
[ 2012-01-23T22:15:40-05:00 ] SQL: SELECT * FROM `ry_region` WHERE ( `region_lang_code` = 'en-us' ) [ RunTime:0.000366s ]
[ 2012-01-23T22:15:40-05:00 ] SQL: SHOW COLUMNS FROM `ry_products_cat` [ RunTime:0.003683s ]
[ 2012-01-23T22:15:40-05:00 ] SQL: SELECT ry_products_cat.*, ry_products_cat_lang.catlang_id, ry_products_cat_lang.lang_code AS cat_lang_code, 
							ry_products_cat_lang.lang_name AS cat_lang_name, ry_products_cat_lang.cat_name AS cat_name_with_lang FROM `ry_products_cat` LEFT JOIN ry_products_cat_lang on ry_products_cat_lang.cat_id = ry_products_cat.cat_id AND ry_products_cat_lang.lang_code ='en-us' [ RunTime:0.000771s ]
[ 2012-01-23T22:15:40-05:00 ] SQL: SHOW COLUMNS FROM `ry_products` [ RunTime:0.003799s ]
[ 2012-01-23T22:15:40-05:00 ] SQL: SELECT * FROM `ry_products_cat` WHERE ( ry_products_cat.parent_id = '3' ) AND ( ry_products_cat.is_show = 1 ) [ RunTime:0.000317s ]
[ 2012-01-23T22:15:40-05:00 ] NOTIC: [2] Invalid argument supplied for foreach() ProductsAction.class.php 第 43 行.
[ 2012-01-23T22:15:40-05:00 ] SQL: SELECT COUNT(*) AS tp_count FROM `ry_products` LEFT JOIN ry_products_lang ON ry_products.pid = ry_products_lang.pid AND ry_products_lang.lang_code='en-us' WHERE ( ry_products.cat_id IN ('3') ) LIMIT 1  [ RunTime:0.000250s ]
[ 2012-01-23T22:15:40-05:00 ] SQL: SELECT ry_products.*, 
														ry_products_lang.plid, ry_products_lang.lang_code, ry_products_lang.name AS lang_name, ry_products_lang.description AS lang_description, 
														ry_region.* FROM `ry_products` LEFT JOIN ry_products_lang ON ry_products.pid = ry_products_lang.pid AND ry_products_lang.lang_code='en-us' LEFT JOIN ry_region ON ry_products.location_code = ry_region.region_code AND ry_region.region_lang_code='en-us' WHERE ( ry_products.cat_id IN ('3') ) LIMIT 0,25  [ RunTime:0.000371s ]
[ 2012-01-23T22:15:40-05:00 ] NOTIC: [8] Undefined index: keywords 47fffc74fd18721d6e2cb32f43ee1c3d.php 第 55 行.
[ 2012-01-23T22:15:40-05:00 ] NOTIC: [8] Undefined index: region 47fffc74fd18721d6e2cb32f43ee1c3d.php 第 59 行.
[ 2012-01-23T22:15:40-05:00 ] NOTIC: [8] Undefined index: region 47fffc74fd18721d6e2cb32f43ee1c3d.php 第 59 行.
[ 2012-01-23T22:15:40-05:00 ] NOTIC: [8] Undefined index: name 47fffc74fd18721d6e2cb32f43ee1c3d.php 第 160 行.
[ 2012-01-23T22:16:10-05:00 ] SQL: SHOW COLUMNS FROM `ry_region` [ RunTime:0.003553s ]
[ 2012-01-23T22:16:10-05:00 ] SQL: SELECT * FROM `ry_region` WHERE ( `region_lang_code` = 'en-us' ) [ RunTime:0.000308s ]
[ 2012-01-23T22:16:10-05:00 ] SQL: SHOW COLUMNS FROM `ry_products_cat` [ RunTime:0.003386s ]
[ 2012-01-23T22:16:10-05:00 ] SQL: SELECT ry_products_cat.*, ry_products_cat_lang.catlang_id, ry_products_cat_lang.lang_code AS cat_lang_code, 
							ry_products_cat_lang.lang_name AS cat_lang_name, ry_products_cat_lang.cat_name AS cat_name_with_lang FROM `ry_products_cat` LEFT JOIN ry_products_cat_lang on ry_products_cat_lang.cat_id = ry_products_cat.cat_id AND ry_products_cat_lang.lang_code ='en-us' [ RunTime:0.000748s ]
[ 2012-01-23T22:16:10-05:00 ] SQL: SHOW COLUMNS FROM `ry_products` [ RunTime:0.003889s ]
[ 2012-01-23T22:16:10-05:00 ] SQL: SELECT * FROM `ry_products_cat` WHERE ( ry_products_cat.parent_id = '18' ) AND ( ry_products_cat.is_show = 1 ) [ RunTime:0.000378s ]
[ 2012-01-23T22:16:10-05:00 ] NOTIC: [2] Invalid argument supplied for foreach() ProductsAction.class.php 第 43 行.
[ 2012-01-23T22:16:10-05:00 ] SQL: SELECT COUNT(*) AS tp_count FROM `ry_products` LEFT JOIN ry_products_lang ON ry_products.pid = ry_products_lang.pid AND ry_products_lang.lang_code='en-us' WHERE ( ry_products.cat_id IN ('18') ) LIMIT 1  [ RunTime:0.000284s ]
[ 2012-01-23T22:16:10-05:00 ] SQL: SELECT ry_products.*, 
														ry_products_lang.plid, ry_products_lang.lang_code, ry_products_lang.name AS lang_name, ry_products_lang.description AS lang_description, 
														ry_region.* FROM `ry_products` LEFT JOIN ry_products_lang ON ry_products.pid = ry_products_lang.pid AND ry_products_lang.lang_code='en-us' LEFT JOIN ry_region ON ry_products.location_code = ry_region.region_code AND ry_region.region_lang_code='en-us' WHERE ( ry_products.cat_id IN ('18') ) LIMIT 0,25  [ RunTime:0.000445s ]
[ 2012-01-23T22:16:10-05:00 ] NOTIC: [8] Undefined index: keywords 47fffc74fd18721d6e2cb32f43ee1c3d.php 第 55 行.
[ 2012-01-23T22:16:10-05:00 ] NOTIC: [8] Undefined index: region 47fffc74fd18721d6e2cb32f43ee1c3d.php 第 59 行.
[ 2012-01-23T22:16:10-05:00 ] NOTIC: [8] Undefined index: region 47fffc74fd18721d6e2cb32f43ee1c3d.php 第 59 行.
[ 2012-01-23T22:16:10-05:00 ] NOTIC: [8] Undefined index: name 47fffc74fd18721d6e2cb32f43ee1c3d.php 第 160 行.
[ 2012-01-23T22:16:11-05:00 ] SQL: SHOW COLUMNS FROM `ry_region` [ RunTime:0.003558s ]
[ 2012-01-23T22:16:11-05:00 ] SQL: SELECT * FROM `ry_region` WHERE ( `region_lang_code` = 'en-us' ) [ RunTime:0.000344s ]
[ 2012-01-23T22:16:11-05:00 ] SQL: SHOW COLUMNS FROM `ry_products_cat` [ RunTime:0.003502s ]
[ 2012-01-23T22:16:11-05:00 ] SQL: SELECT ry_products_cat.*, ry_products_cat_lang.catlang_id, ry_products_cat_lang.lang_code AS cat_lang_code, 
							ry_products_cat_lang.lang_name AS cat_lang_name, ry_products_cat_lang.cat_name AS cat_name_with_lang FROM `ry_products_cat` LEFT JOIN ry_products_cat_lang on ry_products_cat_lang.cat_id = ry_products_cat.cat_id AND ry_products_cat_lang.lang_code ='en-us' [ RunTime:0.000746s ]
[ 2012-01-23T22:16:11-05:00 ] SQL: SHOW COLUMNS FROM `ry_products` [ RunTime:0.003822s ]
[ 2012-01-23T22:16:11-05:00 ] SQL: SELECT * FROM `ry_products_cat` WHERE ( ry_products_cat.parent_id = '3' ) AND ( ry_products_cat.is_show = 1 ) [ RunTime:0.000331s ]
[ 2012-01-23T22:16:11-05:00 ] NOTIC: [2] Invalid argument supplied for foreach() ProductsAction.class.php 第 43 行.
[ 2012-01-23T22:16:11-05:00 ] SQL: SELECT COUNT(*) AS tp_count FROM `ry_products` LEFT JOIN ry_products_lang ON ry_products.pid = ry_products_lang.pid AND ry_products_lang.lang_code='en-us' WHERE ( ry_products.cat_id IN ('3') ) LIMIT 1  [ RunTime:0.000401s ]
[ 2012-01-23T22:16:11-05:00 ] SQL: SELECT ry_products.*, 
														ry_products_lang.plid, ry_products_lang.lang_code, ry_products_lang.name AS lang_name, ry_products_lang.description AS lang_description, 
														ry_region.* FROM `ry_products` LEFT JOIN ry_products_lang ON ry_products.pid = ry_products_lang.pid AND ry_products_lang.lang_code='en-us' LEFT JOIN ry_region ON ry_products.location_code = ry_region.region_code AND ry_region.region_lang_code='en-us' WHERE ( ry_products.cat_id IN ('3') ) LIMIT 0,25  [ RunTime:0.000446s ]
[ 2012-01-23T22:16:11-05:00 ] NOTIC: [8] Undefined index: keywords 47fffc74fd18721d6e2cb32f43ee1c3d.php 第 55 行.
[ 2012-01-23T22:16:11-05:00 ] NOTIC: [8] Undefined index: region 47fffc74fd18721d6e2cb32f43ee1c3d.php 第 59 行.
[ 2012-01-23T22:16:11-05:00 ] NOTIC: [8] Undefined index: region 47fffc74fd18721d6e2cb32f43ee1c3d.php 第 59 行.
[ 2012-01-23T22:16:11-05:00 ] NOTIC: [8] Undefined index: name 47fffc74fd18721d6e2cb32f43ee1c3d.php 第 160 行.
[ 2012-01-23T22:16:12-05:00 ] SQL: SHOW COLUMNS FROM `ry_region` [ RunTime:0.003733s ]
[ 2012-01-23T22:16:12-05:00 ] SQL: SELECT * FROM `ry_region` WHERE ( `region_lang_code` = 'en-us' ) [ RunTime:0.000330s ]
[ 2012-01-23T22:16:12-05:00 ] SQL: SHOW COLUMNS FROM `ry_products_cat` [ RunTime:0.003715s ]
[ 2012-01-23T22:16:12-05:00 ] SQL: SELECT ry_products_cat.*, ry_products_cat_lang.catlang_id, ry_products_cat_lang.lang_code AS cat_lang_code, 
							ry_products_cat_lang.lang_name AS cat_lang_name, ry_products_cat_lang.cat_name AS cat_name_with_lang FROM `ry_products_cat` LEFT JOIN ry_products_cat_lang on ry_products_cat_lang.cat_id = ry_products_cat.cat_id AND ry_products_cat_lang.lang_code ='en-us' [ RunTime:0.000858s ]
[ 2012-01-23T22:16:12-05:00 ] SQL: SHOW COLUMNS FROM `ry_products` [ RunTime:0.003862s ]
[ 2012-01-23T22:16:12-05:00 ] SQL: SELECT * FROM `ry_products_cat` WHERE ( ry_products_cat.parent_id = '18' ) AND ( ry_products_cat.is_show = 1 ) [ RunTime:0.000287s ]
[ 2012-01-23T22:16:12-05:00 ] NOTIC: [2] Invalid argument supplied for foreach() ProductsAction.class.php 第 43 行.
[ 2012-01-23T22:16:12-05:00 ] SQL: SELECT COUNT(*) AS tp_count FROM `ry_products` LEFT JOIN ry_products_lang ON ry_products.pid = ry_products_lang.pid AND ry_products_lang.lang_code='en-us' WHERE ( ry_products.cat_id IN ('18') ) LIMIT 1  [ RunTime:0.000365s ]
[ 2012-01-23T22:16:12-05:00 ] SQL: SELECT ry_products.*, 
														ry_products_lang.plid, ry_products_lang.lang_code, ry_products_lang.name AS lang_name, ry_products_lang.description AS lang_description, 
														ry_region.* FROM `ry_products` LEFT JOIN ry_products_lang ON ry_products.pid = ry_products_lang.pid AND ry_products_lang.lang_code='en-us' LEFT JOIN ry_region ON ry_products.location_code = ry_region.region_code AND ry_region.region_lang_code='en-us' WHERE ( ry_products.cat_id IN ('18') ) LIMIT 0,25  [ RunTime:0.000455s ]
[ 2012-01-23T22:16:12-05:00 ] NOTIC: [8] Undefined index: keywords 47fffc74fd18721d6e2cb32f43ee1c3d.php 第 55 行.
[ 2012-01-23T22:16:12-05:00 ] NOTIC: [8] Undefined index: region 47fffc74fd18721d6e2cb32f43ee1c3d.php 第 59 行.
[ 2012-01-23T22:16:12-05:00 ] NOTIC: [8] Undefined index: region 47fffc74fd18721d6e2cb32f43ee1c3d.php 第 59 行.
[ 2012-01-23T22:16:12-05:00 ] NOTIC: [8] Undefined index: name 47fffc74fd18721d6e2cb32f43ee1c3d.php 第 160 行.
[ 2012-01-23T22:16:23-05:00 ] SQL: SHOW COLUMNS FROM `ry_region` [ RunTime:0.003542s ]
[ 2012-01-23T22:16:23-05:00 ] SQL: SELECT * FROM `ry_region` WHERE ( `region_lang_code` = 'en-us' ) [ RunTime:0.000341s ]
[ 2012-01-23T22:16:23-05:00 ] SQL: SHOW COLUMNS FROM `ry_products_cat` [ RunTime:0.003711s ]
[ 2012-01-23T22:16:23-05:00 ] SQL: SELECT ry_products_cat.*, ry_products_cat_lang.catlang_id, ry_products_cat_lang.lang_code AS cat_lang_code, 
							ry_products_cat_lang.lang_name AS cat_lang_name, ry_products_cat_lang.cat_name AS cat_name_with_lang FROM `ry_products_cat` LEFT JOIN ry_products_cat_lang on ry_products_cat_lang.cat_id = ry_products_cat.cat_id AND ry_products_cat_lang.lang_code ='en-us' [ RunTime:0.000804s ]
[ 2012-01-23T22:16:23-05:00 ] SQL: SHOW COLUMNS FROM `ry_products` [ RunTime:0.003711s ]
[ 2012-01-23T22:16:23-05:00 ] SQL: SELECT * FROM `ry_products_cat` WHERE ( ry_products_cat.parent_id = '18' ) AND ( ry_products_cat.is_show = 1 ) [ RunTime:0.000294s ]
[ 2012-01-23T22:16:23-05:00 ] NOTIC: [2] Invalid argument supplied for foreach() ProductsAction.class.php 第 43 行.
[ 2012-01-23T22:16:23-05:00 ] SQL: SELECT COUNT(*) AS tp_count FROM `ry_products` LEFT JOIN ry_products_lang ON ry_products.pid = ry_products_lang.pid AND ry_products_lang.lang_code='en-us' WHERE ( ry_products.cat_id IN ('18') ) LIMIT 1  [ RunTime:0.000296s ]
[ 2012-01-23T22:16:23-05:00 ] SQL: SELECT ry_products.*, 
														ry_products_lang.plid, ry_products_lang.lang_code, ry_products_lang.name AS lang_name, ry_products_lang.description AS lang_description, 
														ry_region.* FROM `ry_products` LEFT JOIN ry_products_lang ON ry_products.pid = ry_products_lang.pid AND ry_products_lang.lang_code='en-us' LEFT JOIN ry_region ON ry_products.location_code = ry_region.region_code AND ry_region.region_lang_code='en-us' WHERE ( ry_products.cat_id IN ('18') ) LIMIT 0,25  [ RunTime:0.000529s ]
[ 2012-01-23T22:16:23-05:00 ] NOTIC: [8] Undefined index: keywords 47fffc74fd18721d6e2cb32f43ee1c3d.php 第 55 行.
[ 2012-01-23T22:16:23-05:00 ] NOTIC: [8] Undefined index: region 47fffc74fd18721d6e2cb32f43ee1c3d.php 第 59 行.
[ 2012-01-23T22:16:23-05:00 ] NOTIC: [8] Undefined index: region 47fffc74fd18721d6e2cb32f43ee1c3d.php 第 59 行.
[ 2012-01-23T22:16:23-05:00 ] NOTIC: [8] Undefined index: name 47fffc74fd18721d6e2cb32f43ee1c3d.php 第 160 行.
[ 2012-01-23T22:16:33-05:00 ] SQL: SHOW COLUMNS FROM `ry_region` [ RunTime:0.003463s ]
[ 2012-01-23T22:16:33-05:00 ] SQL: SELECT * FROM `ry_region` WHERE ( `region_lang_code` = 'en-us' ) [ RunTime:0.000311s ]
[ 2012-01-23T22:16:33-05:00 ] SQL: SHOW COLUMNS FROM `ry_products_cat` [ RunTime:0.003624s ]
[ 2012-01-23T22:16:33-05:00 ] SQL: SELECT ry_products_cat.*, ry_products_cat_lang.catlang_id, ry_products_cat_lang.lang_code AS cat_lang_code, 
							ry_products_cat_lang.lang_name AS cat_lang_name, ry_products_cat_lang.cat_name AS cat_name_with_lang FROM `ry_products_cat` LEFT JOIN ry_products_cat_lang on ry_products_cat_lang.cat_id = ry_products_cat.cat_id AND ry_products_cat_lang.lang_code ='en-us' [ RunTime:0.000842s ]
[ 2012-01-23T22:16:33-05:00 ] SQL: SHOW COLUMNS FROM `ry_products` [ RunTime:0.003785s ]
[ 2012-01-23T22:16:33-05:00 ] SQL: SELECT * FROM `ry_products_cat` WHERE ( ry_products_cat.parent_id = '18' ) AND ( ry_products_cat.is_show = 1 ) [ RunTime:0.000303s ]
[ 2012-01-23T22:16:33-05:00 ] NOTIC: [2] Invalid argument supplied for foreach() ProductsAction.class.php 第 43 行.
[ 2012-01-23T22:16:33-05:00 ] SQL: SELECT COUNT(*) AS tp_count FROM `ry_products` LEFT JOIN ry_products_lang ON ry_products.pid = ry_products_lang.pid AND ry_products_lang.lang_code='en-us' WHERE ( ry_products.cat_id IN ('18') ) LIMIT 1  [ RunTime:0.000282s ]
[ 2012-01-23T22:16:33-05:00 ] SQL: SELECT ry_products.*, 
														ry_products_lang.plid, ry_products_lang.lang_code, ry_products_lang.name AS lang_name, ry_products_lang.description AS lang_description, 
														ry_region.* FROM `ry_products` LEFT JOIN ry_products_lang ON ry_products.pid = ry_products_lang.pid AND ry_products_lang.lang_code='en-us' LEFT JOIN ry_region ON ry_products.location_code = ry_region.region_code AND ry_region.region_lang_code='en-us' WHERE ( ry_products.cat_id IN ('18') ) LIMIT 0,25  [ RunTime:0.000465s ]
[ 2012-01-23T22:16:33-05:00 ] NOTIC: [8] Undefined index: keywords 47fffc74fd18721d6e2cb32f43ee1c3d.php 第 55 行.
[ 2012-01-23T22:16:33-05:00 ] NOTIC: [8] Undefined index: region 47fffc74fd18721d6e2cb32f43ee1c3d.php 第 59 行.
[ 2012-01-23T22:16:33-05:00 ] NOTIC: [8] Undefined index: region 47fffc74fd18721d6e2cb32f43ee1c3d.php 第 59 行.
[ 2012-01-23T22:16:33-05:00 ] NOTIC: [8] Undefined index: name 47fffc74fd18721d6e2cb32f43ee1c3d.php 第 160 行.
[ 2012-01-23T22:16:34-05:00 ] SQL: SHOW COLUMNS FROM `ry_region` [ RunTime:0.003725s ]
[ 2012-01-23T22:16:34-05:00 ] SQL: SELECT * FROM `ry_region` WHERE ( `region_lang_code` = 'en-us' ) [ RunTime:0.000308s ]
[ 2012-01-23T22:16:34-05:00 ] SQL: SHOW COLUMNS FROM `ry_products_cat` [ RunTime:0.003495s ]
[ 2012-01-23T22:16:34-05:00 ] SQL: SELECT ry_products_cat.*, ry_products_cat_lang.catlang_id, ry_products_cat_lang.lang_code AS cat_lang_code, 
							ry_products_cat_lang.lang_name AS cat_lang_name, ry_products_cat_lang.cat_name AS cat_name_with_lang FROM `ry_products_cat` LEFT JOIN ry_products_cat_lang on ry_products_cat_lang.cat_id = ry_products_cat.cat_id AND ry_products_cat_lang.lang_code ='en-us' [ RunTime:0.000744s ]
[ 2012-01-23T22:16:34-05:00 ] SQL: SHOW COLUMNS FROM `ry_products` [ RunTime:0.003812s ]
[ 2012-01-23T22:16:34-05:00 ] SQL: SELECT * FROM `ry_products_cat` WHERE ( ry_products_cat.parent_id = '3' ) AND ( ry_products_cat.is_show = 1 ) [ RunTime:0.000287s ]
[ 2012-01-23T22:16:34-05:00 ] NOTIC: [2] Invalid argument supplied for foreach() ProductsAction.class.php 第 43 行.
[ 2012-01-23T22:16:34-05:00 ] SQL: SELECT COUNT(*) AS tp_count FROM `ry_products` LEFT JOIN ry_products_lang ON ry_products.pid = ry_products_lang.pid AND ry_products_lang.lang_code='en-us' WHERE ( ry_products.cat_id IN ('3') ) LIMIT 1  [ RunTime:0.000254s ]
[ 2012-01-23T22:16:34-05:00 ] SQL: SELECT ry_products.*, 
														ry_products_lang.plid, ry_products_lang.lang_code, ry_products_lang.name AS lang_name, ry_products_lang.description AS lang_description, 
														ry_region.* FROM `ry_products` LEFT JOIN ry_products_lang ON ry_products.pid = ry_products_lang.pid AND ry_products_lang.lang_code='en-us' LEFT JOIN ry_region ON ry_products.location_code = ry_region.region_code AND ry_region.region_lang_code='en-us' WHERE ( ry_products.cat_id IN ('3') ) LIMIT 0,25  [ RunTime:0.000394s ]
[ 2012-01-23T22:16:34-05:00 ] NOTIC: [8] Undefined index: keywords 47fffc74fd18721d6e2cb32f43ee1c3d.php 第 55 行.
[ 2012-01-23T22:16:34-05:00 ] NOTIC: [8] Undefined index: region 47fffc74fd18721d6e2cb32f43ee1c3d.php 第 59 行.
[ 2012-01-23T22:16:34-05:00 ] NOTIC: [8] Undefined index: region 47fffc74fd18721d6e2cb32f43ee1c3d.php 第 59 行.
[ 2012-01-23T22:16:34-05:00 ] NOTIC: [8] Undefined index: name 47fffc74fd18721d6e2cb32f43ee1c3d.php 第 160 行.
[ 2012-01-23T22:16:35-05:00 ] SQL: SHOW COLUMNS FROM `ry_region` [ RunTime:0.003504s ]
[ 2012-01-23T22:16:35-05:00 ] SQL: SELECT * FROM `ry_region` WHERE ( `region_lang_code` = 'en-us' ) [ RunTime:0.000312s ]
[ 2012-01-23T22:16:35-05:00 ] SQL: SHOW COLUMNS FROM `ry_products_cat` [ RunTime:0.003503s ]
[ 2012-01-23T22:16:35-05:00 ] SQL: SELECT ry_products_cat.*, ry_products_cat_lang.catlang_id, ry_products_cat_lang.lang_code AS cat_lang_code, 
							ry_products_cat_lang.lang_name AS cat_lang_name, ry_products_cat_lang.cat_name AS cat_name_with_lang FROM `ry_products_cat` LEFT JOIN ry_products_cat_lang on ry_products_cat_lang.cat_id = ry_products_cat.cat_id AND ry_products_cat_lang.lang_code ='en-us' [ RunTime:0.000739s ]
[ 2012-01-23T22:16:35-05:00 ] SQL: SHOW COLUMNS FROM `ry_products` [ RunTime:0.003986s ]
[ 2012-01-23T22:16:35-05:00 ] SQL: SELECT * FROM `ry_products_cat` WHERE ( ry_products_cat.parent_id = '18' ) AND ( ry_products_cat.is_show = 1 ) [ RunTime:0.000320s ]
[ 2012-01-23T22:16:35-05:00 ] NOTIC: [2] Invalid argument supplied for foreach() ProductsAction.class.php 第 43 行.
[ 2012-01-23T22:16:35-05:00 ] SQL: SELECT COUNT(*) AS tp_count FROM `ry_products` LEFT JOIN ry_products_lang ON ry_products.pid = ry_products_lang.pid AND ry_products_lang.lang_code='en-us' WHERE ( ry_products.cat_id IN ('18') ) LIMIT 1  [ RunTime:0.000285s ]
[ 2012-01-23T22:16:35-05:00 ] SQL: SELECT ry_products.*, 
														ry_products_lang.plid, ry_products_lang.lang_code, ry_products_lang.name AS lang_name, ry_products_lang.description AS lang_description, 
														ry_region.* FROM `ry_products` LEFT JOIN ry_products_lang ON ry_products.pid = ry_products_lang.pid AND ry_products_lang.lang_code='en-us' LEFT JOIN ry_region ON ry_products.location_code = ry_region.region_code AND ry_region.region_lang_code='en-us' WHERE ( ry_products.cat_id IN ('18') ) LIMIT 0,25  [ RunTime:0.000458s ]
[ 2012-01-23T22:16:35-05:00 ] NOTIC: [8] Undefined index: keywords 47fffc74fd18721d6e2cb32f43ee1c3d.php 第 55 行.
[ 2012-01-23T22:16:35-05:00 ] NOTIC: [8] Undefined index: region 47fffc74fd18721d6e2cb32f43ee1c3d.php 第 59 行.
[ 2012-01-23T22:16:35-05:00 ] NOTIC: [8] Undefined index: region 47fffc74fd18721d6e2cb32f43ee1c3d.php 第 59 行.
[ 2012-01-23T22:16:35-05:00 ] NOTIC: [8] Undefined index: name 47fffc74fd18721d6e2cb32f43ee1c3d.php 第 160 行.
[ 2012-01-23T22:16:38-05:00 ] SQL: SHOW COLUMNS FROM `ry_region` [ RunTime:0.003606s ]
[ 2012-01-23T22:16:38-05:00 ] SQL: SELECT * FROM `ry_region` WHERE ( `region_lang_code` = 'en-us' ) [ RunTime:0.000351s ]
[ 2012-01-23T22:16:38-05:00 ] SQL: SHOW COLUMNS FROM `ry_products_cat` [ RunTime:0.003466s ]
[ 2012-01-23T22:16:38-05:00 ] SQL: SELECT ry_products_cat.*, ry_products_cat_lang.catlang_id, ry_products_cat_lang.lang_code AS cat_lang_code, 
							ry_products_cat_lang.lang_name AS cat_lang_name, ry_products_cat_lang.cat_name AS cat_name_with_lang FROM `ry_products_cat` LEFT JOIN ry_products_cat_lang on ry_products_cat_lang.cat_id = ry_products_cat.cat_id AND ry_products_cat_lang.lang_code ='en-us' [ RunTime:0.000729s ]
[ 2012-01-23T22:16:38-05:00 ] SQL: SHOW COLUMNS FROM `ry_products` [ RunTime:0.003826s ]
[ 2012-01-23T22:16:38-05:00 ] NOTIC: [8] Undefined variable: cat_id SearchAction.class.php 第 31 行.
[ 2012-01-23T22:16:38-05:00 ] SQL: SELECT * FROM `ry_products_cat` WHERE ( ry_products_cat.parent_id = null ) AND ( ry_products_cat.is_show = 1 ) [ RunTime:0.000260s ]
[ 2012-01-23T22:16:38-05:00 ] NOTIC: [2] Invalid argument supplied for foreach() SearchAction.class.php 第 32 行.
[ 2012-01-23T22:16:38-05:00 ] SQL: SELECT COUNT(*) AS tp_count FROM `ry_products` LEFT JOIN ry_products_lang ON ry_products.pid = ry_products_lang.pid AND ry_products_lang.lang_code='en-us' WHERE ((ry_products_lang.name LIKE '%aaa%') OR (ry_products.name LIKE '%aaa%')) LIMIT 1  [ RunTime:0.000453s ]
[ 2012-01-23T22:16:38-05:00 ] SQL: SELECT ry_products.*, 
														ry_products_lang.plid, ry_products_lang.lang_code, ry_products_lang.name AS lang_name, ry_products_lang.description AS lang_description, 
														ry_region.* FROM `ry_products` LEFT JOIN ry_products_lang ON ry_products.pid = ry_products_lang.pid AND ry_products_lang.lang_code='en-us' LEFT JOIN ry_region ON ry_products.location_code = ry_region.region_code AND ry_region.region_lang_code='en-us' WHERE ((ry_products_lang.name LIKE '%aaa%') OR (ry_products.name LIKE '%aaa%')) LIMIT 0,25  [ RunTime:0.000476s ]
[ 2012-01-23T22:16:43-05:00 ] SQL: SHOW COLUMNS FROM `ry_region` [ RunTime:0.003619s ]
[ 2012-01-23T22:16:43-05:00 ] SQL: SELECT * FROM `ry_region` WHERE ( `region_lang_code` = 'en-us' ) [ RunTime:0.000428s ]
[ 2012-01-23T22:16:43-05:00 ] SQL: SHOW COLUMNS FROM `ry_products_cat` [ RunTime:0.003537s ]
[ 2012-01-23T22:16:43-05:00 ] SQL: SELECT ry_products_cat.*, ry_products_cat_lang.catlang_id, ry_products_cat_lang.lang_code AS cat_lang_code, 
							ry_products_cat_lang.lang_name AS cat_lang_name, ry_products_cat_lang.cat_name AS cat_name_with_lang FROM `ry_products_cat` LEFT JOIN ry_products_cat_lang on ry_products_cat_lang.cat_id = ry_products_cat.cat_id AND ry_products_cat_lang.lang_code ='en-us' [ RunTime:0.000739s ]
[ 2012-01-23T22:16:43-05:00 ] SQL: SHOW COLUMNS FROM `ry_products` [ RunTime:0.003859s ]
[ 2012-01-23T22:16:43-05:00 ] NOTIC: [8] Undefined variable: cat_id SearchAction.class.php 第 31 行.
[ 2012-01-23T22:16:43-05:00 ] SQL: SELECT * FROM `ry_products_cat` WHERE ( ry_products_cat.parent_id = null ) AND ( ry_products_cat.is_show = 1 ) [ RunTime:0.000266s ]
[ 2012-01-23T22:16:43-05:00 ] NOTIC: [2] Invalid argument supplied for foreach() SearchAction.class.php 第 32 行.
[ 2012-01-23T22:16:43-05:00 ] SQL: SELECT COUNT(*) AS tp_count FROM `ry_products` LEFT JOIN ry_products_lang ON ry_products.pid = ry_products_lang.pid AND ry_products_lang.lang_code='en-us' WHERE ((ry_products_lang.name LIKE '%aaa%') OR (ry_products.name LIKE '%aaa%'))AND (ry_products.location_code ='canada-ontario') LIMIT 1  [ RunTime:0.000585s ]
[ 2012-01-23T22:16:43-05:00 ] SQL: SELECT ry_products.*, 
														ry_products_lang.plid, ry_products_lang.lang_code, ry_products_lang.name AS lang_name, ry_products_lang.description AS lang_description, 
														ry_region.* FROM `ry_products` LEFT JOIN ry_products_lang ON ry_products.pid = ry_products_lang.pid AND ry_products_lang.lang_code='en-us' LEFT JOIN ry_region ON ry_products.location_code = ry_region.region_code AND ry_region.region_lang_code='en-us' WHERE ((ry_products_lang.name LIKE '%aaa%') OR (ry_products.name LIKE '%aaa%'))AND (ry_products.location_code ='canada-ontario') LIMIT 0,25  [ RunTime:0.000622s ]
[ 2012-01-23T22:16:51-05:00 ] SQL: SHOW COLUMNS FROM `ry_region` [ RunTime:0.003540s ]
[ 2012-01-23T22:16:51-05:00 ] SQL: SELECT * FROM `ry_region` WHERE ( `region_lang_code` = 'en-us' ) [ RunTime:0.000362s ]
[ 2012-01-23T22:16:51-05:00 ] SQL: SHOW COLUMNS FROM `ry_products_cat` [ RunTime:0.003585s ]
[ 2012-01-23T22:16:51-05:00 ] SQL: SELECT ry_products_cat.*, ry_products_cat_lang.catlang_id, ry_products_cat_lang.lang_code AS cat_lang_code, 
							ry_products_cat_lang.lang_name AS cat_lang_name, ry_products_cat_lang.cat_name AS cat_name_with_lang FROM `ry_products_cat` LEFT JOIN ry_products_cat_lang on ry_products_cat_lang.cat_id = ry_products_cat.cat_id AND ry_products_cat_lang.lang_code ='en-us' [ RunTime:0.000846s ]
[ 2012-01-23T22:16:51-05:00 ] SQL: SHOW COLUMNS FROM `ry_products` [ RunTime:0.003890s ]
[ 2012-01-23T22:16:51-05:00 ] NOTIC: [8] Undefined variable: cat_id SearchAction.class.php 第 31 行.
[ 2012-01-23T22:16:51-05:00 ] SQL: SELECT * FROM `ry_products_cat` WHERE ( ry_products_cat.parent_id = null ) AND ( ry_products_cat.is_show = 1 ) [ RunTime:0.000280s ]
[ 2012-01-23T22:16:51-05:00 ] NOTIC: [2] Invalid argument supplied for foreach() SearchAction.class.php 第 32 行.
[ 2012-01-23T22:16:51-05:00 ] SQL: SELECT COUNT(*) AS tp_count FROM `ry_products` LEFT JOIN ry_products_lang ON ry_products.pid = ry_products_lang.pid AND ry_products_lang.lang_code='en-us' WHERE ((ry_products_lang.name LIKE '%test2%') OR (ry_products.name LIKE '%test2%'))AND (ry_products.location_code ='canada-ontario') LIMIT 1  [ RunTime:0.000609s ]
[ 2012-01-23T22:16:51-05:00 ] SQL: SELECT ry_products.*, 
														ry_products_lang.plid, ry_products_lang.lang_code, ry_products_lang.name AS lang_name, ry_products_lang.description AS lang_description, 
														ry_region.* FROM `ry_products` LEFT JOIN ry_products_lang ON ry_products.pid = ry_products_lang.pid AND ry_products_lang.lang_code='en-us' LEFT JOIN ry_region ON ry_products.location_code = ry_region.region_code AND ry_region.region_lang_code='en-us' WHERE ((ry_products_lang.name LIKE '%test2%') OR (ry_products.name LIKE '%test2%'))AND (ry_products.location_code ='canada-ontario') LIMIT 0,25  [ RunTime:0.000675s ]
[ 2012-01-23T22:35:09-05:00 ] SQL: SHOW COLUMNS FROM `ry_region` [ RunTime:0.004583s ]
[ 2012-01-23T22:35:09-05:00 ] SQL: SELECT * FROM `ry_region` WHERE ( `region_lang_code` = 'en-us' ) [ RunTime:0.000364s ]
[ 2012-01-23T22:35:09-05:00 ] SQL: SHOW COLUMNS FROM `ry_products_cat` [ RunTime:0.004463s ]
[ 2012-01-23T22:35:09-05:00 ] SQL: SELECT ry_products_cat.*, ry_products_cat_lang.catlang_id, ry_products_cat_lang.lang_code AS cat_lang_code, 
							ry_products_cat_lang.lang_name AS cat_lang_name, ry_products_cat_lang.cat_name AS cat_name_with_lang FROM `ry_products_cat` LEFT JOIN ry_products_cat_lang on ry_products_cat_lang.cat_id = ry_products_cat.cat_id AND ry_products_cat_lang.lang_code ='en-us' [ RunTime:0.001811s ]
[ 2012-01-23T22:35:09-05:00 ] NOTIC: [8] Undefined variable: msg 6f9ff6e3cd1727a9c4c714dfe3682b60.php 第 27 行.
[ 2012-01-23T22:35:09-05:00 ] NOTIC: [8] Undefined index: keywords 6f9ff6e3cd1727a9c4c714dfe3682b60.php 第 55 行.
[ 2012-01-23T22:35:09-05:00 ] NOTIC: [8] Undefined index: region 6f9ff6e3cd1727a9c4c714dfe3682b60.php 第 59 行.
[ 2012-01-23T22:35:09-05:00 ] NOTIC: [8] Undefined index: region 6f9ff6e3cd1727a9c4c714dfe3682b60.php 第 59 行.
[ 2012-01-23T22:40:04-05:00 ] SQL: SHOW COLUMNS FROM `ry_region` [ RunTime:0.003884s ]
[ 2012-01-23T22:40:04-05:00 ] SQL: SELECT * FROM `ry_region` WHERE ( `region_lang_code` = 'en-us' ) [ RunTime:0.000437s ]
[ 2012-01-23T22:40:04-05:00 ] SQL: SHOW COLUMNS FROM `ry_products_cat` [ RunTime:0.003936s ]
[ 2012-01-23T22:40:04-05:00 ] SQL: SELECT ry_products_cat.*, ry_products_cat_lang.catlang_id, ry_products_cat_lang.lang_code AS cat_lang_code, 
							ry_products_cat_lang.lang_name AS cat_lang_name, ry_products_cat_lang.cat_name AS cat_name_with_lang FROM `ry_products_cat` LEFT JOIN ry_products_cat_lang on ry_products_cat_lang.cat_id = ry_products_cat.cat_id AND ry_products_cat_lang.lang_code ='en-us' [ RunTime:0.000828s ]
[ 2012-01-23T22:40:04-05:00 ] NOTIC: [8] Undefined variable: msg 6f9ff6e3cd1727a9c4c714dfe3682b60.php 第 27 行.
[ 2012-01-23T22:40:04-05:00 ] NOTIC: [8] Undefined index: keywords 6f9ff6e3cd1727a9c4c714dfe3682b60.php 第 55 行.
[ 2012-01-23T22:40:04-05:00 ] NOTIC: [8] Undefined index: region 6f9ff6e3cd1727a9c4c714dfe3682b60.php 第 59 行.
[ 2012-01-23T22:40:04-05:00 ] NOTIC: [8] Undefined index: region 6f9ff6e3cd1727a9c4c714dfe3682b60.php 第 59 行.
[ 2012-01-23T22:41:26-05:00 ] SQL: SHOW COLUMNS FROM `ry_region` [ RunTime:0.003535s ]
[ 2012-01-23T22:41:26-05:00 ] SQL: SELECT * FROM `ry_region` WHERE ( `region_lang_code` = 'en-us' ) [ RunTime:0.000306s ]
[ 2012-01-23T22:41:26-05:00 ] SQL: SHOW COLUMNS FROM `ry_products_cat` [ RunTime:0.003621s ]
[ 2012-01-23T22:41:26-05:00 ] SQL: SELECT ry_products_cat.*, ry_products_cat_lang.catlang_id, ry_products_cat_lang.lang_code AS cat_lang_code, 
							ry_products_cat_lang.lang_name AS cat_lang_name, ry_products_cat_lang.cat_name AS cat_name_with_lang FROM `ry_products_cat` LEFT JOIN ry_products_cat_lang on ry_products_cat_lang.cat_id = ry_products_cat.cat_id AND ry_products_cat_lang.lang_code ='en-us' [ RunTime:0.000781s ]
[ 2012-01-23T22:41:26-05:00 ] NOTIC: [8] Undefined variable: msg 6f9ff6e3cd1727a9c4c714dfe3682b60.php 第 27 行.
[ 2012-01-23T22:41:26-05:00 ] NOTIC: [8] Undefined index: keywords 6f9ff6e3cd1727a9c4c714dfe3682b60.php 第 55 行.
[ 2012-01-23T22:41:26-05:00 ] NOTIC: [8] Undefined index: region 6f9ff6e3cd1727a9c4c714dfe3682b60.php 第 59 行.
[ 2012-01-23T22:41:26-05:00 ] NOTIC: [8] Undefined index: region 6f9ff6e3cd1727a9c4c714dfe3682b60.php 第 59 行.
[ 2012-01-23T22:42:00-05:00 ] SQL: SHOW COLUMNS FROM `ry_region` [ RunTime:0.003554s ]
[ 2012-01-23T22:42:00-05:00 ] SQL: SELECT * FROM `ry_region` WHERE ( `region_lang_code` = 'en-us' ) [ RunTime:0.000313s ]
[ 2012-01-23T22:42:00-05:00 ] SQL: SHOW COLUMNS FROM `ry_products_cat` [ RunTime:0.003504s ]
[ 2012-01-23T22:42:00-05:00 ] SQL: SELECT ry_products_cat.*, ry_products_cat_lang.catlang_id, ry_products_cat_lang.lang_code AS cat_lang_code, 
							ry_products_cat_lang.lang_name AS cat_lang_name, ry_products_cat_lang.cat_name AS cat_name_with_lang FROM `ry_products_cat` LEFT JOIN ry_products_cat_lang on ry_products_cat_lang.cat_id = ry_products_cat.cat_id AND ry_products_cat_lang.lang_code ='en-us' [ RunTime:0.000851s ]
[ 2012-01-23T22:42:00-05:00 ] NOTIC: [8] Undefined variable: msg 6f9ff6e3cd1727a9c4c714dfe3682b60.php 第 27 行.
[ 2012-01-23T22:42:00-05:00 ] NOTIC: [8] Undefined index: keywords 6f9ff6e3cd1727a9c4c714dfe3682b60.php 第 55 行.
[ 2012-01-23T22:42:00-05:00 ] NOTIC: [8] Undefined index: region 6f9ff6e3cd1727a9c4c714dfe3682b60.php 第 59 行.
[ 2012-01-23T22:42:00-05:00 ] NOTIC: [8] Undefined index: region 6f9ff6e3cd1727a9c4c714dfe3682b60.php 第 59 行.
[ 2012-01-23T22:42:31-05:00 ] SQL: SHOW COLUMNS FROM `ry_users` [ RunTime:0.005421s ]
[ 2012-01-23T22:42:35-05:00 ] SQL: SHOW COLUMNS FROM `ry_region` [ RunTime:0.003625s ]
[ 2012-01-23T22:42:35-05:00 ] SQL: SELECT * FROM `ry_region` WHERE ( `region_lang_code` = 'en-us' ) [ RunTime:0.000341s ]
[ 2012-01-23T22:42:35-05:00 ] SQL: SHOW COLUMNS FROM `ry_products_cat` [ RunTime:0.003588s ]
[ 2012-01-23T22:42:35-05:00 ] SQL: SELECT ry_products_cat.*, ry_products_cat_lang.catlang_id, ry_products_cat_lang.lang_code AS cat_lang_code, 
							ry_products_cat_lang.lang_name AS cat_lang_name, ry_products_cat_lang.cat_name AS cat_name_with_lang FROM `ry_products_cat` LEFT JOIN ry_products_cat_lang on ry_products_cat_lang.cat_id = ry_products_cat.cat_id AND ry_products_cat_lang.lang_code ='en-us' [ RunTime:0.000798s ]
[ 2012-01-23T22:42:35-05:00 ] NOTIC: [8] Undefined variable: msg 6f9ff6e3cd1727a9c4c714dfe3682b60.php 第 27 行.
[ 2012-01-23T22:42:35-05:00 ] NOTIC: [8] Undefined index: keywords 6f9ff6e3cd1727a9c4c714dfe3682b60.php 第 55 行.
[ 2012-01-23T22:42:35-05:00 ] NOTIC: [8] Undefined index: region 6f9ff6e3cd1727a9c4c714dfe3682b60.php 第 59 行.
[ 2012-01-23T22:42:35-05:00 ] NOTIC: [8] Undefined index: region 6f9ff6e3cd1727a9c4c714dfe3682b60.php 第 59 行.
[ 2012-01-23T22:44:31-05:00 ] SQL: SHOW COLUMNS FROM `ry_region` [ RunTime:0.003556s ]
[ 2012-01-23T22:44:31-05:00 ] SQL: SELECT * FROM `ry_region` WHERE ( `region_lang_code` = 'en-us' ) [ RunTime:0.000322s ]
[ 2012-01-23T22:44:31-05:00 ] SQL: SHOW COLUMNS FROM `ry_products_cat` [ RunTime:0.003398s ]
[ 2012-01-23T22:44:31-05:00 ] SQL: SELECT ry_products_cat.*, ry_products_cat_lang.catlang_id, ry_products_cat_lang.lang_code AS cat_lang_code, 
							ry_products_cat_lang.lang_name AS cat_lang_name, ry_products_cat_lang.cat_name AS cat_name_with_lang FROM `ry_products_cat` LEFT JOIN ry_products_cat_lang on ry_products_cat_lang.cat_id = ry_products_cat.cat_id AND ry_products_cat_lang.lang_code ='en-us' [ RunTime:0.000744s ]
[ 2012-01-23T22:44:31-05:00 ] NOTIC: [8] Undefined variable: msg 6f9ff6e3cd1727a9c4c714dfe3682b60.php 第 27 行.
[ 2012-01-23T22:44:31-05:00 ] NOTIC: [8] Undefined index: keywords 6f9ff6e3cd1727a9c4c714dfe3682b60.php 第 55 行.
[ 2012-01-23T22:44:31-05:00 ] NOTIC: [8] Undefined index: region 6f9ff6e3cd1727a9c4c714dfe3682b60.php 第 59 行.
[ 2012-01-23T22:44:31-05:00 ] NOTIC: [8] Undefined index: region 6f9ff6e3cd1727a9c4c714dfe3682b60.php 第 59 行.
[ 2012-01-23T22:44:56-05:00 ] SQL: SHOW COLUMNS FROM `ry_region` [ RunTime:0.004362s ]
[ 2012-01-23T22:44:56-05:00 ] SQL: SELECT * FROM `ry_region` WHERE ( `region_lang_code` = 'en-us' ) [ RunTime:0.000389s ]
[ 2012-01-23T22:44:56-05:00 ] SQL: SHOW COLUMNS FROM `ry_products_cat` [ RunTime:0.003713s ]
[ 2012-01-23T22:44:56-05:00 ] SQL: SELECT ry_products_cat.*, ry_products_cat_lang.catlang_id, ry_products_cat_lang.lang_code AS cat_lang_code, 
							ry_products_cat_lang.lang_name AS cat_lang_name, ry_products_cat_lang.cat_name AS cat_name_with_lang FROM `ry_products_cat` LEFT JOIN ry_products_cat_lang on ry_products_cat_lang.cat_id = ry_products_cat.cat_id AND ry_products_cat_lang.lang_code ='en-us' [ RunTime:0.000834s ]
[ 2012-01-23T22:44:56-05:00 ] NOTIC: [8] Undefined variable: msg 6f9ff6e3cd1727a9c4c714dfe3682b60.php 第 27 行.
[ 2012-01-23T22:44:56-05:00 ] NOTIC: [8] Undefined index: keywords 6f9ff6e3cd1727a9c4c714dfe3682b60.php 第 55 行.
[ 2012-01-23T22:44:56-05:00 ] NOTIC: [8] Undefined index: region 6f9ff6e3cd1727a9c4c714dfe3682b60.php 第 59 行.
[ 2012-01-23T22:44:56-05:00 ] NOTIC: [8] Undefined index: region 6f9ff6e3cd1727a9c4c714dfe3682b60.php 第 59 行.
[ 2012-01-23T22:44:58-05:00 ] SQL: SHOW COLUMNS FROM `ry_users` [ RunTime:0.004329s ]
[ 2012-01-23T22:45:00-05:00 ] SQL: SHOW COLUMNS FROM `ry_users` [ RunTime:0.004228s ]
[ 2012-01-23T22:45:00-05:00 ] SQL: SELECT COUNT(*) AS tp_count FROM `ry_users` WHERE ( `user_name` = 'admin' ) AND ( `user_password` = 'e10adc3949ba59abbe56e057f20f883e' ) LIMIT 1  [ RunTime:0.000366s ]
[ 2012-01-23T22:45:00-05:00 ] SQL: SELECT * FROM `ry_users` WHERE ( `user_name` = 'admin' ) AND ( `user_password` = 'e10adc3949ba59abbe56e057f20f883e' ) LIMIT 1  [ RunTime:0.000241s ]
[ 2012-01-23T22:45:01-05:00 ] SQL: SHOW COLUMNS FROM `ry_region` [ RunTime:0.003836s ]
[ 2012-01-23T22:45:01-05:00 ] SQL: SELECT * FROM `ry_region` WHERE ( `region_lang_code` = 'en-us' ) [ RunTime:0.000322s ]
[ 2012-01-23T22:45:01-05:00 ] SQL: SHOW COLUMNS FROM `ry_products_cat` [ RunTime:0.003424s ]
[ 2012-01-23T22:45:01-05:00 ] SQL: SELECT ry_products_cat.*, ry_products_cat_lang.catlang_id, ry_products_cat_lang.lang_code AS cat_lang_code, 
							ry_products_cat_lang.lang_name AS cat_lang_name, ry_products_cat_lang.cat_name AS cat_name_with_lang FROM `ry_products_cat` LEFT JOIN ry_products_cat_lang on ry_products_cat_lang.cat_id = ry_products_cat.cat_id AND ry_products_cat_lang.lang_code ='en-us' [ RunTime:0.000879s ]
[ 2012-01-23T22:45:02-05:00 ] NOTIC: [8] Undefined variable: msg 6f9ff6e3cd1727a9c4c714dfe3682b60.php 第 27 行.
[ 2012-01-23T22:45:02-05:00 ] NOTIC: [8] Undefined index: keywords 6f9ff6e3cd1727a9c4c714dfe3682b60.php 第 55 行.
[ 2012-01-23T22:45:02-05:00 ] NOTIC: [8] Undefined index: region 6f9ff6e3cd1727a9c4c714dfe3682b60.php 第 59 行.
[ 2012-01-23T22:45:02-05:00 ] NOTIC: [8] Undefined index: region 6f9ff6e3cd1727a9c4c714dfe3682b60.php 第 59 行.
