[ 2012-01-08T14:21:26-05:00 ] SQL: SHOW COLUMNS FROM `ry_products` [ RunTime:0.005260s ]
[ 2012-01-08T14:21:26-05:00 ] SQL: SHOW COLUMNS FROM `ry_products_cat` [ RunTime:0.004773s ]
[ 2012-01-08T14:21:26-05:00 ] SQL: SELECT * FROM `ry_products_cat` WHERE ( ry_products_cat.parent_id = '0' ) AND ( ry_products_cat.is_show = 1 ) [ RunTime:0.000762s ]
[ 2012-01-08T14:21:26-05:00 ] SQL: SELECT COUNT(*) AS tp_count FROM `ry_products` LEFT JOIN ry_products_lang ON ry_products.pid = ry_products_lang.pid AND ry_products_lang.lang_code='en-us' WHERE ( ry_products.cat_id IN ('0','18','17','8','9','10','11','12','13','14','15','16','19','20','21','22','23','24','25','26','27','28','29','30','31','32','33','34','35','36','37','38','39','40','41','42','43','44','45','46','47','48','67') ) AND ( ry_products.type = 2 ) LIMIT 1  [ RunTime:0.032697s ]
[ 2012-01-08T14:21:26-05:00 ] SQL: SELECT ry_products.*, ry_products_lang.plid, ry_products_lang.lang_code, ry_products_lang.name AS lang_name, ry_products_lang.description AS lang_description FROM `ry_products` LEFT JOIN ry_products_lang ON ry_products.pid = ry_products_lang.pid AND ry_products_lang.lang_code='en-us' WHERE ( ry_products.cat_id IN ('0','18','17','8','9','10','11','12','13','14','15','16','19','20','21','22','23','24','25','26','27','28','29','30','31','32','33','34','35','36','37','38','39','40','41','42','43','44','45','46','47','48','67') ) AND ( ry_products.type = 2 ) LIMIT 0,25  [ RunTime:0.000591s ]
[ 2012-01-08T14:22:05-05:00 ] SQL: SHOW COLUMNS FROM `ry_products` [ RunTime:0.004064s ]
[ 2012-01-08T14:22:05-05:00 ] SQL: SHOW COLUMNS FROM `ry_products_cat` [ RunTime:0.003721s ]
[ 2012-01-08T14:22:05-05:00 ] SQL: SELECT * FROM `ry_products_cat` WHERE ( ry_products_cat.parent_id = '0' ) AND ( ry_products_cat.is_show = 1 ) [ RunTime:0.000733s ]
[ 2012-01-08T14:22:05-05:00 ] SQL: SELECT COUNT(*) AS tp_count FROM `ry_products` LEFT JOIN ry_products_lang ON ry_products.pid = ry_products_lang.pid AND ry_products_lang.lang_code='en-us' WHERE ( ry_products.cat_id IN ('0','18','17','8','9','10','11','12','13','14','15','16','19','20','21','22','23','24','25','26','27','28','29','30','31','32','33','34','35','36','37','38','39','40','41','42','43','44','45','46','47','48','67') ) AND ( ry_products.type = 2 ) LIMIT 1  [ RunTime:0.000591s ]
[ 2012-01-08T14:22:05-05:00 ] SQL: SELECT ry_products.*, ry_products_lang.plid, ry_products_lang.lang_code, ry_products_lang.name AS lang_name, ry_products_lang.description AS lang_description FROM `ry_products` LEFT JOIN ry_products_lang ON ry_products.pid = ry_products_lang.pid AND ry_products_lang.lang_code='en-us' WHERE ( ry_products.cat_id IN ('0','18','17','8','9','10','11','12','13','14','15','16','19','20','21','22','23','24','25','26','27','28','29','30','31','32','33','34','35','36','37','38','39','40','41','42','43','44','45','46','47','48','67') ) AND ( ry_products.type = 2 ) LIMIT 0,25  [ RunTime:0.000559s ]
[ 2012-01-08T14:59:44-05:00 ] SQL: SHOW COLUMNS FROM `ry_products` [ RunTime:0.004326s ]
[ 2012-01-08T14:59:44-05:00 ] SQL: SHOW COLUMNS FROM `ry_products_cat` [ RunTime:0.003659s ]
[ 2012-01-08T14:59:44-05:00 ] SQL: SELECT * FROM `ry_products_cat` WHERE ( ry_products_cat.parent_id = '1' ) AND ( ry_products_cat.is_show = 1 ) [ RunTime:0.000344s ]
[ 2012-01-08T14:59:44-05:00 ] SQL: SELECT COUNT(*) AS tp_count FROM `ry_products` LEFT JOIN ry_products_lang ON ry_products.pid = ry_products_lang.pid AND ry_products_lang.lang_code='en-us' WHERE ( ry_products.cat_id IN ('1','3') ) AND ( ry_products.type = 2 ) LIMIT 1  [ RunTime:0.005449s ]
[ 2012-01-08T14:59:44-05:00 ] SQL: SELECT ry_products.*, ry_products_lang.plid, ry_products_lang.lang_code, ry_products_lang.name AS lang_name, ry_products_lang.description AS lang_description FROM `ry_products` LEFT JOIN ry_products_lang ON ry_products.pid = ry_products_lang.pid AND ry_products_lang.lang_code='en-us' WHERE ( ry_products.cat_id IN ('1','3') ) AND ( ry_products.type = 2 ) LIMIT 0,25  [ RunTime:0.000376s ]
[ 2012-01-08T14:59:47-05:00 ] SQL: SHOW COLUMNS FROM `ry_products` [ RunTime:0.004376s ]
[ 2012-01-08T14:59:47-05:00 ] SQL: SHOW COLUMNS FROM `ry_products_cat` [ RunTime:0.003774s ]
[ 2012-01-08T14:59:47-05:00 ] SQL: SELECT * FROM `ry_products_cat` WHERE ( ry_products_cat.parent_id = '0' ) AND ( ry_products_cat.is_show = 1 ) [ RunTime:0.000715s ]
[ 2012-01-08T14:59:47-05:00 ] SQL: SELECT COUNT(*) AS tp_count FROM `ry_products` LEFT JOIN ry_products_lang ON ry_products.pid = ry_products_lang.pid AND ry_products_lang.lang_code='en-us' WHERE ( ry_products.cat_id IN ('0','18','17','8','9','10','11','12','13','14','15','16','19','20','21','22','23','24','25','26','27','28','29','30','31','32','33','34','35','36','37','38','39','40','41','42','43','44','45','46','47','48','67') ) AND ( ry_products.type = 2 ) LIMIT 1  [ RunTime:0.000497s ]
[ 2012-01-08T14:59:47-05:00 ] SQL: SELECT ry_products.*, ry_products_lang.plid, ry_products_lang.lang_code, ry_products_lang.name AS lang_name, ry_products_lang.description AS lang_description FROM `ry_products` LEFT JOIN ry_products_lang ON ry_products.pid = ry_products_lang.pid AND ry_products_lang.lang_code='en-us' WHERE ( ry_products.cat_id IN ('0','18','17','8','9','10','11','12','13','14','15','16','19','20','21','22','23','24','25','26','27','28','29','30','31','32','33','34','35','36','37','38','39','40','41','42','43','44','45','46','47','48','67') ) AND ( ry_products.type = 2 ) LIMIT 0,25  [ RunTime:0.000517s ]
[ 2012-01-08T14:59:59-05:00 ] SQL: SHOW COLUMNS FROM `ry_products` [ RunTime:0.004026s ]
[ 2012-01-08T14:59:59-05:00 ] SQL: SHOW COLUMNS FROM `ry_products_cat` [ RunTime:0.003974s ]
[ 2012-01-08T14:59:59-05:00 ] SQL: SELECT * FROM `ry_products_cat` WHERE ( ry_products_cat.parent_id = '0' ) AND ( ry_products_cat.is_show = 1 ) [ RunTime:0.000703s ]
[ 2012-01-08T14:59:59-05:00 ] SQL: SELECT COUNT(*) AS tp_count FROM `ry_products` LEFT JOIN ry_products_lang ON ry_products.pid = ry_products_lang.pid AND ry_products_lang.lang_code='en-us' WHERE ( ry_products.cat_id IN ('0','18','17','8','9','10','11','12','13','14','15','16','19','20','21','22','23','24','25','26','27','28','29','30','31','32','33','34','35','36','37','38','39','40','41','42','43','44','45','46','47','48','67') ) AND ( ry_products.type = 1 ) LIMIT 1  [ RunTime:0.000624s ]
[ 2012-01-08T14:59:59-05:00 ] SQL: SELECT ry_products.*, ry_products_lang.plid, ry_products_lang.lang_code, ry_products_lang.name AS lang_name, ry_products_lang.description AS lang_description FROM `ry_products` LEFT JOIN ry_products_lang ON ry_products.pid = ry_products_lang.pid AND ry_products_lang.lang_code='en-us' WHERE ( ry_products.cat_id IN ('0','18','17','8','9','10','11','12','13','14','15','16','19','20','21','22','23','24','25','26','27','28','29','30','31','32','33','34','35','36','37','38','39','40','41','42','43','44','45','46','47','48','67') ) AND ( ry_products.type = 1 ) LIMIT 0,25  [ RunTime:0.000709s ]
[ 2012-01-08T15:26:56-05:00 ] SQL: SHOW COLUMNS FROM `ry_products` [ RunTime:0.005257s ]
[ 2012-01-08T15:26:56-05:00 ] SQL: SHOW COLUMNS FROM `ry_products_cat` [ RunTime:0.004801s ]
[ 2012-01-08T15:26:56-05:00 ] SQL: SELECT * FROM `ry_products_cat` WHERE ( ry_products_cat.parent_id = '0' ) AND ( ry_products_cat.is_show = 1 ) [ RunTime:0.000730s ]
[ 2012-01-08T15:26:56-05:00 ] SQL: SELECT COUNT(*) AS tp_count FROM `ry_products` LEFT JOIN ry_products_lang ON ry_products.pid = ry_products_lang.pid AND ry_products_lang.lang_code='en-us' WHERE ( ry_products.cat_id IN ('0','18','17','8','9','10','11','12','13','14','15','16','19','20','21','22','23','24','25','26','27','28','29','30','31','32','33','34','35','36','37','38','39','40','41','42','43','44','45','46','47','48','67') ) AND ( ry_products.type = 1 ) LIMIT 1  [ RunTime:0.001823s ]
[ 2012-01-08T15:26:56-05:00 ] SQL: SELECT ry_products.*, 
														ry_products_lang.plid, ry_products_lang.lang_code, ry_products_lang.name AS lang_name, ry_products_lang.description AS lang_description 
														ry_region.* FROM `ry_products` LEFT JOIN ry_products_lang ON ry_products.pid = ry_products_lang.pid AND ry_products_lang.lang_code='en-us' LEFT JOIN ry_region ON ry_products.location_code = ry_region.region_code WHERE ( ry_products.cat_id IN ('0','18','17','8','9','10','11','12','13','14','15','16','19','20','21','22','23','24','25','26','27','28','29','30','31','32','33','34','35','36','37','38','39','40','41','42','43','44','45','46','47','48','67') ) AND ( ry_products.type = 1 ) LIMIT 0,25  [ RunTime:0.000141s ]
[ 2012-01-08T15:27:14-05:00 ] SQL: SHOW COLUMNS FROM `ry_products` [ RunTime:0.004355s ]
[ 2012-01-08T15:27:14-05:00 ] SQL: SHOW COLUMNS FROM `ry_products_cat` [ RunTime:0.003877s ]
[ 2012-01-08T15:27:14-05:00 ] SQL: SELECT * FROM `ry_products_cat` WHERE ( ry_products_cat.parent_id = '0' ) AND ( ry_products_cat.is_show = 1 ) [ RunTime:0.000723s ]
[ 2012-01-08T15:27:14-05:00 ] SQL: SELECT COUNT(*) AS tp_count FROM `ry_products` LEFT JOIN ry_products_lang ON ry_products.pid = ry_products_lang.pid AND ry_products_lang.lang_code='en-us' WHERE ( ry_products.cat_id IN ('0','18','17','8','9','10','11','12','13','14','15','16','19','20','21','22','23','24','25','26','27','28','29','30','31','32','33','34','35','36','37','38','39','40','41','42','43','44','45','46','47','48','67') ) AND ( ry_products.type = 1 ) LIMIT 1  [ RunTime:0.000634s ]
[ 2012-01-08T15:27:14-05:00 ] SQL: SELECT ry_products.*, 
														ry_products_lang.plid, ry_products_lang.lang_code, ry_products_lang.name AS lang_name, ry_products_lang.description AS lang_description, 
														ry_region.* FROM `ry_products` LEFT JOIN ry_products_lang ON ry_products.pid = ry_products_lang.pid AND ry_products_lang.lang_code='en-us' LEFT JOIN ry_region ON ry_products.location_code = ry_region.region_code WHERE ( ry_products.cat_id IN ('0','18','17','8','9','10','11','12','13','14','15','16','19','20','21','22','23','24','25','26','27','28','29','30','31','32','33','34','35','36','37','38','39','40','41','42','43','44','45','46','47','48','67') ) AND ( ry_products.type = 1 ) LIMIT 0,25  [ RunTime:0.002233s ]
[ 2012-01-08T15:28:05-05:00 ] SQL: SHOW COLUMNS FROM `ry_products` [ RunTime:0.004120s ]
[ 2012-01-08T15:28:05-05:00 ] SQL: SHOW COLUMNS FROM `ry_products_cat` [ RunTime:0.003829s ]
[ 2012-01-08T15:28:05-05:00 ] SQL: SELECT * FROM `ry_products_cat` WHERE ( ry_products_cat.parent_id = '0' ) AND ( ry_products_cat.is_show = 1 ) [ RunTime:0.000733s ]
[ 2012-01-08T15:28:05-05:00 ] SQL: SELECT COUNT(*) AS tp_count FROM `ry_products` LEFT JOIN ry_products_lang ON ry_products.pid = ry_products_lang.pid AND ry_products_lang.lang_code='en-us' WHERE ( ry_products.cat_id IN ('0','18','17','8','9','10','11','12','13','14','15','16','19','20','21','22','23','24','25','26','27','28','29','30','31','32','33','34','35','36','37','38','39','40','41','42','43','44','45','46','47','48','67') ) AND ( ry_products.type = 1 ) LIMIT 1  [ RunTime:0.000574s ]
[ 2012-01-08T15:28:05-05:00 ] SQL: SELECT ry_products.*, 
														ry_products_lang.plid, ry_products_lang.lang_code, ry_products_lang.name AS lang_name, ry_products_lang.description AS lang_description, 
														ry_region.* FROM `ry_products` LEFT JOIN ry_products_lang ON ry_products.pid = ry_products_lang.pid AND ry_products_lang.lang_code='en-us' LEFT JOIN ry_region ON ry_products.location_code = ry_region.region_code AND ry_region.region_lang_code='en-us' WHERE ( ry_products.cat_id IN ('0','18','17','8','9','10','11','12','13','14','15','16','19','20','21','22','23','24','25','26','27','28','29','30','31','32','33','34','35','36','37','38','39','40','41','42','43','44','45','46','47','48','67') ) AND ( ry_products.type = 1 ) LIMIT 0,25  [ RunTime:0.000830s ]
[ 2012-01-08T15:32:23-05:00 ] SQL: SHOW COLUMNS FROM `ry_products` [ RunTime:0.004126s ]
[ 2012-01-08T15:32:23-05:00 ] SQL: SHOW COLUMNS FROM `ry_products_cat` [ RunTime:0.003673s ]
[ 2012-01-08T15:32:23-05:00 ] SQL: SELECT * FROM `ry_products_cat` WHERE ( ry_products_cat.parent_id = '0' ) AND ( ry_products_cat.is_show = 1 ) [ RunTime:0.000786s ]
[ 2012-01-08T15:32:23-05:00 ] SQL: SELECT COUNT(*) AS tp_count FROM `ry_products` LEFT JOIN ry_products_lang ON ry_products.pid = ry_products_lang.pid AND ry_products_lang.lang_code='en-us' WHERE ( ry_products.cat_id IN ('0','18','17','8','9','10','11','12','13','14','15','16','19','20','21','22','23','24','25','26','27','28','29','30','31','32','33','34','35','36','37','38','39','40','41','42','43','44','45','46','47','48','67') ) AND ( ry_products.type = 1 ) LIMIT 1  [ RunTime:0.000668s ]
[ 2012-01-08T15:32:23-05:00 ] SQL: SELECT ry_products.*, 
														ry_products_lang.plid, ry_products_lang.lang_code, ry_products_lang.name AS lang_name, ry_products_lang.description AS lang_description, 
														ry_region.* FROM `ry_products` LEFT JOIN ry_products_lang ON ry_products.pid = ry_products_lang.pid AND ry_products_lang.lang_code='en-us' LEFT JOIN ry_region ON ry_products.location_code = ry_region.region_code AND ry_region.region_lang_code='en-us' WHERE ( ry_products.cat_id IN ('0','18','17','8','9','10','11','12','13','14','15','16','19','20','21','22','23','24','25','26','27','28','29','30','31','32','33','34','35','36','37','38','39','40','41','42','43','44','45','46','47','48','67') ) AND ( ry_products.type = 1 ) LIMIT 0,25  [ RunTime:0.000798s ]
[ 2012-01-08T15:40:21-05:00 ] SQL: SHOW COLUMNS FROM `ry_products` [ RunTime:0.004189s ]
[ 2012-01-08T15:40:21-05:00 ] SQL: SHOW COLUMNS FROM `ry_products_cat` [ RunTime:0.003994s ]
[ 2012-01-08T15:40:21-05:00 ] SQL: SELECT * FROM `ry_products_cat` WHERE ( ry_products_cat.parent_id = '0' ) AND ( ry_products_cat.is_show = 1 ) [ RunTime:0.000764s ]
[ 2012-01-08T15:40:21-05:00 ] SQL: SELECT COUNT(*) AS tp_count FROM `ry_products` LEFT JOIN ry_products_lang ON ry_products.pid = ry_products_lang.pid AND ry_products_lang.lang_code='en-us' WHERE ( ry_products.cat_id IN ('0','18','17','8','9','10','11','12','13','14','15','16','19','20','21','22','23','24','25','26','27','28','29','30','31','32','33','34','35','36','37','38','39','40','41','42','43','44','45','46','47','48','67') ) AND ( ry_products.type = 1 ) LIMIT 1  [ RunTime:0.000583s ]
[ 2012-01-08T15:40:21-05:00 ] SQL: SELECT ry_products.*, 
														ry_products_lang.plid, ry_products_lang.lang_code, ry_products_lang.name AS lang_name, ry_products_lang.description AS lang_description, 
														ry_region.* FROM `ry_products` LEFT JOIN ry_products_lang ON ry_products.pid = ry_products_lang.pid AND ry_products_lang.lang_code='en-us' LEFT JOIN ry_region ON ry_products.location_code = ry_region.region_code AND ry_region.region_lang_code='en-us' WHERE ( ry_products.cat_id IN ('0','18','17','8','9','10','11','12','13','14','15','16','19','20','21','22','23','24','25','26','27','28','29','30','31','32','33','34','35','36','37','38','39','40','41','42','43','44','45','46','47','48','67') ) AND ( ry_products.type = 1 ) LIMIT 0,25  [ RunTime:0.000784s ]
[ 2012-01-08T15:45:00-05:00 ] SQL: SHOW COLUMNS FROM `ry_products` [ RunTime:0.004066s ]
[ 2012-01-08T15:45:00-05:00 ] SQL: SHOW COLUMNS FROM `ry_products_cat` [ RunTime:0.003779s ]
[ 2012-01-08T15:45:00-05:00 ] SQL: SELECT * FROM `ry_products_cat` WHERE ( ry_products_cat.parent_id = '0' ) AND ( ry_products_cat.is_show = 1 ) [ RunTime:0.000726s ]
[ 2012-01-08T15:45:00-05:00 ] SQL: SELECT COUNT(*) AS tp_count FROM `ry_products` LEFT JOIN ry_products_lang ON ry_products.pid = ry_products_lang.pid AND ry_products_lang.lang_code='en-us' WHERE ( ry_products.cat_id IN ('0','18','17','8','9','10','11','12','13','14','15','16','19','20','21','22','23','24','25','26','27','28','29','30','31','32','33','34','35','36','37','38','39','40','41','42','43','44','45','46','47','48','67') ) AND ( ry_products.type = 1 ) LIMIT 1  [ RunTime:0.000663s ]
[ 2012-01-08T15:45:00-05:00 ] SQL: SELECT ry_products.*, 
														ry_products_lang.plid, ry_products_lang.lang_code, ry_products_lang.name AS lang_name, ry_products_lang.description AS lang_description, 
														ry_region.* FROM `ry_products` LEFT JOIN ry_products_lang ON ry_products.pid = ry_products_lang.pid AND ry_products_lang.lang_code='en-us' LEFT JOIN ry_region ON ry_products.location_code = ry_region.region_code AND ry_region.region_lang_code='en-us' WHERE ( ry_products.cat_id IN ('0','18','17','8','9','10','11','12','13','14','15','16','19','20','21','22','23','24','25','26','27','28','29','30','31','32','33','34','35','36','37','38','39','40','41','42','43','44','45','46','47','48','67') ) AND ( ry_products.type = 1 ) LIMIT 0,25  [ RunTime:0.000782s ]
[ 2012-01-08T15:45:47-05:00 ] SQL: SHOW COLUMNS FROM `ry_products` [ RunTime:0.004184s ]
[ 2012-01-08T15:45:47-05:00 ] SQL: SHOW COLUMNS FROM `ry_products_cat` [ RunTime:0.003763s ]
[ 2012-01-08T15:45:47-05:00 ] SQL: SELECT * FROM `ry_products_cat` WHERE ( ry_products_cat.parent_id = '0' ) AND ( ry_products_cat.is_show = 1 ) [ RunTime:0.000772s ]
[ 2012-01-08T15:45:47-05:00 ] SQL: SELECT COUNT(*) AS tp_count FROM `ry_products` LEFT JOIN ry_products_lang ON ry_products.pid = ry_products_lang.pid AND ry_products_lang.lang_code='en-us' WHERE ( ry_products.cat_id IN ('0','18','17','8','9','10','11','12','13','14','15','16','19','20','21','22','23','24','25','26','27','28','29','30','31','32','33','34','35','36','37','38','39','40','41','42','43','44','45','46','47','48','67') ) AND ( ry_products.type = 1 ) LIMIT 1  [ RunTime:0.000666s ]
[ 2012-01-08T15:45:47-05:00 ] SQL: SELECT ry_products.*, 
														ry_products_lang.plid, ry_products_lang.lang_code, ry_products_lang.name AS lang_name, ry_products_lang.description AS lang_description, 
														ry_region.* FROM `ry_products` LEFT JOIN ry_products_lang ON ry_products.pid = ry_products_lang.pid AND ry_products_lang.lang_code='en-us' LEFT JOIN ry_region ON ry_products.location_code = ry_region.region_code AND ry_region.region_lang_code='en-us' WHERE ( ry_products.cat_id IN ('0','18','17','8','9','10','11','12','13','14','15','16','19','20','21','22','23','24','25','26','27','28','29','30','31','32','33','34','35','36','37','38','39','40','41','42','43','44','45','46','47','48','67') ) AND ( ry_products.type = 1 ) LIMIT 0,25  [ RunTime:0.000845s ]
[ 2012-01-08T15:46:01-05:00 ] SQL: SHOW COLUMNS FROM `ry_products` [ RunTime:0.004107s ]
[ 2012-01-08T15:46:01-05:00 ] SQL: SHOW COLUMNS FROM `ry_products_cat` [ RunTime:0.003698s ]
[ 2012-01-08T15:46:01-05:00 ] SQL: SELECT * FROM `ry_products_cat` WHERE ( ry_products_cat.parent_id = '0' ) AND ( ry_products_cat.is_show = 1 ) [ RunTime:0.000706s ]
[ 2012-01-08T15:46:01-05:00 ] SQL: SELECT COUNT(*) AS tp_count FROM `ry_products` LEFT JOIN ry_products_lang ON ry_products.pid = ry_products_lang.pid AND ry_products_lang.lang_code='zh-cn' WHERE ( ry_products.cat_id IN ('0','18','17','8','9','10','11','12','13','14','15','16','19','20','21','22','23','24','25','26','27','28','29','30','31','32','33','34','35','36','37','38','39','40','41','42','43','44','45','46','47','48','67') ) AND ( ry_products.type = 1 ) LIMIT 1  [ RunTime:0.000664s ]
[ 2012-01-08T15:46:01-05:00 ] SQL: SELECT ry_products.*, 
														ry_products_lang.plid, ry_products_lang.lang_code, ry_products_lang.name AS lang_name, ry_products_lang.description AS lang_description, 
														ry_region.* FROM `ry_products` LEFT JOIN ry_products_lang ON ry_products.pid = ry_products_lang.pid AND ry_products_lang.lang_code='zh-cn' LEFT JOIN ry_region ON ry_products.location_code = ry_region.region_code AND ry_region.region_lang_code='zh-cn' WHERE ( ry_products.cat_id IN ('0','18','17','8','9','10','11','12','13','14','15','16','19','20','21','22','23','24','25','26','27','28','29','30','31','32','33','34','35','36','37','38','39','40','41','42','43','44','45','46','47','48','67') ) AND ( ry_products.type = 1 ) LIMIT 0,25  [ RunTime:0.000790s ]
[ 2012-01-08T15:47:18-05:00 ] NOTIC: [8] Undefined variable: data ProductsAction.class.php 第 107 行.
[ 2012-01-08T15:50:08-05:00 ] SQL: SHOW COLUMNS FROM `ry_products` [ RunTime:0.005111s ]
[ 2012-01-08T15:50:08-05:00 ] SQL: SHOW COLUMNS FROM `ry_products_cat` [ RunTime:0.004599s ]
[ 2012-01-08T15:50:08-05:00 ] SQL: SELECT * FROM `ry_products_cat` WHERE ( ry_products_cat.parent_id = '0' ) AND ( ry_products_cat.is_show = 1 ) [ RunTime:0.000764s ]
[ 2012-01-08T15:50:08-05:00 ] SQL: SELECT COUNT(*) AS tp_count FROM `ry_products` LEFT JOIN ry_products_lang ON ry_products.pid = ry_products_lang.pid AND ry_products_lang.lang_code='zh-cn' WHERE ( ry_products.cat_id IN ('0','18','17','8','9','10','11','12','13','14','15','16','19','20','21','22','23','24','25','26','27','28','29','30','31','32','33','34','35','36','37','38','39','40','41','42','43','44','45','46','47','48','67') ) AND ( ry_products.type = 1 ) LIMIT 1  [ RunTime:0.001852s ]
[ 2012-01-08T15:50:08-05:00 ] SQL: SELECT ry_products.*, 
														ry_products_lang.plid, ry_products_lang.lang_code, ry_products_lang.name AS lang_name, ry_products_lang.description AS lang_description, 
														ry_region.* FROM `ry_products` LEFT JOIN ry_products_lang ON ry_products.pid = ry_products_lang.pid AND ry_products_lang.lang_code='zh-cn' LEFT JOIN ry_region ON ry_products.location_code = ry_region.region_code AND ry_region.region_lang_code='zh-cn' WHERE ( ry_products.cat_id IN ('0','18','17','8','9','10','11','12','13','14','15','16','19','20','21','22','23','24','25','26','27','28','29','30','31','32','33','34','35','36','37','38','39','40','41','42','43','44','45','46','47','48','67') ) AND ( ry_products.type = 1 ) LIMIT 0,25  [ RunTime:0.001994s ]
[ 2012-01-08T15:50:08-05:00 ] NOTIC: [8] Undefined index: id 47fffc74fd18721d6e2cb32f43ee1c3d.php 第 91 行.
[ 2012-01-08T15:50:08-05:00 ] NOTIC: [8] Undefined index: id 47fffc74fd18721d6e2cb32f43ee1c3d.php 第 91 行.
[ 2012-01-08T15:50:08-05:00 ] NOTIC: [8] Undefined index: id 47fffc74fd18721d6e2cb32f43ee1c3d.php 第 91 行.
[ 2012-01-08T15:50:08-05:00 ] NOTIC: [8] Undefined index: id 47fffc74fd18721d6e2cb32f43ee1c3d.php 第 91 行.
[ 2012-01-08T15:50:08-05:00 ] NOTIC: [8] Undefined index: id 47fffc74fd18721d6e2cb32f43ee1c3d.php 第 91 行.
[ 2012-01-08T15:50:08-05:00 ] NOTIC: [8] Undefined index: id 47fffc74fd18721d6e2cb32f43ee1c3d.php 第 91 行.
[ 2012-01-08T15:50:08-05:00 ] NOTIC: [8] Undefined index: id 47fffc74fd18721d6e2cb32f43ee1c3d.php 第 91 行.
[ 2012-01-08T15:50:08-05:00 ] NOTIC: [8] Undefined index: id 47fffc74fd18721d6e2cb32f43ee1c3d.php 第 91 行.
[ 2012-01-08T15:50:08-05:00 ] NOTIC: [8] Undefined index: id 47fffc74fd18721d6e2cb32f43ee1c3d.php 第 91 行.
[ 2012-01-08T15:50:08-05:00 ] NOTIC: [8] Undefined index: id 47fffc74fd18721d6e2cb32f43ee1c3d.php 第 91 行.
[ 2012-01-08T15:50:08-05:00 ] NOTIC: [8] Undefined index: id 47fffc74fd18721d6e2cb32f43ee1c3d.php 第 91 行.
[ 2012-01-08T15:50:08-05:00 ] NOTIC: [8] Undefined index: id 47fffc74fd18721d6e2cb32f43ee1c3d.php 第 91 行.
[ 2012-01-08T15:50:08-05:00 ] NOTIC: [8] Undefined index: id 47fffc74fd18721d6e2cb32f43ee1c3d.php 第 91 行.
[ 2012-01-08T15:50:29-05:00 ] SQL: SHOW COLUMNS FROM `ry_products` [ RunTime:0.004274s ]
[ 2012-01-08T15:50:29-05:00 ] SQL: SHOW COLUMNS FROM `ry_products_cat` [ RunTime:0.003767s ]
[ 2012-01-08T15:50:29-05:00 ] SQL: SELECT * FROM `ry_products_cat` WHERE ( ry_products_cat.parent_id = '0' ) AND ( ry_products_cat.is_show = 1 ) [ RunTime:0.000723s ]
[ 2012-01-08T15:50:29-05:00 ] SQL: SELECT COUNT(*) AS tp_count FROM `ry_products` LEFT JOIN ry_products_lang ON ry_products.pid = ry_products_lang.pid AND ry_products_lang.lang_code='zh-cn' WHERE ( ry_products.cat_id IN ('0','18','17','8','9','10','11','12','13','14','15','16','19','20','21','22','23','24','25','26','27','28','29','30','31','32','33','34','35','36','37','38','39','40','41','42','43','44','45','46','47','48','67') ) AND ( ry_products.type = 1 ) LIMIT 1  [ RunTime:0.000605s ]
[ 2012-01-08T15:50:29-05:00 ] SQL: SELECT ry_products.*, 
														ry_products_lang.plid, ry_products_lang.lang_code, ry_products_lang.name AS lang_name, ry_products_lang.description AS lang_description, 
														ry_region.* FROM `ry_products` LEFT JOIN ry_products_lang ON ry_products.pid = ry_products_lang.pid AND ry_products_lang.lang_code='zh-cn' LEFT JOIN ry_region ON ry_products.location_code = ry_region.region_code AND ry_region.region_lang_code='zh-cn' WHERE ( ry_products.cat_id IN ('0','18','17','8','9','10','11','12','13','14','15','16','19','20','21','22','23','24','25','26','27','28','29','30','31','32','33','34','35','36','37','38','39','40','41','42','43','44','45','46','47','48','67') ) AND ( ry_products.type = 1 ) LIMIT 0,25  [ RunTime:0.000807s ]
[ 2012-01-08T15:51:01-05:00 ] SQL: SHOW COLUMNS FROM `ry_products` [ RunTime:0.004165s ]
[ 2012-01-08T15:51:01-05:00 ] SQL: SHOW COLUMNS FROM `ry_products_cat` [ RunTime:0.003835s ]
[ 2012-01-08T15:51:01-05:00 ] SQL: SELECT * FROM `ry_products_cat` WHERE ( ry_products_cat.parent_id = '0' ) AND ( ry_products_cat.is_show = 1 ) [ RunTime:0.000772s ]
[ 2012-01-08T15:51:01-05:00 ] SQL: SELECT COUNT(*) AS tp_count FROM `ry_products` LEFT JOIN ry_products_lang ON ry_products.pid = ry_products_lang.pid AND ry_products_lang.lang_code='zh-cn' WHERE ( ry_products.cat_id IN ('0','18','17','8','9','10','11','12','13','14','15','16','19','20','21','22','23','24','25','26','27','28','29','30','31','32','33','34','35','36','37','38','39','40','41','42','43','44','45','46','47','48','67') ) AND ( ry_products.type = 1 ) LIMIT 1  [ RunTime:0.000660s ]
[ 2012-01-08T15:51:01-05:00 ] SQL: SELECT ry_products.*, 
														ry_products_lang.plid, ry_products_lang.lang_code, ry_products_lang.name AS lang_name, ry_products_lang.description AS lang_description, 
														ry_region.* FROM `ry_products` LEFT JOIN ry_products_lang ON ry_products.pid = ry_products_lang.pid AND ry_products_lang.lang_code='zh-cn' LEFT JOIN ry_region ON ry_products.location_code = ry_region.region_code AND ry_region.region_lang_code='zh-cn' WHERE ( ry_products.cat_id IN ('0','18','17','8','9','10','11','12','13','14','15','16','19','20','21','22','23','24','25','26','27','28','29','30','31','32','33','34','35','36','37','38','39','40','41','42','43','44','45','46','47','48','67') ) AND ( ry_products.type = 1 ) LIMIT 0,25  [ RunTime:0.000802s ]
[ 2012-01-08T15:51:11-05:00 ] NOTIC: [8] Undefined variable: data ProductsAction.class.php 第 107 行.
[ 2012-01-08T17:01:51-05:00 ] SQL: SHOW COLUMNS FROM `ry_products` [ RunTime:0.005265s ]
[ 2012-01-08T17:01:51-05:00 ] SQL: SHOW COLUMNS FROM `ry_products_cat` [ RunTime:0.004755s ]
[ 2012-01-08T17:01:51-05:00 ] SQL: SELECT * FROM `ry_products_cat` WHERE ( ry_products_cat.parent_id = '0' ) AND ( ry_products_cat.is_show = 1 ) [ RunTime:0.000785s ]
[ 2012-01-08T17:01:51-05:00 ] SQL: SELECT COUNT(*) AS tp_count FROM `ry_products` LEFT JOIN ry_products_lang ON ry_products.pid = ry_products_lang.pid AND ry_products_lang.lang_code='zh-cn' WHERE ( ry_products.cat_id IN ('0','18','17','8','9','10','11','12','13','14','15','16','19','20','21','22','23','24','25','26','27','28','29','30','31','32','33','34','35','36','37','38','39','40','41','42','43','44','45','46','47','48','67') ) AND ( ry_products.type = 1 ) LIMIT 1  [ RunTime:0.001695s ]
[ 2012-01-08T17:01:51-05:00 ] SQL: SELECT ry_products.*, 
														ry_products_lang.plid, ry_products_lang.lang_code, ry_products_lang.name AS lang_name, ry_products_lang.description AS lang_description, 
														ry_region.* FROM `ry_products` LEFT JOIN ry_products_lang ON ry_products.pid = ry_products_lang.pid AND ry_products_lang.lang_code='zh-cn' LEFT JOIN ry_region ON ry_products.location_code = ry_region.region_code AND ry_region.region_lang_code='zh-cn' WHERE ( ry_products.cat_id IN ('0','18','17','8','9','10','11','12','13','14','15','16','19','20','21','22','23','24','25','26','27','28','29','30','31','32','33','34','35','36','37','38','39','40','41','42','43','44','45','46','47','48','67') ) AND ( ry_products.type = 1 ) LIMIT 0,25  [ RunTime:0.001855s ]
[ 2012-01-08T17:01:52-05:00 ] SQL: SHOW COLUMNS FROM `ry_products` [ RunTime:0.005314s ]
[ 2012-01-08T17:01:52-05:00 ] NOTIC: [8] Undefined index: pid ProductsAction.class.php 第 109 行.
[ 2012-01-08T17:01:52-05:00 ] NOTIC: [8] Undefined variable: Page ProductsAction.class.php 第 123 行.
[ 2012-01-08T17:01:52-05:00 ] NOTIC: [8] Trying to get property of non-object ProductsAction.class.php 第 123 行.
[ 2012-01-08T17:01:52-05:00 ] NOTIC: [8] Undefined variable: Page ProductsAction.class.php 第 123 行.
[ 2012-01-08T17:01:52-05:00 ] NOTIC: [8] Trying to get property of non-object ProductsAction.class.php 第 123 行.
[ 2012-01-08T17:01:52-05:00 ] SQL: SELECT ry_products.*, 
														ry_products_lang.plid, ry_products_lang.lang_code, ry_products_lang.name AS lang_name, ry_products_lang.description AS lang_description, 
														ry_region.* FROM `ry_products` LEFT JOIN ry_products_lang ON ry_products.pid = ry_products_lang.pid AND ry_products_lang.lang_code='zh-cn' LEFT JOIN ry_region ON ry_products.location_code = ry_region.region_code AND ry_region.region_lang_code='zh-cn' WHERE ( ry_products.pid = null ) LIMIT 1  [ RunTime:0.000758s ]
[ 2012-01-08T17:03:21-05:00 ] SQL: SHOW COLUMNS FROM `ry_products` [ RunTime:0.004240s ]
[ 2012-01-08T17:03:21-05:00 ] NOTIC: [8] Undefined index: pid ProductsAction.class.php 第 109 行.
[ 2012-01-08T17:03:21-05:00 ] NOTIC: [8] Undefined variable: Page ProductsAction.class.php 第 123 行.
[ 2012-01-08T17:03:21-05:00 ] NOTIC: [8] Trying to get property of non-object ProductsAction.class.php 第 123 行.
[ 2012-01-08T17:03:21-05:00 ] NOTIC: [8] Undefined variable: Page ProductsAction.class.php 第 123 行.
[ 2012-01-08T17:03:21-05:00 ] NOTIC: [8] Trying to get property of non-object ProductsAction.class.php 第 123 行.
[ 2012-01-08T17:03:21-05:00 ] SQL: SELECT ry_products.*, 
														ry_products_lang.plid, ry_products_lang.lang_code, ry_products_lang.name AS lang_name, ry_products_lang.description AS lang_description, 
														ry_region.* FROM `ry_products` LEFT JOIN ry_products_lang ON ry_products.pid = ry_products_lang.pid AND ry_products_lang.lang_code='zh-cn' LEFT JOIN ry_region ON ry_products.location_code = ry_region.region_code AND ry_region.region_lang_code='zh-cn' WHERE ( ry_products.pid = null ) LIMIT 1  [ RunTime:0.000452s ]
[ 2012-01-08T17:03:23-05:00 ] SQL: SHOW COLUMNS FROM `ry_products` [ RunTime:0.004242s ]
[ 2012-01-08T17:03:23-05:00 ] NOTIC: [8] Undefined index: pid ProductsAction.class.php 第 109 行.
[ 2012-01-08T17:03:23-05:00 ] NOTIC: [8] Undefined variable: Page ProductsAction.class.php 第 123 行.
[ 2012-01-08T17:03:23-05:00 ] NOTIC: [8] Trying to get property of non-object ProductsAction.class.php 第 123 行.
[ 2012-01-08T17:03:23-05:00 ] NOTIC: [8] Undefined variable: Page ProductsAction.class.php 第 123 行.
[ 2012-01-08T17:03:23-05:00 ] NOTIC: [8] Trying to get property of non-object ProductsAction.class.php 第 123 行.
[ 2012-01-08T17:03:23-05:00 ] SQL: SELECT ry_products.*, 
														ry_products_lang.plid, ry_products_lang.lang_code, ry_products_lang.name AS lang_name, ry_products_lang.description AS lang_description, 
														ry_region.* FROM `ry_products` LEFT JOIN ry_products_lang ON ry_products.pid = ry_products_lang.pid AND ry_products_lang.lang_code='zh-cn' LEFT JOIN ry_region ON ry_products.location_code = ry_region.region_code AND ry_region.region_lang_code='zh-cn' WHERE ( ry_products.pid = null ) LIMIT 1  [ RunTime:0.000485s ]
[ 2012-01-08T17:03:26-05:00 ] SQL: SHOW COLUMNS FROM `ry_products` [ RunTime:0.004129s ]
[ 2012-01-08T17:03:26-05:00 ] NOTIC: [8] Undefined index: pid ProductsAction.class.php 第 109 行.
[ 2012-01-08T17:03:26-05:00 ] NOTIC: [8] Undefined variable: Page ProductsAction.class.php 第 123 行.
[ 2012-01-08T17:03:26-05:00 ] NOTIC: [8] Trying to get property of non-object ProductsAction.class.php 第 123 行.
[ 2012-01-08T17:03:26-05:00 ] NOTIC: [8] Undefined variable: Page ProductsAction.class.php 第 123 行.
[ 2012-01-08T17:03:26-05:00 ] NOTIC: [8] Trying to get property of non-object ProductsAction.class.php 第 123 行.
[ 2012-01-08T17:03:26-05:00 ] SQL: SELECT ry_products.*, 
														ry_products_lang.plid, ry_products_lang.lang_code, ry_products_lang.name AS lang_name, ry_products_lang.description AS lang_description, 
														ry_region.* FROM `ry_products` LEFT JOIN ry_products_lang ON ry_products.pid = ry_products_lang.pid AND ry_products_lang.lang_code='zh-cn' LEFT JOIN ry_region ON ry_products.location_code = ry_region.region_code AND ry_region.region_lang_code='zh-cn' WHERE ( ry_products.pid = null ) LIMIT 1  [ RunTime:0.000530s ]
[ 2012-01-08T17:03:33-05:00 ] SQL: SHOW COLUMNS FROM `ry_products` [ RunTime:0.004180s ]
[ 2012-01-08T17:03:33-05:00 ] NOTIC: [8] Undefined index: pid ProductsAction.class.php 第 109 行.
[ 2012-01-08T17:03:33-05:00 ] NOTIC: [8] Undefined variable: Page ProductsAction.class.php 第 123 行.
[ 2012-01-08T17:03:33-05:00 ] NOTIC: [8] Trying to get property of non-object ProductsAction.class.php 第 123 行.
[ 2012-01-08T17:03:33-05:00 ] NOTIC: [8] Undefined variable: Page ProductsAction.class.php 第 123 行.
[ 2012-01-08T17:03:33-05:00 ] NOTIC: [8] Trying to get property of non-object ProductsAction.class.php 第 123 行.
[ 2012-01-08T17:03:33-05:00 ] SQL: SELECT ry_products.*, 
														ry_products_lang.plid, ry_products_lang.lang_code, ry_products_lang.name AS lang_name, ry_products_lang.description AS lang_description, 
														ry_region.* FROM `ry_products` LEFT JOIN ry_products_lang ON ry_products.pid = ry_products_lang.pid AND ry_products_lang.lang_code='zh-cn' LEFT JOIN ry_region ON ry_products.location_code = ry_region.region_code AND ry_region.region_lang_code='zh-cn' WHERE ( ry_products.pid = null ) LIMIT 1  [ RunTime:0.000492s ]
[ 2012-01-08T17:04:00-05:00 ] SQL: SHOW COLUMNS FROM `ry_products` [ RunTime:0.004214s ]
[ 2012-01-08T17:04:00-05:00 ] NOTIC: [8] Undefined index: pid ProductsAction.class.php 第 109 行.
[ 2012-01-08T17:04:00-05:00 ] NOTIC: [8] Undefined variable: Page ProductsAction.class.php 第 125 行.
[ 2012-01-08T17:04:00-05:00 ] NOTIC: [8] Trying to get property of non-object ProductsAction.class.php 第 125 行.
[ 2012-01-08T17:04:00-05:00 ] NOTIC: [8] Undefined variable: Page ProductsAction.class.php 第 125 行.
[ 2012-01-08T17:04:00-05:00 ] NOTIC: [8] Trying to get property of non-object ProductsAction.class.php 第 125 行.
[ 2012-01-08T17:04:00-05:00 ] SQL: SELECT * FROM `ry_products` WHERE ( ry_products.pid = null ) LIMIT 1  [ RunTime:0.000411s ]
[ 2012-01-08T17:04:20-05:00 ] SQL: SHOW COLUMNS FROM `ry_products` [ RunTime:0.004064s ]
[ 2012-01-08T17:04:20-05:00 ] NOTIC: [8] Undefined index: pid ProductsAction.class.php 第 109 行.
[ 2012-01-08T17:04:20-05:00 ] SQL: SELECT ry_products.*, 
														ry_products_lang.plid, ry_products_lang.lang_code, ry_products_lang.name AS lang_name, ry_products_lang.description AS lang_description, 
														ry_region.* FROM `ry_products` LEFT JOIN ry_products_lang ON ry_products.pid = ry_products_lang.pid AND ry_products_lang.lang_code='zh-cn' LEFT JOIN ry_region ON ry_products.location_code = ry_region.region_code AND ry_region.region_lang_code='zh-cn' WHERE ( ry_products.pid = null ) LIMIT 1  [ RunTime:0.000463s ]
[ 2012-01-08T17:04:38-05:00 ] SQL: SHOW COLUMNS FROM `ry_products` [ RunTime:0.004105s ]
[ 2012-01-08T17:04:38-05:00 ] SQL: SELECT * FROM `ry_products` WHERE ( ry_products.pid = '6' ) LIMIT 1  [ RunTime:0.000349s ]
[ 2012-01-08T17:06:40-05:00 ] SQL: SHOW COLUMNS FROM `ry_products` [ RunTime:0.004193s ]
[ 2012-01-08T17:06:40-05:00 ] SQL: SELECT * FROM `ry_products` WHERE ( ry_products.pid = '6' ) LIMIT 1  [ RunTime:0.000373s ]
[ 2012-01-08T17:06:59-05:00 ] SQL: SHOW COLUMNS FROM `ry_products` [ RunTime:0.004235s ]
[ 2012-01-08T17:06:59-05:00 ] SQL: SELECT * FROM `ry_products` WHERE ( ry_products.pid = '6' ) LIMIT 1  [ RunTime:0.000382s ]
[ 2012-01-08T17:07:18-05:00 ] SQL: SHOW COLUMNS FROM `ry_products` [ RunTime:0.004142s ]
[ 2012-01-08T17:07:18-05:00 ] SQL: SELECT * FROM `ry_products` WHERE ( ry_products.pid = '1' ) LIMIT 1  [ RunTime:0.000349s ]
[ 2012-01-08T17:07:32-05:00 ] SQL: SHOW COLUMNS FROM `ry_products` [ RunTime:0.004382s ]
[ 2012-01-08T17:07:32-05:00 ] SQL: SHOW COLUMNS FROM `ry_products_cat` [ RunTime:0.004174s ]
[ 2012-01-08T17:07:32-05:00 ] SQL: SELECT * FROM `ry_products_cat` WHERE ( ry_products_cat.parent_id = '0' ) AND ( ry_products_cat.is_show = 1 ) [ RunTime:0.000713s ]
[ 2012-01-08T17:07:32-05:00 ] SQL: SELECT COUNT(*) AS tp_count FROM `ry_products` LEFT JOIN ry_products_lang ON ry_products.pid = ry_products_lang.pid AND ry_products_lang.lang_code='en-us' WHERE ( ry_products.cat_id IN ('0','18','17','8','9','10','11','12','13','14','15','16','19','20','21','22','23','24','25','26','27','28','29','30','31','32','33','34','35','36','37','38','39','40','41','42','43','44','45','46','47','48','67') ) AND ( ry_products.type = 1 ) LIMIT 1  [ RunTime:0.000631s ]
[ 2012-01-08T17:07:32-05:00 ] SQL: SELECT ry_products.*, 
														ry_products_lang.plid, ry_products_lang.lang_code, ry_products_lang.name AS lang_name, ry_products_lang.description AS lang_description, 
														ry_region.* FROM `ry_products` LEFT JOIN ry_products_lang ON ry_products.pid = ry_products_lang.pid AND ry_products_lang.lang_code='en-us' LEFT JOIN ry_region ON ry_products.location_code = ry_region.region_code AND ry_region.region_lang_code='en-us' WHERE ( ry_products.cat_id IN ('0','18','17','8','9','10','11','12','13','14','15','16','19','20','21','22','23','24','25','26','27','28','29','30','31','32','33','34','35','36','37','38','39','40','41','42','43','44','45','46','47','48','67') ) AND ( ry_products.type = 1 ) LIMIT 0,25  [ RunTime:0.000856s ]
[ 2012-01-08T17:08:50-05:00 ] SQL: SHOW COLUMNS FROM `ry_products` [ RunTime:0.004095s ]
[ 2012-01-08T17:08:50-05:00 ] SQL: SELECT ry_products.*, 
														ry_products_lang.plid, ry_products_lang.lang_code, ry_products_lang.name AS lang_name, ry_products_lang.description AS lang_description, 
														ry_region.* FROM `ry_products` LEFT JOIN ry_products_lang ON ry_products.pid = ry_products_lang.pid AND ry_products_lang.lang_code='zh-cn' LEFT JOIN ry_region ON ry_products.location_code = ry_region.region_code AND ry_region.region_lang_code='zh-cn' WHERE ( ry_products.pid = '1' ) LIMIT 1  [ RunTime:0.000559s ]
[ 2012-01-08T17:08:50-05:00 ] NOTIC: [8] Undefined variable: vo ee35a240032da43137b01bc6e6c116e8.php 第 81 行.
[ 2012-01-08T17:09:55-05:00 ] SQL: SHOW COLUMNS FROM `ry_products` [ RunTime:0.004128s ]
[ 2012-01-08T17:09:55-05:00 ] SQL: SHOW COLUMNS FROM `ry_products_cat` [ RunTime:0.004254s ]
[ 2012-01-08T17:09:55-05:00 ] SQL: SELECT * FROM `ry_products_cat` WHERE ( ry_products_cat.parent_id = '0' ) AND ( ry_products_cat.is_show = 1 ) [ RunTime:0.000719s ]
[ 2012-01-08T17:09:55-05:00 ] SQL: SELECT COUNT(*) AS tp_count FROM `ry_products` LEFT JOIN ry_products_lang ON ry_products.pid = ry_products_lang.pid AND ry_products_lang.lang_code='en-us' WHERE ( ry_products.cat_id IN ('0','18','17','8','9','10','11','12','13','14','15','16','19','20','21','22','23','24','25','26','27','28','29','30','31','32','33','34','35','36','37','38','39','40','41','42','43','44','45','46','47','48','67') ) AND ( ry_products.type = 1 ) LIMIT 1  [ RunTime:0.000559s ]
[ 2012-01-08T17:09:55-05:00 ] SQL: SELECT ry_products.*, 
														ry_products_lang.plid, ry_products_lang.lang_code, ry_products_lang.name AS lang_name, ry_products_lang.description AS lang_description, 
														ry_region.* FROM `ry_products` LEFT JOIN ry_products_lang ON ry_products.pid = ry_products_lang.pid AND ry_products_lang.lang_code='en-us' LEFT JOIN ry_region ON ry_products.location_code = ry_region.region_code AND ry_region.region_lang_code='en-us' WHERE ( ry_products.cat_id IN ('0','18','17','8','9','10','11','12','13','14','15','16','19','20','21','22','23','24','25','26','27','28','29','30','31','32','33','34','35','36','37','38','39','40','41','42','43','44','45','46','47','48','67') ) AND ( ry_products.type = 1 ) LIMIT 0,25  [ RunTime:0.000797s ]
[ 2012-01-08T17:09:58-05:00 ] SQL: SHOW COLUMNS FROM `ry_products` [ RunTime:0.004226s ]
[ 2012-01-08T17:09:58-05:00 ] SQL: SELECT ry_products.*, 
														ry_products_lang.plid, ry_products_lang.lang_code, ry_products_lang.name AS lang_name, ry_products_lang.description AS lang_description, 
														ry_region.* FROM `ry_products` LEFT JOIN ry_products_lang ON ry_products.pid = ry_products_lang.pid AND ry_products_lang.lang_code='zh-cn' LEFT JOIN ry_region ON ry_products.location_code = ry_region.region_code AND ry_region.region_lang_code='zh-cn' WHERE ( ry_products.pid = '1' ) LIMIT 1  [ RunTime:0.000598s ]
[ 2012-01-08T17:11:13-05:00 ] SQL: SHOW COLUMNS FROM `ry_products` [ RunTime:0.004282s ]
[ 2012-01-08T17:11:13-05:00 ] SQL: SELECT ry_products.*, 
														ry_products_lang.plid, ry_products_lang.lang_code, ry_products_lang.name AS lang_name, ry_products_lang.description AS lang_description, 
														ry_region.* FROM `ry_products` LEFT JOIN ry_products_lang ON ry_products.pid = ry_products_lang.pid AND ry_products_lang.lang_code='zh-cn' LEFT JOIN ry_region ON ry_products.location_code = ry_region.region_code AND ry_region.region_lang_code='zh-cn' WHERE ( ry_products.pid = '1' ) LIMIT 1  [ RunTime:0.000558s ]
[ 2012-01-08T17:11:13-05:00 ] NOTIC: [8] Undefined variable: vo ee35a240032da43137b01bc6e6c116e8.php 第 84 行.
[ 2012-01-08T17:11:13-05:00 ] NOTIC: [8] Undefined variable: vo ee35a240032da43137b01bc6e6c116e8.php 第 85 行.
[ 2012-01-08T17:11:30-05:00 ] SQL: SHOW COLUMNS FROM `ry_products` [ RunTime:0.004054s ]
[ 2012-01-08T17:11:30-05:00 ] SQL: SELECT ry_products.*, 
														ry_products_lang.plid, ry_products_lang.lang_code, ry_products_lang.name AS lang_name, ry_products_lang.description AS lang_description, 
														ry_region.* FROM `ry_products` LEFT JOIN ry_products_lang ON ry_products.pid = ry_products_lang.pid AND ry_products_lang.lang_code='zh-cn' LEFT JOIN ry_region ON ry_products.location_code = ry_region.region_code AND ry_region.region_lang_code='zh-cn' WHERE ( ry_products.pid = '1' ) LIMIT 1  [ RunTime:0.000537s ]
[ 2012-01-08T17:12:33-05:00 ] SQL: SHOW COLUMNS FROM `ry_products` [ RunTime:0.004101s ]
[ 2012-01-08T17:12:33-05:00 ] SQL: SELECT ry_products.*, 
														ry_products_lang.plid, ry_products_lang.lang_code, ry_products_lang.name AS lang_name, ry_products_lang.description AS lang_description, 
														ry_region.* FROM `ry_products` LEFT JOIN ry_products_lang ON ry_products.pid = ry_products_lang.pid AND ry_products_lang.lang_code='zh-cn' LEFT JOIN ry_region ON ry_products.location_code = ry_region.region_code AND ry_region.region_lang_code='zh-cn' WHERE ( ry_products.pid = '1' ) LIMIT 1  [ RunTime:0.000542s ]
[ 2012-01-08T17:12:40-05:00 ] SQL: SHOW COLUMNS FROM `ry_products` [ RunTime:0.004127s ]
[ 2012-01-08T17:12:40-05:00 ] SQL: SELECT ry_products.*, 
														ry_products_lang.plid, ry_products_lang.lang_code, ry_products_lang.name AS lang_name, ry_products_lang.description AS lang_description, 
														ry_region.* FROM `ry_products` LEFT JOIN ry_products_lang ON ry_products.pid = ry_products_lang.pid AND ry_products_lang.lang_code='zh-cn' LEFT JOIN ry_region ON ry_products.location_code = ry_region.region_code AND ry_region.region_lang_code='zh-cn' WHERE ( ry_products.pid = '6' ) LIMIT 1  [ RunTime:0.000521s ]
[ 2012-01-08T17:13:27-05:00 ] SQL: SHOW COLUMNS FROM `ry_products` [ RunTime:0.004050s ]
[ 2012-01-08T17:13:27-05:00 ] SQL: SELECT ry_products.*, 
														ry_products_lang.plid, ry_products_lang.lang_code, ry_products_lang.name AS lang_name, ry_products_lang.description AS lang_description, 
														ry_region.* FROM `ry_products` LEFT JOIN ry_products_lang ON ry_products.pid = ry_products_lang.pid AND ry_products_lang.lang_code='zh-cn' LEFT JOIN ry_region ON ry_products.location_code = ry_region.region_code AND ry_region.region_lang_code='zh-cn' WHERE ( ry_products.pid = '6' ) LIMIT 1  [ RunTime:0.000677s ]
[ 2012-01-08T17:18:38-05:00 ] SQL: SHOW COLUMNS FROM `ry_products` [ RunTime:0.004095s ]
[ 2012-01-08T17:18:38-05:00 ] SQL: SHOW COLUMNS FROM `ry_products_cat` [ RunTime:0.003760s ]
[ 2012-01-08T17:18:38-05:00 ] SQL: SELECT * FROM `ry_products_cat` WHERE ( ry_products_cat.parent_id = '0' ) AND ( ry_products_cat.is_show = 1 ) [ RunTime:0.000699s ]
[ 2012-01-08T17:18:38-05:00 ] SQL: SELECT COUNT(*) AS tp_count FROM `ry_products` LEFT JOIN ry_products_lang ON ry_products.pid = ry_products_lang.pid AND ry_products_lang.lang_code='en-us' WHERE ( ry_products.cat_id IN ('0','18','17','8','9','10','11','12','13','14','15','16','19','20','21','22','23','24','25','26','27','28','29','30','31','32','33','34','35','36','37','38','39','40','41','42','43','44','45','46','47','48','67') ) AND ( ry_products.type = 1 ) LIMIT 1  [ RunTime:0.000573s ]
[ 2012-01-08T17:18:38-05:00 ] SQL: SELECT ry_products.*, 
														ry_products_lang.plid, ry_products_lang.lang_code, ry_products_lang.name AS lang_name, ry_products_lang.description AS lang_description, 
														ry_region.* FROM `ry_products` LEFT JOIN ry_products_lang ON ry_products.pid = ry_products_lang.pid AND ry_products_lang.lang_code='en-us' LEFT JOIN ry_region ON ry_products.location_code = ry_region.region_code AND ry_region.region_lang_code='en-us' WHERE ( ry_products.cat_id IN ('0','18','17','8','9','10','11','12','13','14','15','16','19','20','21','22','23','24','25','26','27','28','29','30','31','32','33','34','35','36','37','38','39','40','41','42','43','44','45','46','47','48','67') ) AND ( ry_products.type = 1 ) LIMIT 0,25  [ RunTime:0.000943s ]
[ 2012-01-08T17:18:40-05:00 ] SQL: SHOW COLUMNS FROM `ry_products` [ RunTime:0.004082s ]
[ 2012-01-08T17:18:40-05:00 ] SQL: SHOW COLUMNS FROM `ry_products_cat` [ RunTime:0.003814s ]
[ 2012-01-08T17:18:40-05:00 ] SQL: SELECT * FROM `ry_products_cat` WHERE ( ry_products_cat.parent_id = '0' ) AND ( ry_products_cat.is_show = 1 ) [ RunTime:0.000730s ]
[ 2012-01-08T17:18:40-05:00 ] SQL: SELECT COUNT(*) AS tp_count FROM `ry_products` LEFT JOIN ry_products_lang ON ry_products.pid = ry_products_lang.pid AND ry_products_lang.lang_code='en-us' WHERE ( ry_products.cat_id IN ('0','18','17','8','9','10','11','12','13','14','15','16','19','20','21','22','23','24','25','26','27','28','29','30','31','32','33','34','35','36','37','38','39','40','41','42','43','44','45','46','47','48','67') ) AND ( ry_products.type = 1 ) LIMIT 1  [ RunTime:0.000631s ]
[ 2012-01-08T17:18:40-05:00 ] SQL: SELECT ry_products.*, 
														ry_products_lang.plid, ry_products_lang.lang_code, ry_products_lang.name AS lang_name, ry_products_lang.description AS lang_description, 
														ry_region.* FROM `ry_products` LEFT JOIN ry_products_lang ON ry_products.pid = ry_products_lang.pid AND ry_products_lang.lang_code='en-us' LEFT JOIN ry_region ON ry_products.location_code = ry_region.region_code AND ry_region.region_lang_code='en-us' WHERE ( ry_products.cat_id IN ('0','18','17','8','9','10','11','12','13','14','15','16','19','20','21','22','23','24','25','26','27','28','29','30','31','32','33','34','35','36','37','38','39','40','41','42','43','44','45','46','47','48','67') ) AND ( ry_products.type = 1 ) LIMIT 0,25  [ RunTime:0.000806s ]
[ 2012-01-08T17:20:42-05:00 ] SQL: SHOW COLUMNS FROM `ry_products` [ RunTime:0.004073s ]
[ 2012-01-08T17:20:42-05:00 ] SQL: SHOW COLUMNS FROM `ry_products_cat` [ RunTime:0.003705s ]
[ 2012-01-08T17:20:42-05:00 ] SQL: SELECT * FROM `ry_products_cat` WHERE ( ry_products_cat.parent_id = '0' ) AND ( ry_products_cat.is_show = 1 ) [ RunTime:0.000824s ]
[ 2012-01-08T17:20:42-05:00 ] SQL: SELECT COUNT(*) AS tp_count FROM `ry_products` LEFT JOIN ry_products_lang ON ry_products.pid = ry_products_lang.pid AND ry_products_lang.lang_code='en-us' WHERE ( ry_products.cat_id IN ('0','18','17','8','9','10','11','12','13','14','15','16','19','20','21','22','23','24','25','26','27','28','29','30','31','32','33','34','35','36','37','38','39','40','41','42','43','44','45','46','47','48','67') ) AND ( ry_products.type = 1 ) LIMIT 1  [ RunTime:0.000687s ]
[ 2012-01-08T17:20:42-05:00 ] SQL: SELECT ry_products.*, 
														ry_products_lang.plid, ry_products_lang.lang_code, ry_products_lang.name AS lang_name, ry_products_lang.description AS lang_description, 
														ry_region.* FROM `ry_products` LEFT JOIN ry_products_lang ON ry_products.pid = ry_products_lang.pid AND ry_products_lang.lang_code='en-us' LEFT JOIN ry_region ON ry_products.location_code = ry_region.region_code AND ry_region.region_lang_code='en-us' WHERE ( ry_products.cat_id IN ('0','18','17','8','9','10','11','12','13','14','15','16','19','20','21','22','23','24','25','26','27','28','29','30','31','32','33','34','35','36','37','38','39','40','41','42','43','44','45','46','47','48','67') ) AND ( ry_products.type = 1 ) LIMIT 0,25  [ RunTime:0.002021s ]
[ 2012-01-08T17:20:49-05:00 ] SQL: SHOW COLUMNS FROM `ry_products` [ RunTime:0.004268s ]
[ 2012-01-08T17:20:49-05:00 ] SQL: SELECT ry_products.*, 
														ry_products_lang.plid, ry_products_lang.lang_code, ry_products_lang.name AS lang_name, ry_products_lang.description AS lang_description, 
														ry_region.* FROM `ry_products` LEFT JOIN ry_products_lang ON ry_products.pid = ry_products_lang.pid AND ry_products_lang.lang_code='zh-cn' LEFT JOIN ry_region ON ry_products.location_code = ry_region.region_code AND ry_region.region_lang_code='zh-cn' WHERE ( ry_products.pid = '6' ) LIMIT 1  [ RunTime:0.000527s ]
[ 2012-01-08T17:21:36-05:00 ] SQL: SHOW COLUMNS FROM `ry_products` [ RunTime:0.004320s ]
[ 2012-01-08T17:21:36-05:00 ] SQL: SELECT ry_products.*, 
														ry_products_lang.plid, ry_products_lang.lang_code, ry_products_lang.name AS lang_name, ry_products_lang.description AS lang_description, 
														ry_region.* FROM `ry_products` LEFT JOIN ry_products_lang ON ry_products.pid = ry_products_lang.pid AND ry_products_lang.lang_code='zh-cn' LEFT JOIN ry_region ON ry_products.location_code = ry_region.region_code AND ry_region.region_lang_code='zh-cn' WHERE ( ry_products.pid = '6' ) LIMIT 1  [ RunTime:0.000538s ]
[ 2012-01-08T17:23:14-05:00 ] SQL: SHOW COLUMNS FROM `ry_products` [ RunTime:0.004110s ]
[ 2012-01-08T17:23:14-05:00 ] SQL: SELECT ry_products.*, 
														ry_products_lang.plid, ry_products_lang.lang_code, ry_products_lang.name AS lang_name, ry_products_lang.description AS lang_description, 
														ry_region.* FROM `ry_products` LEFT JOIN ry_products_lang ON ry_products.pid = ry_products_lang.pid AND ry_products_lang.lang_code='zh-cn' LEFT JOIN ry_region ON ry_products.location_code = ry_region.region_code AND ry_region.region_lang_code='zh-cn' WHERE ( ry_products.pid = '6' ) LIMIT 1  [ RunTime:0.000522s ]
[ 2012-01-08T17:46:45-05:00 ] SQL: SHOW COLUMNS FROM `ry_products` [ RunTime:0.004948s ]
[ 2012-01-08T17:46:45-05:00 ] SQL: SELECT ry_products.*, 
														ry_products_lang.plid, ry_products_lang.lang_code, ry_products_lang.name AS lang_name, ry_products_lang.description AS lang_description, 
														ry_region.* FROM `ry_products` LEFT JOIN ry_products_lang ON ry_products.pid = ry_products_lang.pid AND ry_products_lang.lang_code='zh-cn' LEFT JOIN ry_region ON ry_products.location_code = ry_region.region_code AND ry_region.region_lang_code='zh-cn' WHERE ( ry_products.pid = '6' ) LIMIT 1  [ RunTime:0.000707s ]
[ 2012-01-08T17:47:22-05:00 ] SQL: SHOW COLUMNS FROM `ry_products` [ RunTime:0.004047s ]
[ 2012-01-08T17:47:22-05:00 ] SQL: SELECT ry_products.*, 
														ry_products_lang.plid, ry_products_lang.lang_code, ry_products_lang.name AS lang_name, ry_products_lang.description AS lang_description, 
														ry_region.* FROM `ry_products` LEFT JOIN ry_products_lang ON ry_products.pid = ry_products_lang.pid AND ry_products_lang.lang_code='zh-cn' LEFT JOIN ry_region ON ry_products.location_code = ry_region.region_code AND ry_region.region_lang_code='zh-cn' WHERE ( ry_products.pid = '6' ) LIMIT 1  [ RunTime:0.000633s ]
[ 2012-01-08T17:47:22-05:00 ] NOTIC: [8] Undefined variable: image ee35a240032da43137b01bc6e6c116e8.php 第 91 行.
[ 2012-01-08T17:47:31-05:00 ] SQL: SHOW COLUMNS FROM `ry_products` [ RunTime:0.004846s ]
[ 2012-01-08T17:47:31-05:00 ] SQL: SELECT ry_products.*, 
														ry_products_lang.plid, ry_products_lang.lang_code, ry_products_lang.name AS lang_name, ry_products_lang.description AS lang_description, 
														ry_region.* FROM `ry_products` LEFT JOIN ry_products_lang ON ry_products.pid = ry_products_lang.pid AND ry_products_lang.lang_code='zh-cn' LEFT JOIN ry_region ON ry_products.location_code = ry_region.region_code AND ry_region.region_lang_code='zh-cn' WHERE ( ry_products.pid = '6' ) LIMIT 1  [ RunTime:0.000593s ]
[ 2012-01-08T17:47:31-05:00 ] NOTIC: [8] Undefined variable: image ee35a240032da43137b01bc6e6c116e8.php 第 91 行.
[ 2012-01-08T17:47:44-05:00 ] SQL: SHOW COLUMNS FROM `ry_products` [ RunTime:0.004218s ]
[ 2012-01-08T17:47:44-05:00 ] SQL: SELECT ry_products.*, 
														ry_products_lang.plid, ry_products_lang.lang_code, ry_products_lang.name AS lang_name, ry_products_lang.description AS lang_description, 
														ry_region.* FROM `ry_products` LEFT JOIN ry_products_lang ON ry_products.pid = ry_products_lang.pid AND ry_products_lang.lang_code='zh-cn' LEFT JOIN ry_region ON ry_products.location_code = ry_region.region_code AND ry_region.region_lang_code='zh-cn' WHERE ( ry_products.pid = '6' ) LIMIT 1  [ RunTime:0.000585s ]
[ 2012-01-08T17:48:04-05:00 ] SQL: SHOW COLUMNS FROM `ry_products` [ RunTime:0.010226s ]
[ 2012-01-08T17:48:04-05:00 ] SQL: SELECT ry_products.*, 
														ry_products_lang.plid, ry_products_lang.lang_code, ry_products_lang.name AS lang_name, ry_products_lang.description AS lang_description, 
														ry_region.* FROM `ry_products` LEFT JOIN ry_products_lang ON ry_products.pid = ry_products_lang.pid AND ry_products_lang.lang_code='zh-cn' LEFT JOIN ry_region ON ry_products.location_code = ry_region.region_code AND ry_region.region_lang_code='zh-cn' WHERE ( ry_products.pid = '6' ) LIMIT 1  [ RunTime:0.000532s ]
[ 2012-01-08T17:48:58-05:00 ] SQL: SHOW COLUMNS FROM `ry_products` [ RunTime:0.007414s ]
[ 2012-01-08T17:48:58-05:00 ] SQL: SELECT ry_products.*, 
														ry_products_lang.plid, ry_products_lang.lang_code, ry_products_lang.name AS lang_name, ry_products_lang.description AS lang_description, 
														ry_region.* FROM `ry_products` LEFT JOIN ry_products_lang ON ry_products.pid = ry_products_lang.pid AND ry_products_lang.lang_code='zh-cn' LEFT JOIN ry_region ON ry_products.location_code = ry_region.region_code AND ry_region.region_lang_code='zh-cn' WHERE ( ry_products.pid = '1' ) LIMIT 1  [ RunTime:0.000583s ]
[ 2012-01-08T17:49:07-05:00 ] SQL: SHOW COLUMNS FROM `ry_products` [ RunTime:0.004515s ]
[ 2012-01-08T17:49:07-05:00 ] SQL: SELECT ry_products.*, 
														ry_products_lang.plid, ry_products_lang.lang_code, ry_products_lang.name AS lang_name, ry_products_lang.description AS lang_description, 
														ry_region.* FROM `ry_products` LEFT JOIN ry_products_lang ON ry_products.pid = ry_products_lang.pid AND ry_products_lang.lang_code='zh-cn' LEFT JOIN ry_region ON ry_products.location_code = ry_region.region_code AND ry_region.region_lang_code='zh-cn' WHERE ( ry_products.pid = '6' ) LIMIT 1  [ RunTime:0.000676s ]
[ 2012-01-08T17:57:16-05:00 ] SQL: SHOW COLUMNS FROM `ry_products` [ RunTime:0.005705s ]
[ 2012-01-08T17:57:16-05:00 ] SQL: SELECT ry_products.*, 
														ry_products_lang.plid, ry_products_lang.lang_code, ry_products_lang.name AS lang_name, ry_products_lang.description AS lang_description, 
														ry_region.* FROM `ry_products` LEFT JOIN ry_products_lang ON ry_products.pid = ry_products_lang.pid AND ry_products_lang.lang_code='zh-cn' LEFT JOIN ry_region ON ry_products.location_code = ry_region.region_code AND ry_region.region_lang_code='zh-cn' WHERE ( ry_products.pid = '6' ) LIMIT 1  [ RunTime:0.002681s ]
[ 2012-01-08T19:29:50-05:00 ] SQL: SHOW COLUMNS FROM `ry_products` [ RunTime:0.005162s ]
[ 2012-01-08T19:29:50-05:00 ] SQL: SELECT ry_products.*, 
														ry_products_lang.plid, ry_products_lang.lang_code, ry_products_lang.name AS lang_name, ry_products_lang.description AS lang_description, 
														ry_region.* FROM `ry_products` LEFT JOIN ry_products_lang ON ry_products.pid = ry_products_lang.pid AND ry_products_lang.lang_code='zh-cn' LEFT JOIN ry_region ON ry_products.location_code = ry_region.region_code AND ry_region.region_lang_code='zh-cn' WHERE ( ry_products.pid = '1' ) LIMIT 1  [ RunTime:0.002761s ]
