[ 2012-01-26T21:50:38-05:00 ] SQL: SHOW COLUMNS FROM `ry_region` [ RunTime:0.060271s ]
[ 2012-01-26T21:50:38-05:00 ] SQL: SELECT * FROM `ry_region` WHERE ( `region_lang_code` = 'en-us' ) [ RunTime:0.007587s ]
[ 2012-01-26T21:50:38-05:00 ] SQL: SHOW COLUMNS FROM `ry_products_cat` [ RunTime:0.033044s ]
[ 2012-01-26T21:50:38-05:00 ] SQL: SELECT ry_products_cat.*, ry_products_cat_lang.catlang_id, ry_products_cat_lang.lang_code AS cat_lang_code, 
							ry_products_cat_lang.lang_name AS cat_lang_name, ry_products_cat_lang.cat_name AS cat_name_with_lang FROM `ry_products_cat` LEFT JOIN ry_products_cat_lang on ry_products_cat_lang.cat_id = ry_products_cat.cat_id AND ry_products_cat_lang.lang_code ='zh-cn' [ RunTime:0.048725s ]
[ 2012-01-26T21:50:38-05:00 ] NOTIC: [8] Undefined index: user IndexAction.class.php 第 61 行.
[ 2012-01-26T21:50:39-05:00 ] NOTIC: [8] Undefined variable: msg 6f9ff6e3cd1727a9c4c714dfe3682b60.php 第 27 行.
[ 2012-01-26T21:50:39-05:00 ] NOTIC: [8] Undefined index: keywords 6f9ff6e3cd1727a9c4c714dfe3682b60.php 第 55 行.
[ 2012-01-26T21:50:39-05:00 ] NOTIC: [8] Undefined index: region 6f9ff6e3cd1727a9c4c714dfe3682b60.php 第 59 行.
[ 2012-01-26T21:50:39-05:00 ] NOTIC: [8] Undefined index: region 6f9ff6e3cd1727a9c4c714dfe3682b60.php 第 59 行.
[ 2012-01-26T21:50:57-05:00 ] SQL: SHOW COLUMNS FROM `ry_users` [ RunTime:0.030002s ]
[ 2012-01-26T21:51:01-05:00 ] SQL: SHOW COLUMNS FROM `ry_users` [ RunTime:0.004033s ]
[ 2012-01-26T21:51:01-05:00 ] SQL: SELECT COUNT(*) AS tp_count FROM `ry_users` WHERE ( `user_name` = 'admin' ) AND ( `user_password` = 'e10adc3949ba59abbe56e057f20f883e' ) LIMIT 1  [ RunTime:0.016808s ]
[ 2012-01-26T21:51:01-05:00 ] SQL: SELECT * FROM `ry_users` WHERE ( `user_name` = 'admin' ) AND ( `user_password` = 'e10adc3949ba59abbe56e057f20f883e' ) LIMIT 1  [ RunTime:0.000397s ]
[ 2012-01-26T21:51:02-05:00 ] SQL: SHOW COLUMNS FROM `ry_region` [ RunTime:0.071252s ]
[ 2012-01-26T21:51:02-05:00 ] SQL: SELECT * FROM `ry_region` WHERE ( `region_lang_code` = 'en-us' ) [ RunTime:0.000368s ]
[ 2012-01-26T21:51:02-05:00 ] SQL: SHOW COLUMNS FROM `ry_products_cat` [ RunTime:0.003755s ]
[ 2012-01-26T21:51:02-05:00 ] SQL: SELECT ry_products_cat.*, ry_products_cat_lang.catlang_id, ry_products_cat_lang.lang_code AS cat_lang_code, 
							ry_products_cat_lang.lang_name AS cat_lang_name, ry_products_cat_lang.cat_name AS cat_name_with_lang FROM `ry_products_cat` LEFT JOIN ry_products_cat_lang on ry_products_cat_lang.cat_id = ry_products_cat.cat_id AND ry_products_cat_lang.lang_code ='zh-cn' [ RunTime:0.000752s ]
[ 2012-01-26T21:51:02-05:00 ] NOTIC: [8] Undefined variable: msg 6f9ff6e3cd1727a9c4c714dfe3682b60.php 第 27 行.
[ 2012-01-26T21:51:02-05:00 ] NOTIC: [8] Undefined index: keywords 6f9ff6e3cd1727a9c4c714dfe3682b60.php 第 55 行.
[ 2012-01-26T21:51:02-05:00 ] NOTIC: [8] Undefined index: region 6f9ff6e3cd1727a9c4c714dfe3682b60.php 第 59 行.
[ 2012-01-26T21:51:02-05:00 ] NOTIC: [8] Undefined index: region 6f9ff6e3cd1727a9c4c714dfe3682b60.php 第 59 行.
[ 2012-01-26T21:51:02-05:00 ] SQL: SHOW COLUMNS FROM `ry_region` [ RunTime:0.003594s ]
[ 2012-01-26T21:51:02-05:00 ] SQL: SELECT * FROM `ry_region` WHERE ( `region_lang_code` = 'en-us' ) [ RunTime:0.000352s ]
[ 2012-01-26T21:51:02-05:00 ] SQL: SHOW COLUMNS FROM `ry_products_cat` [ RunTime:0.004162s ]
[ 2012-01-26T21:51:02-05:00 ] SQL: SELECT ry_products_cat.*, ry_products_cat_lang.catlang_id, ry_products_cat_lang.lang_code AS cat_lang_code, 
							ry_products_cat_lang.lang_name AS cat_lang_name, ry_products_cat_lang.cat_name AS cat_name_with_lang FROM `ry_products_cat` LEFT JOIN ry_products_cat_lang on ry_products_cat_lang.cat_id = ry_products_cat.cat_id AND ry_products_cat_lang.lang_code ='zh-cn' [ RunTime:0.000848s ]
[ 2012-01-26T21:51:02-05:00 ] NOTIC: [8] Undefined variable: msg 6f9ff6e3cd1727a9c4c714dfe3682b60.php 第 27 行.
[ 2012-01-26T21:51:02-05:00 ] NOTIC: [8] Undefined index: keywords 6f9ff6e3cd1727a9c4c714dfe3682b60.php 第 55 行.
[ 2012-01-26T21:51:02-05:00 ] NOTIC: [8] Undefined index: region 6f9ff6e3cd1727a9c4c714dfe3682b60.php 第 59 行.
[ 2012-01-26T21:51:02-05:00 ] NOTIC: [8] Undefined index: region 6f9ff6e3cd1727a9c4c714dfe3682b60.php 第 59 行.
[ 2012-01-26T23:08:01-05:00 ] SQL: SHOW COLUMNS FROM `ry_region` [ RunTime:0.004506s ]
[ 2012-01-26T23:08:01-05:00 ] SQL: SELECT * FROM `ry_region` WHERE ( `region_lang_code` = 'en-us' ) [ RunTime:0.000338s ]
[ 2012-01-26T23:08:01-05:00 ] SQL: SHOW COLUMNS FROM `ry_products_cat` [ RunTime:0.004418s ]
[ 2012-01-26T23:08:01-05:00 ] SQL: SELECT ry_products_cat.*, ry_products_cat_lang.catlang_id, ry_products_cat_lang.lang_code AS cat_lang_code, 
							ry_products_cat_lang.lang_name AS cat_lang_name, ry_products_cat_lang.cat_name AS cat_name_with_lang FROM `ry_products_cat` LEFT JOIN ry_products_cat_lang on ry_products_cat_lang.cat_id = ry_products_cat.cat_id AND ry_products_cat_lang.lang_code ='en-us' [ RunTime:0.001812s ]
[ 2012-01-26T23:08:01-05:00 ] NOTIC: [8] Undefined variable: msg 6f9ff6e3cd1727a9c4c714dfe3682b60.php 第 27 行.
[ 2012-01-26T23:08:01-05:00 ] NOTIC: [8] Undefined index: keywords 6f9ff6e3cd1727a9c4c714dfe3682b60.php 第 55 行.
[ 2012-01-26T23:08:01-05:00 ] NOTIC: [8] Undefined index: region 6f9ff6e3cd1727a9c4c714dfe3682b60.php 第 59 行.
[ 2012-01-26T23:08:01-05:00 ] NOTIC: [8] Undefined index: region 6f9ff6e3cd1727a9c4c714dfe3682b60.php 第 59 行.
[ 2012-01-26T23:08:04-05:00 ] SQL: SHOW COLUMNS FROM `ry_region` [ RunTime:0.003546s ]
[ 2012-01-26T23:08:04-05:00 ] SQL: SELECT * FROM `ry_region` WHERE ( `region_lang_code` = 'en-us' ) [ RunTime:0.000311s ]
[ 2012-01-26T23:08:04-05:00 ] SQL: SHOW COLUMNS FROM `ry_products_cat` [ RunTime:0.003439s ]
[ 2012-01-26T23:08:04-05:00 ] SQL: SELECT ry_products_cat.*, ry_products_cat_lang.catlang_id, ry_products_cat_lang.lang_code AS cat_lang_code, 
							ry_products_cat_lang.lang_name AS cat_lang_name, ry_products_cat_lang.cat_name AS cat_name_with_lang FROM `ry_products_cat` LEFT JOIN ry_products_cat_lang on ry_products_cat_lang.cat_id = ry_products_cat.cat_id AND ry_products_cat_lang.lang_code ='en-us' [ RunTime:0.000758s ]
[ 2012-01-26T23:08:04-05:00 ] SQL: SHOW COLUMNS FROM `ry_products` [ RunTime:0.004757s ]
[ 2012-01-26T23:08:04-05:00 ] SQL: SELECT * FROM `ry_products_cat` WHERE ( ry_products_cat.parent_id = '18' ) AND ( ry_products_cat.is_show = 1 ) [ RunTime:0.000309s ]
[ 2012-01-26T23:08:04-05:00 ] NOTIC: [2] Invalid argument supplied for foreach() ProductsAction.class.php 第 43 行.
[ 2012-01-26T23:08:04-05:00 ] SQL: SELECT COUNT(*) AS tp_count FROM `ry_products` LEFT JOIN ry_products_lang ON ry_products.pid = ry_products_lang.pid AND ry_products_lang.lang_code='en-us' WHERE ( ry_products.cat_id IN ('18') ) LIMIT 1  [ RunTime:0.001621s ]
[ 2012-01-26T23:08:04-05:00 ] SQL: SELECT ry_products.*, 
														ry_products_lang.plid, ry_products_lang.lang_code, ry_products_lang.name AS lang_name, ry_products_lang.description AS lang_description, 
														ry_region.* FROM `ry_products` LEFT JOIN ry_products_lang ON ry_products.pid = ry_products_lang.pid AND ry_products_lang.lang_code='en-us' LEFT JOIN ry_region ON ry_products.location_code = ry_region.region_code AND ry_region.region_lang_code='en-us' WHERE ( ry_products.cat_id IN ('18') ) LIMIT 0,25  [ RunTime:0.000555s ]
[ 2012-01-26T23:08:05-05:00 ] NOTIC: [8] Undefined index: keywords 47fffc74fd18721d6e2cb32f43ee1c3d.php 第 55 行.
[ 2012-01-26T23:08:05-05:00 ] NOTIC: [8] Undefined index: region 47fffc74fd18721d6e2cb32f43ee1c3d.php 第 59 行.
[ 2012-01-26T23:08:05-05:00 ] NOTIC: [8] Undefined index: region 47fffc74fd18721d6e2cb32f43ee1c3d.php 第 59 行.
[ 2012-01-26T23:08:05-05:00 ] NOTIC: [8] Undefined index: name 47fffc74fd18721d6e2cb32f43ee1c3d.php 第 160 行.
