[ 2012-01-02T15:00:15-05:00 ] SQL: SHOW COLUMNS FROM `ry_page` [ RunTime:0.003750s ]
[ 2012-01-02T15:00:15-05:00 ] SQL: SELECT tb_page.*, ry_page_lang.page_lang_id FROM `ry_page` LEFT JOIN tb_page_lang on (ry_page.page_id = ry_page_lang.page_id)  WHERE ( `page_id` = '1' ) LIMIT 1  [ RunTime:0.000391s ]
[ 2012-01-02T15:00:16-05:00 ] NOTIC: [8] Undefined index: zh-cn f1168e1a70762ad5ec3a227d9624f41f.php 第 31 行.
[ 2012-01-02T15:00:32-05:00 ] SQL: SHOW COLUMNS FROM `ry_page` [ RunTime:0.003668s ]
[ 2012-01-02T15:00:32-05:00 ] SQL: SELECT tb_page.*, ry_page_lang.page_lang_id FROM `ry_page` LEFT JOIN tb_page_lang on (ry_page.page_id = ry_page_lang.page_id)  WHERE ( `page_id` = '1' ) LIMIT 1  [ RunTime:0.000385s ]
[ 2012-01-02T15:00:32-05:00 ] NOTIC: [8] Undefined index: zh-cn f1168e1a70762ad5ec3a227d9624f41f.php 第 31 行.
[ 2012-01-02T15:00:33-05:00 ] SQL: SHOW COLUMNS FROM `ry_page` [ RunTime:0.003666s ]
[ 2012-01-02T15:00:33-05:00 ] SQL: SELECT tb_page.*, ry_page_lang.page_lang_id FROM `ry_page` LEFT JOIN tb_page_lang on (ry_page.page_id = ry_page_lang.page_id)  WHERE ( `page_id` = '1' ) LIMIT 1  [ RunTime:0.000396s ]
[ 2012-01-02T15:00:33-05:00 ] NOTIC: [8] Undefined index: zh-cn f1168e1a70762ad5ec3a227d9624f41f.php 第 31 行.
[ 2012-01-02T15:00:50-05:00 ] SQL: SHOW COLUMNS FROM `ry_page` [ RunTime:0.003793s ]
[ 2012-01-02T15:00:51-05:00 ] NOTIC: [8] Undefined index: zh-cn f1168e1a70762ad5ec3a227d9624f41f.php 第 31 行.
[ 2012-01-02T15:00:51-05:00 ] NOTIC: [8] Undefined index: tb_page f1168e1a70762ad5ec3a227d9624f41f.php 第 78 行.
[ 2012-01-02T15:00:51-05:00 ] NOTIC: [8] Undefined index: tb_page f1168e1a70762ad5ec3a227d9624f41f.php 第 80 行.
[ 2012-01-02T15:00:56-05:00 ] SQL: SHOW COLUMNS FROM `ry_page` [ RunTime:0.004197s ]
[ 2012-01-02T15:00:56-05:00 ] SQL: SELECT tb_page.*, ry_page_lang.page_lang_id FROM `ry_page` LEFT JOIN tb_page_lang on (ry_page.page_id = ry_page_lang.page_id)  WHERE ( `page_id` = '1' ) LIMIT 1  [ RunTime:0.000454s ]
[ 2012-01-02T15:00:56-05:00 ] NOTIC: [8] Undefined index: zh-cn f1168e1a70762ad5ec3a227d9624f41f.php 第 31 行.
[ 2012-01-02T15:01:23-05:00 ] SQL: SHOW COLUMNS FROM `ry_page` [ RunTime:0.003781s ]
[ 2012-01-02T15:01:23-05:00 ] SQL: SELECT tb_page.*, ry_page_lang.page_lang_id FROM `ry_page` LEFT JOIN ry_page_lang on (ry_page.page_id = ry_page_lang.page_id)  WHERE ( `page_id` = '1' ) LIMIT 1  [ RunTime:0.000345s ]
[ 2012-01-02T15:01:23-05:00 ] NOTIC: [8] Undefined index: zh-cn f1168e1a70762ad5ec3a227d9624f41f.php 第 31 行.
[ 2012-01-02T15:01:25-05:00 ] SQL: SHOW COLUMNS FROM `ry_page` [ RunTime:0.004023s ]
[ 2012-01-02T15:01:25-05:00 ] SQL: SELECT tb_page.*, ry_page_lang.page_lang_id FROM `ry_page` LEFT JOIN ry_page_lang on (ry_page.page_id = ry_page_lang.page_id)  WHERE ( `page_id` = '1' ) LIMIT 1  [ RunTime:0.000220s ]
[ 2012-01-02T15:01:25-05:00 ] NOTIC: [8] Undefined index: zh-cn f1168e1a70762ad5ec3a227d9624f41f.php 第 31 行.
[ 2012-01-02T15:01:59-05:00 ] SQL: SHOW COLUMNS FROM `ry_page` [ RunTime:0.004019s ]
[ 2012-01-02T15:01:59-05:00 ] SQL: SELECT tb_page.* FROM `ry_page` LEFT JOIN ry_page_lang on (ry_page.page_id = ry_page_lang.page_id)  WHERE ( `page_id` = '1' ) LIMIT 1  [ RunTime:0.000250s ]
[ 2012-01-02T15:01:59-05:00 ] NOTIC: [8] Undefined index: zh-cn f1168e1a70762ad5ec3a227d9624f41f.php 第 31 行.
[ 2012-01-02T15:02:17-05:00 ] SQL: SHOW COLUMNS FROM `ry_page` [ RunTime:0.003853s ]
[ 2012-01-02T15:02:17-05:00 ] SQL: SELECT tb_page.*, ry_page_lang.* FROM `ry_page` LEFT JOIN ry_page_lang ON(ry_page.page_id = ry_page_lang.page_id)  WHERE ( `page_id` = '1' ) LIMIT 1  [ RunTime:0.000230s ]
[ 2012-01-02T15:02:17-05:00 ] NOTIC: [8] Undefined index: zh-cn f1168e1a70762ad5ec3a227d9624f41f.php 第 31 行.
[ 2012-01-02T15:02:20-05:00 ] SQL: SHOW COLUMNS FROM `ry_page` [ RunTime:0.003930s ]
[ 2012-01-02T15:02:20-05:00 ] SQL: SELECT tb_page.*, ry_page_lang.* FROM `ry_page` LEFT JOIN ry_page_lang ON(ry_page.page_id = ry_page_lang.page_id)  WHERE ( `page_id` = '1' ) LIMIT 1  [ RunTime:0.000252s ]
[ 2012-01-02T15:02:20-05:00 ] NOTIC: [8] Undefined index: zh-cn f1168e1a70762ad5ec3a227d9624f41f.php 第 31 行.
[ 2012-01-02T15:23:36-05:00 ] SQL: SHOW COLUMNS FROM `ry_page` [ RunTime:0.004273s ]
[ 2012-01-02T15:23:36-05:00 ] SQL: SELECT * FROM `ry_page` WHERE ( `page_id` = '1' ) LIMIT 1  [ RunTime:0.000395s ]
[ 2012-01-02T15:23:36-05:00 ] NOTIC: [8] Undefined index: zh-cn f1168e1a70762ad5ec3a227d9624f41f.php 第 31 行.
[ 2012-01-02T15:23:49-05:00 ] SQL: SHOW COLUMNS FROM `ry_page` [ RunTime:0.003957s ]
[ 2012-01-02T15:23:49-05:00 ] SQL: SELECT ry_page.*, ry_page_lang.* FROM `ry_page` LEFT JOIN ry_page_lang ON(ry_page.page_id = ry_page_lang.page_id)  WHERE ( `page_id` = '1' ) LIMIT 1  [ RunTime:0.000220s ]
[ 2012-01-02T15:23:49-05:00 ] NOTIC: [8] Undefined index: zh-cn f1168e1a70762ad5ec3a227d9624f41f.php 第 31 行.
[ 2012-01-02T15:24:19-05:00 ] SQL: SHOW COLUMNS FROM `ry_page` [ RunTime:0.003726s ]
[ 2012-01-02T15:24:19-05:00 ] SQL: SELECT * FROM `ry_page` LEFT JOIN ry_page_lang ON(ry_page.page_id = ry_page_lang.page_id)  WHERE ( `page_id` = '1' ) LIMIT 1  [ RunTime:0.000215s ]
[ 2012-01-02T15:24:19-05:00 ] NOTIC: [8] Undefined index: zh-cn f1168e1a70762ad5ec3a227d9624f41f.php 第 31 行.
[ 2012-01-02T15:24:29-05:00 ] SQL: SHOW COLUMNS FROM `ry_page` [ RunTime:0.003882s ]
[ 2012-01-02T15:24:29-05:00 ] SQL: SELECT ry_page.*, ry_page_lang.* FROM `ry_page` LEFT JOIN ry_page_lang   WHERE ( `page_id` = '1' ) LIMIT 1  [ RunTime:0.000195s ]
[ 2012-01-02T15:24:29-05:00 ] NOTIC: [8] Undefined index: zh-cn f1168e1a70762ad5ec3a227d9624f41f.php 第 31 行.
[ 2012-01-02T15:26:16-05:00 ] SQL: SHOW COLUMNS FROM `ry_page` [ RunTime:0.004015s ]
[ 2012-01-02T15:26:16-05:00 ] SQL: SELECT ry_page.*, ry_page_lang.* FROM `ry_page` LEFT JOIN ry_page_lang ON(ry_page.page_id = ry_page_lang.page_id)  WHERE ( `page_id` = '1' ) LIMIT 1  [ RunTime:0.000328s ]
[ 2012-01-02T15:26:16-05:00 ] NOTIC: [8] Undefined index: zh-cn f1168e1a70762ad5ec3a227d9624f41f.php 第 31 行.
[ 2012-01-02T15:26:18-05:00 ] SQL: SHOW COLUMNS FROM `ry_page` [ RunTime:0.003902s ]
[ 2012-01-02T15:26:18-05:00 ] SQL: SELECT ry_page.*, ry_page_lang.* FROM `ry_page` LEFT JOIN ry_page_lang ON(ry_page.page_id = ry_page_lang.page_id)  WHERE ( `page_id` = '1' ) LIMIT 1  [ RunTime:0.000237s ]
[ 2012-01-02T15:26:18-05:00 ] NOTIC: [8] Undefined index: zh-cn f1168e1a70762ad5ec3a227d9624f41f.php 第 31 行.
[ 2012-01-02T15:26:40-05:00 ] SQL: SHOW COLUMNS FROM `ry_page` [ RunTime:0.003691s ]
[ 2012-01-02T15:26:40-05:00 ] SQL: SELECT ry_page.*, ry_page_lang.* FROM `ry_page` LEFT JOIN ry_page_lang on ry_page.page_id = ry_page_lang.page_id  WHERE ( `page_id` = '1' ) LIMIT 1  [ RunTime:0.000214s ]
[ 2012-01-02T15:26:41-05:00 ] NOTIC: [8] Undefined index: zh-cn f1168e1a70762ad5ec3a227d9624f41f.php 第 31 行.
[ 2012-01-02T15:26:43-05:00 ] SQL: SHOW COLUMNS FROM `ry_page` [ RunTime:0.003663s ]
[ 2012-01-02T15:26:43-05:00 ] SQL: SELECT ry_page.*, ry_page_lang.* FROM `ry_page` LEFT JOIN ry_page_lang on ry_page.page_id = ry_page_lang.page_id  WHERE ( `page_id` = '1' ) LIMIT 1  [ RunTime:0.000233s ]
[ 2012-01-02T15:26:43-05:00 ] NOTIC: [8] Undefined index: zh-cn f1168e1a70762ad5ec3a227d9624f41f.php 第 31 行.
[ 2012-01-02T15:26:58-05:00 ] SQL: SHOW COLUMNS FROM `ry_page` [ RunTime:0.003862s ]
[ 2012-01-02T15:26:58-05:00 ] SQL: SELECT ry_page.*, ry_page_lang.page_lang_id FROM `ry_page` LEFT JOIN ry_page_lang on ry_page.page_id = ry_page_lang.page_id  WHERE ( `page_id` = '1' ) LIMIT 1  [ RunTime:0.000281s ]
[ 2012-01-02T15:26:58-05:00 ] NOTIC: [8] Undefined index: zh-cn f1168e1a70762ad5ec3a227d9624f41f.php 第 31 行.
[ 2012-01-02T15:27:38-05:00 ] SQL: SHOW COLUMNS FROM `ry_page` [ RunTime:0.005012s ]
[ 2012-01-02T15:27:38-05:00 ] SQL: SELECT ry_page.* FROM `ry_page` LEFT JOIN ry_page_lang on ry_page.page_id = ry_page_lang.page_id  WHERE ( `page_id` = '1' ) LIMIT 1  [ RunTime:0.001506s ]
[ 2012-01-02T15:27:38-05:00 ] NOTIC: [8] Undefined index: zh-cn f1168e1a70762ad5ec3a227d9624f41f.php 第 31 行.
[ 2012-01-02T15:28:43-05:00 ] SQL: SHOW COLUMNS FROM `ry_page` [ RunTime:0.003744s ]
[ 2012-01-02T15:28:43-05:00 ] SQL: SELECT * FROM `ry_page` WHERE ( `page_id` = '1' ) LIMIT 1  [ RunTime:0.000335s ]
[ 2012-01-02T15:28:43-05:00 ] NOTIC: [8] Undefined index: zh-cn f1168e1a70762ad5ec3a227d9624f41f.php 第 31 行.
[ 2012-01-02T15:32:03-05:00 ] SQL: SHOW COLUMNS FROM `ry_page` [ RunTime:0.003930s ]
[ 2012-01-02T15:32:03-05:00 ] SQL: SELECT ry_page.*, ry_page_lang.page_lang_id FROM `ry_page` LEFT JOIN ry_page_lang on ry_page.page_id = ry_page_lang.page_id  WHERE ( `page_id` = '1' ) LIMIT 1  [ RunTime:0.000232s ]
[ 2012-01-02T15:32:03-05:00 ] NOTIC: [8] Undefined index: zh-cn f1168e1a70762ad5ec3a227d9624f41f.php 第 31 行.
[ 2012-01-02T15:32:25-05:00 ] SQL: SHOW COLUMNS FROM `ry_page` [ RunTime:0.003865s ]
[ 2012-01-02T15:32:25-05:00 ] SQL: SELECT * FROM `ry_page` LEFT JOIN ry_page_lang on ry_page.page_id = ry_page_lang.page_id  WHERE ( `page_id` = '1' ) LIMIT 1  [ RunTime:0.000209s ]
[ 2012-01-02T15:32:25-05:00 ] NOTIC: [8] Undefined index: zh-cn f1168e1a70762ad5ec3a227d9624f41f.php 第 31 行.
[ 2012-01-02T15:33:37-05:00 ] SQL: SHOW COLUMNS FROM `ry_page` [ RunTime:0.004009s ]
[ 2012-01-02T15:33:37-05:00 ] SQL: SELECT ry_page.*, ry_page_lang.page_lang_id FROM `ry_page` LEFT JOIN ry_page_lang on ry_page.page_id = ry_page_lang.page_id  LIMIT 1  [ RunTime:0.000396s ]
[ 2012-01-02T15:33:37-05:00 ] NOTIC: [8] Undefined index: zh-cn f1168e1a70762ad5ec3a227d9624f41f.php 第 31 行.
[ 2012-01-02T15:34:02-05:00 ] SQL: SHOW COLUMNS FROM `ry_page` [ RunTime:0.004198s ]
[ 2012-01-02T15:34:02-05:00 ] SQL: SELECT ry_page.*, ry_page_lang.page_lang_id FROM `ry_page` LEFT JOIN ry_page_lang on ry_page.page_id = ry_page_lang.page_id  WHERE ( `page_id` = '1' ) LIMIT 1  [ RunTime:0.000217s ]
[ 2012-01-02T15:34:02-05:00 ] NOTIC: [8] Undefined index: zh-cn f1168e1a70762ad5ec3a227d9624f41f.php 第 31 行.
[ 2012-01-02T15:36:06-05:00 ] SQL: SHOW COLUMNS FROM `ry_page` [ RunTime:0.004008s ]
[ 2012-01-02T15:36:06-05:00 ] SQL: SELECT ry_page.*, ry_page_lang.page_lang_id FROM `ry_page` LEFT JOIN ry_page_lang on ry_page.page_id = ry_page_lang.page_id  WHERE ( `page_id` = '1' ) AND ( `lang_code` = 'zh-cn' ) LIMIT 1  [ RunTime:0.000371s ]
[ 2012-01-02T15:36:06-05:00 ] NOTIC: [8] Undefined index: zh-cn f1168e1a70762ad5ec3a227d9624f41f.php 第 31 行.
[ 2012-01-02T15:37:08-05:00 ] SQL: SHOW COLUMNS FROM `ry_page` [ RunTime:0.004333s ]
[ 2012-01-02T15:37:08-05:00 ] SQL: SELECT ry_page.*, ry_page_lang.page_lang_id FROM `ry_page` LEFT JOIN ry_page_lang on ry_page.page_id = ry_page_lang.page_id  WHERE ( `page_id` = '1' ) AND ( `lang_code` = 'zh-cn' ) LIMIT 1  [ RunTime:0.000270s ]
[ 2012-01-02T15:37:08-05:00 ] NOTIC: [8] Undefined index: zh-cn f1168e1a70762ad5ec3a227d9624f41f.php 第 31 行.
[ 2012-01-02T15:37:37-05:00 ] SQL: SHOW COLUMNS FROM `ry_page` [ RunTime:0.004491s ]
[ 2012-01-02T15:37:37-05:00 ] SQL: SELECT ry_page.*, ry_page_lang.page_lang_id FROM `ry_page` LEFT JOIN ry_page_lang on ry_page.page_id = ry_page_lang.page_id  WHERE ( ry_page.page_id = '1' ) AND ( `lang_code` = 'zh-cn' ) LIMIT 1  [ RunTime:0.000420s ]
[ 2012-01-02T15:37:37-05:00 ] NOTIC: [8] Undefined index: zh-cn f1168e1a70762ad5ec3a227d9624f41f.php 第 31 行.
[ 2012-01-02T15:37:55-05:00 ] SQL: SHOW COLUMNS FROM `ry_page` [ RunTime:0.003818s ]
[ 2012-01-02T15:37:55-05:00 ] SQL: SELECT ry_page.*, ry_page_lang.* FROM `ry_page` LEFT JOIN ry_page_lang on ry_page.page_id = ry_page_lang.page_id  WHERE ( ry_page.page_id = '1' ) AND ( `lang_code` = 'zh-cn' ) LIMIT 1  [ RunTime:0.000409s ]
[ 2012-01-02T15:37:55-05:00 ] NOTIC: [8] Undefined index: zh-cn f1168e1a70762ad5ec3a227d9624f41f.php 第 31 行.
[ 2012-01-02T15:41:28-05:00 ] SQL: SHOW COLUMNS FROM `ry_page` [ RunTime:0.004146s ]
[ 2012-01-02T15:41:28-05:00 ] SQL: SELECT ry_page.*, ry_page_lang.page_lang_id, ry_page_lang.page_id AS fk_page_id FROM `ry_page` LEFT JOIN ry_page_lang on ry_page.page_id = ry_page_lang.page_id  WHERE ( ry_page.page_id = '1' ) AND ( `lang_code` = 'zh-cn' ) LIMIT 1  [ RunTime:0.000448s ]
[ 2012-01-02T15:41:28-05:00 ] NOTIC: [8] Undefined index: zh-cn f1168e1a70762ad5ec3a227d9624f41f.php 第 31 行.
[ 2012-01-02T15:50:25-05:00 ] SQL: SHOW COLUMNS FROM `ry_page` [ RunTime:0.003868s ]
[ 2012-01-02T15:50:25-05:00 ] SQL: SELECT ry_page.*, 
									 			ry_page_lang.page_lang_id AS tj_id, 
												ry_page_lang.page_id AS tjfk_page_id, 
												ry_page_lang.lang_code AS tj_lang_name, 
												ry_page_lang.lang_name AS tj_title,
												ry_page_lang.page_title AS tj_summary,
												ry_page_lang.page_summary AS tj_summary,
												ry_page_lang.page_content AS tj_content FROM `ry_page` LEFT JOIN ry_page_lang on ry_page.page_id = ry_page_lang.page_id  WHERE ( ry_page.page_id = '1' ) AND ( `lang_code` = 'zh-cn' ) LIMIT 1  [ RunTime:0.000436s ]
[ 2012-01-02T15:50:25-05:00 ] NOTIC: [8] Undefined index: zh-cn f1168e1a70762ad5ec3a227d9624f41f.php 第 31 行.
[ 2012-01-02T15:59:02-05:00 ] SQL: SHOW COLUMNS FROM `ry_page` [ RunTime:0.005031s ]
[ 2012-01-02T15:59:02-05:00 ] SQL: SELECT ry_page.*, 
									 			ry_page_lang.page_lang_id AS tj_id, 
												ry_page_lang.page_id AS tjfk_page_id, 
												ry_page_lang.lang_code AS tj_lang_name, 
												ry_page_lang.lang_name AS tj_title,
												ry_page_lang.page_title AS tj_summary,
												ry_page_lang.page_summary AS tj_summary,
												ry_page_lang.page_content AS tj_content FROM `ry_page` LEFT JOIN ry_page_lang on ry_page.page_id = ry_page_lang.page_id  WHERE ( ry_page.page_id = '1' ) AND ( `lang_code` = 'zh-cn' ) LIMIT 1  [ RunTime:0.001167s ]
[ 2012-01-02T15:59:02-05:00 ] NOTIC: [8] Undefined index: zh-cn f1168e1a70762ad5ec3a227d9624f41f.php 第 31 行.
[ 2012-01-02T15:59:26-05:00 ] SQL: SHOW COLUMNS FROM `ry_page` [ RunTime:0.004315s ]
[ 2012-01-02T15:59:26-05:00 ] SQL: SELECT ry_page.*, 
									 			ry_page_lang.page_lang_id AS tj_id, 
												ry_page_lang.page_id AS tjfk_page_id, 
												ry_page_lang.lang_code AS tj_lang_name, 
												ry_page_lang.lang_name AS tj_title,
												ry_page_lang.page_title AS tj_summary,
												ry_page_lang.page_summary AS tj_summary,
												ry_page_lang.page_content AS tj_content FROM `ry_page` LEFT JOIN ry_page_lang on ry_page.page_id = ry_page_lang.page_id  WHERE ( ry_page.page_id = '1' ) AND ( `lang_code` = 'zh-cn' ) LIMIT 1  [ RunTime:0.000457s ]
[ 2012-01-02T15:59:27-05:00 ] NOTIC: [8] Undefined index: zh-cn f1168e1a70762ad5ec3a227d9624f41f.php 第 31 行.
[ 2012-01-02T16:01:01-05:00 ] SQL: SHOW COLUMNS FROM `ry_page` [ RunTime:0.003962s ]
[ 2012-01-02T16:01:01-05:00 ] SQL: SELECT ry_page.*, 
									 			ry_page_lang.page_lang_id AS tj_id, 
												ry_page_lang.page_id AS tjfk_page_id, 
												ry_page_lang.lang_code AS tj_lang_name, 
												ry_page_lang.lang_name AS tj_title,
												ry_page_lang.page_title AS tj_summary,
												ry_page_lang.page_summary AS tj_summary,
												ry_page_lang.page_content AS tj_content FROM `ry_page` LEFT JOIN ry_page_lang on ry_page.page_id = ry_page_lang.page_id  WHERE ( ry_page.page_id = '1' ) AND ( `lang_code` = 'zh-cn' ) LIMIT 1  [ RunTime:0.000442s ]
[ 2012-01-02T16:01:01-05:00 ] NOTIC: [8] Undefined index: zh-cn f1168e1a70762ad5ec3a227d9624f41f.php 第 31 行.
[ 2012-01-02T16:02:46-05:00 ] SQL: SHOW COLUMNS FROM `ry_page` [ RunTime:0.004101s ]
[ 2012-01-02T16:02:46-05:00 ] SQL: SELECT ry_page.*, 
									 			ry_page_lang.page_lang_id AS tj_id, 
												ry_page_lang.page_id AS tjfk_page_id, 
												ry_page_lang.lang_code AS tj_lang_name, 
												ry_page_lang.lang_name AS tj_title,
												ry_page_lang.page_title AS tj_summary,
												ry_page_lang.page_summary AS tj_summary,
												ry_page_lang.page_content AS tj_content FROM `ry_page` LEFT JOIN ry_page_lang on ry_page.page_id = ry_page_lang.page_id  WHERE ( ry_page.page_id = '1' ) AND ( `lang_code` = 'zh-cn' ) LIMIT 1  [ RunTime:0.000478s ]
[ 2012-01-02T16:02:46-05:00 ] NOTIC: [8] Undefined index: zh-cn f1168e1a70762ad5ec3a227d9624f41f.php 第 31 行.
[ 2012-01-02T16:02:56-05:00 ] SQL: SHOW COLUMNS FROM `ry_page` [ RunTime:0.004240s ]
[ 2012-01-02T16:02:56-05:00 ] SQL: SELECT ry_page.*, 
									 			ry_page_lang.page_lang_id AS tj_id, 
												ry_page_lang.page_id AS tjfk_page_id, 
												ry_page_lang.lang_code AS tj_lang_name, 
												ry_page_lang.lang_name AS tj_title,
												ry_page_lang.page_title AS tj_summary,
												ry_page_lang.page_summary AS tj_summary,
												ry_page_lang.page_content AS tj_content FROM `ry_page` LEFT JOIN ry_page_lang on ry_page.page_id = ry_page_lang.page_id  WHERE ( ry_page.page_id = '1' ) AND ( `lang_code` = 'en-us' ) LIMIT 1  [ RunTime:0.000568s ]
[ 2012-01-02T16:02:56-05:00 ] NOTIC: [8] Undefined index: zh-cn f1168e1a70762ad5ec3a227d9624f41f.php 第 31 行.
[ 2012-01-02T16:03:02-05:00 ] SQL: SHOW COLUMNS FROM `ry_page` [ RunTime:0.004061s ]
[ 2012-01-02T16:03:02-05:00 ] SQL: SELECT ry_page.*, 
									 			ry_page_lang.page_lang_id AS tj_id, 
												ry_page_lang.page_id AS tjfk_page_id, 
												ry_page_lang.lang_code AS tj_lang_name, 
												ry_page_lang.lang_name AS tj_title,
												ry_page_lang.page_title AS tj_summary,
												ry_page_lang.page_summary AS tj_summary,
												ry_page_lang.page_content AS tj_content FROM `ry_page` LEFT JOIN ry_page_lang on ry_page.page_id = ry_page_lang.page_id  WHERE ( ry_page.page_id = '1' ) AND ( `lang_code` = 'zh-cn' ) LIMIT 1  [ RunTime:0.000485s ]
[ 2012-01-02T16:03:02-05:00 ] NOTIC: [8] Undefined index: zh-cn f1168e1a70762ad5ec3a227d9624f41f.php 第 31 行.
[ 2012-01-02T16:07:46-05:00 ] SQL: SHOW COLUMNS FROM `ry_page` [ RunTime:0.003985s ]
[ 2012-01-02T16:07:46-05:00 ] SQL: SELECT ry_page.*, 
									 			ry_page_lang.page_lang_id AS tj_id, 
												ry_page_lang.page_id AS tjfk_page_id, 
												ry_page_lang.lang_code AS tj_lang_name, 
												ry_page_lang.lang_name AS tj_title,
												ry_page_lang.page_title AS tj_summary,
												ry_page_lang.page_summary AS tj_summary,
												ry_page_lang.page_content AS tj_content FROM `ry_page` LEFT JOIN ry_page_lang on ry_page.page_id = ry_page_lang.page_id  WHERE ( ry_page.page_id = '1' ) AND ( `lang_code` = 'zh-cn' ) LIMIT 1  [ RunTime:0.000460s ]
[ 2012-01-02T16:07:46-05:00 ] NOTIC: [8] Undefined index: zh-cn f1168e1a70762ad5ec3a227d9624f41f.php 第 31 行.
[ 2012-01-02T16:08:26-05:00 ] SQL: SHOW COLUMNS FROM `ry_page` [ RunTime:0.004174s ]
[ 2012-01-02T16:08:26-05:00 ] SQL: SELECT ry_page.*, 
									 			ry_page_lang.page_lang_id AS tj_id, 
												ry_page_lang.page_id AS tjfk_page_id, 
												ry_page_lang.lang_code AS tj_lang_name, 
												ry_page_lang.lang_name AS tj_title,
												ry_page_lang.page_title AS tj_summary,
												ry_page_lang.page_summary AS tj_summary,
												ry_page_lang.page_content AS tj_content FROM `ry_page` LEFT JOIN ry_page_lang on ry_page.page_id = ry_page_lang.page_id  WHERE ( ry_page.page_id = '1' ) AND ( `lang_code` = 'zh-cn' ) LIMIT 1  [ RunTime:0.000450s ]
[ 2012-01-02T16:08:26-05:00 ] NOTIC: [8] Undefined index: zh-cn f1168e1a70762ad5ec3a227d9624f41f.php 第 31 行.
[ 2012-01-02T16:10:46-05:00 ] SQL: SHOW COLUMNS FROM `ry_page` [ RunTime:0.003776s ]
[ 2012-01-02T16:10:46-05:00 ] SQL: SELECT ry_page.*, 
									 			ry_page_lang.page_lang_id AS tj_id, 
												ry_page_lang.page_id AS tjfk_page_id, 
												ry_page_lang.lang_code AS tj_lang_name, 
												ry_page_lang.lang_name AS tj_title,
												ry_page_lang.page_title AS tj_summary,
												ry_page_lang.page_summary AS tj_summary,
												ry_page_lang.page_content AS tj_content FROM `ry_page` LEFT JOIN ry_page_lang on ry_page.page_id = ry_page_lang.page_id  WHERE ( ry_page.page_id = '1' ) AND ( `lang_code` = 'zh-cn' ) LIMIT 1  [ RunTime:0.000504s ]
[ 2012-01-02T16:10:46-05:00 ] NOTIC: [8] Undefined index: zh-cn f1168e1a70762ad5ec3a227d9624f41f.php 第 31 行.
[ 2012-01-02T16:33:54-05:00 ] SQL: SHOW COLUMNS FROM `ry_page` [ RunTime:0.005504s ]
[ 2012-01-02T16:33:54-05:00 ] SQL: SELECT ry_page.*, 
									 			ry_page_lang.page_lang_id AS tj_id, 
												ry_page_lang.page_id AS tjfk_page_id, 
												ry_page_lang.lang_code AS tj_lang_name, 
												ry_page_lang.lang_name AS tj_title,
												ry_page_lang.page_title AS tj_summary,
												ry_page_lang.page_summary AS tj_summary,
												ry_page_lang.page_content AS tj_content FROM `ry_page` LEFT JOIN ry_page_lang on ry_page.page_id = ry_page_lang.page_id  WHERE ( ry_page.page_id = '1' ) AND ( `lang_code` = 'zh-cn' ) LIMIT 1  [ RunTime:0.001762s ]
[ 2012-01-02T16:33:54-05:00 ] NOTIC: [8] Undefined index: zh-cn f1168e1a70762ad5ec3a227d9624f41f.php 第 31 行.
[ 2012-01-02T16:45:16-05:00 ] SQL: SHOW COLUMNS FROM `ry_page` [ RunTime:0.004708s ]
[ 2012-01-02T16:45:16-05:00 ] SQL: SELECT ry_page.*, 
									 			ry_page_lang.page_lang_id AS tj_id, 
												ry_page_lang.page_id AS tjfk_page_id, 
												ry_page_lang.lang_code AS tj_lang_name, 
												ry_page_lang.lang_name AS tj_title,
												ry_page_lang.page_title AS tj_summary,
												ry_page_lang.page_summary AS tj_summary,
												ry_page_lang.page_content AS tj_content FROM `ry_page` LEFT JOIN ry_page_lang on ry_page.page_id = ry_page_lang.page_id  WHERE ( ry_page.page_id = '1' ) AND ( `lang_code` = 'zh-cn' ) LIMIT 1  [ RunTime:0.000576s ]
[ 2012-01-02T16:45:17-05:00 ] NOTIC: [8] Undefined index: zh-cn f1168e1a70762ad5ec3a227d9624f41f.php 第 31 行.
[ 2012-01-02T16:45:24-05:00 ] SQL: SHOW COLUMNS FROM `ry_page` [ RunTime:0.004741s ]
[ 2012-01-02T16:45:24-05:00 ] SQL: SELECT ry_page.*, 
									 			ry_page_lang.page_lang_id AS tj_id, 
												ry_page_lang.page_id AS tjfk_page_id, 
												ry_page_lang.lang_code AS tj_lang_name, 
												ry_page_lang.lang_name AS tj_title,
												ry_page_lang.page_title AS tj_summary,
												ry_page_lang.page_summary AS tj_summary,
												ry_page_lang.page_content AS tj_content FROM `ry_page` LEFT JOIN ry_page_lang on ry_page.page_id = ry_page_lang.page_id  WHERE ( ry_page.page_id = '1' ) AND ( `lang_code` = 'en-us' ) LIMIT 1  [ RunTime:0.000572s ]
[ 2012-01-02T16:45:24-05:00 ] NOTIC: [8] Undefined index: zh-cn f1168e1a70762ad5ec3a227d9624f41f.php 第 31 行.
[ 2012-01-02T17:09:16-05:00 ] SQL: SHOW COLUMNS FROM `ry_page` [ RunTime:0.005439s ]
[ 2012-01-02T17:09:16-05:00 ] SQL: SELECT ry_page.*, 
									 			ry_page_lang.page_lang_id AS tj_id, 
												ry_page_lang.page_id AS tjfk_page_id, 
												ry_page_lang.lang_code AS tj_lang_name, 
												ry_page_lang.lang_name AS tj_title,
												ry_page_lang.page_title AS tj_summary,
												ry_page_lang.page_summary AS tj_summary,
												ry_page_lang.page_content AS tj_content FROM `ry_page` LEFT JOIN ry_page_lang on ry_page.page_id = ry_page_lang.page_id  WHERE ( ry_page.page_id = '1' ) AND ( `lang_code` = 'en-us' ) LIMIT 1  [ RunTime:0.001607s ]
[ 2012-01-02T17:09:16-05:00 ] NOTIC: [8] Undefined index: zh-cn f1168e1a70762ad5ec3a227d9624f41f.php 第 31 行.
[ 2012-01-02T17:11:45-05:00 ] SQL: SHOW COLUMNS FROM `ry_page` [ RunTime:0.003998s ]
[ 2012-01-02T17:11:45-05:00 ] SQL: SELECT ry_page.*, 
									 			ry_page_lang.page_lang_id AS tj_id, 
												ry_page_lang.page_id AS tjfk_page_id, 
												ry_page_lang.lang_code AS tj_lang_name, 
												ry_page_lang.lang_name AS tj_title,
												ry_page_lang.page_title AS tj_summary,
												ry_page_lang.page_summary AS tj_summary,
												ry_page_lang.page_content AS tj_content FROM `ry_page` LEFT JOIN ry_page_lang on ry_page.page_id = ry_page_lang.page_id  WHERE ( ry_page.page_id = '1' ) AND ( `lang_code` = 'en-us' ) LIMIT 1  [ RunTime:0.000473s ]
[ 2012-01-02T17:11:45-05:00 ] NOTIC: [8] Undefined index: zh-cn f1168e1a70762ad5ec3a227d9624f41f.php 第 31 行.
[ 2012-01-02T17:11:48-05:00 ] SQL: SHOW COLUMNS FROM `ry_page` [ RunTime:0.003919s ]
[ 2012-01-02T17:11:48-05:00 ] SQL: SELECT ry_page.*, 
									 			ry_page_lang.page_lang_id AS tj_id, 
												ry_page_lang.page_id AS tjfk_page_id, 
												ry_page_lang.lang_code AS tj_lang_name, 
												ry_page_lang.lang_name AS tj_title,
												ry_page_lang.page_title AS tj_summary,
												ry_page_lang.page_summary AS tj_summary,
												ry_page_lang.page_content AS tj_content FROM `ry_page` LEFT JOIN ry_page_lang on ry_page.page_id = ry_page_lang.page_id  WHERE ( ry_page.page_id = '1' ) AND ( `lang_code` = 'en-us' ) LIMIT 1  [ RunTime:0.000484s ]
[ 2012-01-02T17:11:48-05:00 ] NOTIC: [8] Undefined index: zh-cn f1168e1a70762ad5ec3a227d9624f41f.php 第 31 行.
[ 2012-01-02T17:11:50-05:00 ] SQL: SHOW COLUMNS FROM `ry_page` [ RunTime:0.003949s ]
[ 2012-01-02T17:11:50-05:00 ] SQL: SELECT ry_page.*, 
									 			ry_page_lang.page_lang_id AS tj_id, 
												ry_page_lang.page_id AS tjfk_page_id, 
												ry_page_lang.lang_code AS tj_lang_name, 
												ry_page_lang.lang_name AS tj_title,
												ry_page_lang.page_title AS tj_summary,
												ry_page_lang.page_summary AS tj_summary,
												ry_page_lang.page_content AS tj_content FROM `ry_page` LEFT JOIN ry_page_lang on ry_page.page_id = ry_page_lang.page_id  WHERE ( ry_page.page_id = '1' ) AND ( `lang_code` = 'en-us' ) LIMIT 1  [ RunTime:0.000442s ]
[ 2012-01-02T17:11:50-05:00 ] NOTIC: [8] Undefined index: zh-cn f1168e1a70762ad5ec3a227d9624f41f.php 第 31 行.
[ 2012-01-02T17:11:51-05:00 ] SQL: SHOW COLUMNS FROM `ry_page` [ RunTime:0.003986s ]
[ 2012-01-02T17:11:51-05:00 ] SQL: SELECT ry_page.*, 
									 			ry_page_lang.page_lang_id AS tj_id, 
												ry_page_lang.page_id AS tjfk_page_id, 
												ry_page_lang.lang_code AS tj_lang_name, 
												ry_page_lang.lang_name AS tj_title,
												ry_page_lang.page_title AS tj_summary,
												ry_page_lang.page_summary AS tj_summary,
												ry_page_lang.page_content AS tj_content FROM `ry_page` LEFT JOIN ry_page_lang on ry_page.page_id = ry_page_lang.page_id  WHERE ( ry_page.page_id = '1' ) AND ( `lang_code` = 'en-us' ) LIMIT 1  [ RunTime:0.000477s ]
[ 2012-01-02T17:11:51-05:00 ] NOTIC: [8] Undefined index: zh-cn f1168e1a70762ad5ec3a227d9624f41f.php 第 31 行.
[ 2012-01-02T17:11:55-05:00 ] SQL: SHOW COLUMNS FROM `ry_page` [ RunTime:0.003909s ]
[ 2012-01-02T17:11:55-05:00 ] SQL: SELECT ry_page.*, 
									 			ry_page_lang.page_lang_id AS tj_id, 
												ry_page_lang.page_id AS tjfk_page_id, 
												ry_page_lang.lang_code AS tj_lang_name, 
												ry_page_lang.lang_name AS tj_title,
												ry_page_lang.page_title AS tj_summary,
												ry_page_lang.page_summary AS tj_summary,
												ry_page_lang.page_content AS tj_content FROM `ry_page` LEFT JOIN ry_page_lang on ry_page.page_id = ry_page_lang.page_id  WHERE ( ry_page.page_id = 'index.php' ) AND ( `lang_code` = 'en-us' ) LIMIT 1  [ RunTime:0.000415s ]
[ 2012-01-02T17:11:55-05:00 ] NOTIC: [8] Undefined index: zh-cn f1168e1a70762ad5ec3a227d9624f41f.php 第 31 行.
[ 2012-01-02T17:11:59-05:00 ] SQL: SHOW COLUMNS FROM `ry_page` [ RunTime:0.003923s ]
[ 2012-01-02T17:11:59-05:00 ] SQL: SELECT ry_page.*, 
									 			ry_page_lang.page_lang_id AS tj_id, 
												ry_page_lang.page_id AS tjfk_page_id, 
												ry_page_lang.lang_code AS tj_lang_name, 
												ry_page_lang.lang_name AS tj_title,
												ry_page_lang.page_title AS tj_summary,
												ry_page_lang.page_summary AS tj_summary,
												ry_page_lang.page_content AS tj_content FROM `ry_page` LEFT JOIN ry_page_lang on ry_page.page_id = ry_page_lang.page_id  WHERE ( ry_page.page_id = '1' ) AND ( `lang_code` = 'en-us' ) LIMIT 1  [ RunTime:0.000481s ]
[ 2012-01-02T17:11:59-05:00 ] NOTIC: [8] Undefined index: zh-cn f1168e1a70762ad5ec3a227d9624f41f.php 第 31 行.
[ 2012-01-02T17:12:01-05:00 ] SQL: SHOW COLUMNS FROM `ry_page` [ RunTime:0.003893s ]
[ 2012-01-02T17:12:01-05:00 ] SQL: SELECT ry_page.*, 
									 			ry_page_lang.page_lang_id AS tj_id, 
												ry_page_lang.page_id AS tjfk_page_id, 
												ry_page_lang.lang_code AS tj_lang_name, 
												ry_page_lang.lang_name AS tj_title,
												ry_page_lang.page_title AS tj_summary,
												ry_page_lang.page_summary AS tj_summary,
												ry_page_lang.page_content AS tj_content FROM `ry_page` LEFT JOIN ry_page_lang on ry_page.page_id = ry_page_lang.page_id  WHERE ( ry_page.page_id = '1' ) AND ( `lang_code` = 'en-us' ) LIMIT 1  [ RunTime:0.000508s ]
[ 2012-01-02T17:12:02-05:00 ] NOTIC: [8] Undefined index: zh-cn f1168e1a70762ad5ec3a227d9624f41f.php 第 31 行.
[ 2012-01-02T17:12:03-05:00 ] SQL: SHOW COLUMNS FROM `ry_page` [ RunTime:0.003877s ]
[ 2012-01-02T17:12:03-05:00 ] SQL: SELECT ry_page.*, 
									 			ry_page_lang.page_lang_id AS tj_id, 
												ry_page_lang.page_id AS tjfk_page_id, 
												ry_page_lang.lang_code AS tj_lang_name, 
												ry_page_lang.lang_name AS tj_title,
												ry_page_lang.page_title AS tj_summary,
												ry_page_lang.page_summary AS tj_summary,
												ry_page_lang.page_content AS tj_content FROM `ry_page` LEFT JOIN ry_page_lang on ry_page.page_id = ry_page_lang.page_id  WHERE ( ry_page.page_id = 'index.php' ) AND ( `lang_code` = 'en-us' ) LIMIT 1  [ RunTime:0.000384s ]
[ 2012-01-02T17:12:04-05:00 ] NOTIC: [8] Undefined index: zh-cn f1168e1a70762ad5ec3a227d9624f41f.php 第 31 行.
[ 2012-01-02T17:12:31-05:00 ] SQL: SHOW COLUMNS FROM `ry_page` [ RunTime:0.004273s ]
[ 2012-01-02T17:12:31-05:00 ] SQL: SELECT ry_page.*, 
									 			ry_page_lang.page_lang_id AS tj_id, 
												ry_page_lang.page_id AS tjfk_page_id, 
												ry_page_lang.lang_code AS tj_lang_name, 
												ry_page_lang.lang_name AS tj_title,
												ry_page_lang.page_title AS tj_summary,
												ry_page_lang.page_summary AS tj_summary,
												ry_page_lang.page_content AS tj_content FROM `ry_page` LEFT JOIN ry_page_lang on ry_page.page_id = ry_page_lang.page_id  WHERE ( ry_page.page_id = 'index.php' ) AND ( `lang_code` = 'en-us' ) LIMIT 1  [ RunTime:0.000380s ]
[ 2012-01-02T17:12:31-05:00 ] NOTIC: [8] Undefined index: zh-cn f1168e1a70762ad5ec3a227d9624f41f.php 第 31 行.
[ 2012-01-02T17:12:32-05:00 ] SQL: SHOW COLUMNS FROM `ry_page` [ RunTime:0.004329s ]
[ 2012-01-02T17:12:32-05:00 ] SQL: SELECT ry_page.*, 
									 			ry_page_lang.page_lang_id AS tj_id, 
												ry_page_lang.page_id AS tjfk_page_id, 
												ry_page_lang.lang_code AS tj_lang_name, 
												ry_page_lang.lang_name AS tj_title,
												ry_page_lang.page_title AS tj_summary,
												ry_page_lang.page_summary AS tj_summary,
												ry_page_lang.page_content AS tj_content FROM `ry_page` LEFT JOIN ry_page_lang on ry_page.page_id = ry_page_lang.page_id  WHERE ( ry_page.page_id = '2' ) AND ( `lang_code` = 'en-us' ) LIMIT 1  [ RunTime:0.000538s ]
[ 2012-01-02T17:12:33-05:00 ] NOTIC: [8] Undefined index: zh-cn f1168e1a70762ad5ec3a227d9624f41f.php 第 31 行.
[ 2012-01-02T17:12:34-05:00 ] SQL: SHOW COLUMNS FROM `ry_page` [ RunTime:0.004159s ]
[ 2012-01-02T17:12:34-05:00 ] SQL: SELECT ry_page.*, 
									 			ry_page_lang.page_lang_id AS tj_id, 
												ry_page_lang.page_id AS tjfk_page_id, 
												ry_page_lang.lang_code AS tj_lang_name, 
												ry_page_lang.lang_name AS tj_title,
												ry_page_lang.page_title AS tj_summary,
												ry_page_lang.page_summary AS tj_summary,
												ry_page_lang.page_content AS tj_content FROM `ry_page` LEFT JOIN ry_page_lang on ry_page.page_id = ry_page_lang.page_id  WHERE ( ry_page.page_id = '3' ) AND ( `lang_code` = 'en-us' ) LIMIT 1  [ RunTime:0.000423s ]
[ 2012-01-02T17:12:34-05:00 ] NOTIC: [8] Undefined index: zh-cn f1168e1a70762ad5ec3a227d9624f41f.php 第 31 行.
[ 2012-01-02T17:12:35-05:00 ] SQL: SHOW COLUMNS FROM `ry_page` [ RunTime:0.004044s ]
[ 2012-01-02T17:12:35-05:00 ] SQL: SELECT ry_page.*, 
									 			ry_page_lang.page_lang_id AS tj_id, 
												ry_page_lang.page_id AS tjfk_page_id, 
												ry_page_lang.lang_code AS tj_lang_name, 
												ry_page_lang.lang_name AS tj_title,
												ry_page_lang.page_title AS tj_summary,
												ry_page_lang.page_summary AS tj_summary,
												ry_page_lang.page_content AS tj_content FROM `ry_page` LEFT JOIN ry_page_lang on ry_page.page_id = ry_page_lang.page_id  WHERE ( ry_page.page_id = '4' ) AND ( `lang_code` = 'en-us' ) LIMIT 1  [ RunTime:0.000427s ]
[ 2012-01-02T17:12:35-05:00 ] NOTIC: [8] Undefined index: zh-cn f1168e1a70762ad5ec3a227d9624f41f.php 第 31 行.
[ 2012-01-02T17:12:36-05:00 ] SQL: SHOW COLUMNS FROM `ry_page` [ RunTime:0.004182s ]
[ 2012-01-02T17:12:36-05:00 ] SQL: SELECT ry_page.*, 
									 			ry_page_lang.page_lang_id AS tj_id, 
												ry_page_lang.page_id AS tjfk_page_id, 
												ry_page_lang.lang_code AS tj_lang_name, 
												ry_page_lang.lang_name AS tj_title,
												ry_page_lang.page_title AS tj_summary,
												ry_page_lang.page_summary AS tj_summary,
												ry_page_lang.page_content AS tj_content FROM `ry_page` LEFT JOIN ry_page_lang on ry_page.page_id = ry_page_lang.page_id  WHERE ( ry_page.page_id = '1' ) AND ( `lang_code` = 'en-us' ) LIMIT 1  [ RunTime:0.000452s ]
[ 2012-01-02T17:12:36-05:00 ] NOTIC: [8] Undefined index: zh-cn f1168e1a70762ad5ec3a227d9624f41f.php 第 31 行.
[ 2012-01-02T17:12:40-05:00 ] SQL: SHOW COLUMNS FROM `ry_page` [ RunTime:0.003878s ]
[ 2012-01-02T17:12:40-05:00 ] SQL: SELECT ry_page.*, 
									 			ry_page_lang.page_lang_id AS tj_id, 
												ry_page_lang.page_id AS tjfk_page_id, 
												ry_page_lang.lang_code AS tj_lang_name, 
												ry_page_lang.lang_name AS tj_title,
												ry_page_lang.page_title AS tj_summary,
												ry_page_lang.page_summary AS tj_summary,
												ry_page_lang.page_content AS tj_content FROM `ry_page` LEFT JOIN ry_page_lang on ry_page.page_id = ry_page_lang.page_id  WHERE ( ry_page.page_id = '2' ) AND ( `lang_code` = 'en-us' ) LIMIT 1  [ RunTime:0.000417s ]
[ 2012-01-02T17:12:40-05:00 ] NOTIC: [8] Undefined index: zh-cn f1168e1a70762ad5ec3a227d9624f41f.php 第 31 行.
[ 2012-01-02T17:12:41-05:00 ] SQL: SHOW COLUMNS FROM `ry_page` [ RunTime:0.003869s ]
[ 2012-01-02T17:12:41-05:00 ] SQL: SELECT ry_page.*, 
									 			ry_page_lang.page_lang_id AS tj_id, 
												ry_page_lang.page_id AS tjfk_page_id, 
												ry_page_lang.lang_code AS tj_lang_name, 
												ry_page_lang.lang_name AS tj_title,
												ry_page_lang.page_title AS tj_summary,
												ry_page_lang.page_summary AS tj_summary,
												ry_page_lang.page_content AS tj_content FROM `ry_page` LEFT JOIN ry_page_lang on ry_page.page_id = ry_page_lang.page_id  WHERE ( ry_page.page_id = '3' ) AND ( `lang_code` = 'en-us' ) LIMIT 1  [ RunTime:0.000415s ]
[ 2012-01-02T17:12:42-05:00 ] NOTIC: [8] Undefined index: zh-cn f1168e1a70762ad5ec3a227d9624f41f.php 第 31 行.
[ 2012-01-02T17:12:42-05:00 ] SQL: SHOW COLUMNS FROM `ry_page` [ RunTime:0.004312s ]
[ 2012-01-02T17:12:42-05:00 ] SQL: SELECT ry_page.*, 
									 			ry_page_lang.page_lang_id AS tj_id, 
												ry_page_lang.page_id AS tjfk_page_id, 
												ry_page_lang.lang_code AS tj_lang_name, 
												ry_page_lang.lang_name AS tj_title,
												ry_page_lang.page_title AS tj_summary,
												ry_page_lang.page_summary AS tj_summary,
												ry_page_lang.page_content AS tj_content FROM `ry_page` LEFT JOIN ry_page_lang on ry_page.page_id = ry_page_lang.page_id  WHERE ( ry_page.page_id = '4' ) AND ( `lang_code` = 'en-us' ) LIMIT 1  [ RunTime:0.000418s ]
[ 2012-01-02T17:12:42-05:00 ] NOTIC: [8] Undefined index: zh-cn f1168e1a70762ad5ec3a227d9624f41f.php 第 31 行.
[ 2012-01-02T17:13:11-05:00 ] SQL: SHOW COLUMNS FROM `ry_page` [ RunTime:0.003878s ]
[ 2012-01-02T17:13:11-05:00 ] SQL: SELECT ry_page.*, 
									 			ry_page_lang.page_lang_id AS tj_id, 
												ry_page_lang.page_id AS tjfk_page_id, 
												ry_page_lang.lang_code AS tj_lang_name, 
												ry_page_lang.lang_name AS tj_title,
												ry_page_lang.page_title AS tj_summary,
												ry_page_lang.page_summary AS tj_summary,
												ry_page_lang.page_content AS tj_content FROM `ry_page` LEFT JOIN ry_page_lang on ry_page.page_id = ry_page_lang.page_id  WHERE ( ry_page.page_id = '4' ) AND ( `lang_code` = 'en-us' ) LIMIT 1  [ RunTime:0.000415s ]
[ 2012-01-02T17:13:11-05:00 ] NOTIC: [8] Undefined index: zh-cn f1168e1a70762ad5ec3a227d9624f41f.php 第 31 行.
[ 2012-01-02T17:15:03-05:00 ] SQL: SHOW COLUMNS FROM `ry_page` [ RunTime:0.004302s ]
[ 2012-01-02T17:15:03-05:00 ] SQL: SELECT ry_page.*, 
									 			ry_page_lang.page_lang_id AS tj_id, 
												ry_page_lang.page_id AS tjfk_page_id, 
												ry_page_lang.lang_code AS tj_lang_name, 
												ry_page_lang.lang_name AS tj_title,
												ry_page_lang.page_title AS tj_summary,
												ry_page_lang.page_summary AS tj_summary,
												ry_page_lang.page_content AS tj_content FROM `ry_page` LEFT JOIN ry_page_lang on ry_page.page_id = ry_page_lang.page_id  WHERE ( ry_page.page_id = '4' ) AND ( `lang_code` = 'en-us' ) LIMIT 1  [ RunTime:0.000559s ]
[ 2012-01-02T17:15:03-05:00 ] NOTIC: [8] Undefined index: zh-cn f1168e1a70762ad5ec3a227d9624f41f.php 第 31 行.
[ 2012-01-02T17:15:05-05:00 ] SQL: SHOW COLUMNS FROM `ry_page` [ RunTime:0.004291s ]
[ 2012-01-02T17:15:05-05:00 ] SQL: SELECT ry_page.*, 
									 			ry_page_lang.page_lang_id AS tj_id, 
												ry_page_lang.page_id AS tjfk_page_id, 
												ry_page_lang.lang_code AS tj_lang_name, 
												ry_page_lang.lang_name AS tj_title,
												ry_page_lang.page_title AS tj_summary,
												ry_page_lang.page_summary AS tj_summary,
												ry_page_lang.page_content AS tj_content FROM `ry_page` LEFT JOIN ry_page_lang on ry_page.page_id = ry_page_lang.page_id  WHERE ( ry_page.page_id = '4' ) AND ( `lang_code` = 'en-us' ) LIMIT 1  [ RunTime:0.000533s ]
[ 2012-01-02T17:15:05-05:00 ] NOTIC: [8] Undefined index: zh-cn f1168e1a70762ad5ec3a227d9624f41f.php 第 31 行.
[ 2012-01-02T17:15:06-05:00 ] SQL: SHOW COLUMNS FROM `ry_page` [ RunTime:0.004060s ]
[ 2012-01-02T17:15:06-05:00 ] SQL: SELECT ry_page.*, 
									 			ry_page_lang.page_lang_id AS tj_id, 
												ry_page_lang.page_id AS tjfk_page_id, 
												ry_page_lang.lang_code AS tj_lang_name, 
												ry_page_lang.lang_name AS tj_title,
												ry_page_lang.page_title AS tj_summary,
												ry_page_lang.page_summary AS tj_summary,
												ry_page_lang.page_content AS tj_content FROM `ry_page` LEFT JOIN ry_page_lang on ry_page.page_id = ry_page_lang.page_id  WHERE ( ry_page.page_id = '4' ) AND ( `lang_code` = 'en-us' ) LIMIT 1  [ RunTime:0.000507s ]
[ 2012-01-02T17:15:06-05:00 ] NOTIC: [8] Undefined index: zh-cn f1168e1a70762ad5ec3a227d9624f41f.php 第 31 行.
[ 2012-01-02T17:15:14-05:00 ] SQL: SHOW COLUMNS FROM `ry_page` [ RunTime:0.004245s ]
[ 2012-01-02T17:15:14-05:00 ] SQL: SELECT ry_page.*, 
									 			ry_page_lang.page_lang_id AS tj_id, 
												ry_page_lang.page_id AS tjfk_page_id, 
												ry_page_lang.lang_code AS tj_lang_name, 
												ry_page_lang.lang_name AS tj_title,
												ry_page_lang.page_title AS tj_summary,
												ry_page_lang.page_summary AS tj_summary,
												ry_page_lang.page_content AS tj_content FROM `ry_page` LEFT JOIN ry_page_lang on ry_page.page_id = ry_page_lang.page_id  WHERE ( ry_page.page_id = '4' ) AND ( `lang_code` = 'en-us' ) LIMIT 1  [ RunTime:0.000456s ]
[ 2012-01-02T17:15:14-05:00 ] NOTIC: [8] Undefined index: zh-cn f1168e1a70762ad5ec3a227d9624f41f.php 第 31 行.
[ 2012-01-02T17:15:34-05:00 ] SQL: SHOW COLUMNS FROM `ry_page` [ RunTime:0.003957s ]
[ 2012-01-02T17:15:34-05:00 ] SQL: SELECT ry_page.*, 
									 			ry_page_lang.page_lang_id AS tj_id, 
												ry_page_lang.page_id AS tjfk_page_id, 
												ry_page_lang.lang_code AS tj_lang_name, 
												ry_page_lang.lang_name AS tj_title,
												ry_page_lang.page_title AS tj_summary,
												ry_page_lang.page_summary AS tj_summary,
												ry_page_lang.page_content AS tj_content FROM `ry_page` LEFT JOIN ry_page_lang on ry_page.page_id = ry_page_lang.page_id  WHERE ( ry_page.page_id = '4' ) AND ( `lang_code` = 'en-us' ) LIMIT 1  [ RunTime:0.000435s ]
[ 2012-01-02T17:15:34-05:00 ] NOTIC: [8] Undefined index: zh-cn f1168e1a70762ad5ec3a227d9624f41f.php 第 31 行.
[ 2012-01-02T17:15:34-05:00 ] SQL: SHOW COLUMNS FROM `ry_page` [ RunTime:0.003948s ]
[ 2012-01-02T17:15:34-05:00 ] SQL: SELECT ry_page.*, 
									 			ry_page_lang.page_lang_id AS tj_id, 
												ry_page_lang.page_id AS tjfk_page_id, 
												ry_page_lang.lang_code AS tj_lang_name, 
												ry_page_lang.lang_name AS tj_title,
												ry_page_lang.page_title AS tj_summary,
												ry_page_lang.page_summary AS tj_summary,
												ry_page_lang.page_content AS tj_content FROM `ry_page` LEFT JOIN ry_page_lang on ry_page.page_id = ry_page_lang.page_id  WHERE ( ry_page.page_id = '4' ) AND ( `lang_code` = 'en-us' ) LIMIT 1  [ RunTime:0.000428s ]
[ 2012-01-02T17:15:34-05:00 ] NOTIC: [8] Undefined index: zh-cn f1168e1a70762ad5ec3a227d9624f41f.php 第 31 行.
[ 2012-01-02T17:15:35-05:00 ] SQL: SHOW COLUMNS FROM `ry_page` [ RunTime:0.004229s ]
[ 2012-01-02T17:15:35-05:00 ] SQL: SELECT ry_page.*, 
									 			ry_page_lang.page_lang_id AS tj_id, 
												ry_page_lang.page_id AS tjfk_page_id, 
												ry_page_lang.lang_code AS tj_lang_name, 
												ry_page_lang.lang_name AS tj_title,
												ry_page_lang.page_title AS tj_summary,
												ry_page_lang.page_summary AS tj_summary,
												ry_page_lang.page_content AS tj_content FROM `ry_page` LEFT JOIN ry_page_lang on ry_page.page_id = ry_page_lang.page_id  WHERE ( ry_page.page_id = '1' ) AND ( `lang_code` = 'en-us' ) LIMIT 1  [ RunTime:0.000490s ]
[ 2012-01-02T17:15:35-05:00 ] NOTIC: [8] Undefined index: zh-cn f1168e1a70762ad5ec3a227d9624f41f.php 第 31 行.
[ 2012-01-02T17:15:37-05:00 ] SQL: SHOW COLUMNS FROM `ry_page` [ RunTime:0.003858s ]
[ 2012-01-02T17:15:37-05:00 ] SQL: SELECT ry_page.*, 
									 			ry_page_lang.page_lang_id AS tj_id, 
												ry_page_lang.page_id AS tjfk_page_id, 
												ry_page_lang.lang_code AS tj_lang_name, 
												ry_page_lang.lang_name AS tj_title,
												ry_page_lang.page_title AS tj_summary,
												ry_page_lang.page_summary AS tj_summary,
												ry_page_lang.page_content AS tj_content FROM `ry_page` LEFT JOIN ry_page_lang on ry_page.page_id = ry_page_lang.page_id  WHERE ( ry_page.page_id = '1' ) AND ( `lang_code` = 'en-us' ) LIMIT 1  [ RunTime:0.000439s ]
[ 2012-01-02T17:15:37-05:00 ] NOTIC: [8] Undefined index: zh-cn f1168e1a70762ad5ec3a227d9624f41f.php 第 31 行.
[ 2012-01-02T17:15:39-05:00 ] SQL: SHOW COLUMNS FROM `ry_page` [ RunTime:0.004155s ]
[ 2012-01-02T17:15:39-05:00 ] SQL: SELECT ry_page.*, 
									 			ry_page_lang.page_lang_id AS tj_id, 
												ry_page_lang.page_id AS tjfk_page_id, 
												ry_page_lang.lang_code AS tj_lang_name, 
												ry_page_lang.lang_name AS tj_title,
												ry_page_lang.page_title AS tj_summary,
												ry_page_lang.page_summary AS tj_summary,
												ry_page_lang.page_content AS tj_content FROM `ry_page` LEFT JOIN ry_page_lang on ry_page.page_id = ry_page_lang.page_id  WHERE ( ry_page.page_id = '2' ) AND ( `lang_code` = 'en-us' ) LIMIT 1  [ RunTime:0.000519s ]
[ 2012-01-02T17:15:39-05:00 ] NOTIC: [8] Undefined index: zh-cn f1168e1a70762ad5ec3a227d9624f41f.php 第 31 行.
[ 2012-01-02T17:15:40-05:00 ] SQL: SHOW COLUMNS FROM `ry_page` [ RunTime:0.004190s ]
[ 2012-01-02T17:15:40-05:00 ] SQL: SELECT ry_page.*, 
									 			ry_page_lang.page_lang_id AS tj_id, 
												ry_page_lang.page_id AS tjfk_page_id, 
												ry_page_lang.lang_code AS tj_lang_name, 
												ry_page_lang.lang_name AS tj_title,
												ry_page_lang.page_title AS tj_summary,
												ry_page_lang.page_summary AS tj_summary,
												ry_page_lang.page_content AS tj_content FROM `ry_page` LEFT JOIN ry_page_lang on ry_page.page_id = ry_page_lang.page_id  WHERE ( ry_page.page_id = '1' ) AND ( `lang_code` = 'en-us' ) LIMIT 1  [ RunTime:0.000524s ]
[ 2012-01-02T17:15:41-05:00 ] NOTIC: [8] Undefined index: zh-cn f1168e1a70762ad5ec3a227d9624f41f.php 第 31 行.
[ 2012-01-02T17:15:42-05:00 ] SQL: SHOW COLUMNS FROM `ry_page` [ RunTime:0.004300s ]
[ 2012-01-02T17:15:42-05:00 ] SQL: SELECT ry_page.*, 
									 			ry_page_lang.page_lang_id AS tj_id, 
												ry_page_lang.page_id AS tjfk_page_id, 
												ry_page_lang.lang_code AS tj_lang_name, 
												ry_page_lang.lang_name AS tj_title,
												ry_page_lang.page_title AS tj_summary,
												ry_page_lang.page_summary AS tj_summary,
												ry_page_lang.page_content AS tj_content FROM `ry_page` LEFT JOIN ry_page_lang on ry_page.page_id = ry_page_lang.page_id  WHERE ( ry_page.page_id = '2' ) AND ( `lang_code` = 'en-us' ) LIMIT 1  [ RunTime:0.000502s ]
[ 2012-01-02T17:15:42-05:00 ] NOTIC: [8] Undefined index: zh-cn f1168e1a70762ad5ec3a227d9624f41f.php 第 31 行.
[ 2012-01-02T17:16:03-05:00 ] SQL: SHOW COLUMNS FROM `ry_page` [ RunTime:0.003946s ]
[ 2012-01-02T17:16:03-05:00 ] SQL: SELECT ry_page.*, 
									 			ry_page_lang.page_lang_id AS tj_id, 
												ry_page_lang.page_id AS tjfk_page_id, 
												ry_page_lang.lang_code AS tj_lang_name, 
												ry_page_lang.lang_name AS tj_title,
												ry_page_lang.page_title AS tj_summary,
												ry_page_lang.page_summary AS tj_summary,
												ry_page_lang.page_content AS tj_content FROM `ry_page` LEFT JOIN ry_page_lang on ry_page.page_id = ry_page_lang.page_id  WHERE ( ry_page.page_id = '2' ) AND ( `lang_code` = 'en-us' ) LIMIT 1  [ RunTime:0.000407s ]
[ 2012-01-02T17:16:03-05:00 ] NOTIC: [8] Undefined index: zh-cn f1168e1a70762ad5ec3a227d9624f41f.php 第 31 行.
[ 2012-01-02T17:16:05-05:00 ] SQL: SHOW COLUMNS FROM `ry_page` [ RunTime:0.004431s ]
[ 2012-01-02T17:16:05-05:00 ] SQL: SELECT ry_page.*, 
									 			ry_page_lang.page_lang_id AS tj_id, 
												ry_page_lang.page_id AS tjfk_page_id, 
												ry_page_lang.lang_code AS tj_lang_name, 
												ry_page_lang.lang_name AS tj_title,
												ry_page_lang.page_title AS tj_summary,
												ry_page_lang.page_summary AS tj_summary,
												ry_page_lang.page_content AS tj_content FROM `ry_page` LEFT JOIN ry_page_lang on ry_page.page_id = ry_page_lang.page_id  WHERE ( ry_page.page_id = '2' ) AND ( `lang_code` = 'en-us' ) LIMIT 1  [ RunTime:0.000545s ]
[ 2012-01-02T17:16:05-05:00 ] NOTIC: [8] Undefined index: zh-cn f1168e1a70762ad5ec3a227d9624f41f.php 第 31 行.
[ 2012-01-02T17:16:07-05:00 ] SQL: SHOW COLUMNS FROM `ry_page` [ RunTime:0.003903s ]
[ 2012-01-02T17:16:07-05:00 ] SQL: SELECT ry_page.*, 
									 			ry_page_lang.page_lang_id AS tj_id, 
												ry_page_lang.page_id AS tjfk_page_id, 
												ry_page_lang.lang_code AS tj_lang_name, 
												ry_page_lang.lang_name AS tj_title,
												ry_page_lang.page_title AS tj_summary,
												ry_page_lang.page_summary AS tj_summary,
												ry_page_lang.page_content AS tj_content FROM `ry_page` LEFT JOIN ry_page_lang on ry_page.page_id = ry_page_lang.page_id  WHERE ( ry_page.page_id = '1' ) AND ( `lang_code` = 'en-us' ) LIMIT 1  [ RunTime:0.000485s ]
[ 2012-01-02T17:16:07-05:00 ] NOTIC: [8] Undefined index: zh-cn f1168e1a70762ad5ec3a227d9624f41f.php 第 31 行.
[ 2012-01-02T17:17:28-05:00 ] SQL: SHOW COLUMNS FROM `ry_page` [ RunTime:0.003993s ]
[ 2012-01-02T17:17:28-05:00 ] SQL: SELECT ry_page.*, 
									 			ry_page_lang.page_lang_id AS tj_id, 
												ry_page_lang.page_id AS tjfk_page_id, 
												ry_page_lang.lang_code AS tj_lang_name, 
												ry_page_lang.lang_name AS tj_title,
												ry_page_lang.page_title AS tj_summary,
												ry_page_lang.page_summary AS tj_summary,
												ry_page_lang.page_content AS tj_content FROM `ry_page` LEFT JOIN ry_page_lang on ry_page.page_id = ry_page_lang.page_id  WHERE ( ry_page.page_id = '1' ) AND ( `lang_code` = 'en-us' ) LIMIT 1  [ RunTime:0.000515s ]
[ 2012-01-02T17:17:28-05:00 ] NOTIC: [8] Undefined index: zh-cn f1168e1a70762ad5ec3a227d9624f41f.php 第 31 行.
[ 2012-01-02T17:17:30-05:00 ] SQL: SHOW COLUMNS FROM `ry_page` [ RunTime:0.004112s ]
[ 2012-01-02T17:17:30-05:00 ] SQL: SELECT ry_page.*, 
									 			ry_page_lang.page_lang_id AS tj_id, 
												ry_page_lang.page_id AS tjfk_page_id, 
												ry_page_lang.lang_code AS tj_lang_name, 
												ry_page_lang.lang_name AS tj_title,
												ry_page_lang.page_title AS tj_summary,
												ry_page_lang.page_summary AS tj_summary,
												ry_page_lang.page_content AS tj_content FROM `ry_page` LEFT JOIN ry_page_lang on ry_page.page_id = ry_page_lang.page_id  WHERE ( ry_page.page_id = '2' ) AND ( `lang_code` = 'en-us' ) LIMIT 1  [ RunTime:0.000534s ]
[ 2012-01-02T17:17:30-05:00 ] SQL: SELECT * FROM `ry_page` WHERE ( ry_page.page_id = '2' ) AND ( `lang_code` = 'en-us' ) LIMIT 1  [ RunTime:0.000202s ]
[ 2012-01-02T17:17:30-05:00 ] NOTIC: [8] Undefined index: zh-cn f1168e1a70762ad5ec3a227d9624f41f.php 第 31 行.
[ 2012-01-02T17:17:31-05:00 ] SQL: SHOW COLUMNS FROM `ry_page` [ RunTime:0.003866s ]
[ 2012-01-02T17:17:31-05:00 ] SQL: SELECT ry_page.*, 
									 			ry_page_lang.page_lang_id AS tj_id, 
												ry_page_lang.page_id AS tjfk_page_id, 
												ry_page_lang.lang_code AS tj_lang_name, 
												ry_page_lang.lang_name AS tj_title,
												ry_page_lang.page_title AS tj_summary,
												ry_page_lang.page_summary AS tj_summary,
												ry_page_lang.page_content AS tj_content FROM `ry_page` LEFT JOIN ry_page_lang on ry_page.page_id = ry_page_lang.page_id  WHERE ( ry_page.page_id = '1' ) AND ( `lang_code` = 'en-us' ) LIMIT 1  [ RunTime:0.000498s ]
[ 2012-01-02T17:17:31-05:00 ] NOTIC: [8] Undefined index: zh-cn f1168e1a70762ad5ec3a227d9624f41f.php 第 31 行.
[ 2012-01-02T17:17:38-05:00 ] SQL: SHOW COLUMNS FROM `ry_page` [ RunTime:0.004365s ]
[ 2012-01-02T17:17:38-05:00 ] SQL: SELECT ry_page.*, 
									 			ry_page_lang.page_lang_id AS tj_id, 
												ry_page_lang.page_id AS tjfk_page_id, 
												ry_page_lang.lang_code AS tj_lang_name, 
												ry_page_lang.lang_name AS tj_title,
												ry_page_lang.page_title AS tj_summary,
												ry_page_lang.page_summary AS tj_summary,
												ry_page_lang.page_content AS tj_content FROM `ry_page` LEFT JOIN ry_page_lang on ry_page.page_id = ry_page_lang.page_id  WHERE ( ry_page.page_id = '2' ) AND ( `lang_code` = 'en-us' ) LIMIT 1  [ RunTime:0.000479s ]
[ 2012-01-02T17:17:38-05:00 ] SQL: SELECT * FROM `ry_page` WHERE ( ry_page.page_id = '2' ) AND ( `lang_code` = 'en-us' ) LIMIT 1  [ RunTime:0.000227s ]
[ 2012-01-02T17:17:38-05:00 ] NOTIC: [8] Undefined index: zh-cn f1168e1a70762ad5ec3a227d9624f41f.php 第 31 行.
[ 2012-01-02T17:17:59-05:00 ] SQL: SHOW COLUMNS FROM `ry_page` [ RunTime:0.004157s ]
[ 2012-01-02T17:17:59-05:00 ] SQL: SELECT ry_page.*, 
									 			ry_page_lang.page_lang_id AS tj_id, 
												ry_page_lang.page_id AS tjfk_page_id, 
												ry_page_lang.lang_code AS tj_lang_name, 
												ry_page_lang.lang_name AS tj_title,
												ry_page_lang.page_title AS tj_summary,
												ry_page_lang.page_summary AS tj_summary,
												ry_page_lang.page_content AS tj_content FROM `ry_page` LEFT JOIN ry_page_lang on ry_page.page_id = ry_page_lang.page_id  WHERE ( ry_page.page_id = '1' ) AND ( `lang_code` = 'en-us' ) LIMIT 1  [ RunTime:0.000503s ]
[ 2012-01-02T17:18:00-05:00 ] NOTIC: [8] Undefined index: zh-cn f1168e1a70762ad5ec3a227d9624f41f.php 第 31 行.
[ 2012-01-02T17:18:02-05:00 ] SQL: SHOW COLUMNS FROM `ry_page` [ RunTime:0.004099s ]
[ 2012-01-02T17:18:02-05:00 ] SQL: SELECT ry_page.*, 
									 			ry_page_lang.page_lang_id AS tj_id, 
												ry_page_lang.page_id AS tjfk_page_id, 
												ry_page_lang.lang_code AS tj_lang_name, 
												ry_page_lang.lang_name AS tj_title,
												ry_page_lang.page_title AS tj_summary,
												ry_page_lang.page_summary AS tj_summary,
												ry_page_lang.page_content AS tj_content FROM `ry_page` LEFT JOIN ry_page_lang on ry_page.page_id = ry_page_lang.page_id  WHERE ( ry_page.page_id = '2' ) AND ( `lang_code` = 'en-us' ) LIMIT 1  [ RunTime:0.000399s ]
[ 2012-01-02T17:18:02-05:00 ] SQL: SELECT * FROM `ry_page` WHERE ( ry_page.page_id = '2' ) AND ( `lang_code` = 'en-us' ) LIMIT 1  [ RunTime:0.000203s ]
[ 2012-01-02T17:18:02-05:00 ] NOTIC: [8] Undefined index: zh-cn f1168e1a70762ad5ec3a227d9624f41f.php 第 31 行.
[ 2012-01-02T17:18:38-05:00 ] SQL: SHOW COLUMNS FROM `ry_page` [ RunTime:0.004346s ]
[ 2012-01-02T17:18:38-05:00 ] SQL: SELECT ry_page.*, 
									 			ry_page_lang.page_lang_id AS tj_id, 
												ry_page_lang.page_id AS tjfk_page_id, 
												ry_page_lang.lang_code AS tj_lang_name, 
												ry_page_lang.lang_name AS tj_title,
												ry_page_lang.page_title AS tj_summary,
												ry_page_lang.page_summary AS tj_summary,
												ry_page_lang.page_content AS tj_content FROM `ry_page` LEFT JOIN ry_page_lang on ry_page.page_id = ry_page_lang.page_id  WHERE ( ry_page.page_id = '1' ) AND ( `lang_code` = 'en-us' ) LIMIT 1  [ RunTime:0.000461s ]
[ 2012-01-02T17:18:38-05:00 ] NOTIC: [8] Undefined index: zh-cn f1168e1a70762ad5ec3a227d9624f41f.php 第 31 行.
[ 2012-01-02T17:18:40-05:00 ] SQL: SHOW COLUMNS FROM `ry_page` [ RunTime:0.004272s ]
[ 2012-01-02T17:18:40-05:00 ] SQL: SELECT ry_page.*, 
									 			ry_page_lang.page_lang_id AS tj_id, 
												ry_page_lang.page_id AS tjfk_page_id, 
												ry_page_lang.lang_code AS tj_lang_name, 
												ry_page_lang.lang_name AS tj_title,
												ry_page_lang.page_title AS tj_summary,
												ry_page_lang.page_summary AS tj_summary,
												ry_page_lang.page_content AS tj_content FROM `ry_page` LEFT JOIN ry_page_lang on ry_page.page_id = ry_page_lang.page_id  WHERE ( ry_page.page_id = '2' ) AND ( `lang_code` = 'en-us' ) LIMIT 1  [ RunTime:0.000431s ]
[ 2012-01-02T17:18:40-05:00 ] SQL: SELECT * FROM `ry_page` WHERE ( `page_id` = '2' ) LIMIT 1  [ RunTime:0.000321s ]
[ 2012-01-02T17:18:40-05:00 ] NOTIC: [8] Undefined index: zh-cn f1168e1a70762ad5ec3a227d9624f41f.php 第 31 行.
[ 2012-01-02T17:18:40-05:00 ] NOTIC: [8] Undefined index: tj_title f1168e1a70762ad5ec3a227d9624f41f.php 第 82 行.
[ 2012-01-02T17:18:40-05:00 ] NOTIC: [8] Undefined index: tj_summary f1168e1a70762ad5ec3a227d9624f41f.php 第 83 行.
[ 2012-01-02T17:18:40-05:00 ] NOTIC: [8] Undefined index: tj_content f1168e1a70762ad5ec3a227d9624f41f.php 第 84 行.
[ 2012-01-02T17:18:43-05:00 ] SQL: SHOW COLUMNS FROM `ry_page` [ RunTime:0.003951s ]
[ 2012-01-02T17:18:43-05:00 ] SQL: SELECT ry_page.*, 
									 			ry_page_lang.page_lang_id AS tj_id, 
												ry_page_lang.page_id AS tjfk_page_id, 
												ry_page_lang.lang_code AS tj_lang_name, 
												ry_page_lang.lang_name AS tj_title,
												ry_page_lang.page_title AS tj_summary,
												ry_page_lang.page_summary AS tj_summary,
												ry_page_lang.page_content AS tj_content FROM `ry_page` LEFT JOIN ry_page_lang on ry_page.page_id = ry_page_lang.page_id  WHERE ( ry_page.page_id = '3' ) AND ( `lang_code` = 'en-us' ) LIMIT 1  [ RunTime:0.000411s ]
[ 2012-01-02T17:18:43-05:00 ] SQL: SELECT * FROM `ry_page` WHERE ( `page_id` = '3' ) LIMIT 1  [ RunTime:0.000222s ]
[ 2012-01-02T17:18:43-05:00 ] NOTIC: [8] Undefined index: zh-cn f1168e1a70762ad5ec3a227d9624f41f.php 第 31 行.
[ 2012-01-02T17:18:43-05:00 ] NOTIC: [8] Undefined index: tj_title f1168e1a70762ad5ec3a227d9624f41f.php 第 82 行.
[ 2012-01-02T17:18:43-05:00 ] NOTIC: [8] Undefined index: tj_summary f1168e1a70762ad5ec3a227d9624f41f.php 第 83 行.
[ 2012-01-02T17:18:43-05:00 ] NOTIC: [8] Undefined index: tj_content f1168e1a70762ad5ec3a227d9624f41f.php 第 84 行.
[ 2012-01-02T17:18:45-05:00 ] SQL: SHOW COLUMNS FROM `ry_page` [ RunTime:0.004017s ]
[ 2012-01-02T17:18:45-05:00 ] SQL: SELECT ry_page.*, 
									 			ry_page_lang.page_lang_id AS tj_id, 
												ry_page_lang.page_id AS tjfk_page_id, 
												ry_page_lang.lang_code AS tj_lang_name, 
												ry_page_lang.lang_name AS tj_title,
												ry_page_lang.page_title AS tj_summary,
												ry_page_lang.page_summary AS tj_summary,
												ry_page_lang.page_content AS tj_content FROM `ry_page` LEFT JOIN ry_page_lang on ry_page.page_id = ry_page_lang.page_id  WHERE ( ry_page.page_id = '4' ) AND ( `lang_code` = 'en-us' ) LIMIT 1  [ RunTime:0.000479s ]
[ 2012-01-02T17:18:45-05:00 ] SQL: SELECT * FROM `ry_page` WHERE ( `page_id` = '4' ) LIMIT 1  [ RunTime:0.000345s ]
[ 2012-01-02T17:18:45-05:00 ] NOTIC: [8] Undefined index: zh-cn f1168e1a70762ad5ec3a227d9624f41f.php 第 31 行.
[ 2012-01-02T17:18:45-05:00 ] NOTIC: [8] Undefined index: tj_title f1168e1a70762ad5ec3a227d9624f41f.php 第 82 行.
[ 2012-01-02T17:18:45-05:00 ] NOTIC: [8] Undefined index: tj_summary f1168e1a70762ad5ec3a227d9624f41f.php 第 83 行.
[ 2012-01-02T17:18:45-05:00 ] NOTIC: [8] Undefined index: tj_content f1168e1a70762ad5ec3a227d9624f41f.php 第 84 行.
[ 2012-01-02T17:19:35-05:00 ] SQL: SHOW COLUMNS FROM `ry_page` [ RunTime:0.004267s ]
[ 2012-01-02T17:19:35-05:00 ] SQL: SELECT ry_page.*, 
									 			ry_page_lang.page_lang_id AS tj_id, 
												ry_page_lang.page_id AS tjfk_page_id, 
												ry_page_lang.lang_code AS tj_lang_name, 
												ry_page_lang.lang_name AS tj_title,
												ry_page_lang.page_title AS tj_summary,
												ry_page_lang.page_summary AS tj_summary,
												ry_page_lang.page_content AS tj_content FROM `ry_page` LEFT JOIN ry_page_lang on ry_page.page_id = ry_page_lang.page_id  WHERE ( ry_page.page_id = 'index.php' ) AND ( `lang_code` = 'en-us' ) LIMIT 1  [ RunTime:0.000478s ]
[ 2012-01-02T17:19:35-05:00 ] SQL: SELECT * FROM `ry_page` WHERE ( `page_id` = 'index.php' ) LIMIT 1  [ RunTime:0.000191s ]
[ 2012-01-02T17:19:35-05:00 ] NOTIC: [8] Undefined index: zh-cn f1168e1a70762ad5ec3a227d9624f41f.php 第 31 行.
[ 2012-01-02T17:19:38-05:00 ] SQL: SHOW COLUMNS FROM `ry_page` [ RunTime:0.004388s ]
[ 2012-01-02T17:19:38-05:00 ] SQL: SELECT ry_page.*, 
									 			ry_page_lang.page_lang_id AS tj_id, 
												ry_page_lang.page_id AS tjfk_page_id, 
												ry_page_lang.lang_code AS tj_lang_name, 
												ry_page_lang.lang_name AS tj_title,
												ry_page_lang.page_title AS tj_summary,
												ry_page_lang.page_summary AS tj_summary,
												ry_page_lang.page_content AS tj_content FROM `ry_page` LEFT JOIN ry_page_lang on ry_page.page_id = ry_page_lang.page_id  WHERE ( ry_page.page_id = '1' ) AND ( `lang_code` = 'en-us' ) LIMIT 1  [ RunTime:0.000633s ]
[ 2012-01-02T17:19:38-05:00 ] NOTIC: [8] Undefined index: zh-cn f1168e1a70762ad5ec3a227d9624f41f.php 第 31 行.
[ 2012-01-02T17:19:39-05:00 ] SQL: SHOW COLUMNS FROM `ry_page` [ RunTime:0.004489s ]
[ 2012-01-02T17:19:39-05:00 ] SQL: SELECT ry_page.*, 
									 			ry_page_lang.page_lang_id AS tj_id, 
												ry_page_lang.page_id AS tjfk_page_id, 
												ry_page_lang.lang_code AS tj_lang_name, 
												ry_page_lang.lang_name AS tj_title,
												ry_page_lang.page_title AS tj_summary,
												ry_page_lang.page_summary AS tj_summary,
												ry_page_lang.page_content AS tj_content FROM `ry_page` LEFT JOIN ry_page_lang on ry_page.page_id = ry_page_lang.page_id  WHERE ( ry_page.page_id = '2' ) AND ( `lang_code` = 'en-us' ) LIMIT 1  [ RunTime:0.000444s ]
[ 2012-01-02T17:19:39-05:00 ] SQL: SELECT * FROM `ry_page` WHERE ( `page_id` = '2' ) LIMIT 1  [ RunTime:0.000308s ]
[ 2012-01-02T17:19:39-05:00 ] NOTIC: [8] Undefined index: zh-cn f1168e1a70762ad5ec3a227d9624f41f.php 第 31 行.
[ 2012-01-02T17:19:39-05:00 ] NOTIC: [8] Undefined index: tj_title f1168e1a70762ad5ec3a227d9624f41f.php 第 82 行.
[ 2012-01-02T17:19:39-05:00 ] NOTIC: [8] Undefined index: tj_summary f1168e1a70762ad5ec3a227d9624f41f.php 第 83 行.
[ 2012-01-02T17:19:39-05:00 ] NOTIC: [8] Undefined index: tj_content f1168e1a70762ad5ec3a227d9624f41f.php 第 84 行.
[ 2012-01-02T17:19:41-05:00 ] SQL: SHOW COLUMNS FROM `ry_page` [ RunTime:0.003932s ]
[ 2012-01-02T17:19:41-05:00 ] SQL: SELECT ry_page.*, 
									 			ry_page_lang.page_lang_id AS tj_id, 
												ry_page_lang.page_id AS tjfk_page_id, 
												ry_page_lang.lang_code AS tj_lang_name, 
												ry_page_lang.lang_name AS tj_title,
												ry_page_lang.page_title AS tj_summary,
												ry_page_lang.page_summary AS tj_summary,
												ry_page_lang.page_content AS tj_content FROM `ry_page` LEFT JOIN ry_page_lang on ry_page.page_id = ry_page_lang.page_id  WHERE ( ry_page.page_id = '3' ) AND ( `lang_code` = 'en-us' ) LIMIT 1  [ RunTime:0.000538s ]
[ 2012-01-02T17:19:41-05:00 ] SQL: SELECT * FROM `ry_page` WHERE ( `page_id` = '3' ) LIMIT 1  [ RunTime:0.000690s ]
[ 2012-01-02T17:19:41-05:00 ] NOTIC: [8] Undefined index: zh-cn f1168e1a70762ad5ec3a227d9624f41f.php 第 31 行.
[ 2012-01-02T17:19:41-05:00 ] NOTIC: [8] Undefined index: tj_title f1168e1a70762ad5ec3a227d9624f41f.php 第 82 行.
[ 2012-01-02T17:19:41-05:00 ] NOTIC: [8] Undefined index: tj_summary f1168e1a70762ad5ec3a227d9624f41f.php 第 83 行.
[ 2012-01-02T17:19:41-05:00 ] NOTIC: [8] Undefined index: tj_content f1168e1a70762ad5ec3a227d9624f41f.php 第 84 行.
[ 2012-01-02T17:19:41-05:00 ] SQL: SHOW COLUMNS FROM `ry_page` [ RunTime:0.004120s ]
[ 2012-01-02T17:19:41-05:00 ] SQL: SELECT ry_page.*, 
									 			ry_page_lang.page_lang_id AS tj_id, 
												ry_page_lang.page_id AS tjfk_page_id, 
												ry_page_lang.lang_code AS tj_lang_name, 
												ry_page_lang.lang_name AS tj_title,
												ry_page_lang.page_title AS tj_summary,
												ry_page_lang.page_summary AS tj_summary,
												ry_page_lang.page_content AS tj_content FROM `ry_page` LEFT JOIN ry_page_lang on ry_page.page_id = ry_page_lang.page_id  WHERE ( ry_page.page_id = '4' ) AND ( `lang_code` = 'en-us' ) LIMIT 1  [ RunTime:0.000497s ]
[ 2012-01-02T17:19:41-05:00 ] SQL: SELECT * FROM `ry_page` WHERE ( `page_id` = '4' ) LIMIT 1  [ RunTime:0.000222s ]
[ 2012-01-02T17:19:41-05:00 ] NOTIC: [8] Undefined index: zh-cn f1168e1a70762ad5ec3a227d9624f41f.php 第 31 行.
[ 2012-01-02T17:19:41-05:00 ] NOTIC: [8] Undefined index: tj_title f1168e1a70762ad5ec3a227d9624f41f.php 第 82 行.
[ 2012-01-02T17:19:41-05:00 ] NOTIC: [8] Undefined index: tj_summary f1168e1a70762ad5ec3a227d9624f41f.php 第 83 行.
[ 2012-01-02T17:19:41-05:00 ] NOTIC: [8] Undefined index: tj_content f1168e1a70762ad5ec3a227d9624f41f.php 第 84 行.
[ 2012-01-02T17:19:43-05:00 ] SQL: SHOW COLUMNS FROM `ry_page` [ RunTime:0.004037s ]
[ 2012-01-02T17:19:43-05:00 ] SQL: SELECT ry_page.*, 
									 			ry_page_lang.page_lang_id AS tj_id, 
												ry_page_lang.page_id AS tjfk_page_id, 
												ry_page_lang.lang_code AS tj_lang_name, 
												ry_page_lang.lang_name AS tj_title,
												ry_page_lang.page_title AS tj_summary,
												ry_page_lang.page_summary AS tj_summary,
												ry_page_lang.page_content AS tj_content FROM `ry_page` LEFT JOIN ry_page_lang on ry_page.page_id = ry_page_lang.page_id  WHERE ( ry_page.page_id = '1' ) AND ( `lang_code` = 'en-us' ) LIMIT 1  [ RunTime:0.000466s ]
[ 2012-01-02T17:19:43-05:00 ] NOTIC: [8] Undefined index: zh-cn f1168e1a70762ad5ec3a227d9624f41f.php 第 31 行.
[ 2012-01-02T17:20:19-05:00 ] SQL: SHOW COLUMNS FROM `ry_page` [ RunTime:0.004123s ]
[ 2012-01-02T17:20:19-05:00 ] SQL: SELECT ry_page.*, 
									 			ry_page_lang.page_lang_id AS tj_id, 
												ry_page_lang.page_id AS tjfk_page_id, 
												ry_page_lang.lang_code AS tj_lang_name, 
												ry_page_lang.lang_name AS tj_title,
												ry_page_lang.page_title AS tj_summary,
												ry_page_lang.page_summary AS tj_summary,
												ry_page_lang.page_content AS tj_content FROM `ry_page` LEFT JOIN ry_page_lang on ry_page.page_id = ry_page_lang.page_id  WHERE ( ry_page.page_id = '1' ) AND ( `lang_code` = 'en-us' ) LIMIT 1  [ RunTime:0.000523s ]
[ 2012-01-02T17:20:19-05:00 ] NOTIC: [8] Undefined index: zh-cn f1168e1a70762ad5ec3a227d9624f41f.php 第 31 行.
[ 2012-01-02T17:20:20-05:00 ] SQL: SHOW COLUMNS FROM `ry_page` [ RunTime:0.003959s ]
[ 2012-01-02T17:20:20-05:00 ] SQL: SELECT ry_page.*, 
									 			ry_page_lang.page_lang_id AS tj_id, 
												ry_page_lang.page_id AS tjfk_page_id, 
												ry_page_lang.lang_code AS tj_lang_name, 
												ry_page_lang.lang_name AS tj_title,
												ry_page_lang.page_title AS tj_summary,
												ry_page_lang.page_summary AS tj_summary,
												ry_page_lang.page_content AS tj_content FROM `ry_page` LEFT JOIN ry_page_lang on ry_page.page_id = ry_page_lang.page_id  WHERE ( ry_page.page_id = '2' ) AND ( `lang_code` = 'en-us' ) LIMIT 1  [ RunTime:0.000467s ]
[ 2012-01-02T17:20:20-05:00 ] SQL: SELECT * FROM `ry_page` WHERE ( `page_id` = '2' ) LIMIT 1  [ RunTime:0.000240s ]
[ 2012-01-02T17:20:20-05:00 ] NOTIC: [8] Undefined index: zh-cn f1168e1a70762ad5ec3a227d9624f41f.php 第 31 行.
[ 2012-01-02T17:20:20-05:00 ] NOTIC: [8] Undefined index: tj_title f1168e1a70762ad5ec3a227d9624f41f.php 第 82 行.
[ 2012-01-02T17:20:20-05:00 ] NOTIC: [8] Undefined index: tj_summary f1168e1a70762ad5ec3a227d9624f41f.php 第 83 行.
[ 2012-01-02T17:20:20-05:00 ] NOTIC: [8] Undefined index: tj_content f1168e1a70762ad5ec3a227d9624f41f.php 第 84 行.
[ 2012-01-02T17:20:21-05:00 ] SQL: SHOW COLUMNS FROM `ry_page` [ RunTime:0.003957s ]
[ 2012-01-02T17:20:21-05:00 ] SQL: SELECT ry_page.*, 
									 			ry_page_lang.page_lang_id AS tj_id, 
												ry_page_lang.page_id AS tjfk_page_id, 
												ry_page_lang.lang_code AS tj_lang_name, 
												ry_page_lang.lang_name AS tj_title,
												ry_page_lang.page_title AS tj_summary,
												ry_page_lang.page_summary AS tj_summary,
												ry_page_lang.page_content AS tj_content FROM `ry_page` LEFT JOIN ry_page_lang on ry_page.page_id = ry_page_lang.page_id  WHERE ( ry_page.page_id = '3' ) AND ( `lang_code` = 'en-us' ) LIMIT 1  [ RunTime:0.000426s ]
[ 2012-01-02T17:20:21-05:00 ] SQL: SELECT * FROM `ry_page` WHERE ( `page_id` = '3' ) LIMIT 1  [ RunTime:0.000209s ]
[ 2012-01-02T17:20:21-05:00 ] NOTIC: [8] Undefined index: zh-cn f1168e1a70762ad5ec3a227d9624f41f.php 第 31 行.
[ 2012-01-02T17:20:21-05:00 ] NOTIC: [8] Undefined index: tj_title f1168e1a70762ad5ec3a227d9624f41f.php 第 82 行.
[ 2012-01-02T17:20:21-05:00 ] NOTIC: [8] Undefined index: tj_summary f1168e1a70762ad5ec3a227d9624f41f.php 第 83 行.
[ 2012-01-02T17:20:21-05:00 ] NOTIC: [8] Undefined index: tj_content f1168e1a70762ad5ec3a227d9624f41f.php 第 84 行.
[ 2012-01-02T17:20:22-05:00 ] SQL: SHOW COLUMNS FROM `ry_page` [ RunTime:0.004042s ]
[ 2012-01-02T17:20:22-05:00 ] SQL: SELECT ry_page.*, 
									 			ry_page_lang.page_lang_id AS tj_id, 
												ry_page_lang.page_id AS tjfk_page_id, 
												ry_page_lang.lang_code AS tj_lang_name, 
												ry_page_lang.lang_name AS tj_title,
												ry_page_lang.page_title AS tj_summary,
												ry_page_lang.page_summary AS tj_summary,
												ry_page_lang.page_content AS tj_content FROM `ry_page` LEFT JOIN ry_page_lang on ry_page.page_id = ry_page_lang.page_id  WHERE ( ry_page.page_id = '4' ) AND ( `lang_code` = 'en-us' ) LIMIT 1  [ RunTime:0.000440s ]
[ 2012-01-02T17:20:22-05:00 ] SQL: SELECT * FROM `ry_page` WHERE ( `page_id` = '4' ) LIMIT 1  [ RunTime:0.000209s ]
[ 2012-01-02T17:20:22-05:00 ] NOTIC: [8] Undefined index: zh-cn f1168e1a70762ad5ec3a227d9624f41f.php 第 31 行.
[ 2012-01-02T17:20:22-05:00 ] NOTIC: [8] Undefined index: tj_title f1168e1a70762ad5ec3a227d9624f41f.php 第 82 行.
[ 2012-01-02T17:20:22-05:00 ] NOTIC: [8] Undefined index: tj_summary f1168e1a70762ad5ec3a227d9624f41f.php 第 83 行.
[ 2012-01-02T17:20:22-05:00 ] NOTIC: [8] Undefined index: tj_content f1168e1a70762ad5ec3a227d9624f41f.php 第 84 行.
[ 2012-01-02T17:20:23-05:00 ] SQL: SHOW COLUMNS FROM `ry_page` [ RunTime:0.004080s ]
[ 2012-01-02T17:20:23-05:00 ] SQL: SELECT ry_page.*, 
									 			ry_page_lang.page_lang_id AS tj_id, 
												ry_page_lang.page_id AS tjfk_page_id, 
												ry_page_lang.lang_code AS tj_lang_name, 
												ry_page_lang.lang_name AS tj_title,
												ry_page_lang.page_title AS tj_summary,
												ry_page_lang.page_summary AS tj_summary,
												ry_page_lang.page_content AS tj_content FROM `ry_page` LEFT JOIN ry_page_lang on ry_page.page_id = ry_page_lang.page_id  WHERE ( ry_page.page_id = '3' ) AND ( `lang_code` = 'en-us' ) LIMIT 1  [ RunTime:0.000415s ]
[ 2012-01-02T17:20:23-05:00 ] SQL: SELECT * FROM `ry_page` WHERE ( `page_id` = '3' ) LIMIT 1  [ RunTime:0.000302s ]
[ 2012-01-02T17:20:23-05:00 ] NOTIC: [8] Undefined index: zh-cn f1168e1a70762ad5ec3a227d9624f41f.php 第 31 行.
[ 2012-01-02T17:20:23-05:00 ] NOTIC: [8] Undefined index: tj_title f1168e1a70762ad5ec3a227d9624f41f.php 第 82 行.
[ 2012-01-02T17:20:23-05:00 ] NOTIC: [8] Undefined index: tj_summary f1168e1a70762ad5ec3a227d9624f41f.php 第 83 行.
[ 2012-01-02T17:20:23-05:00 ] NOTIC: [8] Undefined index: tj_content f1168e1a70762ad5ec3a227d9624f41f.php 第 84 行.
[ 2012-01-02T17:20:23-05:00 ] SQL: SHOW COLUMNS FROM `ry_page` [ RunTime:0.004797s ]
[ 2012-01-02T17:20:23-05:00 ] SQL: SELECT ry_page.*, 
									 			ry_page_lang.page_lang_id AS tj_id, 
												ry_page_lang.page_id AS tjfk_page_id, 
												ry_page_lang.lang_code AS tj_lang_name, 
												ry_page_lang.lang_name AS tj_title,
												ry_page_lang.page_title AS tj_summary,
												ry_page_lang.page_summary AS tj_summary,
												ry_page_lang.page_content AS tj_content FROM `ry_page` LEFT JOIN ry_page_lang on ry_page.page_id = ry_page_lang.page_id  WHERE ( ry_page.page_id = '2' ) AND ( `lang_code` = 'en-us' ) LIMIT 1  [ RunTime:0.000449s ]
[ 2012-01-02T17:20:23-05:00 ] SQL: SELECT * FROM `ry_page` WHERE ( `page_id` = '2' ) LIMIT 1  [ RunTime:0.000206s ]
[ 2012-01-02T17:20:23-05:00 ] NOTIC: [8] Undefined index: zh-cn f1168e1a70762ad5ec3a227d9624f41f.php 第 31 行.
[ 2012-01-02T17:20:23-05:00 ] NOTIC: [8] Undefined index: tj_title f1168e1a70762ad5ec3a227d9624f41f.php 第 82 行.
[ 2012-01-02T17:20:23-05:00 ] NOTIC: [8] Undefined index: tj_summary f1168e1a70762ad5ec3a227d9624f41f.php 第 83 行.
[ 2012-01-02T17:20:23-05:00 ] NOTIC: [8] Undefined index: tj_content f1168e1a70762ad5ec3a227d9624f41f.php 第 84 行.
[ 2012-01-02T17:20:24-05:00 ] SQL: SHOW COLUMNS FROM `ry_page` [ RunTime:0.004190s ]
[ 2012-01-02T17:20:24-05:00 ] SQL: SELECT ry_page.*, 
									 			ry_page_lang.page_lang_id AS tj_id, 
												ry_page_lang.page_id AS tjfk_page_id, 
												ry_page_lang.lang_code AS tj_lang_name, 
												ry_page_lang.lang_name AS tj_title,
												ry_page_lang.page_title AS tj_summary,
												ry_page_lang.page_summary AS tj_summary,
												ry_page_lang.page_content AS tj_content FROM `ry_page` LEFT JOIN ry_page_lang on ry_page.page_id = ry_page_lang.page_id  WHERE ( ry_page.page_id = '1' ) AND ( `lang_code` = 'en-us' ) LIMIT 1  [ RunTime:0.000499s ]
[ 2012-01-02T17:20:24-05:00 ] NOTIC: [8] Undefined index: zh-cn f1168e1a70762ad5ec3a227d9624f41f.php 第 31 行.
[ 2012-01-02T17:20:28-05:00 ] SQL: SHOW COLUMNS FROM `ry_page` [ RunTime:0.004123s ]
[ 2012-01-02T17:20:28-05:00 ] SQL: SELECT ry_page.*, 
									 			ry_page_lang.page_lang_id AS tj_id, 
												ry_page_lang.page_id AS tjfk_page_id, 
												ry_page_lang.lang_code AS tj_lang_name, 
												ry_page_lang.lang_name AS tj_title,
												ry_page_lang.page_title AS tj_summary,
												ry_page_lang.page_summary AS tj_summary,
												ry_page_lang.page_content AS tj_content FROM `ry_page` LEFT JOIN ry_page_lang on ry_page.page_id = ry_page_lang.page_id  WHERE ( ry_page.page_id = '2' ) AND ( `lang_code` = 'en-us' ) LIMIT 1  [ RunTime:0.000408s ]
[ 2012-01-02T17:20:28-05:00 ] SQL: SELECT * FROM `ry_page` WHERE ( `page_id` = '2' ) LIMIT 1  [ RunTime:0.000203s ]
[ 2012-01-02T17:20:28-05:00 ] NOTIC: [8] Undefined index: zh-cn f1168e1a70762ad5ec3a227d9624f41f.php 第 31 行.
[ 2012-01-02T17:20:28-05:00 ] NOTIC: [8] Undefined index: tj_title f1168e1a70762ad5ec3a227d9624f41f.php 第 82 行.
[ 2012-01-02T17:20:28-05:00 ] NOTIC: [8] Undefined index: tj_summary f1168e1a70762ad5ec3a227d9624f41f.php 第 83 行.
[ 2012-01-02T17:20:28-05:00 ] NOTIC: [8] Undefined index: tj_content f1168e1a70762ad5ec3a227d9624f41f.php 第 84 行.
[ 2012-01-02T17:20:29-05:00 ] SQL: SHOW COLUMNS FROM `ry_page` [ RunTime:0.004055s ]
[ 2012-01-02T17:20:29-05:00 ] SQL: SELECT ry_page.*, 
									 			ry_page_lang.page_lang_id AS tj_id, 
												ry_page_lang.page_id AS tjfk_page_id, 
												ry_page_lang.lang_code AS tj_lang_name, 
												ry_page_lang.lang_name AS tj_title,
												ry_page_lang.page_title AS tj_summary,
												ry_page_lang.page_summary AS tj_summary,
												ry_page_lang.page_content AS tj_content FROM `ry_page` LEFT JOIN ry_page_lang on ry_page.page_id = ry_page_lang.page_id  WHERE ( ry_page.page_id = '1' ) AND ( `lang_code` = 'en-us' ) LIMIT 1  [ RunTime:0.000445s ]
[ 2012-01-02T17:20:29-05:00 ] NOTIC: [8] Undefined index: zh-cn f1168e1a70762ad5ec3a227d9624f41f.php 第 31 行.
[ 2012-01-02T17:20:31-05:00 ] SQL: SHOW COLUMNS FROM `ry_page` [ RunTime:0.003957s ]
[ 2012-01-02T17:20:31-05:00 ] SQL: SELECT ry_page.*, 
									 			ry_page_lang.page_lang_id AS tj_id, 
												ry_page_lang.page_id AS tjfk_page_id, 
												ry_page_lang.lang_code AS tj_lang_name, 
												ry_page_lang.lang_name AS tj_title,
												ry_page_lang.page_title AS tj_summary,
												ry_page_lang.page_summary AS tj_summary,
												ry_page_lang.page_content AS tj_content FROM `ry_page` LEFT JOIN ry_page_lang on ry_page.page_id = ry_page_lang.page_id  WHERE ( ry_page.page_id = '2' ) AND ( `lang_code` = 'en-us' ) LIMIT 1  [ RunTime:0.000433s ]
[ 2012-01-02T17:20:31-05:00 ] SQL: SELECT * FROM `ry_page` WHERE ( `page_id` = '2' ) LIMIT 1  [ RunTime:0.000210s ]
[ 2012-01-02T17:20:31-05:00 ] NOTIC: [8] Undefined index: zh-cn f1168e1a70762ad5ec3a227d9624f41f.php 第 31 行.
[ 2012-01-02T17:20:31-05:00 ] NOTIC: [8] Undefined index: tj_title f1168e1a70762ad5ec3a227d9624f41f.php 第 82 行.
[ 2012-01-02T17:20:31-05:00 ] NOTIC: [8] Undefined index: tj_summary f1168e1a70762ad5ec3a227d9624f41f.php 第 83 行.
[ 2012-01-02T17:20:31-05:00 ] NOTIC: [8] Undefined index: tj_content f1168e1a70762ad5ec3a227d9624f41f.php 第 84 行.
[ 2012-01-02T17:20:32-05:00 ] SQL: SHOW COLUMNS FROM `ry_page` [ RunTime:0.004547s ]
[ 2012-01-02T17:20:32-05:00 ] SQL: SELECT ry_page.*, 
									 			ry_page_lang.page_lang_id AS tj_id, 
												ry_page_lang.page_id AS tjfk_page_id, 
												ry_page_lang.lang_code AS tj_lang_name, 
												ry_page_lang.lang_name AS tj_title,
												ry_page_lang.page_title AS tj_summary,
												ry_page_lang.page_summary AS tj_summary,
												ry_page_lang.page_content AS tj_content FROM `ry_page` LEFT JOIN ry_page_lang on ry_page.page_id = ry_page_lang.page_id  WHERE ( ry_page.page_id = '3' ) AND ( `lang_code` = 'en-us' ) LIMIT 1  [ RunTime:0.000466s ]
[ 2012-01-02T17:20:32-05:00 ] SQL: SELECT * FROM `ry_page` WHERE ( `page_id` = '3' ) LIMIT 1  [ RunTime:0.000208s ]
[ 2012-01-02T17:20:32-05:00 ] NOTIC: [8] Undefined index: zh-cn f1168e1a70762ad5ec3a227d9624f41f.php 第 31 行.
[ 2012-01-02T17:20:32-05:00 ] NOTIC: [8] Undefined index: tj_title f1168e1a70762ad5ec3a227d9624f41f.php 第 82 行.
[ 2012-01-02T17:20:32-05:00 ] NOTIC: [8] Undefined index: tj_summary f1168e1a70762ad5ec3a227d9624f41f.php 第 83 行.
[ 2012-01-02T17:20:32-05:00 ] NOTIC: [8] Undefined index: tj_content f1168e1a70762ad5ec3a227d9624f41f.php 第 84 行.
[ 2012-01-02T17:20:32-05:00 ] SQL: SHOW COLUMNS FROM `ry_page` [ RunTime:0.004230s ]
[ 2012-01-02T17:20:32-05:00 ] SQL: SELECT ry_page.*, 
									 			ry_page_lang.page_lang_id AS tj_id, 
												ry_page_lang.page_id AS tjfk_page_id, 
												ry_page_lang.lang_code AS tj_lang_name, 
												ry_page_lang.lang_name AS tj_title,
												ry_page_lang.page_title AS tj_summary,
												ry_page_lang.page_summary AS tj_summary,
												ry_page_lang.page_content AS tj_content FROM `ry_page` LEFT JOIN ry_page_lang on ry_page.page_id = ry_page_lang.page_id  WHERE ( ry_page.page_id = '4' ) AND ( `lang_code` = 'en-us' ) LIMIT 1  [ RunTime:0.000418s ]
[ 2012-01-02T17:20:32-05:00 ] SQL: SELECT * FROM `ry_page` WHERE ( `page_id` = '4' ) LIMIT 1  [ RunTime:0.000213s ]
[ 2012-01-02T17:20:32-05:00 ] NOTIC: [8] Undefined index: zh-cn f1168e1a70762ad5ec3a227d9624f41f.php 第 31 行.
[ 2012-01-02T17:20:32-05:00 ] NOTIC: [8] Undefined index: tj_title f1168e1a70762ad5ec3a227d9624f41f.php 第 82 行.
[ 2012-01-02T17:20:32-05:00 ] NOTIC: [8] Undefined index: tj_summary f1168e1a70762ad5ec3a227d9624f41f.php 第 83 行.
[ 2012-01-02T17:20:32-05:00 ] NOTIC: [8] Undefined index: tj_content f1168e1a70762ad5ec3a227d9624f41f.php 第 84 行.
[ 2012-01-02T17:20:33-05:00 ] SQL: SHOW COLUMNS FROM `ry_page` [ RunTime:0.004512s ]
[ 2012-01-02T17:20:33-05:00 ] SQL: SELECT ry_page.*, 
									 			ry_page_lang.page_lang_id AS tj_id, 
												ry_page_lang.page_id AS tjfk_page_id, 
												ry_page_lang.lang_code AS tj_lang_name, 
												ry_page_lang.lang_name AS tj_title,
												ry_page_lang.page_title AS tj_summary,
												ry_page_lang.page_summary AS tj_summary,
												ry_page_lang.page_content AS tj_content FROM `ry_page` LEFT JOIN ry_page_lang on ry_page.page_id = ry_page_lang.page_id  WHERE ( ry_page.page_id = '1' ) AND ( `lang_code` = 'en-us' ) LIMIT 1  [ RunTime:0.000527s ]
[ 2012-01-02T17:20:33-05:00 ] NOTIC: [8] Undefined index: zh-cn f1168e1a70762ad5ec3a227d9624f41f.php 第 31 行.
[ 2012-01-02T17:30:00-05:00 ] SQL: SHOW COLUMNS FROM `ry_page` [ RunTime:0.005417s ]
[ 2012-01-02T17:30:00-05:00 ] SQL: SELECT ry_page.*, 
									 			ry_page_lang.page_lang_id AS tj_id, 
												ry_page_lang.page_id AS tjfk_page_id, 
												ry_page_lang.lang_code AS tj_lang_name, 
												ry_page_lang.lang_name AS tj_title,
												ry_page_lang.page_title AS tj_summary,
												ry_page_lang.page_summary AS tj_summary,
												ry_page_lang.page_content AS tj_content FROM `ry_page` LEFT JOIN ry_page_lang on ry_page.page_id = ry_page_lang.page_id  WHERE ( ry_page.page_id = '2' ) AND ( `lang_code` = 'en-us' ) LIMIT 1  [ RunTime:0.001627s ]
[ 2012-01-02T17:30:00-05:00 ] SQL: SELECT * FROM `ry_page` WHERE ( `page_id` = '2' ) LIMIT 1  [ RunTime:0.000247s ]
[ 2012-01-02T17:30:00-05:00 ] NOTIC: [8] Undefined index: zh-cn f1168e1a70762ad5ec3a227d9624f41f.php 第 31 行.
[ 2012-01-02T17:30:00-05:00 ] NOTIC: [8] Undefined index: tj_title f1168e1a70762ad5ec3a227d9624f41f.php 第 82 行.
[ 2012-01-02T17:30:00-05:00 ] NOTIC: [8] Undefined index: tj_summary f1168e1a70762ad5ec3a227d9624f41f.php 第 83 行.
[ 2012-01-02T17:30:00-05:00 ] NOTIC: [8] Undefined index: tj_content f1168e1a70762ad5ec3a227d9624f41f.php 第 84 行.
