[ 2011-12-06T20:37:36-05:00 ] SQL: SHOW COLUMNS FROM `ry_users` [ RunTime:0.011326s ]
[ 2011-12-06T20:37:37-05:00 ] SQL: SHOW COLUMNS FROM `ry_users` [ RunTime:0.003843s ]
[ 2011-12-06T20:37:37-05:00 ] SQL: SELECT COUNT(*) AS tp_count FROM `ry_users` WHERE ( `user_name` = 'admin' ) AND ( `user_password` = 'e10adc3949ba59abbe56e057f20f883e' ) LIMIT 1  [ RunTime:0.001012s ]
[ 2011-12-06T20:37:37-05:00 ] SQL: SELECT * FROM `ry_users` WHERE ( `user_name` = 'admin' ) AND ( `user_password` = 'e10adc3949ba59abbe56e057f20f883e' ) LIMIT 1  [ RunTime:0.000914s ]
[ 2011-12-06T20:37:39-05:00 ] SQL: SHOW COLUMNS FROM `ry_task` [ RunTime:0.033406s ]
[ 2011-12-06T20:37:39-05:00 ] NOTIC: [2] trim() expects parameter 1 to be string, array given Db.class.php 第 507 行.
[ 2011-12-06T20:37:39-05:00 ] SQL: SELECT * FROM `ry_task` WHERE ( `user_id` = '1' ) AND ( `status` = 1 ) AND ( (`time` <= '2011-12-14 00:00:00') AND (`time` >= '2011-12-06 00:00:00')  ) ORDER BY time ASC [ RunTime:0.021760s ]
[ 2011-12-06T20:37:39-05:00 ] NOTIC: [2] trim() expects parameter 1 to be string, array given Db.class.php 第 507 行.
[ 2011-12-06T20:37:39-05:00 ] SQL: SELECT * FROM `ry_task` WHERE ( `user_id` = '1' ) AND ( `status` = 1 ) AND ( (`time` < '2011-12-07 00:00:00') AND (`time` >= '2011-12-06 00:00:00')  ) ORDER BY time ASC [ RunTime:0.000987s ]
[ 2011-12-06T20:37:39-05:00 ] NOTIC: [2] trim() expects parameter 1 to be string, array given Db.class.php 第 507 行.
[ 2011-12-06T20:37:39-05:00 ] SQL: SELECT * FROM `ry_task` WHERE ( `user_id` = '1' ) AND ( `status` = 1 ) AND ( (`time` < '2011-12-08 00:00:00') AND (`time` >= '2011-12-07 00:00:00')  ) ORDER BY time ASC [ RunTime:0.000964s ]
[ 2011-12-06T20:37:39-05:00 ] NOTIC: [2] trim() expects parameter 1 to be string, array given Db.class.php 第 507 行.
[ 2011-12-06T20:37:39-05:00 ] SQL: SELECT * FROM `ry_task` WHERE ( `user_id` = '1' ) AND ( `status` = 1 ) AND ( (`time` <= '2011-12-14 00:00:00') AND (`time` >= '2011-12-08 00:00:00')  ) ORDER BY time ASC [ RunTime:0.000958s ]
[ 2011-12-06T20:40:38-05:00 ] SQL: SHOW COLUMNS FROM `ry_users` [ RunTime:0.006820s ]
[ 2011-12-06T20:40:40-05:00 ] SQL: SHOW COLUMNS FROM `ry_users` [ RunTime:0.006587s ]
[ 2011-12-06T20:40:40-05:00 ] SQL: SELECT COUNT(*) AS tp_count FROM `ry_users` WHERE ( `user_name` = 'admin' ) AND ( `user_password` = 'e10adc3949ba59abbe56e057f20f883e' ) LIMIT 1  [ RunTime:0.000749s ]
[ 2011-12-06T20:40:40-05:00 ] SQL: SELECT * FROM `ry_users` WHERE ( `user_name` = 'admin' ) AND ( `user_password` = 'e10adc3949ba59abbe56e057f20f883e' ) LIMIT 1  [ RunTime:0.000644s ]
[ 2011-12-06T20:40:41-05:00 ] SQL: SHOW COLUMNS FROM `ry_task` [ RunTime:0.003947s ]
[ 2011-12-06T20:40:41-05:00 ] NOTIC: [2] trim() expects parameter 1 to be string, array given Db.class.php 第 507 行.
[ 2011-12-06T20:40:41-05:00 ] SQL: SELECT * FROM `ry_task` WHERE ( `user_id` = '1' ) AND ( `status` = 1 ) AND ( (`time` <= '2011-12-14 00:00:00') AND (`time` >= '2011-12-06 00:00:00')  ) ORDER BY time ASC [ RunTime:0.000767s ]
[ 2011-12-06T20:40:41-05:00 ] NOTIC: [2] trim() expects parameter 1 to be string, array given Db.class.php 第 507 行.
[ 2011-12-06T20:40:41-05:00 ] SQL: SELECT * FROM `ry_task` WHERE ( `user_id` = '1' ) AND ( `status` = 1 ) AND ( (`time` < '2011-12-07 00:00:00') AND (`time` >= '2011-12-06 00:00:00')  ) ORDER BY time ASC [ RunTime:0.001004s ]
[ 2011-12-06T20:40:41-05:00 ] NOTIC: [2] trim() expects parameter 1 to be string, array given Db.class.php 第 507 行.
[ 2011-12-06T20:40:41-05:00 ] SQL: SELECT * FROM `ry_task` WHERE ( `user_id` = '1' ) AND ( `status` = 1 ) AND ( (`time` < '2011-12-08 00:00:00') AND (`time` >= '2011-12-07 00:00:00')  ) ORDER BY time ASC [ RunTime:0.000734s ]
[ 2011-12-06T20:40:41-05:00 ] NOTIC: [2] trim() expects parameter 1 to be string, array given Db.class.php 第 507 行.
[ 2011-12-06T20:40:41-05:00 ] SQL: SELECT * FROM `ry_task` WHERE ( `user_id` = '1' ) AND ( `status` = 1 ) AND ( (`time` <= '2011-12-14 00:00:00') AND (`time` >= '2011-12-08 00:00:00')  ) ORDER BY time ASC [ RunTime:0.000740s ]
[ 2011-12-06T20:45:47-05:00 ] SQL: SHOW COLUMNS FROM `ry_task` [ RunTime:0.006715s ]
[ 2011-12-06T20:45:47-05:00 ] NOTIC: [2] trim() expects parameter 1 to be string, array given Db.class.php 第 507 行.
[ 2011-12-06T20:45:47-05:00 ] SQL: SELECT * FROM `ry_task` WHERE ( `user_id` = '1' ) AND ( `status` = 1 ) AND ( (`time` <= '2011-12-14 00:00:00') AND (`time` >= '2011-12-06 00:00:00')  ) ORDER BY time ASC [ RunTime:0.001063s ]
[ 2011-12-06T20:45:47-05:00 ] NOTIC: [2] trim() expects parameter 1 to be string, array given Db.class.php 第 507 行.
[ 2011-12-06T20:45:47-05:00 ] SQL: SELECT * FROM `ry_task` WHERE ( `user_id` = '1' ) AND ( `status` = 1 ) AND ( (`time` < '2011-12-07 00:00:00') AND (`time` >= '2011-12-06 00:00:00')  ) ORDER BY time ASC [ RunTime:0.001001s ]
[ 2011-12-06T20:45:47-05:00 ] NOTIC: [2] trim() expects parameter 1 to be string, array given Db.class.php 第 507 行.
[ 2011-12-06T20:45:47-05:00 ] SQL: SELECT * FROM `ry_task` WHERE ( `user_id` = '1' ) AND ( `status` = 1 ) AND ( (`time` < '2011-12-08 00:00:00') AND (`time` >= '2011-12-07 00:00:00')  ) ORDER BY time ASC [ RunTime:0.000873s ]
[ 2011-12-06T20:45:47-05:00 ] NOTIC: [2] trim() expects parameter 1 to be string, array given Db.class.php 第 507 行.
[ 2011-12-06T20:45:47-05:00 ] SQL: SELECT * FROM `ry_task` WHERE ( `user_id` = '1' ) AND ( `status` = 1 ) AND ( (`time` <= '2011-12-14 00:00:00') AND (`time` >= '2011-12-08 00:00:00')  ) ORDER BY time ASC [ RunTime:0.001075s ]
[ 2011-12-06T20:45:54-05:00 ] SQL: SHOW COLUMNS FROM `ry_task` [ RunTime:0.006473s ]
[ 2011-12-06T20:45:54-05:00 ] NOTIC: [2] trim() expects parameter 1 to be string, array given Db.class.php 第 507 行.
[ 2011-12-06T20:45:54-05:00 ] SQL: SELECT * FROM `ry_task` WHERE ( `user_id` = '1' ) AND ( `status` = 1 ) AND ( (`time` <= '2011-12-14 00:00:00') AND (`time` >= '2011-12-06 00:00:00')  ) ORDER BY time ASC [ RunTime:0.000754s ]
[ 2011-12-06T20:45:54-05:00 ] NOTIC: [2] trim() expects parameter 1 to be string, array given Db.class.php 第 507 行.
[ 2011-12-06T20:45:54-05:00 ] SQL: SELECT * FROM `ry_task` WHERE ( `user_id` = '1' ) AND ( `status` = 1 ) AND ( (`time` < '2011-12-07 00:00:00') AND (`time` >= '2011-12-06 00:00:00')  ) ORDER BY time ASC [ RunTime:0.000799s ]
[ 2011-12-06T20:45:54-05:00 ] NOTIC: [2] trim() expects parameter 1 to be string, array given Db.class.php 第 507 行.
[ 2011-12-06T20:45:54-05:00 ] SQL: SELECT * FROM `ry_task` WHERE ( `user_id` = '1' ) AND ( `status` = 1 ) AND ( (`time` < '2011-12-08 00:00:00') AND (`time` >= '2011-12-07 00:00:00')  ) ORDER BY time ASC [ RunTime:0.000990s ]
[ 2011-12-06T20:45:54-05:00 ] NOTIC: [2] trim() expects parameter 1 to be string, array given Db.class.php 第 507 行.
[ 2011-12-06T20:45:54-05:00 ] SQL: SELECT * FROM `ry_task` WHERE ( `user_id` = '1' ) AND ( `status` = 1 ) AND ( (`time` <= '2011-12-14 00:00:00') AND (`time` >= '2011-12-08 00:00:00')  ) ORDER BY time ASC [ RunTime:0.000727s ]
[ 2011-12-06T20:46:03-05:00 ] NOTIC: [8] Undefined variable: msg 4e053f024670b206a12d75c919481381.php 第 27 行.
[ 2011-12-06T20:46:08-05:00 ] NOTIC: [8] Undefined variable: msg 4e053f024670b206a12d75c919481381.php 第 27 行.
[ 2011-12-06T20:46:13-05:00 ] NOTIC: [8] Undefined variable: msg 4e053f024670b206a12d75c919481381.php 第 27 行.
