[ 2011-11-07T10:50:14+08:00 ] SQL: SHOW COLUMNS FROM `ry_users` [ RunTime:0.001700s ]
[ 2011-11-07T10:50:20+08:00 ] SQL: SHOW COLUMNS FROM `ry_users` [ RunTime:0.001703s ]
[ 2011-11-07T10:50:20+08:00 ] SQL: SELECT COUNT(*) AS tp_count FROM `ry_users` WHERE ( `user_name` = 'master' ) AND ( `user_password` = 'e10adc3949ba59abbe56e057f20f883e' ) LIMIT 1  [ RunTime:0.000993s ]
[ 2011-11-07T10:50:20+08:00 ] SQL: SELECT * FROM `ry_users` WHERE ( `user_name` = 'master' ) AND ( `user_password` = 'e10adc3949ba59abbe56e057f20f883e' ) LIMIT 1  [ RunTime:0.000115s ]
[ 2011-11-07T10:50:34+08:00 ] NOTIC: [8] Undefined variable: msg 4e053f024670b206a12d75c919481381.php 第 24 行.
[ 2011-11-07T10:51:03+08:00 ] NOTIC: [8] Undefined variable: msg 4e053f024670b206a12d75c919481381.php 第 24 行.
[ 2011-11-07T10:51:37+08:00 ] NOTIC: [8] Undefined variable: msg 4e053f024670b206a12d75c919481381.php 第 24 行.
[ 2011-11-08T11:39:03+08:00 ] SQL: SHOW COLUMNS FROM `ry_task` [ RunTime:0.004209s ]
[ 2011-11-07T22:39:03-05:00 ] NOTIC: [8] Array to string conversion Db.class.php 第 507 行.
[ 2011-11-07T22:39:03-05:00 ] SQL: SELECT * FROM `ry_task` WHERE ( `user_id` = '1' ) AND ( `status` = 1 ) AND ( (`time` <= '2011-11-15 00:00:00') AND (`time` >= '2011-11-07 00:00:00')  ) ORDER BY time ASC [ RunTime:0.000927s ]
[ 2011-11-07T22:39:03-05:00 ] NOTIC: [8] Array to string conversion Db.class.php 第 507 行.
[ 2011-11-07T22:39:03-05:00 ] SQL: SELECT * FROM `ry_task` WHERE ( `user_id` = '1' ) AND ( `status` = 1 ) AND ( (`time` < '2011-11-08 00:00:00') AND (`time` >= '2011-11-07 00:00:00')  ) ORDER BY time ASC [ RunTime:0.000123s ]
[ 2011-11-07T22:39:03-05:00 ] NOTIC: [8] Array to string conversion Db.class.php 第 507 行.
[ 2011-11-07T22:39:03-05:00 ] SQL: SELECT * FROM `ry_task` WHERE ( `user_id` = '1' ) AND ( `status` = 1 ) AND ( (`time` < '2011-11-09 00:00:00') AND (`time` >= '2011-11-08 00:00:00')  ) ORDER BY time ASC [ RunTime:0.000112s ]
[ 2011-11-07T22:39:03-05:00 ] NOTIC: [8] Array to string conversion Db.class.php 第 507 行.
[ 2011-11-07T22:39:03-05:00 ] SQL: SELECT * FROM `ry_task` WHERE ( `user_id` = '1' ) AND ( `status` = 1 ) AND ( (`time` <= '2011-11-15 00:00:00') AND (`time` >= '2011-11-09 00:00:00')  ) ORDER BY time ASC [ RunTime:0.000109s ]
[ 2011-11-08T11:39:47+08:00 ] SQL: SHOW COLUMNS FROM `ry_task` [ RunTime:0.001574s ]
[ 2011-11-07T22:39:47-05:00 ] NOTIC: [8] Array to string conversion Db.class.php 第 507 行.
[ 2011-11-07T22:39:47-05:00 ] SQL: SELECT * FROM `ry_task` WHERE ( `user_id` = '1' ) AND ( `status` = 1 ) AND ( (`time` <= '2011-11-15 00:00:00') AND (`time` >= '2011-11-07 00:00:00')  ) ORDER BY time ASC [ RunTime:0.001247s ]
[ 2011-11-07T22:39:47-05:00 ] NOTIC: [8] Array to string conversion Db.class.php 第 507 行.
[ 2011-11-07T22:39:47-05:00 ] SQL: SELECT * FROM `ry_task` WHERE ( `user_id` = '1' ) AND ( `status` = 1 ) AND ( (`time` < '2011-11-08 00:00:00') AND (`time` >= '2011-11-07 00:00:00')  ) ORDER BY time ASC [ RunTime:0.000124s ]
[ 2011-11-07T22:39:47-05:00 ] NOTIC: [8] Array to string conversion Db.class.php 第 507 行.
[ 2011-11-07T22:39:47-05:00 ] SQL: SELECT * FROM `ry_task` WHERE ( `user_id` = '1' ) AND ( `status` = 1 ) AND ( (`time` < '2011-11-09 00:00:00') AND (`time` >= '2011-11-08 00:00:00')  ) ORDER BY time ASC [ RunTime:0.000112s ]
[ 2011-11-07T22:39:47-05:00 ] NOTIC: [8] Array to string conversion Db.class.php 第 507 行.
[ 2011-11-07T22:39:47-05:00 ] SQL: SELECT * FROM `ry_task` WHERE ( `user_id` = '1' ) AND ( `status` = 1 ) AND ( (`time` <= '2011-11-15 00:00:00') AND (`time` >= '2011-11-09 00:00:00')  ) ORDER BY time ASC [ RunTime:0.000119s ]
