[ 2012-01-22T23:27:12-05:00 ] SQL: SHOW COLUMNS FROM `ry_task` [ RunTime:0.013996s ]
[ 2012-01-22T23:27:12-05:00 ] NOTIC: [2] trim() expects parameter 1 to be string, array given Db.class.php 第 507 行.
[ 2012-01-22T23:27:12-05:00 ] SQL: SELECT * FROM `ry_task` WHERE ( `user_id` = '1' ) AND ( `status` = 1 ) AND ( (`time` <= '2012-01-30 00:00:00') AND (`time` >= '2012-01-22 00:00:00')  ) ORDER BY time ASC [ RunTime:0.000489s ]
[ 2012-01-22T23:27:12-05:00 ] NOTIC: [2] trim() expects parameter 1 to be string, array given Db.class.php 第 507 行.
[ 2012-01-22T23:27:12-05:00 ] SQL: SELECT * FROM `ry_task` WHERE ( `user_id` = '1' ) AND ( `status` = 1 ) AND ( (`time` < '2012-01-23 00:00:00') AND (`time` >= '2012-01-22 00:00:00')  ) ORDER BY time ASC [ RunTime:0.000250s ]
[ 2012-01-22T23:27:12-05:00 ] NOTIC: [2] trim() expects parameter 1 to be string, array given Db.class.php 第 507 行.
[ 2012-01-22T23:27:12-05:00 ] SQL: SELECT * FROM `ry_task` WHERE ( `user_id` = '1' ) AND ( `status` = 1 ) AND ( (`time` < '2012-01-24 00:00:00') AND (`time` >= '2012-01-23 00:00:00')  ) ORDER BY time ASC [ RunTime:0.000358s ]
[ 2012-01-22T23:27:12-05:00 ] NOTIC: [2] trim() expects parameter 1 to be string, array given Db.class.php 第 507 行.
[ 2012-01-22T23:27:12-05:00 ] SQL: SELECT * FROM `ry_task` WHERE ( `user_id` = '1' ) AND ( `status` = 1 ) AND ( (`time` <= '2012-01-30 00:00:00') AND (`time` >= '2012-01-24 00:00:00')  ) ORDER BY time ASC [ RunTime:0.000295s ]
[ 2012-01-22T23:27:23-05:00 ] SQL: SHOW COLUMNS FROM `ry_task` [ RunTime:0.004128s ]
[ 2012-01-22T23:27:23-05:00 ] NOTIC: [8] Undefined variable: data ScheduleAction.class.php 第 44 行.
[ 2012-01-22T23:28:08-05:00 ] NOTIC: [8] Undefined variable: msg 4e053f024670b206a12d75c919481381.php 第 27 行.
[ 2012-01-22T23:28:10-05:00 ] NOTIC: [8] Undefined variable: msg 4e053f024670b206a12d75c919481381.php 第 27 行.
[ 2012-01-22T23:28:37-05:00 ] SQL: SHOW COLUMNS FROM `ry_task` [ RunTime:0.005004s ]
[ 2012-01-22T23:28:37-05:00 ] NOTIC: [2] trim() expects parameter 1 to be string, array given Db.class.php 第 507 行.
[ 2012-01-22T23:28:37-05:00 ] SQL: SELECT * FROM `ry_task` WHERE ( `user_id` = '1' ) AND ( `status` = 1 ) AND ( (`time` <= '2012-01-30 00:00:00') AND (`time` >= '2012-01-22 00:00:00')  ) ORDER BY time ASC [ RunTime:0.000493s ]
[ 2012-01-22T23:28:37-05:00 ] NOTIC: [2] trim() expects parameter 1 to be string, array given Db.class.php 第 507 行.
[ 2012-01-22T23:28:37-05:00 ] SQL: SELECT * FROM `ry_task` WHERE ( `user_id` = '1' ) AND ( `status` = 1 ) AND ( (`time` < '2012-01-23 00:00:00') AND (`time` >= '2012-01-22 00:00:00')  ) ORDER BY time ASC [ RunTime:0.000368s ]
[ 2012-01-22T23:28:37-05:00 ] NOTIC: [2] trim() expects parameter 1 to be string, array given Db.class.php 第 507 行.
[ 2012-01-22T23:28:37-05:00 ] SQL: SELECT * FROM `ry_task` WHERE ( `user_id` = '1' ) AND ( `status` = 1 ) AND ( (`time` < '2012-01-24 00:00:00') AND (`time` >= '2012-01-23 00:00:00')  ) ORDER BY time ASC [ RunTime:0.000315s ]
[ 2012-01-22T23:28:37-05:00 ] NOTIC: [2] trim() expects parameter 1 to be string, array given Db.class.php 第 507 行.
[ 2012-01-22T23:28:37-05:00 ] SQL: SELECT * FROM `ry_task` WHERE ( `user_id` = '1' ) AND ( `status` = 1 ) AND ( (`time` <= '2012-01-30 00:00:00') AND (`time` >= '2012-01-24 00:00:00')  ) ORDER BY time ASC [ RunTime:0.000367s ]
[ 2012-01-22T23:31:03-05:00 ] SQL: SHOW COLUMNS FROM `ry_task` [ RunTime:0.004084s ]
[ 2012-01-22T23:31:03-05:00 ] NOTIC: [8] Undefined variable: data ScheduleAction.class.php 第 44 行.
[ 2012-01-22T23:33:01-05:00 ] NOTIC: [8] Undefined variable: msg 3f0a5e0180fdf3c6687d79502425d559.php 第 27 行.
[ 2012-01-22T23:33:01-05:00 ] NOTIC: [8] Undefined variable: data 3f0a5e0180fdf3c6687d79502425d559.php 第 152 行.
[ 2012-01-22T23:33:01-05:00 ] NOTIC: [8] Undefined variable: msg 3f0a5e0180fdf3c6687d79502425d559.php 第 169 行.
[ 2012-01-22T23:33:01-05:00 ] NOTIC: [8] Undefined variable: categoty 3f0a5e0180fdf3c6687d79502425d559.php 第 255 行.
[ 2012-01-22T23:33:01-05:00 ] NOTIC: [8] Undefined variable: DATE_NOW 3f0a5e0180fdf3c6687d79502425d559.php 第 285 行.
[ 2012-01-22T23:33:03-05:00 ] NOTIC: [8] Undefined variable: msg 62ccb7d712cc938250834fed24639f3a.php 第 27 行.
[ 2012-01-22T23:33:03-05:00 ] NOTIC: [8] Undefined variable: categoty 62ccb7d712cc938250834fed24639f3a.php 第 149 行.
[ 2012-01-22T23:33:03-05:00 ] NOTIC: [8] Undefined variable: DATE_NOW 62ccb7d712cc938250834fed24639f3a.php 第 179 行.
[ 2012-01-22T23:33:09-05:00 ] NOTIC: [8] Undefined variable: msg 3f0a5e0180fdf3c6687d79502425d559.php 第 27 行.
[ 2012-01-22T23:33:09-05:00 ] NOTIC: [8] Undefined variable: data 3f0a5e0180fdf3c6687d79502425d559.php 第 152 行.
[ 2012-01-22T23:33:09-05:00 ] NOTIC: [8] Undefined variable: msg 3f0a5e0180fdf3c6687d79502425d559.php 第 169 行.
[ 2012-01-22T23:33:09-05:00 ] NOTIC: [8] Undefined variable: categoty 3f0a5e0180fdf3c6687d79502425d559.php 第 255 行.
[ 2012-01-22T23:33:09-05:00 ] NOTIC: [8] Undefined variable: DATE_NOW 3f0a5e0180fdf3c6687d79502425d559.php 第 285 行.
[ 2012-01-22T23:33:11-05:00 ] NOTIC: [8] Undefined variable: msg 62ccb7d712cc938250834fed24639f3a.php 第 27 行.
[ 2012-01-22T23:33:11-05:00 ] NOTIC: [8] Undefined variable: categoty 62ccb7d712cc938250834fed24639f3a.php 第 149 行.
[ 2012-01-22T23:33:11-05:00 ] NOTIC: [8] Undefined variable: DATE_NOW 62ccb7d712cc938250834fed24639f3a.php 第 179 行.
[ 2012-01-22T23:33:13-05:00 ] NOTIC: [8] Undefined variable: msg 3f0a5e0180fdf3c6687d79502425d559.php 第 27 行.
[ 2012-01-22T23:33:13-05:00 ] NOTIC: [8] Undefined variable: data 3f0a5e0180fdf3c6687d79502425d559.php 第 152 行.
[ 2012-01-22T23:33:13-05:00 ] NOTIC: [8] Undefined variable: msg 3f0a5e0180fdf3c6687d79502425d559.php 第 169 行.
[ 2012-01-22T23:33:13-05:00 ] NOTIC: [8] Undefined variable: categoty 3f0a5e0180fdf3c6687d79502425d559.php 第 255 行.
[ 2012-01-22T23:33:13-05:00 ] NOTIC: [8] Undefined variable: DATE_NOW 3f0a5e0180fdf3c6687d79502425d559.php 第 285 行.
[ 2012-01-22T23:33:14-05:00 ] NOTIC: [8] Undefined variable: msg 62ccb7d712cc938250834fed24639f3a.php 第 27 行.
[ 2012-01-22T23:33:14-05:00 ] NOTIC: [8] Undefined variable: categoty 62ccb7d712cc938250834fed24639f3a.php 第 149 行.
[ 2012-01-22T23:33:14-05:00 ] NOTIC: [8] Undefined variable: DATE_NOW 62ccb7d712cc938250834fed24639f3a.php 第 179 行.
