[ 2012-03-01T20:51:05-05:00 ] SQL: SHOW COLUMNS FROM `ry_region` [ RunTime:0.005858s ]
[ 2012-03-01T20:51:05-05:00 ] SQL: SELECT * FROM `ry_region` WHERE ( `region_lang_code` = 'en-us' ) [ RunTime:0.000517s ]
[ 2012-03-01T20:51:05-05:00 ] SQL: SHOW COLUMNS FROM `ry_task` [ RunTime:0.005157s ]
[ 2012-03-01T20:51:05-05:00 ] NOTIC: [2] trim() expects parameter 1 to be string, array given Db.class.php 第 507 行.
[ 2012-03-01T20:51:05-05:00 ] SQL: SELECT * FROM `ry_task` WHERE ( `user_id` = '1' ) AND ( `status` = 1 ) AND ( (`time` <= '2012-03-09 00:00:00') AND (`time` >= '2012-03-01 00:00:00')  ) ORDER BY time ASC [ RunTime:0.000548s ]
[ 2012-03-01T20:51:05-05:00 ] NOTIC: [2] trim() expects parameter 1 to be string, array given Db.class.php 第 507 行.
[ 2012-03-01T20:51:05-05:00 ] SQL: SELECT * FROM `ry_task` WHERE ( `user_id` = '1' ) AND ( `status` = 1 ) AND ( (`time` < '2012-03-02 00:00:00') AND (`time` >= '2012-03-01 00:00:00')  ) ORDER BY time ASC [ RunTime:0.000405s ]
[ 2012-03-01T20:51:05-05:00 ] NOTIC: [2] trim() expects parameter 1 to be string, array given Db.class.php 第 507 行.
[ 2012-03-01T20:51:05-05:00 ] SQL: SELECT * FROM `ry_task` WHERE ( `user_id` = '1' ) AND ( `status` = 1 ) AND ( (`time` < '2012-03-03 00:00:00') AND (`time` >= '2012-03-02 00:00:00')  ) ORDER BY time ASC [ RunTime:0.001148s ]
[ 2012-03-01T20:51:05-05:00 ] NOTIC: [2] trim() expects parameter 1 to be string, array given Db.class.php 第 507 行.
[ 2012-03-01T20:51:05-05:00 ] SQL: SELECT * FROM `ry_task` WHERE ( `user_id` = '1' ) AND ( `status` = 1 ) AND ( (`time` <= '2012-03-09 00:00:00') AND (`time` >= '2012-03-03 00:00:00')  ) ORDER BY time ASC [ RunTime:0.001634s ]
[ 2012-03-01T20:51:19-05:00 ] SQL: SHOW COLUMNS FROM `ry_region` [ RunTime:0.004112s ]
[ 2012-03-01T20:51:19-05:00 ] SQL: SELECT * FROM `ry_region` WHERE ( `region_lang_code` = 'en-us' ) [ RunTime:0.000387s ]
[ 2012-03-01T20:51:19-05:00 ] SQL: SHOW COLUMNS FROM `ry_task` [ RunTime:0.004004s ]
[ 2012-03-01T20:51:19-05:00 ] NOTIC: [2] trim() expects parameter 1 to be string, array given Db.class.php 第 507 行.
[ 2012-03-01T20:51:19-05:00 ] SQL: SELECT * FROM `ry_task` WHERE ( `user_id` = '1' ) AND ( `status` = 1 ) AND ( (`time` <= '2012-03-09 00:00:00') AND (`time` >= '2012-03-01 00:00:00')  ) ORDER BY time ASC [ RunTime:0.000414s ]
[ 2012-03-01T20:51:19-05:00 ] NOTIC: [2] trim() expects parameter 1 to be string, array given Db.class.php 第 507 行.
[ 2012-03-01T20:51:19-05:00 ] SQL: SELECT * FROM `ry_task` WHERE ( `user_id` = '1' ) AND ( `status` = 1 ) AND ( (`time` < '2012-03-02 00:00:00') AND (`time` >= '2012-03-01 00:00:00')  ) ORDER BY time ASC [ RunTime:0.000255s ]
[ 2012-03-01T20:51:19-05:00 ] NOTIC: [2] trim() expects parameter 1 to be string, array given Db.class.php 第 507 行.
[ 2012-03-01T20:51:19-05:00 ] SQL: SELECT * FROM `ry_task` WHERE ( `user_id` = '1' ) AND ( `status` = 1 ) AND ( (`time` < '2012-03-03 00:00:00') AND (`time` >= '2012-03-02 00:00:00')  ) ORDER BY time ASC [ RunTime:0.000265s ]
[ 2012-03-01T20:51:19-05:00 ] NOTIC: [2] trim() expects parameter 1 to be string, array given Db.class.php 第 507 行.
[ 2012-03-01T20:51:19-05:00 ] SQL: SELECT * FROM `ry_task` WHERE ( `user_id` = '1' ) AND ( `status` = 1 ) AND ( (`time` <= '2012-03-09 00:00:00') AND (`time` >= '2012-03-03 00:00:00')  ) ORDER BY time ASC [ RunTime:0.000411s ]
[ 2012-03-01T21:00:38-05:00 ] SQL: SHOW COLUMNS FROM `ry_region` [ RunTime:0.003785s ]
[ 2012-03-01T21:00:38-05:00 ] SQL: SELECT * FROM `ry_region` WHERE ( `region_lang_code` = 'en-us' ) [ RunTime:0.000375s ]
[ 2012-03-01T21:00:38-05:00 ] SQL: SHOW COLUMNS FROM `ry_products` [ RunTime:0.004171s ]
[ 2012-03-01T21:00:38-05:00 ] SQL: SELECT COUNT(*) AS tp_count FROM `ry_products` WHERE ( `user_id` = '1' ) LIMIT 1  [ RunTime:0.000355s ]
[ 2012-03-01T21:00:38-05:00 ] SQL: SELECT * FROM `ry_products` WHERE ( `user_id` = '1' ) LIMIT 0,25  [ RunTime:0.000409s ]
[ 2012-03-01T21:00:38-05:00 ] NOTIC: [8] Undefined index: tb_task_today e1a820bdd5b3057a2061523e15c8cc73.php 第 120 行.
[ 2012-03-01T21:00:38-05:00 ] NOTIC: [8] Undefined index: tb_task_tomorrow e1a820bdd5b3057a2061523e15c8cc73.php 第 129 行.
[ 2012-03-01T21:00:38-05:00 ] NOTIC: [8] Undefined index: tb_task_nextweek e1a820bdd5b3057a2061523e15c8cc73.php 第 138 行.
[ 2012-03-01T21:00:45-05:00 ] SQL: SHOW COLUMNS FROM `ry_region` [ RunTime:0.004124s ]
[ 2012-03-01T21:00:45-05:00 ] SQL: SELECT * FROM `ry_region` WHERE ( `region_lang_code` = 'en-us' ) [ RunTime:0.000513s ]
[ 2012-03-01T21:00:45-05:00 ] SQL: SHOW COLUMNS FROM `ry_task` [ RunTime:0.003890s ]
[ 2012-03-01T21:00:45-05:00 ] NOTIC: [2] trim() expects parameter 1 to be string, array given Db.class.php 第 507 行.
[ 2012-03-01T21:00:45-05:00 ] SQL: SELECT * FROM `ry_task` WHERE ( `user_id` = '1' ) AND ( `status` = 1 ) AND ( (`time` <= '2012-03-09 00:00:00') AND (`time` >= '2012-03-01 00:00:00')  ) ORDER BY time ASC [ RunTime:0.000429s ]
[ 2012-03-01T21:00:45-05:00 ] NOTIC: [2] trim() expects parameter 1 to be string, array given Db.class.php 第 507 行.
[ 2012-03-01T21:00:45-05:00 ] SQL: SELECT * FROM `ry_task` WHERE ( `user_id` = '1' ) AND ( `status` = 1 ) AND ( (`time` < '2012-03-02 00:00:00') AND (`time` >= '2012-03-01 00:00:00')  ) ORDER BY time ASC [ RunTime:0.000269s ]
[ 2012-03-01T21:00:45-05:00 ] NOTIC: [2] trim() expects parameter 1 to be string, array given Db.class.php 第 507 行.
[ 2012-03-01T21:00:45-05:00 ] SQL: SELECT * FROM `ry_task` WHERE ( `user_id` = '1' ) AND ( `status` = 1 ) AND ( (`time` < '2012-03-03 00:00:00') AND (`time` >= '2012-03-02 00:00:00')  ) ORDER BY time ASC [ RunTime:0.000271s ]
[ 2012-03-01T21:00:45-05:00 ] NOTIC: [2] trim() expects parameter 1 to be string, array given Db.class.php 第 507 行.
[ 2012-03-01T21:00:45-05:00 ] SQL: SELECT * FROM `ry_task` WHERE ( `user_id` = '1' ) AND ( `status` = 1 ) AND ( (`time` <= '2012-03-09 00:00:00') AND (`time` >= '2012-03-03 00:00:00')  ) ORDER BY time ASC [ RunTime:0.000349s ]
[ 2012-03-01T21:02:10-05:00 ] SQL: SHOW COLUMNS FROM `ry_region` [ RunTime:0.003979s ]
[ 2012-03-01T21:02:10-05:00 ] SQL: SELECT * FROM `ry_region` WHERE ( `region_lang_code` = 'en-us' ) [ RunTime:0.000405s ]
[ 2012-03-01T21:02:10-05:00 ] SQL: SHOW COLUMNS FROM `ry_task` [ RunTime:0.003929s ]
[ 2012-03-01T21:02:10-05:00 ] NOTIC: [2] trim() expects parameter 1 to be string, array given Db.class.php 第 507 行.
[ 2012-03-01T21:02:10-05:00 ] SQL: SELECT * FROM `ry_task` WHERE ( `user_id` = '1' ) AND ( `status` = 1 ) AND ( (`time` <= '2012-03-09 00:00:00') AND (`time` >= '2012-03-01 00:00:00')  ) ORDER BY time ASC [ RunTime:0.000403s ]
[ 2012-03-01T21:02:10-05:00 ] NOTIC: [2] trim() expects parameter 1 to be string, array given Db.class.php 第 507 行.
[ 2012-03-01T21:02:10-05:00 ] SQL: SELECT * FROM `ry_task` WHERE ( `user_id` = '1' ) AND ( `status` = 1 ) AND ( (`time` < '2012-03-02 00:00:00') AND (`time` >= '2012-03-01 00:00:00')  ) ORDER BY time ASC [ RunTime:0.000280s ]
[ 2012-03-01T21:02:10-05:00 ] NOTIC: [2] trim() expects parameter 1 to be string, array given Db.class.php 第 507 行.
[ 2012-03-01T21:02:10-05:00 ] SQL: SELECT * FROM `ry_task` WHERE ( `user_id` = '1' ) AND ( `status` = 1 ) AND ( (`time` < '2012-03-03 00:00:00') AND (`time` >= '2012-03-02 00:00:00')  ) ORDER BY time ASC [ RunTime:0.000352s ]
[ 2012-03-01T21:02:10-05:00 ] NOTIC: [2] trim() expects parameter 1 to be string, array given Db.class.php 第 507 行.
[ 2012-03-01T21:02:10-05:00 ] SQL: SELECT * FROM `ry_task` WHERE ( `user_id` = '1' ) AND ( `status` = 1 ) AND ( (`time` <= '2012-03-09 00:00:00') AND (`time` >= '2012-03-03 00:00:00')  ) ORDER BY time ASC [ RunTime:0.000281s ]
[ 2012-03-01T22:22:20-05:00 ] SQL: SHOW COLUMNS FROM `ry_region` [ RunTime:0.004209s ]
[ 2012-03-01T22:22:20-05:00 ] SQL: SELECT * FROM `ry_region` WHERE ( `region_lang_code` = 'en-us' ) [ RunTime:0.000539s ]
[ 2012-03-01T22:22:20-05:00 ] SQL: SHOW COLUMNS FROM `ry_task` [ RunTime:0.005781s ]
[ 2012-03-01T22:22:20-05:00 ] NOTIC: [2] trim() expects parameter 1 to be string, array given Db.class.php 第 507 行.
[ 2012-03-01T22:22:20-05:00 ] SQL: SELECT * FROM `ry_task` WHERE ( `user_id` = '1' ) AND ( `status` = 1 ) AND ( (`time` <= '2012-03-09 00:00:00') AND (`time` >= '2012-03-01 00:00:00')  ) ORDER BY time ASC [ RunTime:0.000498s ]
[ 2012-03-01T22:22:20-05:00 ] NOTIC: [2] trim() expects parameter 1 to be string, array given Db.class.php 第 507 行.
[ 2012-03-01T22:22:20-05:00 ] SQL: SELECT * FROM `ry_task` WHERE ( `user_id` = '1' ) AND ( `status` = 1 ) AND ( (`time` < '2012-03-02 00:00:00') AND (`time` >= '2012-03-01 00:00:00')  ) ORDER BY time ASC [ RunTime:0.000276s ]
[ 2012-03-01T22:22:20-05:00 ] NOTIC: [2] trim() expects parameter 1 to be string, array given Db.class.php 第 507 行.
[ 2012-03-01T22:22:20-05:00 ] SQL: SELECT * FROM `ry_task` WHERE ( `user_id` = '1' ) AND ( `status` = 1 ) AND ( (`time` < '2012-03-03 00:00:00') AND (`time` >= '2012-03-02 00:00:00')  ) ORDER BY time ASC [ RunTime:0.000470s ]
[ 2012-03-01T22:22:20-05:00 ] NOTIC: [2] trim() expects parameter 1 to be string, array given Db.class.php 第 507 行.
[ 2012-03-01T22:22:20-05:00 ] SQL: SELECT * FROM `ry_task` WHERE ( `user_id` = '1' ) AND ( `status` = 1 ) AND ( (`time` <= '2012-03-09 00:00:00') AND (`time` >= '2012-03-03 00:00:00')  ) ORDER BY time ASC [ RunTime:0.000415s ]
[ 2012-03-01T22:22:22-05:00 ] SQL: SHOW COLUMNS FROM `ry_region` [ RunTime:0.003843s ]
[ 2012-03-01T22:22:22-05:00 ] SQL: SELECT * FROM `ry_region` WHERE ( `region_lang_code` = 'en-us' ) [ RunTime:0.000382s ]
[ 2012-03-01T22:22:22-05:00 ] SQL: SHOW COLUMNS FROM `ry_users_profile` [ RunTime:0.005568s ]
[ 2012-03-01T22:22:22-05:00 ] SQL: SELECT * FROM `ry_users_profile` WHERE ( `user_id` = '1' ) AND ( `profile_lang` = 'en-us' ) LIMIT 1  [ RunTime:0.000480s ]
[ 2012-03-01T22:22:22-05:00 ] NOTIC: [8] Undefined variable: msg de495f1869e9d8194f9d8c354d394a1c.php 第 27 行.
[ 2012-03-01T22:22:22-05:00 ] NOTIC: [8] Undefined index: tb_task_today de495f1869e9d8194f9d8c354d394a1c.php 第 109 行.
[ 2012-03-01T22:22:22-05:00 ] NOTIC: [8] Undefined index: tb_task_tomorrow de495f1869e9d8194f9d8c354d394a1c.php 第 118 行.
[ 2012-03-01T22:22:22-05:00 ] NOTIC: [8] Undefined index: tb_task_nextweek de495f1869e9d8194f9d8c354d394a1c.php 第 127 行.
[ 2012-03-01T22:25:02-05:00 ] SQL: SHOW COLUMNS FROM `ry_region` [ RunTime:0.003897s ]
[ 2012-03-01T22:25:02-05:00 ] SQL: SELECT * FROM `ry_region` WHERE ( `region_lang_code` = 'en-us' ) [ RunTime:0.000443s ]
[ 2012-03-01T22:25:02-05:00 ] SQL: SHOW COLUMNS FROM `ry_task` [ RunTime:0.003966s ]
[ 2012-03-01T22:25:02-05:00 ] NOTIC: [2] trim() expects parameter 1 to be string, array given Db.class.php 第 507 行.
[ 2012-03-01T22:25:02-05:00 ] SQL: SELECT * FROM `ry_task` WHERE ( `user_id` = '1' ) AND ( `status` = 1 ) AND ( (`time` <= '2012-03-09 00:00:00') AND (`time` >= '2012-03-01 00:00:00')  ) ORDER BY time ASC [ RunTime:0.000366s ]
[ 2012-03-01T22:25:02-05:00 ] NOTIC: [2] trim() expects parameter 1 to be string, array given Db.class.php 第 507 行.
[ 2012-03-01T22:25:02-05:00 ] SQL: SELECT * FROM `ry_task` WHERE ( `user_id` = '1' ) AND ( `status` = 1 ) AND ( (`time` < '2012-03-02 00:00:00') AND (`time` >= '2012-03-01 00:00:00')  ) ORDER BY time ASC [ RunTime:0.000268s ]
[ 2012-03-01T22:25:02-05:00 ] NOTIC: [2] trim() expects parameter 1 to be string, array given Db.class.php 第 507 行.
[ 2012-03-01T22:25:02-05:00 ] SQL: SELECT * FROM `ry_task` WHERE ( `user_id` = '1' ) AND ( `status` = 1 ) AND ( (`time` < '2012-03-03 00:00:00') AND (`time` >= '2012-03-02 00:00:00')  ) ORDER BY time ASC [ RunTime:0.000440s ]
[ 2012-03-01T22:25:02-05:00 ] NOTIC: [2] trim() expects parameter 1 to be string, array given Db.class.php 第 507 行.
[ 2012-03-01T22:25:02-05:00 ] SQL: SELECT * FROM `ry_task` WHERE ( `user_id` = '1' ) AND ( `status` = 1 ) AND ( (`time` <= '2012-03-09 00:00:00') AND (`time` >= '2012-03-03 00:00:00')  ) ORDER BY time ASC [ RunTime:0.000369s ]
