[ 2012-01-29T16:09:54-05:00 ] SQL: SHOW COLUMNS FROM `ry_task` [ RunTime:0.024467s ]
[ 2012-01-29T16:09:54-05:00 ] NOTIC: [2] trim() expects parameter 1 to be string, array given Db.class.php 第 507 行.
[ 2012-01-29T16:09:54-05:00 ] SQL: SELECT * FROM `ry_task` WHERE ( `user_id` = '1' ) AND ( `status` = 1 ) AND ( (`time` <= '2012-02-06 00:00:00') AND (`time` >= '2012-01-29 00:00:00')  ) ORDER BY time ASC [ RunTime:0.009486s ]
[ 2012-01-29T16:09:54-05:00 ] NOTIC: [2] trim() expects parameter 1 to be string, array given Db.class.php 第 507 行.
[ 2012-01-29T16:09:54-05:00 ] SQL: SELECT * FROM `ry_task` WHERE ( `user_id` = '1' ) AND ( `status` = 1 ) AND ( (`time` < '2012-01-30 00:00:00') AND (`time` >= '2012-01-29 00:00:00')  ) ORDER BY time ASC [ RunTime:0.000384s ]
[ 2012-01-29T16:09:54-05:00 ] NOTIC: [2] trim() expects parameter 1 to be string, array given Db.class.php 第 507 行.
[ 2012-01-29T16:09:54-05:00 ] SQL: SELECT * FROM `ry_task` WHERE ( `user_id` = '1' ) AND ( `status` = 1 ) AND ( (`time` < '2012-01-31 00:00:00') AND (`time` >= '2012-01-30 00:00:00')  ) ORDER BY time ASC [ RunTime:0.000305s ]
[ 2012-01-29T16:09:54-05:00 ] NOTIC: [2] trim() expects parameter 1 to be string, array given Db.class.php 第 507 行.
[ 2012-01-29T16:09:54-05:00 ] SQL: SELECT * FROM `ry_task` WHERE ( `user_id` = '1' ) AND ( `status` = 1 ) AND ( (`time` <= '2012-02-06 00:00:00') AND (`time` >= '2012-01-31 00:00:00')  ) ORDER BY time ASC [ RunTime:0.000348s ]
[ 2012-01-29T16:10:02-05:00 ] NOTIC: [8] Undefined variable: msg fca0a88235b390ef0264fc041257369f.php 第 27 行.
[ 2012-01-29T16:10:04-05:00 ] NOTIC: [8] Undefined variable: msg de495f1869e9d8194f9d8c354d394a1c.php 第 27 行.
[ 2012-01-29T16:10:41-05:00 ] NOTIC: [8] Undefined variable: msg de495f1869e9d8194f9d8c354d394a1c.php 第 27 行.
[ 2012-01-29T16:12:03-05:00 ] NOTIC: [8] Undefined variable: msg de495f1869e9d8194f9d8c354d394a1c.php 第 27 行.
[ 2012-01-29T16:26:48-05:00 ] NOTIC: [8] Undefined variable: msg fca0a88235b390ef0264fc041257369f.php 第 27 行.
[ 2012-01-29T16:26:50-05:00 ] SQL: SHOW COLUMNS FROM `ry_users_profile` [ RunTime:0.004153s ]
[ 2012-01-29T16:26:50-05:00 ] NOTIC: [8] Undefined variable: msg de495f1869e9d8194f9d8c354d394a1c.php 第 27 行.
[ 2012-01-29T16:27:35-05:00 ] SQL: SHOW COLUMNS FROM `ry_users_profile` [ RunTime:0.003942s ]
[ 2012-01-29T16:27:35-05:00 ] NOTIC: [8] Undefined variable: msg de495f1869e9d8194f9d8c354d394a1c.php 第 27 行.
[ 2012-01-29T16:27:54-05:00 ] NOTIC: [8] Trying to get property of non-object IndexAction.class.php 第 76 行.
[ 2012-01-29T16:27:54-05:00 ] SQL: SHOW COLUMNS FROM `ry_users_profile` [ RunTime:0.004138s ]
[ 2012-01-29T16:27:54-05:00 ] NOTIC: [8] Undefined variable: msg de495f1869e9d8194f9d8c354d394a1c.php 第 27 行.
[ 2012-01-29T16:28:07-05:00 ] SQL: SHOW COLUMNS FROM `ry_users_profile` [ RunTime:0.004032s ]
[ 2012-01-29T16:28:07-05:00 ] NOTIC: [8] Undefined variable: msg de495f1869e9d8194f9d8c354d394a1c.php 第 27 行.
[ 2012-01-29T16:35:02-05:00 ] SQL: SHOW COLUMNS FROM `ry_users_profile` [ RunTime:0.004848s ]
[ 2012-01-29T16:35:02-05:00 ] NOTIC: [8] Undefined variable: msg de495f1869e9d8194f9d8c354d394a1c.php 第 27 行.
[ 2012-01-29T16:35:04-05:00 ] SQL: SHOW COLUMNS FROM `ry_users_profile` [ RunTime:0.004837s ]
[ 2012-01-29T16:35:04-05:00 ] SQL: UPDATE `ry_users_profile` SET `profile_name`='',`profile_email`='',`profile_address`='',`profile_city`='',`profile_province`='',`profile_country`='CA',`profile_zip`='',`profile_phone`='1',`profile_fax`='1',`profile_mobile`='',`profile_department`='',`profile_jobtitle`='' WHERE ( `user_id` = '1' ) AND ( `profile_lang` = 'en-us' ) [ RunTime:0.011163s ]
[ 2012-01-29T16:35:05-05:00 ] SQL: SHOW COLUMNS FROM `ry_users_profile` [ RunTime:0.004684s ]
[ 2012-01-29T16:35:05-05:00 ] NOTIC: [8] Undefined variable: msg de495f1869e9d8194f9d8c354d394a1c.php 第 27 行.
[ 2012-01-29T16:35:54-05:00 ] SQL: SHOW COLUMNS FROM `ry_users_profile` [ RunTime:0.005162s ]
[ 2012-01-29T16:35:54-05:00 ] SQL: UPDATE `ry_users_profile` SET `profile_name`='aa',`profile_gender`='M',`profile_email`='dsaf@dfsa.com',`profile_address`='123 afd st.',`profile_city`='city',`profile_province`='ontario',`profile_country`='CA',`profile_zip`='m1s3k5',`profile_phone`='1',`profile_fax`='1',`profile_mobile`='',`profile_department`='Director/CEO/General Manager',`profile_jobtitle`='' WHERE ( `user_id` = '1' ) AND ( `profile_lang` = 'en-us' ) [ RunTime:0.000701s ]
[ 2012-01-29T16:35:55-05:00 ] SQL: SHOW COLUMNS FROM `ry_users_profile` [ RunTime:0.004843s ]
[ 2012-01-29T16:35:55-05:00 ] NOTIC: [8] Undefined variable: msg de495f1869e9d8194f9d8c354d394a1c.php 第 27 行.
[ 2012-01-29T16:43:00-05:00 ] SQL: SHOW COLUMNS FROM `ry_users_profile` [ RunTime:0.005734s ]
[ 2012-01-29T16:43:00-05:00 ] NOTIC: [8] Undefined variable: msg de495f1869e9d8194f9d8c354d394a1c.php 第 27 行.
[ 2012-01-29T16:43:18-05:00 ] SQL: SHOW COLUMNS FROM `ry_users_profile` [ RunTime:0.005087s ]
[ 2012-01-29T16:43:18-05:00 ] SQL: UPDATE `ry_users_profile` SET `profile_name`='aa',`profile_gender`='M',`profile_email`='dsfa',`profile_address`='dsaf',`profile_city`='dsaf',`profile_province`='dfsa',`profile_country`='CV',`profile_zip`='m1s3k5',`profile_phone`='1',`profile_fax`='1',`profile_mobile`='',`profile_department`='Sales',`profile_jobtitle`='' WHERE ( `user_id` = '1' ) AND ( `profile_lang` = 'en-us' ) [ RunTime:0.000819s ]
[ 2012-01-29T16:43:19-05:00 ] SQL: SHOW COLUMNS FROM `ry_users_profile` [ RunTime:0.004820s ]
[ 2012-01-29T16:43:20-05:00 ] NOTIC: [8] Undefined variable: msg de495f1869e9d8194f9d8c354d394a1c.php 第 27 行.
[ 2012-01-29T16:52:51-05:00 ] SQL: SHOW COLUMNS FROM `ry_users_profile` [ RunTime:0.004728s ]
[ 2012-01-29T16:52:51-05:00 ] SQL: SELECT * FROM `ry_users_profile` WHERE ( `user_id` = '1' ) AND ( `profile_lang` = 'en-us' ) LIMIT 1  [ RunTime:0.000493s ]
[ 2012-01-29T16:52:51-05:00 ] NOTIC: [8] Undefined variable: msg de495f1869e9d8194f9d8c354d394a1c.php 第 27 行.
[ 2012-01-29T16:52:51-05:00 ] NOTIC: [8] Undefined index: profile_name de495f1869e9d8194f9d8c354d394a1c.php 第 93 行.
[ 2012-01-29T16:52:51-05:00 ] NOTIC: [8] Undefined index: profile_gender de495f1869e9d8194f9d8c354d394a1c.php 第 100 行.
[ 2012-01-29T16:52:51-05:00 ] NOTIC: [8] Undefined index: profile_gender de495f1869e9d8194f9d8c354d394a1c.php 第 102 行.
[ 2012-01-29T16:53:28-05:00 ] SQL: SHOW COLUMNS FROM `ry_users_profile` [ RunTime:0.004743s ]
[ 2012-01-29T16:53:28-05:00 ] SQL: SELECT * FROM `ry_users_profile` WHERE ( `user_id` = '1' ) AND ( `profile_lang` = 'en-us' ) LIMIT 1  [ RunTime:0.000466s ]
[ 2012-01-29T16:53:28-05:00 ] NOTIC: [8] Undefined variable: msg de495f1869e9d8194f9d8c354d394a1c.php 第 27 行.
[ 2012-01-29T16:53:28-05:00 ] NOTIC: [8] Undefined index: profile_name de495f1869e9d8194f9d8c354d394a1c.php 第 93 行.
[ 2012-01-29T16:53:28-05:00 ] NOTIC: [8] Undefined index: profile_gender de495f1869e9d8194f9d8c354d394a1c.php 第 100 行.
[ 2012-01-29T16:53:28-05:00 ] NOTIC: [8] Undefined index: profile_gender de495f1869e9d8194f9d8c354d394a1c.php 第 102 行.
[ 2012-01-29T16:54:02-05:00 ] SQL: SHOW COLUMNS FROM `ry_users_profile` [ RunTime:0.004903s ]
[ 2012-01-29T16:54:02-05:00 ] SQL: SELECT * FROM `ry_users_profile` WHERE ( `user_id` = '1' ) AND ( `profile_lang` = 'en-us' ) LIMIT 1  [ RunTime:0.000573s ]
[ 2012-01-29T16:54:02-05:00 ] NOTIC: [8] Undefined variable: msg de495f1869e9d8194f9d8c354d394a1c.php 第 27 行.
[ 2012-01-29T16:54:02-05:00 ] NOTIC: [8] Use of undefined constant tb_user_profile - assumed 'tb_user_profile' de495f1869e9d8194f9d8c354d394a1c.php 第 100 行.
[ 2012-01-29T16:54:02-05:00 ] NOTIC: [8] Use of undefined constant profile_gender - assumed 'profile_gender' de495f1869e9d8194f9d8c354d394a1c.php 第 100 行.
[ 2012-01-29T16:54:02-05:00 ] NOTIC: [8] Use of undefined constant tb_user_profile - assumed 'tb_user_profile' de495f1869e9d8194f9d8c354d394a1c.php 第 102 行.
[ 2012-01-29T16:54:02-05:00 ] NOTIC: [8] Use of undefined constant profile_gender - assumed 'profile_gender' de495f1869e9d8194f9d8c354d394a1c.php 第 102 行.
[ 2012-01-29T16:59:18-05:00 ] SQL: SHOW COLUMNS FROM `ry_users_profile` [ RunTime:0.005091s ]
[ 2012-01-29T16:59:18-05:00 ] SQL: SELECT * FROM `ry_users_profile` WHERE ( `user_id` = '1' ) AND ( `profile_lang` = 'en-us' ) LIMIT 1  [ RunTime:0.000568s ]
[ 2012-01-29T16:59:18-05:00 ] NOTIC: [8] Undefined variable: msg de495f1869e9d8194f9d8c354d394a1c.php 第 27 行.
[ 2012-01-29T16:59:18-05:00 ] NOTIC: [8] Use of undefined constant tb_user_profile - assumed 'tb_user_profile' de495f1869e9d8194f9d8c354d394a1c.php 第 100 行.
[ 2012-01-29T16:59:18-05:00 ] NOTIC: [8] Use of undefined constant profile_gender - assumed 'profile_gender' de495f1869e9d8194f9d8c354d394a1c.php 第 100 行.
[ 2012-01-29T16:59:18-05:00 ] NOTIC: [8] Use of undefined constant tb_user_profile - assumed 'tb_user_profile' de495f1869e9d8194f9d8c354d394a1c.php 第 102 行.
[ 2012-01-29T16:59:18-05:00 ] NOTIC: [8] Use of undefined constant profile_gender - assumed 'profile_gender' de495f1869e9d8194f9d8c354d394a1c.php 第 102 行.
[ 2012-01-29T16:59:28-05:00 ] SQL: SHOW COLUMNS FROM `ry_users_profile` [ RunTime:0.004678s ]
[ 2012-01-29T16:59:28-05:00 ] SQL: SELECT * FROM `ry_users_profile` WHERE ( `user_id` = '1' ) AND ( `profile_lang` = 'en-us' ) LIMIT 1  [ RunTime:0.000478s ]
[ 2012-01-29T16:59:28-05:00 ] NOTIC: [8] Undefined variable: msg de495f1869e9d8194f9d8c354d394a1c.php 第 27 行.
[ 2012-01-29T16:59:28-05:00 ] NOTIC: [8] Use of undefined constant tb_user_profile - assumed 'tb_user_profile' de495f1869e9d8194f9d8c354d394a1c.php 第 100 行.
[ 2012-01-29T16:59:28-05:00 ] NOTIC: [8] Use of undefined constant profile_gender - assumed 'profile_gender' de495f1869e9d8194f9d8c354d394a1c.php 第 100 行.
[ 2012-01-29T16:59:28-05:00 ] NOTIC: [8] Use of undefined constant tb_user_profile - assumed 'tb_user_profile' de495f1869e9d8194f9d8c354d394a1c.php 第 102 行.
[ 2012-01-29T16:59:28-05:00 ] NOTIC: [8] Use of undefined constant profile_gender - assumed 'profile_gender' de495f1869e9d8194f9d8c354d394a1c.php 第 102 行.
[ 2012-01-29T16:59:46-05:00 ] SQL: SHOW COLUMNS FROM `ry_users_profile` [ RunTime:0.004945s ]
[ 2012-01-29T16:59:46-05:00 ] SQL: SELECT * FROM `ry_users_profile` WHERE ( `user_id` = '1' ) AND ( `profile_lang` = 'en-us' ) LIMIT 1  [ RunTime:0.000523s ]
[ 2012-01-29T16:59:46-05:00 ] NOTIC: [8] Undefined variable: msg de495f1869e9d8194f9d8c354d394a1c.php 第 27 行.
[ 2012-01-29T16:59:46-05:00 ] NOTIC: [8] Use of undefined constant tb_user_profile - assumed 'tb_user_profile' de495f1869e9d8194f9d8c354d394a1c.php 第 100 行.
[ 2012-01-29T16:59:46-05:00 ] NOTIC: [8] Use of undefined constant profile_gender - assumed 'profile_gender' de495f1869e9d8194f9d8c354d394a1c.php 第 100 行.
[ 2012-01-29T16:59:46-05:00 ] NOTIC: [8] Use of undefined constant tb_user_profile - assumed 'tb_user_profile' de495f1869e9d8194f9d8c354d394a1c.php 第 102 行.
[ 2012-01-29T16:59:46-05:00 ] NOTIC: [8] Use of undefined constant profile_gender - assumed 'profile_gender' de495f1869e9d8194f9d8c354d394a1c.php 第 102 行.
[ 2012-01-29T16:59:49-05:00 ] SQL: SHOW COLUMNS FROM `ry_users_profile` [ RunTime:0.004898s ]
[ 2012-01-29T16:59:49-05:00 ] SQL: SELECT * FROM `ry_users_profile` WHERE ( `user_id` = '1' ) AND ( `profile_lang` = 'en-us' ) LIMIT 1  [ RunTime:0.000537s ]
[ 2012-01-29T16:59:49-05:00 ] NOTIC: [8] Undefined variable: msg de495f1869e9d8194f9d8c354d394a1c.php 第 27 行.
[ 2012-01-29T16:59:49-05:00 ] NOTIC: [8] Use of undefined constant tb_user_profile - assumed 'tb_user_profile' de495f1869e9d8194f9d8c354d394a1c.php 第 100 行.
[ 2012-01-29T16:59:49-05:00 ] NOTIC: [8] Use of undefined constant profile_gender - assumed 'profile_gender' de495f1869e9d8194f9d8c354d394a1c.php 第 100 行.
[ 2012-01-29T16:59:49-05:00 ] NOTIC: [8] Use of undefined constant tb_user_profile - assumed 'tb_user_profile' de495f1869e9d8194f9d8c354d394a1c.php 第 102 行.
[ 2012-01-29T16:59:49-05:00 ] NOTIC: [8] Use of undefined constant profile_gender - assumed 'profile_gender' de495f1869e9d8194f9d8c354d394a1c.php 第 102 行.
[ 2012-01-29T16:59:51-05:00 ] SQL: SHOW COLUMNS FROM `ry_users_profile` [ RunTime:0.004913s ]
[ 2012-01-29T16:59:51-05:00 ] SQL: SELECT * FROM `ry_users_profile` WHERE ( `user_id` = '1' ) AND ( `profile_lang` = 'en-us' ) LIMIT 1  [ RunTime:0.000574s ]
[ 2012-01-29T16:59:51-05:00 ] NOTIC: [8] Undefined variable: msg de495f1869e9d8194f9d8c354d394a1c.php 第 27 行.
[ 2012-01-29T16:59:51-05:00 ] NOTIC: [8] Use of undefined constant tb_user_profile - assumed 'tb_user_profile' de495f1869e9d8194f9d8c354d394a1c.php 第 100 行.
[ 2012-01-29T16:59:51-05:00 ] NOTIC: [8] Use of undefined constant profile_gender - assumed 'profile_gender' de495f1869e9d8194f9d8c354d394a1c.php 第 100 行.
[ 2012-01-29T16:59:51-05:00 ] NOTIC: [8] Use of undefined constant tb_user_profile - assumed 'tb_user_profile' de495f1869e9d8194f9d8c354d394a1c.php 第 102 行.
[ 2012-01-29T16:59:51-05:00 ] NOTIC: [8] Use of undefined constant profile_gender - assumed 'profile_gender' de495f1869e9d8194f9d8c354d394a1c.php 第 102 行.
[ 2012-01-29T16:59:53-05:00 ] SQL: SHOW COLUMNS FROM `ry_users_profile` [ RunTime:0.005031s ]
[ 2012-01-29T16:59:53-05:00 ] SQL: SELECT * FROM `ry_users_profile` WHERE ( `user_id` = '1' ) AND ( `profile_lang` = 'en-us' ) LIMIT 1  [ RunTime:0.000622s ]
[ 2012-01-29T16:59:53-05:00 ] NOTIC: [8] Undefined variable: msg de495f1869e9d8194f9d8c354d394a1c.php 第 27 行.
[ 2012-01-29T16:59:53-05:00 ] NOTIC: [8] Use of undefined constant tb_user_profile - assumed 'tb_user_profile' de495f1869e9d8194f9d8c354d394a1c.php 第 100 行.
[ 2012-01-29T16:59:53-05:00 ] NOTIC: [8] Use of undefined constant profile_gender - assumed 'profile_gender' de495f1869e9d8194f9d8c354d394a1c.php 第 100 行.
[ 2012-01-29T16:59:53-05:00 ] NOTIC: [8] Use of undefined constant tb_user_profile - assumed 'tb_user_profile' de495f1869e9d8194f9d8c354d394a1c.php 第 102 行.
[ 2012-01-29T16:59:53-05:00 ] NOTIC: [8] Use of undefined constant profile_gender - assumed 'profile_gender' de495f1869e9d8194f9d8c354d394a1c.php 第 102 行.
[ 2012-01-29T17:00:13-05:00 ] SQL: SHOW COLUMNS FROM `ry_users_profile` [ RunTime:0.004835s ]
[ 2012-01-29T17:00:13-05:00 ] SQL: SELECT * FROM `ry_users_profile` WHERE ( `user_id` = '1' ) AND ( `profile_lang` = 'en-us' ) LIMIT 1  [ RunTime:0.000500s ]
[ 2012-01-29T17:00:13-05:00 ] NOTIC: [8] Undefined variable: msg de495f1869e9d8194f9d8c354d394a1c.php 第 27 行.
[ 2012-01-29T17:00:13-05:00 ] NOTIC: [8] Use of undefined constant tb_user_profile - assumed 'tb_user_profile' de495f1869e9d8194f9d8c354d394a1c.php 第 100 行.
[ 2012-01-29T17:00:13-05:00 ] NOTIC: [8] Use of undefined constant profile_gender - assumed 'profile_gender' de495f1869e9d8194f9d8c354d394a1c.php 第 100 行.
[ 2012-01-29T17:00:13-05:00 ] NOTIC: [8] Use of undefined constant tb_user_profile - assumed 'tb_user_profile' de495f1869e9d8194f9d8c354d394a1c.php 第 102 行.
[ 2012-01-29T17:00:13-05:00 ] NOTIC: [8] Use of undefined constant profile_gender - assumed 'profile_gender' de495f1869e9d8194f9d8c354d394a1c.php 第 102 行.
[ 2012-01-29T17:00:27-05:00 ] SQL: SHOW COLUMNS FROM `ry_users_profile` [ RunTime:0.004672s ]
[ 2012-01-29T17:00:27-05:00 ] SQL: SELECT * FROM `ry_users_profile` WHERE ( `user_id` = '1' ) AND ( `profile_lang` = 'en-us' ) LIMIT 1  [ RunTime:0.000487s ]
[ 2012-01-29T17:00:27-05:00 ] NOTIC: [8] Undefined variable: msg de495f1869e9d8194f9d8c354d394a1c.php 第 27 行.
[ 2012-01-29T17:00:27-05:00 ] NOTIC: [8] Use of undefined constant tb_user_profile - assumed 'tb_user_profile' de495f1869e9d8194f9d8c354d394a1c.php 第 100 行.
[ 2012-01-29T17:00:27-05:00 ] NOTIC: [8] Use of undefined constant profile_gender - assumed 'profile_gender' de495f1869e9d8194f9d8c354d394a1c.php 第 100 行.
[ 2012-01-29T17:00:27-05:00 ] NOTIC: [8] Use of undefined constant tb_user_profile - assumed 'tb_user_profile' de495f1869e9d8194f9d8c354d394a1c.php 第 102 行.
[ 2012-01-29T17:00:27-05:00 ] NOTIC: [8] Use of undefined constant profile_gender - assumed 'profile_gender' de495f1869e9d8194f9d8c354d394a1c.php 第 102 行.
[ 2012-01-29T17:01:16-05:00 ] SQL: SHOW COLUMNS FROM `ry_users_profile` [ RunTime:0.004891s ]
[ 2012-01-29T17:01:16-05:00 ] SQL: SELECT * FROM `ry_users_profile` WHERE ( `user_id` = '1' ) AND ( `profile_lang` = 'en-us' ) LIMIT 1  [ RunTime:0.000489s ]
[ 2012-01-29T17:01:16-05:00 ] NOTIC: [8] Undefined variable: msg de495f1869e9d8194f9d8c354d394a1c.php 第 27 行.
[ 2012-01-29T17:01:25-05:00 ] SQL: SHOW COLUMNS FROM `ry_users_profile` [ RunTime:0.004966s ]
[ 2012-01-29T17:01:25-05:00 ] SQL: SELECT * FROM `ry_users_profile` WHERE ( `user_id` = '1' ) AND ( `profile_lang` = 'en-us' ) LIMIT 1  [ RunTime:0.000503s ]
[ 2012-01-29T17:01:25-05:00 ] NOTIC: [8] Undefined variable: msg de495f1869e9d8194f9d8c354d394a1c.php 第 27 行.
[ 2012-01-29T17:01:52-05:00 ] SQL: SHOW COLUMNS FROM `ry_users_profile` [ RunTime:0.005005s ]
[ 2012-01-29T17:01:52-05:00 ] SQL: SELECT * FROM `ry_users_profile` WHERE ( `user_id` = '1' ) AND ( `profile_lang` = 'en-us' ) LIMIT 1  [ RunTime:0.000488s ]
[ 2012-01-29T17:01:52-05:00 ] NOTIC: [8] Undefined variable: msg de495f1869e9d8194f9d8c354d394a1c.php 第 27 行.
[ 2012-01-29T17:02:04-05:00 ] SQL: SHOW COLUMNS FROM `ry_users_profile` [ RunTime:0.005006s ]
[ 2012-01-29T17:02:04-05:00 ] SQL: SELECT * FROM `ry_users_profile` WHERE ( `user_id` = '1' ) AND ( `profile_lang` = 'en-us' ) LIMIT 1  [ RunTime:0.000529s ]
[ 2012-01-29T17:02:04-05:00 ] NOTIC: [8] Undefined variable: msg de495f1869e9d8194f9d8c354d394a1c.php 第 27 行.
[ 2012-01-29T22:33:03-05:00 ] SQL: SHOW COLUMNS FROM `ry_users_profile` [ RunTime:0.005664s ]
[ 2012-01-29T22:33:03-05:00 ] SQL: SELECT * FROM `ry_users_profile` WHERE ( `user_id` = '1' ) AND ( `profile_lang` = 'en-us' ) LIMIT 1  [ RunTime:0.000496s ]
[ 2012-01-29T22:33:03-05:00 ] NOTIC: [8] Undefined variable: msg de495f1869e9d8194f9d8c354d394a1c.php 第 27 行.
[ 2012-01-29T22:45:25-05:00 ] SQL: SHOW COLUMNS FROM `ry_users_profile` [ RunTime:0.005896s ]
[ 2012-01-29T22:45:25-05:00 ] SQL: SELECT * FROM `ry_users_profile` WHERE ( `user_id` = '1' ) AND ( `profile_lang` = 'en-us' ) LIMIT 1  [ RunTime:0.000589s ]
[ 2012-01-29T22:45:25-05:00 ] NOTIC: [8] Undefined variable: msg de495f1869e9d8194f9d8c354d394a1c.php 第 27 行.
[ 2012-01-29T22:45:31-05:00 ] SQL: SHOW COLUMNS FROM `ry_users_profile` [ RunTime:0.004942s ]
[ 2012-01-29T22:45:31-05:00 ] SQL: SELECT * FROM `ry_users_profile` WHERE ( `user_id` = '1' ) AND ( `profile_lang` = 'en-us' ) LIMIT 1  [ RunTime:0.000480s ]
[ 2012-01-29T22:45:31-05:00 ] NOTIC: [8] Undefined variable: msg de495f1869e9d8194f9d8c354d394a1c.php 第 27 行.
[ 2012-01-29T22:45:46-05:00 ] SQL: SHOW COLUMNS FROM `ry_users_profile` [ RunTime:0.004900s ]
[ 2012-01-29T22:45:46-05:00 ] SQL: UPDATE `ry_users_profile` SET `profile_name`='aa',`profile_gender`='m',`profile_email`='dsfa',`profile_address`='dsaf',`profile_city`='dsaf',`profile_province`='dfsa',`profile_country`='BZ',`profile_zip`='m1s3k5',`profile_phone`='444',`profile_fax`='555',`profile_mobile`='',`profile_department`='',`profile_jobtitle`='' WHERE ( `user_id` = '1' ) AND ( `profile_lang` = 'en-us' ) [ RunTime:0.000758s ]
[ 2012-01-29T22:45:47-05:00 ] SQL: SHOW COLUMNS FROM `ry_users_profile` [ RunTime:0.004767s ]
[ 2012-01-29T22:45:47-05:00 ] SQL: SELECT * FROM `ry_users_profile` WHERE ( `user_id` = '1' ) AND ( `profile_lang` = 'en-us' ) LIMIT 1  [ RunTime:0.000589s ]
[ 2012-01-29T22:45:47-05:00 ] NOTIC: [8] Undefined variable: msg de495f1869e9d8194f9d8c354d394a1c.php 第 27 行.
[ 2012-01-29T22:45:47-05:00 ] SQL: SHOW COLUMNS FROM `ry_users_profile` [ RunTime:0.004719s ]
[ 2012-01-29T22:45:47-05:00 ] SQL: SELECT * FROM `ry_users_profile` WHERE ( `user_id` = '1' ) AND ( `profile_lang` = 'en-us' ) LIMIT 1  [ RunTime:0.000477s ]
[ 2012-01-29T22:45:47-05:00 ] NOTIC: [8] Undefined variable: msg de495f1869e9d8194f9d8c354d394a1c.php 第 27 行.
[ 2012-01-29T22:46:36-05:00 ] SQL: SHOW COLUMNS FROM `ry_users_profile` [ RunTime:0.004806s ]
[ 2012-01-29T22:46:36-05:00 ] SQL: UPDATE `ry_users_profile` SET `profile_name`='aa',`profile_gender`='m',`profile_email`='dsfa',`profile_address`='dsaf',`profile_city`='dsaf',`profile_province`='dfsa',`profile_country`='BZ',`profile_zip`='m1s3k5',`profile_phone`='444',`profile_fax`='555',`profile_mobile`='666',`profile_department`='',`profile_jobtitle`='' WHERE ( `user_id` = '1' ) AND ( `profile_lang` = 'en-us' ) [ RunTime:0.000517s ]
[ 2012-01-29T22:46:38-05:00 ] SQL: SHOW COLUMNS FROM `ry_users_profile` [ RunTime:0.004992s ]
[ 2012-01-29T22:46:38-05:00 ] SQL: SELECT * FROM `ry_users_profile` WHERE ( `user_id` = '1' ) AND ( `profile_lang` = 'en-us' ) LIMIT 1  [ RunTime:0.000524s ]
[ 2012-01-29T22:46:38-05:00 ] NOTIC: [8] Undefined variable: msg de495f1869e9d8194f9d8c354d394a1c.php 第 27 行.
[ 2012-01-29T22:47:18-05:00 ] SQL: SHOW COLUMNS FROM `ry_users_profile` [ RunTime:0.004629s ]
[ 2012-01-29T22:47:18-05:00 ] SQL: SELECT * FROM `ry_users_profile` WHERE ( `user_id` = '1' ) AND ( `profile_lang` = 'en-us' ) LIMIT 1  [ RunTime:0.000491s ]
[ 2012-01-29T22:47:19-05:00 ] NOTIC: [8] Undefined variable: msg de495f1869e9d8194f9d8c354d394a1c.php 第 27 行.
[ 2012-01-29T22:47:24-05:00 ] SQL: SHOW COLUMNS FROM `ry_users_profile` [ RunTime:0.004630s ]
[ 2012-01-29T22:47:24-05:00 ] SQL: UPDATE `ry_users_profile` SET `profile_name`='aa',`profile_gender`='m',`profile_email`='dsfa',`profile_address`='dsaf',`profile_city`='dsaf',`profile_province`='dfsa',`profile_country`='BZ',`profile_zip`='m1s3k5',`profile_phone`='444',`profile_fax`='555',`profile_mobile`='666',`profile_department`='',`profile_jobtitle`='dasfdfsa' WHERE ( `user_id` = '1' ) AND ( `profile_lang` = 'en-us' ) [ RunTime:0.000484s ]
[ 2012-01-29T22:47:25-05:00 ] SQL: SHOW COLUMNS FROM `ry_users_profile` [ RunTime:0.005236s ]
[ 2012-01-29T22:47:25-05:00 ] SQL: SELECT * FROM `ry_users_profile` WHERE ( `user_id` = '1' ) AND ( `profile_lang` = 'en-us' ) LIMIT 1  [ RunTime:0.000527s ]
[ 2012-01-29T22:47:26-05:00 ] NOTIC: [8] Undefined variable: msg de495f1869e9d8194f9d8c354d394a1c.php 第 27 行.
[ 2012-01-29T22:47:31-05:00 ] SQL: SHOW COLUMNS FROM `ry_users_profile` [ RunTime:0.005118s ]
[ 2012-01-29T22:47:31-05:00 ] SQL: UPDATE `ry_users_profile` SET `profile_name`='aa',`profile_gender`='m',`profile_email`='dsfa',`profile_address`='dsaf',`profile_city`='dsaf',`profile_province`='dfsa',`profile_country`='BZ',`profile_zip`='m1s3k5',`profile_phone`='444',`profile_fax`='555',`profile_mobile`='666',`profile_department`='Director/CEO/General Manager',`profile_jobtitle`='dasfdfsa' WHERE ( `user_id` = '1' ) AND ( `profile_lang` = 'en-us' ) [ RunTime:0.000528s ]
[ 2012-01-29T22:47:32-05:00 ] SQL: SHOW COLUMNS FROM `ry_users_profile` [ RunTime:0.005144s ]
[ 2012-01-29T22:47:32-05:00 ] SQL: SELECT * FROM `ry_users_profile` WHERE ( `user_id` = '1' ) AND ( `profile_lang` = 'en-us' ) LIMIT 1  [ RunTime:0.000571s ]
[ 2012-01-29T22:47:33-05:00 ] NOTIC: [8] Undefined variable: msg de495f1869e9d8194f9d8c354d394a1c.php 第 27 行.
[ 2012-01-29T22:47:33-05:00 ] SQL: SHOW COLUMNS FROM `ry_users_profile` [ RunTime:0.005111s ]
[ 2012-01-29T22:47:33-05:00 ] SQL: SELECT * FROM `ry_users_profile` WHERE ( `user_id` = '1' ) AND ( `profile_lang` = 'en-us' ) LIMIT 1  [ RunTime:0.000503s ]
[ 2012-01-29T22:47:33-05:00 ] NOTIC: [8] Undefined variable: msg de495f1869e9d8194f9d8c354d394a1c.php 第 27 行.
[ 2012-01-29T22:50:39-05:00 ] SQL: SHOW COLUMNS FROM `ry_users_profile` [ RunTime:0.004598s ]
[ 2012-01-29T22:50:39-05:00 ] SQL: SELECT * FROM `ry_users_profile` WHERE ( `user_id` = '1' ) AND ( `profile_lang` = 'en-us' ) LIMIT 1  [ RunTime:0.000472s ]
[ 2012-01-29T22:50:39-05:00 ] NOTIC: [8] Undefined variable: msg de495f1869e9d8194f9d8c354d394a1c.php 第 27 行.
[ 2012-01-29T22:50:45-05:00 ] SQL: SHOW COLUMNS FROM `ry_users_profile` [ RunTime:0.005029s ]
[ 2012-01-29T22:50:45-05:00 ] SQL: UPDATE `ry_users_profile` SET `profile_name`='aa',`profile_gender`='m',`profile_email`='dsfa',`profile_address`='dsaf',`profile_city`='dsaf',`profile_province`='dfsa',`profile_country`='BZ',`profile_zip`='m1s3k5',`profile_phone`='444',`profile_fax`='555',`profile_mobile`='666',`profile_department`='Sales',`profile_jobtitle`='dasfdfsa' WHERE ( `user_id` = '1' ) AND ( `profile_lang` = 'en-us' ) [ RunTime:0.000611s ]
[ 2012-01-29T22:50:47-05:00 ] SQL: SHOW COLUMNS FROM `ry_users_profile` [ RunTime:0.004948s ]
[ 2012-01-29T22:50:47-05:00 ] SQL: SELECT * FROM `ry_users_profile` WHERE ( `user_id` = '1' ) AND ( `profile_lang` = 'en-us' ) LIMIT 1  [ RunTime:0.000530s ]
[ 2012-01-29T22:50:47-05:00 ] NOTIC: [8] Undefined variable: msg de495f1869e9d8194f9d8c354d394a1c.php 第 27 行.
[ 2012-01-29T22:50:47-05:00 ] SQL: SHOW COLUMNS FROM `ry_users_profile` [ RunTime:0.004662s ]
[ 2012-01-29T22:50:47-05:00 ] SQL: SELECT * FROM `ry_users_profile` WHERE ( `user_id` = '1' ) AND ( `profile_lang` = 'en-us' ) LIMIT 1  [ RunTime:0.000487s ]
[ 2012-01-29T22:50:47-05:00 ] NOTIC: [8] Undefined variable: msg de495f1869e9d8194f9d8c354d394a1c.php 第 27 行.
[ 2012-01-29T22:50:49-05:00 ] SQL: SHOW COLUMNS FROM `ry_users_profile` [ RunTime:0.004722s ]
[ 2012-01-29T22:50:49-05:00 ] SQL: SELECT * FROM `ry_users_profile` WHERE ( `user_id` = '1' ) AND ( `profile_lang` = 'en-us' ) LIMIT 1  [ RunTime:0.000513s ]
[ 2012-01-29T22:50:49-05:00 ] NOTIC: [8] Undefined variable: msg de495f1869e9d8194f9d8c354d394a1c.php 第 27 行.
[ 2012-01-29T22:51:07-05:00 ] SQL: SHOW COLUMNS FROM `ry_users_profile` [ RunTime:0.004737s ]
[ 2012-01-29T22:51:07-05:00 ] SQL: SELECT * FROM `ry_users_profile` WHERE ( `user_id` = '1' ) AND ( `profile_lang` = 'en-us' ) LIMIT 1  [ RunTime:0.000478s ]
[ 2012-01-29T22:51:07-05:00 ] NOTIC: [8] Undefined variable: msg de495f1869e9d8194f9d8c354d394a1c.php 第 27 行.
