[ 2011-11-02T10:02:24+08:00 ] SQL: SHOW COLUMNS FROM `ry_users` [ RunTime:0.048503s ]
[ 2011-11-02T10:02:27+08:00 ] SQL: SHOW COLUMNS FROM `ry_users` [ RunTime:0.004826s ]
[ 2011-11-02T10:02:27+08:00 ] SQL: SELECT COUNT(*) AS tp_count FROM `ry_users` WHERE ( `user_name` = 'admin' ) AND ( `user_password` = 'e10adc3949ba59abbe56e057f20f883e' ) LIMIT 1  [ RunTime:0.062306s ]
[ 2011-11-02T10:02:27+08:00 ] SQL: SELECT * FROM `ry_users` WHERE ( `user_name` = 'admin' ) AND ( `user_password` = 'e10adc3949ba59abbe56e057f20f883e' ) LIMIT 1  [ RunTime:0.000883s ]
[ 2011-11-02T10:02:28+08:00 ] SQL: SHOW COLUMNS FROM `ry_users` [ RunTime:0.005141s ]
[ 2011-11-02T10:02:28+08:00 ] NOTIC: [8] Undefined variable: msg 3b07957a53ccb31105e96f96aaa794c8.php 第 45 行.
[ 2011-11-02T10:02:28+08:00 ] NOTIC: [8] Undefined variable: msg 3b07957a53ccb31105e96f96aaa794c8.php 第 110 行.
[ 2011-11-02T10:02:28+08:00 ] NOTIC: [8] Undefined variable: msg 3b07957a53ccb31105e96f96aaa794c8.php 第 110 行.
[ 2011-11-02T10:02:36+08:00 ] ERR: (ThinkException) 无法加载模块Page
[ 2011-11-02T10:02:56+08:00 ] ERR: (ThinkException) 无法加载模块Page
[ 2011-11-02T10:02:58+08:00 ] ERR: (ThinkException) 无法加载模块Page
[ 2011-11-02T10:03:24+08:00 ] SQL: SHOW COLUMNS FROM `ry_page` [ RunTime:0.004390s ]
[ 2011-11-02T10:03:24+08:00 ] SQL: SELECT * FROM `ry_page` [ RunTime:0.000574s ]
[ 2011-11-02T10:03:24+08:00 ] NOTIC: [8] Undefined index: info 54042c11aa449cd5c6bb37d6a4c6f773.php 第 110 行.
[ 2011-11-02T10:03:24+08:00 ] NOTIC: [8] Undefined index: info 54042c11aa449cd5c6bb37d6a4c6f773.php 第 110 行.
[ 2011-11-02T10:03:24+08:00 ] NOTIC: [8] Undefined index: cat_id 54042c11aa449cd5c6bb37d6a4c6f773.php 第 121 行.
[ 2011-11-02T10:03:24+08:00 ] NOTIC: [8] Undefined index: productsCatLang 54042c11aa449cd5c6bb37d6a4c6f773.php 第 131 行.
[ 2011-11-02T10:33:27+08:00 ] SQL: SHOW COLUMNS FROM `ry_page` [ RunTime:0.004298s ]
[ 2011-11-02T10:33:27+08:00 ] SQL: SELECT * FROM `ry_page` [ RunTime:0.000586s ]
[ 2011-11-02T10:33:27+08:00 ] NOTIC: [8] Undefined index: info 54042c11aa449cd5c6bb37d6a4c6f773.php 第 110 行.
[ 2011-11-02T10:33:27+08:00 ] NOTIC: [8] Undefined index: info 54042c11aa449cd5c6bb37d6a4c6f773.php 第 110 行.
[ 2011-11-02T10:33:27+08:00 ] NOTIC: [8] Undefined index: cat_id 54042c11aa449cd5c6bb37d6a4c6f773.php 第 121 行.
[ 2011-11-02T10:33:27+08:00 ] NOTIC: [8] Undefined index: productsCatLang 54042c11aa449cd5c6bb37d6a4c6f773.php 第 131 行.
[ 2011-11-02T10:34:07+08:00 ] SQL: SHOW COLUMNS FROM `ry_page` [ RunTime:0.009391s ]
[ 2011-11-02T10:34:07+08:00 ] SQL: SELECT * FROM `ry_page` [ RunTime:0.000840s ]
[ 2011-11-02T10:34:07+08:00 ] NOTIC: [8] Undefined index: info 54042c11aa449cd5c6bb37d6a4c6f773.php 第 110 行.
[ 2011-11-02T10:34:07+08:00 ] NOTIC: [8] Undefined index: info 54042c11aa449cd5c6bb37d6a4c6f773.php 第 110 行.
[ 2011-11-02T10:34:07+08:00 ] NOTIC: [8] Undefined index: cat_id 54042c11aa449cd5c6bb37d6a4c6f773.php 第 121 行.
[ 2011-11-02T10:34:07+08:00 ] NOTIC: [8] Undefined index: catlang_id 54042c11aa449cd5c6bb37d6a4c6f773.php 第 132 行.
[ 2011-11-02T10:34:07+08:00 ] NOTIC: [8] Undefined index: cat_name 54042c11aa449cd5c6bb37d6a4c6f773.php 第 133 行.
[ 2011-11-02T10:34:07+08:00 ] NOTIC: [8] Undefined index: lang_name 54042c11aa449cd5c6bb37d6a4c6f773.php 第 134 行.
[ 2011-11-02T10:34:07+08:00 ] NOTIC: [8] Undefined index: cat_id 54042c11aa449cd5c6bb37d6a4c6f773.php 第 136 行.
[ 2011-11-02T10:34:07+08:00 ] NOTIC: [8] Undefined index: catlang_id 54042c11aa449cd5c6bb37d6a4c6f773.php 第 136 行.
[ 2011-11-02T10:34:07+08:00 ] NOTIC: [8] Undefined index: catlang_id 54042c11aa449cd5c6bb37d6a4c6f773.php 第 137 行.
[ 2011-11-02T10:34:07+08:00 ] NOTIC: [8] Undefined index: catlang_id 54042c11aa449cd5c6bb37d6a4c6f773.php 第 132 行.
[ 2011-11-02T10:34:07+08:00 ] NOTIC: [8] Undefined index: cat_name 54042c11aa449cd5c6bb37d6a4c6f773.php 第 133 行.
[ 2011-11-02T10:34:07+08:00 ] NOTIC: [8] Undefined index: lang_name 54042c11aa449cd5c6bb37d6a4c6f773.php 第 134 行.
[ 2011-11-02T10:34:07+08:00 ] NOTIC: [8] Undefined index: cat_id 54042c11aa449cd5c6bb37d6a4c6f773.php 第 136 行.
[ 2011-11-02T10:34:07+08:00 ] NOTIC: [8] Undefined index: catlang_id 54042c11aa449cd5c6bb37d6a4c6f773.php 第 136 行.
[ 2011-11-02T10:34:07+08:00 ] NOTIC: [8] Undefined index: catlang_id 54042c11aa449cd5c6bb37d6a4c6f773.php 第 137 行.
[ 2011-11-02T10:34:07+08:00 ] NOTIC: [8] Undefined index: catlang_id 54042c11aa449cd5c6bb37d6a4c6f773.php 第 132 行.
[ 2011-11-02T10:34:07+08:00 ] NOTIC: [8] Undefined index: cat_name 54042c11aa449cd5c6bb37d6a4c6f773.php 第 133 行.
[ 2011-11-02T10:34:07+08:00 ] NOTIC: [8] Undefined index: lang_name 54042c11aa449cd5c6bb37d6a4c6f773.php 第 134 行.
[ 2011-11-02T10:34:07+08:00 ] NOTIC: [8] Undefined index: cat_id 54042c11aa449cd5c6bb37d6a4c6f773.php 第 136 行.
[ 2011-11-02T10:34:07+08:00 ] NOTIC: [8] Undefined index: catlang_id 54042c11aa449cd5c6bb37d6a4c6f773.php 第 136 行.
[ 2011-11-02T10:34:07+08:00 ] NOTIC: [8] Undefined index: catlang_id 54042c11aa449cd5c6bb37d6a4c6f773.php 第 137 行.
[ 2011-11-02T10:34:07+08:00 ] NOTIC: [8] Undefined index: catlang_id 54042c11aa449cd5c6bb37d6a4c6f773.php 第 132 行.
[ 2011-11-02T10:34:07+08:00 ] NOTIC: [8] Undefined index: cat_name 54042c11aa449cd5c6bb37d6a4c6f773.php 第 133 行.
[ 2011-11-02T10:34:07+08:00 ] NOTIC: [8] Undefined index: lang_name 54042c11aa449cd5c6bb37d6a4c6f773.php 第 134 行.
[ 2011-11-02T10:34:07+08:00 ] NOTIC: [8] Undefined index: cat_id 54042c11aa449cd5c6bb37d6a4c6f773.php 第 136 行.
[ 2011-11-02T10:34:07+08:00 ] NOTIC: [8] Undefined index: catlang_id 54042c11aa449cd5c6bb37d6a4c6f773.php 第 136 行.
[ 2011-11-02T10:34:07+08:00 ] NOTIC: [8] Undefined index: catlang_id 54042c11aa449cd5c6bb37d6a4c6f773.php 第 137 行.
[ 2011-11-02T10:39:50+08:00 ] SQL: SHOW COLUMNS FROM `ry_page` [ RunTime:0.023787s ]
[ 2011-11-02T10:39:50+08:00 ] SQL: SELECT * FROM `ry_page` [ RunTime:0.000743s ]
[ 2011-11-02T10:39:50+08:00 ] NOTIC: [8] Undefined index: info 54042c11aa449cd5c6bb37d6a4c6f773.php 第 110 行.
[ 2011-11-02T10:39:50+08:00 ] NOTIC: [8] Undefined index: info 54042c11aa449cd5c6bb37d6a4c6f773.php 第 110 行.
[ 2011-11-02T10:39:50+08:00 ] NOTIC: [8] Undefined index: cat_id 54042c11aa449cd5c6bb37d6a4c6f773.php 第 130 行.
[ 2011-11-02T10:39:50+08:00 ] NOTIC: [8] Undefined index: edit_tim 54042c11aa449cd5c6bb37d6a4c6f773.php 第 144 行.
[ 2011-11-02T10:39:50+08:00 ] NOTIC: [8] Undefined index: edit_tim 54042c11aa449cd5c6bb37d6a4c6f773.php 第 144 行.
[ 2011-11-02T10:39:50+08:00 ] NOTIC: [8] Undefined index: edit_tim 54042c11aa449cd5c6bb37d6a4c6f773.php 第 144 行.
[ 2011-11-02T10:39:50+08:00 ] NOTIC: [8] Undefined index: edit_tim 54042c11aa449cd5c6bb37d6a4c6f773.php 第 144 行.
[ 2011-11-02T10:40:28+08:00 ] SQL: SHOW COLUMNS FROM `ry_page` [ RunTime:0.008775s ]
[ 2011-11-02T10:40:28+08:00 ] SQL: SELECT * FROM `ry_page` [ RunTime:0.000707s ]
[ 2011-11-02T10:40:28+08:00 ] NOTIC: [8] Undefined index: info 54042c11aa449cd5c6bb37d6a4c6f773.php 第 110 行.
[ 2011-11-02T10:40:28+08:00 ] NOTIC: [8] Undefined index: info 54042c11aa449cd5c6bb37d6a4c6f773.php 第 110 行.
[ 2011-11-02T10:40:28+08:00 ] NOTIC: [8] Undefined index: cat_id 54042c11aa449cd5c6bb37d6a4c6f773.php 第 130 行.
[ 2011-11-02T10:40:28+08:00 ] NOTIC: [8] Undefined index: edit_tim 54042c11aa449cd5c6bb37d6a4c6f773.php 第 146 行.
[ 2011-11-02T10:40:28+08:00 ] NOTIC: [8] Undefined index: edit_tim 54042c11aa449cd5c6bb37d6a4c6f773.php 第 146 行.
[ 2011-11-02T10:40:28+08:00 ] NOTIC: [8] Undefined index: edit_tim 54042c11aa449cd5c6bb37d6a4c6f773.php 第 146 行.
[ 2011-11-02T10:40:28+08:00 ] NOTIC: [8] Undefined index: edit_tim 54042c11aa449cd5c6bb37d6a4c6f773.php 第 146 行.
[ 2011-11-02T10:42:29+08:00 ] SQL: SHOW COLUMNS FROM `ry_page` [ RunTime:0.008252s ]
[ 2011-11-02T10:42:29+08:00 ] SQL: SELECT * FROM `ry_page` [ RunTime:0.000949s ]
[ 2011-11-02T10:42:29+08:00 ] NOTIC: [8] Undefined index: info 54042c11aa449cd5c6bb37d6a4c6f773.php 第 110 行.
[ 2011-11-02T10:42:29+08:00 ] NOTIC: [8] Undefined index: info 54042c11aa449cd5c6bb37d6a4c6f773.php 第 110 行.
[ 2011-11-02T10:42:29+08:00 ] NOTIC: [8] Undefined index: cat_id 54042c11aa449cd5c6bb37d6a4c6f773.php 第 130 行.
[ 2011-11-02T10:42:29+08:00 ] NOTIC: [8] Undefined index: edit_tim 54042c11aa449cd5c6bb37d6a4c6f773.php 第 146 行.
[ 2011-11-02T10:42:29+08:00 ] NOTIC: [8] Undefined index: edit_tim 54042c11aa449cd5c6bb37d6a4c6f773.php 第 146 行.
[ 2011-11-02T10:42:29+08:00 ] NOTIC: [8] Undefined index: edit_tim 54042c11aa449cd5c6bb37d6a4c6f773.php 第 146 行.
[ 2011-11-02T10:42:29+08:00 ] NOTIC: [8] Undefined index: edit_tim 54042c11aa449cd5c6bb37d6a4c6f773.php 第 146 行.
[ 2011-11-02T10:43:17+08:00 ] SQL: SHOW COLUMNS FROM `ry_page` [ RunTime:0.004076s ]
[ 2011-11-02T10:43:17+08:00 ] SQL: SELECT * FROM `ry_page` [ RunTime:0.000914s ]
[ 2011-11-02T10:43:17+08:00 ] NOTIC: [8] Undefined index: info 54042c11aa449cd5c6bb37d6a4c6f773.php 第 110 行.
[ 2011-11-02T10:43:17+08:00 ] NOTIC: [8] Undefined index: info 54042c11aa449cd5c6bb37d6a4c6f773.php 第 110 行.
[ 2011-11-02T10:43:17+08:00 ] NOTIC: [8] Undefined index: cat_id 54042c11aa449cd5c6bb37d6a4c6f773.php 第 130 行.
[ 2011-11-02T10:43:17+08:00 ] NOTIC: [8] Undefined index: edit_tim 54042c11aa449cd5c6bb37d6a4c6f773.php 第 146 行.
[ 2011-11-02T10:43:17+08:00 ] NOTIC: [8] Undefined index: edit_tim 54042c11aa449cd5c6bb37d6a4c6f773.php 第 146 行.
[ 2011-11-02T10:43:17+08:00 ] NOTIC: [8] Undefined index: edit_tim 54042c11aa449cd5c6bb37d6a4c6f773.php 第 146 行.
[ 2011-11-02T10:43:17+08:00 ] NOTIC: [8] Undefined index: edit_tim 54042c11aa449cd5c6bb37d6a4c6f773.php 第 146 行.
[ 2011-11-02T10:43:32+08:00 ] ERR: (ThinkException) 非法操作lang_index
[ 2011-11-02T10:43:37+08:00 ] ERR: (ThinkException) 非法操作update
[ 2011-11-02T10:44:11+08:00 ] SQL: SHOW COLUMNS FROM `ry_page` [ RunTime:0.004272s ]
[ 2011-11-02T10:44:11+08:00 ] SQL: SELECT * FROM `ry_page` [ RunTime:0.000576s ]
[ 2011-11-02T10:44:11+08:00 ] NOTIC: [8] Undefined index: info 54042c11aa449cd5c6bb37d6a4c6f773.php 第 110 行.
[ 2011-11-02T10:44:11+08:00 ] NOTIC: [8] Undefined index: info 54042c11aa449cd5c6bb37d6a4c6f773.php 第 110 行.
[ 2011-11-02T10:44:11+08:00 ] NOTIC: [8] Undefined index: edit_tim 54042c11aa449cd5c6bb37d6a4c6f773.php 第 146 行.
[ 2011-11-02T10:44:11+08:00 ] NOTIC: [8] Undefined index: edit_tim 54042c11aa449cd5c6bb37d6a4c6f773.php 第 146 行.
[ 2011-11-02T10:44:11+08:00 ] NOTIC: [8] Undefined index: edit_tim 54042c11aa449cd5c6bb37d6a4c6f773.php 第 146 行.
[ 2011-11-02T10:44:11+08:00 ] NOTIC: [8] Undefined index: edit_tim 54042c11aa449cd5c6bb37d6a4c6f773.php 第 146 行.
[ 2011-11-02T10:44:14+08:00 ] ERR: (ThinkException) 非法操作add
[ 2011-11-02T10:45:33+08:00 ] SQL: SHOW COLUMNS FROM `ry_page` [ RunTime:0.005182s ]
[ 2011-11-02T10:45:33+08:00 ] SQL: SELECT COUNT(*) AS tp_count FROM `ry_page` LIMIT 1  [ RunTime:0.000589s ]
[ 2011-11-02T10:45:33+08:00 ] SQL: SELECT * FROM `ry_page` LIMIT 0,25  [ RunTime:0.000795s ]
[ 2011-11-02T10:45:33+08:00 ] NOTIC: [8] Undefined index: info 54042c11aa449cd5c6bb37d6a4c6f773.php 第 110 行.
[ 2011-11-02T10:45:33+08:00 ] NOTIC: [8] Undefined index: info 54042c11aa449cd5c6bb37d6a4c6f773.php 第 110 行.
[ 2011-11-02T10:45:33+08:00 ] NOTIC: [8] Undefined index: edit_tim 54042c11aa449cd5c6bb37d6a4c6f773.php 第 146 行.
[ 2011-11-02T10:45:33+08:00 ] NOTIC: [8] Undefined index: edit_tim 54042c11aa449cd5c6bb37d6a4c6f773.php 第 146 行.
[ 2011-11-02T10:45:33+08:00 ] NOTIC: [8] Undefined index: edit_tim 54042c11aa449cd5c6bb37d6a4c6f773.php 第 146 行.
[ 2011-11-02T10:45:33+08:00 ] NOTIC: [8] Undefined index: edit_tim 54042c11aa449cd5c6bb37d6a4c6f773.php 第 146 行.
[ 2011-11-02T10:46:02+08:00 ] SQL: SHOW COLUMNS FROM `ry_page` [ RunTime:0.004331s ]
[ 2011-11-02T10:46:02+08:00 ] SQL: SELECT COUNT(*) AS tp_count FROM `ry_page` LIMIT 1  [ RunTime:0.000536s ]
[ 2011-11-02T10:46:02+08:00 ] SQL: SELECT * FROM `ry_page` LIMIT 0,25  [ RunTime:0.000747s ]
[ 2011-11-02T10:46:02+08:00 ] NOTIC: [8] Undefined index: info 54042c11aa449cd5c6bb37d6a4c6f773.php 第 110 行.
[ 2011-11-02T10:46:02+08:00 ] NOTIC: [8] Undefined index: info 54042c11aa449cd5c6bb37d6a4c6f773.php 第 110 行.
[ 2011-11-02T10:46:02+08:00 ] NOTIC: [8] Undefined index: edit_tim 54042c11aa449cd5c6bb37d6a4c6f773.php 第 146 行.
[ 2011-11-02T10:46:02+08:00 ] NOTIC: [8] Undefined index: edit_tim 54042c11aa449cd5c6bb37d6a4c6f773.php 第 146 行.
[ 2011-11-02T10:46:02+08:00 ] NOTIC: [8] Undefined index: edit_tim 54042c11aa449cd5c6bb37d6a4c6f773.php 第 146 行.
[ 2011-11-02T10:46:02+08:00 ] NOTIC: [8] Undefined index: edit_tim 54042c11aa449cd5c6bb37d6a4c6f773.php 第 146 行.
[ 2011-11-02T10:49:40+08:00 ] SQL: SHOW COLUMNS FROM `ry_page` [ RunTime:0.005637s ]
[ 2011-11-02T10:49:40+08:00 ] SQL: SELECT COUNT(*) AS tp_count FROM `ry_page` LIMIT 1  [ RunTime:0.000412s ]
[ 2011-11-02T10:49:40+08:00 ] SQL: SELECT * FROM `ry_page` LIMIT 0,25  [ RunTime:0.000583s ]
[ 2011-11-02T10:49:40+08:00 ] NOTIC: [8] Undefined index: info 54042c11aa449cd5c6bb37d6a4c6f773.php 第 110 行.
[ 2011-11-02T10:49:40+08:00 ] NOTIC: [8] Undefined index: info 54042c11aa449cd5c6bb37d6a4c6f773.php 第 110 行.
[ 2011-11-02T10:49:40+08:00 ] NOTIC: [8] Undefined index: edit_tim 54042c11aa449cd5c6bb37d6a4c6f773.php 第 146 行.
[ 2011-11-02T10:49:40+08:00 ] NOTIC: [8] Undefined index: edit_tim 54042c11aa449cd5c6bb37d6a4c6f773.php 第 146 行.
[ 2011-11-02T10:49:40+08:00 ] NOTIC: [8] Undefined index: edit_tim 54042c11aa449cd5c6bb37d6a4c6f773.php 第 146 行.
[ 2011-11-02T10:49:40+08:00 ] NOTIC: [8] Undefined index: edit_tim 54042c11aa449cd5c6bb37d6a4c6f773.php 第 146 行.
[ 2011-11-02T10:49:57+08:00 ] SQL: SHOW COLUMNS FROM `ry_page` [ RunTime:0.004696s ]
[ 2011-11-02T10:49:57+08:00 ] SQL: SELECT COUNT(*) AS tp_count FROM `ry_page` LIMIT 1  [ RunTime:0.000466s ]
[ 2011-11-02T10:49:58+08:00 ] SQL: SELECT * FROM `ry_page` LIMIT 0,25  [ RunTime:0.000667s ]
[ 2011-11-02T10:49:58+08:00 ] NOTIC: [8] Undefined index: info 54042c11aa449cd5c6bb37d6a4c6f773.php 第 110 行.
[ 2011-11-02T10:49:58+08:00 ] NOTIC: [8] Undefined index: info 54042c11aa449cd5c6bb37d6a4c6f773.php 第 110 行.
[ 2011-11-02T10:50:38+08:00 ] SQL: SHOW COLUMNS FROM `ry_page` [ RunTime:0.005448s ]
[ 2011-11-02T10:50:38+08:00 ] SQL: SELECT COUNT(*) AS tp_count FROM `ry_page` LIMIT 1  [ RunTime:0.000547s ]
[ 2011-11-02T10:50:38+08:00 ] SQL: SELECT * FROM `ry_page` LIMIT 0,25  [ RunTime:0.000829s ]
[ 2011-11-02T10:50:38+08:00 ] NOTIC: [8] Undefined index: info 54042c11aa449cd5c6bb37d6a4c6f773.php 第 110 行.
[ 2011-11-02T10:50:38+08:00 ] NOTIC: [8] Undefined index: info 54042c11aa449cd5c6bb37d6a4c6f773.php 第 110 行.
[ 2011-11-02T10:51:26+08:00 ] SQL: SHOW COLUMNS FROM `ry_page` [ RunTime:0.022459s ]
[ 2011-11-02T10:51:26+08:00 ] SQL: SELECT COUNT(*) AS tp_count FROM `ry_page` LIMIT 1  [ RunTime:0.000503s ]
[ 2011-11-02T10:51:26+08:00 ] SQL: SELECT * FROM `ry_page` LIMIT 0,25  [ RunTime:0.000722s ]
[ 2011-11-02T10:51:26+08:00 ] NOTIC: [8] Undefined index: info 54042c11aa449cd5c6bb37d6a4c6f773.php 第 110 行.
[ 2011-11-02T10:51:26+08:00 ] NOTIC: [8] Undefined index: info 54042c11aa449cd5c6bb37d6a4c6f773.php 第 110 行.
[ 2011-11-02T10:51:44+08:00 ] SQL: SHOW COLUMNS FROM `ry_page` [ RunTime:0.004129s ]
[ 2011-11-02T10:51:44+08:00 ] SQL: SELECT COUNT(*) AS tp_count FROM `ry_page` LIMIT 1  [ RunTime:0.000505s ]
[ 2011-11-02T10:51:44+08:00 ] SQL: SELECT * FROM `ry_page` LIMIT 0,25  [ RunTime:0.000740s ]
[ 2011-11-02T10:51:44+08:00 ] NOTIC: [8] Undefined index: info 54042c11aa449cd5c6bb37d6a4c6f773.php 第 110 行.
[ 2011-11-02T10:51:44+08:00 ] NOTIC: [8] Undefined index: info 54042c11aa449cd5c6bb37d6a4c6f773.php 第 110 行.
[ 2011-11-02T10:51:54+08:00 ] SQL: SHOW COLUMNS FROM `ry_page` [ RunTime:0.004311s ]
[ 2011-11-02T10:51:54+08:00 ] SQL: SELECT COUNT(*) AS tp_count FROM `ry_page` LIMIT 1  [ RunTime:0.000387s ]
[ 2011-11-02T10:51:54+08:00 ] SQL: SELECT * FROM `ry_page` LIMIT 0,25  [ RunTime:0.000777s ]
[ 2011-11-02T10:51:54+08:00 ] NOTIC: [8] Undefined index: info 54042c11aa449cd5c6bb37d6a4c6f773.php 第 110 行.
[ 2011-11-02T10:51:54+08:00 ] NOTIC: [8] Undefined index: info 54042c11aa449cd5c6bb37d6a4c6f773.php 第 110 行.
