[ 2011-10-11T01:18:29+08:00 ] SQL: SHOW COLUMNS FROM `ry_users` [ RunTime:0.004126s ]
[ 2011-10-11T01:18:29+08:00 ] NOTIC: [8] Undefined variable: msg 3b07957a53ccb31105e96f96aaa794c8.php 第 45 行.
[ 2011-10-11T01:18:41+08:00 ] ERR: (ThinkException) Access denied for user 'recrazy'@'localhost' (using password: YES)
[ 2011-10-11T01:18:50+08:00 ] SQL: SHOW COLUMNS FROM `ry_users` [ RunTime:0.003953s ]
[ 2011-10-11T01:18:50+08:00 ] NOTIC: [8] Undefined variable: msg 3b07957a53ccb31105e96f96aaa794c8.php 第 45 行.
[ 2011-10-11T01:54:44+08:00 ] SQL: SHOW COLUMNS FROM `ry_users` [ RunTime:0.004713s ]
[ 2011-10-11T01:54:44+08:00 ] NOTIC: [8] Undefined variable: msg 1282e97849dec9495baef5755c79259c.php 第 45 行.
[ 2011-10-11T01:54:48+08:00 ] SQL: SHOW COLUMNS FROM `ry_users` [ RunTime:0.003789s ]
[ 2011-10-11T01:54:51+08:00 ] SQL: SHOW COLUMNS FROM `ry_users` [ RunTime:0.003942s ]
[ 2011-10-11T01:54:51+08:00 ] NOTIC: [8] Undefined variable: msg 1282e97849dec9495baef5755c79259c.php 第 45 行.
[ 2011-10-11T01:57:26+08:00 ] SQL: SHOW COLUMNS FROM `ry_users` [ RunTime:0.003739s ]
[ 2011-10-11T01:57:26+08:00 ] NOTIC: [8] Undefined variable: msg 1282e97849dec9495baef5755c79259c.php 第 45 行.
[ 2011-10-11T01:57:28+08:00 ] SQL: SHOW COLUMNS FROM `ry_users` [ RunTime:0.003763s ]
[ 2011-10-11T01:57:28+08:00 ] NOTIC: [8] Undefined variable: msg 3b07957a53ccb31105e96f96aaa794c8.php 第 45 行.
[ 2011-10-11T01:57:29+08:00 ] ERR: (ThinkException) 无法加载模块Page
[ 2011-10-11T01:58:08+08:00 ] SQL: SHOW COLUMNS FROM `ry_users` [ RunTime:0.003860s ]
[ 2011-10-11T01:58:08+08:00 ] NOTIC: [8] Undefined variable: msg 3b07957a53ccb31105e96f96aaa794c8.php 第 45 行.
[ 2011-10-11T01:58:11+08:00 ] SQL: SHOW COLUMNS FROM `ry_users` [ RunTime:0.003693s ]
[ 2011-10-11T01:58:12+08:00 ] NOTIC: [8] Undefined variable: msg 1282e97849dec9495baef5755c79259c.php 第 45 行.
[ 2011-10-11T02:05:16+08:00 ] SQL: SHOW COLUMNS FROM `ry_users` [ RunTime:0.003865s ]
[ 2011-10-11T02:05:16+08:00 ] NOTIC: [8] Undefined variable: msg 1282e97849dec9495baef5755c79259c.php 第 45 行.
[ 2011-10-11T02:05:16+08:00 ] NOTIC: [8] Undefined variable: msg 1282e97849dec9495baef5755c79259c.php 第 115 行.
[ 2011-10-11T02:05:16+08:00 ] NOTIC: [8] Undefined variable: msg 1282e97849dec9495baef5755c79259c.php 第 130 行.
[ 2011-10-11T02:05:16+08:00 ] NOTIC: [8] Undefined variable: msg 1282e97849dec9495baef5755c79259c.php 第 136 行.
[ 2011-10-11T02:05:16+08:00 ] NOTIC: [8] Undefined variable: msg 1282e97849dec9495baef5755c79259c.php 第 140 行.
[ 2011-10-11T02:30:06+08:00 ] SQL: SHOW COLUMNS FROM `ry_users` [ RunTime:0.004741s ]
[ 2011-10-11T02:30:06+08:00 ] SQL: SELECT COUNT(*) AS tp_count FROM `ry_users` WHERE ( `uid` = '3' ) LIMIT 1  [ RunTime:0.000284s ]
[ 2011-10-11T02:30:06+08:00 ] SQL: SELECT * FROM `ry_users` WHERE ( `uid` = '3' ) LIMIT 1  [ RunTime:0.000273s ]
[ 2011-10-11T02:36:54+08:00 ] SQL: SHOW COLUMNS FROM `ry_users` [ RunTime:0.003864s ]
[ 2011-10-11T02:36:54+08:00 ] SQL: SELECT COUNT(*) AS tp_count FROM `ry_users` WHERE ( `uid` = '5' ) LIMIT 1  [ RunTime:0.000271s ]
[ 2011-10-11T02:36:57+08:00 ] SQL: SHOW COLUMNS FROM `ry_users` [ RunTime:0.003764s ]
[ 2011-10-11T02:36:57+08:00 ] NOTIC: [8] Undefined variable: msg 1282e97849dec9495baef5755c79259c.php 第 45 行.
[ 2011-10-11T02:36:57+08:00 ] NOTIC: [8] Undefined variable: msg 1282e97849dec9495baef5755c79259c.php 第 115 行.
[ 2011-10-11T02:36:57+08:00 ] NOTIC: [8] Undefined variable: msg 1282e97849dec9495baef5755c79259c.php 第 130 行.
[ 2011-10-11T02:36:57+08:00 ] NOTIC: [8] Undefined variable: msg 1282e97849dec9495baef5755c79259c.php 第 136 行.
[ 2011-10-11T02:36:57+08:00 ] NOTIC: [8] Undefined variable: msg 1282e97849dec9495baef5755c79259c.php 第 140 行.
[ 2011-10-11T02:37:43+08:00 ] SQL: SHOW COLUMNS FROM `ry_users` [ RunTime:0.003856s ]
[ 2011-10-11T02:37:43+08:00 ] SQL: SELECT COUNT(*) AS tp_count FROM `ry_users` WHERE ( `uid` = '3' ) LIMIT 1  [ RunTime:0.000261s ]
[ 2011-10-11T02:37:43+08:00 ] SQL: SELECT * FROM `ry_users` WHERE ( `uid` = '3' ) LIMIT 1  [ RunTime:0.000362s ]
[ 2011-10-11T02:37:57+08:00 ] SQL: SHOW COLUMNS FROM `ry_users` [ RunTime:0.003803s ]
[ 2011-10-11T02:37:57+08:00 ] SQL: UPDATE `ry_users` SET `user_name`='userx',`user_email`='user@recrazy.net' WHERE ( `uid` = '3' ) [ RunTime:0.000667s ]
[ 2011-10-11T02:37:58+08:00 ] SQL: SHOW COLUMNS FROM `ry_users` [ RunTime:0.003750s ]
[ 2011-10-11T02:37:58+08:00 ] SQL: SELECT COUNT(*) AS tp_count FROM `ry_users` WHERE ( `uid` = '3' ) LIMIT 1  [ RunTime:0.000310s ]
[ 2011-10-11T02:37:58+08:00 ] SQL: SELECT * FROM `ry_users` WHERE ( `uid` = '3' ) LIMIT 1  [ RunTime:0.000234s ]
[ 2011-10-11T02:38:15+08:00 ] SQL: SHOW COLUMNS FROM `ry_users` [ RunTime:0.004013s ]
[ 2011-10-11T02:38:15+08:00 ] SQL: UPDATE `ry_users` SET `user_name`='userx',`user_email`='userx@recrazy.net' WHERE ( `uid` = '3' ) [ RunTime:0.000369s ]
[ 2011-10-11T02:38:16+08:00 ] SQL: SHOW COLUMNS FROM `ry_users` [ RunTime:0.003788s ]
[ 2011-10-11T02:38:16+08:00 ] SQL: SELECT COUNT(*) AS tp_count FROM `ry_users` WHERE ( `uid` = '3' ) LIMIT 1  [ RunTime:0.000259s ]
[ 2011-10-11T02:38:16+08:00 ] SQL: SELECT * FROM `ry_users` WHERE ( `uid` = '3' ) LIMIT 1  [ RunTime:0.000217s ]
[ 2011-10-11T02:38:58+08:00 ] SQL: SHOW COLUMNS FROM `ry_users` [ RunTime:0.004153s ]
[ 2011-10-11T02:38:58+08:00 ] SQL: SELECT COUNT(*) AS tp_count FROM `ry_users` WHERE ( `uid` = '3' ) LIMIT 1  [ RunTime:0.000501s ]
[ 2011-10-11T02:38:58+08:00 ] SQL: SELECT * FROM `ry_users` WHERE ( `uid` = '3' ) LIMIT 1  [ RunTime:0.000357s ]
[ 2011-10-11T02:39:01+08:00 ] SQL: SHOW COLUMNS FROM `ry_users` [ RunTime:0.003708s ]
[ 2011-10-11T02:39:01+08:00 ] NOTIC: [8] Undefined index: user_role UserAction.class.php 第 80 行.
[ 2011-10-11T02:39:01+08:00 ] SQL: UPDATE `ry_users` SET `role`='',`user_name`='userx',`user_email`='userx@recrazy.net' WHERE ( `uid` = '3' ) [ RunTime:0.000388s ]
[ 2011-10-11T02:39:02+08:00 ] SQL: SHOW COLUMNS FROM `ry_users` [ RunTime:0.003798s ]
[ 2011-10-11T02:39:02+08:00 ] SQL: SELECT COUNT(*) AS tp_count FROM `ry_users` WHERE ( `uid` = '3' ) LIMIT 1  [ RunTime:0.000319s ]
[ 2011-10-11T02:39:02+08:00 ] SQL: SELECT * FROM `ry_users` WHERE ( `uid` = '3' ) LIMIT 1  [ RunTime:0.000480s ]
[ 2011-10-11T02:39:32+08:00 ] SQL: SHOW COLUMNS FROM `ry_users` [ RunTime:0.003936s ]
[ 2011-10-11T02:39:32+08:00 ] NOTIC: [8] Undefined index: user_role UserAction.class.php 第 80 行.
[ 2011-10-11T02:39:32+08:00 ] SQL: UPDATE `ry_users` SET `role`='',`user_name`='user',`user_email`='user@recrazy.net',`user_password`='dfasf' WHERE ( `uid` = '3' ) [ RunTime:0.000568s ]
[ 2011-10-11T02:39:33+08:00 ] SQL: SHOW COLUMNS FROM `ry_users` [ RunTime:0.004061s ]
[ 2011-10-11T02:39:33+08:00 ] SQL: SELECT COUNT(*) AS tp_count FROM `ry_users` WHERE ( `uid` = '3' ) LIMIT 1  [ RunTime:0.000309s ]
[ 2011-10-11T02:39:33+08:00 ] SQL: SELECT * FROM `ry_users` WHERE ( `uid` = '3' ) LIMIT 1  [ RunTime:0.000215s ]
[ 2011-10-11T02:39:51+08:00 ] SQL: SHOW COLUMNS FROM `ry_users` [ RunTime:0.003761s ]
[ 2011-10-11T02:39:51+08:00 ] SQL: SELECT COUNT(*) AS tp_count FROM `ry_users` WHERE ( `uid` = '3' ) LIMIT 1  [ RunTime:0.000380s ]
[ 2011-10-11T02:39:51+08:00 ] SQL: SELECT * FROM `ry_users` WHERE ( `uid` = '3' ) LIMIT 1  [ RunTime:0.000237s ]
[ 2011-10-11T02:39:56+08:00 ] SQL: SHOW COLUMNS FROM `ry_users` [ RunTime:0.003961s ]
[ 2011-10-11T02:39:56+08:00 ] NOTIC: [8] Undefined index: user_role UserAction.class.php 第 80 行.
[ 2011-10-11T02:39:56+08:00 ] SQL: UPDATE `ry_users` SET `role`='',`user_name`='user',`user_email`='user@recrazy.net',`user_password`='e10adc3949ba59abbe56e057f20f883e' WHERE ( `uid` = '3' ) [ RunTime:0.000489s ]
[ 2011-10-11T02:39:58+08:00 ] SQL: SHOW COLUMNS FROM `ry_users` [ RunTime:0.004229s ]
[ 2011-10-11T02:39:58+08:00 ] SQL: SELECT COUNT(*) AS tp_count FROM `ry_users` WHERE ( `uid` = '3' ) LIMIT 1  [ RunTime:0.000345s ]
[ 2011-10-11T02:39:58+08:00 ] SQL: SELECT * FROM `ry_users` WHERE ( `uid` = '3' ) LIMIT 1  [ RunTime:0.000298s ]
[ 2011-10-11T02:40:32+08:00 ] SQL: SHOW COLUMNS FROM `ry_users` [ RunTime:0.004044s ]
[ 2011-10-11T02:40:32+08:00 ] SQL: SELECT COUNT(*) AS tp_count FROM `ry_users` WHERE ( `uid` = '3' ) LIMIT 1  [ RunTime:0.000360s ]
[ 2011-10-11T02:40:32+08:00 ] SQL: SELECT * FROM `ry_users` WHERE ( `uid` = '3' ) LIMIT 1  [ RunTime:0.000283s ]
[ 2011-10-11T03:02:23+08:00 ] SQL: SHOW COLUMNS FROM `ry_users` [ RunTime:0.004748s ]
[ 2011-10-11T03:02:23+08:00 ] SQL: SELECT COUNT(*) AS tp_count FROM `ry_users` WHERE ( `uid` = '3' ) LIMIT 1  [ RunTime:0.000322s ]
[ 2011-10-11T03:02:23+08:00 ] SQL: SELECT * FROM `ry_users` WHERE ( `uid` = '3' ) LIMIT 1  [ RunTime:0.000234s ]
[ 2011-10-11T03:23:34+08:00 ] SQL: SHOW COLUMNS FROM `ry_users` [ RunTime:0.004984s ]
[ 2011-10-11T03:23:34+08:00 ] NOTIC: [8] Undefined variable: msg 1282e97849dec9495baef5755c79259c.php 第 45 行.
[ 2011-10-11T03:23:34+08:00 ] NOTIC: [8] Undefined variable: msg 1282e97849dec9495baef5755c79259c.php 第 115 行.
[ 2011-10-11T03:23:34+08:00 ] NOTIC: [8] Undefined variable: msg 1282e97849dec9495baef5755c79259c.php 第 130 行.
[ 2011-10-11T03:23:34+08:00 ] NOTIC: [8] Undefined variable: msg 1282e97849dec9495baef5755c79259c.php 第 136 行.
[ 2011-10-11T03:23:34+08:00 ] NOTIC: [8] Undefined variable: msg 1282e97849dec9495baef5755c79259c.php 第 140 行.
[ 2011-10-11T03:24:35+08:00 ] SQL: SHOW COLUMNS FROM `ry_users` [ RunTime:0.003925s ]
[ 2011-10-11T03:24:35+08:00 ] NOTIC: [8] Undefined variable: msg 1282e97849dec9495baef5755c79259c.php 第 45 行.
[ 2011-10-11T03:24:35+08:00 ] NOTIC: [8] Undefined variable: msg 1282e97849dec9495baef5755c79259c.php 第 115 行.
[ 2011-10-11T03:24:35+08:00 ] NOTIC: [8] Undefined variable: msg 1282e97849dec9495baef5755c79259c.php 第 130 行.
[ 2011-10-11T03:24:35+08:00 ] NOTIC: [8] Undefined variable: msg 1282e97849dec9495baef5755c79259c.php 第 136 行.
[ 2011-10-11T03:24:35+08:00 ] NOTIC: [8] Undefined variable: msg 1282e97849dec9495baef5755c79259c.php 第 140 行.
[ 2011-10-11T03:26:11+08:00 ] SQL: SHOW COLUMNS FROM `ry_users` [ RunTime:0.003793s ]
[ 2011-10-11T03:26:11+08:00 ] NOTIC: [8] Undefined variable: msg 1282e97849dec9495baef5755c79259c.php 第 45 行.
[ 2011-10-11T03:26:11+08:00 ] NOTIC: [8] Undefined variable: msg 1282e97849dec9495baef5755c79259c.php 第 116 行.
[ 2011-10-11T03:26:11+08:00 ] NOTIC: [8] Undefined variable: msg 1282e97849dec9495baef5755c79259c.php 第 133 行.
[ 2011-10-11T03:26:11+08:00 ] NOTIC: [8] Undefined variable: msg 1282e97849dec9495baef5755c79259c.php 第 137 行.
[ 2011-10-11T03:28:07+08:00 ] SQL: SHOW COLUMNS FROM `ry_users` [ RunTime:0.003954s ]
[ 2011-10-11T03:28:07+08:00 ] NOTIC: [8] Undefined variable: msg 1282e97849dec9495baef5755c79259c.php 第 45 行.
[ 2011-10-11T03:28:07+08:00 ] NOTIC: [8] Undefined variable: msg 1282e97849dec9495baef5755c79259c.php 第 116 行.
[ 2011-10-11T03:28:07+08:00 ] NOTIC: [8] Undefined variable: msg 1282e97849dec9495baef5755c79259c.php 第 135 行.
[ 2011-10-11T03:28:07+08:00 ] NOTIC: [8] Undefined variable: msg 1282e97849dec9495baef5755c79259c.php 第 139 行.
[ 2011-10-11T03:33:08+08:00 ] SQL: SHOW COLUMNS FROM `ry_users` [ RunTime:0.003821s ]
[ 2011-10-11T03:33:08+08:00 ] NOTIC: [8] Undefined variable: msg 1282e97849dec9495baef5755c79259c.php 第 45 行.
[ 2011-10-11T03:33:08+08:00 ] NOTIC: [8] Undefined variable: msg 1282e97849dec9495baef5755c79259c.php 第 116 行.
[ 2011-10-11T03:38:16+08:00 ] SQL: SHOW COLUMNS FROM `ry_users` [ RunTime:0.004019s ]
[ 2011-10-11T03:38:16+08:00 ] SQL: SELECT * FROM `ry_users` [ RunTime:0.000376s ]
[ 2011-10-11T03:38:16+08:00 ] NOTIC: [8] Undefined index: uid 1282e97849dec9495baef5755c79259c.php 第 116 行.
[ 2011-10-11T03:38:16+08:00 ] NOTIC: [8] Undefined index: role 1282e97849dec9495baef5755c79259c.php 第 118 行.
[ 2011-10-11T03:38:16+08:00 ] NOTIC: [8] Undefined index: role 1282e97849dec9495baef5755c79259c.php 第 118 行.
[ 2011-10-11T03:38:16+08:00 ] NOTIC: [8] Undefined index: role 1282e97849dec9495baef5755c79259c.php 第 118 行.
[ 2011-10-11T03:39:25+08:00 ] SQL: SHOW COLUMNS FROM `ry_users` [ RunTime:0.003696s ]
[ 2011-10-11T03:39:25+08:00 ] SQL: SELECT * FROM `ry_users` [ RunTime:0.000395s ]
[ 2011-10-11T03:39:25+08:00 ] NOTIC: [8] Undefined index: uid 1282e97849dec9495baef5755c79259c.php 第 116 行.
[ 2011-10-11T03:39:25+08:00 ] NOTIC: [8] Undefined index: role 1282e97849dec9495baef5755c79259c.php 第 119 行.
[ 2011-10-11T03:39:25+08:00 ] NOTIC: [8] Undefined index: role 1282e97849dec9495baef5755c79259c.php 第 119 行.
[ 2011-10-11T03:39:25+08:00 ] NOTIC: [8] Undefined index: role 1282e97849dec9495baef5755c79259c.php 第 119 行.
[ 2011-10-11T03:39:31+08:00 ] SQL: SHOW COLUMNS FROM `ry_users` [ RunTime:0.004256s ]
[ 2011-10-11T03:39:31+08:00 ] SQL: SELECT * FROM `ry_users` [ RunTime:0.000381s ]
[ 2011-10-11T03:39:31+08:00 ] NOTIC: [8] Undefined index: uid 1282e97849dec9495baef5755c79259c.php 第 116 行.
[ 2011-10-11T03:39:31+08:00 ] NOTIC: [8] Undefined index: role 1282e97849dec9495baef5755c79259c.php 第 119 行.
[ 2011-10-11T03:39:31+08:00 ] NOTIC: [8] Undefined index: role 1282e97849dec9495baef5755c79259c.php 第 119 行.
[ 2011-10-11T03:39:31+08:00 ] NOTIC: [8] Undefined index: role 1282e97849dec9495baef5755c79259c.php 第 119 行.
[ 2011-10-11T03:40:31+08:00 ] SQL: SHOW COLUMNS FROM `ry_users` [ RunTime:0.003939s ]
[ 2011-10-11T03:40:31+08:00 ] SQL: SELECT * FROM `ry_users` [ RunTime:0.000363s ]
[ 2011-10-11T03:40:31+08:00 ] NOTIC: [8] Undefined index: uid 1282e97849dec9495baef5755c79259c.php 第 116 行.
[ 2011-10-11T03:40:34+08:00 ] SQL: SHOW COLUMNS FROM `ry_users` [ RunTime:0.003950s ]
[ 2011-10-11T03:40:34+08:00 ] SQL: SELECT * FROM `ry_users` [ RunTime:0.000356s ]
[ 2011-10-11T03:40:34+08:00 ] NOTIC: [8] Undefined index: uid 1282e97849dec9495baef5755c79259c.php 第 116 行.
[ 2011-10-11T03:44:00+08:00 ] SQL: SHOW COLUMNS FROM `ry_users` [ RunTime:0.003961s ]
[ 2011-10-11T03:44:00+08:00 ] SQL: SELECT * FROM `ry_users` [ RunTime:0.000328s ]
[ 2011-10-11T03:44:00+08:00 ] NOTIC: [8] Undefined index: uid 1282e97849dec9495baef5755c79259c.php 第 116 行.
[ 2011-10-11T03:53:40+08:00 ] SQL: SHOW COLUMNS FROM `ry_users` [ RunTime:0.004736s ]
[ 2011-10-11T03:53:40+08:00 ] SQL: SELECT * FROM `ry_users` [ RunTime:0.000351s ]
[ 2011-10-11T03:53:40+08:00 ] NOTIC: [8] Undefined index: uid 1282e97849dec9495baef5755c79259c.php 第 116 行.
[ 2011-10-11T03:53:42+08:00 ] SQL: SHOW COLUMNS FROM `ry_users` [ RunTime:0.004032s ]
[ 2011-10-11T03:53:42+08:00 ] SQL: SELECT COUNT(*) AS tp_count FROM `ry_users` WHERE ( `uid` = '1' ) LIMIT 1  [ RunTime:0.000351s ]
[ 2011-10-11T03:53:42+08:00 ] SQL: SELECT * FROM `ry_users` WHERE ( `uid` = '1' ) LIMIT 1  [ RunTime:0.000471s ]
[ 2011-10-11T03:53:49+08:00 ] SQL: SHOW COLUMNS FROM `ry_users` [ RunTime:0.003931s ]
[ 2011-10-11T03:53:49+08:00 ] SQL: SELECT COUNT(*) AS tp_count FROM `ry_users` WHERE ( `uid` = '2' ) LIMIT 1  [ RunTime:0.000269s ]
[ 2011-10-11T03:53:49+08:00 ] SQL: SELECT * FROM `ry_users` WHERE ( `uid` = '2' ) LIMIT 1  [ RunTime:0.000365s ]
[ 2011-10-11T03:53:55+08:00 ] SQL: SHOW COLUMNS FROM `ry_users` [ RunTime:0.003767s ]
[ 2011-10-11T03:53:55+08:00 ] SQL: SELECT COUNT(*) AS tp_count FROM `ry_users` WHERE ( `uid` = '3' ) LIMIT 1  [ RunTime:0.000268s ]
[ 2011-10-11T03:53:55+08:00 ] SQL: SELECT * FROM `ry_users` WHERE ( `uid` = '3' ) LIMIT 1  [ RunTime:0.000207s ]
