[ 2011-10-28T11:09:39+08:00 ] SQL: SHOW COLUMNS FROM `ry_users` [ RunTime:0.008233s ]
[ 2011-10-28T11:09:39+08:00 ] NOTIC: [8] Undefined variable: msg 3b07957a53ccb31105e96f96aaa794c8.php 第 45 行.
[ 2011-10-28T11:09:39+08:00 ] NOTIC: [8] Undefined variable: msg 3b07957a53ccb31105e96f96aaa794c8.php 第 110 行.
[ 2011-10-28T11:09:39+08:00 ] NOTIC: [8] Undefined variable: msg 3b07957a53ccb31105e96f96aaa794c8.php 第 110 行.
[ 2011-10-28T11:09:42+08:00 ] SQL: SHOW COLUMNS FROM `ry_users` [ RunTime:0.009659s ]
[ 2011-10-28T11:09:42+08:00 ] NOTIC: [8] Undefined variable: msg 3b07957a53ccb31105e96f96aaa794c8.php 第 45 行.
[ 2011-10-28T11:09:43+08:00 ] NOTIC: [8] Undefined variable: msg 3b07957a53ccb31105e96f96aaa794c8.php 第 110 行.
[ 2011-10-28T11:09:43+08:00 ] NOTIC: [8] Undefined variable: msg 3b07957a53ccb31105e96f96aaa794c8.php 第 110 行.
[ 2011-10-28T11:09:47+08:00 ] SQL: SHOW COLUMNS FROM `ry_users` [ RunTime:0.010234s ]
[ 2011-10-28T11:09:47+08:00 ] SQL: SELECT COUNT(*) AS tp_count FROM `ry_users` LIMIT 1  [ RunTime:0.000841s ]
[ 2011-10-28T11:09:47+08:00 ] SQL: SELECT * FROM `ry_users` LIMIT 0,25  [ RunTime:0.000864s ]
[ 2011-10-28T11:09:47+08:00 ] NOTIC: [8] Undefined index: info 1282e97849dec9495baef5755c79259c.php 第 110 行.
[ 2011-10-28T11:09:47+08:00 ] NOTIC: [8] Undefined index: info 1282e97849dec9495baef5755c79259c.php 第 110 行.
[ 2011-10-28T11:09:47+08:00 ] NOTIC: [8] Undefined index: uid 1282e97849dec9495baef5755c79259c.php 第 116 行.
[ 2011-10-28T11:09:49+08:00 ] SQL: SHOW COLUMNS FROM `ry_users` [ RunTime:0.009938s ]
[ 2011-10-28T11:09:49+08:00 ] NOTIC: [8] Undefined index: info 1fea51df8b48f071cd7a958f26b94a2b.php 第 110 行.
[ 2011-10-28T11:09:49+08:00 ] NOTIC: [8] Undefined index: info 1fea51df8b48f071cd7a958f26b94a2b.php 第 110 行.
[ 2011-10-28T11:09:54+08:00 ] SQL: SHOW COLUMNS FROM `ry_products_cat` [ RunTime:0.005862s ]
[ 2011-10-28T11:09:54+08:00 ] SQL: SELECT * FROM `ry_products_cat` ORDER BY parent_id asc [ RunTime:0.000576s ]
[ 2011-10-28T11:09:54+08:00 ] SQL: SELECT * FROM `ry_products_cat` WHERE cat_id=0 LIMIT 1  [ RunTime:0.000433s ]
[ 2011-10-28T11:09:54+08:00 ] SQL: SELECT * FROM `ry_products_cat` WHERE cat_id=6 LIMIT 1  [ RunTime:0.000432s ]
[ 2011-10-28T11:09:55+08:00 ] NOTIC: [8] Undefined variable: msg 54d61eb4eafecfef775e4a103813da8e.php 第 45 行.
[ 2011-10-28T11:09:55+08:00 ] NOTIC: [8] Undefined variable: msg 54d61eb4eafecfef775e4a103813da8e.php 第 110 行.
[ 2011-10-28T11:09:55+08:00 ] NOTIC: [8] Undefined variable: msg 54d61eb4eafecfef775e4a103813da8e.php 第 110 行.
[ 2011-10-28T11:09:57+08:00 ] SQL: SHOW COLUMNS FROM `ry_products_cat` [ RunTime:0.004614s ]
[ 2011-10-28T11:09:57+08:00 ] SQL: SELECT * FROM `ry_products_cat` WHERE ( `is_show` = '1' ) ORDER BY parent_id asc [ RunTime:0.001053s ]
[ 2011-10-28T11:09:57+08:00 ] NOTIC: [8] Undefined variable: msg ff91dda4b0f6654c1813def01bb61a7d.php 第 45 行.
[ 2011-10-28T11:09:57+08:00 ] NOTIC: [8] Undefined variable: msg ff91dda4b0f6654c1813def01bb61a7d.php 第 110 行.
[ 2011-10-28T11:09:57+08:00 ] NOTIC: [8] Undefined variable: msg ff91dda4b0f6654c1813def01bb61a7d.php 第 110 行.
[ 2011-10-28T11:10:02+08:00 ] SQL: SHOW COLUMNS FROM `ry_products_cat` [ RunTime:0.005548s ]
[ 2011-10-28T11:10:02+08:00 ] SQL: SELECT * FROM `ry_products_cat` ORDER BY parent_id asc [ RunTime:0.000519s ]
[ 2011-10-28T11:10:02+08:00 ] SQL: SELECT * FROM `ry_products_cat` WHERE cat_id=0 LIMIT 1  [ RunTime:0.000397s ]
[ 2011-10-28T11:10:02+08:00 ] SQL: SELECT * FROM `ry_products_cat` WHERE cat_id=6 LIMIT 1  [ RunTime:0.001036s ]
[ 2011-10-28T11:10:02+08:00 ] NOTIC: [8] Undefined variable: msg 54d61eb4eafecfef775e4a103813da8e.php 第 45 行.
[ 2011-10-28T11:10:02+08:00 ] NOTIC: [8] Undefined variable: msg 54d61eb4eafecfef775e4a103813da8e.php 第 110 行.
[ 2011-10-28T11:10:02+08:00 ] NOTIC: [8] Undefined variable: msg 54d61eb4eafecfef775e4a103813da8e.php 第 110 行.
