[ 2011-10-23T01:15:22+08:00 ] SQL: SHOW COLUMNS FROM `ry_users` [ RunTime:0.004879s ]
[ 2011-10-23T01:15:25+08:00 ] SQL: SHOW COLUMNS FROM `ry_users` [ RunTime:0.003743s ]
[ 2011-10-23T01:15:25+08:00 ] SQL: SELECT COUNT(*) AS tp_count FROM `ry_users` WHERE ( `user_name` = 'admin' ) AND ( `user_password` = 'e10adc3949ba59abbe56e057f20f883e' ) LIMIT 1  [ RunTime:0.000324s ]
[ 2011-10-23T01:15:25+08:00 ] SQL: SELECT * FROM `ry_users` WHERE ( `user_name` = 'admin' ) AND ( `user_password` = 'e10adc3949ba59abbe56e057f20f883e' ) LIMIT 1  [ RunTime:0.000229s ]
[ 2011-10-23T01:15:26+08:00 ] SQL: SHOW COLUMNS FROM `ry_users` [ RunTime:0.003955s ]
[ 2011-10-23T01:15:26+08:00 ] NOTIC: [8] Undefined variable: msg 3b07957a53ccb31105e96f96aaa794c8.php 第 45 行.
[ 2011-10-23T01:15:44+08:00 ] SQL: SHOW COLUMNS FROM `ry_category` [ RunTime:0.003223s ]
[ 2011-10-23T01:15:44+08:00 ] SQL: SELECT * FROM `ry_category` ORDER BY parent_id asc [ RunTime:0.000324s ]
[ 2011-10-23T01:15:44+08:00 ] NOTIC: [2] Invalid argument supplied for foreach() CategoryAction.class.php 第 14 行.
[ 2011-10-23T01:15:44+08:00 ] SQL: SELECT * FROM `ry_category` WHERE cat_id=0 LIMIT 1  [ RunTime:0.000285s ]
[ 2011-10-23T01:16:34+08:00 ] SQL: SHOW COLUMNS FROM `ry_products_cat` [ RunTime:0.003770s ]
[ 2011-10-23T01:16:34+08:00 ] SQL: SELECT * FROM `ry_products_cat` ORDER BY parent_id asc [ RunTime:0.000249s ]
[ 2011-10-23T01:16:34+08:00 ] SQL: SELECT * FROM `ry_products_cat` WHERE cat_id=0 LIMIT 1  [ RunTime:0.000191s ]
[ 2011-10-23T01:16:34+08:00 ] SQL: SELECT * FROM `ry_products_cat` WHERE cat_id=1 LIMIT 1  [ RunTime:0.000165s ]
[ 2011-10-23T02:28:25+08:00 ] SQL: SHOW COLUMNS FROM `ry_products_cat` [ RunTime:0.004719s ]
[ 2011-10-23T02:28:25+08:00 ] SQL: SELECT * FROM `ry_products_cat` ORDER BY parent_id asc [ RunTime:0.000268s ]
[ 2011-10-23T02:28:25+08:00 ] SQL: SELECT * FROM `ry_products_cat` WHERE cat_id=0 LIMIT 1  [ RunTime:0.000215s ]
[ 2011-10-23T02:28:25+08:00 ] SQL: SELECT * FROM `ry_products_cat` WHERE cat_id=1 LIMIT 1  [ RunTime:0.000166s ]
[ 2011-10-23T02:28:50+08:00 ] SQL: SHOW COLUMNS FROM `ry_products_cat` [ RunTime:0.004089s ]
[ 2011-10-23T02:28:50+08:00 ] SQL: SELECT * FROM `ry_products_cat` ORDER BY parent_id asc [ RunTime:0.000258s ]
[ 2011-10-23T02:28:50+08:00 ] SQL: SELECT * FROM `ry_products_cat` WHERE cat_id=0 LIMIT 1  [ RunTime:0.000193s ]
[ 2011-10-23T02:28:50+08:00 ] SQL: SELECT * FROM `ry_products_cat` WHERE cat_id=1 LIMIT 1  [ RunTime:0.000174s ]
[ 2011-10-23T02:29:07+08:00 ] SQL: SHOW COLUMNS FROM `ry_products_cat` [ RunTime:0.003727s ]
[ 2011-10-23T02:29:07+08:00 ] SQL: SELECT * FROM `ry_products_cat` ORDER BY parent_id asc [ RunTime:0.000247s ]
[ 2011-10-23T02:29:07+08:00 ] SQL: SELECT * FROM `ry_products_cat` WHERE cat_id=0 LIMIT 1  [ RunTime:0.000186s ]
[ 2011-10-23T02:29:07+08:00 ] SQL: SELECT * FROM `ry_products_cat` WHERE cat_id=1 LIMIT 1  [ RunTime:0.000173s ]
[ 2011-10-23T02:32:11+08:00 ] SQL: SHOW COLUMNS FROM `ry_products_cat` [ RunTime:0.003918s ]
[ 2011-10-23T02:32:11+08:00 ] SQL: SELECT * FROM `ry_products_cat` ORDER BY parent_id asc [ RunTime:0.000266s ]
[ 2011-10-23T02:32:11+08:00 ] SQL: SELECT * FROM `ry_products_cat` WHERE cat_id=0 LIMIT 1  [ RunTime:0.000195s ]
[ 2011-10-23T02:32:11+08:00 ] SQL: SELECT * FROM `ry_products_cat` WHERE cat_id=1 LIMIT 1  [ RunTime:0.000160s ]
[ 2011-10-23T02:32:13+08:00 ] SQL: SHOW COLUMNS FROM `ry_products_cat` [ RunTime:0.003861s ]
[ 2011-10-23T02:32:13+08:00 ] SQL: SELECT * FROM `ry_products_cat` WHERE ( `is_show` = '1' ) ORDER BY parent_id asc [ RunTime:0.037028s ]
[ 2011-10-23T02:32:13+08:00 ] SQL: SELECT * FROM `ry_products_cat` WHERE ( `cat_id` = '1' ) LIMIT 1  [ RunTime:0.000278s ]
[ 2011-10-23T02:32:28+08:00 ] SQL: SHOW COLUMNS FROM `ry_products_cat` [ RunTime:0.003660s ]
[ 2011-10-23T02:32:28+08:00 ] SQL: SELECT * FROM `ry_products_cat` WHERE ( `is_show` = '1' ) ORDER BY parent_id asc [ RunTime:0.000278s ]
[ 2011-10-23T02:34:30+08:00 ] SQL: SHOW COLUMNS FROM `ry_products_cat` [ RunTime:0.003716s ]
[ 2011-10-23T02:34:30+08:00 ] SQL: INSERT INTO `ry_products_cat` (`cat_name`,`parent_id`,`sort_order`,`is_show`) VALUES ('test','1',0,1) [ RunTime:0.000381s ]
[ 2011-10-23T02:34:32+08:00 ] SQL: SHOW COLUMNS FROM `ry_products_cat` [ RunTime:0.003928s ]
[ 2011-10-23T02:34:32+08:00 ] SQL: SELECT * FROM `ry_products_cat` WHERE ( `is_show` = '1' ) ORDER BY parent_id asc [ RunTime:0.015697s ]
[ 2011-10-23T02:34:38+08:00 ] SQL: SHOW COLUMNS FROM `ry_products_cat` [ RunTime:0.004072s ]
[ 2011-10-23T02:34:38+08:00 ] SQL: SELECT * FROM `ry_products_cat` ORDER BY parent_id asc [ RunTime:0.000399s ]
[ 2011-10-23T02:34:38+08:00 ] SQL: SELECT * FROM `ry_products_cat` WHERE cat_id=0 LIMIT 1  [ RunTime:0.000268s ]
[ 2011-10-23T02:34:38+08:00 ] SQL: SELECT * FROM `ry_products_cat` WHERE cat_id=1 LIMIT 1  [ RunTime:0.000194s ]
[ 2011-10-23T02:34:38+08:00 ] SQL: SELECT * FROM `ry_products_cat` WHERE cat_id=2 LIMIT 1  [ RunTime:0.000183s ]
