[ 2011-11-07T12:23:20+08:00 ] SQL: SHOW COLUMNS FROM `ry_users` [ RunTime:0.027607s ]
[ 2011-11-07T12:23:20+08:00 ] NOTIC: [8] Undefined variable: msg 3b07957a53ccb31105e96f96aaa794c8.php 第 45 行.
[ 2011-11-07T12:23:20+08:00 ] NOTIC: [8] Undefined variable: msg 3b07957a53ccb31105e96f96aaa794c8.php 第 110 行.
[ 2011-11-07T12:23:20+08:00 ] NOTIC: [8] Undefined variable: msg 3b07957a53ccb31105e96f96aaa794c8.php 第 110 行.
[ 2011-11-07T12:23:33+08:00 ] ERR: (ThinkException) 无法加载模块Postcategory
[ 2011-11-07T12:23:38+08:00 ] ERR: (ThinkException) 无法加载模块Postcategory
[ 2011-11-07T12:23:47+08:00 ] ERR: (ThinkException) 无法加载模块Postcategory
[ 2011-11-07T12:23:51+08:00 ] ERR: (ThinkException) 无法加载模块Post
[ 2011-11-07T12:23:54+08:00 ] SQL: SHOW COLUMNS FROM `ry_page` [ RunTime:0.011396s ]
[ 2011-11-07T12:23:54+08:00 ] SQL: SELECT COUNT(*) AS tp_count FROM `ry_page` LIMIT 1  [ RunTime:0.000618s ]
[ 2011-11-07T12:23:54+08:00 ] SQL: SELECT * FROM `ry_page` LIMIT 0,25  [ RunTime:0.000802s ]
[ 2011-11-07T12:23:54+08:00 ] NOTIC: [8] Undefined index: info 54042c11aa449cd5c6bb37d6a4c6f773.php 第 110 行.
[ 2011-11-07T12:23:54+08:00 ] NOTIC: [8] Undefined index: info 54042c11aa449cd5c6bb37d6a4c6f773.php 第 110 行.
[ 2011-11-07T12:23:54+08:00 ] NOTIC: [8] A non well formed numeric value encountered 54042c11aa449cd5c6bb37d6a4c6f773.php 第 149 行.
[ 2011-11-07T12:23:54+08:00 ] NOTIC: [8] A non well formed numeric value encountered 54042c11aa449cd5c6bb37d6a4c6f773.php 第 150 行.
[ 2011-11-07T12:23:54+08:00 ] NOTIC: [8] A non well formed numeric value encountered 54042c11aa449cd5c6bb37d6a4c6f773.php 第 149 行.
[ 2011-11-07T12:23:54+08:00 ] NOTIC: [8] A non well formed numeric value encountered 54042c11aa449cd5c6bb37d6a4c6f773.php 第 149 行.
[ 2011-11-07T12:23:54+08:00 ] NOTIC: [8] A non well formed numeric value encountered 54042c11aa449cd5c6bb37d6a4c6f773.php 第 149 行.
[ 2011-11-07T12:23:57+08:00 ] SQL: SHOW COLUMNS FROM `ry_products_cat` [ RunTime:0.044050s ]
[ 2011-11-07T12:23:57+08:00 ] SQL: SELECT * FROM `ry_products_cat` ORDER BY parent_id asc [ RunTime:0.001263s ]
[ 2011-11-07T12:23:57+08:00 ] SQL: SELECT * FROM `ry_products_cat` WHERE cat_id=0 LIMIT 1  [ RunTime:0.001103s ]
[ 2011-11-07T12:23:57+08:00 ] SQL: SELECT * FROM `ry_products_cat` WHERE cat_id=6 LIMIT 1  [ RunTime:0.000952s ]
[ 2011-11-07T12:23:57+08:00 ] SQL: SELECT * FROM `ry_products_cat` WHERE cat_id=7 LIMIT 1  [ RunTime:0.000853s ]
[ 2011-11-07T12:23:57+08:00 ] NOTIC: [8] Undefined variable: msg 54d61eb4eafecfef775e4a103813da8e.php 第 45 行.
[ 2011-11-07T12:23:57+08:00 ] NOTIC: [8] Undefined variable: msg 54d61eb4eafecfef775e4a103813da8e.php 第 110 行.
[ 2011-11-07T12:23:57+08:00 ] NOTIC: [8] Undefined variable: msg 54d61eb4eafecfef775e4a103813da8e.php 第 110 行.
[ 2011-11-07T12:24:00+08:00 ] SQL: SHOW COLUMNS FROM `ry_products_cat` [ RunTime:0.004478s ]
[ 2011-11-07T12:24:00+08:00 ] SQL: SELECT * FROM `ry_products_cat` WHERE ( `is_show` = '1' ) ORDER BY parent_id asc [ RunTime:0.000839s ]
[ 2011-11-07T12:24:00+08:00 ] NOTIC: [8] Undefined variable: msg ff91dda4b0f6654c1813def01bb61a7d.php 第 45 行.
[ 2011-11-07T12:24:00+08:00 ] NOTIC: [8] Undefined variable: msg ff91dda4b0f6654c1813def01bb61a7d.php 第 110 行.
[ 2011-11-07T12:24:00+08:00 ] NOTIC: [8] Undefined variable: msg ff91dda4b0f6654c1813def01bb61a7d.php 第 110 行.
[ 2011-11-07T12:24:02+08:00 ] SQL: SHOW COLUMNS FROM `ry_products_cat` [ RunTime:0.005604s ]
[ 2011-11-07T12:24:02+08:00 ] SQL: SELECT * FROM `ry_products_cat` ORDER BY parent_id asc [ RunTime:0.000793s ]
[ 2011-11-07T12:24:02+08:00 ] SQL: SELECT * FROM `ry_products_cat` WHERE cat_id=0 LIMIT 1  [ RunTime:0.000680s ]
[ 2011-11-07T12:24:02+08:00 ] SQL: SELECT * FROM `ry_products_cat` WHERE cat_id=6 LIMIT 1  [ RunTime:0.000761s ]
[ 2011-11-07T12:24:02+08:00 ] SQL: SELECT * FROM `ry_products_cat` WHERE cat_id=7 LIMIT 1  [ RunTime:0.000579s ]
[ 2011-11-07T12:24:02+08:00 ] NOTIC: [8] Undefined variable: msg 54d61eb4eafecfef775e4a103813da8e.php 第 45 行.
[ 2011-11-07T12:24:02+08:00 ] NOTIC: [8] Undefined variable: msg 54d61eb4eafecfef775e4a103813da8e.php 第 110 行.
[ 2011-11-07T12:24:02+08:00 ] NOTIC: [8] Undefined variable: msg 54d61eb4eafecfef775e4a103813da8e.php 第 110 行.
