[ 2011-11-01T08:45:44+08:00 ] SQL: SHOW COLUMNS FROM `ry_users` [ RunTime:0.033487s ]
[ 2011-11-01T08:45:44+08:00 ] NOTIC: [8] Undefined variable: msg 3b07957a53ccb31105e96f96aaa794c8.php 第 45 行.
[ 2011-11-01T08:45:44+08:00 ] NOTIC: [8] Undefined variable: msg 3b07957a53ccb31105e96f96aaa794c8.php 第 110 行.
[ 2011-11-01T08:45:44+08:00 ] NOTIC: [8] Undefined variable: msg 3b07957a53ccb31105e96f96aaa794c8.php 第 110 行.
[ 2011-11-01T09:21:01+08:00 ] ERR: (ThinkException) 无法加载模块Postcategory
[ 2011-11-01T09:22:05+08:00 ] SQL: SHOW COLUMNS FROM `ry_users` [ RunTime:0.007215s ]
[ 2011-11-01T09:22:05+08:00 ] NOTIC: [8] Undefined variable: msg 3b07957a53ccb31105e96f96aaa794c8.php 第 45 行.
[ 2011-11-01T09:22:05+08:00 ] NOTIC: [8] Undefined variable: msg 3b07957a53ccb31105e96f96aaa794c8.php 第 110 行.
[ 2011-11-01T09:22:05+08:00 ] NOTIC: [8] Undefined variable: msg 3b07957a53ccb31105e96f96aaa794c8.php 第 110 行.
[ 2011-11-01T09:24:03+08:00 ] ERR: (ThinkException) 无法加载模块Product
[ 2011-11-01T09:26:23+08:00 ] ERR: (ThinkException) 无法加载模块Product
[ 2011-11-01T09:26:38+08:00 ] ERR: (ThinkException) 模板不存在[./admin/Tpl/default/Product/index.html]
[ 2011-11-01T09:27:56+08:00 ] SQL: SHOW COLUMNS FROM `ry_users` [ RunTime:0.008902s ]
[ 2011-11-01T09:27:56+08:00 ] NOTIC: [8] Undefined variable: msg f3fff2b5c97ac42f78439ba97dbcdcda.php 第 45 行.
[ 2011-11-01T09:27:56+08:00 ] NOTIC: [8] Undefined variable: msg f3fff2b5c97ac42f78439ba97dbcdcda.php 第 110 行.
[ 2011-11-01T09:27:56+08:00 ] NOTIC: [8] Undefined variable: msg f3fff2b5c97ac42f78439ba97dbcdcda.php 第 110 行.
[ 2011-11-01T09:29:22+08:00 ] SQL: SHOW COLUMNS FROM `ry_product` [ RunTime:0.008418s ]
[ 2011-11-01T09:29:22+08:00 ] NOTIC: [8] Undefined variable: msg f3fff2b5c97ac42f78439ba97dbcdcda.php 第 45 行.
[ 2011-11-01T09:29:22+08:00 ] NOTIC: [8] Undefined variable: msg f3fff2b5c97ac42f78439ba97dbcdcda.php 第 110 行.
[ 2011-11-01T09:29:22+08:00 ] NOTIC: [8] Undefined variable: msg f3fff2b5c97ac42f78439ba97dbcdcda.php 第 110 行.
[ 2011-11-01T09:29:42+08:00 ] SQL: SHOW COLUMNS FROM `ry_product` [ RunTime:0.003990s ]
[ 2011-11-01T09:29:42+08:00 ] NOTIC: [8] Undefined variable: data ProductAction.class.php 第 23 行.
[ 2011-11-01T09:29:42+08:00 ] NOTIC: [8] Undefined index: info f3fff2b5c97ac42f78439ba97dbcdcda.php 第 110 行.
[ 2011-11-01T09:29:42+08:00 ] NOTIC: [8] Undefined index: info f3fff2b5c97ac42f78439ba97dbcdcda.php 第 110 行.
[ 2011-11-01T09:29:52+08:00 ] SQL: SHOW COLUMNS FROM `ry_product` [ RunTime:0.007519s ]
[ 2011-11-01T09:29:52+08:00 ] NOTIC: [8] Undefined variable: data ProductAction.class.php 第 23 行.
[ 2011-11-01T09:29:52+08:00 ] NOTIC: [8] Undefined index: info f3fff2b5c97ac42f78439ba97dbcdcda.php 第 110 行.
[ 2011-11-01T09:29:52+08:00 ] NOTIC: [8] Undefined index: info f3fff2b5c97ac42f78439ba97dbcdcda.php 第 110 行.
[ 2011-11-01T09:30:05+08:00 ] SQL: SHOW COLUMNS FROM `ry_product` [ RunTime:0.005930s ]
[ 2011-11-01T09:30:05+08:00 ] NOTIC: [8] Undefined variable: data ProductAction.class.php 第 23 行.
[ 2011-11-01T09:30:05+08:00 ] NOTIC: [8] Undefined index: info f3fff2b5c97ac42f78439ba97dbcdcda.php 第 110 行.
[ 2011-11-01T09:30:05+08:00 ] NOTIC: [8] Undefined index: info f3fff2b5c97ac42f78439ba97dbcdcda.php 第 110 行.
[ 2011-11-01T09:35:17+08:00 ] SQL: SHOW COLUMNS FROM `ry_product` [ RunTime:0.008701s ]
[ 2011-11-01T09:35:17+08:00 ] SQL: SELECT * FROM `ry_product` [ RunTime:0.001057s ]
[ 2011-11-01T09:35:17+08:00 ] NOTIC: [8] Undefined index: info f3fff2b5c97ac42f78439ba97dbcdcda.php 第 110 行.
[ 2011-11-01T09:35:17+08:00 ] NOTIC: [8] Undefined index: info f3fff2b5c97ac42f78439ba97dbcdcda.php 第 110 行.
[ 2011-11-01T09:35:19+08:00 ] SQL: SHOW COLUMNS FROM `ry_product` [ RunTime:0.004507s ]
[ 2011-11-01T09:35:19+08:00 ] SQL: SELECT * FROM `ry_product` [ RunTime:0.000815s ]
[ 2011-11-01T09:35:19+08:00 ] NOTIC: [8] Undefined index: info f3fff2b5c97ac42f78439ba97dbcdcda.php 第 110 行.
[ 2011-11-01T09:35:19+08:00 ] NOTIC: [8] Undefined index: info f3fff2b5c97ac42f78439ba97dbcdcda.php 第 110 行.
[ 2011-11-01T09:35:21+08:00 ] SQL: SHOW COLUMNS FROM `ry_product` [ RunTime:0.005541s ]
[ 2011-11-01T09:35:21+08:00 ] SQL: SELECT * FROM `ry_product` [ RunTime:0.000801s ]
[ 2011-11-01T09:35:22+08:00 ] NOTIC: [8] Undefined index: info f3fff2b5c97ac42f78439ba97dbcdcda.php 第 110 行.
[ 2011-11-01T09:35:22+08:00 ] NOTIC: [8] Undefined index: info f3fff2b5c97ac42f78439ba97dbcdcda.php 第 110 行.
[ 2011-11-01T09:35:23+08:00 ] SQL: SHOW COLUMNS FROM `ry_product` [ RunTime:0.005906s ]
[ 2011-11-01T09:35:23+08:00 ] SQL: SELECT * FROM `ry_product` [ RunTime:0.001492s ]
[ 2011-11-01T09:35:23+08:00 ] NOTIC: [8] Undefined index: info f3fff2b5c97ac42f78439ba97dbcdcda.php 第 110 行.
[ 2011-11-01T09:35:23+08:00 ] NOTIC: [8] Undefined index: info f3fff2b5c97ac42f78439ba97dbcdcda.php 第 110 行.
[ 2011-11-01T09:35:25+08:00 ] SQL: SHOW COLUMNS FROM `ry_product` [ RunTime:0.008489s ]
[ 2011-11-01T09:35:25+08:00 ] SQL: SELECT * FROM `ry_product` [ RunTime:0.001044s ]
[ 2011-11-01T09:35:25+08:00 ] NOTIC: [8] Undefined index: info f3fff2b5c97ac42f78439ba97dbcdcda.php 第 110 行.
[ 2011-11-01T09:35:25+08:00 ] NOTIC: [8] Undefined index: info f3fff2b5c97ac42f78439ba97dbcdcda.php 第 110 行.
[ 2011-11-01T09:40:13+08:00 ] SQL: SHOW COLUMNS FROM `ry_product` [ RunTime:0.008258s ]
[ 2011-11-01T09:40:13+08:00 ] SQL: SELECT * FROM `ry_product` [ RunTime:0.001063s ]
[ 2011-11-01T09:40:13+08:00 ] NOTIC: [8] Undefined index: info f3fff2b5c97ac42f78439ba97dbcdcda.php 第 110 行.
[ 2011-11-01T09:40:13+08:00 ] NOTIC: [8] Undefined index: info f3fff2b5c97ac42f78439ba97dbcdcda.php 第 110 行.
[ 2011-11-01T09:40:17+08:00 ] SQL: SHOW COLUMNS FROM `ry_product` [ RunTime:0.003858s ]
[ 2011-11-01T09:40:17+08:00 ] SQL: SELECT * FROM `ry_product` [ RunTime:0.000546s ]
[ 2011-11-01T09:40:17+08:00 ] NOTIC: [8] Undefined index: info f3fff2b5c97ac42f78439ba97dbcdcda.php 第 110 行.
[ 2011-11-01T09:40:17+08:00 ] NOTIC: [8] Undefined index: info f3fff2b5c97ac42f78439ba97dbcdcda.php 第 110 行.
[ 2011-11-01T09:41:49+08:00 ] SQL: SHOW COLUMNS FROM `ry_product` [ RunTime:0.004156s ]
[ 2011-11-01T09:41:49+08:00 ] SQL: SELECT * FROM `ry_product` [ RunTime:0.000563s ]
[ 2011-11-01T09:41:49+08:00 ] NOTIC: [8] Undefined index: info f3fff2b5c97ac42f78439ba97dbcdcda.php 第 110 行.
[ 2011-11-01T09:41:49+08:00 ] NOTIC: [8] Undefined index: info f3fff2b5c97ac42f78439ba97dbcdcda.php 第 110 行.
[ 2011-11-01T09:41:49+08:00 ] NOTIC: [8] Undefined index: tb_productsCat f3fff2b5c97ac42f78439ba97dbcdcda.php 第 120 行.
[ 2011-11-01T09:41:49+08:00 ] NOTIC: [8] Undefined index: cat_id f3fff2b5c97ac42f78439ba97dbcdcda.php 第 121 行.
[ 2011-11-01T09:41:49+08:00 ] NOTIC: [8] Undefined index: productsCatLang f3fff2b5c97ac42f78439ba97dbcdcda.php 第 131 行.
[ 2011-11-01T09:42:44+08:00 ] SQL: SHOW COLUMNS FROM `ry_product` [ RunTime:0.008102s ]
[ 2011-11-01T09:42:44+08:00 ] SQL: SELECT * FROM `ry_product` [ RunTime:0.001065s ]
[ 2011-11-01T09:42:44+08:00 ] NOTIC: [8] Undefined index: info f3fff2b5c97ac42f78439ba97dbcdcda.php 第 110 行.
[ 2011-11-01T09:42:44+08:00 ] NOTIC: [8] Undefined index: info f3fff2b5c97ac42f78439ba97dbcdcda.php 第 110 行.
[ 2011-11-01T09:42:44+08:00 ] NOTIC: [8] Undefined index: cat_id f3fff2b5c97ac42f78439ba97dbcdcda.php 第 121 行.
[ 2011-11-01T09:42:44+08:00 ] NOTIC: [8] Undefined index: productsCatLang f3fff2b5c97ac42f78439ba97dbcdcda.php 第 131 行.
[ 2011-11-01T09:44:24+08:00 ] SQL: SHOW COLUMNS FROM `ry_product` [ RunTime:0.007755s ]
[ 2011-11-01T09:44:24+08:00 ] SQL: SELECT * FROM `ry_product` [ RunTime:0.000887s ]
[ 2011-11-01T09:44:24+08:00 ] NOTIC: [8] Undefined index: info f3fff2b5c97ac42f78439ba97dbcdcda.php 第 110 行.
[ 2011-11-01T09:44:24+08:00 ] NOTIC: [8] Undefined index: info f3fff2b5c97ac42f78439ba97dbcdcda.php 第 110 行.
[ 2011-11-01T09:44:24+08:00 ] NOTIC: [8] Undefined index: cat_id f3fff2b5c97ac42f78439ba97dbcdcda.php 第 121 行.
[ 2011-11-01T09:44:24+08:00 ] NOTIC: [8] Undefined index: productsCatLang f3fff2b5c97ac42f78439ba97dbcdcda.php 第 131 行.
