[ 2011-12-06T21:06:10-05:00 ] SQL: SHOW COLUMNS FROM `ry_products_cat` [ RunTime:0.003779s ]
[ 2011-12-06T21:06:10-05:00 ] SQL: SELECT * FROM `ry_products_cat` WHERE ( `is_show` = '1' ) ORDER BY parent_id asc [ RunTime:0.000690s ]
[ 2011-12-06T21:06:10-05:00 ] NOTIC: [8] Undefined variable: msg ff91dda4b0f6654c1813def01bb61a7d.php 第 45 行.
[ 2011-12-06T21:06:10-05:00 ] NOTIC: [8] Undefined variable: msg ff91dda4b0f6654c1813def01bb61a7d.php 第 110 行.
[ 2011-12-06T21:06:10-05:00 ] NOTIC: [8] Undefined variable: msg ff91dda4b0f6654c1813def01bb61a7d.php 第 110 行.
[ 2011-12-06T21:06:25-05:00 ] SQL: SHOW COLUMNS FROM `ry_products_cat` [ RunTime:0.004305s ]
[ 2011-12-06T21:06:25-05:00 ] SQL: SELECT * FROM `ry_products_cat` ORDER BY parent_id asc [ RunTime:0.000636s ]
[ 2011-12-06T21:06:25-05:00 ] SQL: SELECT * FROM `ry_products_cat` WHERE cat_id=0 LIMIT 1  [ RunTime:0.000520s ]
[ 2011-12-06T21:06:25-05:00 ] SQL: SELECT * FROM `ry_products_cat` WHERE cat_id=6 LIMIT 1  [ RunTime:0.000532s ]
[ 2011-12-06T21:06:25-05:00 ] SQL: SELECT * FROM `ry_products_cat` WHERE cat_id=7 LIMIT 1  [ RunTime:0.000552s ]
[ 2011-12-06T21:06:25-05:00 ] NOTIC: [8] Undefined variable: msg 54d61eb4eafecfef775e4a103813da8e.php 第 45 行.
[ 2011-12-06T21:06:25-05:00 ] NOTIC: [8] Undefined variable: msg 54d61eb4eafecfef775e4a103813da8e.php 第 110 行.
[ 2011-12-06T21:06:25-05:00 ] NOTIC: [8] Undefined variable: msg 54d61eb4eafecfef775e4a103813da8e.php 第 110 行.
[ 2011-12-06T21:06:57-05:00 ] SQL: SHOW COLUMNS FROM `ry_products_cat` [ RunTime:0.006983s ]
[ 2011-12-06T21:06:57-05:00 ] SQL: SHOW COLUMNS FROM `ry_products_cat_lang` [ RunTime:0.006948s ]
[ 2011-12-06T21:06:57-05:00 ] SQL: SELECT * FROM `ry_products_cat` WHERE ( `cat_id` = '6' ) LIMIT 1  [ RunTime:0.000600s ]
[ 2011-12-06T21:06:57-05:00 ] SQL: SELECT * FROM `ry_products_cat_lang` WHERE ( `cat_id` = '6' ) [ RunTime:0.000665s ]
[ 2011-12-06T21:06:57-05:00 ] NOTIC: [8] Undefined index: info 04a0fd06e53e0cda368358ac495db46f.php 第 110 行.
[ 2011-12-06T21:06:57-05:00 ] NOTIC: [8] Undefined index: info 04a0fd06e53e0cda368358ac495db46f.php 第 110 行.
[ 2011-12-06T21:07:14-05:00 ] SQL: SHOW COLUMNS FROM `ry_products_cat` [ RunTime:0.003591s ]
[ 2011-12-06T21:07:14-05:00 ] SQL: SELECT * FROM `ry_products_cat` WHERE ( `is_show` = '1' ) ORDER BY parent_id asc [ RunTime:0.000758s ]
[ 2011-12-06T21:07:14-05:00 ] NOTIC: [8] Undefined variable: msg ff91dda4b0f6654c1813def01bb61a7d.php 第 45 行.
[ 2011-12-06T21:07:14-05:00 ] NOTIC: [8] Undefined variable: msg ff91dda4b0f6654c1813def01bb61a7d.php 第 110 行.
[ 2011-12-06T21:07:14-05:00 ] NOTIC: [8] Undefined variable: msg ff91dda4b0f6654c1813def01bb61a7d.php 第 110 行.
[ 2011-12-06T21:07:19-05:00 ] ERR: (ThinkException) 无法加载模块Postcategory
[ 2011-12-06T21:07:29-05:00 ] SQL: SHOW COLUMNS FROM `ry_users` [ RunTime:0.007700s ]
[ 2011-12-06T21:07:29-05:00 ] SQL: SELECT COUNT(*) AS tp_count FROM `ry_users` LIMIT 1  [ RunTime:0.000681s ]
[ 2011-12-06T21:07:29-05:00 ] SQL: SELECT * FROM `ry_users` LIMIT 0,25  [ RunTime:0.001093s ]
[ 2011-12-06T21:07:29-05:00 ] NOTIC: [8] Undefined index: info 1282e97849dec9495baef5755c79259c.php 第 110 行.
[ 2011-12-06T21:07:29-05:00 ] NOTIC: [8] Undefined index: info 1282e97849dec9495baef5755c79259c.php 第 110 行.
[ 2011-12-06T21:07:29-05:00 ] NOTIC: [8] Undefined index: uid 1282e97849dec9495baef5755c79259c.php 第 124 行.
[ 2011-12-06T21:07:41-05:00 ] SQL: SHOW COLUMNS FROM `ry_users` [ RunTime:0.004336s ]
[ 2011-12-06T21:07:41-05:00 ] SQL: SELECT COUNT(*) AS tp_count FROM `ry_users` LIMIT 1  [ RunTime:0.000596s ]
[ 2011-12-06T21:07:41-05:00 ] SQL: SELECT * FROM `ry_users` LIMIT 0,25  [ RunTime:0.000930s ]
[ 2011-12-06T21:07:41-05:00 ] NOTIC: [8] Undefined index: info 1282e97849dec9495baef5755c79259c.php 第 110 行.
[ 2011-12-06T21:07:41-05:00 ] NOTIC: [8] Undefined index: info 1282e97849dec9495baef5755c79259c.php 第 110 行.
[ 2011-12-06T21:07:41-05:00 ] NOTIC: [8] Undefined index: uid 1282e97849dec9495baef5755c79259c.php 第 124 行.
[ 2011-12-06T21:16:12-05:00 ] SQL: SHOW COLUMNS FROM `ry_page` [ RunTime:0.003633s ]
[ 2011-12-06T21:16:12-05:00 ] SQL: SELECT COUNT(*) AS tp_count FROM `ry_page` LIMIT 1  [ RunTime:0.000659s ]
[ 2011-12-06T21:16:12-05:00 ] SQL: SELECT * FROM `ry_page` LIMIT 0,25  [ RunTime:0.000983s ]
[ 2011-12-06T21:16:12-05:00 ] NOTIC: [8] Undefined index: info 54042c11aa449cd5c6bb37d6a4c6f773.php 第 110 行.
[ 2011-12-06T21:16:12-05:00 ] NOTIC: [8] Undefined index: info 54042c11aa449cd5c6bb37d6a4c6f773.php 第 110 行.
[ 2011-12-06T21:16:23-05:00 ] SQL: SHOW COLUMNS FROM `ry_langs` [ RunTime:0.004191s ]
[ 2011-12-06T21:16:23-05:00 ] SQL: SHOW COLUMNS FROM `ry_page_lang` [ RunTime:0.003682s ]
[ 2011-12-06T21:16:23-05:00 ] SQL: SELECT * FROM `ry_langs` WHERE lang_status <> 0 [ RunTime:0.000975s ]
[ 2011-12-06T21:16:23-05:00 ] SQL: SELECT * FROM `ry_page_lang` WHERE ( `page_id` = '1' ) [ RunTime:0.001021s ]
[ 2011-12-06T21:16:23-05:00 ] NOTIC: [8] Undefined index: info a560bbf73a30d4a718884003be1cf406.php 第 110 行.
[ 2011-12-06T21:16:23-05:00 ] NOTIC: [8] Undefined index: info a560bbf73a30d4a718884003be1cf406.php 第 110 行.
[ 2011-12-06T21:16:23-05:00 ] NOTIC: [8] Undefined index: page a560bbf73a30d4a718884003be1cf406.php 第 153 行.
[ 2011-12-06T21:16:27-05:00 ] SQL: SHOW COLUMNS FROM `ry_langs` [ RunTime:0.004537s ]
[ 2011-12-06T21:16:27-05:00 ] SQL: SHOW COLUMNS FROM `ry_page_lang` [ RunTime:0.005748s ]
[ 2011-12-06T21:16:27-05:00 ] SQL: SELECT * FROM `ry_langs` WHERE lang_status <> 0 [ RunTime:0.000546s ]
[ 2011-12-06T21:16:27-05:00 ] NOTIC: [8] Undefined index: info 7f911d4179d231fc19bbc29c67586ab8.php 第 110 行.
[ 2011-12-06T21:16:27-05:00 ] NOTIC: [8] Undefined index: info 7f911d4179d231fc19bbc29c67586ab8.php 第 110 行.
[ 2011-12-06T21:16:41-05:00 ] SQL: SHOW COLUMNS FROM `ry_langs` [ RunTime:0.005042s ]
[ 2011-12-06T21:16:41-05:00 ] SQL: SHOW COLUMNS FROM `ry_page_lang` [ RunTime:0.004737s ]
[ 2011-12-06T21:16:41-05:00 ] SQL: SELECT * FROM `ry_langs` WHERE lang_status <> 0 [ RunTime:0.000864s ]
[ 2011-12-06T21:16:41-05:00 ] SQL: SELECT * FROM `ry_page_lang` WHERE ( `page_id` = '1' ) [ RunTime:0.000728s ]
[ 2011-12-06T21:16:41-05:00 ] NOTIC: [8] Undefined index: info a560bbf73a30d4a718884003be1cf406.php 第 110 行.
[ 2011-12-06T21:16:41-05:00 ] NOTIC: [8] Undefined index: info a560bbf73a30d4a718884003be1cf406.php 第 110 行.
[ 2011-12-06T21:16:41-05:00 ] NOTIC: [8] Undefined index: page a560bbf73a30d4a718884003be1cf406.php 第 153 行.
[ 2011-12-06T21:22:37-05:00 ] SQL: SHOW COLUMNS FROM `ry_users` [ RunTime:0.003616s ]
[ 2011-12-06T21:22:37-05:00 ] NOTIC: [8] Undefined variable: msg 3b07957a53ccb31105e96f96aaa794c8.php 第 45 行.
[ 2011-12-06T21:22:37-05:00 ] NOTIC: [8] Undefined variable: msg 3b07957a53ccb31105e96f96aaa794c8.php 第 110 行.
[ 2011-12-06T21:22:37-05:00 ] NOTIC: [8] Undefined variable: msg 3b07957a53ccb31105e96f96aaa794c8.php 第 110 行.
[ 2011-12-06T21:22:40-05:00 ] SQL: SHOW COLUMNS FROM `ry_users` [ RunTime:0.003395s ]
[ 2011-12-06T21:22:40-05:00 ] SQL: SELECT COUNT(*) AS tp_count FROM `ry_users` LIMIT 1  [ RunTime:0.000397s ]
[ 2011-12-06T21:22:40-05:00 ] SQL: SELECT * FROM `ry_users` LIMIT 0,25  [ RunTime:0.000664s ]
[ 2011-12-06T21:22:40-05:00 ] NOTIC: [8] Undefined index: info 1282e97849dec9495baef5755c79259c.php 第 110 行.
[ 2011-12-06T21:22:40-05:00 ] NOTIC: [8] Undefined index: info 1282e97849dec9495baef5755c79259c.php 第 110 行.
[ 2011-12-06T21:22:40-05:00 ] NOTIC: [8] Undefined index: uid 1282e97849dec9495baef5755c79259c.php 第 124 行.
[ 2011-12-06T21:22:43-05:00 ] SQL: SHOW COLUMNS FROM `ry_page` [ RunTime:0.006338s ]
[ 2011-12-06T21:22:43-05:00 ] SQL: SELECT COUNT(*) AS tp_count FROM `ry_page` LIMIT 1  [ RunTime:0.000541s ]
[ 2011-12-06T21:22:43-05:00 ] SQL: SELECT * FROM `ry_page` LIMIT 0,25  [ RunTime:0.001016s ]
[ 2011-12-06T21:22:43-05:00 ] NOTIC: [8] Undefined index: info 54042c11aa449cd5c6bb37d6a4c6f773.php 第 110 行.
[ 2011-12-06T21:22:43-05:00 ] NOTIC: [8] Undefined index: info 54042c11aa449cd5c6bb37d6a4c6f773.php 第 110 行.
[ 2011-12-06T21:22:46-05:00 ] SQL: SHOW COLUMNS FROM `ry_products_cat` [ RunTime:0.007114s ]
[ 2011-12-06T21:22:46-05:00 ] SQL: SELECT * FROM `ry_products_cat` ORDER BY parent_id asc [ RunTime:0.000912s ]
[ 2011-12-06T21:22:46-05:00 ] SQL: SELECT * FROM `ry_products_cat` WHERE cat_id=0 LIMIT 1  [ RunTime:0.000768s ]
[ 2011-12-06T21:22:46-05:00 ] SQL: SELECT * FROM `ry_products_cat` WHERE cat_id=6 LIMIT 1  [ RunTime:0.000698s ]
[ 2011-12-06T21:22:46-05:00 ] SQL: SELECT * FROM `ry_products_cat` WHERE cat_id=7 LIMIT 1  [ RunTime:0.000707s ]
[ 2011-12-06T21:22:46-05:00 ] NOTIC: [8] Undefined variable: msg 54d61eb4eafecfef775e4a103813da8e.php 第 45 行.
[ 2011-12-06T21:22:46-05:00 ] NOTIC: [8] Undefined variable: msg 54d61eb4eafecfef775e4a103813da8e.php 第 110 行.
[ 2011-12-06T21:22:46-05:00 ] NOTIC: [8] Undefined variable: msg 54d61eb4eafecfef775e4a103813da8e.php 第 110 行.
[ 2011-12-06T21:22:47-05:00 ] SQL: SHOW COLUMNS FROM `ry_products_cat` [ RunTime:0.006902s ]
[ 2011-12-06T21:22:47-05:00 ] SQL: SELECT * FROM `ry_products_cat` WHERE ( `is_show` = '1' ) ORDER BY parent_id asc [ RunTime:0.000825s ]
[ 2011-12-06T21:22:47-05:00 ] NOTIC: [8] Undefined variable: msg ff91dda4b0f6654c1813def01bb61a7d.php 第 45 行.
[ 2011-12-06T21:22:47-05:00 ] NOTIC: [8] Undefined variable: msg ff91dda4b0f6654c1813def01bb61a7d.php 第 110 行.
[ 2011-12-06T21:22:47-05:00 ] NOTIC: [8] Undefined variable: msg ff91dda4b0f6654c1813def01bb61a7d.php 第 110 行.
[ 2011-12-06T21:22:50-05:00 ] SQL: SHOW COLUMNS FROM `ry_product` [ RunTime:0.006206s ]
[ 2011-12-06T21:22:50-05:00 ] SQL: SELECT * FROM `ry_product` [ RunTime:0.001310s ]
[ 2011-12-06T21:22:50-05:00 ] NOTIC: [8] Undefined index: info f3fff2b5c97ac42f78439ba97dbcdcda.php 第 110 行.
[ 2011-12-06T21:22:50-05:00 ] NOTIC: [8] Undefined index: info f3fff2b5c97ac42f78439ba97dbcdcda.php 第 110 行.
[ 2011-12-06T21:22:50-05:00 ] NOTIC: [8] Undefined index: cat_id f3fff2b5c97ac42f78439ba97dbcdcda.php 第 121 行.
[ 2011-12-06T21:22:50-05:00 ] NOTIC: [8] Undefined index: productsCatLang f3fff2b5c97ac42f78439ba97dbcdcda.php 第 131 行.
[ 2011-12-06T21:22:52-05:00 ] ERR: (ThinkException) _ERROR_ACTION_add
[ 2011-12-06T21:22:57-05:00 ] SQL: SHOW COLUMNS FROM `ry_users` [ RunTime:0.004168s ]
[ 2011-12-06T21:22:57-05:00 ] SQL: SELECT COUNT(*) AS tp_count FROM `ry_users` LIMIT 1  [ RunTime:0.000731s ]
[ 2011-12-06T21:22:57-05:00 ] SQL: SELECT * FROM `ry_users` LIMIT 0,25  [ RunTime:0.000792s ]
[ 2011-12-06T21:22:57-05:00 ] NOTIC: [8] Undefined index: info 1282e97849dec9495baef5755c79259c.php 第 110 行.
[ 2011-12-06T21:22:57-05:00 ] NOTIC: [8] Undefined index: info 1282e97849dec9495baef5755c79259c.php 第 110 行.
[ 2011-12-06T21:22:57-05:00 ] NOTIC: [8] Undefined index: uid 1282e97849dec9495baef5755c79259c.php 第 124 行.
[ 2011-12-06T21:23:00-05:00 ] SQL: SHOW COLUMNS FROM `ry_users_profile` [ RunTime:0.007221s ]
[ 2011-12-06T21:23:00-05:00 ] SQL: SELECT * FROM `ry_users_profile` WHERE ( `user_id` = '1' ) [ RunTime:0.000707s ]
[ 2011-12-06T21:23:00-05:00 ] NOTIC: [8] Undefined variable: msg 1c423aa926b25b741de44473fb9619b5.php 第 45 行.
[ 2011-12-06T21:23:00-05:00 ] NOTIC: [8] Undefined variable: msg 1c423aa926b25b741de44473fb9619b5.php 第 110 行.
[ 2011-12-06T21:23:00-05:00 ] NOTIC: [8] Undefined variable: msg 1c423aa926b25b741de44473fb9619b5.php 第 110 行.
[ 2011-12-06T21:23:00-05:00 ] NOTIC: [8] Undefined variable: msg 1c423aa926b25b741de44473fb9619b5.php 第 124 行.
[ 2011-12-06T21:23:00-05:00 ] NOTIC: [8] Undefined variable: msg 1c423aa926b25b741de44473fb9619b5.php 第 155 行.
[ 2011-12-06T21:23:03-05:00 ] ERR: (ThinkException) _ERROR_ACTION_profile_edit
[ 2011-12-06T21:32:22-05:00 ] ERR: (ThinkException) _ERROR_ACTION_profile_edit
[ 2011-12-06T21:33:09-05:00 ] ERR: (ThinkException) _ERROR_ACTION_profile_edit
[ 2011-12-06T21:33:59-05:00 ] ERR: (ThinkException) _ERROR_ACTION_profile_edit
[ 2011-12-06T22:25:45-05:00 ] SQL: SHOW COLUMNS FROM `ry_users` [ RunTime:0.436455s ]
[ 2011-12-06T22:25:50-05:00 ] SQL: SHOW COLUMNS FROM `ry_users` [ RunTime:0.006445s ]
[ 2011-12-06T22:25:50-05:00 ] SQL: SELECT COUNT(*) AS tp_count FROM `ry_users` WHERE ( `user_name` = 'admin' ) AND ( `user_password` = 'e10adc3949ba59abbe56e057f20f883e' ) LIMIT 1  [ RunTime:0.000940s ]
[ 2011-12-06T22:25:50-05:00 ] SQL: SELECT * FROM `ry_users` WHERE ( `user_name` = 'admin' ) AND ( `user_password` = 'e10adc3949ba59abbe56e057f20f883e' ) LIMIT 1  [ RunTime:0.000735s ]
[ 2011-12-06T22:25:51-05:00 ] SQL: SHOW COLUMNS FROM `ry_users` [ RunTime:0.008126s ]
[ 2011-12-06T22:25:51-05:00 ] NOTIC: [8] Undefined variable: msg 3b07957a53ccb31105e96f96aaa794c8.php 第 45 行.
[ 2011-12-06T22:25:51-05:00 ] NOTIC: [8] Undefined variable: msg 3b07957a53ccb31105e96f96aaa794c8.php 第 110 行.
[ 2011-12-06T22:25:51-05:00 ] NOTIC: [8] Undefined variable: msg 3b07957a53ccb31105e96f96aaa794c8.php 第 110 行.
[ 2011-12-06T22:26:00-05:00 ] SQL: SHOW COLUMNS FROM `ry_users` [ RunTime:0.013617s ]
[ 2011-12-06T22:26:01-05:00 ] SQL: SELECT COUNT(*) AS tp_count FROM `ry_users` LIMIT 1  [ RunTime:0.000799s ]
[ 2011-12-06T22:26:01-05:00 ] SQL: SELECT * FROM `ry_users` LIMIT 0,25  [ RunTime:0.001509s ]
[ 2011-12-06T22:26:01-05:00 ] NOTIC: [8] Undefined index: info 1282e97849dec9495baef5755c79259c.php 第 110 行.
[ 2011-12-06T22:26:01-05:00 ] NOTIC: [8] Undefined index: info 1282e97849dec9495baef5755c79259c.php 第 110 行.
[ 2011-12-06T22:26:01-05:00 ] NOTIC: [8] Undefined index: uid 1282e97849dec9495baef5755c79259c.php 第 124 行.
[ 2011-12-06T22:26:05-05:00 ] SQL: SHOW COLUMNS FROM `ry_users_profile` [ RunTime:0.405836s ]
[ 2011-12-06T22:26:05-05:00 ] SQL: SELECT * FROM `ry_users_profile` WHERE ( `user_id` = '1' ) [ RunTime:0.001430s ]
[ 2011-12-06T22:26:06-05:00 ] NOTIC: [8] Undefined variable: msg 1c423aa926b25b741de44473fb9619b5.php 第 45 行.
[ 2011-12-06T22:26:06-05:00 ] NOTIC: [8] Undefined variable: msg 1c423aa926b25b741de44473fb9619b5.php 第 110 行.
[ 2011-12-06T22:26:06-05:00 ] NOTIC: [8] Undefined variable: msg 1c423aa926b25b741de44473fb9619b5.php 第 110 行.
[ 2011-12-06T22:26:06-05:00 ] NOTIC: [8] Undefined variable: msg 1c423aa926b25b741de44473fb9619b5.php 第 124 行.
[ 2011-12-06T22:26:06-05:00 ] NOTIC: [8] Undefined variable: msg 1c423aa926b25b741de44473fb9619b5.php 第 155 行.
[ 2011-12-06T22:26:13-05:00 ] SQL: SHOW COLUMNS FROM `ry_users_profile` [ RunTime:0.006834s ]
[ 2011-12-06T22:26:13-05:00 ] SQL: SELECT * FROM `ry_users_profile` WHERE ( `user_id` = '1' ) [ RunTime:0.000648s ]
[ 2011-12-06T22:26:13-05:00 ] NOTIC: [8] Undefined variable: msg 1c423aa926b25b741de44473fb9619b5.php 第 45 行.
[ 2011-12-06T22:26:13-05:00 ] NOTIC: [8] Undefined variable: msg 1c423aa926b25b741de44473fb9619b5.php 第 110 行.
[ 2011-12-06T22:26:13-05:00 ] NOTIC: [8] Undefined variable: msg 1c423aa926b25b741de44473fb9619b5.php 第 110 行.
[ 2011-12-06T22:26:13-05:00 ] NOTIC: [8] Undefined variable: msg 1c423aa926b25b741de44473fb9619b5.php 第 124 行.
[ 2011-12-06T22:26:13-05:00 ] NOTIC: [8] Undefined variable: msg 1c423aa926b25b741de44473fb9619b5.php 第 155 行.
[ 2011-12-06T22:26:19-05:00 ] NOTIC: [8] Undefined variable: msg a47de7e8993bc294c781304c9e90ce04.php 第 45 行.
[ 2011-12-06T22:26:19-05:00 ] NOTIC: [8] Undefined variable: msg a47de7e8993bc294c781304c9e90ce04.php 第 110 行.
[ 2011-12-06T22:26:19-05:00 ] NOTIC: [8] Undefined variable: msg a47de7e8993bc294c781304c9e90ce04.php 第 110 行.
[ 2011-12-06T22:26:19-05:00 ] NOTIC: [8] Undefined index: uid a47de7e8993bc294c781304c9e90ce04.php 第 115 行.
[ 2011-12-06T22:26:19-05:00 ] NOTIC: [8] Undefined variable: data a47de7e8993bc294c781304c9e90ce04.php 第 130 行.
[ 2011-12-06T22:26:28-05:00 ] NOTIC: [8] Undefined variable: msg a47de7e8993bc294c781304c9e90ce04.php 第 45 行.
[ 2011-12-06T22:26:28-05:00 ] NOTIC: [8] Undefined variable: msg a47de7e8993bc294c781304c9e90ce04.php 第 110 行.
[ 2011-12-06T22:26:28-05:00 ] NOTIC: [8] Undefined variable: msg a47de7e8993bc294c781304c9e90ce04.php 第 110 行.
[ 2011-12-06T22:26:28-05:00 ] NOTIC: [8] Undefined index: uid a47de7e8993bc294c781304c9e90ce04.php 第 115 行.
[ 2011-12-06T22:26:28-05:00 ] NOTIC: [8] Undefined variable: data a47de7e8993bc294c781304c9e90ce04.php 第 130 行.
[ 2011-12-06T22:31:10-05:00 ] SQL: SHOW COLUMNS FROM `ry_products_cat` [ RunTime:0.024377s ]
[ 2011-12-06T22:31:10-05:00 ] SQL: SELECT * FROM `ry_products_cat` ORDER BY parent_id asc [ RunTime:0.000609s ]
[ 2011-12-06T22:31:10-05:00 ] SQL: SELECT * FROM `ry_products_cat` WHERE cat_id=0 LIMIT 1  [ RunTime:0.000768s ]
[ 2011-12-06T22:31:10-05:00 ] SQL: SELECT * FROM `ry_products_cat` WHERE cat_id=6 LIMIT 1  [ RunTime:0.000631s ]
[ 2011-12-06T22:31:10-05:00 ] SQL: SELECT * FROM `ry_products_cat` WHERE cat_id=7 LIMIT 1  [ RunTime:0.000512s ]
[ 2011-12-06T22:31:10-05:00 ] NOTIC: [8] Undefined variable: msg 54d61eb4eafecfef775e4a103813da8e.php 第 45 行.
[ 2011-12-06T22:31:10-05:00 ] NOTIC: [8] Undefined variable: msg 54d61eb4eafecfef775e4a103813da8e.php 第 110 行.
[ 2011-12-06T22:31:10-05:00 ] NOTIC: [8] Undefined variable: msg 54d61eb4eafecfef775e4a103813da8e.php 第 110 行.
