[ 2011-12-27T13:11:53-05:00 ] SQL: SHOW COLUMNS FROM `ry_langs` [ RunTime:0.015221s ]
[ 2011-12-27T13:11:53-05:00 ] SQL: SHOW COLUMNS FROM `ry_products_lang` [ RunTime:0.003925s ]
[ 2011-12-27T13:11:53-05:00 ] SQL: SELECT * FROM `ry_langs` WHERE lang_status <> 0 [ RunTime:0.000412s ]
[ 2011-12-27T13:11:53-05:00 ] NOTIC: [8] Undefined index: info 98eac3669a6890939c3fc0a7af0fe5da.php 第 109 行.
[ 2011-12-27T13:11:53-05:00 ] NOTIC: [8] Undefined index: info 98eac3669a6890939c3fc0a7af0fe5da.php 第 109 行.
[ 2011-12-27T13:23:48-05:00 ] SQL: SHOW COLUMNS FROM `ry_langs` [ RunTime:0.005787s ]
[ 2011-12-27T13:23:48-05:00 ] SQL: SHOW COLUMNS FROM `ry_products_lang` [ RunTime:0.005183s ]
[ 2011-12-27T13:23:48-05:00 ] SQL: SELECT * FROM `ry_langs` WHERE lang_status <> 0 [ RunTime:0.000356s ]
[ 2011-12-27T13:23:48-05:00 ] SQL: INSERT INTO `ry_products_lang` (`pid`,`lang_code`,`name`,`description`) VALUES ('$Think.get.product_id','en-us','fdsfgd','dsafdsaf') [ RunTime:0.000446s ]
[ 2011-12-27T13:23:49-05:00 ] SQL: SHOW COLUMNS FROM `ry_langs` [ RunTime:0.003851s ]
[ 2011-12-27T13:23:49-05:00 ] SQL: SHOW COLUMNS FROM `ry_products_lang` [ RunTime:0.004014s ]
[ 2011-12-27T13:23:49-05:00 ] SQL: SELECT * FROM `ry_langs` WHERE lang_status <> 0 [ RunTime:0.000368s ]
[ 2011-12-27T13:23:49-05:00 ] NOTIC: [8] Undefined index: info 98eac3669a6890939c3fc0a7af0fe5da.php 第 109 行.
[ 2011-12-27T13:23:49-05:00 ] NOTIC: [8] Undefined index: info 98eac3669a6890939c3fc0a7af0fe5da.php 第 109 行.
[ 2011-12-27T13:23:55-05:00 ] SQL: SHOW COLUMNS FROM `ry_products` [ RunTime:0.011564s ]
[ 2011-12-27T13:23:55-05:00 ] SQL: SELECT COUNT(*) AS tp_count FROM `ry_products` LIMIT 1  [ RunTime:0.000321s ]
[ 2011-12-27T13:23:55-05:00 ] SQL: SELECT * FROM `ry_products` LIMIT 0,25  [ RunTime:0.000402s ]
[ 2011-12-27T13:23:55-05:00 ] NOTIC: [8] Undefined index: info f3fff2b5c97ac42f78439ba97dbcdcda.php 第 109 行.
[ 2011-12-27T13:23:55-05:00 ] NOTIC: [8] Undefined index: info f3fff2b5c97ac42f78439ba97dbcdcda.php 第 109 行.
[ 2011-12-27T13:23:58-05:00 ] SQL: SHOW COLUMNS FROM `ry_products_lang` [ RunTime:0.004125s ]
[ 2011-12-27T13:23:58-05:00 ] SQL: SELECT COUNT(*) AS tp_count FROM `ry_products_lang` WHERE ( `pid` = '4' ) LIMIT 1  [ RunTime:0.007883s ]
[ 2011-12-27T13:23:58-05:00 ] SQL: SELECT * FROM `ry_products_lang` WHERE ( `pid` = '4' ) [ RunTime:0.000321s ]
[ 2011-12-27T13:23:58-05:00 ] NOTIC: [8] Undefined variable: msg cd12dcce469b8ec8f9f8ed1070d3c4e0.php 第 55 行.
[ 2011-12-27T13:23:58-05:00 ] NOTIC: [8] Undefined variable: msg cd12dcce469b8ec8f9f8ed1070d3c4e0.php 第 109 行.
[ 2011-12-27T13:23:58-05:00 ] NOTIC: [8] Undefined variable: msg cd12dcce469b8ec8f9f8ed1070d3c4e0.php 第 109 行.
[ 2011-12-27T13:24:49-05:00 ] SQL: SHOW COLUMNS FROM `ry_products_lang` [ RunTime:0.004357s ]
[ 2011-12-27T13:24:49-05:00 ] SQL: SELECT COUNT(*) AS tp_count FROM `ry_products_lang` WHERE ( `pid` = '4' ) LIMIT 1  [ RunTime:0.000386s ]
[ 2011-12-27T13:24:49-05:00 ] SQL: SELECT * FROM `ry_products_lang` WHERE ( `pid` = '4' ) [ RunTime:0.000268s ]
[ 2011-12-27T13:24:49-05:00 ] NOTIC: [8] Undefined variable: msg cd12dcce469b8ec8f9f8ed1070d3c4e0.php 第 55 行.
[ 2011-12-27T13:24:49-05:00 ] NOTIC: [8] Undefined variable: msg cd12dcce469b8ec8f9f8ed1070d3c4e0.php 第 109 行.
[ 2011-12-27T13:24:49-05:00 ] NOTIC: [8] Undefined variable: msg cd12dcce469b8ec8f9f8ed1070d3c4e0.php 第 109 行.
[ 2011-12-27T13:24:52-05:00 ] SQL: SHOW COLUMNS FROM `ry_langs` [ RunTime:0.004045s ]
[ 2011-12-27T13:24:52-05:00 ] SQL: SHOW COLUMNS FROM `ry_products_lang` [ RunTime:0.003825s ]
[ 2011-12-27T13:24:52-05:00 ] SQL: SELECT * FROM `ry_langs` WHERE lang_status <> 0 [ RunTime:0.000383s ]
[ 2011-12-27T13:24:52-05:00 ] NOTIC: [8] Undefined index: info 98eac3669a6890939c3fc0a7af0fe5da.php 第 109 行.
[ 2011-12-27T13:24:52-05:00 ] NOTIC: [8] Undefined index: info 98eac3669a6890939c3fc0a7af0fe5da.php 第 109 行.
[ 2011-12-27T13:25:01-05:00 ] SQL: SHOW COLUMNS FROM `ry_langs` [ RunTime:0.003984s ]
[ 2011-12-27T13:25:01-05:00 ] SQL: SHOW COLUMNS FROM `ry_products_lang` [ RunTime:0.003986s ]
[ 2011-12-27T13:25:01-05:00 ] SQL: SELECT * FROM `ry_langs` WHERE lang_status <> 0 [ RunTime:0.000378s ]
[ 2011-12-27T13:25:01-05:00 ] SQL: INSERT INTO `ry_products_lang` (`pid`,`lang_code`,`name`,`description`) VALUES ('4','en-us','dsfas','dsafsaf') [ RunTime:0.000306s ]
[ 2011-12-27T13:25:02-05:00 ] SQL: SHOW COLUMNS FROM `ry_langs` [ RunTime:0.004207s ]
[ 2011-12-27T13:25:02-05:00 ] SQL: SHOW COLUMNS FROM `ry_products_lang` [ RunTime:0.004008s ]
[ 2011-12-27T13:25:02-05:00 ] SQL: SELECT * FROM `ry_langs` WHERE lang_status <> 0 [ RunTime:0.000491s ]
[ 2011-12-27T13:25:02-05:00 ] NOTIC: [8] Undefined index: info 98eac3669a6890939c3fc0a7af0fe5da.php 第 109 行.
[ 2011-12-27T13:25:02-05:00 ] NOTIC: [8] Undefined index: info 98eac3669a6890939c3fc0a7af0fe5da.php 第 109 行.
[ 2011-12-27T13:26:16-05:00 ] SQL: SHOW COLUMNS FROM `ry_products_lang` [ RunTime:0.003977s ]
[ 2011-12-27T13:26:16-05:00 ] SQL: SELECT COUNT(*) AS tp_count FROM `ry_products_lang` WHERE ( `pid` = '4' ) LIMIT 1  [ RunTime:0.000385s ]
[ 2011-12-27T13:26:16-05:00 ] SQL: SELECT * FROM `ry_products_lang` WHERE ( `pid` = '4' ) [ RunTime:0.000389s ]
[ 2011-12-27T13:26:16-05:00 ] NOTIC: [8] Undefined variable: msg cd12dcce469b8ec8f9f8ed1070d3c4e0.php 第 55 行.
[ 2011-12-27T13:26:16-05:00 ] NOTIC: [8] Undefined variable: msg cd12dcce469b8ec8f9f8ed1070d3c4e0.php 第 109 行.
[ 2011-12-27T13:26:16-05:00 ] NOTIC: [8] Undefined variable: msg cd12dcce469b8ec8f9f8ed1070d3c4e0.php 第 109 行.
[ 2011-12-27T13:26:16-05:00 ] NOTIC: [8] Undefined index: page_lang_id cd12dcce469b8ec8f9f8ed1070d3c4e0.php 第 146 行.
[ 2011-12-27T13:26:16-05:00 ] NOTIC: [8] Undefined index: page_id cd12dcce469b8ec8f9f8ed1070d3c4e0.php 第 146 行.
[ 2011-12-27T13:48:24-05:00 ] NOTIC: [8] Undefined variable: msg ab99519e2f7221d0f850445028320474.php 第 55 行.
[ 2011-12-27T13:48:24-05:00 ] NOTIC: [8] Undefined variable: msg ab99519e2f7221d0f850445028320474.php 第 109 行.
[ 2011-12-27T13:48:24-05:00 ] NOTIC: [8] Undefined variable: msg ab99519e2f7221d0f850445028320474.php 第 109 行.
[ 2011-12-27T13:48:24-05:00 ] NOTIC: [8] Undefined index: product_id ab99519e2f7221d0f850445028320474.php 第 131 行.
[ 2011-12-27T13:48:24-05:00 ] NOTIC: [8] Undefined variable: data ab99519e2f7221d0f850445028320474.php 第 141 行.
[ 2011-12-27T13:48:52-05:00 ] NOTIC: [8] Undefined variable: msg ab99519e2f7221d0f850445028320474.php 第 55 行.
[ 2011-12-27T13:48:52-05:00 ] NOTIC: [8] Undefined variable: msg ab99519e2f7221d0f850445028320474.php 第 109 行.
[ 2011-12-27T13:48:52-05:00 ] NOTIC: [8] Undefined variable: msg ab99519e2f7221d0f850445028320474.php 第 109 行.
[ 2011-12-27T13:48:52-05:00 ] NOTIC: [8] Undefined index: product_id ab99519e2f7221d0f850445028320474.php 第 131 行.
[ 2011-12-27T13:48:52-05:00 ] NOTIC: [8] Undefined variable: data ab99519e2f7221d0f850445028320474.php 第 141 行.
[ 2011-12-27T13:49:22-05:00 ] SQL: SHOW COLUMNS FROM `ry_products_lang` [ RunTime:0.004172s ]
[ 2011-12-27T13:49:22-05:00 ] SQL: SELECT COUNT(*) AS tp_count FROM `ry_products_lang` WHERE ( `pid` = '4' ) LIMIT 1  [ RunTime:0.000347s ]
[ 2011-12-27T13:49:22-05:00 ] SQL: SELECT * FROM `ry_products_lang` WHERE ( `pid` = '4' ) [ RunTime:0.000240s ]
[ 2011-12-27T13:49:22-05:00 ] NOTIC: [8] Undefined variable: msg cd12dcce469b8ec8f9f8ed1070d3c4e0.php 第 55 行.
[ 2011-12-27T13:49:22-05:00 ] NOTIC: [8] Undefined variable: msg cd12dcce469b8ec8f9f8ed1070d3c4e0.php 第 109 行.
[ 2011-12-27T13:49:22-05:00 ] NOTIC: [8] Undefined variable: msg cd12dcce469b8ec8f9f8ed1070d3c4e0.php 第 109 行.
[ 2011-12-27T13:49:41-05:00 ] SQL: SHOW COLUMNS FROM `ry_products_lang` [ RunTime:0.004013s ]
[ 2011-12-27T13:49:41-05:00 ] SQL: SELECT COUNT(*) AS tp_count FROM `ry_products_lang` WHERE ( `pid` = '4' ) LIMIT 1  [ RunTime:0.000374s ]
[ 2011-12-27T13:49:41-05:00 ] SQL: SELECT * FROM `ry_products_lang` WHERE ( `pid` = '4' ) [ RunTime:0.000254s ]
[ 2011-12-27T13:49:41-05:00 ] NOTIC: [8] Undefined variable: msg cd12dcce469b8ec8f9f8ed1070d3c4e0.php 第 55 行.
[ 2011-12-27T13:49:41-05:00 ] NOTIC: [8] Undefined variable: msg cd12dcce469b8ec8f9f8ed1070d3c4e0.php 第 109 行.
[ 2011-12-27T13:49:41-05:00 ] NOTIC: [8] Undefined variable: msg cd12dcce469b8ec8f9f8ed1070d3c4e0.php 第 109 行.
[ 2011-12-27T13:49:43-05:00 ] NOTIC: [8] Undefined variable: msg ab99519e2f7221d0f850445028320474.php 第 55 行.
[ 2011-12-27T13:49:43-05:00 ] NOTIC: [8] Undefined variable: msg ab99519e2f7221d0f850445028320474.php 第 109 行.
[ 2011-12-27T13:49:43-05:00 ] NOTIC: [8] Undefined variable: msg ab99519e2f7221d0f850445028320474.php 第 109 行.
[ 2011-12-27T13:49:43-05:00 ] NOTIC: [8] Undefined variable: data ab99519e2f7221d0f850445028320474.php 第 141 行.
[ 2011-12-27T13:50:21-05:00 ] SQL: SHOW COLUMNS FROM `ry_langs` [ RunTime:0.005222s ]
[ 2011-12-27T13:50:21-05:00 ] SQL: SHOW COLUMNS FROM `ry_products_lang` [ RunTime:0.005214s ]
[ 2011-12-27T13:50:21-05:00 ] SQL: SELECT * FROM `ry_langs` WHERE lang_status <> 0 [ RunTime:0.000350s ]
[ 2011-12-27T13:50:21-05:00 ] NOTIC: [8] Undefined variable: msg ab99519e2f7221d0f850445028320474.php 第 55 行.
[ 2011-12-27T13:50:21-05:00 ] NOTIC: [8] Undefined variable: msg ab99519e2f7221d0f850445028320474.php 第 109 行.
[ 2011-12-27T13:50:21-05:00 ] NOTIC: [8] Undefined variable: msg ab99519e2f7221d0f850445028320474.php 第 109 行.
[ 2011-12-27T14:09:04-05:00 ] SQL: SHOW COLUMNS FROM `ry_langs` [ RunTime:0.003971s ]
[ 2011-12-27T14:09:04-05:00 ] SQL: SHOW COLUMNS FROM `ry_products_lang` [ RunTime:0.003912s ]
[ 2011-12-27T14:09:04-05:00 ] SQL: SELECT * FROM `ry_langs` WHERE lang_status <> 0 [ RunTime:0.000402s ]
[ 2011-12-27T14:09:04-05:00 ] NOTIC: [8] Undefined index: plid ProductAction.class.php 第 309 行.
[ 2011-12-27T14:09:04-05:00 ] SQL: SELECT * FROM `ry_products_lang` WHERE ( `plid` = null ) [ RunTime:0.000252s ]
[ 2011-12-27T14:09:04-05:00 ] NOTIC: [8] Undefined variable: msg ab99519e2f7221d0f850445028320474.php 第 55 行.
[ 2011-12-27T14:09:04-05:00 ] NOTIC: [8] Undefined variable: msg ab99519e2f7221d0f850445028320474.php 第 109 行.
[ 2011-12-27T14:09:04-05:00 ] NOTIC: [8] Undefined variable: msg ab99519e2f7221d0f850445028320474.php 第 109 行.
[ 2011-12-27T14:09:04-05:00 ] NOTIC: [8] Undefined index: tb_products ab99519e2f7221d0f850445028320474.php 第 147 行.
[ 2011-12-27T14:09:09-05:00 ] SQL: SHOW COLUMNS FROM `ry_products_lang` [ RunTime:0.003945s ]
[ 2011-12-27T14:09:09-05:00 ] SQL: SELECT COUNT(*) AS tp_count FROM `ry_products_lang` WHERE ( `pid` = '4' ) LIMIT 1  [ RunTime:0.000346s ]
[ 2011-12-27T14:09:09-05:00 ] SQL: SELECT * FROM `ry_products_lang` WHERE ( `pid` = '4' ) [ RunTime:0.000245s ]
[ 2011-12-27T14:09:09-05:00 ] NOTIC: [8] Undefined variable: msg cd12dcce469b8ec8f9f8ed1070d3c4e0.php 第 55 行.
[ 2011-12-27T14:09:09-05:00 ] NOTIC: [8] Undefined variable: msg cd12dcce469b8ec8f9f8ed1070d3c4e0.php 第 109 行.
[ 2011-12-27T14:09:09-05:00 ] NOTIC: [8] Undefined variable: msg cd12dcce469b8ec8f9f8ed1070d3c4e0.php 第 109 行.
[ 2011-12-27T14:09:12-05:00 ] SQL: SHOW COLUMNS FROM `ry_langs` [ RunTime:0.003916s ]
[ 2011-12-27T14:09:12-05:00 ] SQL: SHOW COLUMNS FROM `ry_products_lang` [ RunTime:0.004003s ]
[ 2011-12-27T14:09:12-05:00 ] SQL: SELECT * FROM `ry_langs` WHERE lang_status <> 0 [ RunTime:0.000346s ]
[ 2011-12-27T14:09:12-05:00 ] SQL: SELECT * FROM `ry_products_lang` WHERE ( `plid` = '6' ) [ RunTime:0.000285s ]
[ 2011-12-27T14:09:12-05:00 ] NOTIC: [8] Undefined variable: msg ab99519e2f7221d0f850445028320474.php 第 55 行.
[ 2011-12-27T14:09:12-05:00 ] NOTIC: [8] Undefined variable: msg ab99519e2f7221d0f850445028320474.php 第 109 行.
[ 2011-12-27T14:09:12-05:00 ] NOTIC: [8] Undefined variable: msg ab99519e2f7221d0f850445028320474.php 第 109 行.
[ 2011-12-27T14:09:12-05:00 ] NOTIC: [8] Undefined index: tb_products ab99519e2f7221d0f850445028320474.php 第 147 行.
[ 2011-12-27T14:15:27-05:00 ] SQL: SHOW COLUMNS FROM `ry_langs` [ RunTime:0.004219s ]
[ 2011-12-27T14:15:27-05:00 ] SQL: SHOW COLUMNS FROM `ry_products_lang` [ RunTime:0.003659s ]
[ 2011-12-27T14:15:27-05:00 ] SQL: SELECT * FROM `ry_langs` WHERE lang_status <> 0 [ RunTime:0.000435s ]
[ 2011-12-27T14:15:27-05:00 ] SQL: SELECT * FROM `ry_products_lang` WHERE ( `plid` = '6' ) LIMIT 1  [ RunTime:0.000235s ]
[ 2011-12-27T14:15:27-05:00 ] NOTIC: [8] Undefined variable: msg ab99519e2f7221d0f850445028320474.php 第 55 行.
[ 2011-12-27T14:15:27-05:00 ] NOTIC: [8] Undefined variable: msg ab99519e2f7221d0f850445028320474.php 第 109 行.
[ 2011-12-27T14:15:27-05:00 ] NOTIC: [8] Undefined variable: msg ab99519e2f7221d0f850445028320474.php 第 109 行.
[ 2011-12-27T14:15:27-05:00 ] NOTIC: [8] Undefined index: tb_products ab99519e2f7221d0f850445028320474.php 第 147 行.
[ 2011-12-27T14:18:38-05:00 ] SQL: SHOW COLUMNS FROM `ry_langs` [ RunTime:0.004005s ]
[ 2011-12-27T14:18:38-05:00 ] SQL: SHOW COLUMNS FROM `ry_products_lang` [ RunTime:0.004099s ]
[ 2011-12-27T14:18:38-05:00 ] SQL: SELECT * FROM `ry_langs` WHERE lang_status <> 0 [ RunTime:0.000479s ]
[ 2011-12-27T14:18:38-05:00 ] SQL: SELECT * FROM `ry_products_lang` WHERE ( `plid` = '6' ) LIMIT 1  [ RunTime:0.000275s ]
[ 2011-12-27T14:18:38-05:00 ] NOTIC: [8] Undefined variable: msg ab99519e2f7221d0f850445028320474.php 第 55 行.
[ 2011-12-27T14:18:38-05:00 ] NOTIC: [8] Undefined variable: msg ab99519e2f7221d0f850445028320474.php 第 109 行.
[ 2011-12-27T14:18:38-05:00 ] NOTIC: [8] Undefined variable: msg ab99519e2f7221d0f850445028320474.php 第 109 行.
[ 2011-12-27T14:33:38-05:00 ] SQL: SHOW COLUMNS FROM `ry_langs` [ RunTime:0.005948s ]
[ 2011-12-27T14:33:38-05:00 ] SQL: SHOW COLUMNS FROM `ry_products_lang` [ RunTime:0.005040s ]
[ 2011-12-27T14:33:38-05:00 ] SQL: SELECT * FROM `ry_langs` WHERE lang_status <> 0 [ RunTime:0.000385s ]
[ 2011-12-27T14:33:38-05:00 ] SQL: SELECT * FROM `ry_products_lang` WHERE ( `plid` = '6' ) LIMIT 1  [ RunTime:0.000273s ]
[ 2011-12-27T14:33:38-05:00 ] NOTIC: [8] Undefined variable: msg ab99519e2f7221d0f850445028320474.php 第 55 行.
[ 2011-12-27T14:33:38-05:00 ] NOTIC: [8] Undefined variable: msg ab99519e2f7221d0f850445028320474.php 第 109 行.
[ 2011-12-27T14:33:38-05:00 ] NOTIC: [8] Undefined variable: msg ab99519e2f7221d0f850445028320474.php 第 109 行.
[ 2011-12-27T14:33:40-05:00 ] SQL: SHOW COLUMNS FROM `ry_post_cat` [ RunTime:0.019397s ]
[ 2011-12-27T14:33:40-05:00 ] SQL: SELECT * FROM `ry_post_cat` WHERE ( `is_show` = '1' ) ORDER BY parent_id asc [ RunTime:0.000548s ]
[ 2011-12-27T14:33:40-05:00 ] SQL: SHOW COLUMNS FROM `ry_post` [ RunTime:0.013974s ]
[ 2011-12-27T14:33:40-05:00 ] NOTIC: [8] Undefined variable: msg 70e1c7cbb29322ca9a63d17d138b2dd0.php 第 55 行.
[ 2011-12-27T14:33:40-05:00 ] NOTIC: [8] Undefined variable: msg 70e1c7cbb29322ca9a63d17d138b2dd0.php 第 109 行.
[ 2011-12-27T14:33:40-05:00 ] NOTIC: [8] Undefined variable: msg 70e1c7cbb29322ca9a63d17d138b2dd0.php 第 109 行.
[ 2011-12-27T14:37:17-05:00 ] SQL: SHOW COLUMNS FROM `ry_langs` [ RunTime:0.003891s ]
[ 2011-12-27T14:37:17-05:00 ] SQL: SHOW COLUMNS FROM `ry_products_lang` [ RunTime:0.004096s ]
[ 2011-12-27T14:37:17-05:00 ] SQL: SELECT * FROM `ry_langs` WHERE lang_status <> 0 [ RunTime:0.000338s ]
[ 2011-12-27T14:37:17-05:00 ] SQL: SELECT * FROM `ry_products_lang` WHERE ( `plid` = '6' ) LIMIT 1  [ RunTime:0.000276s ]
[ 2011-12-27T14:37:17-05:00 ] NOTIC: [8] Undefined variable: msg ab99519e2f7221d0f850445028320474.php 第 55 行.
[ 2011-12-27T14:37:17-05:00 ] NOTIC: [8] Undefined variable: msg ab99519e2f7221d0f850445028320474.php 第 109 行.
[ 2011-12-27T14:37:17-05:00 ] NOTIC: [8] Undefined variable: msg ab99519e2f7221d0f850445028320474.php 第 109 行.
[ 2011-12-27T14:37:24-05:00 ] SQL: SHOW COLUMNS FROM `ry_langs` [ RunTime:0.004092s ]
[ 2011-12-27T14:37:24-05:00 ] SQL: SHOW COLUMNS FROM `ry_products_lang` [ RunTime:0.003942s ]
[ 2011-12-27T14:37:24-05:00 ] SQL: SELECT * FROM `ry_langs` WHERE lang_status <> 0 [ RunTime:0.000435s ]
[ 2011-12-27T14:37:24-05:00 ] SQL: UPDATE `ry_products_lang` SET `lang_code`='en-us',`name`='eeeeeee',`description`='eeeeee' WHERE ( `plid` = '6' ) [ RunTime:0.000473s ]
[ 2011-12-27T14:37:25-05:00 ] SQL: SHOW COLUMNS FROM `ry_langs` [ RunTime:0.003959s ]
[ 2011-12-27T14:37:25-05:00 ] SQL: SHOW COLUMNS FROM `ry_products_lang` [ RunTime:0.004322s ]
[ 2011-12-27T14:37:25-05:00 ] SQL: SELECT * FROM `ry_langs` WHERE lang_status <> 0 [ RunTime:0.000339s ]
[ 2011-12-27T14:37:25-05:00 ] SQL: SELECT * FROM `ry_products_lang` WHERE ( `plid` = '6' ) LIMIT 1  [ RunTime:0.000206s ]
[ 2011-12-27T14:37:25-05:00 ] NOTIC: [8] Undefined variable: msg ab99519e2f7221d0f850445028320474.php 第 55 行.
[ 2011-12-27T14:37:25-05:00 ] NOTIC: [8] Undefined variable: msg ab99519e2f7221d0f850445028320474.php 第 109 行.
[ 2011-12-27T14:37:25-05:00 ] NOTIC: [8] Undefined variable: msg ab99519e2f7221d0f850445028320474.php 第 109 行.
[ 2011-12-27T14:37:49-05:00 ] SQL: SHOW COLUMNS FROM `ry_langs` [ RunTime:0.004108s ]
[ 2011-12-27T14:37:49-05:00 ] SQL: SHOW COLUMNS FROM `ry_products_lang` [ RunTime:0.003962s ]
[ 2011-12-27T14:37:49-05:00 ] SQL: SELECT * FROM `ry_langs` WHERE lang_status <> 0 [ RunTime:0.000439s ]
[ 2011-12-27T14:37:49-05:00 ] SQL: UPDATE `ry_products_lang` SET `lang_code`='zh-cn',`name`='中文',`description`='中文内容' WHERE ( `plid` = '6' ) [ RunTime:0.000395s ]
[ 2011-12-27T14:37:50-05:00 ] SQL: SHOW COLUMNS FROM `ry_langs` [ RunTime:0.004405s ]
[ 2011-12-27T14:37:50-05:00 ] SQL: SHOW COLUMNS FROM `ry_products_lang` [ RunTime:0.003889s ]
[ 2011-12-27T14:37:50-05:00 ] SQL: SELECT * FROM `ry_langs` WHERE lang_status <> 0 [ RunTime:0.000399s ]
[ 2011-12-27T14:37:50-05:00 ] SQL: SELECT * FROM `ry_products_lang` WHERE ( `plid` = '6' ) LIMIT 1  [ RunTime:0.000337s ]
[ 2011-12-27T14:37:50-05:00 ] NOTIC: [8] Undefined variable: msg ab99519e2f7221d0f850445028320474.php 第 55 行.
[ 2011-12-27T14:37:50-05:00 ] NOTIC: [8] Undefined variable: msg ab99519e2f7221d0f850445028320474.php 第 109 行.
[ 2011-12-27T14:37:50-05:00 ] NOTIC: [8] Undefined variable: msg ab99519e2f7221d0f850445028320474.php 第 109 行.
