[ 2011-12-07T20:15:51-05:00 ] SQL: SHOW COLUMNS FROM `ry_post_cat` [ RunTime:0.009125s ]
[ 2011-12-07T20:15:51-05:00 ] SQL: SELECT * FROM `ry_post_cat` ORDER BY parent_id asc [ RunTime:0.000636s ]
[ 2011-12-07T20:15:51-05:00 ] NOTIC: [2] Invalid argument supplied for foreach() PostcategoryAction.class.php 第 14 行.
[ 2011-12-07T20:15:51-05:00 ] SQL: SELECT * FROM `ry_post_cat` WHERE cat_id=0 LIMIT 1  [ RunTime:0.000743s ]
[ 2011-12-07T20:15:51-05:00 ] NOTIC: [8] Undefined variable: msg 85b9432bdf2835f77a9d15c310356022.php 第 45 行.
[ 2011-12-07T20:15:51-05:00 ] NOTIC: [8] Undefined variable: msg 85b9432bdf2835f77a9d15c310356022.php 第 110 行.
[ 2011-12-07T20:15:51-05:00 ] NOTIC: [8] Undefined variable: msg 85b9432bdf2835f77a9d15c310356022.php 第 110 行.
[ 2011-12-07T20:15:54-05:00 ] SQL: SHOW COLUMNS FROM `ry_post_cat` [ RunTime:0.014618s ]
[ 2011-12-07T20:15:54-05:00 ] SQL: SELECT * FROM `ry_post_cat` ORDER BY parent_id asc [ RunTime:0.000686s ]
[ 2011-12-07T20:15:54-05:00 ] NOTIC: [2] Invalid argument supplied for foreach() PostcategoryAction.class.php 第 14 行.
[ 2011-12-07T20:15:54-05:00 ] SQL: SELECT * FROM `ry_post_cat` WHERE cat_id=0 LIMIT 1  [ RunTime:0.000728s ]
[ 2011-12-07T20:15:54-05:00 ] NOTIC: [8] Undefined variable: msg 85b9432bdf2835f77a9d15c310356022.php 第 45 行.
[ 2011-12-07T20:15:54-05:00 ] NOTIC: [8] Undefined variable: msg 85b9432bdf2835f77a9d15c310356022.php 第 110 行.
[ 2011-12-07T20:15:54-05:00 ] NOTIC: [8] Undefined variable: msg 85b9432bdf2835f77a9d15c310356022.php 第 110 行.
[ 2011-12-07T20:16:29-05:00 ] SQL: SHOW COLUMNS FROM `ry_post_cat` [ RunTime:0.008752s ]
[ 2011-12-07T20:16:29-05:00 ] SQL: SELECT * FROM `ry_post_cat` ORDER BY parent_id asc [ RunTime:0.000526s ]
[ 2011-12-07T20:16:29-05:00 ] NOTIC: [2] Invalid argument supplied for foreach() PostcategoryAction.class.php 第 14 行.
[ 2011-12-07T20:16:29-05:00 ] SQL: SELECT * FROM `ry_post_cat` WHERE cat_id=0 LIMIT 1  [ RunTime:0.000545s ]
[ 2011-12-07T20:16:29-05:00 ] NOTIC: [8] Undefined variable: msg 85b9432bdf2835f77a9d15c310356022.php 第 45 行.
[ 2011-12-07T20:16:29-05:00 ] NOTIC: [8] Undefined variable: msg 85b9432bdf2835f77a9d15c310356022.php 第 110 行.
[ 2011-12-07T20:16:29-05:00 ] NOTIC: [8] Undefined variable: msg 85b9432bdf2835f77a9d15c310356022.php 第 110 行.
[ 2011-12-07T20:16:34-05:00 ] SQL: SHOW COLUMNS FROM `ry_post_cat` [ RunTime:0.006716s ]
[ 2011-12-07T20:16:34-05:00 ] SQL: SELECT * FROM `ry_post_cat` WHERE ( `is_show` = '1' ) ORDER BY parent_id asc [ RunTime:0.000810s ]
[ 2011-12-07T20:16:34-05:00 ] NOTIC: [2] Invalid argument supplied for foreach() PostcategoryAction.class.php 第 44 行.
[ 2011-12-07T20:16:34-05:00 ] NOTIC: [8] Undefined variable: msg 05d6ef71de242496dff887766dc82ee1.php 第 45 行.
[ 2011-12-07T20:16:34-05:00 ] NOTIC: [8] Undefined variable: msg 05d6ef71de242496dff887766dc82ee1.php 第 110 行.
[ 2011-12-07T20:16:34-05:00 ] NOTIC: [8] Undefined variable: msg 05d6ef71de242496dff887766dc82ee1.php 第 110 行.
[ 2011-12-07T20:16:44-05:00 ] SQL: SHOW COLUMNS FROM `ry_post_cat` [ RunTime:0.006822s ]
[ 2011-12-07T20:16:44-05:00 ] SQL: INSERT INTO `ry_post_cat` (`cat_name`,`parent_id`,`sort_order`,`is_show`) VALUES ('postCat','0',0,1) [ RunTime:0.000747s ]
[ 2011-12-07T20:16:45-05:00 ] SQL: SHOW COLUMNS FROM `ry_post_cat` [ RunTime:0.008276s ]
[ 2011-12-07T20:16:45-05:00 ] SQL: SELECT * FROM `ry_post_cat` WHERE ( `is_show` = '1' ) ORDER BY parent_id asc [ RunTime:0.000597s ]
[ 2011-12-07T20:16:45-05:00 ] NOTIC: [8] Undefined variable: msg 05d6ef71de242496dff887766dc82ee1.php 第 45 行.
[ 2011-12-07T20:16:45-05:00 ] NOTIC: [8] Undefined variable: msg 05d6ef71de242496dff887766dc82ee1.php 第 110 行.
[ 2011-12-07T20:16:45-05:00 ] NOTIC: [8] Undefined variable: msg 05d6ef71de242496dff887766dc82ee1.php 第 110 行.
[ 2011-12-07T20:16:46-05:00 ] SQL: SHOW COLUMNS FROM `ry_post_cat` [ RunTime:0.006442s ]
[ 2011-12-07T20:16:46-05:00 ] SQL: SELECT * FROM `ry_post_cat` WHERE ( `is_show` = '1' ) ORDER BY parent_id asc [ RunTime:0.000536s ]
[ 2011-12-07T20:16:46-05:00 ] NOTIC: [8] Undefined variable: msg 05d6ef71de242496dff887766dc82ee1.php 第 45 行.
[ 2011-12-07T20:16:46-05:00 ] NOTIC: [8] Undefined variable: msg 05d6ef71de242496dff887766dc82ee1.php 第 110 行.
[ 2011-12-07T20:16:46-05:00 ] NOTIC: [8] Undefined variable: msg 05d6ef71de242496dff887766dc82ee1.php 第 110 行.
[ 2011-12-07T20:16:48-05:00 ] SQL: SHOW COLUMNS FROM `ry_post_cat` [ RunTime:0.013394s ]
[ 2011-12-07T20:16:48-05:00 ] SQL: SELECT * FROM `ry_post_cat` ORDER BY parent_id asc [ RunTime:0.000676s ]
[ 2011-12-07T20:16:48-05:00 ] SQL: SELECT * FROM `ry_post_cat` WHERE cat_id=0 LIMIT 1  [ RunTime:0.000697s ]
[ 2011-12-07T20:16:48-05:00 ] SQL: SELECT * FROM `ry_post_cat` WHERE cat_id=2 LIMIT 1  [ RunTime:0.000702s ]
[ 2011-12-07T20:16:48-05:00 ] NOTIC: [8] Undefined variable: msg 85b9432bdf2835f77a9d15c310356022.php 第 45 行.
[ 2011-12-07T20:16:48-05:00 ] NOTIC: [8] Undefined variable: msg 85b9432bdf2835f77a9d15c310356022.php 第 110 行.
[ 2011-12-07T20:16:48-05:00 ] NOTIC: [8] Undefined variable: msg 85b9432bdf2835f77a9d15c310356022.php 第 110 行.
[ 2011-12-07T20:16:57-05:00 ] SQL: SHOW COLUMNS FROM `ry_post_cat` [ RunTime:0.006417s ]
[ 2011-12-07T20:16:57-05:00 ] SQL: SHOW COLUMNS FROM `ry_post_cat_lang` [ RunTime:0.008231s ]
[ 2011-12-07T20:16:57-05:00 ] SQL: SELECT * FROM `ry_post_cat` WHERE ( `cat_id` = '2' ) LIMIT 1  [ RunTime:0.000541s ]
[ 2011-12-07T20:16:57-05:00 ] SQL: SELECT * FROM `ry_post_cat_lang` WHERE ( `cat_id` = '2' ) [ RunTime:0.000482s ]
[ 2011-12-07T20:16:57-05:00 ] NOTIC: [8] Undefined index: info 27810803c514f24f617949317e9053a8.php 第 110 行.
[ 2011-12-07T20:16:57-05:00 ] NOTIC: [8] Undefined index: info 27810803c514f24f617949317e9053a8.php 第 110 行.
[ 2011-12-07T20:16:57-05:00 ] NOTIC: [8] Undefined index: tb_productsCat 27810803c514f24f617949317e9053a8.php 第 128 行.
[ 2011-12-07T20:16:57-05:00 ] NOTIC: [8] Undefined index: productsCatLang 27810803c514f24f617949317e9053a8.php 第 139 行.
[ 2011-12-07T20:20:17-05:00 ] SQL: SHOW COLUMNS FROM `ry_post_cat` [ RunTime:0.012338s ]
[ 2011-12-07T20:20:17-05:00 ] SQL: SELECT * FROM `ry_post_cat` ORDER BY parent_id asc [ RunTime:0.000772s ]
[ 2011-12-07T20:20:17-05:00 ] SQL: SELECT * FROM `ry_post_cat` WHERE cat_id=0 LIMIT 1  [ RunTime:0.000793s ]
[ 2011-12-07T20:20:17-05:00 ] SQL: SELECT * FROM `ry_post_cat` WHERE cat_id=2 LIMIT 1  [ RunTime:0.000735s ]
[ 2011-12-07T20:20:17-05:00 ] NOTIC: [8] Undefined variable: msg 85b9432bdf2835f77a9d15c310356022.php 第 45 行.
[ 2011-12-07T20:20:17-05:00 ] NOTIC: [8] Undefined variable: msg 85b9432bdf2835f77a9d15c310356022.php 第 110 行.
[ 2011-12-07T20:20:17-05:00 ] NOTIC: [8] Undefined variable: msg 85b9432bdf2835f77a9d15c310356022.php 第 110 行.
[ 2011-12-07T20:20:32-05:00 ] SQL: SHOW COLUMNS FROM `ry_post_cat` [ RunTime:0.006734s ]
[ 2011-12-07T20:20:32-05:00 ] SQL: SHOW COLUMNS FROM `ry_post_cat_lang` [ RunTime:0.006837s ]
[ 2011-12-07T20:20:32-05:00 ] SQL: SELECT * FROM `ry_post_cat` WHERE ( `cat_id` = '2' ) LIMIT 1  [ RunTime:0.000850s ]
[ 2011-12-07T20:20:32-05:00 ] SQL: SELECT * FROM `ry_post_cat_lang` WHERE ( `cat_id` = '2' ) [ RunTime:0.000478s ]
[ 2011-12-07T20:20:32-05:00 ] NOTIC: [8] Undefined index: info 27810803c514f24f617949317e9053a8.php 第 110 行.
[ 2011-12-07T20:20:32-05:00 ] NOTIC: [8] Undefined index: info 27810803c514f24f617949317e9053a8.php 第 110 行.
[ 2011-12-07T20:20:32-05:00 ] NOTIC: [8] Undefined index: tb_productsCat 27810803c514f24f617949317e9053a8.php 第 128 行.
[ 2011-12-07T20:20:32-05:00 ] NOTIC: [8] Undefined index: productsCatLang 27810803c514f24f617949317e9053a8.php 第 139 行.
[ 2011-12-07T20:20:39-05:00 ] SQL: SHOW COLUMNS FROM `ry_post_cat` [ RunTime:0.007541s ]
[ 2011-12-07T20:20:39-05:00 ] SQL: SHOW COLUMNS FROM `ry_post_cat_lang` [ RunTime:0.006984s ]
[ 2011-12-07T20:20:39-05:00 ] SQL: SELECT * FROM `ry_post_cat` WHERE ( `cat_id` = '2' ) LIMIT 1  [ RunTime:0.000647s ]
[ 2011-12-07T20:20:39-05:00 ] SQL: SELECT * FROM `ry_post_cat_lang` WHERE ( `cat_id` = '2' ) [ RunTime:0.000563s ]
[ 2011-12-07T20:20:39-05:00 ] NOTIC: [8] Undefined index: info 27810803c514f24f617949317e9053a8.php 第 110 行.
[ 2011-12-07T20:20:39-05:00 ] NOTIC: [8] Undefined index: info 27810803c514f24f617949317e9053a8.php 第 110 行.
[ 2011-12-07T20:20:39-05:00 ] NOTIC: [8] Undefined index: tb_productsCat 27810803c514f24f617949317e9053a8.php 第 128 行.
[ 2011-12-07T20:20:39-05:00 ] NOTIC: [8] Undefined index: productsCatLang 27810803c514f24f617949317e9053a8.php 第 139 行.
[ 2011-12-07T20:27:12-05:00 ] SQL: SHOW COLUMNS FROM `ry_post_cat` [ RunTime:0.011094s ]
[ 2011-12-07T20:27:12-05:00 ] SQL: SHOW COLUMNS FROM `ry_post_cat_lang` [ RunTime:0.014482s ]
[ 2011-12-07T20:27:12-05:00 ] SQL: SHOW COLUMNS FROM `ry_langs` [ RunTime:0.026651s ]
[ 2011-12-07T20:27:12-05:00 ] SQL: SELECT * FROM `ry_post_cat` WHERE ( `cat_id` = '2' ) LIMIT 1  [ RunTime:0.000567s ]
[ 2011-12-07T20:27:12-05:00 ] SQL: SELECT * FROM `ry_langs` [ RunTime:0.000573s ]
[ 2011-12-07T20:27:12-05:00 ] NOTIC: [8] Undefined index: info 0f78ae54dd037bad36269bc59a058c6a.php 第 110 行.
[ 2011-12-07T20:27:12-05:00 ] NOTIC: [8] Undefined index: info 0f78ae54dd037bad36269bc59a058c6a.php 第 110 行.
[ 2011-12-07T20:27:12-05:00 ] NOTIC: [8] Undefined index: tb_productsCat 0f78ae54dd037bad36269bc59a058c6a.php 第 128 行.
[ 2011-12-07T20:27:27-05:00 ] SQL: SHOW COLUMNS FROM `ry_products_cat` [ RunTime:0.009381s ]
[ 2011-12-07T20:27:27-05:00 ] SQL: SHOW COLUMNS FROM `ry_products_cat_lang` [ RunTime:0.009266s ]
[ 2011-12-07T20:27:27-05:00 ] SQL: SHOW COLUMNS FROM `ry_langs` [ RunTime:0.007731s ]
[ 2011-12-07T20:27:27-05:00 ] SQL: SELECT * FROM `ry_products_cat` WHERE ( `cat_id` = '2' ) LIMIT 1  [ RunTime:0.000824s ]
[ 2011-12-07T20:27:27-05:00 ] SQL: SELECT * FROM `ry_langs` [ RunTime:0.000718s ]
[ 2011-12-07T20:27:27-05:00 ] SQL: SELECT * FROM `ry_langs` WHERE ( `lang_code` = 'en-us' ) LIMIT 1  [ RunTime:0.000841s ]
[ 2011-12-07T20:27:27-05:00 ] SQL: INSERT INTO `ry_products_cat_lang` (`cat_id`,`lang_code`,`cat_name`,`lang_name`) VALUES ('2','en-us','aaa','English') [ RunTime:0.000665s ]
[ 2011-12-07T20:27:37-05:00 ] SQL: SHOW COLUMNS FROM `ry_products_cat` [ RunTime:0.006637s ]
[ 2011-12-07T20:27:37-05:00 ] SQL: SHOW COLUMNS FROM `ry_products_cat_lang` [ RunTime:0.007118s ]
[ 2011-12-07T20:27:37-05:00 ] SQL: SHOW COLUMNS FROM `ry_langs` [ RunTime:0.007596s ]
[ 2011-12-07T20:27:37-05:00 ] SQL: SELECT * FROM `ry_products_cat` WHERE ( `cat_id` = '2' ) LIMIT 1  [ RunTime:0.000501s ]
[ 2011-12-07T20:27:37-05:00 ] SQL: SELECT * FROM `ry_langs` [ RunTime:0.000482s ]
[ 2011-12-07T20:27:37-05:00 ] NOTIC: [8] Undefined index: info 12dbe9f1524c41951688feacf462f70e.php 第 110 行.
[ 2011-12-07T20:27:37-05:00 ] NOTIC: [8] Undefined index: info 12dbe9f1524c41951688feacf462f70e.php 第 110 行.
[ 2011-12-07T20:27:51-05:00 ] SQL: SHOW COLUMNS FROM `ry_products_cat` [ RunTime:0.007394s ]
[ 2011-12-07T20:27:51-05:00 ] SQL: SHOW COLUMNS FROM `ry_products_cat_lang` [ RunTime:0.007400s ]
[ 2011-12-07T20:27:51-05:00 ] SQL: SHOW COLUMNS FROM `ry_langs` [ RunTime:0.007331s ]
[ 2011-12-07T20:27:51-05:00 ] SQL: SELECT * FROM `ry_products_cat` WHERE ( `cat_id` = '2' ) LIMIT 1  [ RunTime:0.000607s ]
[ 2011-12-07T20:27:51-05:00 ] SQL: SELECT * FROM `ry_langs` [ RunTime:0.000600s ]
[ 2011-12-07T20:27:51-05:00 ] SQL: SELECT * FROM `ry_langs` WHERE ( `lang_code` = 'zh-cn' ) LIMIT 1  [ RunTime:0.000519s ]
[ 2011-12-07T20:27:51-05:00 ] SQL: INSERT INTO `ry_products_cat_lang` (`cat_id`,`lang_code`,`cat_name`,`lang_name`) VALUES ('2','zh-cn','aaa中文','简体中文') [ RunTime:0.000523s ]
[ 2011-12-07T20:27:54-05:00 ] SQL: SHOW COLUMNS FROM `ry_products_cat` [ RunTime:0.015186s ]
[ 2011-12-07T20:27:54-05:00 ] SQL: SHOW COLUMNS FROM `ry_products_cat_lang` [ RunTime:0.012951s ]
[ 2011-12-07T20:27:54-05:00 ] SQL: SHOW COLUMNS FROM `ry_langs` [ RunTime:0.013978s ]
[ 2011-12-07T20:27:54-05:00 ] SQL: SELECT * FROM `ry_products_cat` WHERE ( `cat_id` = '2' ) LIMIT 1  [ RunTime:0.000760s ]
[ 2011-12-07T20:27:54-05:00 ] SQL: SELECT * FROM `ry_langs` [ RunTime:0.000725s ]
[ 2011-12-07T20:27:54-05:00 ] NOTIC: [8] Undefined index: info 12dbe9f1524c41951688feacf462f70e.php 第 110 行.
[ 2011-12-07T20:27:54-05:00 ] NOTIC: [8] Undefined index: info 12dbe9f1524c41951688feacf462f70e.php 第 110 行.
[ 2011-12-07T20:27:59-05:00 ] SQL: SHOW COLUMNS FROM `ry_post_cat` [ RunTime:0.007395s ]
[ 2011-12-07T20:27:59-05:00 ] SQL: SELECT * FROM `ry_post_cat` ORDER BY parent_id asc [ RunTime:0.000489s ]
[ 2011-12-07T20:27:59-05:00 ] SQL: SELECT * FROM `ry_post_cat` WHERE cat_id=0 LIMIT 1  [ RunTime:0.000527s ]
[ 2011-12-07T20:27:59-05:00 ] SQL: SELECT * FROM `ry_post_cat` WHERE cat_id=2 LIMIT 1  [ RunTime:0.000858s ]
[ 2011-12-07T20:27:59-05:00 ] NOTIC: [8] Undefined variable: msg 85b9432bdf2835f77a9d15c310356022.php 第 45 行.
[ 2011-12-07T20:27:59-05:00 ] NOTIC: [8] Undefined variable: msg 85b9432bdf2835f77a9d15c310356022.php 第 110 行.
[ 2011-12-07T20:27:59-05:00 ] NOTIC: [8] Undefined variable: msg 85b9432bdf2835f77a9d15c310356022.php 第 110 行.
[ 2011-12-07T20:28:02-05:00 ] SQL: SHOW COLUMNS FROM `ry_post_cat` [ RunTime:0.006778s ]
[ 2011-12-07T20:28:02-05:00 ] SQL: SHOW COLUMNS FROM `ry_post_cat_lang` [ RunTime:0.008084s ]
[ 2011-12-07T20:28:02-05:00 ] SQL: SELECT * FROM `ry_post_cat` WHERE ( `cat_id` = '2' ) LIMIT 1  [ RunTime:0.000624s ]
[ 2011-12-07T20:28:02-05:00 ] SQL: SELECT * FROM `ry_post_cat_lang` WHERE ( `cat_id` = '2' ) [ RunTime:0.000768s ]
[ 2011-12-07T20:28:02-05:00 ] NOTIC: [8] Undefined index: info 27810803c514f24f617949317e9053a8.php 第 110 行.
[ 2011-12-07T20:28:02-05:00 ] NOTIC: [8] Undefined index: info 27810803c514f24f617949317e9053a8.php 第 110 行.
[ 2011-12-07T20:28:02-05:00 ] NOTIC: [8] Undefined index: tb_productsCat 27810803c514f24f617949317e9053a8.php 第 128 行.
[ 2011-12-07T20:28:02-05:00 ] NOTIC: [8] Undefined index: productsCatLang 27810803c514f24f617949317e9053a8.php 第 139 行.
[ 2011-12-07T20:29:25-05:00 ] ERR: (ThinkException) _MODULE_NOT_EXIST_Post
[ 2011-12-07T20:29:29-05:00 ] SQL: SHOW COLUMNS FROM `ry_post_cat` [ RunTime:0.008995s ]
[ 2011-12-07T20:29:29-05:00 ] SQL: SELECT * FROM `ry_post_cat` ORDER BY parent_id asc [ RunTime:0.000542s ]
[ 2011-12-07T20:29:29-05:00 ] SQL: SELECT * FROM `ry_post_cat` WHERE cat_id=0 LIMIT 1  [ RunTime:0.000551s ]
[ 2011-12-07T20:29:29-05:00 ] SQL: SELECT * FROM `ry_post_cat` WHERE cat_id=2 LIMIT 1  [ RunTime:0.000553s ]
[ 2011-12-07T20:29:29-05:00 ] NOTIC: [8] Undefined variable: msg 85b9432bdf2835f77a9d15c310356022.php 第 45 行.
[ 2011-12-07T20:29:29-05:00 ] NOTIC: [8] Undefined variable: msg 85b9432bdf2835f77a9d15c310356022.php 第 110 行.
[ 2011-12-07T20:29:29-05:00 ] NOTIC: [8] Undefined variable: msg 85b9432bdf2835f77a9d15c310356022.php 第 110 行.
[ 2011-12-07T20:29:36-05:00 ] SQL: SHOW COLUMNS FROM `ry_post_cat` [ RunTime:0.007834s ]
[ 2011-12-07T20:29:36-05:00 ] SQL: SHOW COLUMNS FROM `ry_post_cat_lang` [ RunTime:0.007383s ]
[ 2011-12-07T20:29:36-05:00 ] SQL: SELECT * FROM `ry_post_cat` WHERE ( `cat_id` = '2' ) LIMIT 1  [ RunTime:0.000530s ]
[ 2011-12-07T20:29:36-05:00 ] SQL: SELECT * FROM `ry_post_cat_lang` WHERE ( `cat_id` = '2' ) [ RunTime:0.000461s ]
[ 2011-12-07T20:29:36-05:00 ] NOTIC: [8] Undefined index: info 27810803c514f24f617949317e9053a8.php 第 110 行.
[ 2011-12-07T20:29:36-05:00 ] NOTIC: [8] Undefined index: info 27810803c514f24f617949317e9053a8.php 第 110 行.
[ 2011-12-07T20:29:36-05:00 ] NOTIC: [8] Undefined index: tb_productsCat 27810803c514f24f617949317e9053a8.php 第 128 行.
[ 2011-12-07T20:29:36-05:00 ] NOTIC: [8] Undefined index: productsCatLang 27810803c514f24f617949317e9053a8.php 第 139 行.
[ 2011-12-07T20:29:56-05:00 ] SQL: SHOW COLUMNS FROM `ry_post_cat` [ RunTime:0.006834s ]
[ 2011-12-07T20:29:56-05:00 ] SQL: SELECT * FROM `ry_post_cat` ORDER BY parent_id asc [ RunTime:0.000563s ]
[ 2011-12-07T20:29:56-05:00 ] SQL: SELECT * FROM `ry_post_cat` WHERE cat_id=0 LIMIT 1  [ RunTime:0.000827s ]
[ 2011-12-07T20:29:56-05:00 ] SQL: SELECT * FROM `ry_post_cat` WHERE cat_id=2 LIMIT 1  [ RunTime:0.000506s ]
[ 2011-12-07T20:29:56-05:00 ] NOTIC: [8] Undefined variable: msg 85b9432bdf2835f77a9d15c310356022.php 第 45 行.
[ 2011-12-07T20:29:56-05:00 ] NOTIC: [8] Undefined variable: msg 85b9432bdf2835f77a9d15c310356022.php 第 110 行.
[ 2011-12-07T20:29:56-05:00 ] NOTIC: [8] Undefined variable: msg 85b9432bdf2835f77a9d15c310356022.php 第 110 行.
[ 2011-12-07T20:30:00-05:00 ] SQL: SHOW COLUMNS FROM `ry_post_cat` [ RunTime:0.006812s ]
[ 2011-12-07T20:30:00-05:00 ] SQL: SHOW COLUMNS FROM `ry_post_cat_lang` [ RunTime:0.007742s ]
[ 2011-12-07T20:30:00-05:00 ] SQL: SELECT * FROM `ry_post_cat` WHERE ( `cat_id` = '2' ) LIMIT 1  [ RunTime:0.000537s ]
[ 2011-12-07T20:30:00-05:00 ] SQL: SELECT * FROM `ry_post_cat_lang` WHERE ( `cat_id` = '2' ) [ RunTime:0.000530s ]
[ 2011-12-07T20:30:00-05:00 ] NOTIC: [8] Undefined index: info 27810803c514f24f617949317e9053a8.php 第 110 行.
[ 2011-12-07T20:30:00-05:00 ] NOTIC: [8] Undefined index: info 27810803c514f24f617949317e9053a8.php 第 110 行.
[ 2011-12-07T20:30:00-05:00 ] NOTIC: [8] Undefined index: tb_productsCat 27810803c514f24f617949317e9053a8.php 第 128 行.
[ 2011-12-07T20:30:00-05:00 ] NOTIC: [8] Undefined index: productsCatLang 27810803c514f24f617949317e9053a8.php 第 139 行.
[ 2011-12-07T20:32:02-05:00 ] SQL: SHOW COLUMNS FROM `ry_post_cat` [ RunTime:0.008408s ]
[ 2011-12-07T20:32:02-05:00 ] SQL: SHOW COLUMNS FROM `ry_post_cat_lang` [ RunTime:0.009141s ]
[ 2011-12-07T20:32:02-05:00 ] SQL: SELECT * FROM `ry_post_cat` WHERE ( `cat_id` = '2' ) LIMIT 1  [ RunTime:0.000749s ]
[ 2011-12-07T20:32:02-05:00 ] SQL: SELECT * FROM `ry_post_cat_lang` WHERE ( `cat_id` = '2' ) [ RunTime:0.000673s ]
[ 2011-12-07T20:32:02-05:00 ] NOTIC: [8] Undefined index: info 27810803c514f24f617949317e9053a8.php 第 110 行.
[ 2011-12-07T20:32:02-05:00 ] NOTIC: [8] Undefined index: info 27810803c514f24f617949317e9053a8.php 第 110 行.
[ 2011-12-07T20:32:02-05:00 ] NOTIC: [8] Undefined index: tb_productsCat 27810803c514f24f617949317e9053a8.php 第 128 行.
[ 2011-12-07T20:32:02-05:00 ] NOTIC: [8] Undefined index: productsCatLang 27810803c514f24f617949317e9053a8.php 第 139 行.
[ 2011-12-07T20:32:46-05:00 ] SQL: SHOW COLUMNS FROM `ry_post_cat` [ RunTime:0.006979s ]
[ 2011-12-07T20:32:46-05:00 ] SQL: SHOW COLUMNS FROM `ry_post_cat_lang` [ RunTime:0.007396s ]
[ 2011-12-07T20:32:46-05:00 ] SQL: SELECT * FROM `ry_post_cat` WHERE ( `cat_id` = '2' ) LIMIT 1  [ RunTime:0.000545s ]
[ 2011-12-07T20:32:46-05:00 ] SQL: SELECT * FROM `ry_post_cat_lang` WHERE ( `cat_id` = '2' ) [ RunTime:0.000431s ]
[ 2011-12-07T20:32:46-05:00 ] NOTIC: [8] Undefined index: info 27810803c514f24f617949317e9053a8.php 第 110 行.
[ 2011-12-07T20:32:46-05:00 ] NOTIC: [8] Undefined index: info 27810803c514f24f617949317e9053a8.php 第 110 行.
[ 2011-12-07T20:32:46-05:00 ] NOTIC: [8] Undefined index: tb_productsCat 27810803c514f24f617949317e9053a8.php 第 128 行.
[ 2011-12-07T20:32:46-05:00 ] NOTIC: [8] Undefined index: productsCatLang 27810803c514f24f617949317e9053a8.php 第 139 行.
[ 2011-12-07T20:34:21-05:00 ] SQL: SHOW COLUMNS FROM `ry_post_cat` [ RunTime:0.006697s ]
[ 2011-12-07T20:34:21-05:00 ] SQL: SHOW COLUMNS FROM `ry_post_cat_lang` [ RunTime:0.007661s ]
[ 2011-12-07T20:34:21-05:00 ] SQL: SELECT * FROM `ry_post_cat` WHERE ( `cat_id` = '2' ) LIMIT 1  [ RunTime:0.000834s ]
[ 2011-12-07T20:34:21-05:00 ] SQL: SELECT * FROM `ry_post_cat_lang` WHERE ( `cat_id` = '2' ) [ RunTime:0.000957s ]
[ 2011-12-07T20:34:21-05:00 ] NOTIC: [8] Undefined index: info 27810803c514f24f617949317e9053a8.php 第 110 行.
[ 2011-12-07T20:34:21-05:00 ] NOTIC: [8] Undefined index: info 27810803c514f24f617949317e9053a8.php 第 110 行.
[ 2011-12-07T20:34:21-05:00 ] NOTIC: [8] Undefined index: tb_productsCat 27810803c514f24f617949317e9053a8.php 第 128 行.
[ 2011-12-07T20:34:21-05:00 ] NOTIC: [8] Undefined index: productsCatLang 27810803c514f24f617949317e9053a8.php 第 139 行.
[ 2011-12-07T20:35:07-05:00 ] SQL: SHOW COLUMNS FROM `ry_post_cat` [ RunTime:0.007342s ]
[ 2011-12-07T20:35:07-05:00 ] SQL: SHOW COLUMNS FROM `ry_post_cat_lang` [ RunTime:0.006828s ]
[ 2011-12-07T20:35:07-05:00 ] SQL: SELECT * FROM `ry_post_cat` WHERE ( `cat_id` = '2' ) LIMIT 1  [ RunTime:0.000540s ]
[ 2011-12-07T20:35:07-05:00 ] SQL: SELECT * FROM `ry_post_cat_lang` WHERE ( `cat_id` = '2' ) [ RunTime:0.000564s ]
[ 2011-12-07T20:35:08-05:00 ] NOTIC: [8] Undefined index: info 27810803c514f24f617949317e9053a8.php 第 110 行.
[ 2011-12-07T20:35:08-05:00 ] NOTIC: [8] Undefined index: info 27810803c514f24f617949317e9053a8.php 第 110 行.
[ 2011-12-07T20:35:08-05:00 ] NOTIC: [8] Undefined index: tb_productsCat 27810803c514f24f617949317e9053a8.php 第 128 行.
[ 2011-12-07T20:35:08-05:00 ] NOTIC: [8] Undefined index: productsCatLang 27810803c514f24f617949317e9053a8.php 第 139 行.
[ 2011-12-07T20:35:09-05:00 ] SQL: SHOW COLUMNS FROM `ry_post_cat` [ RunTime:0.014985s ]
[ 2011-12-07T20:35:09-05:00 ] SQL: SHOW COLUMNS FROM `ry_post_cat_lang` [ RunTime:0.012671s ]
[ 2011-12-07T20:35:09-05:00 ] SQL: SELECT * FROM `ry_post_cat` WHERE ( `cat_id` = '2' ) LIMIT 1  [ RunTime:0.000805s ]
[ 2011-12-07T20:35:09-05:00 ] SQL: SELECT * FROM `ry_post_cat_lang` WHERE ( `cat_id` = '2' ) [ RunTime:0.001041s ]
[ 2011-12-07T20:35:09-05:00 ] NOTIC: [8] Undefined index: info 27810803c514f24f617949317e9053a8.php 第 110 行.
[ 2011-12-07T20:35:09-05:00 ] NOTIC: [8] Undefined index: info 27810803c514f24f617949317e9053a8.php 第 110 行.
[ 2011-12-07T20:35:09-05:00 ] NOTIC: [8] Undefined index: tb_productsCat 27810803c514f24f617949317e9053a8.php 第 128 行.
[ 2011-12-07T20:35:09-05:00 ] NOTIC: [8] Undefined index: productsCatLang 27810803c514f24f617949317e9053a8.php 第 139 行.
[ 2011-12-07T20:35:54-05:00 ] SQL: SHOW COLUMNS FROM `ry_post_cat` [ RunTime:0.007318s ]
[ 2011-12-07T20:35:54-05:00 ] SQL: SHOW COLUMNS FROM `ry_post_cat_lang` [ RunTime:0.007895s ]
[ 2011-12-07T20:35:54-05:00 ] SQL: SELECT * FROM `ry_post_cat` WHERE ( `cat_id` = '2' ) LIMIT 1  [ RunTime:0.000718s ]
[ 2011-12-07T20:35:54-05:00 ] SQL: SELECT * FROM `ry_post_cat_lang` WHERE ( `cat_id` = '2' ) [ RunTime:0.000610s ]
[ 2011-12-07T20:35:54-05:00 ] NOTIC: [8] Undefined index: info 27810803c514f24f617949317e9053a8.php 第 110 行.
[ 2011-12-07T20:35:54-05:00 ] NOTIC: [8] Undefined index: info 27810803c514f24f617949317e9053a8.php 第 110 行.
[ 2011-12-07T20:35:54-05:00 ] NOTIC: [8] Undefined index: tb_productsCat 27810803c514f24f617949317e9053a8.php 第 128 行.
[ 2011-12-07T20:35:54-05:00 ] NOTIC: [8] Undefined index: productsCatLang 27810803c514f24f617949317e9053a8.php 第 139 行.
[ 2011-12-07T20:35:55-05:00 ] SQL: SHOW COLUMNS FROM `ry_post_cat` [ RunTime:0.008139s ]
[ 2011-12-07T20:35:55-05:00 ] SQL: SHOW COLUMNS FROM `ry_post_cat_lang` [ RunTime:0.008366s ]
[ 2011-12-07T20:35:55-05:00 ] SQL: SELECT * FROM `ry_post_cat` WHERE ( `cat_id` = '2' ) LIMIT 1  [ RunTime:0.000746s ]
[ 2011-12-07T20:35:55-05:00 ] SQL: SELECT * FROM `ry_post_cat_lang` WHERE ( `cat_id` = '2' ) [ RunTime:0.000818s ]
[ 2011-12-07T20:35:55-05:00 ] NOTIC: [8] Undefined index: info 27810803c514f24f617949317e9053a8.php 第 110 行.
[ 2011-12-07T20:35:55-05:00 ] NOTIC: [8] Undefined index: info 27810803c514f24f617949317e9053a8.php 第 110 行.
[ 2011-12-07T20:35:55-05:00 ] NOTIC: [8] Undefined index: tb_productsCat 27810803c514f24f617949317e9053a8.php 第 128 行.
[ 2011-12-07T20:35:55-05:00 ] NOTIC: [8] Undefined index: productsCatLang 27810803c514f24f617949317e9053a8.php 第 139 行.
[ 2011-12-07T20:36:49-05:00 ] SQL: SHOW COLUMNS FROM `ry_post_cat` [ RunTime:0.006942s ]
[ 2011-12-07T20:36:49-05:00 ] SQL: SHOW COLUMNS FROM `ry_post_cat_lang` [ RunTime:0.006764s ]
[ 2011-12-07T20:36:49-05:00 ] SQL: SELECT * FROM `ry_post_cat` WHERE ( `cat_id` = '2' ) LIMIT 1  [ RunTime:0.000549s ]
[ 2011-12-07T20:36:49-05:00 ] SQL: SELECT * FROM `ry_post_cat_lang` WHERE ( `cat_id` = '2' ) [ RunTime:0.000699s ]
[ 2011-12-07T20:36:49-05:00 ] NOTIC: [8] Undefined index: info 27810803c514f24f617949317e9053a8.php 第 110 行.
[ 2011-12-07T20:36:49-05:00 ] NOTIC: [8] Undefined index: info 27810803c514f24f617949317e9053a8.php 第 110 行.
[ 2011-12-07T20:36:49-05:00 ] NOTIC: [8] Undefined index: tb_productsCat 27810803c514f24f617949317e9053a8.php 第 128 行.
[ 2011-12-07T20:37:19-05:00 ] SQL: SHOW COLUMNS FROM `ry_post_cat_lang` [ RunTime:0.008143s ]
[ 2011-12-07T20:37:19-05:00 ] SQL: DELETE FROM `ry_post_cat_lang` WHERE ( `catlang_id` = '1' ) [ RunTime:0.000946s ]
[ 2011-12-07T20:37:20-05:00 ] SQL: SHOW COLUMNS FROM `ry_post_cat` [ RunTime:0.007416s ]
[ 2011-12-07T20:37:20-05:00 ] SQL: SHOW COLUMNS FROM `ry_post_cat_lang` [ RunTime:0.006469s ]
[ 2011-12-07T20:37:20-05:00 ] SQL: SELECT * FROM `ry_post_cat` WHERE ( `cat_id` = '2' ) LIMIT 1  [ RunTime:0.000564s ]
[ 2011-12-07T20:37:20-05:00 ] SQL: SELECT * FROM `ry_post_cat_lang` WHERE ( `cat_id` = '2' ) [ RunTime:0.000554s ]
[ 2011-12-07T20:37:20-05:00 ] NOTIC: [8] Undefined index: info 27810803c514f24f617949317e9053a8.php 第 110 行.
[ 2011-12-07T20:37:20-05:00 ] NOTIC: [8] Undefined index: info 27810803c514f24f617949317e9053a8.php 第 110 行.
[ 2011-12-07T20:37:20-05:00 ] NOTIC: [8] Undefined index: tb_productsCat 27810803c514f24f617949317e9053a8.php 第 128 行.
[ 2011-12-07T20:37:25-05:00 ] SQL: SHOW COLUMNS FROM `ry_post_cat` [ RunTime:0.007723s ]
[ 2011-12-07T20:37:25-05:00 ] SQL: SHOW COLUMNS FROM `ry_post_cat_lang` [ RunTime:0.007183s ]
[ 2011-12-07T20:37:25-05:00 ] SQL: SHOW COLUMNS FROM `ry_langs` [ RunTime:0.008865s ]
[ 2011-12-07T20:37:25-05:00 ] SQL: SELECT * FROM `ry_post_cat` WHERE ( `cat_id` = '2' ) LIMIT 1  [ RunTime:0.000618s ]
[ 2011-12-07T20:37:25-05:00 ] SQL: SELECT * FROM `ry_langs` [ RunTime:0.000551s ]
[ 2011-12-07T20:37:25-05:00 ] NOTIC: [8] Undefined index: info 0f78ae54dd037bad36269bc59a058c6a.php 第 110 行.
[ 2011-12-07T20:37:25-05:00 ] NOTIC: [8] Undefined index: info 0f78ae54dd037bad36269bc59a058c6a.php 第 110 行.
[ 2011-12-07T20:37:25-05:00 ] NOTIC: [8] Undefined index: tb_productsCat 0f78ae54dd037bad36269bc59a058c6a.php 第 128 行.
[ 2011-12-07T20:37:46-05:00 ] SQL: SHOW COLUMNS FROM `ry_post_cat` [ RunTime:0.007397s ]
[ 2011-12-07T20:37:46-05:00 ] SQL: SHOW COLUMNS FROM `ry_post_cat_lang` [ RunTime:0.007209s ]
[ 2011-12-07T20:37:46-05:00 ] SQL: SHOW COLUMNS FROM `ry_langs` [ RunTime:0.006880s ]
[ 2011-12-07T20:37:46-05:00 ] SQL: SELECT * FROM `ry_post_cat` WHERE ( `cat_id` = '2' ) LIMIT 1  [ RunTime:0.000518s ]
[ 2011-12-07T20:37:46-05:00 ] SQL: SELECT * FROM `ry_langs` [ RunTime:0.000495s ]
[ 2011-12-07T20:37:46-05:00 ] NOTIC: [8] Undefined index: info 0f78ae54dd037bad36269bc59a058c6a.php 第 110 行.
[ 2011-12-07T20:37:46-05:00 ] NOTIC: [8] Undefined index: info 0f78ae54dd037bad36269bc59a058c6a.php 第 110 行.
[ 2011-12-07T20:37:46-05:00 ] NOTIC: [8] Undefined index: tb_productsCat 0f78ae54dd037bad36269bc59a058c6a.php 第 128 行.
[ 2011-12-07T20:37:51-05:00 ] SQL: SHOW COLUMNS FROM `ry_post_cat` [ RunTime:0.008120s ]
[ 2011-12-07T20:37:51-05:00 ] SQL: SHOW COLUMNS FROM `ry_post_cat_lang` [ RunTime:0.023365s ]
[ 2011-12-07T20:37:51-05:00 ] SQL: SHOW COLUMNS FROM `ry_langs` [ RunTime:0.006681s ]
[ 2011-12-07T20:37:51-05:00 ] SQL: SELECT * FROM `ry_post_cat` WHERE ( `cat_id` = '2' ) LIMIT 1  [ RunTime:0.000749s ]
[ 2011-12-07T20:37:51-05:00 ] SQL: SELECT * FROM `ry_langs` [ RunTime:0.000584s ]
[ 2011-12-07T20:37:51-05:00 ] SQL: SELECT * FROM `ry_langs` WHERE ( `lang_code` = 'en-us' ) LIMIT 1  [ RunTime:0.000668s ]
[ 2011-12-07T20:37:51-05:00 ] SQL: INSERT INTO `ry_post_cat_lang` (`cat_id`,`lang_code`,`cat_name`,`lang_name`) VALUES ('2','en-us','english','English') [ RunTime:0.000523s ]
[ 2011-12-07T20:37:51-05:00 ] NOTIC: [8] Undefined index: tb_productsCat 0f78ae54dd037bad36269bc59a058c6a.php 第 128 行.
[ 2011-12-07T20:37:55-05:00 ] SQL: SHOW COLUMNS FROM `ry_post_cat` [ RunTime:0.015292s ]
[ 2011-12-07T20:37:55-05:00 ] SQL: SHOW COLUMNS FROM `ry_post_cat_lang` [ RunTime:0.015256s ]
[ 2011-12-07T20:37:55-05:00 ] SQL: SHOW COLUMNS FROM `ry_langs` [ RunTime:0.010192s ]
[ 2011-12-07T20:37:55-05:00 ] SQL: SELECT * FROM `ry_post_cat` WHERE ( `cat_id` = '2' ) LIMIT 1  [ RunTime:0.000820s ]
[ 2011-12-07T20:37:55-05:00 ] SQL: SELECT * FROM `ry_langs` [ RunTime:0.000807s ]
[ 2011-12-07T20:37:55-05:00 ] NOTIC: [8] Undefined index: info 0f78ae54dd037bad36269bc59a058c6a.php 第 110 行.
[ 2011-12-07T20:37:55-05:00 ] NOTIC: [8] Undefined index: info 0f78ae54dd037bad36269bc59a058c6a.php 第 110 行.
[ 2011-12-07T20:37:55-05:00 ] NOTIC: [8] Undefined index: tb_productsCat 0f78ae54dd037bad36269bc59a058c6a.php 第 128 行.
[ 2011-12-07T20:37:59-05:00 ] SQL: SHOW COLUMNS FROM `ry_post_cat` [ RunTime:0.007783s ]
[ 2011-12-07T20:37:59-05:00 ] SQL: SELECT * FROM `ry_post_cat` ORDER BY parent_id asc [ RunTime:0.000592s ]
[ 2011-12-07T20:37:59-05:00 ] SQL: SELECT * FROM `ry_post_cat` WHERE cat_id=0 LIMIT 1  [ RunTime:0.000553s ]
[ 2011-12-07T20:37:59-05:00 ] SQL: SELECT * FROM `ry_post_cat` WHERE cat_id=2 LIMIT 1  [ RunTime:0.000554s ]
[ 2011-12-07T20:37:59-05:00 ] NOTIC: [8] Undefined variable: msg 85b9432bdf2835f77a9d15c310356022.php 第 45 行.
[ 2011-12-07T20:37:59-05:00 ] NOTIC: [8] Undefined variable: msg 85b9432bdf2835f77a9d15c310356022.php 第 110 行.
[ 2011-12-07T20:37:59-05:00 ] NOTIC: [8] Undefined variable: msg 85b9432bdf2835f77a9d15c310356022.php 第 110 行.
[ 2011-12-07T20:38:00-05:00 ] SQL: SHOW COLUMNS FROM `ry_post_cat` [ RunTime:0.008627s ]
[ 2011-12-07T20:38:00-05:00 ] SQL: SHOW COLUMNS FROM `ry_post_cat_lang` [ RunTime:0.006615s ]
[ 2011-12-07T20:38:00-05:00 ] SQL: SELECT * FROM `ry_post_cat` WHERE ( `cat_id` = '2' ) LIMIT 1  [ RunTime:0.000740s ]
[ 2011-12-07T20:38:00-05:00 ] SQL: SELECT * FROM `ry_post_cat_lang` WHERE ( `cat_id` = '2' ) [ RunTime:0.000789s ]
[ 2011-12-07T20:38:00-05:00 ] NOTIC: [8] Undefined index: info 27810803c514f24f617949317e9053a8.php 第 110 行.
[ 2011-12-07T20:38:00-05:00 ] NOTIC: [8] Undefined index: info 27810803c514f24f617949317e9053a8.php 第 110 行.
[ 2011-12-07T20:38:00-05:00 ] NOTIC: [8] Undefined index: tb_productsCat 27810803c514f24f617949317e9053a8.php 第 128 行.
[ 2011-12-07T20:38:09-05:00 ] SQL: SHOW COLUMNS FROM `ry_post_cat` [ RunTime:0.007074s ]
[ 2011-12-07T20:38:09-05:00 ] SQL: SHOW COLUMNS FROM `ry_post_cat_lang` [ RunTime:0.015689s ]
[ 2011-12-07T20:38:09-05:00 ] SQL: SHOW COLUMNS FROM `ry_langs` [ RunTime:0.009206s ]
[ 2011-12-07T20:38:09-05:00 ] SQL: SELECT * FROM `ry_post_cat` WHERE ( `cat_id` = '2' ) LIMIT 1  [ RunTime:0.000560s ]
[ 2011-12-07T20:38:09-05:00 ] SQL: SELECT * FROM `ry_langs` [ RunTime:0.000534s ]
[ 2011-12-07T20:38:09-05:00 ] SQL: SELECT * FROM `ry_post_cat_lang` WHERE ( `catlang_id` = '3' ) LIMIT 1  [ RunTime:0.000561s ]
[ 2011-12-07T20:38:09-05:00 ] NOTIC: [8] Undefined index: info e36cfe935b85df6d00b8c5cde0d7417a.php 第 110 行.
[ 2011-12-07T20:38:09-05:00 ] NOTIC: [8] Undefined index: info e36cfe935b85df6d00b8c5cde0d7417a.php 第 110 行.
[ 2011-12-07T20:38:09-05:00 ] NOTIC: [8] Undefined index: tb_productsCat e36cfe935b85df6d00b8c5cde0d7417a.php 第 128 行.
[ 2011-12-07T20:38:09-05:00 ] NOTIC: [8] Undefined index: tb_productsCatLang e36cfe935b85df6d00b8c5cde0d7417a.php 第 132 行.
[ 2011-12-07T20:38:09-05:00 ] NOTIC: [8] Undefined index: tb_productsCatLang e36cfe935b85df6d00b8c5cde0d7417a.php 第 138 行.
[ 2011-12-07T20:38:09-05:00 ] NOTIC: [8] Undefined index: tb_productsCatLang e36cfe935b85df6d00b8c5cde0d7417a.php 第 138 行.
[ 2011-12-07T20:39:11-05:00 ] SQL: SHOW COLUMNS FROM `ry_post_cat` [ RunTime:0.007667s ]
[ 2011-12-07T20:39:11-05:00 ] SQL: SHOW COLUMNS FROM `ry_post_cat_lang` [ RunTime:0.007806s ]
[ 2011-12-07T20:39:11-05:00 ] SQL: SHOW COLUMNS FROM `ry_langs` [ RunTime:0.006489s ]
[ 2011-12-07T20:39:11-05:00 ] SQL: SELECT * FROM `ry_post_cat` WHERE ( `cat_id` = '2' ) LIMIT 1  [ RunTime:0.000519s ]
[ 2011-12-07T20:39:11-05:00 ] SQL: SELECT * FROM `ry_langs` [ RunTime:0.000493s ]
[ 2011-12-07T20:39:11-05:00 ] SQL: SELECT * FROM `ry_post_cat_lang` WHERE ( `catlang_id` = '3' ) LIMIT 1  [ RunTime:0.000569s ]
[ 2011-12-07T20:39:11-05:00 ] NOTIC: [8] Undefined index: info e36cfe935b85df6d00b8c5cde0d7417a.php 第 110 行.
[ 2011-12-07T20:39:11-05:00 ] NOTIC: [8] Undefined index: info e36cfe935b85df6d00b8c5cde0d7417a.php 第 110 行.
[ 2011-12-07T20:39:15-05:00 ] SQL: SHOW COLUMNS FROM `ry_post_cat` [ RunTime:0.006999s ]
[ 2011-12-07T20:39:15-05:00 ] SQL: SHOW COLUMNS FROM `ry_post_cat_lang` [ RunTime:0.006977s ]
[ 2011-12-07T20:39:15-05:00 ] SQL: SHOW COLUMNS FROM `ry_langs` [ RunTime:0.007895s ]
[ 2011-12-07T20:39:15-05:00 ] SQL: SELECT * FROM `ry_post_cat` WHERE ( `cat_id` = '2' ) LIMIT 1  [ RunTime:0.000519s ]
[ 2011-12-07T20:39:15-05:00 ] SQL: SELECT * FROM `ry_langs` [ RunTime:0.000493s ]
[ 2011-12-07T20:39:15-05:00 ] SQL: SELECT * FROM `ry_langs` WHERE ( `lang_code` = 'en-us' ) LIMIT 1  [ RunTime:0.000517s ]
[ 2011-12-07T20:39:15-05:00 ] SQL: UPDATE `ry_post_cat_lang` SET `lang_code`='en-us',`cat_name`='english2',`lang_name`='English' WHERE ( `catlang_id` = '3' ) [ RunTime:0.000714s ]
[ 2011-12-07T20:39:15-05:00 ] SQL: SELECT * FROM `ry_post_cat_lang` WHERE ( `catlang_id` = '3' ) LIMIT 1  [ RunTime:0.000873s ]
[ 2011-12-07T20:39:18-05:00 ] SQL: SHOW COLUMNS FROM `ry_post_cat` [ RunTime:0.014964s ]
[ 2011-12-07T20:39:18-05:00 ] SQL: SHOW COLUMNS FROM `ry_post_cat_lang` [ RunTime:0.013415s ]
[ 2011-12-07T20:39:18-05:00 ] SQL: SHOW COLUMNS FROM `ry_langs` [ RunTime:0.013823s ]
[ 2011-12-07T20:39:18-05:00 ] SQL: SELECT * FROM `ry_post_cat` WHERE ( `cat_id` = '2' ) LIMIT 1  [ RunTime:0.000814s ]
[ 2011-12-07T20:39:18-05:00 ] SQL: SELECT * FROM `ry_langs` [ RunTime:0.000883s ]
[ 2011-12-07T20:39:18-05:00 ] SQL: SELECT * FROM `ry_post_cat_lang` WHERE ( `catlang_id` = '3' ) LIMIT 1  [ RunTime:0.000718s ]
[ 2011-12-07T20:39:18-05:00 ] NOTIC: [8] Undefined index: info e36cfe935b85df6d00b8c5cde0d7417a.php 第 110 行.
[ 2011-12-07T20:39:18-05:00 ] NOTIC: [8] Undefined index: info e36cfe935b85df6d00b8c5cde0d7417a.php 第 110 行.
[ 2011-12-07T20:39:31-05:00 ] SQL: SHOW COLUMNS FROM `ry_post_cat` [ RunTime:0.007442s ]
[ 2011-12-07T20:39:31-05:00 ] SQL: SELECT * FROM `ry_post_cat` ORDER BY parent_id asc [ RunTime:0.000704s ]
[ 2011-12-07T20:39:31-05:00 ] SQL: SELECT * FROM `ry_post_cat` WHERE cat_id=0 LIMIT 1  [ RunTime:0.000602s ]
[ 2011-12-07T20:39:31-05:00 ] SQL: SELECT * FROM `ry_post_cat` WHERE cat_id=2 LIMIT 1  [ RunTime:0.000499s ]
[ 2011-12-07T20:39:31-05:00 ] NOTIC: [8] Undefined variable: msg 85b9432bdf2835f77a9d15c310356022.php 第 45 行.
[ 2011-12-07T20:39:31-05:00 ] NOTIC: [8] Undefined variable: msg 85b9432bdf2835f77a9d15c310356022.php 第 110 行.
[ 2011-12-07T20:39:31-05:00 ] NOTIC: [8] Undefined variable: msg 85b9432bdf2835f77a9d15c310356022.php 第 110 行.
[ 2011-12-07T20:39:34-05:00 ] SQL: SHOW COLUMNS FROM `ry_post_cat` [ RunTime:0.011154s ]
[ 2011-12-07T20:39:34-05:00 ] SQL: SELECT * FROM `ry_post_cat` WHERE ( `is_show` = '1' ) ORDER BY parent_id asc [ RunTime:0.000651s ]
[ 2011-12-07T20:39:34-05:00 ] NOTIC: [8] Undefined variable: msg 05d6ef71de242496dff887766dc82ee1.php 第 45 行.
[ 2011-12-07T20:39:34-05:00 ] NOTIC: [8] Undefined variable: msg 05d6ef71de242496dff887766dc82ee1.php 第 110 行.
[ 2011-12-07T20:39:34-05:00 ] NOTIC: [8] Undefined variable: msg 05d6ef71de242496dff887766dc82ee1.php 第 110 行.
[ 2011-12-07T20:39:36-05:00 ] SQL: SHOW COLUMNS FROM `ry_post_cat` [ RunTime:0.007545s ]
[ 2011-12-07T20:39:36-05:00 ] SQL: SELECT * FROM `ry_post_cat` ORDER BY parent_id asc [ RunTime:0.000770s ]
[ 2011-12-07T20:39:36-05:00 ] SQL: SELECT * FROM `ry_post_cat` WHERE cat_id=0 LIMIT 1  [ RunTime:0.000696s ]
[ 2011-12-07T20:39:36-05:00 ] SQL: SELECT * FROM `ry_post_cat` WHERE cat_id=2 LIMIT 1  [ RunTime:0.000720s ]
[ 2011-12-07T20:39:36-05:00 ] NOTIC: [8] Undefined variable: msg 85b9432bdf2835f77a9d15c310356022.php 第 45 行.
[ 2011-12-07T20:39:36-05:00 ] NOTIC: [8] Undefined variable: msg 85b9432bdf2835f77a9d15c310356022.php 第 110 行.
[ 2011-12-07T20:39:36-05:00 ] NOTIC: [8] Undefined variable: msg 85b9432bdf2835f77a9d15c310356022.php 第 110 行.
[ 2011-12-07T20:39:38-05:00 ] SQL: SHOW COLUMNS FROM `ry_post_cat` [ RunTime:0.008407s ]
[ 2011-12-07T20:39:38-05:00 ] SQL: SHOW COLUMNS FROM `ry_post_cat_lang` [ RunTime:0.009445s ]
[ 2011-12-07T20:39:38-05:00 ] SQL: SELECT * FROM `ry_post_cat` WHERE ( `cat_id` = '2' ) LIMIT 1  [ RunTime:0.000787s ]
[ 2011-12-07T20:39:38-05:00 ] SQL: SELECT * FROM `ry_post_cat_lang` WHERE ( `cat_id` = '2' ) [ RunTime:0.000969s ]
[ 2011-12-07T20:39:38-05:00 ] NOTIC: [8] Undefined index: info 27810803c514f24f617949317e9053a8.php 第 110 行.
[ 2011-12-07T20:39:38-05:00 ] NOTIC: [8] Undefined index: info 27810803c514f24f617949317e9053a8.php 第 110 行.
[ 2011-12-07T20:39:38-05:00 ] NOTIC: [8] Undefined index: tb_productsCat 27810803c514f24f617949317e9053a8.php 第 128 行.
[ 2011-12-07T20:44:08-05:00 ] SQL: SHOW COLUMNS FROM `ry_post_cat` [ RunTime:0.006837s ]
[ 2011-12-07T20:44:08-05:00 ] SQL: SHOW COLUMNS FROM `ry_post_cat_lang` [ RunTime:0.007361s ]
[ 2011-12-07T20:44:08-05:00 ] SQL: SELECT * FROM `ry_post_cat` WHERE ( `cat_id` = '2' ) LIMIT 1  [ RunTime:0.000549s ]
[ 2011-12-07T20:44:08-05:00 ] SQL: SELECT * FROM `ry_post_cat_lang` WHERE ( `cat_id` = '2' ) [ RunTime:0.000590s ]
[ 2011-12-07T20:44:08-05:00 ] NOTIC: [8] Undefined index: info 27810803c514f24f617949317e9053a8.php 第 110 行.
[ 2011-12-07T20:44:08-05:00 ] NOTIC: [8] Undefined index: info 27810803c514f24f617949317e9053a8.php 第 110 行.
[ 2011-12-07T20:44:08-05:00 ] NOTIC: [8] Undefined index: tb_productsCat 27810803c514f24f617949317e9053a8.php 第 128 行.
[ 2011-12-07T20:44:11-05:00 ] SQL: SHOW COLUMNS FROM `ry_post_cat` [ RunTime:0.006765s ]
[ 2011-12-07T20:44:11-05:00 ] SQL: SHOW COLUMNS FROM `ry_post_cat_lang` [ RunTime:0.007724s ]
[ 2011-12-07T20:44:11-05:00 ] SQL: SHOW COLUMNS FROM `ry_langs` [ RunTime:0.009154s ]
[ 2011-12-07T20:44:11-05:00 ] SQL: SELECT * FROM `ry_post_cat` WHERE ( `cat_id` = '2' ) LIMIT 1  [ RunTime:0.000586s ]
[ 2011-12-07T20:44:11-05:00 ] SQL: SELECT * FROM `ry_langs` [ RunTime:0.000550s ]
[ 2011-12-07T20:44:11-05:00 ] NOTIC: [8] Undefined index: info 0f78ae54dd037bad36269bc59a058c6a.php 第 110 行.
[ 2011-12-07T20:44:11-05:00 ] NOTIC: [8] Undefined index: info 0f78ae54dd037bad36269bc59a058c6a.php 第 110 行.
[ 2011-12-07T20:44:11-05:00 ] NOTIC: [8] Undefined index: tb_productsCat 0f78ae54dd037bad36269bc59a058c6a.php 第 128 行.
[ 2011-12-07T20:44:17-05:00 ] SQL: SHOW COLUMNS FROM `ry_post_cat` [ RunTime:0.006879s ]
[ 2011-12-07T20:44:17-05:00 ] SQL: SHOW COLUMNS FROM `ry_post_cat_lang` [ RunTime:0.007777s ]
[ 2011-12-07T20:44:17-05:00 ] SQL: SHOW COLUMNS FROM `ry_langs` [ RunTime:0.007301s ]
[ 2011-12-07T20:44:17-05:00 ] SQL: SELECT * FROM `ry_post_cat` WHERE ( `cat_id` = '2' ) LIMIT 1  [ RunTime:0.000549s ]
[ 2011-12-07T20:44:17-05:00 ] SQL: SELECT * FROM `ry_langs` [ RunTime:0.000521s ]
[ 2011-12-07T20:44:17-05:00 ] SQL: SELECT * FROM `ry_langs` WHERE ( `lang_code` = 'en-us' ) LIMIT 1  [ RunTime:0.000612s ]
[ 2011-12-07T20:44:17-05:00 ] SQL: INSERT INTO `ry_post_cat_lang` (`cat_id`,`lang_code`,`cat_name`,`lang_name`) VALUES ('2','en-us','aaa','English') [ RunTime:0.000776s ]
[ 2011-12-07T20:44:17-05:00 ] NOTIC: [8] Undefined index: tb_productsCat 0f78ae54dd037bad36269bc59a058c6a.php 第 128 行.
[ 2011-12-07T20:44:27-05:00 ] SQL: SHOW COLUMNS FROM `ry_post_cat` [ RunTime:0.007465s ]
[ 2011-12-07T20:44:27-05:00 ] SQL: SELECT * FROM `ry_post_cat` ORDER BY parent_id asc [ RunTime:0.000526s ]
[ 2011-12-07T20:44:27-05:00 ] SQL: SELECT * FROM `ry_post_cat` WHERE cat_id=0 LIMIT 1  [ RunTime:0.000703s ]
[ 2011-12-07T20:44:27-05:00 ] SQL: SELECT * FROM `ry_post_cat` WHERE cat_id=2 LIMIT 1  [ RunTime:0.000821s ]
[ 2011-12-07T20:44:27-05:00 ] NOTIC: [8] Undefined variable: msg 85b9432bdf2835f77a9d15c310356022.php 第 45 行.
[ 2011-12-07T20:44:27-05:00 ] NOTIC: [8] Undefined variable: msg 85b9432bdf2835f77a9d15c310356022.php 第 110 行.
[ 2011-12-07T20:44:27-05:00 ] NOTIC: [8] Undefined variable: msg 85b9432bdf2835f77a9d15c310356022.php 第 110 行.
[ 2011-12-07T20:44:47-05:00 ] ERR: (ThinkException) _MODULE_NOT_EXIST_Post
[ 2011-12-07T20:45:42-05:00 ] SQL: SHOW COLUMNS FROM `ry_page` [ RunTime:0.008145s ]
[ 2011-12-07T20:45:42-05:00 ] SQL: SELECT COUNT(*) AS tp_count FROM `ry_page` LIMIT 1  [ RunTime:0.000461s ]
[ 2011-12-07T20:45:42-05:00 ] SQL: SELECT * FROM `ry_page` LIMIT 0,25  [ RunTime:0.000570s ]
[ 2011-12-07T20:45:42-05:00 ] NOTIC: [8] Undefined index: info 54042c11aa449cd5c6bb37d6a4c6f773.php 第 110 行.
[ 2011-12-07T20:45:42-05:00 ] NOTIC: [8] Undefined index: info 54042c11aa449cd5c6bb37d6a4c6f773.php 第 110 行.
[ 2011-12-07T20:45:45-05:00 ] SQL: SHOW COLUMNS FROM `ry_langs` [ RunTime:0.008100s ]
[ 2011-12-07T20:45:45-05:00 ] SQL: SHOW COLUMNS FROM `ry_page_lang` [ RunTime:0.008375s ]
[ 2011-12-07T20:45:45-05:00 ] SQL: SELECT * FROM `ry_langs` WHERE lang_status <> 0 [ RunTime:0.000605s ]
[ 2011-12-07T20:45:45-05:00 ] SQL: SELECT * FROM `ry_page_lang` WHERE ( `page_id` = '1' ) [ RunTime:0.000646s ]
[ 2011-12-07T20:45:45-05:00 ] NOTIC: [8] Undefined index: info a560bbf73a30d4a718884003be1cf406.php 第 110 行.
[ 2011-12-07T20:45:45-05:00 ] NOTIC: [8] Undefined index: info a560bbf73a30d4a718884003be1cf406.php 第 110 行.
[ 2011-12-07T20:45:45-05:00 ] NOTIC: [8] Undefined index: page a560bbf73a30d4a718884003be1cf406.php 第 153 行.
[ 2011-12-07T20:45:48-05:00 ] SQL: SHOW COLUMNS FROM `ry_langs` [ RunTime:0.007970s ]
[ 2011-12-07T20:45:48-05:00 ] SQL: SHOW COLUMNS FROM `ry_page_lang` [ RunTime:0.007527s ]
[ 2011-12-07T20:45:48-05:00 ] SQL: SELECT * FROM `ry_langs` WHERE lang_status <> 0 [ RunTime:0.000628s ]
[ 2011-12-07T20:45:48-05:00 ] NOTIC: [8] Undefined index: info 7f911d4179d231fc19bbc29c67586ab8.php 第 110 行.
[ 2011-12-07T20:45:48-05:00 ] NOTIC: [8] Undefined index: info 7f911d4179d231fc19bbc29c67586ab8.php 第 110 行.
[ 2011-12-07T20:50:34-05:00 ] SQL: SHOW COLUMNS FROM `ry_post_cat` [ RunTime:0.007015s ]
[ 2011-12-07T20:50:34-05:00 ] SQL: SELECT * FROM `ry_post_cat` ORDER BY parent_id asc [ RunTime:0.000643s ]
[ 2011-12-07T20:50:34-05:00 ] SQL: SELECT * FROM `ry_post_cat` WHERE cat_id=0 LIMIT 1  [ RunTime:0.000532s ]
[ 2011-12-07T20:50:34-05:00 ] SQL: SELECT * FROM `ry_post_cat` WHERE cat_id=2 LIMIT 1  [ RunTime:0.000722s ]
[ 2011-12-07T20:50:34-05:00 ] NOTIC: [8] Undefined variable: msg 85b9432bdf2835f77a9d15c310356022.php 第 45 行.
[ 2011-12-07T20:50:34-05:00 ] NOTIC: [8] Undefined variable: msg 85b9432bdf2835f77a9d15c310356022.php 第 110 行.
[ 2011-12-07T20:50:34-05:00 ] NOTIC: [8] Undefined variable: msg 85b9432bdf2835f77a9d15c310356022.php 第 110 行.
[ 2011-12-07T20:50:37-05:00 ] ERR: (ThinkException) _MODULE_NOT_EXIST_Post
[ 2011-12-07T20:50:49-05:00 ] ERR: (ThinkException) _MODULE_NOT_EXIST_Post
[ 2011-12-07T20:52:16-05:00 ] SQL: SHOW COLUMNS FROM `ry_post_cat` [ RunTime:0.008176s ]
[ 2011-12-07T20:52:16-05:00 ] SQL: SELECT * FROM `ry_post_cat` ORDER BY parent_id asc [ RunTime:0.000514s ]
[ 2011-12-07T20:52:16-05:00 ] SQL: SELECT * FROM `ry_post_cat` WHERE cat_id=0 LIMIT 1  [ RunTime:0.000503s ]
[ 2011-12-07T20:52:16-05:00 ] SQL: SELECT * FROM `ry_post_cat` WHERE cat_id=2 LIMIT 1  [ RunTime:0.000499s ]
[ 2011-12-07T20:52:16-05:00 ] NOTIC: [8] Undefined variable: msg 85b9432bdf2835f77a9d15c310356022.php 第 45 行.
[ 2011-12-07T20:52:16-05:00 ] NOTIC: [8] Undefined variable: msg 85b9432bdf2835f77a9d15c310356022.php 第 110 行.
[ 2011-12-07T20:52:16-05:00 ] NOTIC: [8] Undefined variable: msg 85b9432bdf2835f77a9d15c310356022.php 第 110 行.
[ 2011-12-07T20:52:18-05:00 ] ERR: (ThinkException) _TEMPLATE_NOT_EXIST_[./admin/Tpl/default/Post/index.html]
[ 2011-12-07T20:54:03-05:00 ] SQL: SHOW COLUMNS FROM `ry_post` [ RunTime:0.007500s ]
[ 2011-12-07T20:54:03-05:00 ] SQL: SELECT COUNT(*) AS tp_count FROM `ry_post` LIMIT 1  [ RunTime:0.000996s ]
[ 2011-12-07T20:54:03-05:00 ] SQL: SELECT * FROM `ry_post` LIMIT 0,25  [ RunTime:0.000944s ]
[ 2011-12-07T20:54:04-05:00 ] NOTIC: [8] Undefined index: info 46f626855fb1bfaf18777d0009818860.php 第 110 行.
[ 2011-12-07T20:54:04-05:00 ] NOTIC: [8] Undefined index: info 46f626855fb1bfaf18777d0009818860.php 第 110 行.
[ 2011-12-07T20:54:04-05:00 ] NOTIC: [8] Undefined index: tb_page 46f626855fb1bfaf18777d0009818860.php 第 144 行.
