[ 2011-12-21T21:35:40-05:00 ] SQL: SHOW COLUMNS FROM `ry_products_cat` [ RunTime:0.014279s ]
[ 2011-12-21T21:35:40-05:00 ] SQL: SELECT * FROM `ry_products_cat` WHERE ( `is_show` = '1' ) ORDER BY parent_id asc [ RunTime:0.001211s ]
[ 2011-12-21T21:35:40-05:00 ] SQL: SHOW COLUMNS FROM `ry_products` [ RunTime:0.008075s ]
[ 2011-12-21T21:35:40-05:00 ] SQL: SELECT * FROM `ry_products` WHERE ( `pid` = '1' ) LIMIT 1  [ RunTime:0.012266s ]
[ 2011-12-21T21:35:41-05:00 ] NOTIC: [8] Undefined variable: msg b99f012f7b218c595b5aa07f55e33732.php 第 55 行.
[ 2011-12-21T21:35:41-05:00 ] NOTIC: [8] Undefined variable: msg b99f012f7b218c595b5aa07f55e33732.php 第 109 行.
[ 2011-12-21T21:35:41-05:00 ] NOTIC: [8] Undefined variable: msg b99f012f7b218c595b5aa07f55e33732.php 第 109 行.
[ 2011-12-21T21:36:13-05:00 ] SQL: SHOW COLUMNS FROM `ry_products_cat` [ RunTime:0.003816s ]
[ 2011-12-21T21:36:13-05:00 ] SQL: SELECT * FROM `ry_products_cat` WHERE ( `is_show` = '1' ) ORDER BY parent_id asc [ RunTime:0.000850s ]
[ 2011-12-21T21:36:13-05:00 ] SQL: SHOW COLUMNS FROM `ry_products` [ RunTime:0.003797s ]
[ 2011-12-21T21:36:13-05:00 ] SQL: UPDATE `ry_products` SET `cat_id`='0',`name`='product1',`description`='aaa',`type`='1',`price`='200.00',`quantity`='500',`time_expire`=1323925200,`image`='',`time_modify`=1324521373 WHERE ( `pid` = '1' ) [ RunTime:0.022646s ]
[ 2011-12-21T21:36:14-05:00 ] SQL: SHOW COLUMNS FROM `ry_products_cat` [ RunTime:0.003490s ]
[ 2011-12-21T21:36:14-05:00 ] SQL: SELECT * FROM `ry_products_cat` WHERE ( `is_show` = '1' ) ORDER BY parent_id asc [ RunTime:0.000569s ]
[ 2011-12-21T21:36:14-05:00 ] SQL: SHOW COLUMNS FROM `ry_products` [ RunTime:0.003640s ]
[ 2011-12-21T21:36:14-05:00 ] SQL: SELECT * FROM `ry_products` WHERE ( `pid` = '1' ) LIMIT 1  [ RunTime:0.000314s ]
[ 2011-12-21T21:36:14-05:00 ] NOTIC: [8] Undefined variable: msg b99f012f7b218c595b5aa07f55e33732.php 第 55 行.
[ 2011-12-21T21:36:14-05:00 ] NOTIC: [8] Undefined variable: msg b99f012f7b218c595b5aa07f55e33732.php 第 109 行.
[ 2011-12-21T21:36:14-05:00 ] NOTIC: [8] Undefined variable: msg b99f012f7b218c595b5aa07f55e33732.php 第 109 行.
[ 2011-12-21T21:36:29-05:00 ] SQL: SHOW COLUMNS FROM `ry_products` [ RunTime:0.004017s ]
[ 2011-12-21T21:36:29-05:00 ] SQL: SELECT COUNT(*) AS tp_count FROM `ry_products` LIMIT 1  [ RunTime:0.000320s ]
[ 2011-12-21T21:36:29-05:00 ] SQL: SELECT * FROM `ry_products` LIMIT 0,25  [ RunTime:0.000381s ]
[ 2011-12-21T21:36:29-05:00 ] NOTIC: [8] Undefined index: info f3fff2b5c97ac42f78439ba97dbcdcda.php 第 109 行.
[ 2011-12-21T21:36:29-05:00 ] NOTIC: [8] Undefined index: info f3fff2b5c97ac42f78439ba97dbcdcda.php 第 109 行.
[ 2011-12-21T21:58:43-05:00 ] SQL: SHOW COLUMNS FROM `ry_products` [ RunTime:0.004698s ]
[ 2011-12-21T21:58:43-05:00 ] SQL: SELECT COUNT(*) AS tp_count FROM `ry_products` LIMIT 1  [ RunTime:0.000264s ]
[ 2011-12-21T21:58:43-05:00 ] SQL: SELECT * FROM `ry_products` LIMIT 0,25  [ RunTime:0.000395s ]
[ 2011-12-21T21:58:43-05:00 ] NOTIC: [8] Undefined index: info f3fff2b5c97ac42f78439ba97dbcdcda.php 第 109 行.
[ 2011-12-21T21:58:43-05:00 ] NOTIC: [8] Undefined index: info f3fff2b5c97ac42f78439ba97dbcdcda.php 第 109 行.
[ 2011-12-21T22:00:12-05:00 ] SQL: SHOW COLUMNS FROM `ry_products_lang` [ RunTime:0.021945s ]
[ 2011-12-21T22:00:12-05:00 ] SQL: SELECT COUNT(*) AS tp_count FROM `ry_products_lang` WHERE ( `pid` = '1' ) LIMIT 1  [ RunTime:0.005871s ]
[ 2011-12-21T22:00:12-05:00 ] SQL: SELECT * FROM `ry_products_lang` WHERE ( `pid` = '1' ) [ RunTime:0.000344s ]
[ 2011-12-21T22:00:12-05:00 ] NOTIC: [8] Undefined variable: msg cd12dcce469b8ec8f9f8ed1070d3c4e0.php 第 55 行.
[ 2011-12-21T22:00:12-05:00 ] NOTIC: [8] Undefined variable: msg cd12dcce469b8ec8f9f8ed1070d3c4e0.php 第 109 行.
[ 2011-12-21T22:00:12-05:00 ] NOTIC: [8] Undefined variable: msg cd12dcce469b8ec8f9f8ed1070d3c4e0.php 第 109 行.
[ 2011-12-21T22:00:12-05:00 ] NOTIC: [8] Undefined index: page_id cd12dcce469b8ec8f9f8ed1070d3c4e0.php 第 117 行.
[ 2011-12-21T22:00:12-05:00 ] NOTIC: [8] Undefined index: page_id cd12dcce469b8ec8f9f8ed1070d3c4e0.php 第 129 行.
[ 2011-12-21T22:00:12-05:00 ] NOTIC: [8] Undefined index: page_lang_id cd12dcce469b8ec8f9f8ed1070d3c4e0.php 第 146 行.
[ 2011-12-21T22:00:12-05:00 ] NOTIC: [8] Undefined index: page_id cd12dcce469b8ec8f9f8ed1070d3c4e0.php 第 146 行.
[ 2011-12-21T22:00:12-05:00 ] NOTIC: [8] Undefined index: page_lang_id cd12dcce469b8ec8f9f8ed1070d3c4e0.php 第 147 行.
[ 2011-12-21T22:00:12-05:00 ] NOTIC: [8] Undefined index: page_lang_id cd12dcce469b8ec8f9f8ed1070d3c4e0.php 第 146 行.
[ 2011-12-21T22:00:12-05:00 ] NOTIC: [8] Undefined index: page_id cd12dcce469b8ec8f9f8ed1070d3c4e0.php 第 146 行.
[ 2011-12-21T22:00:12-05:00 ] NOTIC: [8] Undefined index: page_lang_id cd12dcce469b8ec8f9f8ed1070d3c4e0.php 第 147 行.
[ 2011-12-21T22:00:21-05:00 ] NOTIC: [8] Undefined variable: msg 98eac3669a6890939c3fc0a7af0fe5da.php 第 55 行.
[ 2011-12-21T22:00:21-05:00 ] NOTIC: [8] Undefined variable: msg 98eac3669a6890939c3fc0a7af0fe5da.php 第 109 行.
[ 2011-12-21T22:00:21-05:00 ] NOTIC: [8] Undefined variable: msg 98eac3669a6890939c3fc0a7af0fe5da.php 第 109 行.
[ 2011-12-21T22:00:21-05:00 ] NOTIC: [8] Undefined index: page_id 98eac3669a6890939c3fc0a7af0fe5da.php 第 131 行.
[ 2011-12-21T22:00:21-05:00 ] NOTIC: [8] Undefined variable: data 98eac3669a6890939c3fc0a7af0fe5da.php 第 141 行.
[ 2011-12-21T22:19:30-05:00 ] SQL: SHOW COLUMNS FROM `ry_products` [ RunTime:0.005665s ]
[ 2011-12-21T22:19:30-05:00 ] SQL: SELECT COUNT(*) AS tp_count FROM `ry_products` LIMIT 1  [ RunTime:0.000236s ]
[ 2011-12-21T22:19:30-05:00 ] SQL: SELECT * FROM `ry_products` LIMIT 0,25  [ RunTime:0.000381s ]
[ 2011-12-21T22:19:30-05:00 ] NOTIC: [8] Undefined index: info f3fff2b5c97ac42f78439ba97dbcdcda.php 第 109 行.
[ 2011-12-21T22:19:30-05:00 ] NOTIC: [8] Undefined index: info f3fff2b5c97ac42f78439ba97dbcdcda.php 第 109 行.
[ 2011-12-21T22:27:41-05:00 ] SQL: SHOW COLUMNS FROM `ry_products_lang` [ RunTime:0.004126s ]
[ 2011-12-21T22:27:41-05:00 ] SQL: SELECT COUNT(*) AS tp_count FROM `ry_products_lang` WHERE ( `pid` = '1' ) LIMIT 1  [ RunTime:0.000355s ]
[ 2011-12-21T22:27:41-05:00 ] SQL: SELECT * FROM `ry_products_lang` WHERE ( `pid` = '1' ) [ RunTime:0.000268s ]
[ 2011-12-21T22:27:41-05:00 ] NOTIC: [8] Undefined variable: msg cd12dcce469b8ec8f9f8ed1070d3c4e0.php 第 55 行.
[ 2011-12-21T22:27:41-05:00 ] NOTIC: [8] Undefined variable: msg cd12dcce469b8ec8f9f8ed1070d3c4e0.php 第 109 行.
[ 2011-12-21T22:27:41-05:00 ] NOTIC: [8] Undefined variable: msg cd12dcce469b8ec8f9f8ed1070d3c4e0.php 第 109 行.
[ 2011-12-21T22:27:41-05:00 ] NOTIC: [8] Undefined index: page_id cd12dcce469b8ec8f9f8ed1070d3c4e0.php 第 117 行.
[ 2011-12-21T22:27:41-05:00 ] NOTIC: [8] Undefined index: page_id cd12dcce469b8ec8f9f8ed1070d3c4e0.php 第 129 行.
[ 2011-12-21T22:27:41-05:00 ] NOTIC: [8] Undefined index: page_lang_id cd12dcce469b8ec8f9f8ed1070d3c4e0.php 第 146 行.
[ 2011-12-21T22:27:41-05:00 ] NOTIC: [8] Undefined index: page_id cd12dcce469b8ec8f9f8ed1070d3c4e0.php 第 146 行.
[ 2011-12-21T22:27:41-05:00 ] NOTIC: [8] Undefined index: page_lang_id cd12dcce469b8ec8f9f8ed1070d3c4e0.php 第 147 行.
[ 2011-12-21T22:27:41-05:00 ] NOTIC: [8] Undefined index: page_lang_id cd12dcce469b8ec8f9f8ed1070d3c4e0.php 第 146 行.
[ 2011-12-21T22:27:41-05:00 ] NOTIC: [8] Undefined index: page_id cd12dcce469b8ec8f9f8ed1070d3c4e0.php 第 146 行.
[ 2011-12-21T22:27:41-05:00 ] NOTIC: [8] Undefined index: page_lang_id cd12dcce469b8ec8f9f8ed1070d3c4e0.php 第 147 行.
[ 2011-12-21T22:27:52-05:00 ] NOTIC: [8] Undefined variable: msg 98eac3669a6890939c3fc0a7af0fe5da.php 第 55 行.
[ 2011-12-21T22:27:52-05:00 ] NOTIC: [8] Undefined variable: msg 98eac3669a6890939c3fc0a7af0fe5da.php 第 109 行.
[ 2011-12-21T22:27:52-05:00 ] NOTIC: [8] Undefined variable: msg 98eac3669a6890939c3fc0a7af0fe5da.php 第 109 行.
[ 2011-12-21T22:27:52-05:00 ] NOTIC: [8] Undefined index: page_id 98eac3669a6890939c3fc0a7af0fe5da.php 第 131 行.
[ 2011-12-21T22:27:52-05:00 ] NOTIC: [8] Undefined variable: data 98eac3669a6890939c3fc0a7af0fe5da.php 第 141 行.
[ 2011-12-21T22:31:17-05:00 ] SQL: SHOW COLUMNS FROM `ry_products_lang` [ RunTime:0.003988s ]
[ 2011-12-21T22:31:17-05:00 ] SQL: SELECT COUNT(*) AS tp_count FROM `ry_products_lang` WHERE ( `pid` = '1' ) LIMIT 1  [ RunTime:0.000312s ]
[ 2011-12-21T22:31:17-05:00 ] SQL: SELECT * FROM `ry_products_lang` WHERE ( `pid` = '1' ) [ RunTime:0.000248s ]
[ 2011-12-21T22:31:17-05:00 ] NOTIC: [8] Undefined variable: msg cd12dcce469b8ec8f9f8ed1070d3c4e0.php 第 55 行.
[ 2011-12-21T22:31:17-05:00 ] NOTIC: [8] Undefined variable: msg cd12dcce469b8ec8f9f8ed1070d3c4e0.php 第 109 行.
[ 2011-12-21T22:31:17-05:00 ] NOTIC: [8] Undefined variable: msg cd12dcce469b8ec8f9f8ed1070d3c4e0.php 第 109 行.
[ 2011-12-21T22:31:17-05:00 ] NOTIC: [8] Undefined index: page_id cd12dcce469b8ec8f9f8ed1070d3c4e0.php 第 117 行.
[ 2011-12-21T22:31:17-05:00 ] NOTIC: [8] Undefined index: page_lang_id cd12dcce469b8ec8f9f8ed1070d3c4e0.php 第 146 行.
[ 2011-12-21T22:31:17-05:00 ] NOTIC: [8] Undefined index: page_id cd12dcce469b8ec8f9f8ed1070d3c4e0.php 第 146 行.
[ 2011-12-21T22:31:17-05:00 ] NOTIC: [8] Undefined index: page_lang_id cd12dcce469b8ec8f9f8ed1070d3c4e0.php 第 147 行.
[ 2011-12-21T22:31:17-05:00 ] NOTIC: [8] Undefined index: page_lang_id cd12dcce469b8ec8f9f8ed1070d3c4e0.php 第 146 行.
[ 2011-12-21T22:31:17-05:00 ] NOTIC: [8] Undefined index: page_id cd12dcce469b8ec8f9f8ed1070d3c4e0.php 第 146 行.
[ 2011-12-21T22:31:17-05:00 ] NOTIC: [8] Undefined index: page_lang_id cd12dcce469b8ec8f9f8ed1070d3c4e0.php 第 147 行.
[ 2011-12-21T22:33:38-05:00 ] SQL: SHOW COLUMNS FROM `ry_products_lang` [ RunTime:0.004103s ]
[ 2011-12-21T22:33:38-05:00 ] SQL: SELECT COUNT(*) AS tp_count FROM `ry_products_lang` WHERE ( `pid` = '1' ) LIMIT 1  [ RunTime:0.000375s ]
[ 2011-12-21T22:33:38-05:00 ] SQL: SELECT * FROM `ry_products_lang` WHERE ( `pid` = '1' ) [ RunTime:0.000290s ]
[ 2011-12-21T22:33:38-05:00 ] NOTIC: [8] Undefined variable: msg cd12dcce469b8ec8f9f8ed1070d3c4e0.php 第 55 行.
[ 2011-12-21T22:33:38-05:00 ] NOTIC: [8] Undefined variable: msg cd12dcce469b8ec8f9f8ed1070d3c4e0.php 第 109 行.
[ 2011-12-21T22:33:38-05:00 ] NOTIC: [8] Undefined variable: msg cd12dcce469b8ec8f9f8ed1070d3c4e0.php 第 109 行.
[ 2011-12-21T22:33:38-05:00 ] NOTIC: [8] Undefined index: page_lang_id cd12dcce469b8ec8f9f8ed1070d3c4e0.php 第 146 行.
[ 2011-12-21T22:33:38-05:00 ] NOTIC: [8] Undefined index: page_id cd12dcce469b8ec8f9f8ed1070d3c4e0.php 第 146 行.
[ 2011-12-21T22:33:38-05:00 ] NOTIC: [8] Undefined index: page_lang_id cd12dcce469b8ec8f9f8ed1070d3c4e0.php 第 146 行.
[ 2011-12-21T22:33:38-05:00 ] NOTIC: [8] Undefined index: page_id cd12dcce469b8ec8f9f8ed1070d3c4e0.php 第 146 行.
[ 2011-12-21T22:33:41-05:00 ] SQL: SHOW COLUMNS FROM `ry_products_lang` [ RunTime:0.004280s ]
[ 2011-12-21T22:33:41-05:00 ] SQL: SELECT COUNT(*) AS tp_count FROM `ry_products_lang` WHERE ( `pid` = '1' ) LIMIT 1  [ RunTime:0.000386s ]
[ 2011-12-21T22:33:41-05:00 ] SQL: SELECT * FROM `ry_products_lang` WHERE ( `pid` = '1' ) [ RunTime:0.000386s ]
[ 2011-12-21T22:33:41-05:00 ] NOTIC: [8] Undefined variable: msg cd12dcce469b8ec8f9f8ed1070d3c4e0.php 第 55 行.
[ 2011-12-21T22:33:41-05:00 ] NOTIC: [8] Undefined variable: msg cd12dcce469b8ec8f9f8ed1070d3c4e0.php 第 109 行.
[ 2011-12-21T22:33:41-05:00 ] NOTIC: [8] Undefined variable: msg cd12dcce469b8ec8f9f8ed1070d3c4e0.php 第 109 行.
[ 2011-12-21T22:33:41-05:00 ] NOTIC: [8] Undefined index: page_lang_id cd12dcce469b8ec8f9f8ed1070d3c4e0.php 第 146 行.
[ 2011-12-21T22:33:41-05:00 ] NOTIC: [8] Undefined index: page_id cd12dcce469b8ec8f9f8ed1070d3c4e0.php 第 146 行.
[ 2011-12-21T22:33:41-05:00 ] NOTIC: [8] Undefined index: page_lang_id cd12dcce469b8ec8f9f8ed1070d3c4e0.php 第 146 行.
[ 2011-12-21T22:33:41-05:00 ] NOTIC: [8] Undefined index: page_id cd12dcce469b8ec8f9f8ed1070d3c4e0.php 第 146 行.
[ 2011-12-21T22:33:50-05:00 ] ERR: (ThinkException) 模板不存在[./admin/Tpl/default/Product/lang_del.html]
[ 2011-12-21T22:37:24-05:00 ] SQL: SHOW COLUMNS FROM `ry_products_lang` [ RunTime:0.004201s ]
[ 2011-12-21T22:37:24-05:00 ] SQL: SELECT COUNT(*) AS tp_count FROM `ry_products_lang` WHERE ( `pid` = '1' ) LIMIT 1  [ RunTime:0.000484s ]
[ 2011-12-21T22:37:24-05:00 ] SQL: SELECT * FROM `ry_products_lang` WHERE ( `pid` = '1' ) [ RunTime:0.000266s ]
[ 2011-12-21T22:37:24-05:00 ] NOTIC: [8] Undefined variable: msg cd12dcce469b8ec8f9f8ed1070d3c4e0.php 第 55 行.
[ 2011-12-21T22:37:24-05:00 ] NOTIC: [8] Undefined variable: msg cd12dcce469b8ec8f9f8ed1070d3c4e0.php 第 109 行.
[ 2011-12-21T22:37:24-05:00 ] NOTIC: [8] Undefined variable: msg cd12dcce469b8ec8f9f8ed1070d3c4e0.php 第 109 行.
[ 2011-12-21T22:37:24-05:00 ] NOTIC: [8] Undefined index: page_lang_id cd12dcce469b8ec8f9f8ed1070d3c4e0.php 第 146 行.
[ 2011-12-21T22:37:24-05:00 ] NOTIC: [8] Undefined index: page_id cd12dcce469b8ec8f9f8ed1070d3c4e0.php 第 146 行.
[ 2011-12-21T22:37:24-05:00 ] NOTIC: [8] Undefined index: page_lang_id cd12dcce469b8ec8f9f8ed1070d3c4e0.php 第 146 行.
[ 2011-12-21T22:37:24-05:00 ] NOTIC: [8] Undefined index: page_id cd12dcce469b8ec8f9f8ed1070d3c4e0.php 第 146 行.
[ 2011-12-21T22:37:29-05:00 ] SQL: SHOW COLUMNS FROM `ry_products_lang` [ RunTime:0.004046s ]
[ 2011-12-21T22:37:29-05:00 ] SQL: DELETE FROM `ry_products_lang` WHERE ( `plid` = '2' ) [ RunTime:0.000436s ]
[ 2011-12-21T22:37:36-05:00 ] SQL: SHOW COLUMNS FROM `ry_products_lang` [ RunTime:0.004325s ]
[ 2011-12-21T22:37:36-05:00 ] SQL: SELECT COUNT(*) AS tp_count FROM `ry_products_lang` WHERE ( `pid` = '1' ) LIMIT 1  [ RunTime:0.000440s ]
[ 2011-12-21T22:37:36-05:00 ] SQL: SELECT * FROM `ry_products_lang` WHERE ( `pid` = '1' ) [ RunTime:0.000230s ]
[ 2011-12-21T22:37:37-05:00 ] NOTIC: [8] Undefined variable: msg cd12dcce469b8ec8f9f8ed1070d3c4e0.php 第 55 行.
[ 2011-12-21T22:37:37-05:00 ] NOTIC: [8] Undefined variable: msg cd12dcce469b8ec8f9f8ed1070d3c4e0.php 第 109 行.
[ 2011-12-21T22:37:37-05:00 ] NOTIC: [8] Undefined variable: msg cd12dcce469b8ec8f9f8ed1070d3c4e0.php 第 109 行.
[ 2011-12-21T22:37:37-05:00 ] NOTIC: [8] Undefined index: page_lang_id cd12dcce469b8ec8f9f8ed1070d3c4e0.php 第 146 行.
[ 2011-12-21T22:37:37-05:00 ] NOTIC: [8] Undefined index: page_id cd12dcce469b8ec8f9f8ed1070d3c4e0.php 第 146 行.
[ 2011-12-21T22:38:33-05:00 ] SQL: SHOW COLUMNS FROM `ry_products_lang` [ RunTime:0.004118s ]
[ 2011-12-21T22:38:33-05:00 ] SQL: DELETE FROM `ry_products_lang` WHERE ( `plid` = '1' ) [ RunTime:0.000373s ]
[ 2011-12-21T22:38:35-05:00 ] SQL: SHOW COLUMNS FROM `ry_products_lang` [ RunTime:0.004238s ]
[ 2011-12-21T22:38:35-05:00 ] SQL: SELECT COUNT(*) AS tp_count FROM `ry_products_lang` WHERE ( `pid` = '1' ) LIMIT 1  [ RunTime:0.000343s ]
[ 2011-12-21T22:38:35-05:00 ] SQL: SELECT * FROM `ry_products_lang` WHERE ( `pid` = '1' ) [ RunTime:0.000184s ]
[ 2011-12-21T22:38:35-05:00 ] NOTIC: [8] Undefined variable: msg cd12dcce469b8ec8f9f8ed1070d3c4e0.php 第 55 行.
[ 2011-12-21T22:38:35-05:00 ] NOTIC: [8] Undefined variable: msg cd12dcce469b8ec8f9f8ed1070d3c4e0.php 第 109 行.
[ 2011-12-21T22:38:35-05:00 ] NOTIC: [8] Undefined variable: msg cd12dcce469b8ec8f9f8ed1070d3c4e0.php 第 109 行.
[ 2011-12-21T22:41:16-05:00 ] SQL: SHOW COLUMNS FROM `ry_products_lang` [ RunTime:0.005299s ]
[ 2011-12-21T22:41:16-05:00 ] SQL: SELECT COUNT(*) AS tp_count FROM `ry_products_lang` WHERE ( `pid` = '1' ) LIMIT 1  [ RunTime:0.000357s ]
[ 2011-12-21T22:41:16-05:00 ] SQL: SELECT * FROM `ry_products_lang` WHERE ( `pid` = '1' ) [ RunTime:0.000297s ]
[ 2011-12-21T22:41:16-05:00 ] NOTIC: [8] Undefined variable: msg cd12dcce469b8ec8f9f8ed1070d3c4e0.php 第 55 行.
[ 2011-12-21T22:41:16-05:00 ] NOTIC: [8] Undefined variable: msg cd12dcce469b8ec8f9f8ed1070d3c4e0.php 第 109 行.
[ 2011-12-21T22:41:16-05:00 ] NOTIC: [8] Undefined variable: msg cd12dcce469b8ec8f9f8ed1070d3c4e0.php 第 109 行.
[ 2011-12-21T22:41:18-05:00 ] SQL: SHOW COLUMNS FROM `ry_products_lang` [ RunTime:0.004131s ]
[ 2011-12-21T22:41:18-05:00 ] NOTIC: [8] Undefined variable: data ProductAction.class.php 第 268 行.
[ 2011-12-21T22:41:18-05:00 ] NOTIC: [8] Undefined variable: msg 98eac3669a6890939c3fc0a7af0fe5da.php 第 55 行.
[ 2011-12-21T22:41:18-05:00 ] NOTIC: [8] Undefined variable: msg 98eac3669a6890939c3fc0a7af0fe5da.php 第 109 行.
[ 2011-12-21T22:41:18-05:00 ] NOTIC: [8] Undefined variable: msg 98eac3669a6890939c3fc0a7af0fe5da.php 第 109 行.
[ 2011-12-21T22:41:18-05:00 ] NOTIC: [8] Undefined index: page_id 98eac3669a6890939c3fc0a7af0fe5da.php 第 131 行.
