[ 2011-11-30T21:26:41-05:00 ] SQL: SHOW COLUMNS FROM `ry_users` [ RunTime:0.024387s ]
[ 2011-11-30T21:26:41-05:00 ] NOTIC: [8] Undefined variable: msg 3b07957a53ccb31105e96f96aaa794c8.php 第 45 行.
[ 2011-11-30T21:26:41-05:00 ] NOTIC: [8] Undefined variable: msg 3b07957a53ccb31105e96f96aaa794c8.php 第 110 行.
[ 2011-11-30T21:26:41-05:00 ] NOTIC: [8] Undefined variable: msg 3b07957a53ccb31105e96f96aaa794c8.php 第 110 行.
[ 2011-11-30T21:26:46-05:00 ] SQL: SHOW COLUMNS FROM `ry_products_cat` [ RunTime:0.020857s ]
[ 2011-11-30T21:26:46-05:00 ] SQL: SELECT * FROM `ry_products_cat` ORDER BY parent_id asc [ RunTime:0.001090s ]
[ 2011-11-30T21:26:46-05:00 ] SQL: SELECT * FROM `ry_products_cat` WHERE cat_id=0 LIMIT 1  [ RunTime:0.000892s ]
[ 2011-11-30T21:26:46-05:00 ] SQL: SELECT * FROM `ry_products_cat` WHERE cat_id=6 LIMIT 1  [ RunTime:0.000841s ]
[ 2011-11-30T21:26:46-05:00 ] SQL: SELECT * FROM `ry_products_cat` WHERE cat_id=7 LIMIT 1  [ RunTime:0.000849s ]
[ 2011-11-30T21:26:46-05:00 ] NOTIC: [8] Undefined variable: msg 54d61eb4eafecfef775e4a103813da8e.php 第 45 行.
[ 2011-11-30T21:26:46-05:00 ] NOTIC: [8] Undefined variable: msg 54d61eb4eafecfef775e4a103813da8e.php 第 110 行.
[ 2011-11-30T21:26:46-05:00 ] NOTIC: [8] Undefined variable: msg 54d61eb4eafecfef775e4a103813da8e.php 第 110 行.
[ 2011-11-30T21:26:49-05:00 ] SQL: SHOW COLUMNS FROM `ry_users` [ RunTime:0.009111s ]
[ 2011-11-30T21:26:49-05:00 ] SQL: SELECT COUNT(*) AS tp_count FROM `ry_users` LIMIT 1  [ RunTime:0.000739s ]
[ 2011-11-30T21:26:49-05:00 ] SQL: SELECT * FROM `ry_users` LIMIT 0,25  [ RunTime:0.001094s ]
[ 2011-11-30T21:26:49-05:00 ] NOTIC: [8] Undefined index: info 1282e97849dec9495baef5755c79259c.php 第 110 行.
[ 2011-11-30T21:26:49-05:00 ] NOTIC: [8] Undefined index: info 1282e97849dec9495baef5755c79259c.php 第 110 行.
[ 2011-11-30T21:26:49-05:00 ] NOTIC: [8] Undefined index: uid 1282e97849dec9495baef5755c79259c.php 第 124 行.
[ 2011-11-30T21:26:53-05:00 ] SQL: SHOW COLUMNS FROM `ry_users_profile` [ RunTime:0.013379s ]
[ 2011-11-30T21:26:53-05:00 ] SQL: SELECT * FROM `ry_users_profile` WHERE ( `user_id` = '1' ) [ RunTime:0.001107s ]
[ 2011-11-30T21:26:53-05:00 ] NOTIC: [8] Undefined variable: msg 1c423aa926b25b741de44473fb9619b5.php 第 45 行.
[ 2011-11-30T21:26:53-05:00 ] NOTIC: [8] Undefined variable: msg 1c423aa926b25b741de44473fb9619b5.php 第 110 行.
[ 2011-11-30T21:26:53-05:00 ] NOTIC: [8] Undefined variable: msg 1c423aa926b25b741de44473fb9619b5.php 第 110 行.
[ 2011-11-30T21:26:53-05:00 ] NOTIC: [8] Undefined variable: msg 1c423aa926b25b741de44473fb9619b5.php 第 124 行.
[ 2011-11-30T21:26:53-05:00 ] NOTIC: [8] Undefined variable: msg 1c423aa926b25b741de44473fb9619b5.php 第 155 行.
[ 2011-11-30T21:27:22-05:00 ] SQL: SHOW COLUMNS FROM `ry_users_profile` [ RunTime:0.006207s ]
[ 2011-11-30T21:27:22-05:00 ] SQL: SELECT * FROM `ry_users_profile` WHERE ( `user_id` = '1' ) [ RunTime:0.000830s ]
[ 2011-11-30T21:27:22-05:00 ] NOTIC: [8] Undefined variable: msg 1c423aa926b25b741de44473fb9619b5.php 第 45 行.
[ 2011-11-30T21:27:22-05:00 ] NOTIC: [8] Undefined variable: msg 1c423aa926b25b741de44473fb9619b5.php 第 110 行.
[ 2011-11-30T21:27:22-05:00 ] NOTIC: [8] Undefined variable: msg 1c423aa926b25b741de44473fb9619b5.php 第 110 行.
[ 2011-11-30T21:27:22-05:00 ] NOTIC: [8] Undefined variable: msg 1c423aa926b25b741de44473fb9619b5.php 第 124 行.
[ 2011-11-30T21:27:22-05:00 ] NOTIC: [8] Undefined variable: msg 1c423aa926b25b741de44473fb9619b5.php 第 155 行.
[ 2011-11-30T21:27:26-05:00 ] SQL: SHOW COLUMNS FROM `ry_users_profile` [ RunTime:0.010085s ]
[ 2011-11-30T21:27:26-05:00 ] SQL: DELETE FROM `ry_users_profile` WHERE ( `profile_id` = '1' ) [ RunTime:0.027490s ]
[ 2011-11-30T21:27:27-05:00 ] SQL: SHOW COLUMNS FROM `ry_users_profile` [ RunTime:0.005752s ]
[ 2011-11-30T21:27:27-05:00 ] SQL: SELECT * FROM `ry_users_profile` WHERE ( `user_id` = '1' ) [ RunTime:0.000970s ]
[ 2011-11-30T21:27:27-05:00 ] NOTIC: [8] Undefined variable: msg 1c423aa926b25b741de44473fb9619b5.php 第 45 行.
[ 2011-11-30T21:27:27-05:00 ] NOTIC: [8] Undefined variable: msg 1c423aa926b25b741de44473fb9619b5.php 第 110 行.
[ 2011-11-30T21:27:27-05:00 ] NOTIC: [8] Undefined variable: msg 1c423aa926b25b741de44473fb9619b5.php 第 110 行.
[ 2011-11-30T21:27:27-05:00 ] NOTIC: [8] Undefined variable: msg 1c423aa926b25b741de44473fb9619b5.php 第 124 行.
[ 2011-11-30T21:27:27-05:00 ] NOTIC: [8] Undefined variable: msg 1c423aa926b25b741de44473fb9619b5.php 第 155 行.
