[ 2011-10-09T05:07:00+08:00 ] SQL: SHOW COLUMNS FROM `ry_users` [ RunTime:0.005741s ]
[ 2011-10-09T05:07:00+08:00 ] NOTIC: [8] Undefined offset: 0 Model.class.php 第 259 行.
[ 2011-10-09T05:07:00+08:00 ] SQL: SELECT * FROM `ry_users` [ RunTime:0.000508s ]
[ 2011-10-09T05:08:16+08:00 ] SQL: SHOW COLUMNS FROM `ry_users` [ RunTime:0.004047s ]
[ 2011-10-09T05:08:16+08:00 ] NOTIC: [8] Undefined offset: 0 Model.class.php 第 259 行.
[ 2011-10-09T05:08:16+08:00 ] SQL: SELECT * FROM `ry_users` [ RunTime:0.000312s ]
[ 2011-10-09T05:08:19+08:00 ] SQL: SHOW COLUMNS FROM `ry_users` [ RunTime:0.004378s ]
[ 2011-10-09T05:08:19+08:00 ] NOTIC: [8] Undefined offset: 0 Model.class.php 第 259 行.
[ 2011-10-09T05:08:19+08:00 ] SQL: SELECT * FROM `ry_users` [ RunTime:0.000355s ]
[ 2011-10-09T05:10:15+08:00 ] SQL: SHOW COLUMNS FROM `ry_users` [ RunTime:0.004079s ]
[ 2011-10-09T05:10:15+08:00 ] NOTIC: [8] Undefined offset: 0 Model.class.php 第 259 行.
[ 2011-10-09T05:10:15+08:00 ] SQL: SELECT * FROM `ry_users` [ RunTime:0.000341s ]
[ 2011-10-09T05:10:15+08:00 ] NOTIC: [2] file_get_contents(././Tpl/default/Public/header.html.html) [<a href='function.file-get-contents'>function.file-get-contents</a>]: failed to open stream: No such file or directory ThinkTemplate.class.php 第 770 行.
[ 2011-10-09T05:10:15+08:00 ] NOTIC: [2] file_get_contents(././Tpl/default/Public/footer.html.html) [<a href='function.file-get-contents'>function.file-get-contents</a>]: failed to open stream: No such file or directory ThinkTemplate.class.php 第 770 行.
[ 2011-10-09T05:10:31+08:00 ] SQL: SHOW COLUMNS FROM `ry_users` [ RunTime:0.004117s ]
[ 2011-10-09T05:10:31+08:00 ] NOTIC: [8] Undefined offset: 0 Model.class.php 第 259 行.
[ 2011-10-09T05:10:31+08:00 ] SQL: SELECT * FROM `ry_users` [ RunTime:0.000322s ]
[ 2011-10-09T05:10:31+08:00 ] NOTIC: [2] file_get_contents(./admin/Tpl/default/Public/header.html.html) [<a href='function.file-get-contents'>function.file-get-contents</a>]: failed to open stream: No such file or directory ThinkTemplate.class.php 第 770 行.
[ 2011-10-09T05:10:31+08:00 ] NOTIC: [2] file_get_contents(./admin/Tpl/default/Public/footer.html.html) [<a href='function.file-get-contents'>function.file-get-contents</a>]: failed to open stream: No such file or directory ThinkTemplate.class.php 第 770 行.
[ 2011-10-09T05:10:47+08:00 ] SQL: SHOW COLUMNS FROM `ry_users` [ RunTime:0.005242s ]
[ 2011-10-09T05:10:47+08:00 ] NOTIC: [8] Undefined offset: 0 Model.class.php 第 259 行.
[ 2011-10-09T05:10:47+08:00 ] SQL: SELECT * FROM `ry_users` [ RunTime:0.000591s ]
[ 2011-10-09T05:10:47+08:00 ] NOTIC: [2] file_get_contents(.//Tpl/default/Public/header.html.html) [<a href='function.file-get-contents'>function.file-get-contents</a>]: failed to open stream: No such file or directory ThinkTemplate.class.php 第 770 行.
[ 2011-10-09T05:10:47+08:00 ] NOTIC: [2] file_get_contents(.//Tpl/default/Public/footer.html.html) [<a href='function.file-get-contents'>function.file-get-contents</a>]: failed to open stream: No such file or directory ThinkTemplate.class.php 第 770 行.
[ 2011-10-09T05:11:42+08:00 ] SQL: SHOW COLUMNS FROM `ry_users` [ RunTime:0.005071s ]
[ 2011-10-09T05:11:42+08:00 ] NOTIC: [8] Undefined offset: 0 Model.class.php 第 259 行.
[ 2011-10-09T05:11:42+08:00 ] SQL: SELECT * FROM `ry_users` [ RunTime:0.000432s ]
[ 2011-10-09T05:22:56+08:00 ] SQL: SHOW COLUMNS FROM `ry_users` [ RunTime:0.004241s ]
[ 2011-10-09T05:22:56+08:00 ] NOTIC: [8] Undefined offset: 0 Model.class.php 第 259 行.
[ 2011-10-09T05:22:56+08:00 ] SQL: SELECT * FROM `ry_users` [ RunTime:0.000421s ]
[ 2011-10-09T05:22:58+08:00 ] SQL: SHOW COLUMNS FROM `ry_users` [ RunTime:0.004091s ]
[ 2011-10-09T05:22:58+08:00 ] NOTIC: [8] Undefined offset: 0 Model.class.php 第 259 行.
[ 2011-10-09T05:22:58+08:00 ] SQL: SELECT * FROM `ry_users` [ RunTime:0.000424s ]
[ 2011-10-09T05:23:32+08:00 ] SQL: SHOW COLUMNS FROM `ry_users` [ RunTime:0.004710s ]
[ 2011-10-09T05:23:32+08:00 ] NOTIC: [8] Undefined offset: 0 Model.class.php 第 259 行.
[ 2011-10-09T05:23:32+08:00 ] SQL: SELECT * FROM `ry_users` [ RunTime:0.000432s ]
[ 2011-10-09T05:23:55+08:00 ] SQL: SHOW COLUMNS FROM `ry_users` [ RunTime:0.004295s ]
[ 2011-10-09T05:23:55+08:00 ] NOTIC: [8] Undefined offset: 0 Model.class.php 第 259 行.
[ 2011-10-09T05:23:55+08:00 ] SQL: SELECT * FROM `ry_users` [ RunTime:0.000356s ]
[ 2011-10-09T05:23:55+08:00 ] SQL: SHOW COLUMNS FROM `ry_users` [ RunTime:0.004605s ]
[ 2011-10-09T05:23:55+08:00 ] NOTIC: [8] Undefined offset: 0 Model.class.php 第 259 行.
[ 2011-10-09T05:23:55+08:00 ] SQL: SELECT * FROM `ry_users` [ RunTime:0.000550s ]
[ 2011-10-09T05:24:15+08:00 ] SQL: SHOW COLUMNS FROM `ry_users` [ RunTime:0.003946s ]
[ 2011-10-09T05:24:15+08:00 ] NOTIC: [8] Undefined offset: 0 Model.class.php 第 259 行.
[ 2011-10-09T05:24:15+08:00 ] SQL: SELECT * FROM `ry_users` [ RunTime:0.000332s ]
[ 2011-10-09T05:24:25+08:00 ] SQL: SHOW COLUMNS FROM `ry_users` [ RunTime:0.004148s ]
[ 2011-10-09T05:24:25+08:00 ] NOTIC: [8] Undefined offset: 0 Model.class.php 第 259 行.
[ 2011-10-09T05:24:25+08:00 ] SQL: SELECT * FROM `ry_users` [ RunTime:0.000448s ]
[ 2011-10-09T05:25:18+08:00 ] SQL: SHOW COLUMNS FROM `ry_users` [ RunTime:0.004020s ]
[ 2011-10-09T05:25:18+08:00 ] NOTIC: [8] Undefined offset: 0 Model.class.php 第 259 行.
[ 2011-10-09T05:25:18+08:00 ] SQL: SELECT * FROM `ry_users` [ RunTime:0.000314s ]
[ 2011-10-09T05:44:32+08:00 ] SQL: SHOW COLUMNS FROM `ry_users` [ RunTime:0.005518s ]
[ 2011-10-09T05:44:32+08:00 ] NOTIC: [8] Undefined offset: 0 Model.class.php 第 259 行.
[ 2011-10-09T05:44:32+08:00 ] SQL: SELECT * FROM `ry_users` [ RunTime:0.000382s ]
[ 2011-10-09T05:44:34+08:00 ] SQL: SHOW COLUMNS FROM `ry_users` [ RunTime:0.004680s ]
[ 2011-10-09T05:44:34+08:00 ] NOTIC: [8] Undefined offset: 0 Model.class.php 第 259 行.
[ 2011-10-09T05:44:34+08:00 ] SQL: SELECT * FROM `ry_users` [ RunTime:0.000516s ]
[ 2011-10-09T05:44:35+08:00 ] SQL: SHOW COLUMNS FROM `ry_users` [ RunTime:0.004971s ]
[ 2011-10-09T05:44:35+08:00 ] NOTIC: [8] Undefined offset: 0 Model.class.php 第 259 行.
[ 2011-10-09T05:44:35+08:00 ] SQL: SELECT * FROM `ry_users` [ RunTime:0.000529s ]
[ 2011-10-09T05:44:35+08:00 ] SQL: SHOW COLUMNS FROM `ry_users` [ RunTime:0.003987s ]
[ 2011-10-09T05:44:35+08:00 ] NOTIC: [8] Undefined offset: 0 Model.class.php 第 259 行.
[ 2011-10-09T05:44:35+08:00 ] SQL: SELECT * FROM `ry_users` [ RunTime:0.000557s ]
[ 2011-10-09T05:45:04+08:00 ] SQL: SHOW COLUMNS FROM `ry_users` [ RunTime:0.004449s ]
[ 2011-10-09T05:45:04+08:00 ] NOTIC: [8] Undefined offset: 0 Model.class.php 第 259 行.
[ 2011-10-09T05:45:04+08:00 ] SQL: SELECT * FROM `ry_users` [ RunTime:0.000404s ]
[ 2011-10-09T05:46:14+08:00 ] SQL: SHOW COLUMNS FROM `ry_users` [ RunTime:0.004493s ]
[ 2011-10-09T05:46:14+08:00 ] NOTIC: [8] Undefined offset: 0 Model.class.php 第 259 行.
[ 2011-10-09T05:46:14+08:00 ] SQL: SELECT * FROM `ry_users` [ RunTime:0.000420s ]
[ 2011-10-09T05:47:53+08:00 ] SQL: SHOW COLUMNS FROM `ry_users` [ RunTime:0.004257s ]
[ 2011-10-09T05:47:53+08:00 ] NOTIC: [8] Undefined offset: 0 Model.class.php 第 259 行.
[ 2011-10-09T05:47:53+08:00 ] SQL: SELECT * FROM `ry_users` [ RunTime:0.000347s ]
[ 2011-10-09T05:47:56+08:00 ] SQL: SHOW COLUMNS FROM `ry_users` [ RunTime:0.004045s ]
[ 2011-10-09T05:47:56+08:00 ] NOTIC: [8] Undefined offset: 0 Model.class.php 第 259 行.
[ 2011-10-09T05:47:56+08:00 ] SQL: SELECT * FROM `ry_users` [ RunTime:0.000314s ]
[ 2011-10-09T05:50:45+08:00 ] SQL: SHOW COLUMNS FROM `ry_users` [ RunTime:0.004003s ]
[ 2011-10-09T05:50:45+08:00 ] NOTIC: [8] Undefined offset: 0 Model.class.php 第 259 行.
[ 2011-10-09T05:50:45+08:00 ] SQL: SELECT * FROM `ry_users` [ RunTime:0.000313s ]
[ 2011-10-09T05:51:51+08:00 ] SQL: SHOW COLUMNS FROM `ry_users` [ RunTime:0.004147s ]
[ 2011-10-09T05:51:51+08:00 ] NOTIC: [8] Undefined offset: 0 Model.class.php 第 259 行.
[ 2011-10-09T05:51:51+08:00 ] SQL: SELECT * FROM `ry_users` [ RunTime:0.000318s ]
[ 2011-10-09T05:52:27+08:00 ] SQL: SHOW COLUMNS FROM `ry_users` [ RunTime:0.004110s ]
[ 2011-10-09T05:52:27+08:00 ] NOTIC: [8] Undefined offset: 0 Model.class.php 第 259 行.
[ 2011-10-09T05:52:27+08:00 ] SQL: SELECT * FROM `ry_users` [ RunTime:0.000326s ]
[ 2011-10-09T05:53:11+08:00 ] SQL: SHOW COLUMNS FROM `ry_users` [ RunTime:0.004015s ]
[ 2011-10-09T05:53:11+08:00 ] NOTIC: [8] Undefined offset: 0 Model.class.php 第 259 行.
[ 2011-10-09T05:53:11+08:00 ] SQL: SELECT * FROM `ry_users` [ RunTime:0.000315s ]
[ 2011-10-09T05:53:27+08:00 ] SQL: SHOW COLUMNS FROM `ry_users` [ RunTime:0.003944s ]
[ 2011-10-09T05:53:27+08:00 ] NOTIC: [8] Undefined offset: 0 Model.class.php 第 259 行.
[ 2011-10-09T05:53:27+08:00 ] SQL: SELECT * FROM `ry_users` [ RunTime:0.000314s ]
[ 2011-10-09T05:53:39+08:00 ] SQL: SHOW COLUMNS FROM `ry_users` [ RunTime:0.004308s ]
[ 2011-10-09T05:53:39+08:00 ] NOTIC: [8] Undefined offset: 0 Model.class.php 第 259 行.
[ 2011-10-09T05:53:39+08:00 ] SQL: SELECT * FROM `ry_users` [ RunTime:0.000373s ]
[ 2011-10-09T05:55:34+08:00 ] SQL: SHOW COLUMNS FROM `ry_users` [ RunTime:0.004978s ]
[ 2011-10-09T05:55:34+08:00 ] NOTIC: [8] Undefined offset: 0 Model.class.php 第 259 行.
[ 2011-10-09T05:55:34+08:00 ] SQL: SELECT * FROM `ry_users` [ RunTime:0.000411s ]
[ 2011-10-09T05:55:43+08:00 ] SQL: SHOW COLUMNS FROM `ry_users` [ RunTime:0.004521s ]
[ 2011-10-09T05:55:43+08:00 ] NOTIC: [8] Undefined offset: 0 Model.class.php 第 259 行.
[ 2011-10-09T05:55:43+08:00 ] SQL: SELECT * FROM `ry_users` [ RunTime:0.000362s ]
[ 2011-10-09T05:56:17+08:00 ] SQL: SHOW COLUMNS FROM `ry_users` [ RunTime:0.005251s ]
[ 2011-10-09T05:56:17+08:00 ] NOTIC: [8] Undefined offset: 0 Model.class.php 第 259 行.
[ 2011-10-09T05:56:17+08:00 ] SQL: SELECT * FROM `ry_users` [ RunTime:0.000493s ]
[ 2011-10-09T05:57:02+08:00 ] SQL: SHOW COLUMNS FROM `ry_users` [ RunTime:0.004800s ]
[ 2011-10-09T05:57:02+08:00 ] NOTIC: [8] Undefined offset: 0 Model.class.php 第 259 行.
[ 2011-10-09T05:57:02+08:00 ] SQL: SELECT * FROM `ry_users` [ RunTime:0.000475s ]
