[ 2011-12-13T21:40:15-05:00 ] SQL: SHOW COLUMNS FROM `ry_products_cat` [ RunTime:0.006094s ]
[ 2011-12-13T21:40:15-05:00 ] SQL: SELECT * FROM `ry_products_cat` ORDER BY parent_id asc [ RunTime:0.000680s ]
[ 2011-12-13T21:40:15-05:00 ] SQL: SELECT * FROM `ry_products_cat` WHERE cat_id=0 LIMIT 1  [ RunTime:0.010285s ]
[ 2011-12-13T21:40:15-05:00 ] SQL: SELECT * FROM `ry_products_cat` WHERE cat_id=67 LIMIT 1  [ RunTime:0.000294s ]
[ 2011-12-13T21:40:15-05:00 ] SQL: SELECT * FROM `ry_products_cat` WHERE cat_id=37 LIMIT 1  [ RunTime:0.000226s ]
[ 2011-12-13T21:40:15-05:00 ] SQL: SELECT * FROM `ry_products_cat` WHERE cat_id=36 LIMIT 1  [ RunTime:0.000290s ]
[ 2011-12-13T21:40:15-05:00 ] SQL: SELECT * FROM `ry_products_cat` WHERE cat_id=35 LIMIT 1  [ RunTime:0.000214s ]
[ 2011-12-13T21:40:15-05:00 ] SQL: SELECT * FROM `ry_products_cat` WHERE cat_id=34 LIMIT 1  [ RunTime:0.000179s ]
[ 2011-12-13T21:40:15-05:00 ] SQL: SELECT * FROM `ry_products_cat` WHERE cat_id=33 LIMIT 1  [ RunTime:0.000190s ]
[ 2011-12-13T21:40:15-05:00 ] SQL: SELECT * FROM `ry_products_cat` WHERE cat_id=32 LIMIT 1  [ RunTime:0.000355s ]
[ 2011-12-13T21:40:15-05:00 ] SQL: SELECT * FROM `ry_products_cat` WHERE cat_id=31 LIMIT 1  [ RunTime:0.000237s ]
[ 2011-12-13T21:40:15-05:00 ] SQL: SELECT * FROM `ry_products_cat` WHERE cat_id=30 LIMIT 1  [ RunTime:0.000241s ]
[ 2011-12-13T21:40:15-05:00 ] SQL: SELECT * FROM `ry_products_cat` WHERE cat_id=38 LIMIT 1  [ RunTime:0.000194s ]
[ 2011-12-13T21:40:15-05:00 ] SQL: SELECT * FROM `ry_products_cat` WHERE cat_id=39 LIMIT 1  [ RunTime:0.000181s ]
[ 2011-12-13T21:40:15-05:00 ] SQL: SELECT * FROM `ry_products_cat` WHERE cat_id=40 LIMIT 1  [ RunTime:0.000302s ]
[ 2011-12-13T21:40:15-05:00 ] SQL: SELECT * FROM `ry_products_cat` WHERE cat_id=48 LIMIT 1  [ RunTime:0.000211s ]
[ 2011-12-13T21:40:15-05:00 ] SQL: SELECT * FROM `ry_products_cat` WHERE cat_id=47 LIMIT 1  [ RunTime:0.000182s ]
[ 2011-12-13T21:40:15-05:00 ] SQL: SELECT * FROM `ry_products_cat` WHERE cat_id=46 LIMIT 1  [ RunTime:0.000187s ]
[ 2011-12-13T21:40:15-05:00 ] SQL: SELECT * FROM `ry_products_cat` WHERE cat_id=45 LIMIT 1  [ RunTime:0.000178s ]
[ 2011-12-13T21:40:15-05:00 ] SQL: SELECT * FROM `ry_products_cat` WHERE cat_id=44 LIMIT 1  [ RunTime:0.000207s ]
[ 2011-12-13T21:40:15-05:00 ] SQL: SELECT * FROM `ry_products_cat` WHERE cat_id=43 LIMIT 1  [ RunTime:0.000187s ]
[ 2011-12-13T21:40:15-05:00 ] SQL: SELECT * FROM `ry_products_cat` WHERE cat_id=42 LIMIT 1  [ RunTime:0.000187s ]
[ 2011-12-13T21:40:15-05:00 ] SQL: SELECT * FROM `ry_products_cat` WHERE cat_id=41 LIMIT 1  [ RunTime:0.000176s ]
[ 2011-12-13T21:40:15-05:00 ] SQL: SELECT * FROM `ry_products_cat` WHERE cat_id=29 LIMIT 1  [ RunTime:0.000188s ]
[ 2011-12-13T21:40:15-05:00 ] SQL: SELECT * FROM `ry_products_cat` WHERE cat_id=28 LIMIT 1  [ RunTime:0.000290s ]
[ 2011-12-13T21:40:15-05:00 ] SQL: SELECT * FROM `ry_products_cat` WHERE cat_id=27 LIMIT 1  [ RunTime:0.000184s ]
[ 2011-12-13T21:40:15-05:00 ] SQL: SELECT * FROM `ry_products_cat` WHERE cat_id=14 LIMIT 1  [ RunTime:0.000189s ]
[ 2011-12-13T21:40:15-05:00 ] SQL: SELECT * FROM `ry_products_cat` WHERE cat_id=13 LIMIT 1  [ RunTime:0.000267s ]
[ 2011-12-13T21:40:15-05:00 ] SQL: SELECT * FROM `ry_products_cat` WHERE cat_id=12 LIMIT 1  [ RunTime:0.000355s ]
[ 2011-12-13T21:40:15-05:00 ] SQL: SELECT * FROM `ry_products_cat` WHERE cat_id=11 LIMIT 1  [ RunTime:0.000323s ]
[ 2011-12-13T21:40:15-05:00 ] SQL: SELECT * FROM `ry_products_cat` WHERE cat_id=10 LIMIT 1  [ RunTime:0.000236s ]
[ 2011-12-13T21:40:15-05:00 ] SQL: SELECT * FROM `ry_products_cat` WHERE cat_id=62 LIMIT 1  [ RunTime:0.000239s ]
[ 2011-12-13T21:40:15-05:00 ] SQL: SELECT * FROM `ry_products_cat` WHERE cat_id=64 LIMIT 1  [ RunTime:0.000277s ]
[ 2011-12-13T21:40:15-05:00 ] SQL: SELECT * FROM `ry_products_cat` WHERE cat_id=65 LIMIT 1  [ RunTime:0.000222s ]
[ 2011-12-13T21:40:15-05:00 ] SQL: SELECT * FROM `ry_products_cat` WHERE cat_id=66 LIMIT 1  [ RunTime:0.000167s ]
[ 2011-12-13T21:40:15-05:00 ] SQL: SELECT * FROM `ry_products_cat` WHERE cat_id=63 LIMIT 1  [ RunTime:0.000229s ]
[ 2011-12-13T21:40:15-05:00 ] SQL: SELECT * FROM `ry_products_cat` WHERE cat_id=9 LIMIT 1  [ RunTime:0.000187s ]
[ 2011-12-13T21:40:15-05:00 ] SQL: SELECT * FROM `ry_products_cat` WHERE cat_id=61 LIMIT 1  [ RunTime:0.000220s ]
[ 2011-12-13T21:40:15-05:00 ] SQL: SELECT * FROM `ry_products_cat` WHERE cat_id=59 LIMIT 1  [ RunTime:0.000259s ]
[ 2011-12-13T21:40:15-05:00 ] SQL: SELECT * FROM `ry_products_cat` WHERE cat_id=58 LIMIT 1  [ RunTime:0.000288s ]
[ 2011-12-13T21:40:15-05:00 ] SQL: SELECT * FROM `ry_products_cat` WHERE cat_id=57 LIMIT 1  [ RunTime:0.000212s ]
[ 2011-12-13T21:40:15-05:00 ] SQL: SELECT * FROM `ry_products_cat` WHERE cat_id=60 LIMIT 1  [ RunTime:0.000192s ]
[ 2011-12-13T21:40:15-05:00 ] SQL: SELECT * FROM `ry_products_cat` WHERE cat_id=54 LIMIT 1  [ RunTime:0.000180s ]
[ 2011-12-13T21:40:15-05:00 ] SQL: SELECT * FROM `ry_products_cat` WHERE cat_id=55 LIMIT 1  [ RunTime:0.000188s ]
[ 2011-12-13T21:40:15-05:00 ] SQL: SELECT * FROM `ry_products_cat` WHERE cat_id=56 LIMIT 1  [ RunTime:0.000241s ]
[ 2011-12-13T21:40:15-05:00 ] SQL: SELECT * FROM `ry_products_cat` WHERE cat_id=8 LIMIT 1  [ RunTime:0.000219s ]
[ 2011-12-13T21:40:15-05:00 ] SQL: SELECT * FROM `ry_products_cat` WHERE cat_id=49 LIMIT 1  [ RunTime:0.000194s ]
[ 2011-12-13T21:40:15-05:00 ] SQL: SELECT * FROM `ry_products_cat` WHERE cat_id=50 LIMIT 1  [ RunTime:0.000175s ]
[ 2011-12-13T21:40:15-05:00 ] SQL: SELECT * FROM `ry_products_cat` WHERE cat_id=51 LIMIT 1  [ RunTime:0.000281s ]
[ 2011-12-13T21:40:15-05:00 ] SQL: SELECT * FROM `ry_products_cat` WHERE cat_id=52 LIMIT 1  [ RunTime:0.000240s ]
[ 2011-12-13T21:40:15-05:00 ] SQL: SELECT * FROM `ry_products_cat` WHERE cat_id=53 LIMIT 1  [ RunTime:0.000217s ]
[ 2011-12-13T21:40:15-05:00 ] SQL: SELECT * FROM `ry_products_cat` WHERE cat_id=17 LIMIT 1  [ RunTime:0.000292s ]
[ 2011-12-13T21:40:15-05:00 ] SQL: SELECT * FROM `ry_products_cat` WHERE cat_id=15 LIMIT 1  [ RunTime:0.000194s ]
[ 2011-12-13T21:40:15-05:00 ] SQL: SELECT * FROM `ry_products_cat` WHERE cat_id=16 LIMIT 1  [ RunTime:0.000314s ]
[ 2011-12-13T21:40:15-05:00 ] SQL: SELECT * FROM `ry_products_cat` WHERE cat_id=26 LIMIT 1  [ RunTime:0.000260s ]
[ 2011-12-13T21:40:15-05:00 ] SQL: SELECT * FROM `ry_products_cat` WHERE cat_id=25 LIMIT 1  [ RunTime:0.000183s ]
[ 2011-12-13T21:40:15-05:00 ] SQL: SELECT * FROM `ry_products_cat` WHERE cat_id=24 LIMIT 1  [ RunTime:0.000187s ]
[ 2011-12-13T21:40:15-05:00 ] SQL: SELECT * FROM `ry_products_cat` WHERE cat_id=23 LIMIT 1  [ RunTime:0.000181s ]
[ 2011-12-13T21:40:15-05:00 ] SQL: SELECT * FROM `ry_products_cat` WHERE cat_id=22 LIMIT 1  [ RunTime:0.000196s ]
[ 2011-12-13T21:40:15-05:00 ] SQL: SELECT * FROM `ry_products_cat` WHERE cat_id=21 LIMIT 1  [ RunTime:0.000294s ]
[ 2011-12-13T21:40:15-05:00 ] SQL: SELECT * FROM `ry_products_cat` WHERE cat_id=20 LIMIT 1  [ RunTime:0.000226s ]
[ 2011-12-13T21:40:15-05:00 ] SQL: SELECT * FROM `ry_products_cat` WHERE cat_id=19 LIMIT 1  [ RunTime:0.000212s ]
[ 2011-12-13T21:40:15-05:00 ] SQL: SELECT * FROM `ry_products_cat` WHERE cat_id=18 LIMIT 1  [ RunTime:0.000177s ]
[ 2011-12-13T21:40:15-05:00 ] NOTIC: [8] Undefined variable: msg 54d61eb4eafecfef775e4a103813da8e.php 第 55 行.
[ 2011-12-13T21:40:15-05:00 ] NOTIC: [8] Undefined variable: msg 54d61eb4eafecfef775e4a103813da8e.php 第 120 行.
[ 2011-12-13T21:40:15-05:00 ] NOTIC: [8] Undefined variable: msg 54d61eb4eafecfef775e4a103813da8e.php 第 120 行.
[ 2011-12-13T21:44:02-05:00 ] SQL: SHOW COLUMNS FROM `ry_products_cat` [ RunTime:0.003994s ]
[ 2011-12-13T21:44:02-05:00 ] SQL: SELECT * FROM `ry_products_cat` ORDER BY parent_id asc [ RunTime:0.000566s ]
[ 2011-12-13T21:44:02-05:00 ] SQL: SELECT * FROM `ry_products_cat` WHERE cat_id=0 LIMIT 1  [ RunTime:0.000283s ]
[ 2011-12-13T21:44:02-05:00 ] SQL: SELECT * FROM `ry_products_cat` WHERE cat_id=67 LIMIT 1  [ RunTime:0.000217s ]
[ 2011-12-13T21:44:02-05:00 ] SQL: SELECT * FROM `ry_products_cat` WHERE cat_id=37 LIMIT 1  [ RunTime:0.000188s ]
[ 2011-12-13T21:44:02-05:00 ] SQL: SELECT * FROM `ry_products_cat` WHERE cat_id=36 LIMIT 1  [ RunTime:0.000232s ]
[ 2011-12-13T21:44:02-05:00 ] SQL: SELECT * FROM `ry_products_cat` WHERE cat_id=35 LIMIT 1  [ RunTime:0.000242s ]
[ 2011-12-13T21:44:02-05:00 ] SQL: SELECT * FROM `ry_products_cat` WHERE cat_id=34 LIMIT 1  [ RunTime:0.000182s ]
[ 2011-12-13T21:44:02-05:00 ] SQL: SELECT * FROM `ry_products_cat` WHERE cat_id=33 LIMIT 1  [ RunTime:0.000184s ]
[ 2011-12-13T21:44:02-05:00 ] SQL: SELECT * FROM `ry_products_cat` WHERE cat_id=32 LIMIT 1  [ RunTime:0.000163s ]
[ 2011-12-13T21:44:02-05:00 ] SQL: SELECT * FROM `ry_products_cat` WHERE cat_id=31 LIMIT 1  [ RunTime:0.000182s ]
[ 2011-12-13T21:44:02-05:00 ] SQL: SELECT * FROM `ry_products_cat` WHERE cat_id=30 LIMIT 1  [ RunTime:0.000179s ]
[ 2011-12-13T21:44:02-05:00 ] SQL: SELECT * FROM `ry_products_cat` WHERE cat_id=38 LIMIT 1  [ RunTime:0.000189s ]
[ 2011-12-13T21:44:02-05:00 ] SQL: SELECT * FROM `ry_products_cat` WHERE cat_id=39 LIMIT 1  [ RunTime:0.000210s ]
[ 2011-12-13T21:44:02-05:00 ] SQL: SELECT * FROM `ry_products_cat` WHERE cat_id=40 LIMIT 1  [ RunTime:0.000180s ]
[ 2011-12-13T21:44:02-05:00 ] SQL: SELECT * FROM `ry_products_cat` WHERE cat_id=48 LIMIT 1  [ RunTime:0.000188s ]
[ 2011-12-13T21:44:02-05:00 ] SQL: SELECT * FROM `ry_products_cat` WHERE cat_id=47 LIMIT 1  [ RunTime:0.000180s ]
[ 2011-12-13T21:44:02-05:00 ] SQL: SELECT * FROM `ry_products_cat` WHERE cat_id=46 LIMIT 1  [ RunTime:0.000280s ]
[ 2011-12-13T21:44:02-05:00 ] SQL: SELECT * FROM `ry_products_cat` WHERE cat_id=45 LIMIT 1  [ RunTime:0.000367s ]
[ 2011-12-13T21:44:02-05:00 ] SQL: SELECT * FROM `ry_products_cat` WHERE cat_id=44 LIMIT 1  [ RunTime:0.000298s ]
[ 2011-12-13T21:44:02-05:00 ] SQL: SELECT * FROM `ry_products_cat` WHERE cat_id=43 LIMIT 1  [ RunTime:0.000200s ]
[ 2011-12-13T21:44:02-05:00 ] SQL: SELECT * FROM `ry_products_cat` WHERE cat_id=42 LIMIT 1  [ RunTime:0.000194s ]
[ 2011-12-13T21:44:02-05:00 ] SQL: SELECT * FROM `ry_products_cat` WHERE cat_id=41 LIMIT 1  [ RunTime:0.000182s ]
[ 2011-12-13T21:44:02-05:00 ] SQL: SELECT * FROM `ry_products_cat` WHERE cat_id=29 LIMIT 1  [ RunTime:0.000172s ]
[ 2011-12-13T21:44:02-05:00 ] SQL: SELECT * FROM `ry_products_cat` WHERE cat_id=28 LIMIT 1  [ RunTime:0.000170s ]
[ 2011-12-13T21:44:02-05:00 ] SQL: SELECT * FROM `ry_products_cat` WHERE cat_id=27 LIMIT 1  [ RunTime:0.000252s ]
[ 2011-12-13T21:44:02-05:00 ] SQL: SELECT * FROM `ry_products_cat` WHERE cat_id=14 LIMIT 1  [ RunTime:0.000370s ]
[ 2011-12-13T21:44:02-05:00 ] SQL: SELECT * FROM `ry_products_cat` WHERE cat_id=13 LIMIT 1  [ RunTime:0.000199s ]
[ 2011-12-13T21:44:02-05:00 ] SQL: SELECT * FROM `ry_products_cat` WHERE cat_id=12 LIMIT 1  [ RunTime:0.000191s ]
[ 2011-12-13T21:44:02-05:00 ] SQL: SELECT * FROM `ry_products_cat` WHERE cat_id=11 LIMIT 1  [ RunTime:0.000225s ]
[ 2011-12-13T21:44:02-05:00 ] SQL: SELECT * FROM `ry_products_cat` WHERE cat_id=10 LIMIT 1  [ RunTime:0.000256s ]
[ 2011-12-13T21:44:02-05:00 ] SQL: SELECT * FROM `ry_products_cat` WHERE cat_id=62 LIMIT 1  [ RunTime:0.000202s ]
[ 2011-12-13T21:44:02-05:00 ] SQL: SELECT * FROM `ry_products_cat` WHERE cat_id=64 LIMIT 1  [ RunTime:0.000295s ]
[ 2011-12-13T21:44:02-05:00 ] SQL: SELECT * FROM `ry_products_cat` WHERE cat_id=65 LIMIT 1  [ RunTime:0.000196s ]
[ 2011-12-13T21:44:02-05:00 ] SQL: SELECT * FROM `ry_products_cat` WHERE cat_id=66 LIMIT 1  [ RunTime:0.000204s ]
[ 2011-12-13T21:44:02-05:00 ] SQL: SELECT * FROM `ry_products_cat` WHERE cat_id=63 LIMIT 1  [ RunTime:0.000178s ]
[ 2011-12-13T21:44:02-05:00 ] SQL: SELECT * FROM `ry_products_cat` WHERE cat_id=9 LIMIT 1  [ RunTime:0.000173s ]
[ 2011-12-13T21:44:02-05:00 ] SQL: SELECT * FROM `ry_products_cat` WHERE cat_id=61 LIMIT 1  [ RunTime:0.000170s ]
[ 2011-12-13T21:44:02-05:00 ] SQL: SELECT * FROM `ry_products_cat` WHERE cat_id=59 LIMIT 1  [ RunTime:0.000190s ]
[ 2011-12-13T21:44:02-05:00 ] SQL: SELECT * FROM `ry_products_cat` WHERE cat_id=58 LIMIT 1  [ RunTime:0.000173s ]
[ 2011-12-13T21:44:02-05:00 ] SQL: SELECT * FROM `ry_products_cat` WHERE cat_id=57 LIMIT 1  [ RunTime:0.000192s ]
[ 2011-12-13T21:44:02-05:00 ] SQL: SELECT * FROM `ry_products_cat` WHERE cat_id=60 LIMIT 1  [ RunTime:0.000175s ]
[ 2011-12-13T21:44:02-05:00 ] SQL: SELECT * FROM `ry_products_cat` WHERE cat_id=54 LIMIT 1  [ RunTime:0.000176s ]
[ 2011-12-13T21:44:02-05:00 ] SQL: SELECT * FROM `ry_products_cat` WHERE cat_id=55 LIMIT 1  [ RunTime:0.000309s ]
[ 2011-12-13T21:44:02-05:00 ] SQL: SELECT * FROM `ry_products_cat` WHERE cat_id=56 LIMIT 1  [ RunTime:0.000199s ]
[ 2011-12-13T21:44:02-05:00 ] SQL: SELECT * FROM `ry_products_cat` WHERE cat_id=8 LIMIT 1  [ RunTime:0.000237s ]
[ 2011-12-13T21:44:02-05:00 ] SQL: SELECT * FROM `ry_products_cat` WHERE cat_id=49 LIMIT 1  [ RunTime:0.000171s ]
[ 2011-12-13T21:44:02-05:00 ] SQL: SELECT * FROM `ry_products_cat` WHERE cat_id=50 LIMIT 1  [ RunTime:0.000329s ]
[ 2011-12-13T21:44:02-05:00 ] SQL: SELECT * FROM `ry_products_cat` WHERE cat_id=51 LIMIT 1  [ RunTime:0.000200s ]
[ 2011-12-13T21:44:02-05:00 ] SQL: SELECT * FROM `ry_products_cat` WHERE cat_id=52 LIMIT 1  [ RunTime:0.000179s ]
[ 2011-12-13T21:44:02-05:00 ] SQL: SELECT * FROM `ry_products_cat` WHERE cat_id=53 LIMIT 1  [ RunTime:0.000182s ]
[ 2011-12-13T21:44:02-05:00 ] SQL: SELECT * FROM `ry_products_cat` WHERE cat_id=17 LIMIT 1  [ RunTime:0.000170s ]
[ 2011-12-13T21:44:02-05:00 ] SQL: SELECT * FROM `ry_products_cat` WHERE cat_id=15 LIMIT 1  [ RunTime:0.000255s ]
[ 2011-12-13T21:44:02-05:00 ] SQL: SELECT * FROM `ry_products_cat` WHERE cat_id=16 LIMIT 1  [ RunTime:0.000256s ]
[ 2011-12-13T21:44:02-05:00 ] SQL: SELECT * FROM `ry_products_cat` WHERE cat_id=26 LIMIT 1  [ RunTime:0.000178s ]
[ 2011-12-13T21:44:02-05:00 ] SQL: SELECT * FROM `ry_products_cat` WHERE cat_id=25 LIMIT 1  [ RunTime:0.000194s ]
[ 2011-12-13T21:44:02-05:00 ] SQL: SELECT * FROM `ry_products_cat` WHERE cat_id=24 LIMIT 1  [ RunTime:0.000172s ]
[ 2011-12-13T21:44:02-05:00 ] SQL: SELECT * FROM `ry_products_cat` WHERE cat_id=23 LIMIT 1  [ RunTime:0.000189s ]
[ 2011-12-13T21:44:02-05:00 ] SQL: SELECT * FROM `ry_products_cat` WHERE cat_id=22 LIMIT 1  [ RunTime:0.000170s ]
[ 2011-12-13T21:44:02-05:00 ] SQL: SELECT * FROM `ry_products_cat` WHERE cat_id=21 LIMIT 1  [ RunTime:0.000198s ]
[ 2011-12-13T21:44:02-05:00 ] SQL: SELECT * FROM `ry_products_cat` WHERE cat_id=20 LIMIT 1  [ RunTime:0.000244s ]
[ 2011-12-13T21:44:02-05:00 ] SQL: SELECT * FROM `ry_products_cat` WHERE cat_id=19 LIMIT 1  [ RunTime:0.000180s ]
[ 2011-12-13T21:44:02-05:00 ] SQL: SELECT * FROM `ry_products_cat` WHERE cat_id=18 LIMIT 1  [ RunTime:0.000234s ]
[ 2011-12-13T21:44:02-05:00 ] NOTIC: [8] Undefined variable: msg 54d61eb4eafecfef775e4a103813da8e.php 第 55 行.
[ 2011-12-13T21:44:02-05:00 ] NOTIC: [8] Undefined variable: msg 54d61eb4eafecfef775e4a103813da8e.php 第 120 行.
[ 2011-12-13T21:44:02-05:00 ] NOTIC: [8] Undefined variable: msg 54d61eb4eafecfef775e4a103813da8e.php 第 120 行.
[ 2011-12-13T21:44:21-05:00 ] SQL: SHOW COLUMNS FROM `ry_products_cat` [ RunTime:0.004019s ]
[ 2011-12-13T21:44:21-05:00 ] SQL: SELECT * FROM `ry_products_cat` WHERE ( `is_show` = '1' ) ORDER BY parent_id asc [ RunTime:0.000680s ]
[ 2011-12-13T21:44:21-05:00 ] SQL: SELECT * FROM `ry_products_cat` WHERE ( `cat_id` = '37' ) LIMIT 1  [ RunTime:0.000281s ]
[ 2011-12-13T21:44:21-05:00 ] NOTIC: [8] Undefined variable: msg 5b1d4ccd6d731aad92baf79ff4862f1e.php 第 55 行.
[ 2011-12-13T21:44:21-05:00 ] NOTIC: [8] Undefined variable: msg 5b1d4ccd6d731aad92baf79ff4862f1e.php 第 120 行.
[ 2011-12-13T21:44:21-05:00 ] NOTIC: [8] Undefined variable: msg 5b1d4ccd6d731aad92baf79ff4862f1e.php 第 120 行.
[ 2011-12-13T21:47:15-05:00 ] SQL: SHOW COLUMNS FROM `ry_products_cat` [ RunTime:0.004277s ]
[ 2011-12-13T21:47:15-05:00 ] SQL: SELECT * FROM `ry_products_cat` WHERE ( `is_show` = '1' ) ORDER BY parent_id asc [ RunTime:0.000743s ]
[ 2011-12-13T21:47:15-05:00 ] SQL: SELECT * FROM `ry_products_cat` WHERE ( `cat_id` = '67' ) LIMIT 1  [ RunTime:0.000255s ]
[ 2011-12-13T21:47:15-05:00 ] NOTIC: [8] Undefined variable: msg 5b1d4ccd6d731aad92baf79ff4862f1e.php 第 55 行.
[ 2011-12-13T21:47:15-05:00 ] NOTIC: [8] Undefined variable: msg 5b1d4ccd6d731aad92baf79ff4862f1e.php 第 120 行.
[ 2011-12-13T21:47:15-05:00 ] NOTIC: [8] Undefined variable: msg 5b1d4ccd6d731aad92baf79ff4862f1e.php 第 120 行.
[ 2011-12-13T21:47:20-05:00 ] SQL: SHOW COLUMNS FROM `ry_products_cat` [ RunTime:0.003802s ]
[ 2011-12-13T21:47:20-05:00 ] SQL: SELECT * FROM `ry_products_cat` WHERE ( `is_show` = '1' ) ORDER BY parent_id asc [ RunTime:0.000668s ]
[ 2011-12-13T21:47:20-05:00 ] SQL: SELECT * FROM `ry_products_cat` WHERE ( `cat_id` = '67' ) LIMIT 1  [ RunTime:0.000345s ]
[ 2011-12-13T21:47:21-05:00 ] NOTIC: [8] Undefined variable: msg 5b1d4ccd6d731aad92baf79ff4862f1e.php 第 55 行.
[ 2011-12-13T21:47:21-05:00 ] NOTIC: [8] Undefined variable: msg 5b1d4ccd6d731aad92baf79ff4862f1e.php 第 120 行.
[ 2011-12-13T21:47:21-05:00 ] NOTIC: [8] Undefined variable: msg 5b1d4ccd6d731aad92baf79ff4862f1e.php 第 120 行.
[ 2011-12-13T21:47:34-05:00 ] SQL: SHOW COLUMNS FROM `ry_products` [ RunTime:0.005354s ]
[ 2011-12-13T21:47:34-05:00 ] SQL: SELECT * FROM `ry_products` [ RunTime:0.000451s ]
[ 2011-12-13T21:47:34-05:00 ] NOTIC: [8] Undefined index: info f3fff2b5c97ac42f78439ba97dbcdcda.php 第 120 行.
[ 2011-12-13T21:47:34-05:00 ] NOTIC: [8] Undefined index: info f3fff2b5c97ac42f78439ba97dbcdcda.php 第 120 行.
[ 2011-12-13T21:47:34-05:00 ] NOTIC: [8] Undefined index: cat_id f3fff2b5c97ac42f78439ba97dbcdcda.php 第 165 行.
[ 2011-12-13T21:47:34-05:00 ] NOTIC: [8] Undefined index: catlang_id f3fff2b5c97ac42f78439ba97dbcdcda.php 第 165 行.
[ 2011-12-13T21:47:34-05:00 ] NOTIC: [8] Undefined index: cat_id f3fff2b5c97ac42f78439ba97dbcdcda.php 第 165 行.
[ 2011-12-13T21:47:34-05:00 ] NOTIC: [8] Undefined index: catlang_id f3fff2b5c97ac42f78439ba97dbcdcda.php 第 165 行.
[ 2011-12-13T21:47:34-05:00 ] NOTIC: [8] Undefined index: cat_id f3fff2b5c97ac42f78439ba97dbcdcda.php 第 165 行.
[ 2011-12-13T21:47:34-05:00 ] NOTIC: [8] Undefined index: catlang_id f3fff2b5c97ac42f78439ba97dbcdcda.php 第 165 行.
[ 2011-12-13T21:47:34-05:00 ] NOTIC: [8] Undefined index: cat_id f3fff2b5c97ac42f78439ba97dbcdcda.php 第 165 行.
[ 2011-12-13T21:47:34-05:00 ] NOTIC: [8] Undefined index: catlang_id f3fff2b5c97ac42f78439ba97dbcdcda.php 第 165 行.
[ 2011-12-13T21:47:34-05:00 ] NOTIC: [8] Undefined index: cat_id f3fff2b5c97ac42f78439ba97dbcdcda.php 第 165 行.
[ 2011-12-13T21:47:34-05:00 ] NOTIC: [8] Undefined index: catlang_id f3fff2b5c97ac42f78439ba97dbcdcda.php 第 165 行.
[ 2011-12-13T21:47:34-05:00 ] NOTIC: [8] Undefined index: cat_id f3fff2b5c97ac42f78439ba97dbcdcda.php 第 165 行.
[ 2011-12-13T21:47:34-05:00 ] NOTIC: [8] Undefined index: catlang_id f3fff2b5c97ac42f78439ba97dbcdcda.php 第 165 行.
[ 2011-12-13T21:47:34-05:00 ] NOTIC: [8] Undefined index: cat_id f3fff2b5c97ac42f78439ba97dbcdcda.php 第 165 行.
[ 2011-12-13T21:47:34-05:00 ] NOTIC: [8] Undefined index: catlang_id f3fff2b5c97ac42f78439ba97dbcdcda.php 第 165 行.
[ 2011-12-13T21:47:34-05:00 ] NOTIC: [8] Undefined index: cat_id f3fff2b5c97ac42f78439ba97dbcdcda.php 第 165 行.
[ 2011-12-13T21:47:34-05:00 ] NOTIC: [8] Undefined index: catlang_id f3fff2b5c97ac42f78439ba97dbcdcda.php 第 165 行.
[ 2011-12-13T21:47:34-05:00 ] NOTIC: [8] Undefined index: cat_id f3fff2b5c97ac42f78439ba97dbcdcda.php 第 165 行.
[ 2011-12-13T21:47:34-05:00 ] NOTIC: [8] Undefined index: catlang_id f3fff2b5c97ac42f78439ba97dbcdcda.php 第 165 行.
[ 2011-12-13T21:47:42-05:00 ] NOTIC: [8] Undefined variable: msg b99f012f7b218c595b5aa07f55e33732.php 第 55 行.
[ 2011-12-13T21:47:42-05:00 ] NOTIC: [8] Undefined variable: msg b99f012f7b218c595b5aa07f55e33732.php 第 120 行.
[ 2011-12-13T21:47:42-05:00 ] NOTIC: [8] Undefined variable: msg b99f012f7b218c595b5aa07f55e33732.php 第 120 行.
[ 2011-12-13T21:47:42-05:00 ] NOTIC: [8] Undefined variable: categoty b99f012f7b218c595b5aa07f55e33732.php 第 180 行.
[ 2011-12-13T21:47:49-05:00 ] NOTIC: [8] Undefined variable: msg b99f012f7b218c595b5aa07f55e33732.php 第 55 行.
[ 2011-12-13T21:47:49-05:00 ] NOTIC: [8] Undefined variable: msg b99f012f7b218c595b5aa07f55e33732.php 第 120 行.
[ 2011-12-13T21:47:49-05:00 ] NOTIC: [8] Undefined variable: msg b99f012f7b218c595b5aa07f55e33732.php 第 120 行.
[ 2011-12-13T21:47:49-05:00 ] NOTIC: [8] Undefined variable: categoty b99f012f7b218c595b5aa07f55e33732.php 第 180 行.
[ 2011-12-13T21:50:17-05:00 ] SQL: SHOW COLUMNS FROM `ry_products_cat` [ RunTime:0.004299s ]
[ 2011-12-13T21:50:17-05:00 ] SQL: SELECT * FROM `ry_products_cat` WHERE ( `is_show` = '1' ) ORDER BY parent_id asc [ RunTime:0.000731s ]
[ 2011-12-13T21:50:17-05:00 ] SQL: SHOW COLUMNS FROM `ry_products` [ RunTime:0.004101s ]
[ 2011-12-13T21:50:17-05:00 ] NOTIC: [8] Undefined variable: msg b99f012f7b218c595b5aa07f55e33732.php 第 55 行.
[ 2011-12-13T21:50:17-05:00 ] NOTIC: [8] Undefined variable: msg b99f012f7b218c595b5aa07f55e33732.php 第 120 行.
[ 2011-12-13T21:50:17-05:00 ] NOTIC: [8] Undefined variable: msg b99f012f7b218c595b5aa07f55e33732.php 第 120 行.
[ 2011-12-13T21:53:08-05:00 ] SQL: SHOW COLUMNS FROM `ry_products_cat` [ RunTime:0.003477s ]
[ 2011-12-13T21:53:08-05:00 ] SQL: SELECT * FROM `ry_products_cat` WHERE ( `is_show` = '1' ) ORDER BY parent_id asc [ RunTime:0.000755s ]
[ 2011-12-13T21:53:08-05:00 ] SQL: SHOW COLUMNS FROM `ry_products` [ RunTime:0.003682s ]
[ 2011-12-13T21:53:08-05:00 ] SQL: SELECT * FROM `ry_products` WHERE ( `pid` = '1' ) LIMIT 1  [ RunTime:0.000465s ]
[ 2011-12-13T21:53:08-05:00 ] NOTIC: [8] Undefined variable: msg b99f012f7b218c595b5aa07f55e33732.php 第 55 行.
[ 2011-12-13T21:53:08-05:00 ] NOTIC: [8] Undefined variable: msg b99f012f7b218c595b5aa07f55e33732.php 第 120 行.
[ 2011-12-13T21:53:08-05:00 ] NOTIC: [8] Undefined variable: msg b99f012f7b218c595b5aa07f55e33732.php 第 120 行.
[ 2011-12-13T21:53:08-05:00 ] NOTIC: [8] Undefined variable: data b99f012f7b218c595b5aa07f55e33732.php 第 166 行.
[ 2011-12-13T21:53:34-05:00 ] SQL: SHOW COLUMNS FROM `ry_products_cat` [ RunTime:0.003498s ]
[ 2011-12-13T21:53:34-05:00 ] SQL: SELECT * FROM `ry_products_cat` WHERE ( `is_show` = '1' ) ORDER BY parent_id asc [ RunTime:0.000606s ]
[ 2011-12-13T21:53:34-05:00 ] SQL: SHOW COLUMNS FROM `ry_products` [ RunTime:0.003692s ]
[ 2011-12-13T21:53:34-05:00 ] SQL: SELECT * FROM `ry_products` WHERE ( `pid` = '1' ) LIMIT 1  [ RunTime:0.000360s ]
[ 2011-12-13T21:53:34-05:00 ] NOTIC: [8] Undefined variable: msg b99f012f7b218c595b5aa07f55e33732.php 第 55 行.
[ 2011-12-13T21:53:34-05:00 ] NOTIC: [8] Undefined variable: msg b99f012f7b218c595b5aa07f55e33732.php 第 120 行.
[ 2011-12-13T21:53:34-05:00 ] NOTIC: [8] Undefined variable: msg b99f012f7b218c595b5aa07f55e33732.php 第 120 行.
[ 2011-12-13T21:55:35-05:00 ] SQL: SHOW COLUMNS FROM `ry_products_cat` [ RunTime:0.003513s ]
[ 2011-12-13T21:55:35-05:00 ] SQL: SELECT * FROM `ry_products_cat` WHERE ( `is_show` = '1' ) ORDER BY parent_id asc [ RunTime:0.000622s ]
[ 2011-12-13T21:55:35-05:00 ] SQL: SHOW COLUMNS FROM `ry_products` [ RunTime:0.003553s ]
[ 2011-12-13T21:55:35-05:00 ] SQL: SELECT * FROM `ry_products` WHERE ( `pid` = '1' ) LIMIT 1  [ RunTime:0.000367s ]
[ 2011-12-13T21:55:35-05:00 ] NOTIC: [8] Undefined variable: msg b99f012f7b218c595b5aa07f55e33732.php 第 55 行.
[ 2011-12-13T21:55:35-05:00 ] NOTIC: [8] Undefined variable: msg b99f012f7b218c595b5aa07f55e33732.php 第 120 行.
[ 2011-12-13T21:55:35-05:00 ] NOTIC: [8] Undefined variable: msg b99f012f7b218c595b5aa07f55e33732.php 第 120 行.
[ 2011-12-13T21:55:42-05:00 ] SQL: SHOW COLUMNS FROM `ry_products` [ RunTime:0.003835s ]
[ 2011-12-13T21:55:42-05:00 ] SQL: SELECT * FROM `ry_products` [ RunTime:0.000415s ]
[ 2011-12-13T21:55:42-05:00 ] NOTIC: [8] Undefined index: info f3fff2b5c97ac42f78439ba97dbcdcda.php 第 120 行.
[ 2011-12-13T21:55:42-05:00 ] NOTIC: [8] Undefined index: info f3fff2b5c97ac42f78439ba97dbcdcda.php 第 120 行.
[ 2011-12-13T21:55:42-05:00 ] NOTIC: [8] Undefined index: cat_id f3fff2b5c97ac42f78439ba97dbcdcda.php 第 165 行.
[ 2011-12-13T21:55:42-05:00 ] NOTIC: [8] Undefined index: catlang_id f3fff2b5c97ac42f78439ba97dbcdcda.php 第 165 行.
[ 2011-12-13T21:55:42-05:00 ] NOTIC: [8] Undefined index: cat_id f3fff2b5c97ac42f78439ba97dbcdcda.php 第 165 行.
[ 2011-12-13T21:55:42-05:00 ] NOTIC: [8] Undefined index: catlang_id f3fff2b5c97ac42f78439ba97dbcdcda.php 第 165 行.
[ 2011-12-13T21:55:42-05:00 ] NOTIC: [8] Undefined index: cat_id f3fff2b5c97ac42f78439ba97dbcdcda.php 第 165 行.
[ 2011-12-13T21:55:42-05:00 ] NOTIC: [8] Undefined index: catlang_id f3fff2b5c97ac42f78439ba97dbcdcda.php 第 165 行.
[ 2011-12-13T21:55:42-05:00 ] NOTIC: [8] Undefined index: cat_id f3fff2b5c97ac42f78439ba97dbcdcda.php 第 165 行.
[ 2011-12-13T21:55:42-05:00 ] NOTIC: [8] Undefined index: catlang_id f3fff2b5c97ac42f78439ba97dbcdcda.php 第 165 行.
[ 2011-12-13T21:55:42-05:00 ] NOTIC: [8] Undefined index: cat_id f3fff2b5c97ac42f78439ba97dbcdcda.php 第 165 行.
[ 2011-12-13T21:55:42-05:00 ] NOTIC: [8] Undefined index: catlang_id f3fff2b5c97ac42f78439ba97dbcdcda.php 第 165 行.
[ 2011-12-13T21:55:42-05:00 ] NOTIC: [8] Undefined index: cat_id f3fff2b5c97ac42f78439ba97dbcdcda.php 第 165 行.
[ 2011-12-13T21:55:42-05:00 ] NOTIC: [8] Undefined index: catlang_id f3fff2b5c97ac42f78439ba97dbcdcda.php 第 165 行.
[ 2011-12-13T21:55:42-05:00 ] NOTIC: [8] Undefined index: cat_id f3fff2b5c97ac42f78439ba97dbcdcda.php 第 165 行.
[ 2011-12-13T21:55:42-05:00 ] NOTIC: [8] Undefined index: catlang_id f3fff2b5c97ac42f78439ba97dbcdcda.php 第 165 行.
[ 2011-12-13T21:55:42-05:00 ] NOTIC: [8] Undefined index: cat_id f3fff2b5c97ac42f78439ba97dbcdcda.php 第 165 行.
[ 2011-12-13T21:55:42-05:00 ] NOTIC: [8] Undefined index: catlang_id f3fff2b5c97ac42f78439ba97dbcdcda.php 第 165 行.
[ 2011-12-13T21:55:42-05:00 ] NOTIC: [8] Undefined index: cat_id f3fff2b5c97ac42f78439ba97dbcdcda.php 第 165 行.
[ 2011-12-13T21:55:42-05:00 ] NOTIC: [8] Undefined index: catlang_id f3fff2b5c97ac42f78439ba97dbcdcda.php 第 165 行.
[ 2011-12-13T21:55:48-05:00 ] SQL: SHOW COLUMNS FROM `ry_products_cat` [ RunTime:0.003565s ]
[ 2011-12-13T21:55:48-05:00 ] SQL: SELECT * FROM `ry_products_cat` WHERE ( `is_show` = '1' ) ORDER BY parent_id asc [ RunTime:0.000628s ]
[ 2011-12-13T21:55:48-05:00 ] SQL: SHOW COLUMNS FROM `ry_products` [ RunTime:0.003765s ]
[ 2011-12-13T21:55:48-05:00 ] SQL: SELECT * FROM `ry_products` WHERE ( `pid` = '8' ) LIMIT 1  [ RunTime:0.000410s ]
[ 2011-12-13T21:55:48-05:00 ] NOTIC: [8] Undefined variable: msg b99f012f7b218c595b5aa07f55e33732.php 第 55 行.
[ 2011-12-13T21:55:48-05:00 ] NOTIC: [8] Undefined variable: msg b99f012f7b218c595b5aa07f55e33732.php 第 120 行.
[ 2011-12-13T21:55:48-05:00 ] NOTIC: [8] Undefined variable: msg b99f012f7b218c595b5aa07f55e33732.php 第 120 行.
[ 2011-12-13T21:56:00-05:00 ] SQL: SHOW COLUMNS FROM `ry_products_cat` [ RunTime:0.003772s ]
[ 2011-12-13T21:56:00-05:00 ] SQL: SELECT * FROM `ry_products_cat` WHERE ( `is_show` = '1' ) ORDER BY parent_id asc [ RunTime:0.000569s ]
[ 2011-12-13T21:56:00-05:00 ] SQL: SHOW COLUMNS FROM `ry_products` [ RunTime:0.003886s ]
[ 2011-12-13T21:56:00-05:00 ] SQL: SELECT * FROM `ry_products` WHERE ( `pid` = '4' ) LIMIT 1  [ RunTime:0.000443s ]
[ 2011-12-13T21:56:00-05:00 ] NOTIC: [8] Undefined variable: msg b99f012f7b218c595b5aa07f55e33732.php 第 55 行.
[ 2011-12-13T21:56:00-05:00 ] NOTIC: [8] Undefined variable: msg b99f012f7b218c595b5aa07f55e33732.php 第 120 行.
[ 2011-12-13T21:56:00-05:00 ] NOTIC: [8] Undefined variable: msg b99f012f7b218c595b5aa07f55e33732.php 第 120 行.
[ 2011-12-13T21:56:39-05:00 ] SQL: SHOW COLUMNS FROM `ry_products_cat` [ RunTime:0.003812s ]
[ 2011-12-13T21:56:39-05:00 ] SQL: SELECT * FROM `ry_products_cat` WHERE ( `is_show` = '1' ) ORDER BY parent_id asc [ RunTime:0.000716s ]
[ 2011-12-13T21:56:39-05:00 ] SQL: SHOW COLUMNS FROM `ry_products` [ RunTime:0.003866s ]
[ 2011-12-13T21:56:39-05:00 ] SQL: SELECT * FROM `ry_products` WHERE ( `pid` = '4' ) LIMIT 1  [ RunTime:0.000519s ]
[ 2011-12-13T21:56:39-05:00 ] NOTIC: [8] Undefined variable: msg b99f012f7b218c595b5aa07f55e33732.php 第 55 行.
[ 2011-12-13T21:56:39-05:00 ] NOTIC: [8] Undefined variable: msg b99f012f7b218c595b5aa07f55e33732.php 第 120 行.
[ 2011-12-13T21:56:39-05:00 ] NOTIC: [8] Undefined variable: msg b99f012f7b218c595b5aa07f55e33732.php 第 120 行.
[ 2011-12-13T21:56:58-05:00 ] SQL: SHOW COLUMNS FROM `ry_products_cat` [ RunTime:0.003372s ]
[ 2011-12-13T21:56:58-05:00 ] SQL: SELECT * FROM `ry_products_cat` WHERE ( `is_show` = '1' ) ORDER BY parent_id asc [ RunTime:0.000638s ]
[ 2011-12-13T21:56:58-05:00 ] SQL: SHOW COLUMNS FROM `ry_products` [ RunTime:0.003624s ]
[ 2011-12-13T21:56:58-05:00 ] SQL: SELECT * FROM `ry_products` WHERE ( `pid` = '4' ) LIMIT 1  [ RunTime:0.000583s ]
[ 2011-12-13T21:56:58-05:00 ] NOTIC: [8] Undefined variable: msg b99f012f7b218c595b5aa07f55e33732.php 第 55 行.
[ 2011-12-13T21:56:58-05:00 ] NOTIC: [8] Undefined variable: msg b99f012f7b218c595b5aa07f55e33732.php 第 120 行.
[ 2011-12-13T21:56:58-05:00 ] NOTIC: [8] Undefined variable: msg b99f012f7b218c595b5aa07f55e33732.php 第 120 行.
[ 2011-12-13T21:57:02-05:00 ] SQL: SHOW COLUMNS FROM `ry_products_cat` [ RunTime:0.003591s ]
[ 2011-12-13T21:57:02-05:00 ] SQL: SELECT * FROM `ry_products_cat` WHERE ( `is_show` = '1' ) ORDER BY parent_id asc [ RunTime:0.000581s ]
[ 2011-12-13T21:57:02-05:00 ] SQL: SHOW COLUMNS FROM `ry_products` [ RunTime:0.003648s ]
[ 2011-12-13T21:57:02-05:00 ] SQL: SELECT * FROM `ry_products` WHERE ( `pid` = '1' ) LIMIT 1  [ RunTime:0.000434s ]
[ 2011-12-13T21:57:02-05:00 ] NOTIC: [8] Undefined variable: msg b99f012f7b218c595b5aa07f55e33732.php 第 55 行.
[ 2011-12-13T21:57:02-05:00 ] NOTIC: [8] Undefined variable: msg b99f012f7b218c595b5aa07f55e33732.php 第 120 行.
[ 2011-12-13T21:57:02-05:00 ] NOTIC: [8] Undefined variable: msg b99f012f7b218c595b5aa07f55e33732.php 第 120 行.
[ 2011-12-13T22:00:10-05:00 ] SQL: SHOW COLUMNS FROM `ry_products_cat` [ RunTime:0.003646s ]
[ 2011-12-13T22:00:10-05:00 ] SQL: SELECT * FROM `ry_products_cat` WHERE ( `is_show` = '1' ) ORDER BY parent_id asc [ RunTime:0.000662s ]
[ 2011-12-13T22:00:10-05:00 ] SQL: SHOW COLUMNS FROM `ry_products` [ RunTime:0.003858s ]
[ 2011-12-13T22:00:10-05:00 ] SQL: SELECT * FROM `ry_products` WHERE ( `pid` = '1' ) LIMIT 1  [ RunTime:0.000459s ]
[ 2011-12-13T22:00:10-05:00 ] NOTIC: [8] Undefined variable: msg b99f012f7b218c595b5aa07f55e33732.php 第 55 行.
[ 2011-12-13T22:00:10-05:00 ] NOTIC: [8] Undefined variable: msg b99f012f7b218c595b5aa07f55e33732.php 第 120 行.
[ 2011-12-13T22:00:10-05:00 ] NOTIC: [8] Undefined variable: msg b99f012f7b218c595b5aa07f55e33732.php 第 120 行.
[ 2011-12-13T22:03:15-05:00 ] SQL: SHOW COLUMNS FROM `ry_products_cat` [ RunTime:0.004123s ]
[ 2011-12-13T22:03:15-05:00 ] SQL: SELECT * FROM `ry_products_cat` WHERE ( `is_show` = '1' ) ORDER BY parent_id asc [ RunTime:0.000737s ]
[ 2011-12-13T22:03:15-05:00 ] SQL: SHOW COLUMNS FROM `ry_products` [ RunTime:0.004157s ]
[ 2011-12-13T22:03:15-05:00 ] SQL: SELECT * FROM `ry_products` WHERE ( `pid` = '1' ) LIMIT 1  [ RunTime:0.000360s ]
[ 2011-12-13T22:03:15-05:00 ] NOTIC: [8] Undefined variable: msg b99f012f7b218c595b5aa07f55e33732.php 第 55 行.
[ 2011-12-13T22:03:15-05:00 ] NOTIC: [8] Undefined variable: msg b99f012f7b218c595b5aa07f55e33732.php 第 120 行.
[ 2011-12-13T22:03:15-05:00 ] NOTIC: [8] Undefined variable: msg b99f012f7b218c595b5aa07f55e33732.php 第 120 行.
[ 2011-12-13T22:03:50-05:00 ] SQL: SHOW COLUMNS FROM `ry_products_cat` [ RunTime:0.003551s ]
[ 2011-12-13T22:03:50-05:00 ] SQL: SELECT * FROM `ry_products_cat` WHERE ( `is_show` = '1' ) ORDER BY parent_id asc [ RunTime:0.000616s ]
[ 2011-12-13T22:03:50-05:00 ] SQL: SHOW COLUMNS FROM `ry_products` [ RunTime:0.003694s ]
[ 2011-12-13T22:03:50-05:00 ] SQL: SELECT * FROM `ry_products` WHERE ( `pid` = '1' ) LIMIT 1  [ RunTime:0.000321s ]
[ 2011-12-13T22:03:50-05:00 ] NOTIC: [8] Undefined variable: msg b99f012f7b218c595b5aa07f55e33732.php 第 55 行.
[ 2011-12-13T22:03:50-05:00 ] NOTIC: [8] Undefined variable: msg b99f012f7b218c595b5aa07f55e33732.php 第 120 行.
[ 2011-12-13T22:03:50-05:00 ] NOTIC: [8] Undefined variable: msg b99f012f7b218c595b5aa07f55e33732.php 第 120 行.
[ 2011-12-13T22:03:59-05:00 ] SQL: SHOW COLUMNS FROM `ry_products_cat` [ RunTime:0.003897s ]
[ 2011-12-13T22:03:59-05:00 ] SQL: SELECT * FROM `ry_products_cat` WHERE ( `is_show` = '1' ) ORDER BY parent_id asc [ RunTime:0.000596s ]
[ 2011-12-13T22:03:59-05:00 ] SQL: SHOW COLUMNS FROM `ry_products` [ RunTime:0.003808s ]
[ 2011-12-13T22:03:59-05:00 ] SQL: SELECT * FROM `ry_products` WHERE ( `pid` = '1' ) LIMIT 1  [ RunTime:0.000400s ]
[ 2011-12-13T22:03:59-05:00 ] NOTIC: [8] Undefined variable: msg b99f012f7b218c595b5aa07f55e33732.php 第 55 行.
[ 2011-12-13T22:03:59-05:00 ] NOTIC: [8] Undefined variable: msg b99f012f7b218c595b5aa07f55e33732.php 第 120 行.
[ 2011-12-13T22:03:59-05:00 ] NOTIC: [8] Undefined variable: msg b99f012f7b218c595b5aa07f55e33732.php 第 120 行.
[ 2011-12-13T22:04:10-05:00 ] SQL: SHOW COLUMNS FROM `ry_products_cat` [ RunTime:0.003718s ]
[ 2011-12-13T22:04:10-05:00 ] SQL: SELECT * FROM `ry_products_cat` WHERE ( `is_show` = '1' ) ORDER BY parent_id asc [ RunTime:0.000739s ]
[ 2011-12-13T22:04:10-05:00 ] SQL: SHOW COLUMNS FROM `ry_products` [ RunTime:0.003526s ]
[ 2011-12-13T22:04:10-05:00 ] SQL: SELECT * FROM `ry_products` WHERE ( `pid` = '1' ) LIMIT 1  [ RunTime:0.000423s ]
[ 2011-12-13T22:04:11-05:00 ] NOTIC: [8] Undefined variable: msg b99f012f7b218c595b5aa07f55e33732.php 第 55 行.
[ 2011-12-13T22:04:11-05:00 ] NOTIC: [8] Undefined variable: msg b99f012f7b218c595b5aa07f55e33732.php 第 120 行.
[ 2011-12-13T22:04:11-05:00 ] NOTIC: [8] Undefined variable: msg b99f012f7b218c595b5aa07f55e33732.php 第 120 行.
[ 2011-12-13T22:08:44-05:00 ] SQL: SHOW COLUMNS FROM `ry_products_cat` [ RunTime:0.003460s ]
[ 2011-12-13T22:08:44-05:00 ] SQL: SELECT * FROM `ry_products_cat` WHERE ( `is_show` = '1' ) ORDER BY parent_id asc [ RunTime:0.000572s ]
[ 2011-12-13T22:08:44-05:00 ] SQL: SHOW COLUMNS FROM `ry_products` [ RunTime:0.003982s ]
[ 2011-12-13T22:08:44-05:00 ] SQL: SELECT * FROM `ry_products` WHERE ( `pid` = '1' ) LIMIT 1  [ RunTime:0.000368s ]
[ 2011-12-13T22:08:44-05:00 ] NOTIC: [8] Undefined variable: msg b99f012f7b218c595b5aa07f55e33732.php 第 55 行.
[ 2011-12-13T22:08:44-05:00 ] NOTIC: [8] Undefined variable: msg b99f012f7b218c595b5aa07f55e33732.php 第 120 行.
[ 2011-12-13T22:08:44-05:00 ] NOTIC: [8] Undefined variable: msg b99f012f7b218c595b5aa07f55e33732.php 第 120 行.
[ 2011-12-13T22:24:22-05:00 ] SQL: SHOW COLUMNS FROM `ry_products_cat` [ RunTime:0.005991s ]
[ 2011-12-13T22:24:22-05:00 ] SQL: SELECT * FROM `ry_products_cat` WHERE ( `is_show` = '1' ) ORDER BY parent_id asc [ RunTime:0.000684s ]
[ 2011-12-13T22:24:22-05:00 ] SQL: SHOW COLUMNS FROM `ry_products` [ RunTime:0.004491s ]
[ 2011-12-13T22:24:22-05:00 ] SQL: SELECT * FROM `ry_products` WHERE ( `pid` = '1' ) LIMIT 1  [ RunTime:0.000341s ]
[ 2011-12-13T22:24:22-05:00 ] NOTIC: [8] Undefined variable: msg b99f012f7b218c595b5aa07f55e33732.php 第 55 行.
[ 2011-12-13T22:24:22-05:00 ] NOTIC: [8] Undefined variable: msg b99f012f7b218c595b5aa07f55e33732.php 第 120 行.
[ 2011-12-13T22:24:22-05:00 ] NOTIC: [8] Undefined variable: msg b99f012f7b218c595b5aa07f55e33732.php 第 120 行.
[ 2011-12-13T22:25:33-05:00 ] SQL: SHOW COLUMNS FROM `ry_products_cat` [ RunTime:0.004353s ]
[ 2011-12-13T22:25:33-05:00 ] SQL: SELECT * FROM `ry_products_cat` WHERE ( `is_show` = '1' ) ORDER BY parent_id asc [ RunTime:0.000598s ]
[ 2011-12-13T22:25:33-05:00 ] SQL: SHOW COLUMNS FROM `ry_products` [ RunTime:0.004204s ]
[ 2011-12-13T22:25:33-05:00 ] SQL: SELECT * FROM `ry_products` WHERE ( `pid` = '1' ) LIMIT 1  [ RunTime:0.000352s ]
[ 2011-12-13T22:25:33-05:00 ] NOTIC: [8] Undefined variable: msg b99f012f7b218c595b5aa07f55e33732.php 第 55 行.
[ 2011-12-13T22:25:33-05:00 ] NOTIC: [8] Undefined variable: msg b99f012f7b218c595b5aa07f55e33732.php 第 120 行.
[ 2011-12-13T22:25:33-05:00 ] NOTIC: [8] Undefined variable: msg b99f012f7b218c595b5aa07f55e33732.php 第 120 行.
[ 2011-12-13T22:26:00-05:00 ] SQL: SHOW COLUMNS FROM `ry_products_cat` [ RunTime:0.004270s ]
[ 2011-12-13T22:26:00-05:00 ] SQL: SELECT * FROM `ry_products_cat` WHERE ( `is_show` = '1' ) ORDER BY parent_id asc [ RunTime:0.000655s ]
[ 2011-12-13T22:26:00-05:00 ] SQL: SHOW COLUMNS FROM `ry_products` [ RunTime:0.004252s ]
[ 2011-12-13T22:26:00-05:00 ] SQL: SELECT * FROM `ry_products` WHERE ( `pid` = '1' ) LIMIT 1  [ RunTime:0.000349s ]
[ 2011-12-13T22:26:00-05:00 ] NOTIC: [8] Undefined variable: msg b99f012f7b218c595b5aa07f55e33732.php 第 55 行.
[ 2011-12-13T22:26:00-05:00 ] NOTIC: [8] Undefined variable: msg b99f012f7b218c595b5aa07f55e33732.php 第 120 行.
[ 2011-12-13T22:26:00-05:00 ] NOTIC: [8] Undefined variable: msg b99f012f7b218c595b5aa07f55e33732.php 第 120 行.
[ 2011-12-13T22:26:41-05:00 ] SQL: SHOW COLUMNS FROM `ry_products_cat` [ RunTime:0.004051s ]
[ 2011-12-13T22:26:41-05:00 ] SQL: SELECT * FROM `ry_products_cat` WHERE ( `is_show` = '1' ) ORDER BY parent_id asc [ RunTime:0.000759s ]
[ 2011-12-13T22:26:41-05:00 ] SQL: SHOW COLUMNS FROM `ry_products` [ RunTime:0.004220s ]
[ 2011-12-13T22:26:41-05:00 ] SQL: SELECT * FROM `ry_products` WHERE ( `pid` = '1' ) LIMIT 1  [ RunTime:0.000341s ]
[ 2011-12-13T22:26:41-05:00 ] NOTIC: [8] Undefined variable: msg b99f012f7b218c595b5aa07f55e33732.php 第 55 行.
[ 2011-12-13T22:26:41-05:00 ] NOTIC: [8] Undefined variable: msg b99f012f7b218c595b5aa07f55e33732.php 第 120 行.
[ 2011-12-13T22:26:41-05:00 ] NOTIC: [8] Undefined variable: msg b99f012f7b218c595b5aa07f55e33732.php 第 120 行.
[ 2011-12-13T22:27:30-05:00 ] SQL: SHOW COLUMNS FROM `ry_products_cat` [ RunTime:0.004291s ]
[ 2011-12-13T22:27:30-05:00 ] SQL: SELECT * FROM `ry_products_cat` WHERE ( `is_show` = '1' ) ORDER BY parent_id asc [ RunTime:0.000595s ]
[ 2011-12-13T22:27:30-05:00 ] SQL: SHOW COLUMNS FROM `ry_products` [ RunTime:0.004310s ]
[ 2011-12-13T22:27:30-05:00 ] SQL: SELECT * FROM `ry_products` WHERE ( `pid` = '1' ) LIMIT 1  [ RunTime:0.000409s ]
[ 2011-12-13T22:27:30-05:00 ] NOTIC: [8] Undefined variable: msg b99f012f7b218c595b5aa07f55e33732.php 第 55 行.
[ 2011-12-13T22:27:30-05:00 ] NOTIC: [8] Undefined variable: msg b99f012f7b218c595b5aa07f55e33732.php 第 120 行.
[ 2011-12-13T22:27:30-05:00 ] NOTIC: [8] Undefined variable: msg b99f012f7b218c595b5aa07f55e33732.php 第 120 行.
[ 2011-12-13T22:30:01-05:00 ] SQL: SHOW COLUMNS FROM `ry_products_cat` [ RunTime:0.004192s ]
[ 2011-12-13T22:30:01-05:00 ] SQL: SELECT * FROM `ry_products_cat` WHERE ( `is_show` = '1' ) ORDER BY parent_id asc [ RunTime:0.000624s ]
[ 2011-12-13T22:30:01-05:00 ] SQL: SHOW COLUMNS FROM `ry_products` [ RunTime:0.004378s ]
[ 2011-12-13T22:30:01-05:00 ] SQL: SELECT * FROM `ry_products` WHERE ( `pid` = '1' ) LIMIT 1  [ RunTime:0.000375s ]
[ 2011-12-13T22:30:01-05:00 ] NOTIC: [8] Undefined variable: msg b99f012f7b218c595b5aa07f55e33732.php 第 55 行.
[ 2011-12-13T22:30:01-05:00 ] NOTIC: [8] Undefined variable: msg b99f012f7b218c595b5aa07f55e33732.php 第 120 行.
[ 2011-12-13T22:30:01-05:00 ] NOTIC: [8] Undefined variable: msg b99f012f7b218c595b5aa07f55e33732.php 第 120 行.
[ 2011-12-13T22:30:22-05:00 ] SQL: SHOW COLUMNS FROM `ry_products_cat` [ RunTime:0.004061s ]
[ 2011-12-13T22:30:22-05:00 ] SQL: SELECT * FROM `ry_products_cat` WHERE ( `is_show` = '1' ) ORDER BY parent_id asc [ RunTime:0.000616s ]
[ 2011-12-13T22:30:22-05:00 ] SQL: SHOW COLUMNS FROM `ry_products` [ RunTime:0.004949s ]
[ 2011-12-13T22:30:22-05:00 ] SQL: SELECT * FROM `ry_products` WHERE ( `pid` = '5' ) LIMIT 1  [ RunTime:0.000337s ]
[ 2011-12-13T22:30:22-05:00 ] NOTIC: [8] Undefined variable: msg b99f012f7b218c595b5aa07f55e33732.php 第 55 行.
[ 2011-12-13T22:30:22-05:00 ] NOTIC: [8] Undefined variable: msg b99f012f7b218c595b5aa07f55e33732.php 第 120 行.
[ 2011-12-13T22:30:22-05:00 ] NOTIC: [8] Undefined variable: msg b99f012f7b218c595b5aa07f55e33732.php 第 120 行.
[ 2011-12-13T22:30:38-05:00 ] SQL: SHOW COLUMNS FROM `ry_products_cat` [ RunTime:0.005213s ]
[ 2011-12-13T22:30:38-05:00 ] SQL: SELECT * FROM `ry_products_cat` WHERE ( `is_show` = '1' ) ORDER BY parent_id asc [ RunTime:0.000731s ]
[ 2011-12-13T22:30:38-05:00 ] SQL: SHOW COLUMNS FROM `ry_products` [ RunTime:0.004728s ]
[ 2011-12-13T22:30:38-05:00 ] SQL: SELECT * FROM `ry_products` WHERE ( `pid` = '5' ) LIMIT 1  [ RunTime:0.000375s ]
[ 2011-12-13T22:30:38-05:00 ] NOTIC: [8] Undefined variable: msg b99f012f7b218c595b5aa07f55e33732.php 第 55 行.
[ 2011-12-13T22:30:38-05:00 ] NOTIC: [8] Undefined variable: msg b99f012f7b218c595b5aa07f55e33732.php 第 120 行.
[ 2011-12-13T22:30:38-05:00 ] NOTIC: [8] Undefined variable: msg b99f012f7b218c595b5aa07f55e33732.php 第 120 行.
[ 2011-12-13T22:31:50-05:00 ] SQL: SHOW COLUMNS FROM `ry_products_cat` [ RunTime:0.004089s ]
[ 2011-12-13T22:31:50-05:00 ] SQL: SELECT * FROM `ry_products_cat` WHERE ( `is_show` = '1' ) ORDER BY parent_id asc [ RunTime:0.000695s ]
[ 2011-12-13T22:31:50-05:00 ] SQL: SHOW COLUMNS FROM `ry_products` [ RunTime:0.004477s ]
[ 2011-12-13T22:31:50-05:00 ] SQL: SELECT * FROM `ry_products` WHERE ( `pid` = '5' ) LIMIT 1  [ RunTime:0.000394s ]
[ 2011-12-13T22:31:50-05:00 ] NOTIC: [8] Undefined variable: msg b99f012f7b218c595b5aa07f55e33732.php 第 55 行.
[ 2011-12-13T22:31:50-05:00 ] NOTIC: [8] Undefined variable: msg b99f012f7b218c595b5aa07f55e33732.php 第 120 行.
[ 2011-12-13T22:31:50-05:00 ] NOTIC: [8] Undefined variable: msg b99f012f7b218c595b5aa07f55e33732.php 第 120 行.
[ 2011-12-13T22:32:03-05:00 ] SQL: SHOW COLUMNS FROM `ry_products_cat` [ RunTime:0.003963s ]
[ 2011-12-13T22:32:03-05:00 ] SQL: SELECT * FROM `ry_products_cat` WHERE ( `is_show` = '1' ) ORDER BY parent_id asc [ RunTime:0.000587s ]
[ 2011-12-13T22:32:03-05:00 ] SQL: SHOW COLUMNS FROM `ry_products` [ RunTime:0.004576s ]
[ 2011-12-13T22:32:03-05:00 ] SQL: SELECT * FROM `ry_products` WHERE ( `pid` = '5' ) LIMIT 1  [ RunTime:0.000345s ]
[ 2011-12-13T22:32:03-05:00 ] NOTIC: [8] Undefined variable: msg b99f012f7b218c595b5aa07f55e33732.php 第 55 行.
[ 2011-12-13T22:32:03-05:00 ] NOTIC: [8] Undefined variable: msg b99f012f7b218c595b5aa07f55e33732.php 第 120 行.
[ 2011-12-13T22:32:03-05:00 ] NOTIC: [8] Undefined variable: msg b99f012f7b218c595b5aa07f55e33732.php 第 120 行.
[ 2011-12-13T22:32:19-05:00 ] SQL: SHOW COLUMNS FROM `ry_products_cat` [ RunTime:0.004035s ]
[ 2011-12-13T22:32:19-05:00 ] SQL: SELECT * FROM `ry_products_cat` WHERE ( `is_show` = '1' ) ORDER BY parent_id asc [ RunTime:0.000609s ]
[ 2011-12-13T22:32:19-05:00 ] SQL: SHOW COLUMNS FROM `ry_products` [ RunTime:0.004449s ]
[ 2011-12-13T22:32:19-05:00 ] SQL: SELECT * FROM `ry_products` WHERE ( `pid` = '5' ) LIMIT 1  [ RunTime:0.000380s ]
[ 2011-12-13T22:32:20-05:00 ] NOTIC: [8] Undefined variable: msg b99f012f7b218c595b5aa07f55e33732.php 第 55 行.
[ 2011-12-13T22:32:20-05:00 ] NOTIC: [8] Undefined variable: msg b99f012f7b218c595b5aa07f55e33732.php 第 120 行.
[ 2011-12-13T22:32:20-05:00 ] NOTIC: [8] Undefined variable: msg b99f012f7b218c595b5aa07f55e33732.php 第 120 行.
[ 2011-12-13T22:32:33-05:00 ] SQL: SHOW COLUMNS FROM `ry_products_cat` [ RunTime:0.004346s ]
[ 2011-12-13T22:32:33-05:00 ] SQL: SELECT * FROM `ry_products_cat` WHERE ( `is_show` = '1' ) ORDER BY parent_id asc [ RunTime:0.000580s ]
[ 2011-12-13T22:32:33-05:00 ] SQL: SHOW COLUMNS FROM `ry_products` [ RunTime:0.004520s ]
[ 2011-12-13T22:32:33-05:00 ] SQL: SELECT * FROM `ry_products` WHERE ( `pid` = '5' ) LIMIT 1  [ RunTime:0.000370s ]
[ 2011-12-13T22:32:33-05:00 ] NOTIC: [8] Undefined variable: msg b99f012f7b218c595b5aa07f55e33732.php 第 55 行.
[ 2011-12-13T22:32:33-05:00 ] NOTIC: [8] Undefined variable: msg b99f012f7b218c595b5aa07f55e33732.php 第 120 行.
[ 2011-12-13T22:32:33-05:00 ] NOTIC: [8] Undefined variable: msg b99f012f7b218c595b5aa07f55e33732.php 第 120 行.
[ 2011-12-13T22:32:53-05:00 ] SQL: SHOW COLUMNS FROM `ry_products_cat` [ RunTime:0.004487s ]
[ 2011-12-13T22:32:53-05:00 ] SQL: SELECT * FROM `ry_products_cat` WHERE ( `is_show` = '1' ) ORDER BY parent_id asc [ RunTime:0.000614s ]
[ 2011-12-13T22:32:53-05:00 ] SQL: SHOW COLUMNS FROM `ry_products` [ RunTime:0.004425s ]
[ 2011-12-13T22:32:53-05:00 ] SQL: SELECT * FROM `ry_products` WHERE ( `pid` = '5' ) LIMIT 1  [ RunTime:0.000373s ]
[ 2011-12-13T22:32:53-05:00 ] NOTIC: [8] Undefined variable: msg b99f012f7b218c595b5aa07f55e33732.php 第 55 行.
[ 2011-12-13T22:32:53-05:00 ] NOTIC: [8] Undefined variable: msg b99f012f7b218c595b5aa07f55e33732.php 第 120 行.
[ 2011-12-13T22:32:53-05:00 ] NOTIC: [8] Undefined variable: msg b99f012f7b218c595b5aa07f55e33732.php 第 120 行.
[ 2011-12-13T22:32:53-05:00 ] NOTIC: [8] Undefined index: time b99f012f7b218c595b5aa07f55e33732.php 第 218 行.
[ 2011-12-13T22:33:02-05:00 ] SQL: SHOW COLUMNS FROM `ry_products_cat` [ RunTime:0.004394s ]
[ 2011-12-13T22:33:02-05:00 ] SQL: SELECT * FROM `ry_products_cat` WHERE ( `is_show` = '1' ) ORDER BY parent_id asc [ RunTime:0.000688s ]
[ 2011-12-13T22:33:02-05:00 ] SQL: SHOW COLUMNS FROM `ry_products` [ RunTime:0.004353s ]
[ 2011-12-13T22:33:02-05:00 ] SQL: SELECT * FROM `ry_products` WHERE ( `pid` = '5' ) LIMIT 1  [ RunTime:0.000472s ]
[ 2011-12-13T22:33:03-05:00 ] NOTIC: [8] Undefined variable: msg b99f012f7b218c595b5aa07f55e33732.php 第 55 行.
[ 2011-12-13T22:33:03-05:00 ] NOTIC: [8] Undefined variable: msg b99f012f7b218c595b5aa07f55e33732.php 第 120 行.
[ 2011-12-13T22:33:03-05:00 ] NOTIC: [8] Undefined variable: msg b99f012f7b218c595b5aa07f55e33732.php 第 120 行.
[ 2011-12-13T22:33:38-05:00 ] SQL: SHOW COLUMNS FROM `ry_products_cat` [ RunTime:0.004129s ]
[ 2011-12-13T22:33:38-05:00 ] SQL: SELECT * FROM `ry_products_cat` WHERE ( `is_show` = '1' ) ORDER BY parent_id asc [ RunTime:0.000873s ]
[ 2011-12-13T22:33:38-05:00 ] SQL: SHOW COLUMNS FROM `ry_products` [ RunTime:0.004275s ]
[ 2011-12-13T22:33:38-05:00 ] SQL: SELECT * FROM `ry_products` WHERE ( `pid` = '5' ) LIMIT 1  [ RunTime:0.000405s ]
[ 2011-12-13T22:33:39-05:00 ] NOTIC: [8] Undefined variable: msg b99f012f7b218c595b5aa07f55e33732.php 第 55 行.
[ 2011-12-13T22:33:39-05:00 ] NOTIC: [8] Undefined variable: msg b99f012f7b218c595b5aa07f55e33732.php 第 120 行.
[ 2011-12-13T22:33:39-05:00 ] NOTIC: [8] Undefined variable: msg b99f012f7b218c595b5aa07f55e33732.php 第 120 行.
[ 2011-12-13T22:33:50-05:00 ] SQL: SHOW COLUMNS FROM `ry_products_cat` [ RunTime:0.004229s ]
[ 2011-12-13T22:33:50-05:00 ] SQL: SELECT * FROM `ry_products_cat` WHERE ( `is_show` = '1' ) ORDER BY parent_id asc [ RunTime:0.000694s ]
[ 2011-12-13T22:33:50-05:00 ] SQL: SHOW COLUMNS FROM `ry_products` [ RunTime:0.004252s ]
[ 2011-12-13T22:33:50-05:00 ] SQL: SELECT * FROM `ry_products` WHERE ( `pid` = '11' ) LIMIT 1  [ RunTime:0.000392s ]
[ 2011-12-13T22:33:50-05:00 ] NOTIC: [8] Undefined variable: msg b99f012f7b218c595b5aa07f55e33732.php 第 55 行.
[ 2011-12-13T22:33:50-05:00 ] NOTIC: [8] Undefined variable: msg b99f012f7b218c595b5aa07f55e33732.php 第 120 行.
[ 2011-12-13T22:33:50-05:00 ] NOTIC: [8] Undefined variable: msg b99f012f7b218c595b5aa07f55e33732.php 第 120 行.
[ 2011-12-13T22:34:18-05:00 ] SQL: SHOW COLUMNS FROM `ry_products_cat` [ RunTime:0.004350s ]
[ 2011-12-13T22:34:18-05:00 ] SQL: SELECT * FROM `ry_products_cat` WHERE ( `is_show` = '1' ) ORDER BY parent_id asc [ RunTime:0.000627s ]
[ 2011-12-13T22:34:18-05:00 ] SQL: SHOW COLUMNS FROM `ry_products` [ RunTime:0.004330s ]
[ 2011-12-13T22:34:18-05:00 ] SQL: SELECT * FROM `ry_products` WHERE ( `pid` = '5' ) LIMIT 1  [ RunTime:0.000380s ]
[ 2011-12-13T22:34:18-05:00 ] NOTIC: [8] Undefined variable: msg b99f012f7b218c595b5aa07f55e33732.php 第 55 行.
[ 2011-12-13T22:34:18-05:00 ] NOTIC: [8] Undefined variable: msg b99f012f7b218c595b5aa07f55e33732.php 第 120 行.
[ 2011-12-13T22:34:18-05:00 ] NOTIC: [8] Undefined variable: msg b99f012f7b218c595b5aa07f55e33732.php 第 120 行.
[ 2011-12-13T22:35:25-05:00 ] SQL: SHOW COLUMNS FROM `ry_products_cat` [ RunTime:0.004265s ]
[ 2011-12-13T22:35:25-05:00 ] SQL: SELECT * FROM `ry_products_cat` WHERE ( `is_show` = '1' ) ORDER BY parent_id asc [ RunTime:0.000735s ]
[ 2011-12-13T22:35:25-05:00 ] SQL: SHOW COLUMNS FROM `ry_products` [ RunTime:0.004281s ]
[ 2011-12-13T22:35:25-05:00 ] SQL: SELECT * FROM `ry_products` WHERE ( `pid` = '5' ) LIMIT 1  [ RunTime:0.000359s ]
[ 2011-12-13T22:35:25-05:00 ] NOTIC: [8] Undefined variable: msg b99f012f7b218c595b5aa07f55e33732.php 第 55 行.
[ 2011-12-13T22:35:25-05:00 ] NOTIC: [8] Undefined variable: msg b99f012f7b218c595b5aa07f55e33732.php 第 120 行.
[ 2011-12-13T22:35:25-05:00 ] NOTIC: [8] Undefined variable: msg b99f012f7b218c595b5aa07f55e33732.php 第 120 行.
[ 2011-12-13T22:35:37-05:00 ] SQL: SHOW COLUMNS FROM `ry_products_cat` [ RunTime:0.004440s ]
[ 2011-12-13T22:35:37-05:00 ] SQL: SELECT * FROM `ry_products_cat` WHERE ( `is_show` = '1' ) ORDER BY parent_id asc [ RunTime:0.000633s ]
[ 2011-12-13T22:35:47-05:00 ] SQL: SHOW COLUMNS FROM `ry_products_cat` [ RunTime:0.004008s ]
[ 2011-12-13T22:35:47-05:00 ] SQL: SELECT * FROM `ry_products_cat` WHERE ( `is_show` = '1' ) ORDER BY parent_id asc [ RunTime:0.000601s ]
[ 2011-12-13T22:35:47-05:00 ] SQL: SHOW COLUMNS FROM `ry_products` [ RunTime:0.004795s ]
[ 2011-12-13T22:35:47-05:00 ] SQL: UPDATE `ry_products` SET `cat_id`='67',`name`='abcde',`description`='description',`type`='1',`price`='50.22',`quantity`='50',`time_expire`=1235797200,`image`='4ee81993707dd.jpg',`time_modify`=1323833747 WHERE ( `pid` = '5' ) [ RunTime:0.000650s ]
[ 2011-12-13T22:35:48-05:00 ] SQL: SHOW COLUMNS FROM `ry_products_cat` [ RunTime:0.004659s ]
[ 2011-12-13T22:35:48-05:00 ] SQL: SELECT * FROM `ry_products_cat` WHERE ( `is_show` = '1' ) ORDER BY parent_id asc [ RunTime:0.000644s ]
[ 2011-12-13T22:35:48-05:00 ] SQL: SHOW COLUMNS FROM `ry_products` [ RunTime:0.004605s ]
[ 2011-12-13T22:35:48-05:00 ] SQL: SELECT * FROM `ry_products` WHERE ( `pid` = '5' ) LIMIT 1  [ RunTime:0.000353s ]
[ 2011-12-13T22:35:48-05:00 ] NOTIC: [8] Undefined variable: msg b99f012f7b218c595b5aa07f55e33732.php 第 55 行.
[ 2011-12-13T22:35:48-05:00 ] NOTIC: [8] Undefined variable: msg b99f012f7b218c595b5aa07f55e33732.php 第 120 行.
[ 2011-12-13T22:35:48-05:00 ] NOTIC: [8] Undefined variable: msg b99f012f7b218c595b5aa07f55e33732.php 第 120 行.
[ 2011-12-13T22:36:01-05:00 ] SQL: SHOW COLUMNS FROM `ry_products_cat` [ RunTime:0.003847s ]
[ 2011-12-13T22:36:01-05:00 ] SQL: SELECT * FROM `ry_products_cat` WHERE ( `is_show` = '1' ) ORDER BY parent_id asc [ RunTime:0.000580s ]
[ 2011-12-13T22:36:01-05:00 ] SQL: SHOW COLUMNS FROM `ry_products` [ RunTime:0.004552s ]
[ 2011-12-13T22:36:01-05:00 ] SQL: UPDATE `ry_products` SET `cat_id`='67',`name`='abcde',`description`='description',`type`='1',`price`='50.22',`quantity`='50',`time_expire`=1275364800,`image`='4ee819a1c78dc.jpg',`time_modify`=1323833761 WHERE ( `pid` = '5' ) [ RunTime:0.000538s ]
[ 2011-12-13T22:36:03-05:00 ] SQL: SHOW COLUMNS FROM `ry_products_cat` [ RunTime:0.004188s ]
[ 2011-12-13T22:36:03-05:00 ] SQL: SELECT * FROM `ry_products_cat` WHERE ( `is_show` = '1' ) ORDER BY parent_id asc [ RunTime:0.000685s ]
[ 2011-12-13T22:36:03-05:00 ] SQL: SHOW COLUMNS FROM `ry_products` [ RunTime:0.004413s ]
[ 2011-12-13T22:36:03-05:00 ] SQL: SELECT * FROM `ry_products` WHERE ( `pid` = '5' ) LIMIT 1  [ RunTime:0.000388s ]
[ 2011-12-13T22:36:03-05:00 ] NOTIC: [8] Undefined variable: msg b99f012f7b218c595b5aa07f55e33732.php 第 55 行.
[ 2011-12-13T22:36:03-05:00 ] NOTIC: [8] Undefined variable: msg b99f012f7b218c595b5aa07f55e33732.php 第 120 行.
[ 2011-12-13T22:36:03-05:00 ] NOTIC: [8] Undefined variable: msg b99f012f7b218c595b5aa07f55e33732.php 第 120 行.
[ 2011-12-13T22:37:41-05:00 ] SQL: SHOW COLUMNS FROM `ry_products_cat` [ RunTime:0.004245s ]
[ 2011-12-13T22:37:41-05:00 ] SQL: SELECT * FROM `ry_products_cat` WHERE ( `is_show` = '1' ) ORDER BY parent_id asc [ RunTime:0.000572s ]
[ 2011-12-13T22:37:41-05:00 ] SQL: SHOW COLUMNS FROM `ry_products` [ RunTime:0.004291s ]
[ 2011-12-13T22:37:41-05:00 ] SQL: SELECT * FROM `ry_products` WHERE ( `pid` = '5' ) LIMIT 1  [ RunTime:0.000348s ]
[ 2011-12-13T22:37:41-05:00 ] NOTIC: [8] Undefined variable: msg b99f012f7b218c595b5aa07f55e33732.php 第 55 行.
[ 2011-12-13T22:37:41-05:00 ] NOTIC: [8] Undefined variable: msg b99f012f7b218c595b5aa07f55e33732.php 第 120 行.
[ 2011-12-13T22:37:41-05:00 ] NOTIC: [8] Undefined variable: msg b99f012f7b218c595b5aa07f55e33732.php 第 120 行.
[ 2011-12-13T22:37:46-05:00 ] SQL: SHOW COLUMNS FROM `ry_products_cat` [ RunTime:0.005725s ]
[ 2011-12-13T22:37:46-05:00 ] SQL: SELECT * FROM `ry_products_cat` WHERE ( `is_show` = '1' ) ORDER BY parent_id asc [ RunTime:0.001377s ]
[ 2011-12-13T22:37:46-05:00 ] SQL: SHOW COLUMNS FROM `ry_products` [ RunTime:0.006083s ]
[ 2011-12-13T22:37:46-05:00 ] SQL: UPDATE `ry_products` SET `cat_id`='67',`name`='abcde',`description`='description',`type`='1',`price`='50.22',`quantity`='50',`time_expire`=1276142400,`image`='',`time_modify`=1323833866 WHERE ( `pid` = '5' ) [ RunTime:0.000630s ]
[ 2011-12-13T22:37:48-05:00 ] SQL: SHOW COLUMNS FROM `ry_products_cat` [ RunTime:0.004155s ]
[ 2011-12-13T22:37:48-05:00 ] SQL: SELECT * FROM `ry_products_cat` WHERE ( `is_show` = '1' ) ORDER BY parent_id asc [ RunTime:0.000630s ]
[ 2011-12-13T22:37:48-05:00 ] SQL: SHOW COLUMNS FROM `ry_products` [ RunTime:0.004185s ]
[ 2011-12-13T22:37:48-05:00 ] SQL: SELECT * FROM `ry_products` WHERE ( `pid` = '5' ) LIMIT 1  [ RunTime:0.000479s ]
[ 2011-12-13T22:37:48-05:00 ] NOTIC: [8] Undefined variable: msg b99f012f7b218c595b5aa07f55e33732.php 第 55 行.
[ 2011-12-13T22:37:48-05:00 ] NOTIC: [8] Undefined variable: msg b99f012f7b218c595b5aa07f55e33732.php 第 120 行.
[ 2011-12-13T22:37:48-05:00 ] NOTIC: [8] Undefined variable: msg b99f012f7b218c595b5aa07f55e33732.php 第 120 行.
[ 2011-12-13T22:37:55-05:00 ] SQL: SHOW COLUMNS FROM `ry_products_cat` [ RunTime:0.004052s ]
[ 2011-12-13T22:37:55-05:00 ] SQL: SELECT * FROM `ry_products_cat` WHERE ( `is_show` = '1' ) ORDER BY parent_id asc [ RunTime:0.000606s ]
[ 2011-12-13T22:37:55-05:00 ] SQL: SHOW COLUMNS FROM `ry_products` [ RunTime:0.005155s ]
[ 2011-12-13T22:37:55-05:00 ] SQL: UPDATE `ry_products` SET `cat_id`='37',`name`='abcde',`description`='description',`type`='1',`price`='50.22',`quantity`='50',`time_expire`=1276142400,`image`='',`time_modify`=1323833875 WHERE ( `pid` = '5' ) [ RunTime:0.000670s ]
[ 2011-12-13T22:37:56-05:00 ] SQL: SHOW COLUMNS FROM `ry_products_cat` [ RunTime:0.004451s ]
[ 2011-12-13T22:37:56-05:00 ] SQL: SELECT * FROM `ry_products_cat` WHERE ( `is_show` = '1' ) ORDER BY parent_id asc [ RunTime:0.000659s ]
[ 2011-12-13T22:37:56-05:00 ] SQL: SHOW COLUMNS FROM `ry_products` [ RunTime:0.004405s ]
[ 2011-12-13T22:37:56-05:00 ] SQL: SELECT * FROM `ry_products` WHERE ( `pid` = '5' ) LIMIT 1  [ RunTime:0.000357s ]
[ 2011-12-13T22:37:56-05:00 ] NOTIC: [8] Undefined variable: msg b99f012f7b218c595b5aa07f55e33732.php 第 55 行.
[ 2011-12-13T22:37:56-05:00 ] NOTIC: [8] Undefined variable: msg b99f012f7b218c595b5aa07f55e33732.php 第 120 行.
[ 2011-12-13T22:37:56-05:00 ] NOTIC: [8] Undefined variable: msg b99f012f7b218c595b5aa07f55e33732.php 第 120 行.
