[ 2011-10-16T05:29:23+08:00 ] SQL: SHOW COLUMNS FROM `ry_users` [ RunTime:0.003740s ]
[ 2011-10-16T05:29:23+08:00 ] NOTIC: [8] Undefined variable: msg 3b07957a53ccb31105e96f96aaa794c8.php 第 45 行.
[ 2011-10-16T13:21:31+08:00 ] SQL: SHOW COLUMNS FROM `ry_users` [ RunTime:0.005747s ]
[ 2011-10-16T13:21:37+08:00 ] SQL: SHOW COLUMNS FROM `ry_users` [ RunTime:0.003831s ]
[ 2011-10-16T13:21:37+08:00 ] SQL: SELECT COUNT(*) AS tp_count FROM `ry_users` WHERE ( `user_name` = 'admin' ) AND ( `user_password` = 'e10adc3949ba59abbe56e057f20f883e' ) LIMIT 1  [ RunTime:0.000454s ]
[ 2011-10-16T13:21:37+08:00 ] SQL: SELECT * FROM `ry_users` WHERE ( `user_name` = 'admin' ) AND ( `user_password` = 'e10adc3949ba59abbe56e057f20f883e' ) LIMIT 1  [ RunTime:0.000358s ]
[ 2011-10-16T13:21:38+08:00 ] SQL: SHOW COLUMNS FROM `ry_users` [ RunTime:0.003823s ]
[ 2011-10-16T13:21:38+08:00 ] NOTIC: [8] Undefined variable: msg 3b07957a53ccb31105e96f96aaa794c8.php 第 45 行.
[ 2011-10-16T13:22:31+08:00 ] SQL: SHOW COLUMNS FROM `ry_users` [ RunTime:0.003668s ]
[ 2011-10-16T13:22:31+08:00 ] SQL: SELECT COUNT(*) AS tp_count FROM `ry_users` LIMIT 1  [ RunTime:0.000250s ]
[ 2011-10-16T13:22:31+08:00 ] SQL: SELECT * FROM `ry_users` LIMIT 0,25  [ RunTime:0.000247s ]
[ 2011-10-16T13:22:31+08:00 ] NOTIC: [8] Undefined index: uid 1282e97849dec9495baef5755c79259c.php 第 116 行.
[ 2011-10-16T13:22:33+08:00 ] SQL: SHOW COLUMNS FROM `ry_users` [ RunTime:0.003696s ]
[ 2011-10-16T13:22:36+08:00 ] SQL: SHOW COLUMNS FROM `ry_users` [ RunTime:0.003894s ]
[ 2011-10-16T13:22:36+08:00 ] SQL: SELECT COUNT(*) AS tp_count FROM `ry_users` LIMIT 1  [ RunTime:0.000244s ]
[ 2011-10-16T13:22:36+08:00 ] SQL: SELECT * FROM `ry_users` LIMIT 0,25  [ RunTime:0.000247s ]
[ 2011-10-16T13:22:36+08:00 ] NOTIC: [8] Undefined index: uid 1282e97849dec9495baef5755c79259c.php 第 116 行.
[ 2011-10-16T13:22:38+08:00 ] SQL: SHOW COLUMNS FROM `ry_users` [ RunTime:0.003750s ]
[ 2011-10-16T13:22:38+08:00 ] SQL: SELECT COUNT(*) AS tp_count FROM `ry_users` WHERE ( `uid` = '1' ) LIMIT 1  [ RunTime:0.000290s ]
[ 2011-10-16T13:22:38+08:00 ] SQL: SELECT * FROM `ry_users` WHERE ( `uid` = '1' ) LIMIT 1  [ RunTime:0.000206s ]
[ 2011-10-16T13:39:06+08:00 ] SQL: SHOW COLUMNS FROM `ry_users` [ RunTime:0.064068s ]
[ 2011-10-16T13:39:17+08:00 ] SQL: SHOW COLUMNS FROM `ry_users` [ RunTime:0.004021s ]
[ 2011-10-16T13:39:17+08:00 ] SQL: SELECT COUNT(*) AS tp_count FROM `ry_users` WHERE ( `user_name` = 'admin' ) AND ( `user_password` = 'e10adc3949ba59abbe56e057f20f883e' ) LIMIT 1  [ RunTime:0.014439s ]
[ 2011-10-16T13:39:17+08:00 ] SQL: SELECT * FROM `ry_users` WHERE ( `user_name` = 'admin' ) AND ( `user_password` = 'e10adc3949ba59abbe56e057f20f883e' ) LIMIT 1  [ RunTime:0.000906s ]
[ 2011-10-16T13:39:18+08:00 ] SQL: SHOW COLUMNS FROM `ry_users` [ RunTime:0.010994s ]
[ 2011-10-16T13:39:19+08:00 ] NOTIC: [8] Undefined variable: msg 3b07957a53ccb31105e96f96aaa794c8.php 第 45 行.
[ 2011-10-16T13:39:27+08:00 ] SQL: SHOW COLUMNS FROM `ry_users` [ RunTime:0.004210s ]
[ 2011-10-16T13:39:27+08:00 ] SQL: SELECT COUNT(*) AS tp_count FROM `ry_users` LIMIT 1  [ RunTime:0.000573s ]
[ 2011-10-16T13:39:27+08:00 ] SQL: SELECT * FROM `ry_users` LIMIT 0,25  [ RunTime:0.000788s ]
[ 2011-10-16T13:39:27+08:00 ] NOTIC: [8] Undefined index: uid 1282e97849dec9495baef5755c79259c.php 第 116 行.
[ 2011-10-16T13:39:30+08:00 ] SQL: SHOW COLUMNS FROM `ry_users` [ RunTime:0.004385s ]
[ 2011-10-16T13:39:30+08:00 ] SQL: SELECT COUNT(*) AS tp_count FROM `ry_users` WHERE ( `uid` = '1' ) LIMIT 1  [ RunTime:0.000957s ]
[ 2011-10-16T13:39:30+08:00 ] SQL: SELECT * FROM `ry_users` WHERE ( `uid` = '1' ) LIMIT 1  [ RunTime:0.000872s ]
[ 2011-10-16T13:39:36+08:00 ] SQL: SHOW COLUMNS FROM `ry_users` [ RunTime:0.002883s ]
[ 2011-10-16T13:39:36+08:00 ] SQL: SELECT COUNT(*) AS tp_count FROM `ry_users` LIMIT 1  [ RunTime:0.000747s ]
[ 2011-10-16T13:39:36+08:00 ] SQL: SELECT * FROM `ry_users` LIMIT 0,25  [ RunTime:0.000963s ]
[ 2011-10-16T13:39:36+08:00 ] NOTIC: [8] Undefined index: uid 1282e97849dec9495baef5755c79259c.php 第 116 行.
[ 2011-10-16T13:39:40+08:00 ] SQL: SHOW COLUMNS FROM `ry_users` [ RunTime:0.003654s ]
[ 2011-10-16T13:39:40+08:00 ] SQL: SELECT COUNT(*) AS tp_count FROM `ry_users` WHERE ( `uid` = '3' ) LIMIT 1  [ RunTime:0.000653s ]
[ 2011-10-16T13:39:40+08:00 ] SQL: SELECT * FROM `ry_users` WHERE ( `uid` = '3' ) LIMIT 1  [ RunTime:0.000749s ]
[ 2011-10-16T13:39:56+08:00 ] SQL: SHOW COLUMNS FROM `ry_users` [ RunTime:0.006026s ]
[ 2011-10-16T13:39:56+08:00 ] SQL: UPDATE `ry_users` SET `role`='100',`user_status`='1',`user_name`='user_x',`user_email`='user@recrazy.net' WHERE ( `uid` = '3' ) [ RunTime:0.006405s ]
[ 2011-10-16T13:39:57+08:00 ] SQL: SHOW COLUMNS FROM `ry_users` [ RunTime:0.002971s ]
[ 2011-10-16T13:39:57+08:00 ] SQL: SELECT COUNT(*) AS tp_count FROM `ry_users` WHERE ( `uid` = '3' ) LIMIT 1  [ RunTime:0.000685s ]
[ 2011-10-16T13:39:57+08:00 ] SQL: SELECT * FROM `ry_users` WHERE ( `uid` = '3' ) LIMIT 1  [ RunTime:0.000931s ]
[ 2011-10-16T13:40:02+08:00 ] SQL: SHOW COLUMNS FROM `ry_users` [ RunTime:0.004078s ]
[ 2011-10-16T13:40:02+08:00 ] SQL: SELECT COUNT(*) AS tp_count FROM `ry_users` LIMIT 1  [ RunTime:0.000941s ]
[ 2011-10-16T13:40:02+08:00 ] SQL: SELECT * FROM `ry_users` LIMIT 0,25  [ RunTime:0.000882s ]
[ 2011-10-16T13:40:02+08:00 ] NOTIC: [8] Undefined index: uid 1282e97849dec9495baef5755c79259c.php 第 116 行.
[ 2011-10-16T13:40:05+08:00 ] SQL: SHOW COLUMNS FROM `ry_users` [ RunTime:0.004345s ]
[ 2011-10-16T13:40:05+08:00 ] SQL: SELECT COUNT(*) AS tp_count FROM `ry_users` WHERE ( `uid` = '3' ) LIMIT 1  [ RunTime:0.000842s ]
[ 2011-10-16T13:40:05+08:00 ] SQL: SELECT * FROM `ry_users` WHERE ( `uid` = '3' ) LIMIT 1  [ RunTime:0.000867s ]
[ 2011-10-16T13:40:11+08:00 ] SQL: SHOW COLUMNS FROM `ry_users` [ RunTime:0.011319s ]
[ 2011-10-16T13:40:11+08:00 ] SQL: UPDATE `ry_users` SET `role`='100',`user_status`='1',`user_name`='user',`user_email`='user@recrazy.net' WHERE ( `uid` = '3' ) [ RunTime:0.001057s ]
[ 2011-10-16T13:40:13+08:00 ] SQL: SHOW COLUMNS FROM `ry_users` [ RunTime:0.007973s ]
[ 2011-10-16T13:40:13+08:00 ] SQL: SELECT COUNT(*) AS tp_count FROM `ry_users` WHERE ( `uid` = '3' ) LIMIT 1  [ RunTime:0.001989s ]
[ 2011-10-16T13:40:13+08:00 ] SQL: SELECT * FROM `ry_users` WHERE ( `uid` = '3' ) LIMIT 1  [ RunTime:0.003960s ]
