[ 2011-12-10T22:29:19-05:00 ] SQL: SHOW COLUMNS FROM `ry_langs` [ RunTime:0.004076s ]
[ 2011-12-10T22:29:19-05:00 ] SQL: SHOW COLUMNS FROM `ry_post_lang` [ RunTime:0.004320s ]
[ 2011-12-10T22:29:19-05:00 ] SQL: SELECT * FROM `ry_langs` WHERE lang_status <> 0 [ RunTime:0.000530s ]
[ 2011-12-10T22:29:19-05:00 ] SQL: SELECT * FROM `ry_post_lang` WHERE ( `post_id` = '1' ) [ RunTime:0.000426s ]
[ 2011-12-10T22:29:19-05:00 ] NOTIC: [8] Undefined index: info 52c5b1320ca30958dfce39279bc75eb8.php 第 110 行.
[ 2011-12-10T22:29:19-05:00 ] NOTIC: [8] Undefined index: info 52c5b1320ca30958dfce39279bc75eb8.php 第 110 行.
[ 2011-12-10T22:29:19-05:00 ] NOTIC: [8] Undefined index: post_name 52c5b1320ca30958dfce39279bc75eb8.php 第 145 行.
[ 2011-12-10T22:29:19-05:00 ] NOTIC: [8] Undefined index: post_name 52c5b1320ca30958dfce39279bc75eb8.php 第 145 行.
[ 2011-12-10T22:29:19-05:00 ] NOTIC: [8] Undefined index: page 52c5b1320ca30958dfce39279bc75eb8.php 第 153 行.
[ 2011-12-10T22:29:23-05:00 ] SQL: SHOW COLUMNS FROM `ry_post_cat` [ RunTime:0.004073s ]
[ 2011-12-10T22:29:23-05:00 ] SQL: SELECT * FROM `ry_post_cat` ORDER BY parent_id asc [ RunTime:0.000400s ]
[ 2011-12-10T22:29:23-05:00 ] SQL: SELECT * FROM `ry_post_cat` WHERE cat_id=0 LIMIT 1  [ RunTime:0.000373s ]
[ 2011-12-10T22:29:23-05:00 ] SQL: SELECT * FROM `ry_post_cat` WHERE cat_id=2 LIMIT 1  [ RunTime:0.000401s ]
[ 2011-12-10T22:29:23-05:00 ] SQL: SELECT * FROM `ry_post_cat` WHERE cat_id=3 LIMIT 1  [ RunTime:0.000473s ]
[ 2011-12-10T22:29:23-05:00 ] NOTIC: [8] Undefined variable: msg 85b9432bdf2835f77a9d15c310356022.php 第 45 行.
[ 2011-12-10T22:29:23-05:00 ] NOTIC: [8] Undefined variable: msg 85b9432bdf2835f77a9d15c310356022.php 第 110 行.
[ 2011-12-10T22:29:23-05:00 ] NOTIC: [8] Undefined variable: msg 85b9432bdf2835f77a9d15c310356022.php 第 110 行.
[ 2011-12-10T22:29:29-05:00 ] SQL: SHOW COLUMNS FROM `ry_page` [ RunTime:0.006222s ]
[ 2011-12-10T22:29:29-05:00 ] SQL: SELECT COUNT(*) AS tp_count FROM `ry_page` LIMIT 1  [ RunTime:0.000299s ]
[ 2011-12-10T22:29:29-05:00 ] SQL: SELECT * FROM `ry_page` LIMIT 0,25  [ RunTime:0.000479s ]
[ 2011-12-10T22:29:29-05:00 ] NOTIC: [8] Undefined index: info 54042c11aa449cd5c6bb37d6a4c6f773.php 第 110 行.
[ 2011-12-10T22:29:29-05:00 ] NOTIC: [8] Undefined index: info 54042c11aa449cd5c6bb37d6a4c6f773.php 第 110 行.
[ 2011-12-10T22:29:31-05:00 ] SQL: SHOW COLUMNS FROM `ry_post_cat` [ RunTime:0.004760s ]
[ 2011-12-10T22:29:31-05:00 ] SQL: SELECT * FROM `ry_post_cat` ORDER BY parent_id asc [ RunTime:0.000369s ]
[ 2011-12-10T22:29:31-05:00 ] SQL: SELECT * FROM `ry_post_cat` WHERE cat_id=0 LIMIT 1  [ RunTime:0.000219s ]
[ 2011-12-10T22:29:31-05:00 ] SQL: SELECT * FROM `ry_post_cat` WHERE cat_id=2 LIMIT 1  [ RunTime:0.000378s ]
[ 2011-12-10T22:29:31-05:00 ] SQL: SELECT * FROM `ry_post_cat` WHERE cat_id=3 LIMIT 1  [ RunTime:0.000429s ]
[ 2011-12-10T22:29:32-05:00 ] NOTIC: [8] Undefined variable: msg 85b9432bdf2835f77a9d15c310356022.php 第 45 行.
[ 2011-12-10T22:29:32-05:00 ] NOTIC: [8] Undefined variable: msg 85b9432bdf2835f77a9d15c310356022.php 第 110 行.
[ 2011-12-10T22:29:32-05:00 ] NOTIC: [8] Undefined variable: msg 85b9432bdf2835f77a9d15c310356022.php 第 110 行.
[ 2011-12-10T22:29:34-05:00 ] SQL: SHOW COLUMNS FROM `ry_page` [ RunTime:0.004432s ]
[ 2011-12-10T22:29:34-05:00 ] SQL: SELECT COUNT(*) AS tp_count FROM `ry_page` LIMIT 1  [ RunTime:0.000321s ]
[ 2011-12-10T22:29:34-05:00 ] SQL: SELECT * FROM `ry_page` LIMIT 0,25  [ RunTime:0.000431s ]
[ 2011-12-10T22:29:34-05:00 ] NOTIC: [8] Undefined index: info 54042c11aa449cd5c6bb37d6a4c6f773.php 第 110 行.
[ 2011-12-10T22:29:34-05:00 ] NOTIC: [8] Undefined index: info 54042c11aa449cd5c6bb37d6a4c6f773.php 第 110 行.
[ 2011-12-10T22:29:40-05:00 ] SQL: SHOW COLUMNS FROM `ry_post_cat` [ RunTime:0.004283s ]
[ 2011-12-10T22:29:40-05:00 ] SQL: SELECT * FROM `ry_post_cat` ORDER BY parent_id asc [ RunTime:0.000437s ]
[ 2011-12-10T22:29:40-05:00 ] SQL: SELECT * FROM `ry_post_cat` WHERE cat_id=0 LIMIT 1  [ RunTime:0.000317s ]
[ 2011-12-10T22:29:40-05:00 ] SQL: SELECT * FROM `ry_post_cat` WHERE cat_id=2 LIMIT 1  [ RunTime:0.000227s ]
[ 2011-12-10T22:29:40-05:00 ] SQL: SELECT * FROM `ry_post_cat` WHERE cat_id=3 LIMIT 1  [ RunTime:0.000420s ]
[ 2011-12-10T22:29:40-05:00 ] NOTIC: [8] Undefined variable: msg 85b9432bdf2835f77a9d15c310356022.php 第 45 行.
[ 2011-12-10T22:29:40-05:00 ] NOTIC: [8] Undefined variable: msg 85b9432bdf2835f77a9d15c310356022.php 第 110 行.
[ 2011-12-10T22:29:40-05:00 ] NOTIC: [8] Undefined variable: msg 85b9432bdf2835f77a9d15c310356022.php 第 110 行.
[ 2011-12-10T22:29:42-05:00 ] SQL: SHOW COLUMNS FROM `ry_post` [ RunTime:0.004754s ]
[ 2011-12-10T22:29:42-05:00 ] SQL: SELECT COUNT(*) AS tp_count FROM `ry_post` LIMIT 1  [ RunTime:0.000260s ]
[ 2011-12-10T22:29:42-05:00 ] SQL: SELECT * FROM `ry_post` LIMIT 0,25  [ RunTime:0.000303s ]
[ 2011-12-10T22:29:42-05:00 ] NOTIC: [8] Undefined index: info 46f626855fb1bfaf18777d0009818860.php 第 110 行.
[ 2011-12-10T22:29:42-05:00 ] NOTIC: [8] Undefined index: info 46f626855fb1bfaf18777d0009818860.php 第 110 行.
[ 2011-12-10T22:29:51-05:00 ] SQL: SHOW COLUMNS FROM `ry_users` [ RunTime:0.006360s ]
[ 2011-12-10T22:29:51-05:00 ] NOTIC: [8] Undefined variable: msg 3b07957a53ccb31105e96f96aaa794c8.php 第 45 行.
[ 2011-12-10T22:29:51-05:00 ] NOTIC: [8] Undefined variable: msg 3b07957a53ccb31105e96f96aaa794c8.php 第 110 行.
[ 2011-12-10T22:29:51-05:00 ] NOTIC: [8] Undefined variable: msg 3b07957a53ccb31105e96f96aaa794c8.php 第 110 行.
[ 2011-12-10T22:29:53-05:00 ] SQL: SHOW COLUMNS FROM `ry_product` [ RunTime:0.003891s ]
[ 2011-12-10T22:29:53-05:00 ] SQL: SELECT * FROM `ry_product` [ RunTime:0.000474s ]
[ 2011-12-10T22:29:53-05:00 ] NOTIC: [8] Undefined index: info f3fff2b5c97ac42f78439ba97dbcdcda.php 第 110 行.
[ 2011-12-10T22:29:53-05:00 ] NOTIC: [8] Undefined index: info f3fff2b5c97ac42f78439ba97dbcdcda.php 第 110 行.
[ 2011-12-10T22:29:53-05:00 ] NOTIC: [8] Undefined index: cat_id f3fff2b5c97ac42f78439ba97dbcdcda.php 第 121 行.
[ 2011-12-10T22:29:53-05:00 ] NOTIC: [8] Undefined index: productsCatLang f3fff2b5c97ac42f78439ba97dbcdcda.php 第 131 行.
[ 2011-12-10T22:29:55-05:00 ] SQL: SHOW COLUMNS FROM `ry_products_cat` [ RunTime:0.006010s ]
[ 2011-12-10T22:29:55-05:00 ] SQL: SELECT * FROM `ry_products_cat` ORDER BY parent_id asc [ RunTime:0.000624s ]
[ 2011-12-10T22:29:55-05:00 ] SQL: SELECT * FROM `ry_products_cat` WHERE cat_id=0 LIMIT 1  [ RunTime:0.000286s ]
[ 2011-12-10T22:29:55-05:00 ] SQL: SELECT * FROM `ry_products_cat` WHERE cat_id=67 LIMIT 1  [ RunTime:0.000401s ]
[ 2011-12-10T22:29:55-05:00 ] SQL: SELECT * FROM `ry_products_cat` WHERE cat_id=37 LIMIT 1  [ RunTime:0.000407s ]
[ 2011-12-10T22:29:55-05:00 ] SQL: SELECT * FROM `ry_products_cat` WHERE cat_id=36 LIMIT 1  [ RunTime:0.000443s ]
[ 2011-12-10T22:29:55-05:00 ] SQL: SELECT * FROM `ry_products_cat` WHERE cat_id=35 LIMIT 1  [ RunTime:0.000227s ]
[ 2011-12-10T22:29:55-05:00 ] SQL: SELECT * FROM `ry_products_cat` WHERE cat_id=34 LIMIT 1  [ RunTime:0.000186s ]
[ 2011-12-10T22:29:55-05:00 ] SQL: SELECT * FROM `ry_products_cat` WHERE cat_id=33 LIMIT 1  [ RunTime:0.000212s ]
[ 2011-12-10T22:29:55-05:00 ] SQL: SELECT * FROM `ry_products_cat` WHERE cat_id=32 LIMIT 1  [ RunTime:0.000194s ]
[ 2011-12-10T22:29:55-05:00 ] SQL: SELECT * FROM `ry_products_cat` WHERE cat_id=31 LIMIT 1  [ RunTime:0.000187s ]
[ 2011-12-10T22:29:55-05:00 ] SQL: SELECT * FROM `ry_products_cat` WHERE cat_id=30 LIMIT 1  [ RunTime:0.000192s ]
[ 2011-12-10T22:29:55-05:00 ] SQL: SELECT * FROM `ry_products_cat` WHERE cat_id=38 LIMIT 1  [ RunTime:0.000195s ]
[ 2011-12-10T22:29:55-05:00 ] SQL: SELECT * FROM `ry_products_cat` WHERE cat_id=39 LIMIT 1  [ RunTime:0.000244s ]
[ 2011-12-10T22:29:55-05:00 ] SQL: SELECT * FROM `ry_products_cat` WHERE cat_id=40 LIMIT 1  [ RunTime:0.000392s ]
[ 2011-12-10T22:29:55-05:00 ] SQL: SELECT * FROM `ry_products_cat` WHERE cat_id=48 LIMIT 1  [ RunTime:0.000397s ]
[ 2011-12-10T22:29:55-05:00 ] SQL: SELECT * FROM `ry_products_cat` WHERE cat_id=47 LIMIT 1  [ RunTime:0.000381s ]
[ 2011-12-10T22:29:55-05:00 ] SQL: SELECT * FROM `ry_products_cat` WHERE cat_id=46 LIMIT 1  [ RunTime:0.000351s ]
[ 2011-12-10T22:29:55-05:00 ] SQL: SELECT * FROM `ry_products_cat` WHERE cat_id=45 LIMIT 1  [ RunTime:0.000374s ]
[ 2011-12-10T22:29:55-05:00 ] SQL: SELECT * FROM `ry_products_cat` WHERE cat_id=44 LIMIT 1  [ RunTime:0.000232s ]
[ 2011-12-10T22:29:55-05:00 ] SQL: SELECT * FROM `ry_products_cat` WHERE cat_id=43 LIMIT 1  [ RunTime:0.000583s ]
[ 2011-12-10T22:29:55-05:00 ] SQL: SELECT * FROM `ry_products_cat` WHERE cat_id=42 LIMIT 1  [ RunTime:0.000381s ]
[ 2011-12-10T22:29:55-05:00 ] SQL: SELECT * FROM `ry_products_cat` WHERE cat_id=41 LIMIT 1  [ RunTime:0.000230s ]
[ 2011-12-10T22:29:55-05:00 ] SQL: SELECT * FROM `ry_products_cat` WHERE cat_id=29 LIMIT 1  [ RunTime:0.000221s ]
[ 2011-12-10T22:29:55-05:00 ] SQL: SELECT * FROM `ry_products_cat` WHERE cat_id=28 LIMIT 1  [ RunTime:0.000202s ]
[ 2011-12-10T22:29:55-05:00 ] SQL: SELECT * FROM `ry_products_cat` WHERE cat_id=27 LIMIT 1  [ RunTime:0.000188s ]
[ 2011-12-10T22:29:55-05:00 ] SQL: SELECT * FROM `ry_products_cat` WHERE cat_id=14 LIMIT 1  [ RunTime:0.000183s ]
[ 2011-12-10T22:29:55-05:00 ] SQL: SELECT * FROM `ry_products_cat` WHERE cat_id=13 LIMIT 1  [ RunTime:0.000335s ]
[ 2011-12-10T22:29:55-05:00 ] SQL: SELECT * FROM `ry_products_cat` WHERE cat_id=12 LIMIT 1  [ RunTime:0.000450s ]
[ 2011-12-10T22:29:55-05:00 ] SQL: SELECT * FROM `ry_products_cat` WHERE cat_id=11 LIMIT 1  [ RunTime:0.000234s ]
[ 2011-12-10T22:29:55-05:00 ] SQL: SELECT * FROM `ry_products_cat` WHERE cat_id=10 LIMIT 1  [ RunTime:0.000201s ]
[ 2011-12-10T22:29:55-05:00 ] SQL: SELECT * FROM `ry_products_cat` WHERE cat_id=62 LIMIT 1  [ RunTime:0.000221s ]
[ 2011-12-10T22:29:55-05:00 ] SQL: SELECT * FROM `ry_products_cat` WHERE cat_id=64 LIMIT 1  [ RunTime:0.000227s ]
[ 2011-12-10T22:29:55-05:00 ] SQL: SELECT * FROM `ry_products_cat` WHERE cat_id=65 LIMIT 1  [ RunTime:0.000371s ]
[ 2011-12-10T22:29:55-05:00 ] SQL: SELECT * FROM `ry_products_cat` WHERE cat_id=66 LIMIT 1  [ RunTime:0.000211s ]
[ 2011-12-10T22:29:55-05:00 ] SQL: SELECT * FROM `ry_products_cat` WHERE cat_id=63 LIMIT 1  [ RunTime:0.000260s ]
[ 2011-12-10T22:29:55-05:00 ] SQL: SELECT * FROM `ry_products_cat` WHERE cat_id=9 LIMIT 1  [ RunTime:0.000388s ]
[ 2011-12-10T22:29:55-05:00 ] SQL: SELECT * FROM `ry_products_cat` WHERE cat_id=61 LIMIT 1  [ RunTime:0.000220s ]
[ 2011-12-10T22:29:55-05:00 ] SQL: SELECT * FROM `ry_products_cat` WHERE cat_id=59 LIMIT 1  [ RunTime:0.000198s ]
[ 2011-12-10T22:29:55-05:00 ] SQL: SELECT * FROM `ry_products_cat` WHERE cat_id=58 LIMIT 1  [ RunTime:0.000189s ]
[ 2011-12-10T22:29:55-05:00 ] SQL: SELECT * FROM `ry_products_cat` WHERE cat_id=57 LIMIT 1  [ RunTime:0.000185s ]
[ 2011-12-10T22:29:55-05:00 ] SQL: SELECT * FROM `ry_products_cat` WHERE cat_id=60 LIMIT 1  [ RunTime:0.000188s ]
[ 2011-12-10T22:29:55-05:00 ] SQL: SELECT * FROM `ry_products_cat` WHERE cat_id=54 LIMIT 1  [ RunTime:0.000391s ]
[ 2011-12-10T22:29:55-05:00 ] SQL: SELECT * FROM `ry_products_cat` WHERE cat_id=55 LIMIT 1  [ RunTime:0.000223s ]
[ 2011-12-10T22:29:55-05:00 ] SQL: SELECT * FROM `ry_products_cat` WHERE cat_id=56 LIMIT 1  [ RunTime:0.000193s ]
[ 2011-12-10T22:29:55-05:00 ] SQL: SELECT * FROM `ry_products_cat` WHERE cat_id=8 LIMIT 1  [ RunTime:0.000187s ]
[ 2011-12-10T22:29:55-05:00 ] SQL: SELECT * FROM `ry_products_cat` WHERE cat_id=49 LIMIT 1  [ RunTime:0.000190s ]
[ 2011-12-10T22:29:55-05:00 ] SQL: SELECT * FROM `ry_products_cat` WHERE cat_id=50 LIMIT 1  [ RunTime:0.000215s ]
[ 2011-12-10T22:29:55-05:00 ] SQL: SELECT * FROM `ry_products_cat` WHERE cat_id=51 LIMIT 1  [ RunTime:0.000198s ]
[ 2011-12-10T22:29:55-05:00 ] SQL: SELECT * FROM `ry_products_cat` WHERE cat_id=52 LIMIT 1  [ RunTime:0.000191s ]
[ 2011-12-10T22:29:55-05:00 ] SQL: SELECT * FROM `ry_products_cat` WHERE cat_id=53 LIMIT 1  [ RunTime:0.000480s ]
[ 2011-12-10T22:29:55-05:00 ] SQL: SELECT * FROM `ry_products_cat` WHERE cat_id=17 LIMIT 1  [ RunTime:0.000400s ]
[ 2011-12-10T22:29:55-05:00 ] SQL: SELECT * FROM `ry_products_cat` WHERE cat_id=15 LIMIT 1  [ RunTime:0.000219s ]
[ 2011-12-10T22:29:55-05:00 ] SQL: SELECT * FROM `ry_products_cat` WHERE cat_id=16 LIMIT 1  [ RunTime:0.000194s ]
[ 2011-12-10T22:29:55-05:00 ] SQL: SELECT * FROM `ry_products_cat` WHERE cat_id=26 LIMIT 1  [ RunTime:0.000387s ]
[ 2011-12-10T22:29:55-05:00 ] SQL: SELECT * FROM `ry_products_cat` WHERE cat_id=25 LIMIT 1  [ RunTime:0.000208s ]
[ 2011-12-10T22:29:55-05:00 ] SQL: SELECT * FROM `ry_products_cat` WHERE cat_id=24 LIMIT 1  [ RunTime:0.000356s ]
[ 2011-12-10T22:29:55-05:00 ] SQL: SELECT * FROM `ry_products_cat` WHERE cat_id=23 LIMIT 1  [ RunTime:0.000223s ]
[ 2011-12-10T22:29:55-05:00 ] SQL: SELECT * FROM `ry_products_cat` WHERE cat_id=22 LIMIT 1  [ RunTime:0.000455s ]
[ 2011-12-10T22:29:55-05:00 ] SQL: SELECT * FROM `ry_products_cat` WHERE cat_id=21 LIMIT 1  [ RunTime:0.000265s ]
[ 2011-12-10T22:29:55-05:00 ] SQL: SELECT * FROM `ry_products_cat` WHERE cat_id=20 LIMIT 1  [ RunTime:0.000367s ]
[ 2011-12-10T22:29:55-05:00 ] SQL: SELECT * FROM `ry_products_cat` WHERE cat_id=19 LIMIT 1  [ RunTime:0.000392s ]
[ 2011-12-10T22:29:55-05:00 ] SQL: SELECT * FROM `ry_products_cat` WHERE cat_id=18 LIMIT 1  [ RunTime:0.000210s ]
[ 2011-12-10T22:29:55-05:00 ] NOTIC: [8] Undefined variable: msg 54d61eb4eafecfef775e4a103813da8e.php 第 45 行.
[ 2011-12-10T22:29:55-05:00 ] NOTIC: [8] Undefined variable: msg 54d61eb4eafecfef775e4a103813da8e.php 第 110 行.
[ 2011-12-10T22:29:55-05:00 ] NOTIC: [8] Undefined variable: msg 54d61eb4eafecfef775e4a103813da8e.php 第 110 行.
