[ 2012-03-01T20:49:45-05:00 ] SQL: SHOW COLUMNS FROM `ry_region` [ RunTime:0.004884s ]
[ 2012-03-01T20:49:45-05:00 ] SQL: SELECT * FROM `ry_region` WHERE ( `region_lang_code` = 'en-us' ) [ RunTime:0.000410s ]
[ 2012-03-01T20:49:45-05:00 ] SQL: SHOW COLUMNS FROM `ry_users` [ RunTime:0.005206s ]
[ 2012-03-01T20:49:45-05:00 ] NOTIC: [8] Undefined variable: msg 3b07957a53ccb31105e96f96aaa794c8.php 第 55 行.
[ 2012-03-01T20:49:45-05:00 ] NOTIC: [8] Undefined variable: msg 3b07957a53ccb31105e96f96aaa794c8.php 第 115 行.
[ 2012-03-01T20:49:45-05:00 ] NOTIC: [8] Undefined variable: msg 3b07957a53ccb31105e96f96aaa794c8.php 第 115 行.
[ 2012-03-01T20:49:53-05:00 ] SQL: SHOW COLUMNS FROM `ry_region` [ RunTime:0.004165s ]
[ 2012-03-01T20:49:53-05:00 ] SQL: SELECT * FROM `ry_region` WHERE ( `region_lang_code` = 'en-us' ) [ RunTime:0.000476s ]
[ 2012-03-01T20:49:53-05:00 ] SQL: SHOW COLUMNS FROM `ry_users` [ RunTime:0.004150s ]
[ 2012-03-01T20:49:53-05:00 ] NOTIC: [8] Undefined variable: msg 3b07957a53ccb31105e96f96aaa794c8.php 第 55 行.
[ 2012-03-01T20:49:53-05:00 ] NOTIC: [8] Undefined variable: msg 3b07957a53ccb31105e96f96aaa794c8.php 第 115 行.
[ 2012-03-01T20:49:53-05:00 ] NOTIC: [8] Undefined variable: msg 3b07957a53ccb31105e96f96aaa794c8.php 第 115 行.
[ 2012-03-01T20:49:55-05:00 ] SQL: SHOW COLUMNS FROM `ry_region` [ RunTime:0.003842s ]
[ 2012-03-01T20:49:55-05:00 ] SQL: SELECT * FROM `ry_region` WHERE ( `region_lang_code` = 'en-us' ) [ RunTime:0.000372s ]
[ 2012-03-01T20:49:55-05:00 ] SQL: SHOW COLUMNS FROM `ry_products` [ RunTime:0.005382s ]
[ 2012-03-01T20:49:55-05:00 ] SQL: SELECT COUNT(*) AS tp_count FROM `ry_products` LIMIT 1  [ RunTime:0.000297s ]
[ 2012-03-01T20:49:55-05:00 ] SQL: SELECT * FROM `ry_products` LIMIT 0,25  [ RunTime:0.000458s ]
[ 2012-03-01T20:49:55-05:00 ] NOTIC: [8] Undefined index: info f3fff2b5c97ac42f78439ba97dbcdcda.php 第 115 行.
[ 2012-03-01T20:49:55-05:00 ] NOTIC: [8] Undefined index: info f3fff2b5c97ac42f78439ba97dbcdcda.php 第 115 行.
[ 2012-03-01T20:50:03-05:00 ] SQL: SHOW COLUMNS FROM `ry_region` [ RunTime:0.004069s ]
[ 2012-03-01T20:50:03-05:00 ] SQL: SELECT * FROM `ry_region` WHERE ( `region_lang_code` = 'en-us' ) [ RunTime:0.000326s ]
[ 2012-03-01T20:50:03-05:00 ] SQL: SHOW COLUMNS FROM `ry_users` [ RunTime:0.004132s ]
[ 2012-03-01T20:50:03-05:00 ] NOTIC: [8] Undefined variable: msg 3b07957a53ccb31105e96f96aaa794c8.php 第 55 行.
[ 2012-03-01T20:50:03-05:00 ] NOTIC: [8] Undefined variable: msg 3b07957a53ccb31105e96f96aaa794c8.php 第 115 行.
[ 2012-03-01T20:50:03-05:00 ] NOTIC: [8] Undefined variable: msg 3b07957a53ccb31105e96f96aaa794c8.php 第 115 行.
[ 2012-03-01T20:50:10-05:00 ] SQL: SHOW COLUMNS FROM `ry_region` [ RunTime:0.003834s ]
[ 2012-03-01T20:50:10-05:00 ] SQL: SELECT * FROM `ry_region` WHERE ( `region_lang_code` = 'en-us' ) [ RunTime:0.000495s ]
[ 2012-03-01T20:50:10-05:00 ] SQL: SHOW COLUMNS FROM `ry_page` [ RunTime:0.005299s ]
[ 2012-03-01T20:50:10-05:00 ] SQL: SELECT COUNT(*) AS tp_count FROM `ry_page` LIMIT 1  [ RunTime:0.000262s ]
[ 2012-03-01T20:50:10-05:00 ] SQL: SELECT * FROM `ry_page` LIMIT 0,25  [ RunTime:0.000330s ]
[ 2012-03-01T20:50:10-05:00 ] NOTIC: [8] Undefined index: info 54042c11aa449cd5c6bb37d6a4c6f773.php 第 115 行.
[ 2012-03-01T20:50:10-05:00 ] NOTIC: [8] Undefined index: info 54042c11aa449cd5c6bb37d6a4c6f773.php 第 115 行.
[ 2012-03-01T20:50:13-05:00 ] SQL: SHOW COLUMNS FROM `ry_region` [ RunTime:0.004315s ]
[ 2012-03-01T20:50:13-05:00 ] SQL: SELECT * FROM `ry_region` WHERE ( `region_lang_code` = 'en-us' ) [ RunTime:0.000350s ]
[ 2012-03-01T20:50:13-05:00 ] SQL: SHOW COLUMNS FROM `ry_products_cat` [ RunTime:0.005116s ]
[ 2012-03-01T20:50:13-05:00 ] SQL: SELECT * FROM `ry_products_cat` ORDER BY parent_id asc [ RunTime:0.000656s ]
[ 2012-03-01T20:50:13-05:00 ] SQL: SELECT * FROM `ry_products_cat` WHERE cat_id=0 LIMIT 1  [ RunTime:0.000249s ]
[ 2012-03-01T20:50:13-05:00 ] SQL: SELECT * FROM `ry_products_cat` WHERE cat_id=67 LIMIT 1  [ RunTime:0.000263s ]
[ 2012-03-01T20:50:13-05:00 ] SQL: SELECT * FROM `ry_products_cat` WHERE cat_id=37 LIMIT 1  [ RunTime:0.000230s ]
[ 2012-03-01T20:50:13-05:00 ] SQL: SELECT * FROM `ry_products_cat` WHERE cat_id=36 LIMIT 1  [ RunTime:0.000188s ]
[ 2012-03-01T20:50:13-05:00 ] SQL: SELECT * FROM `ry_products_cat` WHERE cat_id=35 LIMIT 1  [ RunTime:0.000188s ]
[ 2012-03-01T20:50:13-05:00 ] SQL: SELECT * FROM `ry_products_cat` WHERE cat_id=34 LIMIT 1  [ RunTime:0.000173s ]
[ 2012-03-01T20:50:13-05:00 ] SQL: SELECT * FROM `ry_products_cat` WHERE cat_id=33 LIMIT 1  [ RunTime:0.000291s ]
[ 2012-03-01T20:50:13-05:00 ] SQL: SELECT * FROM `ry_products_cat` WHERE cat_id=32 LIMIT 1  [ RunTime:0.000197s ]
[ 2012-03-01T20:50:13-05:00 ] SQL: SELECT * FROM `ry_products_cat` WHERE cat_id=31 LIMIT 1  [ RunTime:0.000277s ]
[ 2012-03-01T20:50:13-05:00 ] SQL: SELECT * FROM `ry_products_cat` WHERE cat_id=30 LIMIT 1  [ RunTime:0.000200s ]
[ 2012-03-01T20:50:13-05:00 ] SQL: SELECT * FROM `ry_products_cat` WHERE cat_id=38 LIMIT 1  [ RunTime:0.000191s ]
[ 2012-03-01T20:50:13-05:00 ] SQL: SELECT * FROM `ry_products_cat` WHERE cat_id=39 LIMIT 1  [ RunTime:0.000196s ]
[ 2012-03-01T20:50:13-05:00 ] SQL: SELECT * FROM `ry_products_cat` WHERE cat_id=40 LIMIT 1  [ RunTime:0.000190s ]
[ 2012-03-01T20:50:13-05:00 ] SQL: SELECT * FROM `ry_products_cat` WHERE cat_id=48 LIMIT 1  [ RunTime:0.000174s ]
[ 2012-03-01T20:50:13-05:00 ] SQL: SELECT * FROM `ry_products_cat` WHERE cat_id=47 LIMIT 1  [ RunTime:0.000189s ]
[ 2012-03-01T20:50:13-05:00 ] SQL: SELECT * FROM `ry_products_cat` WHERE cat_id=46 LIMIT 1  [ RunTime:0.000284s ]
[ 2012-03-01T20:50:13-05:00 ] SQL: SELECT * FROM `ry_products_cat` WHERE cat_id=45 LIMIT 1  [ RunTime:0.000196s ]
[ 2012-03-01T20:50:13-05:00 ] SQL: SELECT * FROM `ry_products_cat` WHERE cat_id=44 LIMIT 1  [ RunTime:0.000203s ]
[ 2012-03-01T20:50:13-05:00 ] SQL: SELECT * FROM `ry_products_cat` WHERE cat_id=43 LIMIT 1  [ RunTime:0.000284s ]
[ 2012-03-01T20:50:13-05:00 ] SQL: SELECT * FROM `ry_products_cat` WHERE cat_id=42 LIMIT 1  [ RunTime:0.000203s ]
[ 2012-03-01T20:50:13-05:00 ] SQL: SELECT * FROM `ry_products_cat` WHERE cat_id=41 LIMIT 1  [ RunTime:0.000231s ]
[ 2012-03-01T20:50:13-05:00 ] SQL: SELECT * FROM `ry_products_cat` WHERE cat_id=29 LIMIT 1  [ RunTime:0.000171s ]
[ 2012-03-01T20:50:13-05:00 ] SQL: SELECT * FROM `ry_products_cat` WHERE cat_id=28 LIMIT 1  [ RunTime:0.000189s ]
[ 2012-03-01T20:50:13-05:00 ] SQL: SELECT * FROM `ry_products_cat` WHERE cat_id=27 LIMIT 1  [ RunTime:0.000178s ]
[ 2012-03-01T20:50:13-05:00 ] SQL: SELECT * FROM `ry_products_cat` WHERE cat_id=14 LIMIT 1  [ RunTime:0.000188s ]
[ 2012-03-01T20:50:13-05:00 ] SQL: SELECT * FROM `ry_products_cat` WHERE cat_id=13 LIMIT 1  [ RunTime:0.000196s ]
[ 2012-03-01T20:50:13-05:00 ] SQL: SELECT * FROM `ry_products_cat` WHERE cat_id=12 LIMIT 1  [ RunTime:0.000199s ]
[ 2012-03-01T20:50:13-05:00 ] SQL: SELECT * FROM `ry_products_cat` WHERE cat_id=11 LIMIT 1  [ RunTime:0.000308s ]
[ 2012-03-01T20:50:13-05:00 ] SQL: SELECT * FROM `ry_products_cat` WHERE cat_id=10 LIMIT 1  [ RunTime:0.000184s ]
[ 2012-03-01T20:50:13-05:00 ] SQL: SELECT * FROM `ry_products_cat` WHERE cat_id=62 LIMIT 1  [ RunTime:0.000192s ]
[ 2012-03-01T20:50:13-05:00 ] SQL: SELECT * FROM `ry_products_cat` WHERE cat_id=64 LIMIT 1  [ RunTime:0.000270s ]
[ 2012-03-01T20:50:13-05:00 ] SQL: SELECT * FROM `ry_products_cat` WHERE cat_id=65 LIMIT 1  [ RunTime:0.000307s ]
[ 2012-03-01T20:50:13-05:00 ] SQL: SELECT * FROM `ry_products_cat` WHERE cat_id=66 LIMIT 1  [ RunTime:0.000218s ]
[ 2012-03-01T20:50:13-05:00 ] SQL: SELECT * FROM `ry_products_cat` WHERE cat_id=63 LIMIT 1  [ RunTime:0.000193s ]
[ 2012-03-01T20:50:13-05:00 ] SQL: SELECT * FROM `ry_products_cat` WHERE cat_id=9 LIMIT 1  [ RunTime:0.000176s ]
[ 2012-03-01T20:50:13-05:00 ] SQL: SELECT * FROM `ry_products_cat` WHERE cat_id=61 LIMIT 1  [ RunTime:0.000201s ]
[ 2012-03-01T20:50:13-05:00 ] SQL: SELECT * FROM `ry_products_cat` WHERE cat_id=59 LIMIT 1  [ RunTime:0.000179s ]
[ 2012-03-01T20:50:13-05:00 ] SQL: SELECT * FROM `ry_products_cat` WHERE cat_id=58 LIMIT 1  [ RunTime:0.000184s ]
[ 2012-03-01T20:50:13-05:00 ] SQL: SELECT * FROM `ry_products_cat` WHERE cat_id=57 LIMIT 1  [ RunTime:0.000186s ]
[ 2012-03-01T20:50:13-05:00 ] SQL: SELECT * FROM `ry_products_cat` WHERE cat_id=60 LIMIT 1  [ RunTime:0.000185s ]
[ 2012-03-01T20:50:13-05:00 ] SQL: SELECT * FROM `ry_products_cat` WHERE cat_id=54 LIMIT 1  [ RunTime:0.000188s ]
[ 2012-03-01T20:50:13-05:00 ] SQL: SELECT * FROM `ry_products_cat` WHERE cat_id=55 LIMIT 1  [ RunTime:0.000186s ]
[ 2012-03-01T20:50:13-05:00 ] SQL: SELECT * FROM `ry_products_cat` WHERE cat_id=56 LIMIT 1  [ RunTime:0.000192s ]
[ 2012-03-01T20:50:13-05:00 ] SQL: SELECT * FROM `ry_products_cat` WHERE cat_id=8 LIMIT 1  [ RunTime:0.000176s ]
[ 2012-03-01T20:50:13-05:00 ] SQL: SELECT * FROM `ry_products_cat` WHERE cat_id=49 LIMIT 1  [ RunTime:0.000196s ]
[ 2012-03-01T20:50:13-05:00 ] SQL: SELECT * FROM `ry_products_cat` WHERE cat_id=50 LIMIT 1  [ RunTime:0.000207s ]
[ 2012-03-01T20:50:13-05:00 ] SQL: SELECT * FROM `ry_products_cat` WHERE cat_id=51 LIMIT 1  [ RunTime:0.000270s ]
[ 2012-03-01T20:50:13-05:00 ] SQL: SELECT * FROM `ry_products_cat` WHERE cat_id=52 LIMIT 1  [ RunTime:0.000256s ]
[ 2012-03-01T20:50:13-05:00 ] SQL: SELECT * FROM `ry_products_cat` WHERE cat_id=53 LIMIT 1  [ RunTime:0.000301s ]
[ 2012-03-01T20:50:13-05:00 ] SQL: SELECT * FROM `ry_products_cat` WHERE cat_id=17 LIMIT 1  [ RunTime:0.000205s ]
[ 2012-03-01T20:50:13-05:00 ] SQL: SELECT * FROM `ry_products_cat` WHERE cat_id=15 LIMIT 1  [ RunTime:0.000275s ]
[ 2012-03-01T20:50:13-05:00 ] SQL: SELECT * FROM `ry_products_cat` WHERE cat_id=16 LIMIT 1  [ RunTime:0.000286s ]
[ 2012-03-01T20:50:13-05:00 ] SQL: SELECT * FROM `ry_products_cat` WHERE cat_id=26 LIMIT 1  [ RunTime:0.000235s ]
[ 2012-03-01T20:50:13-05:00 ] SQL: SELECT * FROM `ry_products_cat` WHERE cat_id=25 LIMIT 1  [ RunTime:0.000239s ]
[ 2012-03-01T20:50:13-05:00 ] SQL: SELECT * FROM `ry_products_cat` WHERE cat_id=24 LIMIT 1  [ RunTime:0.000190s ]
[ 2012-03-01T20:50:13-05:00 ] SQL: SELECT * FROM `ry_products_cat` WHERE cat_id=23 LIMIT 1  [ RunTime:0.000211s ]
[ 2012-03-01T20:50:13-05:00 ] SQL: SELECT * FROM `ry_products_cat` WHERE cat_id=22 LIMIT 1  [ RunTime:0.000179s ]
[ 2012-03-01T20:50:13-05:00 ] SQL: SELECT * FROM `ry_products_cat` WHERE cat_id=21 LIMIT 1  [ RunTime:0.000214s ]
[ 2012-03-01T20:50:13-05:00 ] SQL: SELECT * FROM `ry_products_cat` WHERE cat_id=20 LIMIT 1  [ RunTime:0.000691s ]
[ 2012-03-01T20:50:13-05:00 ] SQL: SELECT * FROM `ry_products_cat` WHERE cat_id=19 LIMIT 1  [ RunTime:0.001434s ]
[ 2012-03-01T20:50:13-05:00 ] SQL: SELECT * FROM `ry_products_cat` WHERE cat_id=18 LIMIT 1  [ RunTime:0.000365s ]
[ 2012-03-01T20:50:13-05:00 ] NOTIC: [8] Undefined variable: msg 54d61eb4eafecfef775e4a103813da8e.php 第 55 行.
[ 2012-03-01T20:50:13-05:00 ] NOTIC: [8] Undefined variable: msg 54d61eb4eafecfef775e4a103813da8e.php 第 115 行.
[ 2012-03-01T20:50:13-05:00 ] NOTIC: [8] Undefined variable: msg 54d61eb4eafecfef775e4a103813da8e.php 第 115 行.
[ 2012-03-01T20:50:15-05:00 ] SQL: SHOW COLUMNS FROM `ry_region` [ RunTime:0.004007s ]
[ 2012-03-01T20:50:15-05:00 ] SQL: SELECT * FROM `ry_region` WHERE ( `region_lang_code` = 'en-us' ) [ RunTime:0.000407s ]
[ 2012-03-01T20:50:15-05:00 ] SQL: SHOW COLUMNS FROM `ry_products_cat` [ RunTime:0.003847s ]
[ 2012-03-01T20:50:15-05:00 ] SQL: SELECT * FROM `ry_products_cat` WHERE ( `is_show` = '1' ) ORDER BY parent_id asc [ RunTime:0.000603s ]
[ 2012-03-01T20:50:15-05:00 ] SQL: SELECT * FROM `ry_products_cat` WHERE ( `cat_id` = '37' ) LIMIT 1  [ RunTime:0.000228s ]
[ 2012-03-01T20:50:15-05:00 ] NOTIC: [8] Undefined variable: msg 5b1d4ccd6d731aad92baf79ff4862f1e.php 第 55 行.
[ 2012-03-01T20:50:15-05:00 ] NOTIC: [8] Undefined variable: msg 5b1d4ccd6d731aad92baf79ff4862f1e.php 第 115 行.
[ 2012-03-01T20:50:15-05:00 ] NOTIC: [8] Undefined variable: msg 5b1d4ccd6d731aad92baf79ff4862f1e.php 第 115 行.
[ 2012-03-01T20:50:22-05:00 ] SQL: SHOW COLUMNS FROM `ry_region` [ RunTime:0.004218s ]
[ 2012-03-01T20:50:22-05:00 ] SQL: SELECT * FROM `ry_region` WHERE ( `region_lang_code` = 'en-us' ) [ RunTime:0.000327s ]
[ 2012-03-01T20:50:22-05:00 ] SQL: SHOW COLUMNS FROM `ry_users` [ RunTime:0.003934s ]
[ 2012-03-01T20:50:22-05:00 ] SQL: SELECT COUNT(*) AS tp_count FROM `ry_users` LIMIT 1  [ RunTime:0.000224s ]
[ 2012-03-01T20:50:22-05:00 ] SQL: SELECT * FROM `ry_users` LIMIT 0,25  [ RunTime:0.000314s ]
[ 2012-03-01T20:50:22-05:00 ] NOTIC: [8] Undefined index: info 1282e97849dec9495baef5755c79259c.php 第 115 行.
[ 2012-03-01T20:50:22-05:00 ] NOTIC: [8] Undefined index: info 1282e97849dec9495baef5755c79259c.php 第 115 行.
[ 2012-03-01T20:50:22-05:00 ] NOTIC: [8] Undefined index: uid 1282e97849dec9495baef5755c79259c.php 第 129 行.
[ 2012-03-01T22:14:37-05:00 ] ERR: (ThinkException) 非法操作register
[ 2012-03-01T22:14:45-05:00 ] ERR: (ThinkException) 非法操作register
[ 2012-03-01T22:22:14-05:00 ] SQL: SHOW COLUMNS FROM `ry_region` [ RunTime:0.005431s ]
[ 2012-03-01T22:22:14-05:00 ] SQL: SELECT * FROM `ry_region` WHERE ( `region_lang_code` = 'en-us' ) [ RunTime:0.000429s ]
[ 2012-03-01T22:22:14-05:00 ] SQL: SHOW COLUMNS FROM `ry_users` [ RunTime:0.005301s ]
[ 2012-03-01T22:22:14-05:00 ] NOTIC: [8] Undefined variable: msg 3b07957a53ccb31105e96f96aaa794c8.php 第 55 行.
[ 2012-03-01T22:22:14-05:00 ] NOTIC: [8] Undefined variable: msg 3b07957a53ccb31105e96f96aaa794c8.php 第 115 行.
[ 2012-03-01T22:22:14-05:00 ] NOTIC: [8] Undefined variable: msg 3b07957a53ccb31105e96f96aaa794c8.php 第 115 行.
