[ 2012-01-04T21:20:38-05:00 ] SQL: SHOW COLUMNS FROM `ry_users` [ RunTime:0.021850s ]
[ 2012-01-04T21:20:41-05:00 ] SQL: SHOW COLUMNS FROM `ry_users` [ RunTime:0.004346s ]
[ 2012-01-04T21:20:41-05:00 ] SQL: SELECT COUNT(*) AS tp_count FROM `ry_users` WHERE ( `user_name` = 'admin' ) AND ( `user_password` = 'e10adc3949ba59abbe56e057f20f883e' ) LIMIT 1  [ RunTime:0.000442s ]
[ 2012-01-04T21:20:41-05:00 ] SQL: SELECT * FROM `ry_users` WHERE ( `user_name` = 'admin' ) AND ( `user_password` = 'e10adc3949ba59abbe56e057f20f883e' ) LIMIT 1  [ RunTime:0.000383s ]
[ 2012-01-04T21:20:43-05:00 ] SQL: SHOW COLUMNS FROM `ry_users` [ RunTime:0.004639s ]
[ 2012-01-04T21:20:43-05:00 ] NOTIC: [8] Undefined variable: msg 3b07957a53ccb31105e96f96aaa794c8.php 第 55 行.
[ 2012-01-04T21:20:43-05:00 ] NOTIC: [8] Undefined variable: msg 3b07957a53ccb31105e96f96aaa794c8.php 第 109 行.
[ 2012-01-04T21:20:43-05:00 ] NOTIC: [8] Undefined variable: msg 3b07957a53ccb31105e96f96aaa794c8.php 第 109 行.
[ 2012-01-04T21:20:43-05:00 ] SQL: SHOW COLUMNS FROM `ry_users` [ RunTime:0.004331s ]
[ 2012-01-04T21:20:43-05:00 ] NOTIC: [8] Undefined variable: msg 3b07957a53ccb31105e96f96aaa794c8.php 第 55 行.
[ 2012-01-04T21:20:43-05:00 ] NOTIC: [8] Undefined variable: msg 3b07957a53ccb31105e96f96aaa794c8.php 第 109 行.
[ 2012-01-04T21:20:43-05:00 ] NOTIC: [8] Undefined variable: msg 3b07957a53ccb31105e96f96aaa794c8.php 第 109 行.
[ 2012-01-04T21:20:46-05:00 ] SQL: SHOW COLUMNS FROM `ry_products_cat` [ RunTime:0.004395s ]
[ 2012-01-04T21:20:46-05:00 ] SQL: SELECT * FROM `ry_products_cat` ORDER BY parent_id asc [ RunTime:0.000592s ]
[ 2012-01-04T21:20:46-05:00 ] SQL: SELECT * FROM `ry_products_cat` WHERE cat_id=0 LIMIT 1  [ RunTime:0.000371s ]
[ 2012-01-04T21:20:46-05:00 ] SQL: SELECT * FROM `ry_products_cat` WHERE cat_id=67 LIMIT 1  [ RunTime:0.000197s ]
[ 2012-01-04T21:20:46-05:00 ] SQL: SELECT * FROM `ry_products_cat` WHERE cat_id=37 LIMIT 1  [ RunTime:0.000184s ]
[ 2012-01-04T21:20:46-05:00 ] SQL: SELECT * FROM `ry_products_cat` WHERE cat_id=36 LIMIT 1  [ RunTime:0.000174s ]
[ 2012-01-04T21:20:46-05:00 ] SQL: SELECT * FROM `ry_products_cat` WHERE cat_id=35 LIMIT 1  [ RunTime:0.000174s ]
[ 2012-01-04T21:20:46-05:00 ] SQL: SELECT * FROM `ry_products_cat` WHERE cat_id=34 LIMIT 1  [ RunTime:0.000171s ]
[ 2012-01-04T21:20:46-05:00 ] SQL: SELECT * FROM `ry_products_cat` WHERE cat_id=33 LIMIT 1  [ RunTime:0.000163s ]
[ 2012-01-04T21:20:46-05:00 ] SQL: SELECT * FROM `ry_products_cat` WHERE cat_id=32 LIMIT 1  [ RunTime:0.000169s ]
[ 2012-01-04T21:20:46-05:00 ] SQL: SELECT * FROM `ry_products_cat` WHERE cat_id=31 LIMIT 1  [ RunTime:0.000173s ]
[ 2012-01-04T21:20:46-05:00 ] SQL: SELECT * FROM `ry_products_cat` WHERE cat_id=30 LIMIT 1  [ RunTime:0.000172s ]
[ 2012-01-04T21:20:46-05:00 ] SQL: SELECT * FROM `ry_products_cat` WHERE cat_id=38 LIMIT 1  [ RunTime:0.000165s ]
[ 2012-01-04T21:20:46-05:00 ] SQL: SELECT * FROM `ry_products_cat` WHERE cat_id=39 LIMIT 1  [ RunTime:0.000167s ]
[ 2012-01-04T21:20:46-05:00 ] SQL: SELECT * FROM `ry_products_cat` WHERE cat_id=40 LIMIT 1  [ RunTime:0.000162s ]
[ 2012-01-04T21:20:46-05:00 ] SQL: SELECT * FROM `ry_products_cat` WHERE cat_id=48 LIMIT 1  [ RunTime:0.000166s ]
[ 2012-01-04T21:20:46-05:00 ] SQL: SELECT * FROM `ry_products_cat` WHERE cat_id=47 LIMIT 1  [ RunTime:0.000164s ]
[ 2012-01-04T21:20:46-05:00 ] SQL: SELECT * FROM `ry_products_cat` WHERE cat_id=46 LIMIT 1  [ RunTime:0.000194s ]
[ 2012-01-04T21:20:46-05:00 ] SQL: SELECT * FROM `ry_products_cat` WHERE cat_id=45 LIMIT 1  [ RunTime:0.000179s ]
[ 2012-01-04T21:20:46-05:00 ] SQL: SELECT * FROM `ry_products_cat` WHERE cat_id=44 LIMIT 1  [ RunTime:0.000167s ]
[ 2012-01-04T21:20:46-05:00 ] SQL: SELECT * FROM `ry_products_cat` WHERE cat_id=43 LIMIT 1  [ RunTime:0.000164s ]
[ 2012-01-04T21:20:46-05:00 ] SQL: SELECT * FROM `ry_products_cat` WHERE cat_id=42 LIMIT 1  [ RunTime:0.000194s ]
[ 2012-01-04T21:20:46-05:00 ] SQL: SELECT * FROM `ry_products_cat` WHERE cat_id=41 LIMIT 1  [ RunTime:0.000204s ]
[ 2012-01-04T21:20:46-05:00 ] SQL: SELECT * FROM `ry_products_cat` WHERE cat_id=29 LIMIT 1  [ RunTime:0.000181s ]
[ 2012-01-04T21:20:46-05:00 ] SQL: SELECT * FROM `ry_products_cat` WHERE cat_id=28 LIMIT 1  [ RunTime:0.000173s ]
[ 2012-01-04T21:20:46-05:00 ] SQL: SELECT * FROM `ry_products_cat` WHERE cat_id=27 LIMIT 1  [ RunTime:0.000201s ]
[ 2012-01-04T21:20:46-05:00 ] SQL: SELECT * FROM `ry_products_cat` WHERE cat_id=14 LIMIT 1  [ RunTime:0.000167s ]
[ 2012-01-04T21:20:46-05:00 ] SQL: SELECT * FROM `ry_products_cat` WHERE cat_id=13 LIMIT 1  [ RunTime:0.000163s ]
[ 2012-01-04T21:20:46-05:00 ] SQL: SELECT * FROM `ry_products_cat` WHERE cat_id=12 LIMIT 1  [ RunTime:0.000162s ]
[ 2012-01-04T21:20:46-05:00 ] SQL: SELECT * FROM `ry_products_cat` WHERE cat_id=11 LIMIT 1  [ RunTime:0.000163s ]
[ 2012-01-04T21:20:46-05:00 ] SQL: SELECT * FROM `ry_products_cat` WHERE cat_id=10 LIMIT 1  [ RunTime:0.000168s ]
[ 2012-01-04T21:20:46-05:00 ] SQL: SELECT * FROM `ry_products_cat` WHERE cat_id=62 LIMIT 1  [ RunTime:0.000159s ]
[ 2012-01-04T21:20:46-05:00 ] SQL: SELECT * FROM `ry_products_cat` WHERE cat_id=64 LIMIT 1  [ RunTime:0.000168s ]
[ 2012-01-04T21:20:46-05:00 ] SQL: SELECT * FROM `ry_products_cat` WHERE cat_id=65 LIMIT 1  [ RunTime:0.000168s ]
[ 2012-01-04T21:20:46-05:00 ] SQL: SELECT * FROM `ry_products_cat` WHERE cat_id=66 LIMIT 1  [ RunTime:0.000162s ]
[ 2012-01-04T21:20:46-05:00 ] SQL: SELECT * FROM `ry_products_cat` WHERE cat_id=63 LIMIT 1  [ RunTime:0.000158s ]
[ 2012-01-04T21:20:46-05:00 ] SQL: SELECT * FROM `ry_products_cat` WHERE cat_id=9 LIMIT 1  [ RunTime:0.000170s ]
[ 2012-01-04T21:20:46-05:00 ] SQL: SELECT * FROM `ry_products_cat` WHERE cat_id=61 LIMIT 1  [ RunTime:0.000308s ]
[ 2012-01-04T21:20:46-05:00 ] SQL: SELECT * FROM `ry_products_cat` WHERE cat_id=59 LIMIT 1  [ RunTime:0.000184s ]
[ 2012-01-04T21:20:46-05:00 ] SQL: SELECT * FROM `ry_products_cat` WHERE cat_id=58 LIMIT 1  [ RunTime:0.000173s ]
[ 2012-01-04T21:20:46-05:00 ] SQL: SELECT * FROM `ry_products_cat` WHERE cat_id=57 LIMIT 1  [ RunTime:0.000170s ]
[ 2012-01-04T21:20:46-05:00 ] SQL: SELECT * FROM `ry_products_cat` WHERE cat_id=60 LIMIT 1  [ RunTime:0.000173s ]
[ 2012-01-04T21:20:46-05:00 ] SQL: SELECT * FROM `ry_products_cat` WHERE cat_id=54 LIMIT 1  [ RunTime:0.000168s ]
[ 2012-01-04T21:20:46-05:00 ] SQL: SELECT * FROM `ry_products_cat` WHERE cat_id=55 LIMIT 1  [ RunTime:0.000170s ]
[ 2012-01-04T21:20:46-05:00 ] SQL: SELECT * FROM `ry_products_cat` WHERE cat_id=56 LIMIT 1  [ RunTime:0.000162s ]
[ 2012-01-04T21:20:46-05:00 ] SQL: SELECT * FROM `ry_products_cat` WHERE cat_id=8 LIMIT 1  [ RunTime:0.000161s ]
[ 2012-01-04T21:20:46-05:00 ] SQL: SELECT * FROM `ry_products_cat` WHERE cat_id=49 LIMIT 1  [ RunTime:0.000159s ]
[ 2012-01-04T21:20:46-05:00 ] SQL: SELECT * FROM `ry_products_cat` WHERE cat_id=50 LIMIT 1  [ RunTime:0.000161s ]
[ 2012-01-04T21:20:46-05:00 ] SQL: SELECT * FROM `ry_products_cat` WHERE cat_id=51 LIMIT 1  [ RunTime:0.000160s ]
[ 2012-01-04T21:20:46-05:00 ] SQL: SELECT * FROM `ry_products_cat` WHERE cat_id=52 LIMIT 1  [ RunTime:0.000240s ]
[ 2012-01-04T21:20:46-05:00 ] SQL: SELECT * FROM `ry_products_cat` WHERE cat_id=53 LIMIT 1  [ RunTime:0.000181s ]
[ 2012-01-04T21:20:46-05:00 ] SQL: SELECT * FROM `ry_products_cat` WHERE cat_id=17 LIMIT 1  [ RunTime:0.000288s ]
[ 2012-01-04T21:20:46-05:00 ] SQL: SELECT * FROM `ry_products_cat` WHERE cat_id=15 LIMIT 1  [ RunTime:0.000180s ]
[ 2012-01-04T21:20:46-05:00 ] SQL: SELECT * FROM `ry_products_cat` WHERE cat_id=16 LIMIT 1  [ RunTime:0.000178s ]
[ 2012-01-04T21:20:46-05:00 ] SQL: SELECT * FROM `ry_products_cat` WHERE cat_id=26 LIMIT 1  [ RunTime:0.000169s ]
[ 2012-01-04T21:20:46-05:00 ] SQL: SELECT * FROM `ry_products_cat` WHERE cat_id=25 LIMIT 1  [ RunTime:0.000185s ]
[ 2012-01-04T21:20:46-05:00 ] SQL: SELECT * FROM `ry_products_cat` WHERE cat_id=24 LIMIT 1  [ RunTime:0.000168s ]
[ 2012-01-04T21:20:46-05:00 ] SQL: SELECT * FROM `ry_products_cat` WHERE cat_id=23 LIMIT 1  [ RunTime:0.000169s ]
[ 2012-01-04T21:20:46-05:00 ] SQL: SELECT * FROM `ry_products_cat` WHERE cat_id=22 LIMIT 1  [ RunTime:0.000169s ]
[ 2012-01-04T21:20:46-05:00 ] SQL: SELECT * FROM `ry_products_cat` WHERE cat_id=21 LIMIT 1  [ RunTime:0.000185s ]
[ 2012-01-04T21:20:46-05:00 ] SQL: SELECT * FROM `ry_products_cat` WHERE cat_id=20 LIMIT 1  [ RunTime:0.000161s ]
[ 2012-01-04T21:20:46-05:00 ] SQL: SELECT * FROM `ry_products_cat` WHERE cat_id=19 LIMIT 1  [ RunTime:0.000167s ]
[ 2012-01-04T21:20:46-05:00 ] SQL: SELECT * FROM `ry_products_cat` WHERE cat_id=18 LIMIT 1  [ RunTime:0.000163s ]
[ 2012-01-04T21:20:46-05:00 ] NOTIC: [8] Undefined variable: msg 54d61eb4eafecfef775e4a103813da8e.php 第 55 行.
[ 2012-01-04T21:20:46-05:00 ] NOTIC: [8] Undefined variable: msg 54d61eb4eafecfef775e4a103813da8e.php 第 109 行.
[ 2012-01-04T21:20:46-05:00 ] NOTIC: [8] Undefined variable: msg 54d61eb4eafecfef775e4a103813da8e.php 第 109 行.
[ 2012-01-04T21:20:49-05:00 ] SQL: SHOW COLUMNS FROM `ry_products` [ RunTime:0.004144s ]
[ 2012-01-04T21:20:49-05:00 ] SQL: SELECT COUNT(*) AS tp_count FROM `ry_products` LIMIT 1  [ RunTime:0.000211s ]
[ 2012-01-04T21:20:49-05:00 ] SQL: SELECT * FROM `ry_products` LIMIT 0,25  [ RunTime:0.000375s ]
[ 2012-01-04T21:20:49-05:00 ] NOTIC: [8] Undefined index: info f3fff2b5c97ac42f78439ba97dbcdcda.php 第 109 行.
[ 2012-01-04T21:20:49-05:00 ] NOTIC: [8] Undefined index: info f3fff2b5c97ac42f78439ba97dbcdcda.php 第 109 行.
[ 2012-01-04T21:20:58-05:00 ] SQL: SHOW COLUMNS FROM `ry_post` [ RunTime:0.015717s ]
[ 2012-01-04T21:20:58-05:00 ] SQL: SELECT COUNT(*) AS tp_count FROM `ry_post` LIMIT 1  [ RunTime:0.000279s ]
[ 2012-01-04T21:20:58-05:00 ] SQL: SELECT * FROM `ry_post` LIMIT 0,25  [ RunTime:0.000400s ]
[ 2012-01-04T21:20:58-05:00 ] NOTIC: [8] Undefined index: info 46f626855fb1bfaf18777d0009818860.php 第 109 行.
[ 2012-01-04T21:20:58-05:00 ] NOTIC: [8] Undefined index: info 46f626855fb1bfaf18777d0009818860.php 第 109 行.
[ 2012-01-04T21:21:02-05:00 ] SQL: SHOW COLUMNS FROM `ry_page` [ RunTime:0.005559s ]
[ 2012-01-04T21:21:02-05:00 ] SQL: SELECT COUNT(*) AS tp_count FROM `ry_page` LIMIT 1  [ RunTime:0.000275s ]
[ 2012-01-04T21:21:02-05:00 ] SQL: SELECT * FROM `ry_page` LIMIT 0,25  [ RunTime:0.000294s ]
[ 2012-01-04T21:21:02-05:00 ] NOTIC: [8] Undefined index: info 54042c11aa449cd5c6bb37d6a4c6f773.php 第 109 行.
[ 2012-01-04T21:21:02-05:00 ] NOTIC: [8] Undefined index: info 54042c11aa449cd5c6bb37d6a4c6f773.php 第 109 行.
[ 2012-01-04T21:21:05-05:00 ] SQL: SHOW COLUMNS FROM `ry_products` [ RunTime:0.004438s ]
[ 2012-01-04T21:21:05-05:00 ] SQL: SELECT COUNT(*) AS tp_count FROM `ry_products` LIMIT 1  [ RunTime:0.000257s ]
[ 2012-01-04T21:21:05-05:00 ] SQL: SELECT * FROM `ry_products` LIMIT 0,25  [ RunTime:0.000441s ]
[ 2012-01-04T21:21:05-05:00 ] NOTIC: [8] Undefined index: info f3fff2b5c97ac42f78439ba97dbcdcda.php 第 109 行.
[ 2012-01-04T21:21:05-05:00 ] NOTIC: [8] Undefined index: info f3fff2b5c97ac42f78439ba97dbcdcda.php 第 109 行.
[ 2012-01-04T21:21:16-05:00 ] SQL: SHOW COLUMNS FROM `ry_products_lang` [ RunTime:0.004316s ]
[ 2012-01-04T21:21:16-05:00 ] SQL: SELECT COUNT(*) AS tp_count FROM `ry_products_lang` WHERE ( `pid` = '1' ) LIMIT 1  [ RunTime:0.000510s ]
[ 2012-01-04T21:21:16-05:00 ] SQL: SELECT * FROM `ry_products_lang` WHERE ( `pid` = '1' ) [ RunTime:0.000274s ]
[ 2012-01-04T21:21:16-05:00 ] NOTIC: [8] Undefined variable: msg cd12dcce469b8ec8f9f8ed1070d3c4e0.php 第 55 行.
[ 2012-01-04T21:21:16-05:00 ] NOTIC: [8] Undefined variable: msg cd12dcce469b8ec8f9f8ed1070d3c4e0.php 第 109 行.
[ 2012-01-04T21:21:16-05:00 ] NOTIC: [8] Undefined variable: msg cd12dcce469b8ec8f9f8ed1070d3c4e0.php 第 109 行.
