[ 2012-01-15T15:18:50-05:00 ] SQL: SHOW COLUMNS FROM `ry_users` [ RunTime:0.006137s ]
[ 2012-01-15T15:18:53-05:00 ] SQL: SHOW COLUMNS FROM `ry_users` [ RunTime:0.004428s ]
[ 2012-01-15T15:18:53-05:00 ] SQL: SELECT COUNT(*) AS tp_count FROM `ry_users` WHERE ( `user_name` = 'admin' ) AND ( `user_password` = 'e10adc3949ba59abbe56e057f20f883e' ) LIMIT 1  [ RunTime:0.000460s ]
[ 2012-01-15T15:18:53-05:00 ] SQL: SELECT * FROM `ry_users` WHERE ( `user_name` = 'admin' ) AND ( `user_password` = 'e10adc3949ba59abbe56e057f20f883e' ) LIMIT 1  [ RunTime:0.000357s ]
[ 2012-01-15T15:18:55-05:00 ] SQL: SHOW COLUMNS FROM `ry_users` [ RunTime:0.004491s ]
[ 2012-01-15T15:18:55-05:00 ] NOTIC: [8] Undefined variable: msg 3b07957a53ccb31105e96f96aaa794c8.php 第 55 行.
[ 2012-01-15T15:18:55-05:00 ] NOTIC: [8] Undefined variable: msg 3b07957a53ccb31105e96f96aaa794c8.php 第 115 行.
[ 2012-01-15T15:18:55-05:00 ] NOTIC: [8] Undefined variable: msg 3b07957a53ccb31105e96f96aaa794c8.php 第 115 行.
[ 2012-01-15T15:18:55-05:00 ] SQL: SHOW COLUMNS FROM `ry_users` [ RunTime:0.004328s ]
[ 2012-01-15T15:18:55-05:00 ] NOTIC: [8] Undefined variable: msg 3b07957a53ccb31105e96f96aaa794c8.php 第 55 行.
[ 2012-01-15T15:18:55-05:00 ] NOTIC: [8] Undefined variable: msg 3b07957a53ccb31105e96f96aaa794c8.php 第 115 行.
[ 2012-01-15T15:18:55-05:00 ] NOTIC: [8] Undefined variable: msg 3b07957a53ccb31105e96f96aaa794c8.php 第 115 行.
[ 2012-01-15T15:19:01-05:00 ] SQL: SHOW COLUMNS FROM `ry_products_cat` [ RunTime:0.004303s ]
[ 2012-01-15T15:19:01-05:00 ] SQL: SELECT * FROM `ry_products_cat` ORDER BY parent_id asc [ RunTime:0.000593s ]
[ 2012-01-15T15:19:01-05:00 ] SQL: SELECT * FROM `ry_products_cat` WHERE cat_id=0 LIMIT 1  [ RunTime:0.000230s ]
[ 2012-01-15T15:19:01-05:00 ] SQL: SELECT * FROM `ry_products_cat` WHERE cat_id=67 LIMIT 1  [ RunTime:0.000225s ]
[ 2012-01-15T15:19:01-05:00 ] SQL: SELECT * FROM `ry_products_cat` WHERE cat_id=37 LIMIT 1  [ RunTime:0.000286s ]
[ 2012-01-15T15:19:01-05:00 ] SQL: SELECT * FROM `ry_products_cat` WHERE cat_id=36 LIMIT 1  [ RunTime:0.000229s ]
[ 2012-01-15T15:19:01-05:00 ] SQL: SELECT * FROM `ry_products_cat` WHERE cat_id=35 LIMIT 1  [ RunTime:0.000236s ]
[ 2012-01-15T15:19:01-05:00 ] SQL: SELECT * FROM `ry_products_cat` WHERE cat_id=34 LIMIT 1  [ RunTime:0.000177s ]
[ 2012-01-15T15:19:01-05:00 ] SQL: SELECT * FROM `ry_products_cat` WHERE cat_id=33 LIMIT 1  [ RunTime:0.000180s ]
[ 2012-01-15T15:19:01-05:00 ] SQL: SELECT * FROM `ry_products_cat` WHERE cat_id=32 LIMIT 1  [ RunTime:0.000191s ]
[ 2012-01-15T15:19:01-05:00 ] SQL: SELECT * FROM `ry_products_cat` WHERE cat_id=31 LIMIT 1  [ RunTime:0.000184s ]
[ 2012-01-15T15:19:01-05:00 ] SQL: SELECT * FROM `ry_products_cat` WHERE cat_id=30 LIMIT 1  [ RunTime:0.000379s ]
[ 2012-01-15T15:19:01-05:00 ] SQL: SELECT * FROM `ry_products_cat` WHERE cat_id=38 LIMIT 1  [ RunTime:0.000185s ]
[ 2012-01-15T15:19:01-05:00 ] SQL: SELECT * FROM `ry_products_cat` WHERE cat_id=39 LIMIT 1  [ RunTime:0.000174s ]
[ 2012-01-15T15:19:01-05:00 ] SQL: SELECT * FROM `ry_products_cat` WHERE cat_id=40 LIMIT 1  [ RunTime:0.000162s ]
[ 2012-01-15T15:19:01-05:00 ] SQL: SELECT * FROM `ry_products_cat` WHERE cat_id=48 LIMIT 1  [ RunTime:0.000237s ]
[ 2012-01-15T15:19:01-05:00 ] SQL: SELECT * FROM `ry_products_cat` WHERE cat_id=47 LIMIT 1  [ RunTime:0.000265s ]
[ 2012-01-15T15:19:01-05:00 ] SQL: SELECT * FROM `ry_products_cat` WHERE cat_id=46 LIMIT 1  [ RunTime:0.000222s ]
[ 2012-01-15T15:19:01-05:00 ] SQL: SELECT * FROM `ry_products_cat` WHERE cat_id=45 LIMIT 1  [ RunTime:0.000252s ]
[ 2012-01-15T15:19:01-05:00 ] SQL: SELECT * FROM `ry_products_cat` WHERE cat_id=44 LIMIT 1  [ RunTime:0.000172s ]
[ 2012-01-15T15:19:01-05:00 ] SQL: SELECT * FROM `ry_products_cat` WHERE cat_id=43 LIMIT 1  [ RunTime:0.000404s ]
[ 2012-01-15T15:19:01-05:00 ] SQL: SELECT * FROM `ry_products_cat` WHERE cat_id=42 LIMIT 1  [ RunTime:0.000285s ]
[ 2012-01-15T15:19:01-05:00 ] SQL: SELECT * FROM `ry_products_cat` WHERE cat_id=41 LIMIT 1  [ RunTime:0.000290s ]
[ 2012-01-15T15:19:01-05:00 ] SQL: SELECT * FROM `ry_products_cat` WHERE cat_id=29 LIMIT 1  [ RunTime:0.000261s ]
[ 2012-01-15T15:19:01-05:00 ] SQL: SELECT * FROM `ry_products_cat` WHERE cat_id=28 LIMIT 1  [ RunTime:0.000266s ]
[ 2012-01-15T15:19:01-05:00 ] SQL: SELECT * FROM `ry_products_cat` WHERE cat_id=27 LIMIT 1  [ RunTime:0.000182s ]
[ 2012-01-15T15:19:01-05:00 ] SQL: SELECT * FROM `ry_products_cat` WHERE cat_id=14 LIMIT 1  [ RunTime:0.000207s ]
[ 2012-01-15T15:19:01-05:00 ] SQL: SELECT * FROM `ry_products_cat` WHERE cat_id=13 LIMIT 1  [ RunTime:0.000302s ]
[ 2012-01-15T15:19:01-05:00 ] SQL: SELECT * FROM `ry_products_cat` WHERE cat_id=12 LIMIT 1  [ RunTime:0.000181s ]
[ 2012-01-15T15:19:01-05:00 ] SQL: SELECT * FROM `ry_products_cat` WHERE cat_id=11 LIMIT 1  [ RunTime:0.000189s ]
[ 2012-01-15T15:19:01-05:00 ] SQL: SELECT * FROM `ry_products_cat` WHERE cat_id=10 LIMIT 1  [ RunTime:0.000166s ]
[ 2012-01-15T15:19:01-05:00 ] SQL: SELECT * FROM `ry_products_cat` WHERE cat_id=62 LIMIT 1  [ RunTime:0.000258s ]
[ 2012-01-15T15:19:01-05:00 ] SQL: SELECT * FROM `ry_products_cat` WHERE cat_id=64 LIMIT 1  [ RunTime:0.000325s ]
[ 2012-01-15T15:19:01-05:00 ] SQL: SELECT * FROM `ry_products_cat` WHERE cat_id=65 LIMIT 1  [ RunTime:0.000182s ]
[ 2012-01-15T15:19:01-05:00 ] SQL: SELECT * FROM `ry_products_cat` WHERE cat_id=66 LIMIT 1  [ RunTime:0.000183s ]
[ 2012-01-15T15:19:01-05:00 ] SQL: SELECT * FROM `ry_products_cat` WHERE cat_id=63 LIMIT 1  [ RunTime:0.000163s ]
[ 2012-01-15T15:19:01-05:00 ] SQL: SELECT * FROM `ry_products_cat` WHERE cat_id=9 LIMIT 1  [ RunTime:0.000243s ]
[ 2012-01-15T15:19:01-05:00 ] SQL: SELECT * FROM `ry_products_cat` WHERE cat_id=61 LIMIT 1  [ RunTime:0.000220s ]
[ 2012-01-15T15:19:01-05:00 ] SQL: SELECT * FROM `ry_products_cat` WHERE cat_id=59 LIMIT 1  [ RunTime:0.000175s ]
[ 2012-01-15T15:19:01-05:00 ] SQL: SELECT * FROM `ry_products_cat` WHERE cat_id=58 LIMIT 1  [ RunTime:0.000188s ]
[ 2012-01-15T15:19:01-05:00 ] SQL: SELECT * FROM `ry_products_cat` WHERE cat_id=57 LIMIT 1  [ RunTime:0.000315s ]
[ 2012-01-15T15:19:01-05:00 ] SQL: SELECT * FROM `ry_products_cat` WHERE cat_id=60 LIMIT 1  [ RunTime:0.000197s ]
[ 2012-01-15T15:19:01-05:00 ] SQL: SELECT * FROM `ry_products_cat` WHERE cat_id=54 LIMIT 1  [ RunTime:0.000317s ]
[ 2012-01-15T15:19:01-05:00 ] SQL: SELECT * FROM `ry_products_cat` WHERE cat_id=55 LIMIT 1  [ RunTime:0.000302s ]
[ 2012-01-15T15:19:01-05:00 ] SQL: SELECT * FROM `ry_products_cat` WHERE cat_id=56 LIMIT 1  [ RunTime:0.000266s ]
[ 2012-01-15T15:19:01-05:00 ] SQL: SELECT * FROM `ry_products_cat` WHERE cat_id=8 LIMIT 1  [ RunTime:0.000347s ]
[ 2012-01-15T15:19:01-05:00 ] SQL: SELECT * FROM `ry_products_cat` WHERE cat_id=49 LIMIT 1  [ RunTime:0.000305s ]
[ 2012-01-15T15:19:01-05:00 ] SQL: SELECT * FROM `ry_products_cat` WHERE cat_id=50 LIMIT 1  [ RunTime:0.000303s ]
[ 2012-01-15T15:19:01-05:00 ] SQL: SELECT * FROM `ry_products_cat` WHERE cat_id=51 LIMIT 1  [ RunTime:0.000341s ]
[ 2012-01-15T15:19:01-05:00 ] SQL: SELECT * FROM `ry_products_cat` WHERE cat_id=52 LIMIT 1  [ RunTime:0.000256s ]
[ 2012-01-15T15:19:01-05:00 ] SQL: SELECT * FROM `ry_products_cat` WHERE cat_id=53 LIMIT 1  [ RunTime:0.000380s ]
[ 2012-01-15T15:19:01-05:00 ] SQL: SELECT * FROM `ry_products_cat` WHERE cat_id=17 LIMIT 1  [ RunTime:0.000215s ]
[ 2012-01-15T15:19:01-05:00 ] SQL: SELECT * FROM `ry_products_cat` WHERE cat_id=15 LIMIT 1  [ RunTime:0.000215s ]
[ 2012-01-15T15:19:01-05:00 ] SQL: SELECT * FROM `ry_products_cat` WHERE cat_id=16 LIMIT 1  [ RunTime:0.000166s ]
[ 2012-01-15T15:19:01-05:00 ] SQL: SELECT * FROM `ry_products_cat` WHERE cat_id=26 LIMIT 1  [ RunTime:0.000194s ]
[ 2012-01-15T15:19:01-05:00 ] SQL: SELECT * FROM `ry_products_cat` WHERE cat_id=25 LIMIT 1  [ RunTime:0.000326s ]
[ 2012-01-15T15:19:01-05:00 ] SQL: SELECT * FROM `ry_products_cat` WHERE cat_id=24 LIMIT 1  [ RunTime:0.000179s ]
[ 2012-01-15T15:19:01-05:00 ] SQL: SELECT * FROM `ry_products_cat` WHERE cat_id=23 LIMIT 1  [ RunTime:0.000260s ]
[ 2012-01-15T15:19:01-05:00 ] SQL: SELECT * FROM `ry_products_cat` WHERE cat_id=22 LIMIT 1  [ RunTime:0.000422s ]
[ 2012-01-15T15:19:01-05:00 ] SQL: SELECT * FROM `ry_products_cat` WHERE cat_id=21 LIMIT 1  [ RunTime:0.000189s ]
[ 2012-01-15T15:19:01-05:00 ] SQL: SELECT * FROM `ry_products_cat` WHERE cat_id=20 LIMIT 1  [ RunTime:0.000192s ]
[ 2012-01-15T15:19:01-05:00 ] SQL: SELECT * FROM `ry_products_cat` WHERE cat_id=19 LIMIT 1  [ RunTime:0.000332s ]
[ 2012-01-15T15:19:01-05:00 ] SQL: SELECT * FROM `ry_products_cat` WHERE cat_id=18 LIMIT 1  [ RunTime:0.000255s ]
[ 2012-01-15T15:19:01-05:00 ] NOTIC: [8] Undefined variable: msg 54d61eb4eafecfef775e4a103813da8e.php 第 55 行.
[ 2012-01-15T15:19:01-05:00 ] NOTIC: [8] Undefined variable: msg 54d61eb4eafecfef775e4a103813da8e.php 第 115 行.
[ 2012-01-15T15:19:01-05:00 ] NOTIC: [8] Undefined variable: msg 54d61eb4eafecfef775e4a103813da8e.php 第 115 行.
[ 2012-01-15T15:19:05-05:00 ] SQL: SHOW COLUMNS FROM `ry_products_cat` [ RunTime:0.004342s ]
[ 2012-01-15T15:19:05-05:00 ] SQL: SHOW COLUMNS FROM `ry_products_cat_lang` [ RunTime:0.004062s ]
[ 2012-01-15T15:19:05-05:00 ] SQL: SELECT * FROM `ry_products_cat` WHERE ( `cat_id` = '67' ) LIMIT 1  [ RunTime:0.000378s ]
[ 2012-01-15T15:19:05-05:00 ] SQL: SELECT * FROM `ry_products_cat_lang` WHERE ( `cat_id` = '67' ) [ RunTime:0.000228s ]
[ 2012-01-15T15:19:05-05:00 ] NOTIC: [8] Undefined index: info 04a0fd06e53e0cda368358ac495db46f.php 第 115 行.
[ 2012-01-15T15:19:05-05:00 ] NOTIC: [8] Undefined index: info 04a0fd06e53e0cda368358ac495db46f.php 第 115 行.
[ 2012-01-15T15:19:10-05:00 ] SQL: SHOW COLUMNS FROM `ry_products_cat` [ RunTime:0.004021s ]
[ 2012-01-15T15:19:10-05:00 ] SQL: SHOW COLUMNS FROM `ry_products_cat_lang` [ RunTime:0.003890s ]
[ 2012-01-15T15:19:10-05:00 ] SQL: SELECT * FROM `ry_products_cat` WHERE ( `cat_id` = '36' ) LIMIT 1  [ RunTime:0.000666s ]
[ 2012-01-15T15:19:10-05:00 ] SQL: SELECT * FROM `ry_products_cat_lang` WHERE ( `cat_id` = '36' ) [ RunTime:0.000413s ]
[ 2012-01-15T15:19:10-05:00 ] NOTIC: [8] Undefined index: info 04a0fd06e53e0cda368358ac495db46f.php 第 115 行.
[ 2012-01-15T15:19:10-05:00 ] NOTIC: [8] Undefined index: info 04a0fd06e53e0cda368358ac495db46f.php 第 115 行.
[ 2012-01-15T15:19:36-05:00 ] SQL: SHOW COLUMNS FROM `ry_products_cat` [ RunTime:0.004166s ]
[ 2012-01-15T15:19:36-05:00 ] SQL: SHOW COLUMNS FROM `ry_products_cat_lang` [ RunTime:0.004144s ]
[ 2012-01-15T15:19:36-05:00 ] SQL: SELECT * FROM `ry_products_cat` WHERE ( `cat_id` = '18' ) LIMIT 1  [ RunTime:0.000390s ]
[ 2012-01-15T15:19:36-05:00 ] SQL: SELECT * FROM `ry_products_cat_lang` WHERE ( `cat_id` = '18' ) [ RunTime:0.000274s ]
[ 2012-01-15T15:19:36-05:00 ] NOTIC: [8] Undefined index: info 04a0fd06e53e0cda368358ac495db46f.php 第 115 行.
[ 2012-01-15T15:19:36-05:00 ] NOTIC: [8] Undefined index: info 04a0fd06e53e0cda368358ac495db46f.php 第 115 行.
[ 2012-01-15T15:20:23-05:00 ] SQL: SHOW COLUMNS FROM `ry_products_cat` [ RunTime:0.004260s ]
[ 2012-01-15T15:20:23-05:00 ] SQL: SHOW COLUMNS FROM `ry_products_cat_lang` [ RunTime:0.003934s ]
[ 2012-01-15T15:20:23-05:00 ] SQL: SELECT * FROM `ry_products_cat` WHERE ( `cat_id` = '18' ) LIMIT 1  [ RunTime:0.000365s ]
[ 2012-01-15T15:20:23-05:00 ] SQL: SELECT * FROM `ry_products_cat_lang` WHERE ( `cat_id` = '18' ) [ RunTime:0.000323s ]
[ 2012-01-15T15:20:23-05:00 ] NOTIC: [8] Undefined index: info 04a0fd06e53e0cda368358ac495db46f.php 第 115 行.
[ 2012-01-15T15:20:23-05:00 ] NOTIC: [8] Undefined index: info 04a0fd06e53e0cda368358ac495db46f.php 第 115 行.
[ 2012-01-15T15:20:26-05:00 ] SQL: SHOW COLUMNS FROM `ry_products_cat` [ RunTime:0.059773s ]
[ 2012-01-15T15:20:26-05:00 ] SQL: SHOW COLUMNS FROM `ry_products_cat_lang` [ RunTime:0.004326s ]
[ 2012-01-15T15:20:26-05:00 ] SQL: SHOW COLUMNS FROM `ry_langs` [ RunTime:0.005739s ]
[ 2012-01-15T15:20:26-05:00 ] SQL: SELECT * FROM `ry_products_cat` WHERE ( `cat_id` = '18' ) LIMIT 1  [ RunTime:0.000459s ]
[ 2012-01-15T15:20:26-05:00 ] SQL: SELECT * FROM `ry_langs` [ RunTime:0.000329s ]
[ 2012-01-15T15:20:26-05:00 ] NOTIC: [8] Undefined index: info 12dbe9f1524c41951688feacf462f70e.php 第 115 行.
[ 2012-01-15T15:20:26-05:00 ] NOTIC: [8] Undefined index: info 12dbe9f1524c41951688feacf462f70e.php 第 115 行.
[ 2012-01-15T15:20:35-05:00 ] SQL: SHOW COLUMNS FROM `ry_products_cat` [ RunTime:0.004358s ]
[ 2012-01-15T15:20:35-05:00 ] SQL: SHOW COLUMNS FROM `ry_products_cat_lang` [ RunTime:0.003920s ]
[ 2012-01-15T15:20:35-05:00 ] SQL: SHOW COLUMNS FROM `ry_langs` [ RunTime:0.003987s ]
[ 2012-01-15T15:20:35-05:00 ] SQL: SELECT * FROM `ry_products_cat` WHERE ( `cat_id` = '18' ) LIMIT 1  [ RunTime:0.000394s ]
[ 2012-01-15T15:20:35-05:00 ] SQL: SELECT * FROM `ry_langs` [ RunTime:0.000211s ]
[ 2012-01-15T15:20:35-05:00 ] SQL: SELECT * FROM `ry_langs` WHERE ( `lang_code` = 'en-us' ) LIMIT 1  [ RunTime:0.000224s ]
[ 2012-01-15T15:20:35-05:00 ] SQL: INSERT INTO `ry_products_cat_lang` (`cat_id`,`lang_code`,`cat_name`,`lang_name`) VALUES ('18','en-us','english cat name','English') [ RunTime:0.000461s ]
[ 2012-01-15T15:20:59-05:00 ] SQL: SHOW COLUMNS FROM `ry_products_cat` [ RunTime:0.004261s ]
[ 2012-01-15T15:20:59-05:00 ] SQL: SHOW COLUMNS FROM `ry_products_cat_lang` [ RunTime:0.004001s ]
[ 2012-01-15T15:20:59-05:00 ] SQL: SHOW COLUMNS FROM `ry_langs` [ RunTime:0.004586s ]
[ 2012-01-15T15:20:59-05:00 ] SQL: SELECT * FROM `ry_products_cat` WHERE ( `cat_id` = '18' ) LIMIT 1  [ RunTime:0.000480s ]
[ 2012-01-15T15:20:59-05:00 ] SQL: SELECT * FROM `ry_langs` [ RunTime:0.000239s ]
[ 2012-01-15T15:20:59-05:00 ] SQL: SELECT * FROM `ry_langs` WHERE ( `lang_code` = 'zh-cn' ) LIMIT 1  [ RunTime:0.000220s ]
[ 2012-01-15T15:20:59-05:00 ] SQL: INSERT INTO `ry_products_cat_lang` (`cat_id`,`lang_code`,`cat_name`,`lang_name`) VALUES ('18','zh-cn','中文类别名18','简体中文') [ RunTime:0.000315s ]
