[ 2011-10-23T06:01:45+08:00 ] NOTIC: [8] Undefined variable: msg 04a0fd06e53e0cda368358ac495db46f.php 第 45 行.
[ 2011-10-23T06:01:45+08:00 ] NOTIC: [8] Undefined variable: categoty 04a0fd06e53e0cda368358ac495db46f.php 第 130 行.
[ 2011-10-23T06:02:40+08:00 ] NOTIC: [8] Undefined variable: msg 04a0fd06e53e0cda368358ac495db46f.php 第 45 行.
[ 2011-10-23T06:02:40+08:00 ] NOTIC: [8] Undefined variable: categoty 04a0fd06e53e0cda368358ac495db46f.php 第 130 行.
[ 2011-10-23T06:02:54+08:00 ] NOTIC: [8] Undefined variable: msg 04a0fd06e53e0cda368358ac495db46f.php 第 45 行.
[ 2011-10-23T06:02:54+08:00 ] NOTIC: [8] Undefined variable: categoty 04a0fd06e53e0cda368358ac495db46f.php 第 130 行.
[ 2011-10-23T06:14:07+08:00 ] NOTIC: [8] Undefined variable: msg 04a0fd06e53e0cda368358ac495db46f.php 第 45 行.
[ 2011-10-23T06:14:07+08:00 ] NOTIC: [8] Undefined variable: categoty 04a0fd06e53e0cda368358ac495db46f.php 第 130 行.
[ 2011-10-23T06:25:45+08:00 ] SQL: SHOW COLUMNS FROM `ry_products_cat_lang` [ RunTime:0.003733s ]
[ 2011-10-23T06:25:45+08:00 ] SQL: SELECT * FROM `ry_products_cat_lang` WHERE ( `cat_id` = '1' ) [ RunTime:0.000300s ]
[ 2011-10-23T06:25:45+08:00 ] NOTIC: [8] Undefined variable: categoty 04a0fd06e53e0cda368358ac495db46f.php 第 130 行.
[ 2011-10-23T06:38:01+08:00 ] SQL: SHOW COLUMNS FROM `ry_products_cat_lang` [ RunTime:0.003682s ]
[ 2011-10-23T06:38:01+08:00 ] SQL: SELECT * FROM `ry_products_cat_lang` WHERE ( `cat_id` = '1' ) [ RunTime:0.000704s ]
[ 2011-10-23T06:38:01+08:00 ] NOTIC: [8] Undefined variable: categoty 04a0fd06e53e0cda368358ac495db46f.php 第 130 行.
[ 2011-10-23T06:39:29+08:00 ] SQL: SHOW COLUMNS FROM `ry_products_cat_lang` [ RunTime:0.003738s ]
[ 2011-10-23T06:39:29+08:00 ] SQL: SELECT * FROM `ry_products_cat_lang` WHERE ( `cat_id` = '1' ) [ RunTime:0.000555s ]
[ 2011-10-23T06:39:29+08:00 ] NOTIC: [8] Undefined variable: categoty 04a0fd06e53e0cda368358ac495db46f.php 第 130 行.
[ 2011-10-23T06:39:58+08:00 ] SQL: SHOW COLUMNS FROM `ry_products_cat_lang` [ RunTime:0.003619s ]
[ 2011-10-23T06:39:58+08:00 ] SQL: SELECT * FROM `ry_products_cat_lang` WHERE ( `cat_id` = '1' ) [ RunTime:0.000389s ]
[ 2011-10-23T06:39:58+08:00 ] NOTIC: [8] Undefined variable: categoty 04a0fd06e53e0cda368358ac495db46f.php 第 130 行.
[ 2011-10-23T06:40:29+08:00 ] SQL: SHOW COLUMNS FROM `ry_products_cat_lang` [ RunTime:0.003678s ]
[ 2011-10-23T06:40:29+08:00 ] SQL: SELECT * FROM `ry_products_cat_lang` WHERE ( `cat_id` = '1' ) [ RunTime:0.000544s ]
[ 2011-10-23T06:40:29+08:00 ] NOTIC: [8] Undefined variable: categoty 04a0fd06e53e0cda368358ac495db46f.php 第 130 行.
[ 2011-10-23T06:40:53+08:00 ] SQL: SHOW COLUMNS FROM `ry_products_cat_lang` [ RunTime:0.003571s ]
[ 2011-10-23T06:40:53+08:00 ] SQL: SELECT * FROM `ry_products_cat_lang` WHERE ( `cat_id` = '1' ) [ RunTime:0.000420s ]
[ 2011-10-23T06:40:53+08:00 ] NOTIC: [8] Undefined variable: categoty 04a0fd06e53e0cda368358ac495db46f.php 第 130 行.
[ 2011-10-23T06:41:31+08:00 ] SQL: SHOW COLUMNS FROM `ry_products_cat` [ RunTime:0.004874s ]
[ 2011-10-23T06:41:31+08:00 ] SQL: SELECT * FROM `ry_products_cat` ORDER BY parent_id asc [ RunTime:0.000390s ]
[ 2011-10-23T06:41:31+08:00 ] SQL: SELECT * FROM `ry_products_cat` WHERE cat_id=0 LIMIT 1  [ RunTime:0.000269s ]
[ 2011-10-23T06:41:31+08:00 ] SQL: SELECT * FROM `ry_products_cat` WHERE cat_id=1 LIMIT 1  [ RunTime:0.000253s ]
[ 2011-10-23T06:41:31+08:00 ] SQL: SELECT * FROM `ry_products_cat` WHERE cat_id=3 LIMIT 1  [ RunTime:0.000376s ]
[ 2011-10-23T06:41:31+08:00 ] SQL: SELECT * FROM `ry_products_cat` WHERE cat_id=4 LIMIT 1  [ RunTime:0.001123s ]
[ 2011-10-23T06:41:31+08:00 ] NOTIC: [8] Undefined variable: msg 54d61eb4eafecfef775e4a103813da8e.php 第 45 行.
[ 2011-10-23T06:42:15+08:00 ] SQL: SHOW COLUMNS FROM `ry_products_cat_lang` [ RunTime:0.003444s ]
[ 2011-10-23T06:42:15+08:00 ] SQL: SELECT * FROM `ry_products_cat_lang` WHERE ( `cat_id` = '1' ) [ RunTime:0.000477s ]
[ 2011-10-23T06:42:15+08:00 ] NOTIC: [8] Undefined index: cat_id 04a0fd06e53e0cda368358ac495db46f.php 第 132 行.
[ 2011-10-23T06:42:15+08:00 ] NOTIC: [8] Undefined index: cat_id 04a0fd06e53e0cda368358ac495db46f.php 第 133 行.
[ 2011-10-23T06:42:15+08:00 ] NOTIC: [8] Undefined index: cat_name 04a0fd06e53e0cda368358ac495db46f.php 第 133 行.
[ 2011-10-23T06:42:15+08:00 ] NOTIC: [8] Undefined index: parent_id 04a0fd06e53e0cda368358ac495db46f.php 第 134 行.
[ 2011-10-23T06:42:15+08:00 ] NOTIC: [8] Undefined index: cat_id 04a0fd06e53e0cda368358ac495db46f.php 第 135 行.
[ 2011-10-23T06:42:15+08:00 ] NOTIC: [8] Undefined index: sort_order 04a0fd06e53e0cda368358ac495db46f.php 第 135 行.
[ 2011-10-23T06:42:15+08:00 ] NOTIC: [8] Undefined index: cat_id 04a0fd06e53e0cda368358ac495db46f.php 第 136 行.
[ 2011-10-23T06:42:15+08:00 ] NOTIC: [8] Undefined index: is_show 04a0fd06e53e0cda368358ac495db46f.php 第 136 行.
[ 2011-10-23T06:42:15+08:00 ] NOTIC: [8] Undefined index: cat_id 04a0fd06e53e0cda368358ac495db46f.php 第 137 行.
[ 2011-10-23T06:42:15+08:00 ] NOTIC: [8] Undefined index: cat_id 04a0fd06e53e0cda368358ac495db46f.php 第 137 行.
[ 2011-10-23T06:42:15+08:00 ] NOTIC: [8] Undefined index: cat_id 04a0fd06e53e0cda368358ac495db46f.php 第 132 行.
[ 2011-10-23T06:42:15+08:00 ] NOTIC: [8] Undefined index: cat_id 04a0fd06e53e0cda368358ac495db46f.php 第 133 行.
[ 2011-10-23T06:42:15+08:00 ] NOTIC: [8] Undefined index: cat_name 04a0fd06e53e0cda368358ac495db46f.php 第 133 行.
[ 2011-10-23T06:42:15+08:00 ] NOTIC: [8] Undefined index: parent_id 04a0fd06e53e0cda368358ac495db46f.php 第 134 行.
[ 2011-10-23T06:42:15+08:00 ] NOTIC: [8] Undefined index: cat_id 04a0fd06e53e0cda368358ac495db46f.php 第 135 行.
[ 2011-10-23T06:42:15+08:00 ] NOTIC: [8] Undefined index: sort_order 04a0fd06e53e0cda368358ac495db46f.php 第 135 行.
[ 2011-10-23T06:42:15+08:00 ] NOTIC: [8] Undefined index: cat_id 04a0fd06e53e0cda368358ac495db46f.php 第 136 行.
[ 2011-10-23T06:42:15+08:00 ] NOTIC: [8] Undefined index: is_show 04a0fd06e53e0cda368358ac495db46f.php 第 136 行.
[ 2011-10-23T06:42:15+08:00 ] NOTIC: [8] Undefined index: cat_id 04a0fd06e53e0cda368358ac495db46f.php 第 137 行.
[ 2011-10-23T06:42:15+08:00 ] NOTIC: [8] Undefined index: cat_id 04a0fd06e53e0cda368358ac495db46f.php 第 137 行.
[ 2011-10-23T06:42:25+08:00 ] SQL: SHOW COLUMNS FROM `ry_products_cat_lang` [ RunTime:0.003493s ]
[ 2011-10-23T06:42:25+08:00 ] SQL: SELECT * FROM `ry_products_cat_lang` WHERE ( `cat_id` = '1' ) [ RunTime:0.000445s ]
[ 2011-10-23T06:42:25+08:00 ] NOTIC: [8] Undefined index: cat_id 04a0fd06e53e0cda368358ac495db46f.php 第 132 行.
[ 2011-10-23T06:42:25+08:00 ] NOTIC: [8] Undefined index: cat_id 04a0fd06e53e0cda368358ac495db46f.php 第 133 行.
[ 2011-10-23T06:42:25+08:00 ] NOTIC: [8] Undefined index: cat_name 04a0fd06e53e0cda368358ac495db46f.php 第 133 行.
[ 2011-10-23T06:42:25+08:00 ] NOTIC: [8] Undefined index: parent_id 04a0fd06e53e0cda368358ac495db46f.php 第 134 行.
[ 2011-10-23T06:42:25+08:00 ] NOTIC: [8] Undefined index: cat_id 04a0fd06e53e0cda368358ac495db46f.php 第 135 行.
[ 2011-10-23T06:42:25+08:00 ] NOTIC: [8] Undefined index: sort_order 04a0fd06e53e0cda368358ac495db46f.php 第 135 行.
[ 2011-10-23T06:42:25+08:00 ] NOTIC: [8] Undefined index: cat_id 04a0fd06e53e0cda368358ac495db46f.php 第 136 行.
[ 2011-10-23T06:42:25+08:00 ] NOTIC: [8] Undefined index: is_show 04a0fd06e53e0cda368358ac495db46f.php 第 136 行.
[ 2011-10-23T06:42:25+08:00 ] NOTIC: [8] Undefined index: cat_id 04a0fd06e53e0cda368358ac495db46f.php 第 137 行.
[ 2011-10-23T06:42:25+08:00 ] NOTIC: [8] Undefined index: cat_id 04a0fd06e53e0cda368358ac495db46f.php 第 137 行.
[ 2011-10-23T06:42:25+08:00 ] NOTIC: [8] Undefined index: cat_id 04a0fd06e53e0cda368358ac495db46f.php 第 132 行.
[ 2011-10-23T06:42:25+08:00 ] NOTIC: [8] Undefined index: cat_id 04a0fd06e53e0cda368358ac495db46f.php 第 133 行.
[ 2011-10-23T06:42:25+08:00 ] NOTIC: [8] Undefined index: cat_name 04a0fd06e53e0cda368358ac495db46f.php 第 133 行.
[ 2011-10-23T06:42:25+08:00 ] NOTIC: [8] Undefined index: parent_id 04a0fd06e53e0cda368358ac495db46f.php 第 134 行.
[ 2011-10-23T06:42:25+08:00 ] NOTIC: [8] Undefined index: cat_id 04a0fd06e53e0cda368358ac495db46f.php 第 135 行.
[ 2011-10-23T06:42:25+08:00 ] NOTIC: [8] Undefined index: sort_order 04a0fd06e53e0cda368358ac495db46f.php 第 135 行.
[ 2011-10-23T06:42:25+08:00 ] NOTIC: [8] Undefined index: cat_id 04a0fd06e53e0cda368358ac495db46f.php 第 136 行.
[ 2011-10-23T06:42:25+08:00 ] NOTIC: [8] Undefined index: is_show 04a0fd06e53e0cda368358ac495db46f.php 第 136 行.
[ 2011-10-23T06:42:25+08:00 ] NOTIC: [8] Undefined index: cat_id 04a0fd06e53e0cda368358ac495db46f.php 第 137 行.
[ 2011-10-23T06:42:25+08:00 ] NOTIC: [8] Undefined index: cat_id 04a0fd06e53e0cda368358ac495db46f.php 第 137 行.
[ 2011-10-23T06:49:14+08:00 ] SQL: SHOW COLUMNS FROM `ry_products_cat_lang` [ RunTime:0.003549s ]
[ 2011-10-23T06:49:14+08:00 ] SQL: SELECT * FROM `ry_products_cat_lang` WHERE ( `cat_id` = '1' ) [ RunTime:0.000474s ]
[ 2011-10-23T06:49:15+08:00 ] NOTIC: [8] Undefined index: cat_id 04a0fd06e53e0cda368358ac495db46f.php 第 131 行.
[ 2011-10-23T06:49:15+08:00 ] NOTIC: [8] Undefined index: cat_id 04a0fd06e53e0cda368358ac495db46f.php 第 131 行.
[ 2011-10-23T06:49:15+08:00 ] NOTIC: [8] Undefined index: cat_id 04a0fd06e53e0cda368358ac495db46f.php 第 131 行.
[ 2011-10-23T06:49:15+08:00 ] NOTIC: [8] Undefined index: cat_id 04a0fd06e53e0cda368358ac495db46f.php 第 131 行.
[ 2011-10-23T06:49:35+08:00 ] SQL: SHOW COLUMNS FROM `ry_products_cat_lang` [ RunTime:0.003543s ]
[ 2011-10-23T06:49:35+08:00 ] SQL: SELECT * FROM `ry_products_cat_lang` WHERE ( `cat_id` = '1' ) [ RunTime:0.000358s ]
[ 2011-10-23T06:49:35+08:00 ] NOTIC: [8] Undefined index: cat_id 04a0fd06e53e0cda368358ac495db46f.php 第 131 行.
[ 2011-10-23T06:49:35+08:00 ] NOTIC: [8] Undefined index: cat_id 04a0fd06e53e0cda368358ac495db46f.php 第 131 行.
[ 2011-10-23T06:49:35+08:00 ] NOTIC: [8] Undefined index: cat_id 04a0fd06e53e0cda368358ac495db46f.php 第 131 行.
[ 2011-10-23T06:49:35+08:00 ] NOTIC: [8] Undefined index: cat_id 04a0fd06e53e0cda368358ac495db46f.php 第 131 行.
[ 2011-10-23T06:50:41+08:00 ] SQL: SHOW COLUMNS FROM `ry_products_cat_lang` [ RunTime:0.003751s ]
[ 2011-10-23T06:50:41+08:00 ] SQL: SELECT * FROM `ry_products_cat_lang` WHERE ( `cat_id` = '1' ) [ RunTime:0.000383s ]
[ 2011-10-23T06:50:42+08:00 ] NOTIC: [8] Undefined index: cat_id 04a0fd06e53e0cda368358ac495db46f.php 第 131 行.
[ 2011-10-23T06:50:42+08:00 ] NOTIC: [8] Undefined index: cat_id 04a0fd06e53e0cda368358ac495db46f.php 第 131 行.
[ 2011-10-23T06:50:42+08:00 ] NOTIC: [8] Undefined index: cat_id 04a0fd06e53e0cda368358ac495db46f.php 第 131 行.
[ 2011-10-23T06:50:42+08:00 ] NOTIC: [8] Undefined index: cat_id 04a0fd06e53e0cda368358ac495db46f.php 第 131 行.
[ 2011-10-23T06:53:49+08:00 ] SQL: SHOW COLUMNS FROM `ry_products_cat_lang` [ RunTime:0.003656s ]
[ 2011-10-23T06:53:49+08:00 ] SQL: SELECT * FROM `ry_products_cat_lang` WHERE ( `cat_id` = '1' ) [ RunTime:0.000428s ]
[ 2011-10-23T06:53:49+08:00 ] NOTIC: [8] Undefined index: cat_id 04a0fd06e53e0cda368358ac495db46f.php 第 131 行.
[ 2011-10-23T06:53:49+08:00 ] NOTIC: [8] Undefined index: cat_id 04a0fd06e53e0cda368358ac495db46f.php 第 131 行.
[ 2011-10-23T06:53:49+08:00 ] NOTIC: [8] Undefined index: cat_id 04a0fd06e53e0cda368358ac495db46f.php 第 131 行.
[ 2011-10-23T06:53:49+08:00 ] NOTIC: [8] Undefined index: cat_id 04a0fd06e53e0cda368358ac495db46f.php 第 131 行.
[ 2011-10-23T07:12:55+08:00 ] SQL: SHOW COLUMNS FROM `ry_products_cat_lang` [ RunTime:0.003991s ]
[ 2011-10-23T07:12:55+08:00 ] SQL: SELECT * FROM `ry_products_cat_lang` WHERE ( `cat_id` = '1' ) [ RunTime:0.000408s ]
[ 2011-10-23T07:12:55+08:00 ] NOTIC: [8] Undefined index: cat_id 04a0fd06e53e0cda368358ac495db46f.php 第 131 行.
[ 2011-10-23T07:12:55+08:00 ] NOTIC: [8] Undefined index: cat_id 04a0fd06e53e0cda368358ac495db46f.php 第 131 行.
[ 2011-10-23T07:12:55+08:00 ] NOTIC: [8] Undefined index: cat_id 04a0fd06e53e0cda368358ac495db46f.php 第 131 行.
[ 2011-10-23T07:12:55+08:00 ] NOTIC: [8] Undefined index: cat_id 04a0fd06e53e0cda368358ac495db46f.php 第 131 行.
[ 2011-10-23T07:13:15+08:00 ] SQL: SHOW COLUMNS FROM `ry_products_cat_lang` [ RunTime:0.003831s ]
[ 2011-10-23T07:13:15+08:00 ] SQL: SELECT * FROM `ry_products_cat_lang` WHERE ( `cat_id` = '1' ) [ RunTime:0.000446s ]
[ 2011-10-23T07:13:15+08:00 ] NOTIC: [8] Undefined index: cat_id 04a0fd06e53e0cda368358ac495db46f.php 第 131 行.
[ 2011-10-23T07:13:15+08:00 ] NOTIC: [8] Undefined index: cat_id 04a0fd06e53e0cda368358ac495db46f.php 第 131 行.
[ 2011-10-23T07:13:15+08:00 ] NOTIC: [8] Undefined index: cat_id 04a0fd06e53e0cda368358ac495db46f.php 第 131 行.
[ 2011-10-23T07:13:15+08:00 ] NOTIC: [8] Undefined index: cat_id 04a0fd06e53e0cda368358ac495db46f.php 第 131 行.
[ 2011-10-23T07:20:02+08:00 ] SQL: SHOW COLUMNS FROM `ry_products_cat_lang` [ RunTime:0.003779s ]
[ 2011-10-23T07:20:02+08:00 ] SQL: SELECT * FROM `ry_products_cat_lang` WHERE ( `cat_id` = '1' ) [ RunTime:0.000459s ]
[ 2011-10-23T07:20:18+08:00 ] SQL: SHOW COLUMNS FROM `ry_products_cat_lang` [ RunTime:0.003445s ]
[ 2011-10-23T07:20:18+08:00 ] SQL: SELECT * FROM `ry_products_cat_lang` WHERE ( `cat_id` = '1' ) [ RunTime:0.000468s ]
[ 2011-10-23T07:22:23+08:00 ] SQL: SHOW COLUMNS FROM `ry_products_cat_lang` [ RunTime:0.003621s ]
[ 2011-10-23T07:22:23+08:00 ] SQL: SELECT * FROM `ry_products_cat_lang` WHERE ( `cat_id` = '1' ) [ RunTime:0.000406s ]
[ 2011-10-23T07:22:49+08:00 ] SQL: SHOW COLUMNS FROM `ry_products_cat_lang` [ RunTime:0.003504s ]
[ 2011-10-23T07:22:49+08:00 ] SQL: SELECT * FROM `ry_products_cat_lang` WHERE ( `cat_id` = '3' ) [ RunTime:0.000420s ]
[ 2011-10-23T07:22:56+08:00 ] SQL: SHOW COLUMNS FROM `ry_products_cat_lang` [ RunTime:0.003748s ]
[ 2011-10-23T07:22:56+08:00 ] SQL: SELECT * FROM `ry_products_cat_lang` WHERE ( `cat_id` = '1' ) [ RunTime:0.000417s ]
[ 2011-10-23T07:38:17+08:00 ] SQL: SHOW COLUMNS FROM `ry_products_cat_lang` [ RunTime:0.004419s ]
[ 2011-10-23T07:38:17+08:00 ] SQL: SELECT * FROM `ry_products_cat_lang` WHERE ( `cat_id` = '1' ) [ RunTime:0.000465s ]
[ 2011-10-23T07:40:46+08:00 ] SQL: SHOW COLUMNS FROM `ry_products_cat_lang` [ RunTime:0.003524s ]
[ 2011-10-23T07:40:46+08:00 ] SQL: SELECT * FROM `ry_products_cat_lang` WHERE ( `cat_id` = '1' ) [ RunTime:0.000342s ]
[ 2011-10-23T07:40:48+08:00 ] SQL: SHOW COLUMNS FROM `ry_products_cat_lang` [ RunTime:0.003766s ]
[ 2011-10-23T07:40:48+08:00 ] SQL: SELECT * FROM `ry_products_cat_lang` WHERE ( `cat_id` = '1' ) [ RunTime:0.000453s ]
[ 2011-10-23T07:43:18+08:00 ] SQL: SHOW COLUMNS FROM `ry_products_cat_lang` [ RunTime:0.003488s ]
[ 2011-10-23T07:43:18+08:00 ] SQL: SELECT * FROM `ry_products_cat_lang` WHERE ( `cat_id` = '1' ) [ RunTime:0.000372s ]
[ 2011-10-23T07:43:20+08:00 ] NOTIC: [8] Undefined variable: msg 12dbe9f1524c41951688feacf462f70e.php 第 45 行.
[ 2011-10-23T07:43:20+08:00 ] NOTIC: [8] Undefined variable: categoty 12dbe9f1524c41951688feacf462f70e.php 第 137 行.
[ 2011-10-23T07:48:20+08:00 ] NOTIC: [8] Undefined variable: msg 1eb95ab60df69cac8e3f889cd1378342.php 第 45 行.
[ 2011-10-23T07:48:20+08:00 ] NOTIC: [8] Undefined variable: cat_data 1eb95ab60df69cac8e3f889cd1378342.php 第 131 行.
[ 2011-10-23T07:48:20+08:00 ] NOTIC: [8] Undefined variable: categoty 1eb95ab60df69cac8e3f889cd1378342.php 第 137 行.
[ 2011-10-23T07:48:20+08:00 ] NOTIC: [8] Undefined variable: cat_data 1eb95ab60df69cac8e3f889cd1378342.php 第 142 行.
[ 2011-10-23T07:48:20+08:00 ] NOTIC: [8] Undefined variable: cat_data 1eb95ab60df69cac8e3f889cd1378342.php 第 146 行.
[ 2011-10-23T07:48:20+08:00 ] NOTIC: [8] Undefined variable: cat_data 1eb95ab60df69cac8e3f889cd1378342.php 第 147 行.
[ 2011-10-23T07:48:20+08:00 ] NOTIC: [8] Undefined variable: cat_data 1eb95ab60df69cac8e3f889cd1378342.php 第 153 行.
[ 2011-10-23T07:48:25+08:00 ] NOTIC: [8] Undefined variable: msg 12dbe9f1524c41951688feacf462f70e.php 第 45 行.
[ 2011-10-23T07:48:25+08:00 ] NOTIC: [8] Undefined variable: categoty 12dbe9f1524c41951688feacf462f70e.php 第 137 行.
[ 2011-10-23T08:36:14+08:00 ] SQL: SHOW COLUMNS FROM `ry_products_cat_lang` [ RunTime:0.004345s ]
[ 2011-10-23T08:36:14+08:00 ] SQL: SELECT * FROM `ry_products_cat_lang` WHERE ( `cat_id` = '1' ) [ RunTime:0.000443s ]
[ 2011-10-23T08:36:20+08:00 ] SQL: SHOW COLUMNS FROM `ry_products_cat_lang` [ RunTime:0.003774s ]
[ 2011-10-23T08:36:20+08:00 ] SQL: SELECT * FROM `ry_products_cat_lang` WHERE ( `cat_id` = '1' ) [ RunTime:0.000482s ]
[ 2011-10-23T08:36:21+08:00 ] SQL: SHOW COLUMNS FROM `ry_products_cat_lang` [ RunTime:0.003534s ]
[ 2011-10-23T08:36:21+08:00 ] SQL: SELECT * FROM `ry_products_cat_lang` WHERE ( `cat_id` = '1' ) [ RunTime:0.000457s ]
[ 2011-10-23T08:36:21+08:00 ] SQL: SHOW COLUMNS FROM `ry_products_cat_lang` [ RunTime:0.003834s ]
[ 2011-10-23T08:36:21+08:00 ] SQL: SELECT * FROM `ry_products_cat_lang` WHERE ( `cat_id` = '1' ) [ RunTime:0.000431s ]
[ 2011-10-23T08:36:29+08:00 ] SQL: SHOW COLUMNS FROM `ry_products_cat_lang` [ RunTime:0.003761s ]
[ 2011-10-23T08:36:29+08:00 ] SQL: SELECT * FROM `ry_products_cat_lang` WHERE ( `cat_id` = '1' ) [ RunTime:0.000428s ]
[ 2011-10-23T08:36:35+08:00 ] SQL: SHOW COLUMNS FROM `ry_products_cat_lang` [ RunTime:0.003817s ]
[ 2011-10-23T08:36:35+08:00 ] SQL: SELECT * FROM `ry_products_cat_lang` WHERE ( `cat_id` = '1' ) [ RunTime:0.000501s ]
[ 2011-10-23T08:36:37+08:00 ] SQL: SHOW COLUMNS FROM `ry_products_cat_lang` [ RunTime:0.003605s ]
[ 2011-10-23T08:36:37+08:00 ] NOTIC: [8] Undefined variable: categoty 12dbe9f1524c41951688feacf462f70e.php 第 137 行.
[ 2011-10-23T08:37:41+08:00 ] SQL: SHOW COLUMNS FROM `ry_products_cat_lang` [ RunTime:0.003684s ]
[ 2011-10-23T08:37:41+08:00 ] NOTIC: [8] Undefined variable: categoty 12dbe9f1524c41951688feacf462f70e.php 第 138 行.
[ 2011-10-23T08:37:50+08:00 ] SQL: SHOW COLUMNS FROM `ry_products_cat_lang` [ RunTime:0.003674s ]
[ 2011-10-23T08:37:50+08:00 ] NOTIC: [8] Undefined variable: categoty 12dbe9f1524c41951688feacf462f70e.php 第 138 行.
[ 2011-10-23T08:39:26+08:00 ] SQL: SHOW COLUMNS FROM `ry_products_cat_lang` [ RunTime:0.003511s ]
[ 2011-10-23T08:46:35+08:00 ] SQL: SHOW COLUMNS FROM `ry_products_cat_lang` [ RunTime:0.003746s ]
[ 2011-10-23T08:46:35+08:00 ] SQL: SHOW COLUMNS FROM `ry_langs` [ RunTime:0.003520s ]
[ 2011-10-23T08:46:35+08:00 ] SQL: SELECT * FROM `ry_langs` [ RunTime:0.000319s ]
[ 2011-10-23T08:46:35+08:00 ] NOTIC: [8] Undefined index: lang_name 12dbe9f1524c41951688feacf462f70e.php 第 138 行.
[ 2011-10-23T08:46:35+08:00 ] NOTIC: [8] Undefined index: lang_name 12dbe9f1524c41951688feacf462f70e.php 第 138 行.
[ 2011-10-23T08:47:32+08:00 ] SQL: SHOW COLUMNS FROM `ry_products_cat_lang` [ RunTime:0.003664s ]
[ 2011-10-23T08:47:32+08:00 ] SQL: SHOW COLUMNS FROM `ry_langs` [ RunTime:0.003484s ]
[ 2011-10-23T08:47:32+08:00 ] SQL: SELECT * FROM `ry_langs` [ RunTime:0.000294s ]
[ 2011-10-23T08:47:32+08:00 ] NOTIC: [8] Undefined index: lang_name 12dbe9f1524c41951688feacf462f70e.php 第 138 行.
[ 2011-10-23T08:47:32+08:00 ] NOTIC: [8] Undefined index: lang_name 12dbe9f1524c41951688feacf462f70e.php 第 138 行.
[ 2011-10-23T08:48:28+08:00 ] SQL: SHOW COLUMNS FROM `ry_products_cat_lang` [ RunTime:0.003755s ]
[ 2011-10-23T08:48:28+08:00 ] SQL: SHOW COLUMNS FROM `ry_langs` [ RunTime:0.003599s ]
[ 2011-10-23T08:48:28+08:00 ] SQL: SELECT * FROM `ry_langs` [ RunTime:0.000301s ]
[ 2011-10-23T08:49:20+08:00 ] SQL: SHOW COLUMNS FROM `ry_products_cat_lang` [ RunTime:0.004058s ]
[ 2011-10-23T08:49:20+08:00 ] SQL: SHOW COLUMNS FROM `ry_langs` [ RunTime:0.003476s ]
[ 2011-10-23T08:49:20+08:00 ] SQL: SELECT * FROM `ry_langs` [ RunTime:0.000349s ]
[ 2011-10-23T08:55:45+08:00 ] SQL: SHOW COLUMNS FROM `ry_products_cat_lang` [ RunTime:0.003641s ]
[ 2011-10-23T08:55:45+08:00 ] SQL: SHOW COLUMNS FROM `ry_langs` [ RunTime:0.003562s ]
[ 2011-10-23T08:55:45+08:00 ] SQL: SELECT * FROM `ry_langs` [ RunTime:0.000302s ]
[ 2011-10-23T09:04:28+08:00 ] SQL: SHOW COLUMNS FROM `ry_products_cat_lang` [ RunTime:0.004148s ]
[ 2011-10-23T09:04:28+08:00 ] SQL: SHOW COLUMNS FROM `ry_langs` [ RunTime:0.003953s ]
[ 2011-10-23T09:04:28+08:00 ] SQL: SELECT * FROM `ry_langs` [ RunTime:0.000378s ]
[ 2011-10-23T09:05:00+08:00 ] SQL: SHOW COLUMNS FROM `ry_products_cat_lang` [ RunTime:0.003526s ]
[ 2011-10-23T09:05:00+08:00 ] SQL: SHOW COLUMNS FROM `ry_langs` [ RunTime:0.003532s ]
[ 2011-10-23T09:05:00+08:00 ] SQL: SELECT * FROM `ry_langs` [ RunTime:0.000321s ]
[ 2011-10-23T09:05:00+08:00 ] SQL: SELECT * FROM `ry_langs` WHERE ( `lang_code` = 'en-us' ) LIMIT 1  [ RunTime:0.000231s ]
[ 2011-10-23T09:05:00+08:00 ] SQL: INSERT INTO `ry_products_cat_lang` (`cat_id`,`lang_code`,`lang_name`) VALUES ('1','en-us','English') [ RunTime:0.005800s ]
[ 2011-10-23T09:05:00+08:00 ] NOTIC: [8] Undefined index: cat_id 12dbe9f1524c41951688feacf462f70e.php 第 125 行.
[ 2011-10-23T09:05:16+08:00 ] SQL: SHOW COLUMNS FROM `ry_products_cat` [ RunTime:0.004337s ]
[ 2011-10-23T09:05:16+08:00 ] SQL: SELECT * FROM `ry_products_cat` WHERE ( `is_show` = '1' ) ORDER BY parent_id asc [ RunTime:0.000445s ]
[ 2011-10-23T09:05:16+08:00 ] NOTIC: [8] Undefined variable: msg ff91dda4b0f6654c1813def01bb61a7d.php 第 45 行.
[ 2011-10-23T09:05:23+08:00 ] SQL: SHOW COLUMNS FROM `ry_products_cat` [ RunTime:0.003923s ]
[ 2011-10-23T09:05:23+08:00 ] SQL: SELECT * FROM `ry_products_cat` ORDER BY parent_id asc [ RunTime:0.000353s ]
[ 2011-10-23T09:05:23+08:00 ] SQL: SELECT * FROM `ry_products_cat` WHERE cat_id=0 LIMIT 1  [ RunTime:0.000209s ]
[ 2011-10-23T09:05:23+08:00 ] SQL: SELECT * FROM `ry_products_cat` WHERE cat_id=1 LIMIT 1  [ RunTime:0.000184s ]
[ 2011-10-23T09:05:23+08:00 ] SQL: SELECT * FROM `ry_products_cat` WHERE cat_id=3 LIMIT 1  [ RunTime:0.000161s ]
[ 2011-10-23T09:05:23+08:00 ] SQL: SELECT * FROM `ry_products_cat` WHERE cat_id=4 LIMIT 1  [ RunTime:0.000193s ]
[ 2011-10-23T09:05:23+08:00 ] NOTIC: [8] Undefined variable: msg 54d61eb4eafecfef775e4a103813da8e.php 第 45 行.
[ 2011-10-23T09:05:25+08:00 ] SQL: SHOW COLUMNS FROM `ry_products_cat_lang` [ RunTime:0.003608s ]
[ 2011-10-23T09:05:25+08:00 ] SQL: SELECT * FROM `ry_products_cat_lang` WHERE ( `cat_id` = '1' ) [ RunTime:0.000549s ]
[ 2011-10-23T09:05:32+08:00 ] SQL: SHOW COLUMNS FROM `ry_products_cat_lang` [ RunTime:0.003802s ]
[ 2011-10-23T09:05:32+08:00 ] SQL: SHOW COLUMNS FROM `ry_langs` [ RunTime:0.003523s ]
[ 2011-10-23T09:05:32+08:00 ] SQL: SELECT * FROM `ry_langs` [ RunTime:0.000350s ]
[ 2011-10-23T09:05:58+08:00 ] SQL: SHOW COLUMNS FROM `ry_products_cat` [ RunTime:0.003875s ]
[ 2011-10-23T09:05:58+08:00 ] SQL: SELECT * FROM `ry_products_cat` ORDER BY parent_id asc [ RunTime:0.000421s ]
[ 2011-10-23T09:05:58+08:00 ] SQL: SELECT * FROM `ry_products_cat` WHERE cat_id=0 LIMIT 1  [ RunTime:0.000251s ]
[ 2011-10-23T09:05:58+08:00 ] SQL: SELECT * FROM `ry_products_cat` WHERE cat_id=1 LIMIT 1  [ RunTime:0.000204s ]
[ 2011-10-23T09:05:58+08:00 ] SQL: SELECT * FROM `ry_products_cat` WHERE cat_id=3 LIMIT 1  [ RunTime:0.000209s ]
[ 2011-10-23T09:05:58+08:00 ] SQL: SELECT * FROM `ry_products_cat` WHERE cat_id=4 LIMIT 1  [ RunTime:0.000183s ]
[ 2011-10-23T09:05:58+08:00 ] NOTIC: [8] Undefined variable: msg 54d61eb4eafecfef775e4a103813da8e.php 第 45 行.
[ 2011-10-23T09:06:00+08:00 ] SQL: SHOW COLUMNS FROM `ry_products_cat_lang` [ RunTime:0.003541s ]
[ 2011-10-23T09:06:00+08:00 ] SQL: SELECT * FROM `ry_products_cat_lang` WHERE ( `cat_id` = '3' ) [ RunTime:0.000405s ]
[ 2011-10-23T09:06:02+08:00 ] SQL: SHOW COLUMNS FROM `ry_products_cat_lang` [ RunTime:0.003528s ]
[ 2011-10-23T09:06:02+08:00 ] SQL: SHOW COLUMNS FROM `ry_langs` [ RunTime:0.003544s ]
[ 2011-10-23T09:06:02+08:00 ] SQL: SELECT * FROM `ry_langs` [ RunTime:0.000285s ]
[ 2011-10-23T09:06:13+08:00 ] SQL: SHOW COLUMNS FROM `ry_products_cat_lang` [ RunTime:0.003671s ]
[ 2011-10-23T09:06:13+08:00 ] SQL: SHOW COLUMNS FROM `ry_langs` [ RunTime:0.003364s ]
[ 2011-10-23T09:06:13+08:00 ] SQL: SELECT * FROM `ry_langs` [ RunTime:0.000353s ]
[ 2011-10-23T09:06:13+08:00 ] SQL: SELECT * FROM `ry_langs` WHERE ( `lang_code` = 'en-us' ) LIMIT 1  [ RunTime:0.000241s ]
[ 2011-10-23T09:06:13+08:00 ] SQL: INSERT INTO `ry_products_cat_lang` (`cat_id`,`lang_code`,`lang_name`) VALUES ('3','en-us','English') [ RunTime:0.000440s ]
[ 2011-10-23T09:06:13+08:00 ] NOTIC: [8] Undefined index: cat_id 12dbe9f1524c41951688feacf462f70e.php 第 125 行.
[ 2011-10-23T09:08:02+08:00 ] SQL: SHOW COLUMNS FROM `ry_products_cat_lang` [ RunTime:0.003794s ]
[ 2011-10-23T09:08:02+08:00 ] SQL: SHOW COLUMNS FROM `ry_langs` [ RunTime:0.003691s ]
[ 2011-10-23T09:08:02+08:00 ] SQL: SELECT * FROM `ry_langs` [ RunTime:0.000343s ]
[ 2011-10-23T09:08:02+08:00 ] NOTIC: [8] Undefined index: cat_id 12dbe9f1524c41951688feacf462f70e.php 第 124 行.
[ 2011-10-23T09:08:02+08:00 ] NOTIC: [8] Undefined index: cat_id 12dbe9f1524c41951688feacf462f70e.php 第 125 行.
[ 2011-10-23T09:08:15+08:00 ] SQL: SHOW COLUMNS FROM `ry_products_cat` [ RunTime:0.003884s ]
[ 2011-10-23T09:08:15+08:00 ] SQL: SELECT * FROM `ry_products_cat` ORDER BY parent_id asc [ RunTime:0.000338s ]
[ 2011-10-23T09:08:15+08:00 ] SQL: SELECT * FROM `ry_products_cat` WHERE cat_id=0 LIMIT 1  [ RunTime:0.000202s ]
[ 2011-10-23T09:08:15+08:00 ] SQL: SELECT * FROM `ry_products_cat` WHERE cat_id=1 LIMIT 1  [ RunTime:0.000177s ]
[ 2011-10-23T09:08:15+08:00 ] SQL: SELECT * FROM `ry_products_cat` WHERE cat_id=3 LIMIT 1  [ RunTime:0.000276s ]
[ 2011-10-23T09:08:15+08:00 ] SQL: SELECT * FROM `ry_products_cat` WHERE cat_id=4 LIMIT 1  [ RunTime:0.000287s ]
[ 2011-10-23T09:08:15+08:00 ] NOTIC: [8] Undefined variable: msg 54d61eb4eafecfef775e4a103813da8e.php 第 45 行.
[ 2011-10-23T09:08:17+08:00 ] SQL: SHOW COLUMNS FROM `ry_products_cat_lang` [ RunTime:0.003561s ]
[ 2011-10-23T09:08:17+08:00 ] SQL: SELECT * FROM `ry_products_cat_lang` WHERE ( `cat_id` = '3' ) [ RunTime:0.000414s ]
[ 2011-10-23T09:08:20+08:00 ] SQL: SHOW COLUMNS FROM `ry_products_cat_lang` [ RunTime:0.003682s ]
[ 2011-10-23T09:08:20+08:00 ] SQL: SHOW COLUMNS FROM `ry_langs` [ RunTime:0.003423s ]
[ 2011-10-23T09:08:20+08:00 ] SQL: SELECT * FROM `ry_langs` [ RunTime:0.000339s ]
[ 2011-10-23T09:08:30+08:00 ] SQL: SHOW COLUMNS FROM `ry_products_cat_lang` [ RunTime:0.003685s ]
[ 2011-10-23T09:08:30+08:00 ] SQL: SHOW COLUMNS FROM `ry_langs` [ RunTime:0.003377s ]
[ 2011-10-23T09:08:30+08:00 ] SQL: SELECT * FROM `ry_langs` [ RunTime:0.000386s ]
[ 2011-10-23T09:08:30+08:00 ] SQL: SELECT * FROM `ry_langs` WHERE ( `lang_code` = 'zh-cn' ) LIMIT 1  [ RunTime:0.000326s ]
[ 2011-10-23T09:08:30+08:00 ] SQL: INSERT INTO `ry_products_cat_lang` (`cat_id`,`lang_code`,`lang_name`) VALUES ('3','zh-cn','简体中文') [ RunTime:0.000262s ]
[ 2011-10-23T09:08:36+08:00 ] SQL: SHOW COLUMNS FROM `ry_products_cat` [ RunTime:0.003588s ]
[ 2011-10-23T09:08:36+08:00 ] SQL: SELECT * FROM `ry_products_cat` ORDER BY parent_id asc [ RunTime:0.000350s ]
[ 2011-10-23T09:08:36+08:00 ] SQL: SELECT * FROM `ry_products_cat` WHERE cat_id=0 LIMIT 1  [ RunTime:0.000247s ]
[ 2011-10-23T09:08:36+08:00 ] SQL: SELECT * FROM `ry_products_cat` WHERE cat_id=1 LIMIT 1  [ RunTime:0.000278s ]
[ 2011-10-23T09:08:36+08:00 ] SQL: SELECT * FROM `ry_products_cat` WHERE cat_id=3 LIMIT 1  [ RunTime:0.000177s ]
[ 2011-10-23T09:08:36+08:00 ] SQL: SELECT * FROM `ry_products_cat` WHERE cat_id=4 LIMIT 1  [ RunTime:0.000176s ]
[ 2011-10-23T09:08:36+08:00 ] NOTIC: [8] Undefined variable: msg 54d61eb4eafecfef775e4a103813da8e.php 第 45 行.
[ 2011-10-23T09:08:38+08:00 ] SQL: SHOW COLUMNS FROM `ry_products_cat_lang` [ RunTime:0.003881s ]
[ 2011-10-23T09:08:38+08:00 ] SQL: SELECT * FROM `ry_products_cat_lang` WHERE ( `cat_id` = '3' ) [ RunTime:0.000432s ]
[ 2011-10-23T09:08:50+08:00 ] SQL: SHOW COLUMNS FROM `ry_products_cat` [ RunTime:0.003665s ]
[ 2011-10-23T09:08:50+08:00 ] SQL: SELECT * FROM `ry_products_cat` ORDER BY parent_id asc [ RunTime:0.000312s ]
[ 2011-10-23T09:08:50+08:00 ] SQL: SELECT * FROM `ry_products_cat` WHERE cat_id=0 LIMIT 1  [ RunTime:0.000296s ]
[ 2011-10-23T09:08:50+08:00 ] SQL: SELECT * FROM `ry_products_cat` WHERE cat_id=1 LIMIT 1  [ RunTime:0.000226s ]
[ 2011-10-23T09:08:50+08:00 ] SQL: SELECT * FROM `ry_products_cat` WHERE cat_id=3 LIMIT 1  [ RunTime:0.000314s ]
[ 2011-10-23T09:08:50+08:00 ] SQL: SELECT * FROM `ry_products_cat` WHERE cat_id=4 LIMIT 1  [ RunTime:0.000203s ]
[ 2011-10-23T09:08:50+08:00 ] NOTIC: [8] Undefined variable: msg 54d61eb4eafecfef775e4a103813da8e.php 第 45 行.
[ 2011-10-23T09:10:43+08:00 ] SQL: SHOW COLUMNS FROM `ry_products_cat` [ RunTime:0.003901s ]
[ 2011-10-23T09:10:43+08:00 ] SQL: SELECT * FROM `ry_products_cat` ORDER BY parent_id asc [ RunTime:0.000373s ]
[ 2011-10-23T09:10:43+08:00 ] SQL: SELECT * FROM `ry_products_cat` WHERE cat_id=0 LIMIT 1  [ RunTime:0.000227s ]
[ 2011-10-23T09:10:43+08:00 ] SQL: SELECT * FROM `ry_products_cat` WHERE cat_id=1 LIMIT 1  [ RunTime:0.000349s ]
[ 2011-10-23T09:10:43+08:00 ] SQL: SELECT * FROM `ry_products_cat` WHERE cat_id=3 LIMIT 1  [ RunTime:0.000185s ]
[ 2011-10-23T09:10:43+08:00 ] SQL: SELECT * FROM `ry_products_cat` WHERE cat_id=4 LIMIT 1  [ RunTime:0.000177s ]
[ 2011-10-23T09:10:43+08:00 ] NOTIC: [8] Undefined variable: msg 54d61eb4eafecfef775e4a103813da8e.php 第 45 行.
[ 2011-10-23T09:10:45+08:00 ] SQL: SHOW COLUMNS FROM `ry_products_cat_lang` [ RunTime:0.003562s ]
[ 2011-10-23T09:10:45+08:00 ] SQL: SELECT * FROM `ry_products_cat_lang` WHERE ( `cat_id` = '1' ) [ RunTime:0.000332s ]
[ 2011-10-23T09:10:47+08:00 ] SQL: SHOW COLUMNS FROM `ry_products_cat_lang` [ RunTime:0.003671s ]
[ 2011-10-23T09:10:47+08:00 ] SQL: SHOW COLUMNS FROM `ry_langs` [ RunTime:0.003507s ]
[ 2011-10-23T09:10:47+08:00 ] SQL: SELECT * FROM `ry_langs` [ RunTime:0.000261s ]
[ 2011-10-23T09:11:02+08:00 ] SQL: SHOW COLUMNS FROM `ry_products_cat_lang` [ RunTime:0.003519s ]
[ 2011-10-23T09:11:02+08:00 ] SQL: SHOW COLUMNS FROM `ry_langs` [ RunTime:0.003453s ]
[ 2011-10-23T09:11:02+08:00 ] SQL: SELECT * FROM `ry_langs` [ RunTime:0.000316s ]
[ 2011-10-23T09:11:02+08:00 ] NOTIC: [8] Undefined variable: the_lang ProductscategoryAction.class.php 第 211 行.
[ 2011-10-23T09:11:02+08:00 ] SQL: SELECT * FROM `ry_langs` WHERE ( `lang_code` = 'en-us' ) LIMIT 1  [ RunTime:0.000237s ]
[ 2011-10-23T09:11:02+08:00 ] SQL: INSERT INTO `ry_products_cat_lang` (`cat_id`,`lang_code`,`cat_name`,`lang_name`) VALUES ('1','en-us',null,'English') [ RunTime:0.000304s ]
[ 2011-10-23T09:11:24+08:00 ] SQL: SHOW COLUMNS FROM `ry_products_cat_lang` [ RunTime:0.003440s ]
[ 2011-10-23T09:11:24+08:00 ] SQL: SHOW COLUMNS FROM `ry_langs` [ RunTime:0.003608s ]
[ 2011-10-23T09:11:24+08:00 ] SQL: SELECT * FROM `ry_langs` [ RunTime:0.000436s ]
[ 2011-10-23T09:11:24+08:00 ] NOTIC: [8] Undefined variable: the_lang ProductscategoryAction.class.php 第 211 行.
[ 2011-10-23T09:11:24+08:00 ] SQL: SELECT * FROM `ry_langs` WHERE ( `lang_code` = 'en-us' ) LIMIT 1  [ RunTime:0.000323s ]
[ 2011-10-23T09:11:24+08:00 ] SQL: INSERT INTO `ry_products_cat_lang` (`cat_id`,`lang_code`,`cat_name`,`lang_name`) VALUES ('1','en-us',null,'English') [ RunTime:0.000150s ]
[ 2011-10-23T09:12:32+08:00 ] SQL: SHOW COLUMNS FROM `ry_products_cat_lang` [ RunTime:0.003467s ]
[ 2011-10-23T09:12:32+08:00 ] SQL: SHOW COLUMNS FROM `ry_langs` [ RunTime:0.003494s ]
[ 2011-10-23T09:12:32+08:00 ] SQL: SELECT * FROM `ry_langs` [ RunTime:0.000321s ]
[ 2011-10-23T09:12:32+08:00 ] NOTIC: [8] Undefined variable: the_lang ProductscategoryAction.class.php 第 211 行.
[ 2011-10-23T09:12:32+08:00 ] SQL: SELECT * FROM `ry_langs` WHERE ( `lang_code` = 'en-us' ) LIMIT 1  [ RunTime:0.000421s ]
[ 2011-10-23T09:12:32+08:00 ] SQL: INSERT INTO `ry_products_cat_lang` (`cat_id`,`lang_code`,`cat_name`,`lang_name`) VALUES ('1','en-us',null,'English') [ RunTime:0.000299s ]
[ 2011-10-23T09:12:39+08:00 ] SQL: SHOW COLUMNS FROM `ry_products_cat_lang` [ RunTime:0.003695s ]
[ 2011-10-23T09:12:39+08:00 ] SQL: SHOW COLUMNS FROM `ry_langs` [ RunTime:0.003571s ]
[ 2011-10-23T09:12:39+08:00 ] SQL: SELECT * FROM `ry_langs` [ RunTime:0.000443s ]
[ 2011-10-23T09:12:39+08:00 ] NOTIC: [8] Undefined variable: the_lang ProductscategoryAction.class.php 第 211 行.
[ 2011-10-23T09:12:39+08:00 ] SQL: SELECT * FROM `ry_langs` WHERE ( `lang_code` = 'zh-cn' ) LIMIT 1  [ RunTime:0.000299s ]
[ 2011-10-23T09:12:39+08:00 ] SQL: INSERT INTO `ry_products_cat_lang` (`cat_id`,`lang_code`,`cat_name`,`lang_name`) VALUES ('1','zh-cn',null,'简体中文') [ RunTime:0.000156s ]
[ 2011-10-23T09:13:19+08:00 ] SQL: SHOW COLUMNS FROM `ry_products_cat_lang` [ RunTime:0.003719s ]
[ 2011-10-23T09:13:19+08:00 ] SQL: SHOW COLUMNS FROM `ry_langs` [ RunTime:0.003489s ]
[ 2011-10-23T09:13:19+08:00 ] SQL: SELECT * FROM `ry_langs` [ RunTime:0.000366s ]
[ 2011-10-23T09:13:19+08:00 ] SQL: SELECT * FROM `ry_langs` WHERE ( `lang_code` = 'en-us' ) LIMIT 1  [ RunTime:0.000285s ]
[ 2011-10-23T09:13:19+08:00 ] SQL: INSERT INTO `ry_products_cat_lang` (`cat_id`,`lang_code`,`cat_name`,`lang_name`) VALUES ('1','en-us','en for cat 1','English') [ RunTime:0.000244s ]
[ 2011-10-23T09:13:39+08:00 ] SQL: SHOW COLUMNS FROM `ry_products_cat_lang` [ RunTime:0.003913s ]
[ 2011-10-23T09:13:39+08:00 ] SQL: SHOW COLUMNS FROM `ry_langs` [ RunTime:0.003504s ]
[ 2011-10-23T09:13:39+08:00 ] SQL: SELECT * FROM `ry_langs` [ RunTime:0.000285s ]
[ 2011-10-23T09:13:39+08:00 ] SQL: SELECT * FROM `ry_langs` WHERE ( `lang_code` = 'zh-cn' ) LIMIT 1  [ RunTime:0.000348s ]
[ 2011-10-23T09:13:39+08:00 ] SQL: INSERT INTO `ry_products_cat_lang` (`cat_id`,`lang_code`,`cat_name`,`lang_name`) VALUES ('1','zh-cn','中文 -> 分类3','简体中文') [ RunTime:0.000357s ]
[ 2011-10-23T09:14:45+08:00 ] SQL: SHOW COLUMNS FROM `ry_users` [ RunTime:0.015855s ]
[ 2011-10-23T09:14:45+08:00 ] NOTIC: [8] Undefined variable: msg 3b07957a53ccb31105e96f96aaa794c8.php 第 45 行.
[ 2011-10-23T09:14:50+08:00 ] SQL: SHOW COLUMNS FROM `ry_users` [ RunTime:0.003604s ]
[ 2011-10-23T09:14:50+08:00 ] SQL: SELECT COUNT(*) AS tp_count FROM `ry_users` LIMIT 1  [ RunTime:0.000339s ]
[ 2011-10-23T09:14:50+08:00 ] SQL: SELECT * FROM `ry_users` LIMIT 0,25  [ RunTime:0.000513s ]
[ 2011-10-23T09:14:50+08:00 ] NOTIC: [8] Undefined index: uid 1282e97849dec9495baef5755c79259c.php 第 116 行.
[ 2011-10-23T09:15:06+08:00 ] SQL: SHOW COLUMNS FROM `ry_products_cat` [ RunTime:0.003893s ]
[ 2011-10-23T09:15:06+08:00 ] SQL: SELECT * FROM `ry_products_cat` ORDER BY parent_id asc [ RunTime:0.000320s ]
[ 2011-10-23T09:15:06+08:00 ] SQL: SELECT * FROM `ry_products_cat` WHERE cat_id=0 LIMIT 1  [ RunTime:0.000270s ]
[ 2011-10-23T09:15:06+08:00 ] SQL: SELECT * FROM `ry_products_cat` WHERE cat_id=1 LIMIT 1  [ RunTime:0.000288s ]
[ 2011-10-23T09:15:06+08:00 ] SQL: SELECT * FROM `ry_products_cat` WHERE cat_id=3 LIMIT 1  [ RunTime:0.000368s ]
[ 2011-10-23T09:15:06+08:00 ] SQL: SELECT * FROM `ry_products_cat` WHERE cat_id=4 LIMIT 1  [ RunTime:0.000184s ]
[ 2011-10-23T09:15:06+08:00 ] NOTIC: [8] Undefined variable: msg 54d61eb4eafecfef775e4a103813da8e.php 第 45 行.
[ 2011-10-23T09:15:18+08:00 ] SQL: SHOW COLUMNS FROM `ry_products_cat_lang` [ RunTime:0.003705s ]
[ 2011-10-23T09:15:18+08:00 ] SQL: SELECT * FROM `ry_products_cat_lang` WHERE ( `cat_id` = '1' ) [ RunTime:0.000434s ]
[ 2011-10-23T10:00:37+08:00 ] SQL: SHOW COLUMNS FROM `ry_products_cat_lang` [ RunTime:0.003628s ]
[ 2011-10-23T10:00:37+08:00 ] SQL: SELECT * FROM `ry_products_cat_lang` WHERE ( `cat_id` = '1' ) [ RunTime:0.000474s ]
[ 2011-10-23T10:00:37+08:00 ] NOTIC: [8] Undefined index: tb_productsCat 04a0fd06e53e0cda368358ac495db46f.php 第 119 行.
[ 2011-10-23T10:00:40+08:00 ] SQL: SHOW COLUMNS FROM `ry_products_cat` [ RunTime:0.003979s ]
[ 2011-10-23T10:00:40+08:00 ] SQL: SELECT * FROM `ry_products_cat` ORDER BY parent_id asc [ RunTime:0.000359s ]
[ 2011-10-23T10:00:40+08:00 ] SQL: SELECT * FROM `ry_products_cat` WHERE cat_id=0 LIMIT 1  [ RunTime:0.000226s ]
[ 2011-10-23T10:00:40+08:00 ] SQL: SELECT * FROM `ry_products_cat` WHERE cat_id=1 LIMIT 1  [ RunTime:0.000211s ]
[ 2011-10-23T10:00:40+08:00 ] SQL: SELECT * FROM `ry_products_cat` WHERE cat_id=3 LIMIT 1  [ RunTime:0.000171s ]
[ 2011-10-23T10:00:40+08:00 ] SQL: SELECT * FROM `ry_products_cat` WHERE cat_id=4 LIMIT 1  [ RunTime:0.000334s ]
[ 2011-10-23T10:00:40+08:00 ] NOTIC: [8] Undefined variable: msg 54d61eb4eafecfef775e4a103813da8e.php 第 45 行.
[ 2011-10-23T10:00:43+08:00 ] SQL: SHOW COLUMNS FROM `ry_products_cat_lang` [ RunTime:0.003770s ]
[ 2011-10-23T10:00:43+08:00 ] SQL: SELECT * FROM `ry_products_cat_lang` WHERE ( `cat_id` = '1' ) [ RunTime:0.000497s ]
[ 2011-10-23T10:00:43+08:00 ] NOTIC: [8] Undefined index: tb_productsCat 04a0fd06e53e0cda368358ac495db46f.php 第 119 行.
[ 2011-10-23T10:00:48+08:00 ] SQL: SHOW COLUMNS FROM `ry_products_cat` [ RunTime:0.003538s ]
[ 2011-10-23T10:00:48+08:00 ] SQL: SHOW COLUMNS FROM `ry_products_cat_lang` [ RunTime:0.003715s ]
[ 2011-10-23T10:00:48+08:00 ] SQL: SHOW COLUMNS FROM `ry_langs` [ RunTime:0.004230s ]
[ 2011-10-23T10:00:48+08:00 ] SQL: SELECT * FROM `ry_products_cat` WHERE ( `cat_id` = '1' ) LIMIT 1  [ RunTime:0.000384s ]
[ 2011-10-23T10:00:48+08:00 ] SQL: SELECT * FROM `ry_langs` [ RunTime:0.000294s ]
[ 2011-10-23T10:01:56+08:00 ] SQL: SHOW COLUMNS FROM `ry_products_cat` [ RunTime:0.003689s ]
[ 2011-10-23T10:01:57+08:00 ] SQL: SHOW COLUMNS FROM `ry_products_cat_lang` [ RunTime:0.003418s ]
[ 2011-10-23T10:01:57+08:00 ] SQL: SELECT * FROM `ry_products_cat` WHERE ( `cat_id` = '1' ) LIMIT 1  [ RunTime:0.000435s ]
[ 2011-10-23T10:01:57+08:00 ] SQL: SELECT * FROM `ry_products_cat_lang` WHERE ( `cat_id` = '1' ) [ RunTime:0.000267s ]
[ 2011-10-23T10:02:17+08:00 ] SQL: SHOW COLUMNS FROM `ry_products_cat` [ RunTime:0.003500s ]
[ 2011-10-23T10:02:17+08:00 ] SQL: SHOW COLUMNS FROM `ry_products_cat_lang` [ RunTime:0.003900s ]
[ 2011-10-23T10:02:17+08:00 ] SQL: SELECT * FROM `ry_products_cat` WHERE ( `cat_id` = '1' ) LIMIT 1  [ RunTime:0.000463s ]
[ 2011-10-23T10:02:17+08:00 ] SQL: SELECT * FROM `ry_products_cat_lang` WHERE ( `cat_id` = '1' ) [ RunTime:0.000395s ]
[ 2011-10-23T10:02:55+08:00 ] SQL: SHOW COLUMNS FROM `ry_products_cat` [ RunTime:0.004135s ]
[ 2011-10-23T10:02:55+08:00 ] SQL: SHOW COLUMNS FROM `ry_products_cat_lang` [ RunTime:0.004475s ]
[ 2011-10-23T10:02:55+08:00 ] SQL: SHOW COLUMNS FROM `ry_langs` [ RunTime:0.004054s ]
[ 2011-10-23T10:02:55+08:00 ] SQL: SELECT * FROM `ry_products_cat` WHERE ( `cat_id` = '1' ) LIMIT 1  [ RunTime:0.000379s ]
[ 2011-10-23T10:02:55+08:00 ] SQL: SELECT * FROM `ry_langs` [ RunTime:0.000407s ]
[ 2011-10-23T10:09:16+08:00 ] NOTIC: [8] Undefined variable: msg 1eb95ab60df69cac8e3f889cd1378342.php 第 45 行.
[ 2011-10-23T10:09:16+08:00 ] NOTIC: [8] Undefined variable: cat_data 1eb95ab60df69cac8e3f889cd1378342.php 第 131 行.
[ 2011-10-23T10:09:16+08:00 ] NOTIC: [8] Undefined variable: categoty 1eb95ab60df69cac8e3f889cd1378342.php 第 137 行.
[ 2011-10-23T10:09:16+08:00 ] NOTIC: [8] Undefined variable: cat_data 1eb95ab60df69cac8e3f889cd1378342.php 第 142 行.
[ 2011-10-23T10:09:16+08:00 ] NOTIC: [8] Undefined variable: cat_data 1eb95ab60df69cac8e3f889cd1378342.php 第 146 行.
[ 2011-10-23T10:09:16+08:00 ] NOTIC: [8] Undefined variable: cat_data 1eb95ab60df69cac8e3f889cd1378342.php 第 147 行.
[ 2011-10-23T10:09:16+08:00 ] NOTIC: [8] Undefined variable: cat_data 1eb95ab60df69cac8e3f889cd1378342.php 第 153 行.
[ 2011-10-23T10:09:49+08:00 ] NOTIC: [8] Undefined variable: msg 1eb95ab60df69cac8e3f889cd1378342.php 第 45 行.
[ 2011-10-23T10:09:49+08:00 ] NOTIC: [8] Undefined index: cat_id 1eb95ab60df69cac8e3f889cd1378342.php 第 124 行.
[ 2011-10-23T10:09:49+08:00 ] NOTIC: [8] Undefined index: cat_id 1eb95ab60df69cac8e3f889cd1378342.php 第 125 行.
[ 2011-10-23T10:09:49+08:00 ] NOTIC: [8] Undefined variable: data 1eb95ab60df69cac8e3f889cd1378342.php 第 128 行.
[ 2011-10-23T10:09:49+08:00 ] NOTIC: [8] Undefined variable: data 1eb95ab60df69cac8e3f889cd1378342.php 第 138 行.
[ 2011-10-23T10:10:27+08:00 ] SQL: SHOW COLUMNS FROM `ry_products_cat` [ RunTime:0.003522s ]
[ 2011-10-23T10:10:27+08:00 ] SQL: SHOW COLUMNS FROM `ry_products_cat_lang` [ RunTime:0.003380s ]
[ 2011-10-23T10:10:27+08:00 ] SQL: SELECT * FROM `ry_products_cat` WHERE ( `cat_id` = '1' ) LIMIT 1  [ RunTime:0.000493s ]
[ 2011-10-23T10:10:27+08:00 ] SQL: SELECT * FROM `ry_products_cat_lang` WHERE ( `cat_id` = '1' ) [ RunTime:0.000417s ]
[ 2011-10-23T10:10:29+08:00 ] NOTIC: [8] Undefined variable: msg 1eb95ab60df69cac8e3f889cd1378342.php 第 45 行.
[ 2011-10-23T10:10:29+08:00 ] NOTIC: [8] Undefined index: cat_id 1eb95ab60df69cac8e3f889cd1378342.php 第 124 行.
[ 2011-10-23T10:10:29+08:00 ] NOTIC: [8] Undefined index: cat_id 1eb95ab60df69cac8e3f889cd1378342.php 第 125 行.
[ 2011-10-23T10:10:29+08:00 ] NOTIC: [8] Undefined variable: data 1eb95ab60df69cac8e3f889cd1378342.php 第 128 行.
[ 2011-10-23T10:10:29+08:00 ] NOTIC: [8] Undefined variable: data 1eb95ab60df69cac8e3f889cd1378342.php 第 138 行.
[ 2011-10-23T10:10:59+08:00 ] SQL: SHOW COLUMNS FROM `ry_products_cat` [ RunTime:0.003625s ]
[ 2011-10-23T10:10:59+08:00 ] SQL: SHOW COLUMNS FROM `ry_products_cat_lang` [ RunTime:0.003566s ]
[ 2011-10-23T10:10:59+08:00 ] SQL: SELECT * FROM `ry_products_cat` WHERE ( `cat_id` = '1' ) LIMIT 1  [ RunTime:0.000344s ]
[ 2011-10-23T10:10:59+08:00 ] SQL: SELECT * FROM `ry_products_cat_lang` WHERE ( `cat_id` = '1' ) [ RunTime:0.000271s ]
[ 2011-10-23T10:11:07+08:00 ] SQL: SHOW COLUMNS FROM `ry_products_cat` [ RunTime:0.003882s ]
[ 2011-10-23T10:11:07+08:00 ] SQL: SHOW COLUMNS FROM `ry_products_cat_lang` [ RunTime:0.003550s ]
[ 2011-10-23T10:11:07+08:00 ] SQL: SELECT * FROM `ry_products_cat` WHERE ( `cat_id` = '1' ) LIMIT 1  [ RunTime:0.000427s ]
[ 2011-10-23T10:11:07+08:00 ] SQL: SELECT * FROM `ry_products_cat_lang` WHERE ( `cat_id` = '1' ) [ RunTime:0.000413s ]
[ 2011-10-23T10:11:39+08:00 ] SQL: SHOW COLUMNS FROM `ry_products_cat` [ RunTime:0.003651s ]
[ 2011-10-23T10:11:39+08:00 ] SQL: SHOW COLUMNS FROM `ry_products_cat_lang` [ RunTime:0.003655s ]
[ 2011-10-23T10:11:39+08:00 ] SQL: SELECT * FROM `ry_products_cat` WHERE ( `cat_id` = '1' ) LIMIT 1  [ RunTime:0.000428s ]
[ 2011-10-23T10:11:39+08:00 ] SQL: SELECT * FROM `ry_products_cat_lang` WHERE ( `cat_id` = '1' ) [ RunTime:0.000414s ]
[ 2011-10-23T10:11:45+08:00 ] NOTIC: [8] Undefined variable: msg 1eb95ab60df69cac8e3f889cd1378342.php 第 45 行.
[ 2011-10-23T10:11:45+08:00 ] NOTIC: [8] Undefined variable: data 1eb95ab60df69cac8e3f889cd1378342.php 第 128 行.
[ 2011-10-23T10:11:45+08:00 ] NOTIC: [8] Undefined variable: data 1eb95ab60df69cac8e3f889cd1378342.php 第 138 行.
[ 2011-10-23T10:12:48+08:00 ] SQL: SHOW COLUMNS FROM `ry_products_cat` [ RunTime:0.004165s ]
[ 2011-10-23T10:12:48+08:00 ] SQL: SHOW COLUMNS FROM `ry_products_cat_lang` [ RunTime:0.003471s ]
[ 2011-10-23T10:12:48+08:00 ] SQL: SELECT * FROM `ry_products_cat` WHERE ( `cat_id` = '1' ) LIMIT 1  [ RunTime:0.000387s ]
[ 2011-10-23T10:12:48+08:00 ] SQL: SELECT * FROM `ry_products_cat_lang` WHERE ( `cat_id` = '1' ) [ RunTime:0.000405s ]
[ 2011-10-23T10:12:50+08:00 ] SQL: SHOW COLUMNS FROM `ry_products_cat` [ RunTime:0.003993s ]
[ 2011-10-23T10:12:50+08:00 ] SQL: SHOW COLUMNS FROM `ry_products_cat_lang` [ RunTime:0.003724s ]
[ 2011-10-23T10:12:50+08:00 ] SQL: SHOW COLUMNS FROM `ry_langs` [ RunTime:0.003495s ]
[ 2011-10-23T10:12:50+08:00 ] SQL: SELECT * FROM `ry_products_cat` WHERE ( `cat_id` = '1' ) LIMIT 1  [ RunTime:0.000312s ]
[ 2011-10-23T10:12:50+08:00 ] NOTIC: [8] Undefined index: tb_langs 1eb95ab60df69cac8e3f889cd1378342.php 第 138 行.
[ 2011-10-23T10:15:57+08:00 ] SQL: SHOW COLUMNS FROM `ry_products_cat` [ RunTime:0.003702s ]
[ 2011-10-23T10:15:57+08:00 ] SQL: SHOW COLUMNS FROM `ry_products_cat_lang` [ RunTime:0.003743s ]
[ 2011-10-23T10:15:57+08:00 ] SQL: SELECT * FROM `ry_products_cat` WHERE ( `cat_id` = '1' ) LIMIT 1  [ RunTime:0.000347s ]
[ 2011-10-23T10:15:57+08:00 ] SQL: SELECT * FROM `ry_products_cat_lang` WHERE ( `cat_id` = '1' ) [ RunTime:0.000372s ]
[ 2011-10-23T10:16:00+08:00 ] SQL: SHOW COLUMNS FROM `ry_products_cat` [ RunTime:0.003605s ]
[ 2011-10-23T10:16:00+08:00 ] SQL: SHOW COLUMNS FROM `ry_products_cat_lang` [ RunTime:0.003646s ]
[ 2011-10-23T10:16:00+08:00 ] SQL: SHOW COLUMNS FROM `ry_langs` [ RunTime:0.003466s ]
[ 2011-10-23T10:16:00+08:00 ] SQL: SELECT * FROM `ry_products_cat` WHERE ( `cat_id` = '1' ) LIMIT 1  [ RunTime:0.000301s ]
[ 2011-10-23T10:16:00+08:00 ] NOTIC: [8] Undefined index: tb_langs 1eb95ab60df69cac8e3f889cd1378342.php 第 138 行.
[ 2011-10-23T10:16:12+08:00 ] SQL: SHOW COLUMNS FROM `ry_products_cat` [ RunTime:0.003570s ]
[ 2011-10-23T10:16:12+08:00 ] SQL: SELECT * FROM `ry_products_cat` ORDER BY parent_id asc [ RunTime:0.000382s ]
[ 2011-10-23T10:16:12+08:00 ] SQL: SELECT * FROM `ry_products_cat` WHERE cat_id=0 LIMIT 1  [ RunTime:0.000263s ]
[ 2011-10-23T10:16:12+08:00 ] SQL: SELECT * FROM `ry_products_cat` WHERE cat_id=1 LIMIT 1  [ RunTime:0.000184s ]
[ 2011-10-23T10:16:12+08:00 ] SQL: SELECT * FROM `ry_products_cat` WHERE cat_id=3 LIMIT 1  [ RunTime:0.000177s ]
[ 2011-10-23T10:16:12+08:00 ] SQL: SELECT * FROM `ry_products_cat` WHERE cat_id=4 LIMIT 1  [ RunTime:0.000172s ]
[ 2011-10-23T10:16:12+08:00 ] NOTIC: [8] Undefined variable: msg 54d61eb4eafecfef775e4a103813da8e.php 第 45 行.
[ 2011-10-23T10:18:00+08:00 ] SQL: SHOW COLUMNS FROM `ry_products_cat` [ RunTime:0.003742s ]
[ 2011-10-23T10:18:00+08:00 ] SQL: SELECT * FROM `ry_products_cat` ORDER BY parent_id asc [ RunTime:0.000374s ]
[ 2011-10-23T10:18:00+08:00 ] SQL: SELECT * FROM `ry_products_cat` WHERE cat_id=0 LIMIT 1  [ RunTime:0.000253s ]
[ 2011-10-23T10:18:00+08:00 ] SQL: SELECT * FROM `ry_products_cat` WHERE cat_id=1 LIMIT 1  [ RunTime:0.000183s ]
[ 2011-10-23T10:18:00+08:00 ] SQL: SELECT * FROM `ry_products_cat` WHERE cat_id=3 LIMIT 1  [ RunTime:0.000291s ]
[ 2011-10-23T10:18:00+08:00 ] SQL: SELECT * FROM `ry_products_cat` WHERE cat_id=4 LIMIT 1  [ RunTime:0.000247s ]
[ 2011-10-23T10:18:00+08:00 ] NOTIC: [8] Undefined variable: msg 54d61eb4eafecfef775e4a103813da8e.php 第 45 行.
[ 2011-10-23T10:20:50+08:00 ] SQL: SHOW COLUMNS FROM `ry_products_cat` [ RunTime:0.003649s ]
[ 2011-10-23T10:20:50+08:00 ] SQL: SELECT * FROM `ry_products_cat` ORDER BY parent_id asc [ RunTime:0.000315s ]
[ 2011-10-23T10:20:50+08:00 ] SQL: SELECT * FROM `ry_products_cat` WHERE cat_id=0 LIMIT 1  [ RunTime:0.000201s ]
[ 2011-10-23T10:20:50+08:00 ] SQL: SELECT * FROM `ry_products_cat` WHERE cat_id=1 LIMIT 1  [ RunTime:0.000175s ]
[ 2011-10-23T10:20:50+08:00 ] SQL: SELECT * FROM `ry_products_cat` WHERE cat_id=3 LIMIT 1  [ RunTime:0.000173s ]
[ 2011-10-23T10:20:50+08:00 ] SQL: SELECT * FROM `ry_products_cat` WHERE cat_id=4 LIMIT 1  [ RunTime:0.000326s ]
[ 2011-10-23T10:20:50+08:00 ] NOTIC: [8] Undefined variable: msg 54d61eb4eafecfef775e4a103813da8e.php 第 45 行.
[ 2011-10-23T10:20:52+08:00 ] SQL: SHOW COLUMNS FROM `ry_products_cat` [ RunTime:0.003919s ]
[ 2011-10-23T10:20:52+08:00 ] SQL: SELECT * FROM `ry_products_cat` WHERE ( `is_show` = '1' ) ORDER BY parent_id asc [ RunTime:0.000403s ]
[ 2011-10-23T10:20:52+08:00 ] SQL: SELECT * FROM `ry_products_cat` WHERE ( `cat_id` = '1' ) LIMIT 1  [ RunTime:0.000269s ]
[ 2011-10-23T10:20:52+08:00 ] NOTIC: [8] Undefined variable: msg 5b1d4ccd6d731aad92baf79ff4862f1e.php 第 45 行.
[ 2011-10-23T10:21:51+08:00 ] SQL: SHOW COLUMNS FROM `ry_products_cat` [ RunTime:0.003785s ]
[ 2011-10-23T10:21:51+08:00 ] SQL: SELECT * FROM `ry_products_cat` WHERE ( `is_show` = '1' ) ORDER BY parent_id asc [ RunTime:0.000396s ]
[ 2011-10-23T10:21:51+08:00 ] SQL: SELECT * FROM `ry_products_cat` WHERE ( `cat_id` = '1' ) LIMIT 1  [ RunTime:0.000279s ]
[ 2011-10-23T10:21:51+08:00 ] NOTIC: [8] Undefined variable: msg 5b1d4ccd6d731aad92baf79ff4862f1e.php 第 45 行.
[ 2011-10-23T10:21:57+08:00 ] SQL: SHOW COLUMNS FROM `ry_products_cat` [ RunTime:0.004138s ]
[ 2011-10-23T10:21:57+08:00 ] SQL: SELECT * FROM `ry_products_cat` ORDER BY parent_id asc [ RunTime:0.000397s ]
[ 2011-10-23T10:21:57+08:00 ] SQL: SELECT * FROM `ry_products_cat` WHERE cat_id=0 LIMIT 1  [ RunTime:0.000199s ]
[ 2011-10-23T10:21:57+08:00 ] SQL: SELECT * FROM `ry_products_cat` WHERE cat_id=1 LIMIT 1  [ RunTime:0.000176s ]
[ 2011-10-23T10:21:57+08:00 ] SQL: SELECT * FROM `ry_products_cat` WHERE cat_id=3 LIMIT 1  [ RunTime:0.000179s ]
[ 2011-10-23T10:21:57+08:00 ] SQL: SELECT * FROM `ry_products_cat` WHERE cat_id=4 LIMIT 1  [ RunTime:0.000166s ]
[ 2011-10-23T10:21:57+08:00 ] NOTIC: [8] Undefined variable: msg 54d61eb4eafecfef775e4a103813da8e.php 第 45 行.
[ 2011-10-23T10:22:03+08:00 ] SQL: SHOW COLUMNS FROM `ry_products_cat` [ RunTime:0.003769s ]
[ 2011-10-23T10:22:03+08:00 ] SQL: SHOW COLUMNS FROM `ry_products_cat_lang` [ RunTime:0.003423s ]
[ 2011-10-23T10:22:03+08:00 ] SQL: SELECT * FROM `ry_products_cat` WHERE ( `cat_id` = '1' ) LIMIT 1  [ RunTime:0.000412s ]
[ 2011-10-23T10:22:03+08:00 ] SQL: SELECT * FROM `ry_products_cat_lang` WHERE ( `cat_id` = '1' ) [ RunTime:0.000345s ]
[ 2011-10-23T10:22:03+08:00 ] NOTIC: [8] Undefined index: info 04a0fd06e53e0cda368358ac495db46f.php 第 114 行.
[ 2011-10-23T10:22:03+08:00 ] NOTIC: [8] Undefined index: info 04a0fd06e53e0cda368358ac495db46f.php 第 114 行.
[ 2011-10-23T10:22:10+08:00 ] SQL: SHOW COLUMNS FROM `ry_products_cat` [ RunTime:0.003595s ]
[ 2011-10-23T10:22:10+08:00 ] SQL: SHOW COLUMNS FROM `ry_products_cat_lang` [ RunTime:0.003523s ]
[ 2011-10-23T10:22:10+08:00 ] SQL: SELECT * FROM `ry_products_cat` WHERE ( `cat_id` = '1' ) LIMIT 1  [ RunTime:0.000401s ]
[ 2011-10-23T10:22:10+08:00 ] SQL: SELECT * FROM `ry_products_cat_lang` WHERE ( `cat_id` = '1' ) [ RunTime:0.000350s ]
[ 2011-10-23T10:22:10+08:00 ] NOTIC: [8] Undefined index: info 04a0fd06e53e0cda368358ac495db46f.php 第 114 行.
[ 2011-10-23T10:22:10+08:00 ] NOTIC: [8] Undefined index: info 04a0fd06e53e0cda368358ac495db46f.php 第 114 行.
[ 2011-10-23T10:22:53+08:00 ] SQL: SHOW COLUMNS FROM `ry_products_cat` [ RunTime:0.003599s ]
[ 2011-10-23T10:22:53+08:00 ] SQL: SHOW COLUMNS FROM `ry_products_cat_lang` [ RunTime:0.003454s ]
[ 2011-10-23T10:22:53+08:00 ] SQL: SHOW COLUMNS FROM `ry_langs` [ RunTime:0.003315s ]
[ 2011-10-23T10:22:53+08:00 ] SQL: SELECT * FROM `ry_products_cat` WHERE ( `cat_id` = '1' ) LIMIT 1  [ RunTime:0.000296s ]
[ 2011-10-23T10:22:53+08:00 ] SQL: SELECT * FROM `ry_langs` [ RunTime:0.000386s ]
[ 2011-10-23T10:22:53+08:00 ] NOTIC: [8] Undefined index: info 12dbe9f1524c41951688feacf462f70e.php 第 110 行.
[ 2011-10-23T10:22:53+08:00 ] NOTIC: [8] Undefined index: info 12dbe9f1524c41951688feacf462f70e.php 第 110 行.
[ 2011-10-23T10:22:59+08:00 ] SQL: SHOW COLUMNS FROM `ry_products_cat` [ RunTime:0.003971s ]
[ 2011-10-23T10:22:59+08:00 ] SQL: SHOW COLUMNS FROM `ry_products_cat_lang` [ RunTime:0.003383s ]
[ 2011-10-23T10:22:59+08:00 ] SQL: SHOW COLUMNS FROM `ry_langs` [ RunTime:0.003495s ]
[ 2011-10-23T10:22:59+08:00 ] SQL: SELECT * FROM `ry_products_cat` WHERE ( `cat_id` = '1' ) LIMIT 1  [ RunTime:0.000440s ]
[ 2011-10-23T10:22:59+08:00 ] SQL: SELECT * FROM `ry_langs` [ RunTime:0.000292s ]
[ 2011-10-23T10:22:59+08:00 ] SQL: SELECT * FROM `ry_langs` WHERE ( `lang_code` = 'en-us' ) LIMIT 1  [ RunTime:0.000272s ]
[ 2011-10-23T10:22:59+08:00 ] SQL: INSERT INTO `ry_products_cat_lang` (`cat_id`,`lang_code`,`cat_name`,`lang_name`) VALUES ('1','en-us','en for cat 1','English') [ RunTime:0.000324s ]
[ 2011-10-23T10:22:59+08:00 ] NOTIC: [8] Undefined index: class 12dbe9f1524c41951688feacf462f70e.php 第 110 行.
[ 2011-10-23T10:25:08+08:00 ] SQL: SHOW COLUMNS FROM `ry_products_cat` [ RunTime:0.003718s ]
[ 2011-10-23T10:25:08+08:00 ] SQL: SHOW COLUMNS FROM `ry_products_cat_lang` [ RunTime:0.003611s ]
[ 2011-10-23T10:25:08+08:00 ] SQL: SHOW COLUMNS FROM `ry_langs` [ RunTime:0.003602s ]
[ 2011-10-23T10:25:08+08:00 ] SQL: SELECT * FROM `ry_products_cat` WHERE ( `cat_id` = '1' ) LIMIT 1  [ RunTime:0.000351s ]
[ 2011-10-23T10:25:08+08:00 ] SQL: SELECT * FROM `ry_langs` [ RunTime:0.000254s ]
[ 2011-10-23T10:25:08+08:00 ] SQL: SELECT * FROM `ry_langs` WHERE ( `lang_code` = 'en-us' ) LIMIT 1  [ RunTime:0.000347s ]
[ 2011-10-23T10:25:08+08:00 ] SQL: INSERT INTO `ry_products_cat_lang` (`cat_id`,`lang_code`,`cat_name`,`lang_name`) VALUES ('1','en-us','en for cat 1','English') [ RunTime:0.000243s ]
[ 2011-10-23T10:25:08+08:00 ] NOTIC: [8] Undefined index: class 12dbe9f1524c41951688feacf462f70e.php 第 110 行.
[ 2011-10-23T10:25:11+08:00 ] SQL: SHOW COLUMNS FROM `ry_products_cat` [ RunTime:0.003981s ]
[ 2011-10-23T10:25:11+08:00 ] SQL: SHOW COLUMNS FROM `ry_products_cat_lang` [ RunTime:0.003444s ]
[ 2011-10-23T10:25:11+08:00 ] SQL: SHOW COLUMNS FROM `ry_langs` [ RunTime:0.003361s ]
[ 2011-10-23T10:25:11+08:00 ] SQL: SELECT * FROM `ry_products_cat` WHERE ( `cat_id` = '1' ) LIMIT 1  [ RunTime:0.000320s ]
[ 2011-10-23T10:25:11+08:00 ] SQL: SELECT * FROM `ry_langs` [ RunTime:0.000261s ]
[ 2011-10-23T10:25:11+08:00 ] SQL: SELECT * FROM `ry_langs` WHERE ( `lang_code` = 'en-us' ) LIMIT 1  [ RunTime:0.000304s ]
[ 2011-10-23T10:25:11+08:00 ] SQL: INSERT INTO `ry_products_cat_lang` (`cat_id`,`lang_code`,`cat_name`,`lang_name`) VALUES ('1','en-us','','English') [ RunTime:0.000201s ]
[ 2011-10-23T10:25:11+08:00 ] NOTIC: [8] Undefined index: class 12dbe9f1524c41951688feacf462f70e.php 第 110 行.
[ 2011-10-23T10:26:36+08:00 ] SQL: SHOW COLUMNS FROM `ry_products_cat` [ RunTime:0.003985s ]
[ 2011-10-23T10:26:37+08:00 ] SQL: SHOW COLUMNS FROM `ry_products_cat_lang` [ RunTime:0.003496s ]
[ 2011-10-23T10:26:37+08:00 ] SQL: SHOW COLUMNS FROM `ry_langs` [ RunTime:0.003415s ]
[ 2011-10-23T10:26:37+08:00 ] SQL: SELECT * FROM `ry_products_cat` WHERE ( `cat_id` = '1' ) LIMIT 1  [ RunTime:0.000367s ]
[ 2011-10-23T10:26:37+08:00 ] SQL: SELECT * FROM `ry_langs` [ RunTime:0.000188s ]
[ 2011-10-23T10:26:37+08:00 ] SQL: SELECT * FROM `ry_langs` WHERE ( `lang_code` = 'en-us' ) LIMIT 1  [ RunTime:0.000202s ]
[ 2011-10-23T10:26:37+08:00 ] SQL: INSERT INTO `ry_products_cat_lang` (`cat_id`,`lang_code`,`cat_name`,`lang_name`) VALUES ('1','en-us','','English') [ RunTime:0.000300s ]
[ 2011-10-23T10:27:54+08:00 ] SQL: SHOW COLUMNS FROM `ry_products_cat` [ RunTime:0.003583s ]
[ 2011-10-23T10:27:54+08:00 ] SQL: SHOW COLUMNS FROM `ry_products_cat_lang` [ RunTime:0.003634s ]
[ 2011-10-23T10:27:54+08:00 ] SQL: SHOW COLUMNS FROM `ry_langs` [ RunTime:0.003430s ]
[ 2011-10-23T10:27:54+08:00 ] SQL: SELECT * FROM `ry_products_cat` WHERE ( `cat_id` = '1' ) LIMIT 1  [ RunTime:0.000367s ]
[ 2011-10-23T10:27:54+08:00 ] SQL: SELECT * FROM `ry_langs` [ RunTime:0.000198s ]
[ 2011-10-23T10:27:54+08:00 ] SQL: SELECT * FROM `ry_langs` WHERE ( `lang_code` = 'zh-cn' ) LIMIT 1  [ RunTime:0.000400s ]
[ 2011-10-23T10:27:54+08:00 ] SQL: INSERT INTO `ry_products_cat_lang` (`cat_id`,`lang_code`,`cat_name`,`lang_name`) VALUES ('1','zh-cn','中文 -> 分类3','简体中文') [ RunTime:0.000218s ]
[ 2011-10-23T10:29:12+08:00 ] SQL: SHOW COLUMNS FROM `ry_products_cat` [ RunTime:0.003908s ]
[ 2011-10-23T10:29:12+08:00 ] SQL: SHOW COLUMNS FROM `ry_products_cat_lang` [ RunTime:0.003630s ]
[ 2011-10-23T10:29:12+08:00 ] SQL: SHOW COLUMNS FROM `ry_langs` [ RunTime:0.003678s ]
[ 2011-10-23T10:29:12+08:00 ] SQL: SELECT * FROM `ry_products_cat` WHERE ( `cat_id` = '1' ) LIMIT 1  [ RunTime:0.000430s ]
[ 2011-10-23T10:29:12+08:00 ] SQL: SELECT * FROM `ry_langs` [ RunTime:0.000321s ]
[ 2011-10-23T10:29:12+08:00 ] SQL: SELECT * FROM `ry_langs` WHERE ( `lang_code` = 'en-us' ) LIMIT 1  [ RunTime:0.000274s ]
[ 2011-10-23T10:29:12+08:00 ] SQL: INSERT INTO `ry_products_cat_lang` (`cat_id`,`lang_code`,`cat_name`,`lang_name`) VALUES ('1','en-us','en for cat 1','English') [ RunTime:0.000284s ]
[ 2011-10-23T10:29:19+08:00 ] SQL: SHOW COLUMNS FROM `ry_products_cat` [ RunTime:0.003663s ]
[ 2011-10-23T10:29:19+08:00 ] SQL: SELECT * FROM `ry_products_cat` ORDER BY parent_id asc [ RunTime:0.000309s ]
[ 2011-10-23T10:29:19+08:00 ] SQL: SELECT * FROM `ry_products_cat` WHERE cat_id=0 LIMIT 1  [ RunTime:0.000199s ]
[ 2011-10-23T10:29:19+08:00 ] SQL: SELECT * FROM `ry_products_cat` WHERE cat_id=1 LIMIT 1  [ RunTime:0.000180s ]
[ 2011-10-23T10:29:19+08:00 ] SQL: SELECT * FROM `ry_products_cat` WHERE cat_id=3 LIMIT 1  [ RunTime:0.000176s ]
[ 2011-10-23T10:29:19+08:00 ] SQL: SELECT * FROM `ry_products_cat` WHERE cat_id=4 LIMIT 1  [ RunTime:0.000167s ]
[ 2011-10-23T10:29:19+08:00 ] NOTIC: [8] Undefined variable: msg 54d61eb4eafecfef775e4a103813da8e.php 第 45 行.
[ 2011-10-23T10:29:19+08:00 ] NOTIC: [8] Undefined variable: msg 54d61eb4eafecfef775e4a103813da8e.php 第 110 行.
[ 2011-10-23T10:29:19+08:00 ] NOTIC: [8] Undefined variable: msg 54d61eb4eafecfef775e4a103813da8e.php 第 110 行.
[ 2011-10-23T10:29:35+08:00 ] SQL: SHOW COLUMNS FROM `ry_products_cat` [ RunTime:0.003830s ]
[ 2011-10-23T10:29:35+08:00 ] SQL: SELECT * FROM `ry_products_cat` WHERE ( `is_show` = '1' ) ORDER BY parent_id asc [ RunTime:0.000421s ]
[ 2011-10-23T10:29:35+08:00 ] SQL: SELECT * FROM `ry_products_cat` WHERE ( `cat_id` = '1' ) LIMIT 1  [ RunTime:0.000347s ]
[ 2011-10-23T10:29:35+08:00 ] NOTIC: [8] Undefined variable: msg 5b1d4ccd6d731aad92baf79ff4862f1e.php 第 45 行.
[ 2011-10-23T10:29:35+08:00 ] NOTIC: [8] Undefined variable: msg 5b1d4ccd6d731aad92baf79ff4862f1e.php 第 110 行.
[ 2011-10-23T10:29:35+08:00 ] NOTIC: [8] Undefined variable: msg 5b1d4ccd6d731aad92baf79ff4862f1e.php 第 110 行.
[ 2011-10-23T10:34:44+08:00 ] SQL: SHOW COLUMNS FROM `ry_products_cat` [ RunTime:0.004319s ]
[ 2011-10-23T10:34:44+08:00 ] SQL: SHOW COLUMNS FROM `ry_products_cat_lang` [ RunTime:0.004055s ]
[ 2011-10-23T10:34:44+08:00 ] SQL: SELECT * FROM `ry_products_cat` WHERE ( `cat_id` = '1' ) LIMIT 1  [ RunTime:0.000407s ]
[ 2011-10-23T10:34:44+08:00 ] SQL: SELECT * FROM `ry_products_cat_lang` WHERE ( `cat_id` = '1' ) [ RunTime:0.000357s ]
[ 2011-10-23T10:34:44+08:00 ] NOTIC: [8] Undefined index: info 04a0fd06e53e0cda368358ac495db46f.php 第 110 行.
[ 2011-10-23T10:34:44+08:00 ] NOTIC: [8] Undefined index: info 04a0fd06e53e0cda368358ac495db46f.php 第 110 行.
[ 2011-10-23T10:34:47+08:00 ] SQL: SHOW COLUMNS FROM `ry_products_cat` [ RunTime:0.003843s ]
[ 2011-10-23T10:34:47+08:00 ] SQL: SHOW COLUMNS FROM `ry_products_cat_lang` [ RunTime:0.003710s ]
[ 2011-10-23T10:34:47+08:00 ] SQL: SHOW COLUMNS FROM `ry_langs` [ RunTime:0.003915s ]
[ 2011-10-23T10:34:47+08:00 ] SQL: SELECT * FROM `ry_products_cat` WHERE ( `cat_id` = '1' ) LIMIT 1  [ RunTime:0.000391s ]
[ 2011-10-23T10:34:47+08:00 ] NOTIC: [8] Undefined index: info 1eb95ab60df69cac8e3f889cd1378342.php 第 110 行.
[ 2011-10-23T10:34:47+08:00 ] NOTIC: [8] Undefined index: info 1eb95ab60df69cac8e3f889cd1378342.php 第 110 行.
[ 2011-10-23T10:34:47+08:00 ] NOTIC: [8] Undefined index: tb_langs 1eb95ab60df69cac8e3f889cd1378342.php 第 138 行.
[ 2011-10-23T10:35:02+08:00 ] SQL: SHOW COLUMNS FROM `ry_products_cat` [ RunTime:0.003686s ]
[ 2011-10-23T10:35:02+08:00 ] SQL: SHOW COLUMNS FROM `ry_products_cat_lang` [ RunTime:0.003778s ]
[ 2011-10-23T10:35:02+08:00 ] SQL: SHOW COLUMNS FROM `ry_langs` [ RunTime:0.003565s ]
[ 2011-10-23T10:35:02+08:00 ] SQL: SELECT * FROM `ry_products_cat` WHERE ( `cat_id` = '1' ) LIMIT 1  [ RunTime:0.000394s ]
[ 2011-10-23T10:35:02+08:00 ] SQL: SELECT * FROM `ry_langs` [ RunTime:0.000292s ]
[ 2011-10-23T10:35:02+08:00 ] NOTIC: [8] Undefined index: info 1eb95ab60df69cac8e3f889cd1378342.php 第 110 行.
[ 2011-10-23T10:35:02+08:00 ] NOTIC: [8] Undefined index: info 1eb95ab60df69cac8e3f889cd1378342.php 第 110 行.
[ 2011-10-23T10:54:11+08:00 ] SQL: SHOW COLUMNS FROM `ry_products_cat` [ RunTime:0.003841s ]
[ 2011-10-23T10:54:11+08:00 ] SQL: SHOW COLUMNS FROM `ry_products_cat_lang` [ RunTime:0.003855s ]
[ 2011-10-23T10:54:11+08:00 ] SQL: SHOW COLUMNS FROM `ry_langs` [ RunTime:0.003849s ]
[ 2011-10-23T10:54:11+08:00 ] SQL: SELECT * FROM `ry_products_cat` WHERE ( `cat_id` = '1' ) LIMIT 1  [ RunTime:0.000316s ]
[ 2011-10-23T10:54:11+08:00 ] SQL: SELECT * FROM `ry_langs` [ RunTime:0.000257s ]
[ 2011-10-23T10:54:11+08:00 ] SQL: SELECT * FROM `ry_products_cat_lang` WHERE ( `catlang_id` = '7' ) LIMIT 1  [ RunTime:0.000264s ]
[ 2011-10-23T10:54:11+08:00 ] NOTIC: [8] Undefined index: info 1eb95ab60df69cac8e3f889cd1378342.php 第 110 行.
[ 2011-10-23T10:54:11+08:00 ] NOTIC: [8] Undefined index: info 1eb95ab60df69cac8e3f889cd1378342.php 第 110 行.
[ 2011-10-23T10:56:46+08:00 ] SQL: SHOW COLUMNS FROM `ry_products_cat` [ RunTime:0.021016s ]
[ 2011-10-23T10:56:46+08:00 ] SQL: SHOW COLUMNS FROM `ry_products_cat_lang` [ RunTime:0.004047s ]
[ 2011-10-23T10:56:46+08:00 ] SQL: SHOW COLUMNS FROM `ry_langs` [ RunTime:0.003937s ]
[ 2011-10-23T10:56:46+08:00 ] SQL: SELECT * FROM `ry_products_cat` WHERE ( `cat_id` = '1' ) LIMIT 1  [ RunTime:0.000379s ]
[ 2011-10-23T10:56:46+08:00 ] SQL: SELECT * FROM `ry_langs` [ RunTime:0.000267s ]
[ 2011-10-23T10:56:46+08:00 ] SQL: SELECT * FROM `ry_products_cat_lang` WHERE ( `catlang_id` = '6' ) LIMIT 1  [ RunTime:0.000234s ]
[ 2011-10-23T10:56:46+08:00 ] NOTIC: [8] Undefined index: info 1eb95ab60df69cac8e3f889cd1378342.php 第 110 行.
[ 2011-10-23T10:56:46+08:00 ] NOTIC: [8] Undefined index: info 1eb95ab60df69cac8e3f889cd1378342.php 第 110 行.
[ 2011-10-23T10:56:54+08:00 ] SQL: SHOW COLUMNS FROM `ry_products_cat` [ RunTime:0.004009s ]
[ 2011-10-23T10:56:54+08:00 ] SQL: SHOW COLUMNS FROM `ry_products_cat_lang` [ RunTime:0.003810s ]
[ 2011-10-23T10:56:54+08:00 ] SQL: SHOW COLUMNS FROM `ry_langs` [ RunTime:0.003426s ]
[ 2011-10-23T10:56:54+08:00 ] SQL: SELECT * FROM `ry_products_cat` WHERE ( `cat_id` = '1' ) LIMIT 1  [ RunTime:0.000334s ]
[ 2011-10-23T10:56:54+08:00 ] SQL: SELECT * FROM `ry_langs` [ RunTime:0.000263s ]
[ 2011-10-23T10:56:54+08:00 ] SQL: SELECT * FROM `ry_products_cat_lang` WHERE ( `catlang_id` = '7' ) LIMIT 1  [ RunTime:0.000313s ]
[ 2011-10-23T10:56:54+08:00 ] NOTIC: [8] Undefined index: info 1eb95ab60df69cac8e3f889cd1378342.php 第 110 行.
[ 2011-10-23T10:56:54+08:00 ] NOTIC: [8] Undefined index: info 1eb95ab60df69cac8e3f889cd1378342.php 第 110 行.
[ 2011-10-23T11:00:11+08:00 ] SQL: SHOW COLUMNS FROM `ry_products_cat` [ RunTime:0.003736s ]
[ 2011-10-23T11:00:11+08:00 ] SQL: SHOW COLUMNS FROM `ry_products_cat_lang` [ RunTime:0.004374s ]
[ 2011-10-23T11:00:11+08:00 ] SQL: SHOW COLUMNS FROM `ry_langs` [ RunTime:0.003612s ]
[ 2011-10-23T11:00:11+08:00 ] SQL: SELECT * FROM `ry_products_cat` WHERE ( `cat_id` = '1' ) LIMIT 1  [ RunTime:0.000305s ]
[ 2011-10-23T11:00:11+08:00 ] SQL: SELECT * FROM `ry_langs` [ RunTime:0.000183s ]
[ 2011-10-23T11:00:11+08:00 ] SQL: SELECT * FROM `ry_langs` WHERE ( `lang_code` = 'en-us' ) LIMIT 1  [ RunTime:0.000204s ]
[ 2011-10-23T11:00:11+08:00 ] SQL: INSERT INTO `ry_products_cat_lang` (`cat_id`,`lang_code`,`cat_name`,`lang_name`) VALUES ('1','en-us','en for cat 1--','English') [ RunTime:0.000280s ]
[ 2011-10-23T11:00:59+08:00 ] SQL: SHOW COLUMNS FROM `ry_products_cat` [ RunTime:0.003979s ]
[ 2011-10-23T11:00:59+08:00 ] SQL: SHOW COLUMNS FROM `ry_products_cat_lang` [ RunTime:0.003935s ]
[ 2011-10-23T11:00:59+08:00 ] SQL: SHOW COLUMNS FROM `ry_langs` [ RunTime:0.004205s ]
[ 2011-10-23T11:00:59+08:00 ] SQL: SELECT * FROM `ry_products_cat` WHERE ( `cat_id` = '1' ) LIMIT 1  [ RunTime:0.000442s ]
[ 2011-10-23T11:00:59+08:00 ] SQL: SELECT * FROM `ry_langs` [ RunTime:0.000266s ]
[ 2011-10-23T11:00:59+08:00 ] SQL: SELECT * FROM `ry_products_cat_lang` WHERE ( `catlang_id` = '7' ) LIMIT 1  [ RunTime:0.000263s ]
[ 2011-10-23T11:00:59+08:00 ] NOTIC: [8] Undefined index: info 1eb95ab60df69cac8e3f889cd1378342.php 第 110 行.
[ 2011-10-23T11:00:59+08:00 ] NOTIC: [8] Undefined index: info 1eb95ab60df69cac8e3f889cd1378342.php 第 110 行.
[ 2011-10-23T11:01:04+08:00 ] SQL: SHOW COLUMNS FROM `ry_products_cat` [ RunTime:0.003855s ]
[ 2011-10-23T11:01:04+08:00 ] SQL: SHOW COLUMNS FROM `ry_products_cat_lang` [ RunTime:0.004082s ]
[ 2011-10-23T11:01:04+08:00 ] SQL: SHOW COLUMNS FROM `ry_langs` [ RunTime:0.003636s ]
[ 2011-10-23T11:01:04+08:00 ] SQL: SELECT * FROM `ry_products_cat` WHERE ( `cat_id` = '1' ) LIMIT 1  [ RunTime:0.000404s ]
[ 2011-10-23T11:01:04+08:00 ] SQL: SELECT * FROM `ry_langs` [ RunTime:0.000316s ]
[ 2011-10-23T11:01:04+08:00 ] SQL: SELECT * FROM `ry_langs` WHERE ( `lang_code` = 'en-us' ) LIMIT 1  [ RunTime:0.000223s ]
[ 2011-10-23T11:01:04+08:00 ] SQL: INSERT INTO `ry_products_cat_lang` (`cat_id`,`lang_code`,`cat_name`,`lang_name`) VALUES ('1','en-us','en for cat 1--','English') [ RunTime:0.000225s ]
[ 2011-10-23T11:01:41+08:00 ] SQL: SHOW COLUMNS FROM `ry_products_cat` [ RunTime:0.003920s ]
[ 2011-10-23T11:01:41+08:00 ] SQL: SELECT * FROM `ry_products_cat` ORDER BY parent_id asc [ RunTime:0.000387s ]
[ 2011-10-23T11:01:41+08:00 ] SQL: SELECT * FROM `ry_products_cat` WHERE cat_id=0 LIMIT 1  [ RunTime:0.000279s ]
[ 2011-10-23T11:01:41+08:00 ] SQL: SELECT * FROM `ry_products_cat` WHERE cat_id=1 LIMIT 1  [ RunTime:0.000300s ]
[ 2011-10-23T11:01:41+08:00 ] SQL: SELECT * FROM `ry_products_cat` WHERE cat_id=3 LIMIT 1  [ RunTime:0.000268s ]
[ 2011-10-23T11:01:41+08:00 ] SQL: SELECT * FROM `ry_products_cat` WHERE cat_id=4 LIMIT 1  [ RunTime:0.000197s ]
[ 2011-10-23T11:01:41+08:00 ] NOTIC: [8] Undefined variable: msg 54d61eb4eafecfef775e4a103813da8e.php 第 45 行.
[ 2011-10-23T11:01:41+08:00 ] NOTIC: [8] Undefined variable: msg 54d61eb4eafecfef775e4a103813da8e.php 第 110 行.
[ 2011-10-23T11:01:41+08:00 ] NOTIC: [8] Undefined variable: msg 54d61eb4eafecfef775e4a103813da8e.php 第 110 行.
[ 2011-10-23T11:01:43+08:00 ] SQL: SHOW COLUMNS FROM `ry_products_cat` [ RunTime:0.003843s ]
[ 2011-10-23T11:01:43+08:00 ] SQL: SHOW COLUMNS FROM `ry_products_cat_lang` [ RunTime:0.003792s ]
[ 2011-10-23T11:01:43+08:00 ] SQL: SELECT * FROM `ry_products_cat` WHERE ( `cat_id` = '1' ) LIMIT 1  [ RunTime:0.000406s ]
[ 2011-10-23T11:01:43+08:00 ] SQL: SELECT * FROM `ry_products_cat_lang` WHERE ( `cat_id` = '1' ) [ RunTime:0.000425s ]
[ 2011-10-23T11:01:43+08:00 ] NOTIC: [8] Undefined index: info 04a0fd06e53e0cda368358ac495db46f.php 第 110 行.
[ 2011-10-23T11:01:43+08:00 ] NOTIC: [8] Undefined index: info 04a0fd06e53e0cda368358ac495db46f.php 第 110 行.
[ 2011-10-23T11:01:48+08:00 ] SQL: SHOW COLUMNS FROM `ry_products_cat` [ RunTime:0.003992s ]
[ 2011-10-23T11:01:48+08:00 ] SQL: SHOW COLUMNS FROM `ry_products_cat_lang` [ RunTime:0.003783s ]
[ 2011-10-23T11:01:48+08:00 ] SQL: SHOW COLUMNS FROM `ry_langs` [ RunTime:0.003593s ]
[ 2011-10-23T11:01:48+08:00 ] SQL: SELECT * FROM `ry_products_cat` WHERE ( `cat_id` = '1' ) LIMIT 1  [ RunTime:0.000549s ]
[ 2011-10-23T11:01:48+08:00 ] SQL: SELECT * FROM `ry_langs` [ RunTime:0.000283s ]
[ 2011-10-23T11:01:48+08:00 ] SQL: SELECT * FROM `ry_products_cat_lang` WHERE ( `catlang_id` = '7' ) LIMIT 1  [ RunTime:0.000281s ]
[ 2011-10-23T11:01:48+08:00 ] NOTIC: [8] Undefined index: info 1eb95ab60df69cac8e3f889cd1378342.php 第 110 行.
[ 2011-10-23T11:01:48+08:00 ] NOTIC: [8] Undefined index: info 1eb95ab60df69cac8e3f889cd1378342.php 第 110 行.
[ 2011-10-23T11:03:37+08:00 ] SQL: SHOW COLUMNS FROM `ry_products_cat` [ RunTime:0.005139s ]
[ 2011-10-23T11:03:37+08:00 ] SQL: SHOW COLUMNS FROM `ry_products_cat_lang` [ RunTime:0.004960s ]
[ 2011-10-23T11:03:37+08:00 ] SQL: SHOW COLUMNS FROM `ry_langs` [ RunTime:0.004690s ]
[ 2011-10-23T11:03:37+08:00 ] SQL: SELECT * FROM `ry_products_cat` WHERE ( `cat_id` = '1' ) LIMIT 1  [ RunTime:0.000372s ]
[ 2011-10-23T11:03:37+08:00 ] SQL: SELECT * FROM `ry_langs` [ RunTime:0.000218s ]
[ 2011-10-23T11:03:37+08:00 ] SQL: SELECT * FROM `ry_products_cat_lang` WHERE ( `catlang_id` = '7' ) LIMIT 1  [ RunTime:0.000294s ]
[ 2011-10-23T11:03:37+08:00 ] NOTIC: [8] Undefined index: info 1eb95ab60df69cac8e3f889cd1378342.php 第 110 行.
[ 2011-10-23T11:03:37+08:00 ] NOTIC: [8] Undefined index: info 1eb95ab60df69cac8e3f889cd1378342.php 第 110 行.
[ 2011-10-23T11:03:41+08:00 ] SQL: SHOW COLUMNS FROM `ry_products_cat` [ RunTime:0.003965s ]
[ 2011-10-23T11:03:41+08:00 ] SQL: SHOW COLUMNS FROM `ry_products_cat_lang` [ RunTime:0.004184s ]
[ 2011-10-23T11:03:41+08:00 ] SQL: SHOW COLUMNS FROM `ry_langs` [ RunTime:0.003687s ]
[ 2011-10-23T11:03:41+08:00 ] SQL: SELECT * FROM `ry_products_cat` WHERE ( `cat_id` = '1' ) LIMIT 1  [ RunTime:0.000381s ]
[ 2011-10-23T11:03:41+08:00 ] SQL: SELECT * FROM `ry_langs` [ RunTime:0.000250s ]
[ 2011-10-23T11:03:41+08:00 ] SQL: SELECT * FROM `ry_langs` WHERE ( `catlang_id` = '7' ) AND ( `lang_code` = 'en-us' ) LIMIT 1  [ RunTime:0.000181s ]
[ 2011-10-23T11:03:41+08:00 ] SQL: SELECT * FROM `ry_products_cat_lang` WHERE ( `catlang_id` = '7' ) LIMIT 1  [ RunTime:0.000424s ]
[ 2011-10-23T11:04:21+08:00 ] SQL: SHOW COLUMNS FROM `ry_products_cat` [ RunTime:0.003959s ]
[ 2011-10-23T11:04:22+08:00 ] SQL: SHOW COLUMNS FROM `ry_products_cat_lang` [ RunTime:0.004195s ]
[ 2011-10-23T11:04:22+08:00 ] SQL: SHOW COLUMNS FROM `ry_langs` [ RunTime:0.003909s ]
[ 2011-10-23T11:04:22+08:00 ] SQL: SELECT * FROM `ry_products_cat` WHERE ( `cat_id` = '1' ) LIMIT 1  [ RunTime:0.000320s ]
[ 2011-10-23T11:04:22+08:00 ] SQL: SELECT * FROM `ry_langs` [ RunTime:0.000272s ]
[ 2011-10-23T11:04:22+08:00 ] SQL: SELECT * FROM `ry_products_cat_lang` WHERE ( `catlang_id` = '8' ) LIMIT 1  [ RunTime:0.000276s ]
[ 2011-10-23T11:04:22+08:00 ] NOTIC: [8] Undefined index: info 1eb95ab60df69cac8e3f889cd1378342.php 第 110 行.
[ 2011-10-23T11:04:22+08:00 ] NOTIC: [8] Undefined index: info 1eb95ab60df69cac8e3f889cd1378342.php 第 110 行.
[ 2011-10-23T11:04:28+08:00 ] SQL: SHOW COLUMNS FROM `ry_products_cat` [ RunTime:0.003697s ]
[ 2011-10-23T11:04:28+08:00 ] SQL: SHOW COLUMNS FROM `ry_products_cat_lang` [ RunTime:0.003786s ]
[ 2011-10-23T11:04:28+08:00 ] SQL: SHOW COLUMNS FROM `ry_langs` [ RunTime:0.003539s ]
[ 2011-10-23T11:04:28+08:00 ] SQL: SELECT * FROM `ry_products_cat` WHERE ( `cat_id` = '1' ) LIMIT 1  [ RunTime:0.000332s ]
[ 2011-10-23T11:04:28+08:00 ] SQL: SELECT * FROM `ry_langs` [ RunTime:0.000187s ]
[ 2011-10-23T11:04:28+08:00 ] SQL: SELECT * FROM `ry_products_cat_lang` WHERE ( `catlang_id` = '6' ) LIMIT 1  [ RunTime:0.000205s ]
[ 2011-10-23T11:04:28+08:00 ] NOTIC: [8] Undefined index: info 1eb95ab60df69cac8e3f889cd1378342.php 第 110 行.
[ 2011-10-23T11:04:28+08:00 ] NOTIC: [8] Undefined index: info 1eb95ab60df69cac8e3f889cd1378342.php 第 110 行.
[ 2011-10-23T11:04:35+08:00 ] SQL: SHOW COLUMNS FROM `ry_products_cat` [ RunTime:0.004013s ]
[ 2011-10-23T11:04:35+08:00 ] SQL: SHOW COLUMNS FROM `ry_products_cat_lang` [ RunTime:0.003971s ]
[ 2011-10-23T11:04:35+08:00 ] SQL: SHOW COLUMNS FROM `ry_langs` [ RunTime:0.003730s ]
[ 2011-10-23T11:04:35+08:00 ] SQL: SELECT * FROM `ry_products_cat` WHERE ( `cat_id` = '1' ) LIMIT 1  [ RunTime:0.000346s ]
[ 2011-10-23T11:04:35+08:00 ] SQL: SELECT * FROM `ry_langs` [ RunTime:0.000193s ]
[ 2011-10-23T11:04:35+08:00 ] SQL: SELECT * FROM `ry_langs` WHERE ( `catlang_id` = '6' ) AND ( `lang_code` = 'zh-cn' ) LIMIT 1  [ RunTime:0.000195s ]
[ 2011-10-23T11:04:35+08:00 ] SQL: SELECT * FROM `ry_products_cat_lang` WHERE ( `catlang_id` = '6' ) LIMIT 1  [ RunTime:0.000398s ]
[ 2011-10-23T11:05:26+08:00 ] SQL: SHOW COLUMNS FROM `ry_products_cat` [ RunTime:0.003905s ]
[ 2011-10-23T11:05:26+08:00 ] SQL: SHOW COLUMNS FROM `ry_products_cat_lang` [ RunTime:0.003922s ]
[ 2011-10-23T11:05:26+08:00 ] SQL: SHOW COLUMNS FROM `ry_langs` [ RunTime:0.003552s ]
[ 2011-10-23T11:05:26+08:00 ] SQL: SELECT * FROM `ry_products_cat` WHERE ( `cat_id` = '1' ) LIMIT 1  [ RunTime:0.000353s ]
[ 2011-10-23T11:05:26+08:00 ] SQL: SELECT * FROM `ry_langs` [ RunTime:0.000258s ]
[ 2011-10-23T11:05:26+08:00 ] SQL: SELECT * FROM `ry_langs` WHERE ( `catlang_id` = '6' ) LIMIT 1  [ RunTime:0.000174s ]
[ 2011-10-23T11:05:26+08:00 ] SQL: SELECT * FROM `ry_products_cat_lang` WHERE ( `catlang_id` = '6' ) LIMIT 1  [ RunTime:0.000227s ]
[ 2011-10-23T11:05:28+08:00 ] SQL: SHOW COLUMNS FROM `ry_products_cat` [ RunTime:0.004195s ]
[ 2011-10-23T11:05:28+08:00 ] SQL: SHOW COLUMNS FROM `ry_products_cat_lang` [ RunTime:0.003479s ]
[ 2011-10-23T11:05:28+08:00 ] SQL: SHOW COLUMNS FROM `ry_langs` [ RunTime:0.003563s ]
[ 2011-10-23T11:05:28+08:00 ] SQL: SELECT * FROM `ry_products_cat` WHERE ( `cat_id` = '1' ) LIMIT 1  [ RunTime:0.000365s ]
[ 2011-10-23T11:05:28+08:00 ] SQL: SELECT * FROM `ry_langs` [ RunTime:0.000190s ]
[ 2011-10-23T11:05:28+08:00 ] SQL: SELECT * FROM `ry_langs` WHERE ( `catlang_id` = '6' ) LIMIT 1  [ RunTime:0.000177s ]
[ 2011-10-23T11:05:28+08:00 ] SQL: SELECT * FROM `ry_products_cat_lang` WHERE ( `catlang_id` = '6' ) LIMIT 1  [ RunTime:0.000294s ]
[ 2011-10-23T11:05:33+08:00 ] SQL: SHOW COLUMNS FROM `ry_products_cat` [ RunTime:0.003848s ]
[ 2011-10-23T11:05:33+08:00 ] SQL: SHOW COLUMNS FROM `ry_products_cat_lang` [ RunTime:0.003501s ]
[ 2011-10-23T11:05:33+08:00 ] SQL: SHOW COLUMNS FROM `ry_langs` [ RunTime:0.003575s ]
[ 2011-10-23T11:05:33+08:00 ] SQL: SELECT * FROM `ry_products_cat` WHERE ( `cat_id` = '1' ) LIMIT 1  [ RunTime:0.000399s ]
[ 2011-10-23T11:05:33+08:00 ] SQL: SELECT * FROM `ry_langs` [ RunTime:0.000308s ]
[ 2011-10-23T11:05:33+08:00 ] SQL: SELECT * FROM `ry_langs` WHERE ( `catlang_id` = '6' ) LIMIT 1  [ RunTime:0.000183s ]
[ 2011-10-23T11:05:33+08:00 ] SQL: SELECT * FROM `ry_products_cat_lang` WHERE ( `catlang_id` = '6' ) LIMIT 1  [ RunTime:0.000289s ]
[ 2011-10-23T11:05:57+08:00 ] SQL: SHOW COLUMNS FROM `ry_products_cat` [ RunTime:0.004088s ]
[ 2011-10-23T11:05:57+08:00 ] SQL: SHOW COLUMNS FROM `ry_products_cat_lang` [ RunTime:0.003702s ]
[ 2011-10-23T11:05:57+08:00 ] SQL: SHOW COLUMNS FROM `ry_langs` [ RunTime:0.003727s ]
[ 2011-10-23T11:05:57+08:00 ] SQL: SELECT * FROM `ry_products_cat` WHERE ( `cat_id` = '1' ) LIMIT 1  [ RunTime:0.000336s ]
[ 2011-10-23T11:05:57+08:00 ] SQL: SELECT * FROM `ry_langs` [ RunTime:0.000189s ]
[ 2011-10-23T11:05:57+08:00 ] SQL: SELECT * FROM `ry_langs` WHERE ( `catlang_id` = '6' ) LIMIT 1  [ RunTime:0.000235s ]
[ 2011-10-23T11:05:57+08:00 ] SQL: SELECT * FROM `ry_products_cat_lang` WHERE ( `catlang_id` = '6' ) LIMIT 1  [ RunTime:0.000299s ]
[ 2011-10-23T11:06:00+08:00 ] SQL: SHOW COLUMNS FROM `ry_products_cat` [ RunTime:0.003828s ]
[ 2011-10-23T11:06:00+08:00 ] SQL: SHOW COLUMNS FROM `ry_products_cat_lang` [ RunTime:0.003551s ]
[ 2011-10-23T11:06:00+08:00 ] SQL: SHOW COLUMNS FROM `ry_langs` [ RunTime:0.003915s ]
[ 2011-10-23T11:06:00+08:00 ] SQL: SELECT * FROM `ry_products_cat` WHERE ( `cat_id` = '1' ) LIMIT 1  [ RunTime:0.000506s ]
[ 2011-10-23T11:06:00+08:00 ] SQL: SELECT * FROM `ry_langs` [ RunTime:0.000368s ]
[ 2011-10-23T11:06:00+08:00 ] SQL: SELECT * FROM `ry_langs` WHERE ( `catlang_id` = '6' ) LIMIT 1  [ RunTime:0.000196s ]
[ 2011-10-23T11:06:00+08:00 ] SQL: SELECT * FROM `ry_products_cat_lang` WHERE ( `catlang_id` = '6' ) LIMIT 1  [ RunTime:0.000331s ]
[ 2011-10-23T11:06:38+08:00 ] SQL: SHOW COLUMNS FROM `ry_products_cat` [ RunTime:0.003834s ]
[ 2011-10-23T11:06:38+08:00 ] SQL: SHOW COLUMNS FROM `ry_products_cat_lang` [ RunTime:0.003637s ]
[ 2011-10-23T11:06:38+08:00 ] SQL: SHOW COLUMNS FROM `ry_langs` [ RunTime:0.003689s ]
[ 2011-10-23T11:06:38+08:00 ] SQL: SELECT * FROM `ry_products_cat` WHERE ( `cat_id` = '1' ) LIMIT 1  [ RunTime:0.000435s ]
[ 2011-10-23T11:06:38+08:00 ] SQL: SELECT * FROM `ry_langs` [ RunTime:0.000256s ]
[ 2011-10-23T11:06:38+08:00 ] SQL: SELECT * FROM `ry_langs` WHERE ( `catlang_id` = '6' ) LIMIT 1  [ RunTime:0.000196s ]
[ 2011-10-23T11:06:38+08:00 ] SQL: SELECT * FROM `ry_products_cat_lang` WHERE ( `catlang_id` = '6' ) LIMIT 1  [ RunTime:0.000275s ]
[ 2011-10-23T11:07:40+08:00 ] SQL: SHOW COLUMNS FROM `ry_products_cat` [ RunTime:0.003851s ]
[ 2011-10-23T11:07:40+08:00 ] SQL: SHOW COLUMNS FROM `ry_products_cat_lang` [ RunTime:0.004161s ]
[ 2011-10-23T11:07:40+08:00 ] SQL: SHOW COLUMNS FROM `ry_langs` [ RunTime:0.003533s ]
[ 2011-10-23T11:07:40+08:00 ] SQL: SELECT * FROM `ry_products_cat` WHERE ( `cat_id` = '1' ) LIMIT 1  [ RunTime:0.000397s ]
[ 2011-10-23T11:07:40+08:00 ] SQL: SELECT * FROM `ry_langs` [ RunTime:0.000242s ]
[ 2011-10-23T11:07:40+08:00 ] SQL: SELECT * FROM `ry_products_cat_lang` WHERE ( `catlang_id` = '6' ) LIMIT 1  [ RunTime:0.000310s ]
[ 2011-10-23T11:07:44+08:00 ] SQL: SHOW COLUMNS FROM `ry_products_cat` [ RunTime:0.003950s ]
[ 2011-10-23T11:07:44+08:00 ] SQL: SHOW COLUMNS FROM `ry_products_cat_lang` [ RunTime:0.003667s ]
[ 2011-10-23T11:07:44+08:00 ] SQL: SHOW COLUMNS FROM `ry_langs` [ RunTime:0.003771s ]
[ 2011-10-23T11:07:44+08:00 ] SQL: SELECT * FROM `ry_products_cat` WHERE ( `cat_id` = '1' ) LIMIT 1  [ RunTime:0.000492s ]
[ 2011-10-23T11:07:44+08:00 ] SQL: SELECT * FROM `ry_langs` [ RunTime:0.000277s ]
[ 2011-10-23T11:07:44+08:00 ] SQL: SELECT * FROM `ry_products_cat_lang` WHERE ( `catlang_id` = '6' ) LIMIT 1  [ RunTime:0.000251s ]
[ 2011-10-23T11:08:46+08:00 ] SQL: SHOW COLUMNS FROM `ry_products_cat` [ RunTime:0.004293s ]
[ 2011-10-23T11:08:46+08:00 ] SQL: SHOW COLUMNS FROM `ry_products_cat_lang` [ RunTime:0.003777s ]
[ 2011-10-23T11:08:46+08:00 ] SQL: SHOW COLUMNS FROM `ry_langs` [ RunTime:0.004215s ]
[ 2011-10-23T11:08:46+08:00 ] SQL: SELECT * FROM `ry_products_cat` WHERE ( `cat_id` = '1' ) LIMIT 1  [ RunTime:0.000389s ]
[ 2011-10-23T11:08:46+08:00 ] SQL: SELECT * FROM `ry_langs` [ RunTime:0.000264s ]
[ 2011-10-23T11:08:46+08:00 ] SQL: UPDATE `ry_products_cat_lang` SET `lang_code`='zh-cn',`cat_name`='中文 -> 分类3-' WHERE ( `catlang_id` = '6' ) [ RunTime:0.000502s ]
[ 2011-10-23T11:08:46+08:00 ] SQL: SELECT * FROM `ry_products_cat_lang` WHERE ( `catlang_id` = '6' ) LIMIT 1  [ RunTime:0.000326s ]
[ 2011-10-23T11:08:51+08:00 ] SQL: SHOW COLUMNS FROM `ry_products_cat` [ RunTime:0.004052s ]
[ 2011-10-23T11:08:51+08:00 ] SQL: SHOW COLUMNS FROM `ry_products_cat_lang` [ RunTime:0.003840s ]
[ 2011-10-23T11:08:51+08:00 ] SQL: SHOW COLUMNS FROM `ry_langs` [ RunTime:0.003737s ]
[ 2011-10-23T11:08:51+08:00 ] SQL: SELECT * FROM `ry_products_cat` WHERE ( `cat_id` = '1' ) LIMIT 1  [ RunTime:0.000380s ]
[ 2011-10-23T11:08:51+08:00 ] SQL: SELECT * FROM `ry_langs` [ RunTime:0.000264s ]
[ 2011-10-23T11:08:51+08:00 ] SQL: UPDATE `ry_products_cat_lang` SET `lang_code`='zh-cn',`cat_name`='中文 -> 分类3' WHERE ( `catlang_id` = '6' ) [ RunTime:0.000493s ]
[ 2011-10-23T11:08:51+08:00 ] SQL: SELECT * FROM `ry_products_cat_lang` WHERE ( `catlang_id` = '6' ) LIMIT 1  [ RunTime:0.000357s ]
[ 2011-10-23T11:09:11+08:00 ] SQL: SHOW COLUMNS FROM `ry_products_cat` [ RunTime:0.004157s ]
[ 2011-10-23T11:09:11+08:00 ] SQL: SHOW COLUMNS FROM `ry_products_cat_lang` [ RunTime:0.003589s ]
[ 2011-10-23T11:09:11+08:00 ] SQL: SHOW COLUMNS FROM `ry_langs` [ RunTime:0.003674s ]
[ 2011-10-23T11:09:11+08:00 ] SQL: SELECT * FROM `ry_products_cat` WHERE ( `cat_id` = '1' ) LIMIT 1  [ RunTime:0.000398s ]
[ 2011-10-23T11:09:11+08:00 ] SQL: SELECT * FROM `ry_langs` [ RunTime:0.000256s ]
[ 2011-10-23T11:09:11+08:00 ] SQL: SELECT * FROM `ry_langs` WHERE ( `catlang_id` = '6' ) LIMIT 1  [ RunTime:0.000344s ]
[ 2011-10-23T11:09:11+08:00 ] SQL: UPDATE `ry_products_cat_lang` SET `lang_code`='zh-cn',`cat_name`='中文 -> 分类3',`lang_name`=null WHERE ( `catlang_id` = '6' ) [ RunTime:0.000377s ]
[ 2011-10-23T11:09:11+08:00 ] SQL: SELECT * FROM `ry_products_cat_lang` WHERE ( `catlang_id` = '6' ) LIMIT 1  [ RunTime:0.000354s ]
[ 2011-10-23T11:09:15+08:00 ] SQL: SHOW COLUMNS FROM `ry_products_cat` [ RunTime:0.004115s ]
[ 2011-10-23T11:09:15+08:00 ] SQL: SHOW COLUMNS FROM `ry_products_cat_lang` [ RunTime:0.005149s ]
[ 2011-10-23T11:09:15+08:00 ] SQL: SHOW COLUMNS FROM `ry_langs` [ RunTime:0.003818s ]
[ 2011-10-23T11:09:15+08:00 ] SQL: SELECT * FROM `ry_products_cat` WHERE ( `cat_id` = '1' ) LIMIT 1  [ RunTime:0.000428s ]
[ 2011-10-23T11:09:15+08:00 ] SQL: SELECT * FROM `ry_langs` [ RunTime:0.000341s ]
[ 2011-10-23T11:09:15+08:00 ] SQL: SELECT * FROM `ry_langs` WHERE ( `catlang_id` = '6' ) LIMIT 1  [ RunTime:0.000204s ]
[ 2011-10-23T11:09:15+08:00 ] SQL: UPDATE `ry_products_cat_lang` SET `lang_code`='zh-cn',`cat_name`='中文 -> 分类3',`lang_name`=null WHERE ( `catlang_id` = '6' ) [ RunTime:0.000245s ]
[ 2011-10-23T11:09:15+08:00 ] SQL: SELECT * FROM `ry_products_cat_lang` WHERE ( `catlang_id` = '6' ) LIMIT 1  [ RunTime:0.000279s ]
[ 2011-10-23T11:09:19+08:00 ] SQL: SHOW COLUMNS FROM `ry_products_cat` [ RunTime:0.003954s ]
[ 2011-10-23T11:09:19+08:00 ] SQL: SHOW COLUMNS FROM `ry_products_cat_lang` [ RunTime:0.003635s ]
[ 2011-10-23T11:09:19+08:00 ] SQL: SHOW COLUMNS FROM `ry_langs` [ RunTime:0.003680s ]
[ 2011-10-23T11:09:19+08:00 ] SQL: SELECT * FROM `ry_products_cat` WHERE ( `cat_id` = '1' ) LIMIT 1  [ RunTime:0.000349s ]
[ 2011-10-23T11:09:19+08:00 ] SQL: SELECT * FROM `ry_langs` [ RunTime:0.000333s ]
[ 2011-10-23T11:09:19+08:00 ] SQL: SELECT * FROM `ry_langs` WHERE ( `catlang_id` = '6' ) LIMIT 1  [ RunTime:0.000167s ]
[ 2011-10-23T11:09:19+08:00 ] SQL: UPDATE `ry_products_cat_lang` SET `lang_code`='zh-cn',`cat_name`='中文 -> 分类3 -',`lang_name`=null WHERE ( `catlang_id` = '6' ) [ RunTime:0.000328s ]
[ 2011-10-23T11:09:19+08:00 ] SQL: SELECT * FROM `ry_products_cat_lang` WHERE ( `catlang_id` = '6' ) LIMIT 1  [ RunTime:0.000289s ]
[ 2011-10-23T11:10:16+08:00 ] SQL: SHOW COLUMNS FROM `ry_products_cat` [ RunTime:0.003973s ]
[ 2011-10-23T11:10:16+08:00 ] SQL: SHOW COLUMNS FROM `ry_products_cat_lang` [ RunTime:0.003627s ]
[ 2011-10-23T11:10:16+08:00 ] SQL: SHOW COLUMNS FROM `ry_langs` [ RunTime:0.003844s ]
[ 2011-10-23T11:10:16+08:00 ] SQL: SELECT * FROM `ry_products_cat` WHERE ( `cat_id` = '1' ) LIMIT 1  [ RunTime:0.000384s ]
[ 2011-10-23T11:10:16+08:00 ] SQL: SELECT * FROM `ry_langs` [ RunTime:0.000193s ]
[ 2011-10-23T11:10:16+08:00 ] SQL: SELECT * FROM `ry_langs` WHERE ( `lang_code` = 'zh-cn' ) LIMIT 1  [ RunTime:0.000207s ]
[ 2011-10-23T11:10:16+08:00 ] SQL: UPDATE `ry_products_cat_lang` SET `lang_code`='zh-cn',`cat_name`='中文 -> 分类3',`lang_name`='简体中文' WHERE ( `catlang_id` = '6' ) [ RunTime:0.000367s ]
[ 2011-10-23T11:10:16+08:00 ] SQL: SELECT * FROM `ry_products_cat_lang` WHERE ( `catlang_id` = '6' ) LIMIT 1  [ RunTime:0.000336s ]
[ 2011-10-23T11:25:47+08:00 ] SQL: SHOW COLUMNS FROM `ry_users` [ RunTime:0.009405s ]
[ 2011-10-23T11:25:47+08:00 ] NOTIC: [8] Undefined variable: msg 3b07957a53ccb31105e96f96aaa794c8.php 第 45 行.
[ 2011-10-23T11:25:47+08:00 ] NOTIC: [8] Undefined variable: msg 3b07957a53ccb31105e96f96aaa794c8.php 第 110 行.
[ 2011-10-23T11:25:47+08:00 ] NOTIC: [8] Undefined variable: msg 3b07957a53ccb31105e96f96aaa794c8.php 第 110 行.
[ 2011-10-23T11:25:50+08:00 ] SQL: SHOW COLUMNS FROM `ry_products_cat` [ RunTime:0.004608s ]
[ 2011-10-23T11:25:50+08:00 ] SQL: SELECT * FROM `ry_products_cat` ORDER BY parent_id asc [ RunTime:0.067894s ]
[ 2011-10-23T11:25:50+08:00 ] SQL: SELECT * FROM `ry_products_cat` WHERE cat_id=0 LIMIT 1  [ RunTime:0.006234s ]
[ 2011-10-23T11:25:50+08:00 ] SQL: SELECT * FROM `ry_products_cat` WHERE cat_id=1 LIMIT 1  [ RunTime:0.000921s ]
[ 2011-10-23T11:25:50+08:00 ] SQL: SELECT * FROM `ry_products_cat` WHERE cat_id=3 LIMIT 1  [ RunTime:0.000928s ]
[ 2011-10-23T11:25:50+08:00 ] SQL: SELECT * FROM `ry_products_cat` WHERE cat_id=4 LIMIT 1  [ RunTime:0.000900s ]
[ 2011-10-23T11:25:50+08:00 ] NOTIC: [8] Undefined variable: msg 54d61eb4eafecfef775e4a103813da8e.php 第 45 行.
[ 2011-10-23T11:25:50+08:00 ] NOTIC: [8] Undefined variable: msg 54d61eb4eafecfef775e4a103813da8e.php 第 110 行.
[ 2011-10-23T11:25:50+08:00 ] NOTIC: [8] Undefined variable: msg 54d61eb4eafecfef775e4a103813da8e.php 第 110 行.
[ 2011-10-23T11:25:58+08:00 ] SQL: SHOW COLUMNS FROM `ry_products_cat` [ RunTime:0.004278s ]
[ 2011-10-23T11:25:58+08:00 ] SQL: SHOW COLUMNS FROM `ry_products_cat_lang` [ RunTime:0.004099s ]
[ 2011-10-23T11:25:58+08:00 ] SQL: SELECT * FROM `ry_products_cat` WHERE ( `cat_id` = '1' ) LIMIT 1  [ RunTime:0.026040s ]
[ 2011-10-23T11:25:58+08:00 ] SQL: SELECT * FROM `ry_products_cat_lang` WHERE ( `cat_id` = '1' ) [ RunTime:0.020266s ]
[ 2011-10-23T11:25:58+08:00 ] NOTIC: [8] Undefined index: info 04a0fd06e53e0cda368358ac495db46f.php 第 110 行.
[ 2011-10-23T11:25:58+08:00 ] NOTIC: [8] Undefined index: info 04a0fd06e53e0cda368358ac495db46f.php 第 110 行.
