[ 2011-10-09T05:07:00+08:00 ] SQL: SHOW COLUMNS FROM `ry_users` [ RunTime:0.005741s ]
[ 2011-10-09T05:07:00+08:00 ] NOTIC: [8] Undefined offset: 0 Model.class.php 第 259 行.
[ 2011-10-09T05:07:00+08:00 ] SQL: SELECT * FROM `ry_users` [ RunTime:0.000508s ]
[ 2011-10-09T05:08:16+08:00 ] SQL: SHOW COLUMNS FROM `ry_users` [ RunTime:0.004047s ]
[ 2011-10-09T05:08:16+08:00 ] NOTIC: [8] Undefined offset: 0 Model.class.php 第 259 行.
[ 2011-10-09T05:08:16+08:00 ] SQL: SELECT * FROM `ry_users` [ RunTime:0.000312s ]
[ 2011-10-09T05:08:19+08:00 ] SQL: SHOW COLUMNS FROM `ry_users` [ RunTime:0.004378s ]
[ 2011-10-09T05:08:19+08:00 ] NOTIC: [8] Undefined offset: 0 Model.class.php 第 259 行.
[ 2011-10-09T05:08:19+08:00 ] SQL: SELECT * FROM `ry_users` [ RunTime:0.000355s ]
[ 2011-10-09T05:10:15+08:00 ] SQL: SHOW COLUMNS FROM `ry_users` [ RunTime:0.004079s ]
[ 2011-10-09T05:10:15+08:00 ] NOTIC: [8] Undefined offset: 0 Model.class.php 第 259 行.
[ 2011-10-09T05:10:15+08:00 ] SQL: SELECT * FROM `ry_users` [ RunTime:0.000341s ]
[ 2011-10-09T05:10:15+08:00 ] NOTIC: [2] file_get_contents(././Tpl/default/Public/header.html.html) [<a href='function.file-get-contents'>function.file-get-contents</a>]: failed to open stream: No such file or directory ThinkTemplate.class.php 第 770 行.
[ 2011-10-09T05:10:15+08:00 ] NOTIC: [2] file_get_contents(././Tpl/default/Public/footer.html.html) [<a href='function.file-get-contents'>function.file-get-contents</a>]: failed to open stream: No such file or directory ThinkTemplate.class.php 第 770 行.
[ 2011-10-09T05:10:31+08:00 ] SQL: SHOW COLUMNS FROM `ry_users` [ RunTime:0.004117s ]
[ 2011-10-09T05:10:31+08:00 ] NOTIC: [8] Undefined offset: 0 Model.class.php 第 259 行.
[ 2011-10-09T05:10:31+08:00 ] SQL: SELECT * FROM `ry_users` [ RunTime:0.000322s ]
[ 2011-10-09T05:10:31+08:00 ] NOTIC: [2] file_get_contents(./admin/Tpl/default/Public/header.html.html) [<a href='function.file-get-contents'>function.file-get-contents</a>]: failed to open stream: No such file or directory ThinkTemplate.class.php 第 770 行.
[ 2011-10-09T05:10:31+08:00 ] NOTIC: [2] file_get_contents(./admin/Tpl/default/Public/footer.html.html) [<a href='function.file-get-contents'>function.file-get-contents</a>]: failed to open stream: No such file or directory ThinkTemplate.class.php 第 770 行.
[ 2011-10-09T05:10:47+08:00 ] SQL: SHOW COLUMNS FROM `ry_users` [ RunTime:0.005242s ]
[ 2011-10-09T05:10:47+08:00 ] NOTIC: [8] Undefined offset: 0 Model.class.php 第 259 行.
[ 2011-10-09T05:10:47+08:00 ] SQL: SELECT * FROM `ry_users` [ RunTime:0.000591s ]
[ 2011-10-09T05:10:47+08:00 ] NOTIC: [2] file_get_contents(.//Tpl/default/Public/header.html.html) [<a href='function.file-get-contents'>function.file-get-contents</a>]: failed to open stream: No such file or directory ThinkTemplate.class.php 第 770 行.
[ 2011-10-09T05:10:47+08:00 ] NOTIC: [2] file_get_contents(.//Tpl/default/Public/footer.html.html) [<a href='function.file-get-contents'>function.file-get-contents</a>]: failed to open stream: No such file or directory ThinkTemplate.class.php 第 770 行.
[ 2011-10-09T05:11:42+08:00 ] SQL: SHOW COLUMNS FROM `ry_users` [ RunTime:0.005071s ]
[ 2011-10-09T05:11:42+08:00 ] NOTIC: [8] Undefined offset: 0 Model.class.php 第 259 行.
[ 2011-10-09T05:11:42+08:00 ] SQL: SELECT * FROM `ry_users` [ RunTime:0.000432s ]
[ 2011-10-09T05:22:56+08:00 ] SQL: SHOW COLUMNS FROM `ry_users` [ RunTime:0.004241s ]
[ 2011-10-09T05:22:56+08:00 ] NOTIC: [8] Undefined offset: 0 Model.class.php 第 259 行.
[ 2011-10-09T05:22:56+08:00 ] SQL: SELECT * FROM `ry_users` [ RunTime:0.000421s ]
[ 2011-10-09T05:22:58+08:00 ] SQL: SHOW COLUMNS FROM `ry_users` [ RunTime:0.004091s ]
[ 2011-10-09T05:22:58+08:00 ] NOTIC: [8] Undefined offset: 0 Model.class.php 第 259 行.
[ 2011-10-09T05:22:58+08:00 ] SQL: SELECT * FROM `ry_users` [ RunTime:0.000424s ]
[ 2011-10-09T05:23:32+08:00 ] SQL: SHOW COLUMNS FROM `ry_users` [ RunTime:0.004710s ]
[ 2011-10-09T05:23:32+08:00 ] NOTIC: [8] Undefined offset: 0 Model.class.php 第 259 行.
[ 2011-10-09T05:23:32+08:00 ] SQL: SELECT * FROM `ry_users` [ RunTime:0.000432s ]
[ 2011-10-09T05:23:55+08:00 ] SQL: SHOW COLUMNS FROM `ry_users` [ RunTime:0.004295s ]
[ 2011-10-09T05:23:55+08:00 ] NOTIC: [8] Undefined offset: 0 Model.class.php 第 259 行.
[ 2011-10-09T05:23:55+08:00 ] SQL: SELECT * FROM `ry_users` [ RunTime:0.000356s ]
[ 2011-10-09T05:23:55+08:00 ] SQL: SHOW COLUMNS FROM `ry_users` [ RunTime:0.004605s ]
[ 2011-10-09T05:23:55+08:00 ] NOTIC: [8] Undefined offset: 0 Model.class.php 第 259 行.
[ 2011-10-09T05:23:55+08:00 ] SQL: SELECT * FROM `ry_users` [ RunTime:0.000550s ]
[ 2011-10-09T05:24:15+08:00 ] SQL: SHOW COLUMNS FROM `ry_users` [ RunTime:0.003946s ]
[ 2011-10-09T05:24:15+08:00 ] NOTIC: [8] Undefined offset: 0 Model.class.php 第 259 行.
[ 2011-10-09T05:24:15+08:00 ] SQL: SELECT * FROM `ry_users` [ RunTime:0.000332s ]
[ 2011-10-09T05:24:25+08:00 ] SQL: SHOW COLUMNS FROM `ry_users` [ RunTime:0.004148s ]
[ 2011-10-09T05:24:25+08:00 ] NOTIC: [8] Undefined offset: 0 Model.class.php 第 259 行.
[ 2011-10-09T05:24:25+08:00 ] SQL: SELECT * FROM `ry_users` [ RunTime:0.000448s ]
[ 2011-10-09T05:25:18+08:00 ] SQL: SHOW COLUMNS FROM `ry_users` [ RunTime:0.004020s ]
[ 2011-10-09T05:25:18+08:00 ] NOTIC: [8] Undefined offset: 0 Model.class.php 第 259 行.
[ 2011-10-09T05:25:18+08:00 ] SQL: SELECT * FROM `ry_users` [ RunTime:0.000314s ]
[ 2011-10-09T05:44:32+08:00 ] SQL: SHOW COLUMNS FROM `ry_users` [ RunTime:0.005518s ]
[ 2011-10-09T05:44:32+08:00 ] NOTIC: [8] Undefined offset: 0 Model.class.php 第 259 行.
[ 2011-10-09T05:44:32+08:00 ] SQL: SELECT * FROM `ry_users` [ RunTime:0.000382s ]
[ 2011-10-09T05:44:34+08:00 ] SQL: SHOW COLUMNS FROM `ry_users` [ RunTime:0.004680s ]
[ 2011-10-09T05:44:34+08:00 ] NOTIC: [8] Undefined offset: 0 Model.class.php 第 259 行.
[ 2011-10-09T05:44:34+08:00 ] SQL: SELECT * FROM `ry_users` [ RunTime:0.000516s ]
[ 2011-10-09T05:44:35+08:00 ] SQL: SHOW COLUMNS FROM `ry_users` [ RunTime:0.004971s ]
[ 2011-10-09T05:44:35+08:00 ] NOTIC: [8] Undefined offset: 0 Model.class.php 第 259 行.
[ 2011-10-09T05:44:35+08:00 ] SQL: SELECT * FROM `ry_users` [ RunTime:0.000529s ]
[ 2011-10-09T05:44:35+08:00 ] SQL: SHOW COLUMNS FROM `ry_users` [ RunTime:0.003987s ]
[ 2011-10-09T05:44:35+08:00 ] NOTIC: [8] Undefined offset: 0 Model.class.php 第 259 行.
[ 2011-10-09T05:44:35+08:00 ] SQL: SELECT * FROM `ry_users` [ RunTime:0.000557s ]
[ 2011-10-09T05:45:04+08:00 ] SQL: SHOW COLUMNS FROM `ry_users` [ RunTime:0.004449s ]
[ 2011-10-09T05:45:04+08:00 ] NOTIC: [8] Undefined offset: 0 Model.class.php 第 259 行.
[ 2011-10-09T05:45:04+08:00 ] SQL: SELECT * FROM `ry_users` [ RunTime:0.000404s ]
[ 2011-10-09T05:46:14+08:00 ] SQL: SHOW COLUMNS FROM `ry_users` [ RunTime:0.004493s ]
[ 2011-10-09T05:46:14+08:00 ] NOTIC: [8] Undefined offset: 0 Model.class.php 第 259 行.
[ 2011-10-09T05:46:14+08:00 ] SQL: SELECT * FROM `ry_users` [ RunTime:0.000420s ]
[ 2011-10-09T05:47:53+08:00 ] SQL: SHOW COLUMNS FROM `ry_users` [ RunTime:0.004257s ]
[ 2011-10-09T05:47:53+08:00 ] NOTIC: [8] Undefined offset: 0 Model.class.php 第 259 行.
[ 2011-10-09T05:47:53+08:00 ] SQL: SELECT * FROM `ry_users` [ RunTime:0.000347s ]
[ 2011-10-09T05:47:56+08:00 ] SQL: SHOW COLUMNS FROM `ry_users` [ RunTime:0.004045s ]
[ 2011-10-09T05:47:56+08:00 ] NOTIC: [8] Undefined offset: 0 Model.class.php 第 259 行.
[ 2011-10-09T05:47:56+08:00 ] SQL: SELECT * FROM `ry_users` [ RunTime:0.000314s ]
[ 2011-10-09T05:50:45+08:00 ] SQL: SHOW COLUMNS FROM `ry_users` [ RunTime:0.004003s ]
[ 2011-10-09T05:50:45+08:00 ] NOTIC: [8] Undefined offset: 0 Model.class.php 第 259 行.
[ 2011-10-09T05:50:45+08:00 ] SQL: SELECT * FROM `ry_users` [ RunTime:0.000313s ]
[ 2011-10-09T05:51:51+08:00 ] SQL: SHOW COLUMNS FROM `ry_users` [ RunTime:0.004147s ]
[ 2011-10-09T05:51:51+08:00 ] NOTIC: [8] Undefined offset: 0 Model.class.php 第 259 行.
[ 2011-10-09T05:51:51+08:00 ] SQL: SELECT * FROM `ry_users` [ RunTime:0.000318s ]
[ 2011-10-09T05:52:27+08:00 ] SQL: SHOW COLUMNS FROM `ry_users` [ RunTime:0.004110s ]
[ 2011-10-09T05:52:27+08:00 ] NOTIC: [8] Undefined offset: 0 Model.class.php 第 259 行.
[ 2011-10-09T05:52:27+08:00 ] SQL: SELECT * FROM `ry_users` [ RunTime:0.000326s ]
[ 2011-10-09T05:53:11+08:00 ] SQL: SHOW COLUMNS FROM `ry_users` [ RunTime:0.004015s ]
[ 2011-10-09T05:53:11+08:00 ] NOTIC: [8] Undefined offset: 0 Model.class.php 第 259 行.
[ 2011-10-09T05:53:11+08:00 ] SQL: SELECT * FROM `ry_users` [ RunTime:0.000315s ]
[ 2011-10-09T05:53:27+08:00 ] SQL: SHOW COLUMNS FROM `ry_users` [ RunTime:0.003944s ]
[ 2011-10-09T05:53:27+08:00 ] NOTIC: [8] Undefined offset: 0 Model.class.php 第 259 行.
[ 2011-10-09T05:53:27+08:00 ] SQL: SELECT * FROM `ry_users` [ RunTime:0.000314s ]
[ 2011-10-09T05:53:39+08:00 ] SQL: SHOW COLUMNS FROM `ry_users` [ RunTime:0.004308s ]
[ 2011-10-09T05:53:39+08:00 ] NOTIC: [8] Undefined offset: 0 Model.class.php 第 259 行.
[ 2011-10-09T05:53:39+08:00 ] SQL: SELECT * FROM `ry_users` [ RunTime:0.000373s ]
[ 2011-10-09T05:55:34+08:00 ] SQL: SHOW COLUMNS FROM `ry_users` [ RunTime:0.004978s ]
[ 2011-10-09T05:55:34+08:00 ] NOTIC: [8] Undefined offset: 0 Model.class.php 第 259 行.
[ 2011-10-09T05:55:34+08:00 ] SQL: SELECT * FROM `ry_users` [ RunTime:0.000411s ]
[ 2011-10-09T05:55:43+08:00 ] SQL: SHOW COLUMNS FROM `ry_users` [ RunTime:0.004521s ]
[ 2011-10-09T05:55:43+08:00 ] NOTIC: [8] Undefined offset: 0 Model.class.php 第 259 行.
[ 2011-10-09T05:55:43+08:00 ] SQL: SELECT * FROM `ry_users` [ RunTime:0.000362s ]
[ 2011-10-09T05:56:17+08:00 ] SQL: SHOW COLUMNS FROM `ry_users` [ RunTime:0.005251s ]
[ 2011-10-09T05:56:17+08:00 ] NOTIC: [8] Undefined offset: 0 Model.class.php 第 259 行.
[ 2011-10-09T05:56:17+08:00 ] SQL: SELECT * FROM `ry_users` [ RunTime:0.000493s ]
[ 2011-10-09T05:57:02+08:00 ] SQL: SHOW COLUMNS FROM `ry_users` [ RunTime:0.004800s ]
[ 2011-10-09T05:57:02+08:00 ] NOTIC: [8] Undefined offset: 0 Model.class.php 第 259 行.
[ 2011-10-09T05:57:02+08:00 ] SQL: SELECT * FROM `ry_users` [ RunTime:0.000475s ]
[ 2011-10-09T06:11:41+08:00 ] SQL: SHOW COLUMNS FROM `ry_users` [ RunTime:0.005257s ]
[ 2011-10-09T06:11:41+08:00 ] NOTIC: [8] Undefined offset: 0 Model.class.php 第 259 行.
[ 2011-10-09T06:11:41+08:00 ] SQL: SELECT * FROM `ry_users` [ RunTime:0.000341s ]
[ 2011-10-09T06:14:20+08:00 ] SQL: SHOW COLUMNS FROM `ry_users` [ RunTime:0.004553s ]
[ 2011-10-09T06:14:20+08:00 ] NOTIC: [8] Undefined offset: 0 Model.class.php 第 259 行.
[ 2011-10-09T06:14:20+08:00 ] SQL: SELECT * FROM `ry_users` [ RunTime:0.000338s ]
[ 2011-10-09T06:15:49+08:00 ] SQL: SHOW COLUMNS FROM `ry_users` [ RunTime:0.005063s ]
[ 2011-10-09T06:15:49+08:00 ] NOTIC: [8] Undefined offset: 0 Model.class.php 第 259 行.
[ 2011-10-09T06:15:49+08:00 ] SQL: SELECT * FROM `ry_users` [ RunTime:0.000356s ]
[ 2011-10-09T06:28:43+08:00 ] SQL: SHOW COLUMNS FROM `ry_users` [ RunTime:0.005313s ]
[ 2011-10-09T06:28:46+08:00 ] ERR: (ThinkException) 模板不存在[./admin/Tpl/default/Public/success.html]
[ 2011-10-09T06:30:40+08:00 ] SQL: SHOW COLUMNS FROM `ry_users` [ RunTime:0.003990s ]
[ 2011-10-09T06:30:43+08:00 ] ERR: (ThinkException) 模板不存在[./admin/Tpl/default/Public/success.html]
[ 2011-10-09T06:33:52+08:00 ] SQL: SHOW COLUMNS FROM `ry_users` [ RunTime:0.004013s ]
[ 2011-10-09T06:33:55+08:00 ] SQL: SHOW COLUMNS FROM `ry_users` [ RunTime:0.004423s ]
[ 2011-10-09T06:33:55+08:00 ] SQL: SELECT COUNT(*) AS tp_count FROM `ry_users` WHERE ( `user_name` = 'aa' ) AND ( `user_password` = '' ) LIMIT 1  [ RunTime:0.000382s ]
[ 2011-10-09T06:34:01+08:00 ] SQL: SHOW COLUMNS FROM `ry_users` [ RunTime:0.004436s ]
[ 2011-10-09T06:34:01+08:00 ] SQL: SELECT COUNT(*) AS tp_count FROM `ry_users` WHERE ( `user_name` = 'aa' ) AND ( `user_password` = 'bb' ) LIMIT 1  [ RunTime:0.000457s ]
[ 2011-10-09T06:34:13+08:00 ] SQL: SHOW COLUMNS FROM `ry_users` [ RunTime:0.004139s ]
[ 2011-10-09T06:34:13+08:00 ] SQL: SELECT COUNT(*) AS tp_count FROM `ry_users` WHERE ( `user_name` = 'admin' ) AND ( `user_password` = '123456' ) LIMIT 1  [ RunTime:0.000366s ]
[ 2011-10-09T06:34:49+08:00 ] SQL: SHOW COLUMNS FROM `ry_users` [ RunTime:0.004050s ]
[ 2011-10-09T06:34:49+08:00 ] SQL: SELECT COUNT(*) AS tp_count FROM `ry_users` WHERE ( `user_name` = 'admin' ) AND ( `user_password` = 'e10adc3949ba59abbe56e057f20f883e' ) LIMIT 1  [ RunTime:0.004488s ]
[ 2011-10-09T06:34:49+08:00 ] SQL: SELECT * FROM `ry_users` WHERE ( `user_name` = 'admin' ) AND ( `user_password` = 'e10adc3949ba59abbe56e057f20f883e' ) LIMIT 1  [ RunTime:0.000310s ]
[ 2011-10-09T06:34:53+08:00 ] SQL: SHOW COLUMNS FROM `ry_users` [ RunTime:0.004211s ]
[ 2011-10-09T06:34:53+08:00 ] SQL: SELECT COUNT(*) AS tp_count FROM `ry_users` WHERE ( `user_name` = 'admin' ) AND ( `user_password` = 'e10adc3949ba59abbe56e057f20f883e' ) LIMIT 1  [ RunTime:0.000467s ]
[ 2011-10-09T06:34:53+08:00 ] SQL: SELECT * FROM `ry_users` WHERE ( `user_name` = 'admin' ) AND ( `user_password` = 'e10adc3949ba59abbe56e057f20f883e' ) LIMIT 1  [ RunTime:0.000463s ]
[ 2011-10-09T06:34:57+08:00 ] SQL: SHOW COLUMNS FROM `ry_users` [ RunTime:0.003996s ]
[ 2011-10-09T06:34:59+08:00 ] SQL: SHOW COLUMNS FROM `ry_users` [ RunTime:0.004133s ]
[ 2011-10-09T06:34:59+08:00 ] SQL: SELECT COUNT(*) AS tp_count FROM `ry_users` WHERE ( `user_name` = 'admin' ) AND ( `user_password` = 'e10adc3949ba59abbe56e057f20f883e' ) LIMIT 1  [ RunTime:0.000463s ]
[ 2011-10-09T06:34:59+08:00 ] SQL: SELECT * FROM `ry_users` WHERE ( `user_name` = 'admin' ) AND ( `user_password` = 'e10adc3949ba59abbe56e057f20f883e' ) LIMIT 1  [ RunTime:0.000464s ]
[ 2011-10-09T06:35:01+08:00 ] SQL: SHOW COLUMNS FROM `ry_users` [ RunTime:0.004556s ]
[ 2011-10-09T06:35:01+08:00 ] SQL: SELECT COUNT(*) AS tp_count FROM `ry_users` WHERE ( `user_name` = 'admin' ) AND ( `user_password` = '1552c03e78d38d5005d4ce7b8018addf' ) LIMIT 1  [ RunTime:0.000386s ]
[ 2011-10-09T06:35:56+08:00 ] SQL: SHOW COLUMNS FROM `ry_users` [ RunTime:0.004716s ]
[ 2011-10-09T06:36:03+08:00 ] SQL: SHOW COLUMNS FROM `ry_users` [ RunTime:0.004046s ]
[ 2011-10-09T06:36:03+08:00 ] SQL: SELECT COUNT(*) AS tp_count FROM `ry_users` WHERE ( `user_name` = 'admin' ) AND ( `user_password` = 'aaa42296669b958c3cee6c0475c8093e' ) LIMIT 1  [ RunTime:0.000342s ]
[ 2011-10-09T06:36:59+08:00 ] SQL: SHOW COLUMNS FROM `ry_users` [ RunTime:0.004535s ]
[ 2011-10-09T06:37:02+08:00 ] SQL: SHOW COLUMNS FROM `ry_users` [ RunTime:0.004046s ]
[ 2011-10-09T06:37:02+08:00 ] SQL: SELECT COUNT(*) AS tp_count FROM `ry_users` WHERE ( `user_name` = 'admin' ) AND ( `user_password` = 'e10adc3949ba59abbe56e057f20f883e' ) LIMIT 1  [ RunTime:0.000358s ]
[ 2011-10-09T06:37:02+08:00 ] SQL: SELECT * FROM `ry_users` WHERE ( `user_name` = 'admin' ) AND ( `user_password` = 'e10adc3949ba59abbe56e057f20f883e' ) LIMIT 1  [ RunTime:0.000274s ]
[ 2011-10-09T06:37:03+08:00 ] SQL: SHOW COLUMNS FROM `ry_users` [ RunTime:0.004450s ]
[ 2011-10-09T06:39:50+08:00 ] SQL: SHOW COLUMNS FROM `ry_users` [ RunTime:0.004452s ]
[ 2011-10-09T06:39:50+08:00 ] SQL: SELECT COUNT(*) AS tp_count FROM `ry_users` WHERE ( `user_name` = 'admin' ) AND ( `user_password` = 'e10adc3949ba59abbe56e057f20f883e' ) LIMIT 1  [ RunTime:0.000384s ]
[ 2011-10-09T06:39:50+08:00 ] SQL: SELECT * FROM `ry_users` WHERE ( `user_name` = 'admin' ) AND ( `user_password` = 'e10adc3949ba59abbe56e057f20f883e' ) LIMIT 1  [ RunTime:0.000277s ]
[ 2011-10-09T06:39:51+08:00 ] SQL: SHOW COLUMNS FROM `ry_users` [ RunTime:0.004060s ]
[ 2011-10-09T06:40:52+08:00 ] SQL: SHOW COLUMNS FROM `ry_users` [ RunTime:0.004388s ]
[ 2011-10-09T06:40:53+08:00 ] SQL: SHOW COLUMNS FROM `ry_users` [ RunTime:0.004223s ]
[ 2011-10-09T06:40:53+08:00 ] SQL: SELECT COUNT(*) AS tp_count FROM `ry_users` WHERE ( `user_name` = 'admin' ) AND ( `user_password` = 'e10adc3949ba59abbe56e057f20f883e' ) LIMIT 1  [ RunTime:0.000452s ]
[ 2011-10-09T06:40:53+08:00 ] SQL: SELECT * FROM `ry_users` WHERE ( `user_name` = 'admin' ) AND ( `user_password` = 'e10adc3949ba59abbe56e057f20f883e' ) LIMIT 1  [ RunTime:0.000452s ]
[ 2011-10-09T06:41:09+08:00 ] SQL: SHOW COLUMNS FROM `ry_users` [ RunTime:0.004070s ]
[ 2011-10-09T06:41:22+08:00 ] SQL: SHOW COLUMNS FROM `ry_users` [ RunTime:0.004465s ]
[ 2011-10-09T06:41:23+08:00 ] SQL: SHOW COLUMNS FROM `ry_users` [ RunTime:0.004089s ]
[ 2011-10-09T06:41:23+08:00 ] SQL: SELECT COUNT(*) AS tp_count FROM `ry_users` WHERE ( `user_name` = 'admin' ) AND ( `user_password` = 'e10adc3949ba59abbe56e057f20f883e' ) LIMIT 1  [ RunTime:0.000456s ]
[ 2011-10-09T06:41:23+08:00 ] SQL: SELECT * FROM `ry_users` WHERE ( `user_name` = 'admin' ) AND ( `user_password` = 'e10adc3949ba59abbe56e057f20f883e' ) LIMIT 1  [ RunTime:0.000507s ]
[ 2011-10-09T06:41:24+08:00 ] SQL: SHOW COLUMNS FROM `ry_users` [ RunTime:0.004745s ]
[ 2011-10-09T06:41:32+08:00 ] SQL: SHOW COLUMNS FROM `ry_users` [ RunTime:0.004499s ]
[ 2011-10-09T06:41:34+08:00 ] SQL: SHOW COLUMNS FROM `ry_users` [ RunTime:0.004438s ]
[ 2011-10-09T06:41:34+08:00 ] SQL: SELECT COUNT(*) AS tp_count FROM `ry_users` WHERE ( `user_name` = 'admin' ) AND ( `user_password` = 'e10adc3949ba59abbe56e057f20f883e' ) LIMIT 1  [ RunTime:0.000451s ]
[ 2011-10-09T06:41:34+08:00 ] SQL: SELECT * FROM `ry_users` WHERE ( `user_name` = 'admin' ) AND ( `user_password` = 'e10adc3949ba59abbe56e057f20f883e' ) LIMIT 1  [ RunTime:0.000453s ]
[ 2011-10-09T06:41:35+08:00 ] SQL: SHOW COLUMNS FROM `ry_users` [ RunTime:0.003960s ]
[ 2011-10-09T06:41:38+08:00 ] SQL: SHOW COLUMNS FROM `ry_users` [ RunTime:0.004516s ]
[ 2011-10-09T06:41:38+08:00 ] SQL: SELECT COUNT(*) AS tp_count FROM `ry_users` WHERE ( `user_name` = 'admin' ) AND ( `user_password` = 'e10adc3949ba59abbe56e057f20f883e' ) LIMIT 1  [ RunTime:0.000440s ]
[ 2011-10-09T06:41:38+08:00 ] SQL: SELECT * FROM `ry_users` WHERE ( `user_name` = 'admin' ) AND ( `user_password` = 'e10adc3949ba59abbe56e057f20f883e' ) LIMIT 1  [ RunTime:0.000452s ]
[ 2011-10-09T06:41:39+08:00 ] SQL: SHOW COLUMNS FROM `ry_users` [ RunTime:0.004573s ]
[ 2011-10-09T06:44:08+08:00 ] SQL: SHOW COLUMNS FROM `ry_users` [ RunTime:0.007207s ]
[ 2011-10-09T06:44:08+08:00 ] SQL: SELECT COUNT(*) AS tp_count FROM `ry_users` WHERE ( `user_name` = 'admin' ) AND ( `user_password` = 'e10adc3949ba59abbe56e057f20f883e' ) LIMIT 1  [ RunTime:0.000461s ]
[ 2011-10-09T06:44:08+08:00 ] SQL: SELECT * FROM `ry_users` WHERE ( `user_name` = 'admin' ) AND ( `user_password` = 'e10adc3949ba59abbe56e057f20f883e' ) LIMIT 1  [ RunTime:0.000487s ]
[ 2011-10-09T06:44:10+08:00 ] SQL: SHOW COLUMNS FROM `ry_users` [ RunTime:0.004116s ]
[ 2011-10-09T07:13:33+08:00 ] SQL: SHOW COLUMNS FROM `ry_users` [ RunTime:0.006453s ]
[ 2011-10-09T07:13:36+08:00 ] SQL: SHOW COLUMNS FROM `ry_users` [ RunTime:0.004226s ]
[ 2011-10-09T07:13:36+08:00 ] SQL: SELECT COUNT(*) AS tp_count FROM `ry_users` WHERE ( `user_name` = 'admin' ) AND ( `user_password` = 'e10adc3949ba59abbe56e057f20f883e' ) LIMIT 1  [ RunTime:0.000396s ]
[ 2011-10-09T07:13:36+08:00 ] SQL: SELECT * FROM `ry_users` WHERE ( `user_name` = 'admin' ) AND ( `user_password` = 'e10adc3949ba59abbe56e057f20f883e' ) LIMIT 1  [ RunTime:0.000481s ]
[ 2011-10-09T07:13:37+08:00 ] SQL: SHOW COLUMNS FROM `ry_users` [ RunTime:0.004346s ]
[ 2011-10-09T07:17:14+08:00 ] SQL: SHOW COLUMNS FROM `ry_users` [ RunTime:0.004391s ]
[ 2011-10-09T07:17:14+08:00 ] SQL: SELECT COUNT(*) AS tp_count FROM `ry_users` WHERE ( `user_name` = 'admin' ) AND ( `user_password` = 'e10adc3949ba59abbe56e057f20f883e' ) LIMIT 1  [ RunTime:0.000543s ]
[ 2011-10-09T07:17:14+08:00 ] SQL: SELECT * FROM `ry_users` WHERE ( `user_name` = 'admin' ) AND ( `user_password` = 'e10adc3949ba59abbe56e057f20f883e' ) LIMIT 1  [ RunTime:0.000433s ]
[ 2011-10-09T07:17:18+08:00 ] SQL: SHOW COLUMNS FROM `ry_users` [ RunTime:0.004422s ]
[ 2011-10-09T07:17:37+08:00 ] SQL: SHOW COLUMNS FROM `ry_users` [ RunTime:0.004567s ]
[ 2011-10-09T07:17:37+08:00 ] SQL: SELECT COUNT(*) AS tp_count FROM `ry_users` WHERE ( `user_name` = 'admin' ) AND ( `user_password` = 'e10adc3949ba59abbe56e057f20f883e' ) LIMIT 1  [ RunTime:0.000426s ]
[ 2011-10-09T07:17:37+08:00 ] SQL: SELECT * FROM `ry_users` WHERE ( `user_name` = 'admin' ) AND ( `user_password` = 'e10adc3949ba59abbe56e057f20f883e' ) LIMIT 1  [ RunTime:0.000483s ]
[ 2011-10-09T07:17:40+08:00 ] SQL: SHOW COLUMNS FROM `ry_users` [ RunTime:0.004370s ]
[ 2011-10-09T07:18:00+08:00 ] SQL: SHOW COLUMNS FROM `ry_users` [ RunTime:0.004240s ]
[ 2011-10-09T07:18:02+08:00 ] SQL: SHOW COLUMNS FROM `ry_users` [ RunTime:0.004585s ]
[ 2011-10-09T07:18:02+08:00 ] SQL: SELECT COUNT(*) AS tp_count FROM `ry_users` WHERE ( `user_name` = 'admin' ) AND ( `user_password` = 'e10adc3949ba59abbe56e057f20f883e' ) LIMIT 1  [ RunTime:0.000397s ]
[ 2011-10-09T07:18:02+08:00 ] SQL: SELECT * FROM `ry_users` WHERE ( `user_name` = 'admin' ) AND ( `user_password` = 'e10adc3949ba59abbe56e057f20f883e' ) LIMIT 1  [ RunTime:0.000245s ]
[ 2011-10-09T07:18:05+08:00 ] ERR: (ThinkException) 无法加载模块
[ 2011-10-09T07:20:13+08:00 ] SQL: SHOW COLUMNS FROM `ry_users` [ RunTime:0.004250s ]
[ 2011-10-09T07:20:27+08:00 ] SQL: SHOW COLUMNS FROM `ry_users` [ RunTime:0.004333s ]
[ 2011-10-09T07:20:27+08:00 ] SQL: SELECT COUNT(*) AS tp_count FROM `ry_users` WHERE ( `user_name` = 'admin' ) AND ( `user_password` = 'e10adc3949ba59abbe56e057f20f883e' ) LIMIT 1  [ RunTime:0.000368s ]
[ 2011-10-09T07:20:27+08:00 ] SQL: SELECT * FROM `ry_users` WHERE ( `user_name` = 'admin' ) AND ( `user_password` = 'e10adc3949ba59abbe56e057f20f883e' ) LIMIT 1  [ RunTime:0.000455s ]
[ 2011-10-09T07:20:30+08:00 ] ERR: (ThinkException) 无法加载模块
[ 2011-10-09T07:20:32+08:00 ] ERR: (ThinkException) 无法加载模块
[ 2011-10-09T07:20:47+08:00 ] SQL: SHOW COLUMNS FROM `ry_users` [ RunTime:0.004301s ]
[ 2011-10-09T07:20:47+08:00 ] SQL: SELECT COUNT(*) AS tp_count FROM `ry_users` WHERE ( `user_name` = 'admin' ) AND ( `user_password` = 'e10adc3949ba59abbe56e057f20f883e' ) LIMIT 1  [ RunTime:0.000356s ]
[ 2011-10-09T07:20:47+08:00 ] SQL: SELECT * FROM `ry_users` WHERE ( `user_name` = 'admin' ) AND ( `user_password` = 'e10adc3949ba59abbe56e057f20f883e' ) LIMIT 1  [ RunTime:0.000229s ]
[ 2011-10-09T07:20:50+08:00 ] SQL: SHOW COLUMNS FROM `ry_users` [ RunTime:0.004299s ]
[ 2011-10-09T07:26:55+08:00 ] SQL: SHOW COLUMNS FROM `ry_users` [ RunTime:0.004208s ]
[ 2011-10-09T07:26:55+08:00 ] SQL: SELECT COUNT(*) AS tp_count FROM `ry_users` WHERE ( `user_name` = 'admin' ) AND ( `user_password` = 'e10adc3949ba59abbe56e057f20f883e' ) LIMIT 1  [ RunTime:0.000348s ]
[ 2011-10-09T07:26:55+08:00 ] SQL: SELECT * FROM `ry_users` WHERE ( `user_name` = 'admin' ) AND ( `user_password` = 'e10adc3949ba59abbe56e057f20f883e' ) LIMIT 1  [ RunTime:0.000230s ]
[ 2011-10-09T07:26:59+08:00 ] SQL: SHOW COLUMNS FROM `ry_users` [ RunTime:0.004230s ]
[ 2011-10-09T07:38:45+08:00 ] SQL: SHOW COLUMNS FROM `ry_users` [ RunTime:0.005564s ]
[ 2011-10-09T07:39:11+08:00 ] SQL: SHOW COLUMNS FROM `ry_users` [ RunTime:0.004625s ]
[ 2011-10-09T07:39:16+08:00 ] SQL: SHOW COLUMNS FROM `ry_users` [ RunTime:0.004362s ]
