[ 2011-11-29T20:44:26-05:00 ] SQL: SHOW COLUMNS FROM `ry_users` [ RunTime:0.016010s ]
[ 2011-11-29T20:44:26-05:00 ] SQL: SELECT COUNT(*) AS tp_count FROM `ry_users` LIMIT 1  [ RunTime:0.000597s ]
[ 2011-11-29T20:44:26-05:00 ] SQL: SELECT * FROM `ry_users` LIMIT 0,25  [ RunTime:0.001011s ]
[ 2011-11-29T20:44:26-05:00 ] NOTIC: [8] Undefined index: info 1282e97849dec9495baef5755c79259c.php 第 110 行.
[ 2011-11-29T20:44:26-05:00 ] NOTIC: [8] Undefined index: info 1282e97849dec9495baef5755c79259c.php 第 110 行.
[ 2011-11-29T20:44:26-05:00 ] NOTIC: [8] Undefined index: uid 1282e97849dec9495baef5755c79259c.php 第 124 行.
[ 2011-11-29T20:44:57-05:00 ] SQL: SHOW COLUMNS FROM `ry_users` [ RunTime:0.004972s ]
[ 2011-11-29T20:44:57-05:00 ] SQL: SELECT COUNT(*) AS tp_count FROM `ry_users` LIMIT 1  [ RunTime:0.000417s ]
[ 2011-11-29T20:44:57-05:00 ] SQL: SELECT * FROM `ry_users` LIMIT 0,25  [ RunTime:0.000592s ]
[ 2011-11-29T20:44:57-05:00 ] NOTIC: [8] Undefined index: info 1282e97849dec9495baef5755c79259c.php 第 110 行.
[ 2011-11-29T20:44:57-05:00 ] NOTIC: [8] Undefined index: info 1282e97849dec9495baef5755c79259c.php 第 110 行.
[ 2011-11-29T20:44:57-05:00 ] NOTIC: [8] Undefined index: uid 1282e97849dec9495baef5755c79259c.php 第 124 行.
[ 2011-11-29T20:44:59-05:00 ] NOTIC: [8] Undefined variable: msg 1c423aa926b25b741de44473fb9619b5.php 第 45 行.
[ 2011-11-29T20:44:59-05:00 ] NOTIC: [8] Undefined variable: msg 1c423aa926b25b741de44473fb9619b5.php 第 110 行.
[ 2011-11-29T20:44:59-05:00 ] NOTIC: [8] Undefined variable: msg 1c423aa926b25b741de44473fb9619b5.php 第 110 行.
[ 2011-11-29T20:44:59-05:00 ] NOTIC: [8] Undefined variable: msg 1c423aa926b25b741de44473fb9619b5.php 第 124 行.
[ 2011-11-29T20:44:59-05:00 ] NOTIC: [8] Undefined variable: msg 1c423aa926b25b741de44473fb9619b5.php 第 141 行.
[ 2011-11-29T20:44:59-05:00 ] NOTIC: [8] Undefined variable: msg 1c423aa926b25b741de44473fb9619b5.php 第 156 行.
[ 2011-11-29T20:48:14-05:00 ] SQL: SHOW COLUMNS FROM `ry_users` [ RunTime:0.007034s ]
[ 2011-11-29T20:48:14-05:00 ] SQL: SELECT COUNT(*) AS tp_count FROM `ry_users` LIMIT 1  [ RunTime:0.000454s ]
[ 2011-11-29T20:48:14-05:00 ] SQL: SELECT * FROM `ry_users` LIMIT 0,25  [ RunTime:0.000653s ]
[ 2011-11-29T20:48:14-05:00 ] NOTIC: [8] Undefined index: info 1282e97849dec9495baef5755c79259c.php 第 110 行.
[ 2011-11-29T20:48:14-05:00 ] NOTIC: [8] Undefined index: info 1282e97849dec9495baef5755c79259c.php 第 110 行.
[ 2011-11-29T20:48:14-05:00 ] NOTIC: [8] Undefined index: uid 1282e97849dec9495baef5755c79259c.php 第 124 行.
[ 2011-11-29T20:48:23-05:00 ] SQL: SHOW COLUMNS FROM `ry_users` [ RunTime:0.010171s ]
[ 2011-11-29T20:48:23-05:00 ] SQL: SELECT COUNT(*) AS tp_count FROM `ry_users` LIMIT 1  [ RunTime:0.000504s ]
[ 2011-11-29T20:48:23-05:00 ] SQL: SELECT * FROM `ry_users` LIMIT 0,25  [ RunTime:0.000903s ]
[ 2011-11-29T20:48:23-05:00 ] NOTIC: [8] Undefined index: info 1282e97849dec9495baef5755c79259c.php 第 110 行.
[ 2011-11-29T20:48:23-05:00 ] NOTIC: [8] Undefined index: info 1282e97849dec9495baef5755c79259c.php 第 110 行.
[ 2011-11-29T20:48:23-05:00 ] NOTIC: [8] Undefined index: uid 1282e97849dec9495baef5755c79259c.php 第 124 行.
[ 2011-11-29T20:48:25-05:00 ] SQL: SHOW COLUMNS FROM `ry_users` [ RunTime:0.005686s ]
[ 2011-11-29T20:48:25-05:00 ] SQL: SELECT COUNT(*) AS tp_count FROM `ry_users` LIMIT 1  [ RunTime:0.000404s ]
[ 2011-11-29T20:48:25-05:00 ] SQL: SELECT * FROM `ry_users` LIMIT 0,25  [ RunTime:0.000587s ]
[ 2011-11-29T20:48:25-05:00 ] NOTIC: [8] Undefined index: info 1282e97849dec9495baef5755c79259c.php 第 110 行.
[ 2011-11-29T20:48:25-05:00 ] NOTIC: [8] Undefined index: info 1282e97849dec9495baef5755c79259c.php 第 110 行.
[ 2011-11-29T20:48:25-05:00 ] NOTIC: [8] Undefined index: uid 1282e97849dec9495baef5755c79259c.php 第 124 行.
[ 2011-11-29T20:48:42-05:00 ] SQL: SHOW COLUMNS FROM `ry_uers_profile` [ RunTime:0.006409s ]
[ 2011-11-29T20:48:42-05:00 ] SQL: SELECT * FROM `ry_uers_profile` WHERE ( `user_id` = '1' ) [ RunTime:0.001287s ]
[ 2011-11-29T20:48:42-05:00 ] NOTIC: [8] Undefined variable: msg 1c423aa926b25b741de44473fb9619b5.php 第 45 行.
[ 2011-11-29T20:48:42-05:00 ] NOTIC: [8] Undefined variable: msg 1c423aa926b25b741de44473fb9619b5.php 第 110 行.
[ 2011-11-29T20:48:42-05:00 ] NOTIC: [8] Undefined variable: msg 1c423aa926b25b741de44473fb9619b5.php 第 110 行.
[ 2011-11-29T20:48:42-05:00 ] NOTIC: [8] Undefined variable: msg 1c423aa926b25b741de44473fb9619b5.php 第 124 行.
[ 2011-11-29T20:48:42-05:00 ] NOTIC: [8] Undefined variable: msg 1c423aa926b25b741de44473fb9619b5.php 第 141 行.
[ 2011-11-29T20:48:42-05:00 ] NOTIC: [8] Undefined variable: msg 1c423aa926b25b741de44473fb9619b5.php 第 156 行.
[ 2011-11-29T21:22:27-05:00 ] SQL: SHOW COLUMNS FROM `ry_uers_profile` [ RunTime:0.008302s ]
[ 2011-11-29T21:22:27-05:00 ] SQL: SELECT * FROM `ry_uers_profile` WHERE ( `user_id` = '1' ) [ RunTime:0.001130s ]
[ 2011-11-29T21:22:27-05:00 ] NOTIC: [8] Undefined variable: msg 1c423aa926b25b741de44473fb9619b5.php 第 45 行.
[ 2011-11-29T21:22:27-05:00 ] NOTIC: [8] Undefined variable: msg 1c423aa926b25b741de44473fb9619b5.php 第 110 行.
[ 2011-11-29T21:22:27-05:00 ] NOTIC: [8] Undefined variable: msg 1c423aa926b25b741de44473fb9619b5.php 第 110 行.
[ 2011-11-29T21:22:27-05:00 ] NOTIC: [8] Undefined variable: msg 1c423aa926b25b741de44473fb9619b5.php 第 124 行.
[ 2011-11-29T21:22:27-05:00 ] NOTIC: [8] Undefined variable: msg 1c423aa926b25b741de44473fb9619b5.php 第 141 行.
[ 2011-11-29T21:22:27-05:00 ] NOTIC: [8] Undefined variable: msg 1c423aa926b25b741de44473fb9619b5.php 第 156 行.
[ 2011-11-29T21:22:33-05:00 ] SQL: SHOW COLUMNS FROM `ry_uers_profile` [ RunTime:0.006124s ]
[ 2011-11-29T21:22:33-05:00 ] SQL: SELECT * FROM `ry_uers_profile` WHERE ( `user_id` = '1' ) [ RunTime:0.001188s ]
[ 2011-11-29T21:22:33-05:00 ] NOTIC: [8] Undefined variable: msg 1c423aa926b25b741de44473fb9619b5.php 第 45 行.
[ 2011-11-29T21:22:33-05:00 ] NOTIC: [8] Undefined variable: msg 1c423aa926b25b741de44473fb9619b5.php 第 110 行.
[ 2011-11-29T21:22:33-05:00 ] NOTIC: [8] Undefined variable: msg 1c423aa926b25b741de44473fb9619b5.php 第 110 行.
[ 2011-11-29T21:22:33-05:00 ] NOTIC: [8] Undefined variable: msg 1c423aa926b25b741de44473fb9619b5.php 第 124 行.
[ 2011-11-29T21:22:33-05:00 ] NOTIC: [8] Undefined variable: msg 1c423aa926b25b741de44473fb9619b5.php 第 141 行.
[ 2011-11-29T21:22:33-05:00 ] NOTIC: [8] Undefined variable: msg 1c423aa926b25b741de44473fb9619b5.php 第 156 行.
[ 2011-11-29T21:25:46-05:00 ] SQL: SHOW COLUMNS FROM `ry_uers_profile` [ RunTime:0.004034s ]
[ 2011-11-29T21:25:46-05:00 ] SQL: SELECT * FROM `ry_uers_profile` WHERE ( `user_id` = '1' ) [ RunTime:0.000849s ]
[ 2011-11-29T21:25:47-05:00 ] NOTIC: [8] Undefined variable: msg 1c423aa926b25b741de44473fb9619b5.php 第 45 行.
[ 2011-11-29T21:25:47-05:00 ] NOTIC: [8] Undefined variable: msg 1c423aa926b25b741de44473fb9619b5.php 第 110 行.
[ 2011-11-29T21:25:47-05:00 ] NOTIC: [8] Undefined variable: msg 1c423aa926b25b741de44473fb9619b5.php 第 110 行.
[ 2011-11-29T21:25:47-05:00 ] NOTIC: [8] Undefined variable: msg 1c423aa926b25b741de44473fb9619b5.php 第 124 行.
[ 2011-11-29T21:25:47-05:00 ] NOTIC: [8] Undefined variable: msg 1c423aa926b25b741de44473fb9619b5.php 第 141 行.
[ 2011-11-29T21:25:47-05:00 ] NOTIC: [8] Undefined variable: msg 1c423aa926b25b741de44473fb9619b5.php 第 156 行.
[ 2011-11-29T21:26:42-05:00 ] SQL: SHOW COLUMNS FROM `ry_uers_profile` [ RunTime:0.003941s ]
[ 2011-11-29T21:26:42-05:00 ] SQL: SELECT * FROM `ry_uers_profile` WHERE ( `user_id` = '1' ) [ RunTime:0.000673s ]
[ 2011-11-29T21:26:43-05:00 ] NOTIC: [8] Undefined variable: msg 1c423aa926b25b741de44473fb9619b5.php 第 45 行.
[ 2011-11-29T21:26:43-05:00 ] NOTIC: [8] Undefined variable: msg 1c423aa926b25b741de44473fb9619b5.php 第 110 行.
[ 2011-11-29T21:26:43-05:00 ] NOTIC: [8] Undefined variable: msg 1c423aa926b25b741de44473fb9619b5.php 第 110 行.
[ 2011-11-29T21:26:43-05:00 ] NOTIC: [8] Undefined variable: msg 1c423aa926b25b741de44473fb9619b5.php 第 124 行.
[ 2011-11-29T21:26:43-05:00 ] NOTIC: [8] Undefined variable: msg 1c423aa926b25b741de44473fb9619b5.php 第 141 行.
[ 2011-11-29T21:26:43-05:00 ] NOTIC: [8] Undefined variable: msg 1c423aa926b25b741de44473fb9619b5.php 第 156 行.
[ 2011-11-29T21:26:58-05:00 ] SQL: SHOW COLUMNS FROM `ry_uers_profile` [ RunTime:0.008446s ]
[ 2011-11-29T21:26:58-05:00 ] NOTIC: [8] Undefined offset: 0 Model.class.php 第 259 行.
[ 2011-11-29T21:26:58-05:00 ] SQL: SELECT * FROM `ry_uers_profile` [ RunTime:0.001082s ]
[ 2011-11-29T21:26:58-05:00 ] NOTIC: [8] Undefined variable: msg 1c423aa926b25b741de44473fb9619b5.php 第 45 行.
[ 2011-11-29T21:26:58-05:00 ] NOTIC: [8] Undefined variable: msg 1c423aa926b25b741de44473fb9619b5.php 第 110 行.
[ 2011-11-29T21:26:58-05:00 ] NOTIC: [8] Undefined variable: msg 1c423aa926b25b741de44473fb9619b5.php 第 110 行.
[ 2011-11-29T21:26:58-05:00 ] NOTIC: [8] Undefined variable: msg 1c423aa926b25b741de44473fb9619b5.php 第 124 行.
[ 2011-11-29T21:26:58-05:00 ] NOTIC: [8] Undefined variable: msg 1c423aa926b25b741de44473fb9619b5.php 第 141 行.
[ 2011-11-29T21:26:58-05:00 ] NOTIC: [8] Undefined variable: msg 1c423aa926b25b741de44473fb9619b5.php 第 156 行.
[ 2011-11-29T21:27:18-05:00 ] SQL: SHOW COLUMNS FROM `ry_uers_profile` [ RunTime:0.004677s ]
[ 2011-11-29T21:27:18-05:00 ] SQL: SELECT * FROM `ry_uers_profile` WHERE ( `user_id` = '1' ) [ RunTime:0.000863s ]
[ 2011-11-29T21:27:18-05:00 ] NOTIC: [8] Undefined variable: msg 1c423aa926b25b741de44473fb9619b5.php 第 45 行.
[ 2011-11-29T21:27:18-05:00 ] NOTIC: [8] Undefined variable: msg 1c423aa926b25b741de44473fb9619b5.php 第 110 行.
[ 2011-11-29T21:27:18-05:00 ] NOTIC: [8] Undefined variable: msg 1c423aa926b25b741de44473fb9619b5.php 第 110 行.
[ 2011-11-29T21:27:18-05:00 ] NOTIC: [8] Undefined variable: msg 1c423aa926b25b741de44473fb9619b5.php 第 124 行.
[ 2011-11-29T21:27:18-05:00 ] NOTIC: [8] Undefined variable: msg 1c423aa926b25b741de44473fb9619b5.php 第 141 行.
[ 2011-11-29T21:27:18-05:00 ] NOTIC: [8] Undefined variable: msg 1c423aa926b25b741de44473fb9619b5.php 第 156 行.
[ 2011-11-29T21:28:50-05:00 ] SQL: SHOW COLUMNS FROM `ry_uers_profile` [ RunTime:0.005417s ]
[ 2011-11-29T21:28:50-05:00 ] SQL: SELECT * FROM `ry_uers_profile` [ RunTime:0.000865s ]
[ 2011-11-29T21:28:50-05:00 ] NOTIC: [8] Undefined variable: msg 1c423aa926b25b741de44473fb9619b5.php 第 45 行.
[ 2011-11-29T21:28:50-05:00 ] NOTIC: [8] Undefined variable: msg 1c423aa926b25b741de44473fb9619b5.php 第 110 行.
[ 2011-11-29T21:28:50-05:00 ] NOTIC: [8] Undefined variable: msg 1c423aa926b25b741de44473fb9619b5.php 第 110 行.
[ 2011-11-29T21:28:50-05:00 ] NOTIC: [8] Undefined variable: msg 1c423aa926b25b741de44473fb9619b5.php 第 124 行.
[ 2011-11-29T21:28:50-05:00 ] NOTIC: [8] Undefined variable: msg 1c423aa926b25b741de44473fb9619b5.php 第 141 行.
[ 2011-11-29T21:28:50-05:00 ] NOTIC: [8] Undefined variable: msg 1c423aa926b25b741de44473fb9619b5.php 第 156 行.
[ 2011-11-29T21:29:16-05:00 ] SQL: SHOW COLUMNS FROM `ry_users_profile` [ RunTime:0.005947s ]
[ 2011-11-29T21:29:16-05:00 ] SQL: SELECT * FROM `ry_users_profile` WHERE ( `user_id` = '1' ) [ RunTime:0.000650s ]
[ 2011-11-29T21:29:16-05:00 ] NOTIC: [8] Undefined variable: msg 1c423aa926b25b741de44473fb9619b5.php 第 45 行.
[ 2011-11-29T21:29:16-05:00 ] NOTIC: [8] Undefined variable: msg 1c423aa926b25b741de44473fb9619b5.php 第 110 行.
[ 2011-11-29T21:29:16-05:00 ] NOTIC: [8] Undefined variable: msg 1c423aa926b25b741de44473fb9619b5.php 第 110 行.
[ 2011-11-29T21:29:16-05:00 ] NOTIC: [8] Undefined variable: msg 1c423aa926b25b741de44473fb9619b5.php 第 124 行.
[ 2011-11-29T21:29:16-05:00 ] NOTIC: [8] Undefined variable: msg 1c423aa926b25b741de44473fb9619b5.php 第 141 行.
[ 2011-11-29T21:29:16-05:00 ] NOTIC: [8] Undefined variable: msg 1c423aa926b25b741de44473fb9619b5.php 第 156 行.
[ 2011-11-29T21:30:03-05:00 ] SQL: SHOW COLUMNS FROM `ry_users_profile` [ RunTime:0.005433s ]
[ 2011-11-29T21:30:03-05:00 ] SQL: SELECT * FROM `ry_users_profile` WHERE ( `user_id` = '1' ) [ RunTime:0.000646s ]
[ 2011-11-29T21:30:03-05:00 ] NOTIC: [8] Undefined variable: msg 1c423aa926b25b741de44473fb9619b5.php 第 45 行.
[ 2011-11-29T21:30:03-05:00 ] NOTIC: [8] Undefined variable: msg 1c423aa926b25b741de44473fb9619b5.php 第 110 行.
[ 2011-11-29T21:30:03-05:00 ] NOTIC: [8] Undefined variable: msg 1c423aa926b25b741de44473fb9619b5.php 第 110 行.
[ 2011-11-29T21:30:03-05:00 ] NOTIC: [8] Undefined variable: msg 1c423aa926b25b741de44473fb9619b5.php 第 124 行.
[ 2011-11-29T21:30:03-05:00 ] NOTIC: [8] Undefined variable: msg 1c423aa926b25b741de44473fb9619b5.php 第 141 行.
[ 2011-11-29T21:30:03-05:00 ] NOTIC: [8] Undefined variable: msg 1c423aa926b25b741de44473fb9619b5.php 第 156 行.
[ 2011-11-29T21:30:52-05:00 ] SQL: SHOW COLUMNS FROM `ry_users_profile` [ RunTime:0.006574s ]
[ 2011-11-29T21:30:52-05:00 ] SQL: SELECT * FROM `ry_users_profile` WHERE ( `user_id` = '1' ) [ RunTime:0.000909s ]
[ 2011-11-29T21:30:53-05:00 ] NOTIC: [8] Undefined variable: msg 1c423aa926b25b741de44473fb9619b5.php 第 45 行.
[ 2011-11-29T21:30:53-05:00 ] NOTIC: [8] Undefined variable: msg 1c423aa926b25b741de44473fb9619b5.php 第 110 行.
[ 2011-11-29T21:30:53-05:00 ] NOTIC: [8] Undefined variable: msg 1c423aa926b25b741de44473fb9619b5.php 第 110 行.
[ 2011-11-29T21:30:53-05:00 ] NOTIC: [8] Undefined variable: msg 1c423aa926b25b741de44473fb9619b5.php 第 124 行.
[ 2011-11-29T21:30:53-05:00 ] NOTIC: [8] Undefined variable: msg 1c423aa926b25b741de44473fb9619b5.php 第 141 行.
[ 2011-11-29T21:30:53-05:00 ] NOTIC: [8] Undefined variable: msg 1c423aa926b25b741de44473fb9619b5.php 第 156 行.
[ 2011-11-29T21:30:53-05:00 ] SQL: SHOW COLUMNS FROM `ry_users_profile` [ RunTime:0.010938s ]
[ 2011-11-29T21:30:53-05:00 ] SQL: SELECT * FROM `ry_users_profile` WHERE ( `user_id` = '1' ) [ RunTime:0.000566s ]
[ 2011-11-29T21:30:54-05:00 ] NOTIC: [8] Undefined variable: msg 1c423aa926b25b741de44473fb9619b5.php 第 45 行.
[ 2011-11-29T21:30:54-05:00 ] NOTIC: [8] Undefined variable: msg 1c423aa926b25b741de44473fb9619b5.php 第 110 行.
[ 2011-11-29T21:30:54-05:00 ] NOTIC: [8] Undefined variable: msg 1c423aa926b25b741de44473fb9619b5.php 第 110 行.
[ 2011-11-29T21:30:54-05:00 ] NOTIC: [8] Undefined variable: msg 1c423aa926b25b741de44473fb9619b5.php 第 124 行.
[ 2011-11-29T21:30:54-05:00 ] NOTIC: [8] Undefined variable: msg 1c423aa926b25b741de44473fb9619b5.php 第 141 行.
[ 2011-11-29T21:30:54-05:00 ] NOTIC: [8] Undefined variable: msg 1c423aa926b25b741de44473fb9619b5.php 第 156 行.
[ 2011-11-29T21:32:01-05:00 ] SQL: SHOW COLUMNS FROM `ry_users_profile` [ RunTime:0.010662s ]
[ 2011-11-29T21:32:01-05:00 ] SQL: SELECT * FROM `ry_users_profile` WHERE ( `user_id` = '1' ) [ RunTime:0.000913s ]
[ 2011-11-29T21:32:01-05:00 ] NOTIC: [8] Undefined variable: msg 1c423aa926b25b741de44473fb9619b5.php 第 45 行.
[ 2011-11-29T21:32:01-05:00 ] NOTIC: [8] Undefined variable: msg 1c423aa926b25b741de44473fb9619b5.php 第 110 行.
[ 2011-11-29T21:32:01-05:00 ] NOTIC: [8] Undefined variable: msg 1c423aa926b25b741de44473fb9619b5.php 第 110 行.
[ 2011-11-29T21:32:01-05:00 ] NOTIC: [8] Undefined variable: msg 1c423aa926b25b741de44473fb9619b5.php 第 124 行.
[ 2011-11-29T21:32:01-05:00 ] NOTIC: [8] Undefined variable: msg 1c423aa926b25b741de44473fb9619b5.php 第 141 行.
[ 2011-11-29T21:32:01-05:00 ] NOTIC: [8] Undefined variable: msg 1c423aa926b25b741de44473fb9619b5.php 第 156 行.
[ 2011-11-29T21:32:05-05:00 ] SQL: SHOW COLUMNS FROM `ry_users` [ RunTime:0.008425s ]
[ 2011-11-29T21:32:05-05:00 ] SQL: SELECT COUNT(*) AS tp_count FROM `ry_users` LIMIT 1  [ RunTime:0.000563s ]
[ 2011-11-29T21:32:05-05:00 ] SQL: SELECT * FROM `ry_users` LIMIT 0,25  [ RunTime:0.000889s ]
[ 2011-11-29T21:32:05-05:00 ] NOTIC: [8] Undefined index: info 1282e97849dec9495baef5755c79259c.php 第 110 行.
[ 2011-11-29T21:32:05-05:00 ] NOTIC: [8] Undefined index: info 1282e97849dec9495baef5755c79259c.php 第 110 行.
[ 2011-11-29T21:32:05-05:00 ] NOTIC: [8] Undefined index: uid 1282e97849dec9495baef5755c79259c.php 第 124 行.
[ 2011-11-29T21:32:07-05:00 ] SQL: SHOW COLUMNS FROM `ry_users_profile` [ RunTime:0.005463s ]
[ 2011-11-29T21:32:07-05:00 ] SQL: SELECT * FROM `ry_users_profile` WHERE ( `user_id` = '1' ) [ RunTime:0.000667s ]
[ 2011-11-29T21:32:07-05:00 ] NOTIC: [8] Undefined variable: msg 1c423aa926b25b741de44473fb9619b5.php 第 45 行.
[ 2011-11-29T21:32:07-05:00 ] NOTIC: [8] Undefined variable: msg 1c423aa926b25b741de44473fb9619b5.php 第 110 行.
[ 2011-11-29T21:32:07-05:00 ] NOTIC: [8] Undefined variable: msg 1c423aa926b25b741de44473fb9619b5.php 第 110 行.
[ 2011-11-29T21:32:07-05:00 ] NOTIC: [8] Undefined variable: msg 1c423aa926b25b741de44473fb9619b5.php 第 124 行.
[ 2011-11-29T21:32:07-05:00 ] NOTIC: [8] Undefined variable: msg 1c423aa926b25b741de44473fb9619b5.php 第 141 行.
[ 2011-11-29T21:32:07-05:00 ] NOTIC: [8] Undefined variable: msg 1c423aa926b25b741de44473fb9619b5.php 第 156 行.
[ 2011-11-29T21:32:32-05:00 ] SQL: SHOW COLUMNS FROM `ry_users_profile` [ RunTime:0.006023s ]
[ 2011-11-29T21:32:32-05:00 ] SQL: SELECT * FROM `ry_users_profile` WHERE ( `user_id` = '1' ) [ RunTime:0.000739s ]
[ 2011-11-29T21:32:32-05:00 ] NOTIC: [8] Undefined variable: msg 1c423aa926b25b741de44473fb9619b5.php 第 45 行.
[ 2011-11-29T21:32:32-05:00 ] NOTIC: [8] Undefined variable: msg 1c423aa926b25b741de44473fb9619b5.php 第 110 行.
[ 2011-11-29T21:32:32-05:00 ] NOTIC: [8] Undefined variable: msg 1c423aa926b25b741de44473fb9619b5.php 第 110 行.
[ 2011-11-29T21:32:32-05:00 ] NOTIC: [8] Undefined variable: msg 1c423aa926b25b741de44473fb9619b5.php 第 124 行.
[ 2011-11-29T21:32:32-05:00 ] NOTIC: [8] Undefined variable: msg 1c423aa926b25b741de44473fb9619b5.php 第 141 行.
[ 2011-11-29T21:32:32-05:00 ] NOTIC: [8] Undefined variable: msg 1c423aa926b25b741de44473fb9619b5.php 第 156 行.
[ 2011-11-29T21:32:58-05:00 ] SQL: SHOW COLUMNS FROM `ry_users_profile` [ RunTime:0.004840s ]
[ 2011-11-29T21:32:58-05:00 ] SQL: SELECT * FROM `ry_users_profile` WHERE ( `user_id` = '1' ) [ RunTime:0.000795s ]
[ 2011-11-29T21:32:58-05:00 ] NOTIC: [8] Undefined variable: msg 1c423aa926b25b741de44473fb9619b5.php 第 45 行.
[ 2011-11-29T21:32:58-05:00 ] NOTIC: [8] Undefined variable: msg 1c423aa926b25b741de44473fb9619b5.php 第 110 行.
[ 2011-11-29T21:32:58-05:00 ] NOTIC: [8] Undefined variable: msg 1c423aa926b25b741de44473fb9619b5.php 第 110 行.
[ 2011-11-29T21:32:58-05:00 ] NOTIC: [8] Undefined variable: msg 1c423aa926b25b741de44473fb9619b5.php 第 124 行.
[ 2011-11-29T21:32:58-05:00 ] NOTIC: [8] Undefined index: role_text 1c423aa926b25b741de44473fb9619b5.php 第 143 行.
[ 2011-11-29T21:32:58-05:00 ] NOTIC: [8] Undefined index: user_name 1c423aa926b25b741de44473fb9619b5.php 第 144 行.
[ 2011-11-29T21:32:58-05:00 ] NOTIC: [8] Undefined index: user_nickname 1c423aa926b25b741de44473fb9619b5.php 第 145 行.
[ 2011-11-29T21:32:58-05:00 ] NOTIC: [8] Undefined index: user_email 1c423aa926b25b741de44473fb9619b5.php 第 146 行.
[ 2011-11-29T21:32:58-05:00 ] NOTIC: [8] Undefined index: user_status 1c423aa926b25b741de44473fb9619b5.php 第 147 行.
[ 2011-11-29T21:32:58-05:00 ] NOTIC: [8] Undefined index: uid 1c423aa926b25b741de44473fb9619b5.php 第 149 行.
[ 2011-11-29T21:32:58-05:00 ] NOTIC: [8] Undefined index: uid 1c423aa926b25b741de44473fb9619b5.php 第 150 行.
[ 2011-11-29T21:32:58-05:00 ] NOTIC: [8] Undefined variable: msg 1c423aa926b25b741de44473fb9619b5.php 第 156 行.
[ 2011-11-29T22:11:05-05:00 ] SQL: SHOW COLUMNS FROM `ry_users_profile` [ RunTime:0.012441s ]
[ 2011-11-29T22:11:05-05:00 ] SQL: SELECT * FROM `ry_users_profile` WHERE ( `user_id` = '1' ) [ RunTime:0.001089s ]
[ 2011-11-29T22:11:05-05:00 ] NOTIC: [8] Undefined variable: msg 1c423aa926b25b741de44473fb9619b5.php 第 45 行.
[ 2011-11-29T22:11:05-05:00 ] NOTIC: [8] Undefined variable: msg 1c423aa926b25b741de44473fb9619b5.php 第 110 行.
[ 2011-11-29T22:11:05-05:00 ] NOTIC: [8] Undefined variable: msg 1c423aa926b25b741de44473fb9619b5.php 第 110 行.
[ 2011-11-29T22:11:05-05:00 ] NOTIC: [8] Undefined variable: msg 1c423aa926b25b741de44473fb9619b5.php 第 124 行.
[ 2011-11-29T22:11:05-05:00 ] NOTIC: [8] Undefined index: user_name 1c423aa926b25b741de44473fb9619b5.php 第 144 行.
[ 2011-11-29T22:11:05-05:00 ] NOTIC: [8] Undefined index: user_nickname 1c423aa926b25b741de44473fb9619b5.php 第 145 行.
[ 2011-11-29T22:11:05-05:00 ] NOTIC: [8] Undefined index: user_email 1c423aa926b25b741de44473fb9619b5.php 第 146 行.
[ 2011-11-29T22:11:05-05:00 ] NOTIC: [8] Undefined index: user_status 1c423aa926b25b741de44473fb9619b5.php 第 147 行.
[ 2011-11-29T22:11:05-05:00 ] NOTIC: [8] Undefined index: uid 1c423aa926b25b741de44473fb9619b5.php 第 149 行.
[ 2011-11-29T22:11:05-05:00 ] NOTIC: [8] Undefined index: uid 1c423aa926b25b741de44473fb9619b5.php 第 150 行.
[ 2011-11-29T22:11:05-05:00 ] NOTIC: [8] Undefined variable: msg 1c423aa926b25b741de44473fb9619b5.php 第 156 行.
[ 2011-11-29T22:12:12-05:00 ] SQL: SHOW COLUMNS FROM `ry_users_profile` [ RunTime:0.010494s ]
[ 2011-11-29T22:12:12-05:00 ] SQL: SELECT * FROM `ry_users_profile` WHERE ( `user_id` = '1' ) [ RunTime:0.000962s ]
[ 2011-11-29T22:12:12-05:00 ] NOTIC: [8] Undefined variable: msg 1c423aa926b25b741de44473fb9619b5.php 第 45 行.
[ 2011-11-29T22:12:12-05:00 ] NOTIC: [8] Undefined variable: msg 1c423aa926b25b741de44473fb9619b5.php 第 110 行.
[ 2011-11-29T22:12:12-05:00 ] NOTIC: [8] Undefined variable: msg 1c423aa926b25b741de44473fb9619b5.php 第 110 行.
[ 2011-11-29T22:12:12-05:00 ] NOTIC: [8] Undefined variable: msg 1c423aa926b25b741de44473fb9619b5.php 第 124 行.
[ 2011-11-29T22:12:12-05:00 ] NOTIC: [8] Undefined index: user_nickname 1c423aa926b25b741de44473fb9619b5.php 第 145 行.
[ 2011-11-29T22:12:12-05:00 ] NOTIC: [8] Undefined index: user_email 1c423aa926b25b741de44473fb9619b5.php 第 146 行.
[ 2011-11-29T22:12:12-05:00 ] NOTIC: [8] Undefined index: user_status 1c423aa926b25b741de44473fb9619b5.php 第 147 行.
[ 2011-11-29T22:12:12-05:00 ] NOTIC: [8] Undefined index: uid 1c423aa926b25b741de44473fb9619b5.php 第 149 行.
[ 2011-11-29T22:12:12-05:00 ] NOTIC: [8] Undefined index: uid 1c423aa926b25b741de44473fb9619b5.php 第 150 行.
[ 2011-11-29T22:12:12-05:00 ] NOTIC: [8] Undefined variable: msg 1c423aa926b25b741de44473fb9619b5.php 第 156 行.
[ 2011-11-29T22:14:04-05:00 ] SQL: SHOW COLUMNS FROM `ry_users_profile` [ RunTime:0.004527s ]
[ 2011-11-29T22:14:04-05:00 ] SQL: SELECT * FROM `ry_users_profile` WHERE ( `user_id` = '1' ) [ RunTime:0.000604s ]
[ 2011-11-29T22:14:04-05:00 ] NOTIC: [8] Undefined variable: msg 1c423aa926b25b741de44473fb9619b5.php 第 45 行.
[ 2011-11-29T22:14:04-05:00 ] NOTIC: [8] Undefined variable: msg 1c423aa926b25b741de44473fb9619b5.php 第 110 行.
[ 2011-11-29T22:14:04-05:00 ] NOTIC: [8] Undefined variable: msg 1c423aa926b25b741de44473fb9619b5.php 第 110 行.
[ 2011-11-29T22:14:04-05:00 ] NOTIC: [8] Undefined variable: msg 1c423aa926b25b741de44473fb9619b5.php 第 124 行.
[ 2011-11-29T22:14:04-05:00 ] NOTIC: [8] Undefined index: user_email 1c423aa926b25b741de44473fb9619b5.php 第 148 行.
[ 2011-11-29T22:14:04-05:00 ] NOTIC: [8] Undefined index: user_status 1c423aa926b25b741de44473fb9619b5.php 第 149 行.
[ 2011-11-29T22:14:04-05:00 ] NOTIC: [8] Undefined index: uid 1c423aa926b25b741de44473fb9619b5.php 第 151 行.
[ 2011-11-29T22:14:04-05:00 ] NOTIC: [8] Undefined index: uid 1c423aa926b25b741de44473fb9619b5.php 第 152 行.
[ 2011-11-29T22:14:04-05:00 ] NOTIC: [8] Undefined variable: msg 1c423aa926b25b741de44473fb9619b5.php 第 158 行.
[ 2011-11-29T22:15:00-05:00 ] SQL: SHOW COLUMNS FROM `ry_users_profile` [ RunTime:0.004796s ]
[ 2011-11-29T22:15:00-05:00 ] SQL: SELECT * FROM `ry_users_profile` WHERE ( `user_id` = '1' ) [ RunTime:0.000880s ]
[ 2011-11-29T22:15:00-05:00 ] NOTIC: [8] Undefined variable: msg 1c423aa926b25b741de44473fb9619b5.php 第 45 行.
[ 2011-11-29T22:15:00-05:00 ] NOTIC: [8] Undefined variable: msg 1c423aa926b25b741de44473fb9619b5.php 第 110 行.
[ 2011-11-29T22:15:00-05:00 ] NOTIC: [8] Undefined variable: msg 1c423aa926b25b741de44473fb9619b5.php 第 110 行.
[ 2011-11-29T22:15:00-05:00 ] NOTIC: [8] Undefined variable: msg 1c423aa926b25b741de44473fb9619b5.php 第 124 行.
[ 2011-11-29T22:15:00-05:00 ] NOTIC: [8] Undefined index: user_status 1c423aa926b25b741de44473fb9619b5.php 第 148 行.
[ 2011-11-29T22:15:00-05:00 ] NOTIC: [8] Undefined index: uid 1c423aa926b25b741de44473fb9619b5.php 第 150 行.
[ 2011-11-29T22:15:00-05:00 ] NOTIC: [8] Undefined index: uid 1c423aa926b25b741de44473fb9619b5.php 第 151 行.
[ 2011-11-29T22:15:00-05:00 ] NOTIC: [8] Undefined variable: msg 1c423aa926b25b741de44473fb9619b5.php 第 157 行.
[ 2011-11-29T22:15:15-05:00 ] SQL: SHOW COLUMNS FROM `ry_users_profile` [ RunTime:0.004482s ]
[ 2011-11-29T22:15:15-05:00 ] SQL: SELECT * FROM `ry_users_profile` WHERE ( `user_id` = '1' ) [ RunTime:0.000598s ]
[ 2011-11-29T22:15:15-05:00 ] NOTIC: [8] Undefined variable: msg 1c423aa926b25b741de44473fb9619b5.php 第 45 行.
[ 2011-11-29T22:15:15-05:00 ] NOTIC: [8] Undefined variable: msg 1c423aa926b25b741de44473fb9619b5.php 第 110 行.
[ 2011-11-29T22:15:15-05:00 ] NOTIC: [8] Undefined variable: msg 1c423aa926b25b741de44473fb9619b5.php 第 110 行.
[ 2011-11-29T22:15:15-05:00 ] NOTIC: [8] Undefined variable: msg 1c423aa926b25b741de44473fb9619b5.php 第 124 行.
[ 2011-11-29T22:15:15-05:00 ] NOTIC: [8] Undefined index: uid 1c423aa926b25b741de44473fb9619b5.php 第 148 行.
[ 2011-11-29T22:15:15-05:00 ] NOTIC: [8] Undefined index: uid 1c423aa926b25b741de44473fb9619b5.php 第 149 行.
[ 2011-11-29T22:15:15-05:00 ] NOTIC: [8] Undefined variable: msg 1c423aa926b25b741de44473fb9619b5.php 第 155 行.
[ 2011-11-29T22:16:02-05:00 ] SQL: SHOW COLUMNS FROM `ry_users_profile` [ RunTime:0.010118s ]
[ 2011-11-29T22:16:02-05:00 ] SQL: SELECT * FROM `ry_users_profile` WHERE ( `user_id` = '1' ) [ RunTime:0.000988s ]
[ 2011-11-29T22:16:02-05:00 ] NOTIC: [8] Undefined variable: msg 1c423aa926b25b741de44473fb9619b5.php 第 45 行.
[ 2011-11-29T22:16:02-05:00 ] NOTIC: [8] Undefined variable: msg 1c423aa926b25b741de44473fb9619b5.php 第 110 行.
[ 2011-11-29T22:16:02-05:00 ] NOTIC: [8] Undefined variable: msg 1c423aa926b25b741de44473fb9619b5.php 第 110 行.
[ 2011-11-29T22:16:02-05:00 ] NOTIC: [8] Undefined variable: msg 1c423aa926b25b741de44473fb9619b5.php 第 124 行.
[ 2011-11-29T22:16:02-05:00 ] NOTIC: [8] Undefined variable: msg 1c423aa926b25b741de44473fb9619b5.php 第 155 行.
