[ 2011-10-10T00:16:59+08:00 ] SQL: SHOW COLUMNS FROM `ry_users` [ RunTime:0.004932s ]
[ 2011-10-10T01:11:51+08:00 ] SQL: SHOW COLUMNS FROM `ry_users` [ RunTime:0.005002s ]
[ 2011-10-10T01:37:52+08:00 ] SQL: SHOW COLUMNS FROM `ry_users` [ RunTime:0.004946s ]
[ 2011-10-10T01:38:01+08:00 ] SQL: SHOW COLUMNS FROM `ry_users` [ RunTime:0.004339s ]
[ 2011-10-10T01:38:01+08:00 ] SQL: SELECT COUNT(*) AS tp_count FROM `ry_users` WHERE ( `user_name` = 'admin' ) AND ( `user_password` = 'e10adc3949ba59abbe56e057f20f883e' ) LIMIT 1  [ RunTime:0.000800s ]
[ 2011-10-10T01:38:01+08:00 ] SQL: SELECT * FROM `ry_users` WHERE ( `user_name` = 'admin' ) AND ( `user_password` = 'e10adc3949ba59abbe56e057f20f883e' ) LIMIT 1  [ RunTime:0.000425s ]
[ 2011-10-10T01:38:05+08:00 ] SQL: SHOW COLUMNS FROM `ry_users` [ RunTime:0.004318s ]
[ 2011-10-10T01:38:05+08:00 ] SQL: SELECT COUNT(*) AS tp_count FROM `ry_users` WHERE ( `user_name` = 'admin' ) AND ( `user_password` = 'e10adc3949ba59abbe56e057f20f883e' ) LIMIT 1  [ RunTime:0.000380s ]
[ 2011-10-10T01:38:05+08:00 ] SQL: SELECT * FROM `ry_users` WHERE ( `user_name` = 'admin' ) AND ( `user_password` = 'e10adc3949ba59abbe56e057f20f883e' ) LIMIT 1  [ RunTime:0.000338s ]
[ 2011-10-10T01:38:08+08:00 ] SQL: SHOW COLUMNS FROM `ry_users` [ RunTime:0.003895s ]
[ 2011-10-10T01:40:41+08:00 ] SQL: SHOW COLUMNS FROM `ry_users` [ RunTime:0.003913s ]
[ 2011-10-10T01:45:05+08:00 ] SQL: SHOW COLUMNS FROM `ry_users` [ RunTime:0.004811s ]
[ 2011-10-10T01:45:58+08:00 ] SQL: SHOW COLUMNS FROM `ry_users` [ RunTime:0.004261s ]
[ 2011-10-10T01:46:13+08:00 ] SQL: SHOW COLUMNS FROM `ry_users` [ RunTime:0.003720s ]
[ 2011-10-10T01:48:13+08:00 ] SQL: SHOW COLUMNS FROM `ry_users` [ RunTime:0.004049s ]
[ 2011-10-10T01:48:22+08:00 ] SQL: SHOW COLUMNS FROM `ry_users` [ RunTime:0.003864s ]
[ 2011-10-10T01:48:32+08:00 ] SQL: SHOW COLUMNS FROM `ry_users` [ RunTime:0.003838s ]
[ 2011-10-10T01:51:21+08:00 ] SQL: SHOW COLUMNS FROM `ry_users` [ RunTime:0.004324s ]
[ 2011-10-10T01:51:23+08:00 ] SQL: SHOW COLUMNS FROM `ry_users` [ RunTime:0.003700s ]
[ 2011-10-10T01:52:15+08:00 ] SQL: SHOW COLUMNS FROM `ry_users` [ RunTime:0.003630s ]
[ 2011-10-10T02:04:19+08:00 ] SQL: SHOW COLUMNS FROM `ry_users` [ RunTime:0.004256s ]
[ 2011-10-10T02:10:43+08:00 ] SQL: SHOW COLUMNS FROM `ry_users` [ RunTime:0.003938s ]
[ 2011-10-10T02:11:24+08:00 ] SQL: SHOW COLUMNS FROM `ry_users` [ RunTime:0.003862s ]
[ 2011-10-10T02:11:47+08:00 ] SQL: SHOW COLUMNS FROM `ry_users` [ RunTime:0.004451s ]
[ 2011-10-10T02:11:58+08:00 ] SQL: SHOW COLUMNS FROM `ry_users` [ RunTime:0.003839s ]
[ 2011-10-10T02:12:16+08:00 ] SQL: SHOW COLUMNS FROM `ry_users` [ RunTime:0.003716s ]
[ 2011-10-10T02:18:02+08:00 ] SQL: SHOW COLUMNS FROM `ry_users` [ RunTime:0.004820s ]
[ 2011-10-10T02:18:53+08:00 ] SQL: SHOW COLUMNS FROM `ry_users` [ RunTime:0.004022s ]
[ 2011-10-10T02:19:05+08:00 ] SQL: SHOW COLUMNS FROM `ry_users` [ RunTime:0.006425s ]
[ 2011-10-10T02:19:18+08:00 ] SQL: SHOW COLUMNS FROM `ry_users` [ RunTime:0.003844s ]
[ 2011-10-10T02:26:52+08:00 ] SQL: SHOW COLUMNS FROM `ry_users` [ RunTime:0.003738s ]
[ 2011-10-10T02:26:52+08:00 ] SQL: SELECT COUNT(*) AS tp_count FROM `ry_users` WHERE ( `user_name` = 'admin' ) AND ( `user_password` = 'e10adc3949ba59abbe56e057f20f883e' ) LIMIT 1  [ RunTime:0.000382s ]
[ 2011-10-10T02:26:52+08:00 ] SQL: SELECT * FROM `ry_users` WHERE ( `user_name` = 'admin' ) AND ( `user_password` = 'e10adc3949ba59abbe56e057f20f883e' ) LIMIT 1  [ RunTime:0.000217s ]
[ 2011-10-10T02:26:55+08:00 ] SQL: SHOW COLUMNS FROM `ry_users` [ RunTime:0.003712s ]
[ 2011-10-10T02:36:57+08:00 ] SQL: SHOW COLUMNS FROM `ry_users` [ RunTime:0.003768s ]
[ 2011-10-10T02:37:23+08:00 ] SQL: SHOW COLUMNS FROM `ry_users` [ RunTime:0.003754s ]
[ 2011-10-10T02:38:21+08:00 ] SQL: SHOW COLUMNS FROM `ry_users` [ RunTime:0.003814s ]
[ 2011-10-10T02:38:24+08:00 ] SQL: SHOW COLUMNS FROM `ry_users` [ RunTime:0.003672s ]
[ 2011-10-10T02:38:36+08:00 ] SQL: SHOW COLUMNS FROM `ry_users` [ RunTime:0.003887s ]
[ 2011-10-10T02:39:49+08:00 ] SQL: SHOW COLUMNS FROM `ry_users` [ RunTime:0.003813s ]
[ 2011-10-10T02:39:59+08:00 ] SQL: SHOW COLUMNS FROM `ry_users` [ RunTime:0.003863s ]
[ 2011-10-10T02:40:35+08:00 ] SQL: SHOW COLUMNS FROM `ry_users` [ RunTime:0.004017s ]
[ 2011-10-10T02:40:42+08:00 ] SQL: SHOW COLUMNS FROM `ry_users` [ RunTime:0.003728s ]
[ 2011-10-10T02:40:54+08:00 ] SQL: SHOW COLUMNS FROM `ry_users` [ RunTime:0.003800s ]
[ 2011-10-10T02:51:18+08:00 ] SQL: SHOW COLUMNS FROM `ry_users` [ RunTime:0.004890s ]
[ 2011-10-10T02:51:27+08:00 ] SQL: SHOW COLUMNS FROM `ry_users` [ RunTime:0.004176s ]
[ 2011-10-10T02:51:30+08:00 ] ERR: (ThinkException) 非法操作admin.php
[ 2011-10-10T02:51:46+08:00 ] SQL: SHOW COLUMNS FROM `ry_users` [ RunTime:0.003726s ]
[ 2011-10-10T02:52:00+08:00 ] SQL: SHOW COLUMNS FROM `ry_users` [ RunTime:0.004024s ]
[ 2011-10-10T02:52:18+08:00 ] SQL: SHOW COLUMNS FROM `ry_users` [ RunTime:0.003902s ]
[ 2011-10-10T02:52:20+08:00 ] SQL: SHOW COLUMNS FROM `ry_users` [ RunTime:0.003878s ]
[ 2011-10-10T03:04:18+08:00 ] SQL: SHOW COLUMNS FROM `ry_users` [ RunTime:0.004019s ]
[ 2011-10-10T03:05:28+08:00 ] SQL: SHOW COLUMNS FROM `ry_users` [ RunTime:0.003846s ]
[ 2011-10-10T03:06:48+08:00 ] SQL: SHOW COLUMNS FROM `ry_users` [ RunTime:0.003832s ]
[ 2011-10-10T03:08:33+08:00 ] SQL: SHOW COLUMNS FROM `ry_users` [ RunTime:0.003995s ]
[ 2011-10-10T03:09:54+08:00 ] SQL: SHOW COLUMNS FROM `ry_users` [ RunTime:0.006731s ]
[ 2011-10-10T03:10:36+08:00 ] SQL: SHOW COLUMNS FROM `ry_users` [ RunTime:0.003932s ]
[ 2011-10-10T03:11:45+08:00 ] SQL: SHOW COLUMNS FROM `ry_users` [ RunTime:0.003707s ]
[ 2011-10-10T03:11:45+08:00 ] NOTIC: [8] Undefined variable: user a07fe2cf594cb6cde914991aba535d51.php 第 52 行.
[ 2011-10-10T03:12:03+08:00 ] SQL: SHOW COLUMNS FROM `ry_users` [ RunTime:0.003860s ]
[ 2011-10-10T03:12:03+08:00 ] NOTIC: [8] Undefined variable: user a07fe2cf594cb6cde914991aba535d51.php 第 52 行.
[ 2011-10-10T03:16:29+08:00 ] SQL: SHOW COLUMNS FROM `ry_users` [ RunTime:0.004818s ]
[ 2011-10-10T03:16:29+08:00 ] NOTIC: [8] Undefined variable: user a07fe2cf594cb6cde914991aba535d51.php 第 52 行.
[ 2011-10-10T03:16:30+08:00 ] SQL: SHOW COLUMNS FROM `ry_users` [ RunTime:0.003632s ]
[ 2011-10-10T03:16:30+08:00 ] SQL: SELECT COUNT(*) AS tp_count FROM `ry_users` WHERE ( `user_name` = 'admin' ) AND ( `user_password` = 'e10adc3949ba59abbe56e057f20f883e' ) LIMIT 1  [ RunTime:0.000491s ]
[ 2011-10-10T03:16:30+08:00 ] SQL: SELECT * FROM `ry_users` WHERE ( `user_name` = 'admin' ) AND ( `user_password` = 'e10adc3949ba59abbe56e057f20f883e' ) LIMIT 1  [ RunTime:0.000359s ]
[ 2011-10-10T03:16:34+08:00 ] SQL: SHOW COLUMNS FROM `ry_users` [ RunTime:0.003923s ]
[ 2011-10-10T03:16:40+08:00 ] SQL: SHOW COLUMNS FROM `ry_users` [ RunTime:0.003689s ]
[ 2011-10-10T03:16:40+08:00 ] NOTIC: [8] Undefined variable: user a07fe2cf594cb6cde914991aba535d51.php 第 52 行.
[ 2011-10-10T03:17:14+08:00 ] SQL: SHOW COLUMNS FROM `ry_users` [ RunTime:0.003723s ]
[ 2011-10-10T03:17:14+08:00 ] NOTIC: [8] Undefined variable: user a07fe2cf594cb6cde914991aba535d51.php 第 52 行.
[ 2011-10-10T03:17:16+08:00 ] SQL: SHOW COLUMNS FROM `ry_users` [ RunTime:0.003742s ]
[ 2011-10-10T03:17:16+08:00 ] NOTIC: [8] Undefined variable: user a07fe2cf594cb6cde914991aba535d51.php 第 52 行.
[ 2011-10-10T03:17:23+08:00 ] SQL: SHOW COLUMNS FROM `ry_users` [ RunTime:0.003613s ]
[ 2011-10-10T03:17:23+08:00 ] NOTIC: [8] Undefined variable: user a07fe2cf594cb6cde914991aba535d51.php 第 52 行.
[ 2011-10-10T03:18:28+08:00 ] SQL: SHOW COLUMNS FROM `ry_users` [ RunTime:0.003753s ]
[ 2011-10-10T03:18:28+08:00 ] SQL: SELECT COUNT(*) AS tp_count FROM `ry_users` WHERE ( `user_name` = 'admin' ) AND ( `user_password` = 'e10adc3949ba59abbe56e057f20f883e' ) LIMIT 1  [ RunTime:0.000297s ]
[ 2011-10-10T03:18:28+08:00 ] SQL: SELECT * FROM `ry_users` WHERE ( `user_name` = 'admin' ) AND ( `user_password` = 'e10adc3949ba59abbe56e057f20f883e' ) LIMIT 1  [ RunTime:0.000208s ]
[ 2011-10-10T03:18:31+08:00 ] SQL: SHOW COLUMNS FROM `ry_users` [ RunTime:0.003643s ]
[ 2011-10-10T03:18:31+08:00 ] NOTIC: [8] Undefined variable: msg 3b07957a53ccb31105e96f96aaa794c8.php 第 45 行.
[ 2011-10-10T03:18:50+08:00 ] SQL: SHOW COLUMNS FROM `ry_users` [ RunTime:0.003834s ]
[ 2011-10-10T03:18:50+08:00 ] NOTIC: [8] Undefined variable: msg 3b07957a53ccb31105e96f96aaa794c8.php 第 45 行.
[ 2011-10-10T03:21:01+08:00 ] SQL: SHOW COLUMNS FROM `ry_users` [ RunTime:0.003996s ]
[ 2011-10-10T03:21:01+08:00 ] NOTIC: [8] Undefined variable: msg 3b07957a53ccb31105e96f96aaa794c8.php 第 45 行.
