[ 2011-12-12T19:55:35-05:00 ] SQL: SHOW COLUMNS FROM `ry_products_cat` [ RunTime:0.005139s ]
[ 2011-12-12T19:55:35-05:00 ] SQL: SELECT * FROM `ry_products_cat` WHERE ( `is_show` = '1' ) ORDER BY parent_id asc [ RunTime:0.000595s ]
[ 2011-12-12T19:55:35-05:00 ] NOTIC: [8] Undefined variable: msg e2e70d6e8550164524387b47cb4ba70d.php 第 45 行.
[ 2011-12-12T19:55:35-05:00 ] NOTIC: [8] Undefined variable: msg e2e70d6e8550164524387b47cb4ba70d.php 第 110 行.
[ 2011-12-12T19:55:35-05:00 ] NOTIC: [8] Undefined variable: msg e2e70d6e8550164524387b47cb4ba70d.php 第 110 行.
[ 2011-12-12T21:24:11-05:00 ] SQL: SHOW COLUMNS FROM `ry_products_cat` [ RunTime:0.004821s ]
[ 2011-12-12T21:24:11-05:00 ] SQL: SELECT * FROM `ry_products_cat` WHERE ( `is_show` = '1' ) ORDER BY parent_id asc [ RunTime:0.000641s ]
[ 2011-12-12T21:24:11-05:00 ] NOTIC: [8] Undefined variable: msg e2e70d6e8550164524387b47cb4ba70d.php 第 45 行.
[ 2011-12-12T21:24:11-05:00 ] NOTIC: [8] Undefined variable: msg e2e70d6e8550164524387b47cb4ba70d.php 第 110 行.
[ 2011-12-12T21:24:11-05:00 ] NOTIC: [8] Undefined variable: msg e2e70d6e8550164524387b47cb4ba70d.php 第 110 行.
[ 2011-12-12T21:24:23-05:00 ] SQL: SHOW COLUMNS FROM `ry_products_cat` [ RunTime:0.003782s ]
[ 2011-12-12T21:24:23-05:00 ] SQL: SELECT * FROM `ry_products_cat` WHERE ( `is_show` = '1' ) ORDER BY parent_id asc [ RunTime:0.000641s ]
[ 2011-12-12T21:24:23-05:00 ] NOTIC: [8] Undefined variable: msg e2e70d6e8550164524387b47cb4ba70d.php 第 45 行.
[ 2011-12-12T21:24:23-05:00 ] NOTIC: [8] Undefined variable: msg e2e70d6e8550164524387b47cb4ba70d.php 第 110 行.
[ 2011-12-12T21:24:23-05:00 ] NOTIC: [8] Undefined variable: msg e2e70d6e8550164524387b47cb4ba70d.php 第 110 行.
[ 2011-12-12T21:29:15-05:00 ] SQL: SHOW COLUMNS FROM `ry_products_cat` [ RunTime:0.003957s ]
[ 2011-12-12T21:29:15-05:00 ] SQL: SELECT * FROM `ry_products_cat` WHERE ( `is_show` = '1' ) ORDER BY parent_id asc [ RunTime:0.000585s ]
[ 2011-12-12T21:29:15-05:00 ] NOTIC: [8] Undefined variable: msg e2e70d6e8550164524387b47cb4ba70d.php 第 45 行.
[ 2011-12-12T21:29:15-05:00 ] NOTIC: [8] Undefined variable: msg e2e70d6e8550164524387b47cb4ba70d.php 第 110 行.
[ 2011-12-12T21:29:15-05:00 ] NOTIC: [8] Undefined variable: msg e2e70d6e8550164524387b47cb4ba70d.php 第 110 行.
[ 2011-12-12T21:29:39-05:00 ] SQL: SHOW COLUMNS FROM `ry_products_cat` [ RunTime:0.004200s ]
[ 2011-12-12T21:29:39-05:00 ] SQL: SELECT * FROM `ry_products_cat` WHERE ( `is_show` = '1' ) ORDER BY parent_id asc [ RunTime:0.000670s ]
[ 2011-12-12T21:29:39-05:00 ] NOTIC: [8] Undefined variable: msg e2e70d6e8550164524387b47cb4ba70d.php 第 45 行.
[ 2011-12-12T21:29:39-05:00 ] NOTIC: [8] Undefined variable: msg e2e70d6e8550164524387b47cb4ba70d.php 第 110 行.
[ 2011-12-12T21:29:39-05:00 ] NOTIC: [8] Undefined variable: msg e2e70d6e8550164524387b47cb4ba70d.php 第 110 行.
[ 2011-12-12T21:37:20-05:00 ] SQL: SHOW COLUMNS FROM `ry_products_cat` [ RunTime:0.005064s ]
[ 2011-12-12T21:37:20-05:00 ] SQL: SELECT * FROM `ry_products_cat` WHERE ( `is_show` = '1' ) ORDER BY parent_id asc [ RunTime:0.000674s ]
[ 2011-12-12T21:37:20-05:00 ] SQL: SHOW COLUMNS FROM `ry_products` [ RunTime:0.005580s ]
[ 2011-12-12T21:37:20-05:00 ] NOTIC: [8] Undefined variable: msg e2e70d6e8550164524387b47cb4ba70d.php 第 45 行.
[ 2011-12-12T21:37:20-05:00 ] NOTIC: [8] Undefined variable: msg e2e70d6e8550164524387b47cb4ba70d.php 第 110 行.
[ 2011-12-12T21:37:20-05:00 ] NOTIC: [8] Undefined variable: msg e2e70d6e8550164524387b47cb4ba70d.php 第 110 行.
[ 2011-12-12T21:38:03-05:00 ] SQL: SHOW COLUMNS FROM `ry_products_cat` [ RunTime:0.003951s ]
[ 2011-12-12T21:38:03-05:00 ] SQL: SELECT * FROM `ry_products_cat` WHERE ( `is_show` = '1' ) ORDER BY parent_id asc [ RunTime:0.000838s ]
[ 2011-12-12T21:38:04-05:00 ] NOTIC: [2] mkdir() [<a href='function.mkdir'>function.mkdir</a>]: No such file or directory UploadFile.class.php 第 207 行.
[ 2011-12-12T21:38:04-05:00 ] SQL: SHOW COLUMNS FROM `ry_products` [ RunTime:0.004424s ]
[ 2011-12-12T21:38:04-05:00 ] SQL: INSERT INTO `ry_products` (`cat_id`,`name`,`description`,`image`,`price`,`quantity`) VALUES ('67','abcde','description','','50.22','50') [ RunTime:0.000541s ]
[ 2011-12-12T21:38:05-05:00 ] SQL: SHOW COLUMNS FROM `ry_products_cat` [ RunTime:0.004021s ]
[ 2011-12-12T21:38:05-05:00 ] SQL: SELECT * FROM `ry_products_cat` WHERE ( `is_show` = '1' ) ORDER BY parent_id asc [ RunTime:0.000851s ]
[ 2011-12-12T21:38:05-05:00 ] SQL: SHOW COLUMNS FROM `ry_products` [ RunTime:0.004303s ]
[ 2011-12-12T21:38:05-05:00 ] NOTIC: [8] Undefined variable: msg e2e70d6e8550164524387b47cb4ba70d.php 第 45 行.
[ 2011-12-12T21:38:05-05:00 ] NOTIC: [8] Undefined variable: msg e2e70d6e8550164524387b47cb4ba70d.php 第 110 行.
[ 2011-12-12T21:38:05-05:00 ] NOTIC: [8] Undefined variable: msg e2e70d6e8550164524387b47cb4ba70d.php 第 110 行.
[ 2011-12-12T21:41:29-05:00 ] SQL: SHOW COLUMNS FROM `ry_products_cat` [ RunTime:0.004736s ]
[ 2011-12-12T21:41:29-05:00 ] SQL: SELECT * FROM `ry_products_cat` WHERE ( `is_show` = '1' ) ORDER BY parent_id asc [ RunTime:0.000900s ]
[ 2011-12-12T21:41:29-05:00 ] NOTIC: [2] mkdir() [<a href='function.mkdir'>function.mkdir</a>]: No such file or directory UploadFile.class.php 第 207 行.
[ 2011-12-12T21:41:54-05:00 ] SQL: SHOW COLUMNS FROM `ry_products_cat` [ RunTime:0.004513s ]
[ 2011-12-12T21:41:54-05:00 ] SQL: SELECT * FROM `ry_products_cat` WHERE ( `is_show` = '1' ) ORDER BY parent_id asc [ RunTime:0.001054s ]
[ 2011-12-12T21:41:54-05:00 ] NOTIC: [2] mkdir() [<a href='function.mkdir'>function.mkdir</a>]: No such file or directory UploadFile.class.php 第 207 行.
[ 2011-12-12T21:45:39-05:00 ] SQL: SHOW COLUMNS FROM `ry_products_cat` [ RunTime:0.004350s ]
[ 2011-12-12T21:45:39-05:00 ] SQL: SELECT * FROM `ry_products_cat` WHERE ( `is_show` = '1' ) ORDER BY parent_id asc [ RunTime:0.000653s ]
[ 2011-12-12T21:45:39-05:00 ] NOTIC: [2] mkdir() [<a href='function.mkdir'>function.mkdir</a>]: No such file or directory UploadFile.class.php 第 207 行.
[ 2011-12-12T21:46:48-05:00 ] SQL: SHOW COLUMNS FROM `ry_products_cat` [ RunTime:0.004554s ]
[ 2011-12-12T21:46:48-05:00 ] SQL: SELECT * FROM `ry_products_cat` WHERE ( `is_show` = '1' ) ORDER BY parent_id asc [ RunTime:0.000678s ]
[ 2011-12-12T21:46:56-05:00 ] SQL: SHOW COLUMNS FROM `ry_products_cat` [ RunTime:0.004898s ]
[ 2011-12-12T21:46:56-05:00 ] SQL: SELECT * FROM `ry_products_cat` WHERE ( `is_show` = '1' ) ORDER BY parent_id asc [ RunTime:0.000846s ]
[ 2011-12-12T21:48:02-05:00 ] SQL: SHOW COLUMNS FROM `ry_products_cat` [ RunTime:0.004614s ]
[ 2011-12-12T21:48:02-05:00 ] SQL: SELECT * FROM `ry_products_cat` WHERE ( `is_show` = '1' ) ORDER BY parent_id asc [ RunTime:0.000761s ]
[ 2011-12-12T21:48:06-05:00 ] SQL: SHOW COLUMNS FROM `ry_products_cat` [ RunTime:0.004462s ]
[ 2011-12-12T21:48:06-05:00 ] SQL: SELECT * FROM `ry_products_cat` WHERE ( `is_show` = '1' ) ORDER BY parent_id asc [ RunTime:0.000618s ]
[ 2011-12-12T21:49:05-05:00 ] SQL: SHOW COLUMNS FROM `ry_products_cat` [ RunTime:0.004190s ]
[ 2011-12-12T21:49:05-05:00 ] SQL: SELECT * FROM `ry_products_cat` WHERE ( `is_show` = '1' ) ORDER BY parent_id asc [ RunTime:0.000657s ]
[ 2011-12-12T21:49:05-05:00 ] SQL: SHOW COLUMNS FROM `ry_products` [ RunTime:0.004527s ]
[ 2011-12-12T21:49:05-05:00 ] NOTIC: [8] Undefined variable: msg e2e70d6e8550164524387b47cb4ba70d.php 第 45 行.
[ 2011-12-12T21:49:05-05:00 ] NOTIC: [8] Undefined variable: msg e2e70d6e8550164524387b47cb4ba70d.php 第 110 行.
[ 2011-12-12T21:49:05-05:00 ] NOTIC: [8] Undefined variable: msg e2e70d6e8550164524387b47cb4ba70d.php 第 110 行.
[ 2011-12-12T21:49:17-05:00 ] SQL: SHOW COLUMNS FROM `ry_products_cat` [ RunTime:0.004895s ]
[ 2011-12-12T21:49:17-05:00 ] SQL: SELECT * FROM `ry_products_cat` WHERE ( `is_show` = '1' ) ORDER BY parent_id asc [ RunTime:0.000771s ]
[ 2011-12-12T21:49:17-05:00 ] SQL: SHOW COLUMNS FROM `ry_products` [ RunTime:0.004458s ]
[ 2011-12-12T21:49:17-05:00 ] SQL: INSERT INTO `ry_products` (`cat_id`,`name`,`description`,`type`,`price`,`quantity`,`image`) VALUES ('67','sadf','dsaf','1','sdf','sdaf','4ee6bd2d46be6.jpg') [ RunTime:0.000426s ]
[ 2011-12-12T21:49:18-05:00 ] SQL: SHOW COLUMNS FROM `ry_products_cat` [ RunTime:0.004364s ]
[ 2011-12-12T21:49:18-05:00 ] SQL: SELECT * FROM `ry_products_cat` WHERE ( `is_show` = '1' ) ORDER BY parent_id asc [ RunTime:0.000656s ]
[ 2011-12-12T21:49:18-05:00 ] SQL: SHOW COLUMNS FROM `ry_products` [ RunTime:0.004467s ]
[ 2011-12-12T21:49:18-05:00 ] NOTIC: [8] Undefined variable: msg e2e70d6e8550164524387b47cb4ba70d.php 第 45 行.
[ 2011-12-12T21:49:18-05:00 ] NOTIC: [8] Undefined variable: msg e2e70d6e8550164524387b47cb4ba70d.php 第 110 行.
[ 2011-12-12T21:49:18-05:00 ] NOTIC: [8] Undefined variable: msg e2e70d6e8550164524387b47cb4ba70d.php 第 110 行.
[ 2011-12-12T21:53:40-05:00 ] SQL: SHOW COLUMNS FROM `ry_products_cat` [ RunTime:0.004268s ]
[ 2011-12-12T21:53:40-05:00 ] SQL: SELECT * FROM `ry_products_cat` WHERE ( `is_show` = '1' ) ORDER BY parent_id asc [ RunTime:0.000667s ]
[ 2011-12-12T21:53:41-05:00 ] SQL: SHOW COLUMNS FROM `ry_products` [ RunTime:0.004543s ]
[ 2011-12-12T21:53:41-05:00 ] SQL: INSERT INTO `ry_products` (`cat_id`,`name`,`description`,`type`,`price`,`quantity`,`image`,`time_add`) VALUES ('67','sadf','dsaf','1','sdf','sdaf','4ee6be34c6909.jpg',1323744821) [ RunTime:0.000395s ]
[ 2011-12-12T21:53:42-05:00 ] SQL: SHOW COLUMNS FROM `ry_products_cat` [ RunTime:0.004191s ]
[ 2011-12-12T21:53:42-05:00 ] SQL: SELECT * FROM `ry_products_cat` WHERE ( `is_show` = '1' ) ORDER BY parent_id asc [ RunTime:0.000662s ]
[ 2011-12-12T21:53:42-05:00 ] SQL: SHOW COLUMNS FROM `ry_products` [ RunTime:0.004375s ]
[ 2011-12-12T21:53:42-05:00 ] NOTIC: [8] Undefined variable: msg e2e70d6e8550164524387b47cb4ba70d.php 第 45 行.
[ 2011-12-12T21:53:42-05:00 ] NOTIC: [8] Undefined variable: msg e2e70d6e8550164524387b47cb4ba70d.php 第 110 行.
[ 2011-12-12T21:53:42-05:00 ] NOTIC: [8] Undefined variable: msg e2e70d6e8550164524387b47cb4ba70d.php 第 110 行.
[ 2011-12-12T21:55:36-05:00 ] SQL: SHOW COLUMNS FROM `ry_post_cat` [ RunTime:0.005793s ]
[ 2011-12-12T21:55:36-05:00 ] SQL: SELECT * FROM `ry_post_cat` ORDER BY parent_id asc [ RunTime:0.000625s ]
[ 2011-12-12T21:55:36-05:00 ] SQL: SELECT * FROM `ry_post_cat` WHERE cat_id=0 LIMIT 1  [ RunTime:0.000489s ]
[ 2011-12-12T21:55:36-05:00 ] SQL: SELECT * FROM `ry_post_cat` WHERE cat_id=2 LIMIT 1  [ RunTime:0.000314s ]
[ 2011-12-12T21:55:36-05:00 ] SQL: SELECT * FROM `ry_post_cat` WHERE cat_id=3 LIMIT 1  [ RunTime:0.000183s ]
[ 2011-12-12T21:55:37-05:00 ] NOTIC: [8] Undefined variable: msg 85b9432bdf2835f77a9d15c310356022.php 第 45 行.
[ 2011-12-12T21:55:37-05:00 ] NOTIC: [8] Undefined variable: msg 85b9432bdf2835f77a9d15c310356022.php 第 110 行.
[ 2011-12-12T21:55:37-05:00 ] NOTIC: [8] Undefined variable: msg 85b9432bdf2835f77a9d15c310356022.php 第 110 行.
[ 2011-12-12T21:55:39-05:00 ] SQL: SHOW COLUMNS FROM `ry_post_cat` [ RunTime:0.003907s ]
[ 2011-12-12T21:55:39-05:00 ] SQL: SELECT * FROM `ry_post_cat` WHERE ( `is_show` = '1' ) ORDER BY parent_id asc [ RunTime:0.000384s ]
[ 2011-12-12T21:55:39-05:00 ] SQL: SELECT * FROM `ry_post_cat` WHERE ( `cat_id` = '2' ) LIMIT 1  [ RunTime:0.000307s ]
[ 2011-12-12T21:55:39-05:00 ] NOTIC: [8] Undefined variable: msg 20726b832322a81bb395e7f56bd3da1c.php 第 45 行.
[ 2011-12-12T21:55:39-05:00 ] NOTIC: [8] Undefined variable: msg 20726b832322a81bb395e7f56bd3da1c.php 第 110 行.
[ 2011-12-12T21:55:39-05:00 ] NOTIC: [8] Undefined variable: msg 20726b832322a81bb395e7f56bd3da1c.php 第 110 行.
[ 2011-12-12T21:55:42-05:00 ] SQL: SHOW COLUMNS FROM `ry_post_cat` [ RunTime:0.004474s ]
[ 2011-12-12T21:55:42-05:00 ] SQL: SHOW COLUMNS FROM `ry_post_cat_lang` [ RunTime:0.026917s ]
[ 2011-12-12T21:55:42-05:00 ] SQL: SELECT * FROM `ry_post_cat` WHERE ( `cat_id` = '2' ) LIMIT 1  [ RunTime:0.000462s ]
[ 2011-12-12T21:55:42-05:00 ] SQL: SELECT * FROM `ry_post_cat_lang` WHERE ( `cat_id` = '2' ) [ RunTime:0.000721s ]
[ 2011-12-12T21:55:43-05:00 ] NOTIC: [8] Undefined index: info 27810803c514f24f617949317e9053a8.php 第 110 行.
[ 2011-12-12T21:55:43-05:00 ] NOTIC: [8] Undefined index: info 27810803c514f24f617949317e9053a8.php 第 110 行.
[ 2011-12-12T21:55:43-05:00 ] NOTIC: [8] Undefined index: tb_productsCat 27810803c514f24f617949317e9053a8.php 第 128 行.
[ 2011-12-12T21:55:47-05:00 ] SQL: SHOW COLUMNS FROM `ry_page` [ RunTime:0.006492s ]
[ 2011-12-12T21:55:47-05:00 ] NOTIC: [8] Undefined variable: msg 4dff38877d9825defdae33b4f3f0abc2.php 第 45 行.
[ 2011-12-12T21:55:47-05:00 ] NOTIC: [8] Undefined variable: msg 4dff38877d9825defdae33b4f3f0abc2.php 第 110 行.
[ 2011-12-12T21:55:47-05:00 ] NOTIC: [8] Undefined variable: msg 4dff38877d9825defdae33b4f3f0abc2.php 第 110 行.
[ 2011-12-12T21:55:54-05:00 ] SQL: SHOW COLUMNS FROM `ry_users` [ RunTime:0.010524s ]
[ 2011-12-12T21:55:54-05:00 ] SQL: SELECT COUNT(*) AS tp_count FROM `ry_users` LIMIT 1  [ RunTime:0.000299s ]
[ 2011-12-12T21:55:54-05:00 ] SQL: SELECT * FROM `ry_users` LIMIT 0,25  [ RunTime:0.000411s ]
[ 2011-12-12T21:55:54-05:00 ] NOTIC: [8] Undefined index: info 1282e97849dec9495baef5755c79259c.php 第 110 行.
[ 2011-12-12T21:55:54-05:00 ] NOTIC: [8] Undefined index: info 1282e97849dec9495baef5755c79259c.php 第 110 行.
[ 2011-12-12T21:55:54-05:00 ] NOTIC: [8] Undefined index: uid 1282e97849dec9495baef5755c79259c.php 第 124 行.
[ 2011-12-12T21:55:56-05:00 ] SQL: SHOW COLUMNS FROM `ry_users` [ RunTime:0.003985s ]
[ 2011-12-12T21:55:56-05:00 ] SQL: SELECT COUNT(*) AS tp_count FROM `ry_users` WHERE ( `uid` = '1' ) LIMIT 1  [ RunTime:0.006699s ]
[ 2011-12-12T21:55:56-05:00 ] SQL: SELECT * FROM `ry_users` WHERE ( `uid` = '1' ) LIMIT 1  [ RunTime:0.000449s ]
[ 2011-12-12T21:55:56-05:00 ] NOTIC: [8] Undefined index: info f662f02b62bd1847b5923c83ee85e322.php 第 110 行.
[ 2011-12-12T21:55:56-05:00 ] NOTIC: [8] Undefined index: info f662f02b62bd1847b5923c83ee85e322.php 第 110 行.
[ 2011-12-12T21:56:01-05:00 ] SQL: SHOW COLUMNS FROM `ry_post_cat` [ RunTime:0.015493s ]
[ 2011-12-12T21:56:01-05:00 ] SQL: SELECT * FROM `ry_post_cat` ORDER BY parent_id asc [ RunTime:0.000334s ]
[ 2011-12-12T21:56:01-05:00 ] SQL: SELECT * FROM `ry_post_cat` WHERE cat_id=0 LIMIT 1  [ RunTime:0.000324s ]
[ 2011-12-12T21:56:01-05:00 ] SQL: SELECT * FROM `ry_post_cat` WHERE cat_id=2 LIMIT 1  [ RunTime:0.000285s ]
[ 2011-12-12T21:56:01-05:00 ] SQL: SELECT * FROM `ry_post_cat` WHERE cat_id=3 LIMIT 1  [ RunTime:0.000317s ]
[ 2011-12-12T21:56:01-05:00 ] NOTIC: [8] Undefined variable: msg 85b9432bdf2835f77a9d15c310356022.php 第 45 行.
[ 2011-12-12T21:56:01-05:00 ] NOTIC: [8] Undefined variable: msg 85b9432bdf2835f77a9d15c310356022.php 第 110 行.
[ 2011-12-12T21:56:01-05:00 ] NOTIC: [8] Undefined variable: msg 85b9432bdf2835f77a9d15c310356022.php 第 110 行.
[ 2011-12-12T22:08:09-05:00 ] SQL: SHOW COLUMNS FROM `ry_products_cat` [ RunTime:0.005135s ]
[ 2011-12-12T22:08:09-05:00 ] SQL: SELECT * FROM `ry_products_cat` WHERE ( `is_show` = '1' ) ORDER BY parent_id asc [ RunTime:0.000675s ]
[ 2011-12-12T22:08:09-05:00 ] SQL: SHOW COLUMNS FROM `ry_products` [ RunTime:0.005700s ]
[ 2011-12-12T22:08:09-05:00 ] NOTIC: [8] Undefined variable: msg e2e70d6e8550164524387b47cb4ba70d.php 第 55 行.
[ 2011-12-12T22:08:09-05:00 ] NOTIC: [8] Undefined variable: msg e2e70d6e8550164524387b47cb4ba70d.php 第 120 行.
[ 2011-12-12T22:08:09-05:00 ] NOTIC: [8] Undefined variable: msg e2e70d6e8550164524387b47cb4ba70d.php 第 120 行.
[ 2011-12-12T22:10:49-05:00 ] SQL: SHOW COLUMNS FROM `ry_products_cat` [ RunTime:0.004222s ]
[ 2011-12-12T22:10:49-05:00 ] SQL: SELECT * FROM `ry_products_cat` WHERE ( `is_show` = '1' ) ORDER BY parent_id asc [ RunTime:0.000620s ]
[ 2011-12-12T22:10:49-05:00 ] SQL: SHOW COLUMNS FROM `ry_products` [ RunTime:0.004251s ]
[ 2011-12-12T22:10:49-05:00 ] NOTIC: [8] Undefined variable: msg e2e70d6e8550164524387b47cb4ba70d.php 第 55 行.
[ 2011-12-12T22:10:49-05:00 ] NOTIC: [8] Undefined variable: msg e2e70d6e8550164524387b47cb4ba70d.php 第 120 行.
[ 2011-12-12T22:10:49-05:00 ] NOTIC: [8] Undefined variable: msg e2e70d6e8550164524387b47cb4ba70d.php 第 120 行.
[ 2011-12-12T22:11:58-05:00 ] SQL: SHOW COLUMNS FROM `ry_products_cat` [ RunTime:0.004065s ]
[ 2011-12-12T22:11:58-05:00 ] SQL: SELECT * FROM `ry_products_cat` WHERE ( `is_show` = '1' ) ORDER BY parent_id asc [ RunTime:0.000590s ]
[ 2011-12-12T22:11:58-05:00 ] SQL: SHOW COLUMNS FROM `ry_products` [ RunTime:0.004511s ]
[ 2011-12-12T22:11:58-05:00 ] NOTIC: [8] Undefined variable: msg e2e70d6e8550164524387b47cb4ba70d.php 第 55 行.
[ 2011-12-12T22:11:58-05:00 ] NOTIC: [8] Undefined variable: msg e2e70d6e8550164524387b47cb4ba70d.php 第 120 行.
[ 2011-12-12T22:11:58-05:00 ] NOTIC: [8] Undefined variable: msg e2e70d6e8550164524387b47cb4ba70d.php 第 120 行.
[ 2011-12-12T22:12:10-05:00 ] SQL: SHOW COLUMNS FROM `ry_products_cat` [ RunTime:0.004267s ]
[ 2011-12-12T22:12:10-05:00 ] SQL: SELECT * FROM `ry_products_cat` WHERE ( `is_show` = '1' ) ORDER BY parent_id asc [ RunTime:0.000615s ]
[ 2011-12-12T22:12:10-05:00 ] SQL: SHOW COLUMNS FROM `ry_products` [ RunTime:0.004085s ]
[ 2011-12-12T22:12:10-05:00 ] NOTIC: [8] Undefined variable: msg e2e70d6e8550164524387b47cb4ba70d.php 第 55 行.
[ 2011-12-12T22:12:10-05:00 ] NOTIC: [8] Undefined variable: msg e2e70d6e8550164524387b47cb4ba70d.php 第 120 行.
[ 2011-12-12T22:12:10-05:00 ] NOTIC: [8] Undefined variable: msg e2e70d6e8550164524387b47cb4ba70d.php 第 120 行.
[ 2011-12-12T22:12:17-05:00 ] SQL: SHOW COLUMNS FROM `ry_products_cat` [ RunTime:0.004447s ]
[ 2011-12-12T22:12:17-05:00 ] SQL: SELECT * FROM `ry_products_cat` WHERE ( `is_show` = '1' ) ORDER BY parent_id asc [ RunTime:0.000596s ]
[ 2011-12-12T22:12:17-05:00 ] SQL: SHOW COLUMNS FROM `ry_products` [ RunTime:0.004253s ]
[ 2011-12-12T22:12:18-05:00 ] NOTIC: [8] Undefined variable: msg e2e70d6e8550164524387b47cb4ba70d.php 第 55 行.
[ 2011-12-12T22:12:18-05:00 ] NOTIC: [8] Undefined variable: msg e2e70d6e8550164524387b47cb4ba70d.php 第 120 行.
[ 2011-12-12T22:12:18-05:00 ] NOTIC: [8] Undefined variable: msg e2e70d6e8550164524387b47cb4ba70d.php 第 120 行.
[ 2011-12-12T22:12:27-05:00 ] SQL: SHOW COLUMNS FROM `ry_products_cat` [ RunTime:0.004437s ]
[ 2011-12-12T22:12:27-05:00 ] SQL: SELECT * FROM `ry_products_cat` WHERE ( `is_show` = '1' ) ORDER BY parent_id asc [ RunTime:0.000583s ]
[ 2011-12-12T22:12:27-05:00 ] SQL: SHOW COLUMNS FROM `ry_products` [ RunTime:0.004427s ]
[ 2011-12-12T22:12:28-05:00 ] NOTIC: [8] Undefined variable: msg e2e70d6e8550164524387b47cb4ba70d.php 第 55 行.
[ 2011-12-12T22:12:28-05:00 ] NOTIC: [8] Undefined variable: msg e2e70d6e8550164524387b47cb4ba70d.php 第 120 行.
[ 2011-12-12T22:12:28-05:00 ] NOTIC: [8] Undefined variable: msg e2e70d6e8550164524387b47cb4ba70d.php 第 120 行.
[ 2011-12-12T22:13:07-05:00 ] SQL: SHOW COLUMNS FROM `ry_products_cat` [ RunTime:0.004487s ]
[ 2011-12-12T22:13:07-05:00 ] SQL: SELECT * FROM `ry_products_cat` WHERE ( `is_show` = '1' ) ORDER BY parent_id asc [ RunTime:0.000563s ]
[ 2011-12-12T22:13:07-05:00 ] SQL: SHOW COLUMNS FROM `ry_products` [ RunTime:0.004258s ]
[ 2011-12-12T22:13:07-05:00 ] NOTIC: [8] Undefined variable: msg e2e70d6e8550164524387b47cb4ba70d.php 第 55 行.
[ 2011-12-12T22:13:07-05:00 ] NOTIC: [8] Undefined variable: msg e2e70d6e8550164524387b47cb4ba70d.php 第 120 行.
[ 2011-12-12T22:13:07-05:00 ] NOTIC: [8] Undefined variable: msg e2e70d6e8550164524387b47cb4ba70d.php 第 120 行.
[ 2011-12-12T22:13:21-05:00 ] SQL: SHOW COLUMNS FROM `ry_products_cat` [ RunTime:0.004188s ]
[ 2011-12-12T22:13:21-05:00 ] SQL: SELECT * FROM `ry_products_cat` WHERE ( `is_show` = '1' ) ORDER BY parent_id asc [ RunTime:0.000615s ]
[ 2011-12-12T22:13:21-05:00 ] SQL: SHOW COLUMNS FROM `ry_products` [ RunTime:0.004520s ]
[ 2011-12-12T22:13:21-05:00 ] NOTIC: [8] Undefined variable: msg e2e70d6e8550164524387b47cb4ba70d.php 第 55 行.
[ 2011-12-12T22:13:21-05:00 ] NOTIC: [8] Undefined variable: msg e2e70d6e8550164524387b47cb4ba70d.php 第 120 行.
[ 2011-12-12T22:13:21-05:00 ] NOTIC: [8] Undefined variable: msg e2e70d6e8550164524387b47cb4ba70d.php 第 120 行.
[ 2011-12-12T22:13:42-05:00 ] SQL: SHOW COLUMNS FROM `ry_products_cat` [ RunTime:0.004264s ]
[ 2011-12-12T22:13:42-05:00 ] SQL: SELECT * FROM `ry_products_cat` WHERE ( `is_show` = '1' ) ORDER BY parent_id asc [ RunTime:0.000586s ]
[ 2011-12-12T22:13:42-05:00 ] SQL: SHOW COLUMNS FROM `ry_products` [ RunTime:0.004483s ]
[ 2011-12-12T22:13:42-05:00 ] NOTIC: [8] Undefined variable: msg e2e70d6e8550164524387b47cb4ba70d.php 第 55 行.
[ 2011-12-12T22:13:42-05:00 ] NOTIC: [8] Undefined variable: msg e2e70d6e8550164524387b47cb4ba70d.php 第 120 行.
[ 2011-12-12T22:13:42-05:00 ] NOTIC: [8] Undefined variable: msg e2e70d6e8550164524387b47cb4ba70d.php 第 120 行.
[ 2011-12-12T22:14:47-05:00 ] SQL: SHOW COLUMNS FROM `ry_products_cat` [ RunTime:0.003999s ]
[ 2011-12-12T22:14:47-05:00 ] SQL: SELECT * FROM `ry_products_cat` WHERE ( `is_show` = '1' ) ORDER BY parent_id asc [ RunTime:0.000678s ]
[ 2011-12-12T22:14:47-05:00 ] SQL: SHOW COLUMNS FROM `ry_products` [ RunTime:0.004101s ]
[ 2011-12-12T22:14:47-05:00 ] NOTIC: [8] Undefined variable: msg e2e70d6e8550164524387b47cb4ba70d.php 第 55 行.
[ 2011-12-12T22:14:47-05:00 ] NOTIC: [8] Undefined variable: msg e2e70d6e8550164524387b47cb4ba70d.php 第 120 行.
[ 2011-12-12T22:14:47-05:00 ] NOTIC: [8] Undefined variable: msg e2e70d6e8550164524387b47cb4ba70d.php 第 120 行.
[ 2011-12-12T22:15:43-05:00 ] SQL: SHOW COLUMNS FROM `ry_products_cat` [ RunTime:0.004227s ]
[ 2011-12-12T22:15:43-05:00 ] SQL: SELECT * FROM `ry_products_cat` WHERE ( `is_show` = '1' ) ORDER BY parent_id asc [ RunTime:0.000607s ]
[ 2011-12-12T22:15:43-05:00 ] SQL: SHOW COLUMNS FROM `ry_products` [ RunTime:0.004555s ]
[ 2011-12-12T22:15:43-05:00 ] NOTIC: [8] Undefined variable: msg e2e70d6e8550164524387b47cb4ba70d.php 第 55 行.
[ 2011-12-12T22:15:43-05:00 ] NOTIC: [8] Undefined variable: msg e2e70d6e8550164524387b47cb4ba70d.php 第 120 行.
[ 2011-12-12T22:15:43-05:00 ] NOTIC: [8] Undefined variable: msg e2e70d6e8550164524387b47cb4ba70d.php 第 120 行.
[ 2011-12-12T22:16:26-05:00 ] SQL: SHOW COLUMNS FROM `ry_products_cat` [ RunTime:0.004151s ]
[ 2011-12-12T22:16:26-05:00 ] SQL: SELECT * FROM `ry_products_cat` WHERE ( `is_show` = '1' ) ORDER BY parent_id asc [ RunTime:0.000668s ]
[ 2011-12-12T22:16:26-05:00 ] SQL: SHOW COLUMNS FROM `ry_products` [ RunTime:0.004313s ]
[ 2011-12-12T22:16:26-05:00 ] NOTIC: [8] Undefined variable: msg e2e70d6e8550164524387b47cb4ba70d.php 第 55 行.
[ 2011-12-12T22:16:26-05:00 ] NOTIC: [8] Undefined variable: msg e2e70d6e8550164524387b47cb4ba70d.php 第 120 行.
[ 2011-12-12T22:16:26-05:00 ] NOTIC: [8] Undefined variable: msg e2e70d6e8550164524387b47cb4ba70d.php 第 120 行.
[ 2011-12-12T22:16:47-05:00 ] SQL: SHOW COLUMNS FROM `ry_products_cat` [ RunTime:0.003840s ]
[ 2011-12-12T22:16:47-05:00 ] SQL: SELECT * FROM `ry_products_cat` WHERE ( `is_show` = '1' ) ORDER BY parent_id asc [ RunTime:0.000625s ]
[ 2011-12-12T22:16:47-05:00 ] SQL: SHOW COLUMNS FROM `ry_products` [ RunTime:0.004174s ]
[ 2011-12-12T22:16:47-05:00 ] NOTIC: [8] Undefined variable: msg e2e70d6e8550164524387b47cb4ba70d.php 第 55 行.
[ 2011-12-12T22:16:47-05:00 ] NOTIC: [8] Undefined variable: msg e2e70d6e8550164524387b47cb4ba70d.php 第 120 行.
[ 2011-12-12T22:16:47-05:00 ] NOTIC: [8] Undefined variable: msg e2e70d6e8550164524387b47cb4ba70d.php 第 120 行.
[ 2011-12-12T22:18:21-05:00 ] SQL: SHOW COLUMNS FROM `ry_products_cat` [ RunTime:0.003954s ]
[ 2011-12-12T22:18:21-05:00 ] SQL: SELECT * FROM `ry_products_cat` WHERE ( `is_show` = '1' ) ORDER BY parent_id asc [ RunTime:0.000696s ]
[ 2011-12-12T22:18:21-05:00 ] SQL: SHOW COLUMNS FROM `ry_products` [ RunTime:0.004485s ]
[ 2011-12-12T22:18:21-05:00 ] NOTIC: [8] Undefined variable: msg e2e70d6e8550164524387b47cb4ba70d.php 第 55 行.
[ 2011-12-12T22:18:21-05:00 ] NOTIC: [8] Undefined variable: msg e2e70d6e8550164524387b47cb4ba70d.php 第 120 行.
[ 2011-12-12T22:18:21-05:00 ] NOTIC: [8] Undefined variable: msg e2e70d6e8550164524387b47cb4ba70d.php 第 120 行.
[ 2011-12-12T22:18:39-05:00 ] SQL: SHOW COLUMNS FROM `ry_products_cat` [ RunTime:0.004131s ]
[ 2011-12-12T22:18:39-05:00 ] SQL: SELECT * FROM `ry_products_cat` WHERE ( `is_show` = '1' ) ORDER BY parent_id asc [ RunTime:0.000611s ]
[ 2011-12-12T22:18:39-05:00 ] SQL: SHOW COLUMNS FROM `ry_products` [ RunTime:0.004926s ]
[ 2011-12-12T22:18:39-05:00 ] SQL: INSERT INTO `ry_products` (`cat_id`,`name`,`description`,`type`,`price`,`quantity`,`time_expire`,`image`,`time_add`) VALUES ('0','saD','DSAFSAF<br />','2','12','23','12/12/2011','4ee6c40f55a16.jpg',1323746319) [ RunTime:0.000523s ]
[ 2011-12-12T22:18:40-05:00 ] SQL: SHOW COLUMNS FROM `ry_products_cat` [ RunTime:0.004132s ]
[ 2011-12-12T22:18:40-05:00 ] SQL: SELECT * FROM `ry_products_cat` WHERE ( `is_show` = '1' ) ORDER BY parent_id asc [ RunTime:0.000762s ]
[ 2011-12-12T22:18:40-05:00 ] SQL: SHOW COLUMNS FROM `ry_products` [ RunTime:0.007003s ]
[ 2011-12-12T22:18:40-05:00 ] NOTIC: [8] Undefined variable: msg e2e70d6e8550164524387b47cb4ba70d.php 第 55 行.
[ 2011-12-12T22:18:40-05:00 ] NOTIC: [8] Undefined variable: msg e2e70d6e8550164524387b47cb4ba70d.php 第 120 行.
[ 2011-12-12T22:18:40-05:00 ] NOTIC: [8] Undefined variable: msg e2e70d6e8550164524387b47cb4ba70d.php 第 120 行.
[ 2011-12-12T22:20:57-05:00 ] SQL: SHOW COLUMNS FROM `ry_products_cat` [ RunTime:0.004104s ]
[ 2011-12-12T22:20:57-05:00 ] SQL: SELECT * FROM `ry_products_cat` WHERE ( `is_show` = '1' ) ORDER BY parent_id asc [ RunTime:0.000570s ]
[ 2011-12-12T22:20:57-05:00 ] SQL: SHOW COLUMNS FROM `ry_products` [ RunTime:0.004059s ]
[ 2011-12-12T22:20:57-05:00 ] NOTIC: [8] Undefined variable: msg e2e70d6e8550164524387b47cb4ba70d.php 第 55 行.
[ 2011-12-12T22:20:57-05:00 ] NOTIC: [8] Undefined variable: msg e2e70d6e8550164524387b47cb4ba70d.php 第 120 行.
[ 2011-12-12T22:20:57-05:00 ] NOTIC: [8] Undefined variable: msg e2e70d6e8550164524387b47cb4ba70d.php 第 120 行.
[ 2011-12-12T22:21:33-05:00 ] SQL: SHOW COLUMNS FROM `ry_products_cat` [ RunTime:0.003848s ]
[ 2011-12-12T22:21:33-05:00 ] SQL: SELECT * FROM `ry_products_cat` WHERE ( `is_show` = '1' ) ORDER BY parent_id asc [ RunTime:0.000593s ]
[ 2011-12-12T22:21:33-05:00 ] SQL: SHOW COLUMNS FROM `ry_products` [ RunTime:0.004527s ]
[ 2011-12-12T22:21:33-05:00 ] SQL: INSERT INTO `ry_products` (`cat_id`,`name`,`description`,`type`,`price`,`quantity`,`time_expire`,`image`,`time_add`) VALUES ('67','zzz','hgjkgjk','1','50.22','33','2011-12-12','4ee6c4bd24949.jpg',1323746493) [ RunTime:0.000363s ]
[ 2011-12-12T22:21:34-05:00 ] SQL: SHOW COLUMNS FROM `ry_products_cat` [ RunTime:0.004009s ]
[ 2011-12-12T22:21:34-05:00 ] SQL: SELECT * FROM `ry_products_cat` WHERE ( `is_show` = '1' ) ORDER BY parent_id asc [ RunTime:0.000667s ]
[ 2011-12-12T22:21:34-05:00 ] SQL: SHOW COLUMNS FROM `ry_products` [ RunTime:0.004598s ]
[ 2011-12-12T22:21:34-05:00 ] NOTIC: [8] Undefined variable: msg e2e70d6e8550164524387b47cb4ba70d.php 第 55 行.
[ 2011-12-12T22:21:34-05:00 ] NOTIC: [8] Undefined variable: msg e2e70d6e8550164524387b47cb4ba70d.php 第 120 行.
[ 2011-12-12T22:21:34-05:00 ] NOTIC: [8] Undefined variable: msg e2e70d6e8550164524387b47cb4ba70d.php 第 120 行.
[ 2011-12-12T22:24:09-05:00 ] SQL: SHOW COLUMNS FROM `ry_products_cat` [ RunTime:0.003854s ]
[ 2011-12-12T22:24:09-05:00 ] SQL: SELECT * FROM `ry_products_cat` WHERE ( `is_show` = '1' ) ORDER BY parent_id asc [ RunTime:0.000806s ]
[ 2011-12-12T22:25:19-05:00 ] SQL: SHOW COLUMNS FROM `ry_products_cat` [ RunTime:0.004467s ]
[ 2011-12-12T22:25:19-05:00 ] SQL: SELECT * FROM `ry_products_cat` WHERE ( `is_show` = '1' ) ORDER BY parent_id asc [ RunTime:0.000611s ]
[ 2011-12-12T22:25:19-05:00 ] SQL: SHOW COLUMNS FROM `ry_products` [ RunTime:0.004624s ]
[ 2011-12-12T22:25:19-05:00 ] SQL: INSERT INTO `ry_products` (`cat_id`,`name`,`description`,`type`,`price`,`quantity`,`time_expire`,`image`,`time_add`) VALUES ('0','dsaf','','1','','','2011-12-12','4ee6c59f9196c.jpg',1323746719) [ RunTime:0.000463s ]
[ 2011-12-12T22:25:20-05:00 ] SQL: SHOW COLUMNS FROM `ry_products_cat` [ RunTime:0.004055s ]
[ 2011-12-12T22:25:20-05:00 ] SQL: SELECT * FROM `ry_products_cat` WHERE ( `is_show` = '1' ) ORDER BY parent_id asc [ RunTime:0.000801s ]
[ 2011-12-12T22:25:20-05:00 ] SQL: SHOW COLUMNS FROM `ry_products` [ RunTime:0.004536s ]
[ 2011-12-12T22:25:20-05:00 ] NOTIC: [8] Undefined variable: msg e2e70d6e8550164524387b47cb4ba70d.php 第 55 行.
[ 2011-12-12T22:25:20-05:00 ] NOTIC: [8] Undefined variable: msg e2e70d6e8550164524387b47cb4ba70d.php 第 120 行.
[ 2011-12-12T22:25:20-05:00 ] NOTIC: [8] Undefined variable: msg e2e70d6e8550164524387b47cb4ba70d.php 第 120 行.
[ 2011-12-12T22:26:44-05:00 ] SQL: SHOW COLUMNS FROM `ry_products_cat` [ RunTime:0.004197s ]
[ 2011-12-12T22:26:44-05:00 ] SQL: SELECT * FROM `ry_products_cat` WHERE ( `is_show` = '1' ) ORDER BY parent_id asc [ RunTime:0.000619s ]
[ 2011-12-12T22:26:44-05:00 ] SQL: SHOW COLUMNS FROM `ry_products` [ RunTime:0.004845s ]
[ 2011-12-12T22:26:44-05:00 ] SQL: INSERT INTO `ry_products` (`cat_id`,`name`,`description`,`type`,`price`,`quantity`,`time_expire`,`image`,`time_add`) VALUES ('0','dsaf','','1','','',1323666000,'4ee6c5f416879.jpg',1323746804) [ RunTime:0.000471s ]
[ 2011-12-12T22:26:45-05:00 ] SQL: SHOW COLUMNS FROM `ry_products_cat` [ RunTime:0.004321s ]
[ 2011-12-12T22:26:45-05:00 ] SQL: SELECT * FROM `ry_products_cat` WHERE ( `is_show` = '1' ) ORDER BY parent_id asc [ RunTime:0.000616s ]
[ 2011-12-12T22:26:45-05:00 ] SQL: SHOW COLUMNS FROM `ry_products` [ RunTime:0.004418s ]
[ 2011-12-12T22:26:45-05:00 ] NOTIC: [8] Undefined variable: msg e2e70d6e8550164524387b47cb4ba70d.php 第 55 行.
[ 2011-12-12T22:26:45-05:00 ] NOTIC: [8] Undefined variable: msg e2e70d6e8550164524387b47cb4ba70d.php 第 120 行.
[ 2011-12-12T22:26:45-05:00 ] NOTIC: [8] Undefined variable: msg e2e70d6e8550164524387b47cb4ba70d.php 第 120 行.
