[ 2011-11-13T10:09:09-05:00 ] SQL: SHOW COLUMNS FROM `ry_users` [ RunTime:0.045244s ]
[ 2011-11-13T10:09:10-05:00 ] SQL: SHOW COLUMNS FROM `ry_users` [ RunTime:0.005655s ]
[ 2011-11-13T10:09:10-05:00 ] SQL: SELECT COUNT(*) AS tp_count FROM `ry_users` WHERE ( `user_name` = 'admin' ) AND ( `user_password` = 'e10adc3949ba59abbe56e057f20f883e' ) LIMIT 1  [ RunTime:0.039384s ]
[ 2011-11-13T10:09:10-05:00 ] SQL: SELECT * FROM `ry_users` WHERE ( `user_name` = 'admin' ) AND ( `user_password` = 'e10adc3949ba59abbe56e057f20f883e' ) LIMIT 1  [ RunTime:0.000573s ]
[ 2011-11-13T10:09:12-05:00 ] SQL: SHOW COLUMNS FROM `ry_users` [ RunTime:0.015514s ]
[ 2011-11-13T10:09:12-05:00 ] NOTIC: [8] Undefined variable: msg 3b07957a53ccb31105e96f96aaa794c8.php 第 45 行.
[ 2011-11-13T10:09:12-05:00 ] NOTIC: [8] Undefined variable: msg 3b07957a53ccb31105e96f96aaa794c8.php 第 110 行.
[ 2011-11-13T10:09:12-05:00 ] NOTIC: [8] Undefined variable: msg 3b07957a53ccb31105e96f96aaa794c8.php 第 110 行.
[ 2011-11-13T16:41:38-05:00 ] SQL: SHOW COLUMNS FROM `ry_users` [ RunTime:0.010066s ]
[ 2011-11-13T16:41:38-05:00 ] NOTIC: [8] Undefined variable: msg 3b07957a53ccb31105e96f96aaa794c8.php 第 45 行.
[ 2011-11-13T16:41:38-05:00 ] NOTIC: [8] Undefined variable: msg 3b07957a53ccb31105e96f96aaa794c8.php 第 110 行.
[ 2011-11-13T16:41:38-05:00 ] NOTIC: [8] Undefined variable: msg 3b07957a53ccb31105e96f96aaa794c8.php 第 110 行.
[ 2011-11-13T16:41:42-05:00 ] SQL: SHOW COLUMNS FROM `ry_products_cat` [ RunTime:0.009344s ]
[ 2011-11-13T16:41:42-05:00 ] SQL: SELECT * FROM `ry_products_cat` ORDER BY parent_id asc [ RunTime:0.001029s ]
[ 2011-11-13T16:41:42-05:00 ] SQL: SELECT * FROM `ry_products_cat` WHERE cat_id=0 LIMIT 1  [ RunTime:0.000898s ]
[ 2011-11-13T16:41:42-05:00 ] SQL: SELECT * FROM `ry_products_cat` WHERE cat_id=6 LIMIT 1  [ RunTime:0.000634s ]
[ 2011-11-13T16:41:42-05:00 ] SQL: SELECT * FROM `ry_products_cat` WHERE cat_id=7 LIMIT 1  [ RunTime:0.000837s ]
[ 2011-11-13T16:41:43-05:00 ] NOTIC: [8] Undefined variable: msg 54d61eb4eafecfef775e4a103813da8e.php 第 45 行.
[ 2011-11-13T16:41:43-05:00 ] NOTIC: [8] Undefined variable: msg 54d61eb4eafecfef775e4a103813da8e.php 第 110 行.
[ 2011-11-13T16:41:43-05:00 ] NOTIC: [8] Undefined variable: msg 54d61eb4eafecfef775e4a103813da8e.php 第 110 行.
[ 2011-11-13T16:41:59-05:00 ] SQL: SHOW COLUMNS FROM `ry_products_cat` [ RunTime:0.005178s ]
[ 2011-11-13T16:41:59-05:00 ] SQL: SELECT * FROM `ry_products_cat` ORDER BY parent_id asc [ RunTime:0.000584s ]
[ 2011-11-13T16:41:59-05:00 ] SQL: SELECT * FROM `ry_products_cat` WHERE cat_id=0 LIMIT 1  [ RunTime:0.000457s ]
[ 2011-11-13T16:41:59-05:00 ] SQL: SELECT * FROM `ry_products_cat` WHERE cat_id=6 LIMIT 1  [ RunTime:0.000713s ]
[ 2011-11-13T16:41:59-05:00 ] SQL: SELECT * FROM `ry_products_cat` WHERE cat_id=7 LIMIT 1  [ RunTime:0.000613s ]
[ 2011-11-13T16:41:59-05:00 ] NOTIC: [8] Undefined variable: msg 54d61eb4eafecfef775e4a103813da8e.php 第 45 行.
[ 2011-11-13T16:41:59-05:00 ] NOTIC: [8] Undefined variable: msg 54d61eb4eafecfef775e4a103813da8e.php 第 110 行.
[ 2011-11-13T16:41:59-05:00 ] NOTIC: [8] Undefined variable: msg 54d61eb4eafecfef775e4a103813da8e.php 第 110 行.
[ 2011-11-13T16:42:01-05:00 ] SQL: SHOW COLUMNS FROM `ry_products_cat` [ RunTime:0.004505s ]
[ 2011-11-13T16:42:01-05:00 ] SQL: SELECT * FROM `ry_products_cat` WHERE ( `is_show` = '1' ) ORDER BY parent_id asc [ RunTime:0.000751s ]
[ 2011-11-13T16:42:02-05:00 ] NOTIC: [8] Undefined variable: msg ff91dda4b0f6654c1813def01bb61a7d.php 第 45 行.
[ 2011-11-13T16:42:02-05:00 ] NOTIC: [8] Undefined variable: msg ff91dda4b0f6654c1813def01bb61a7d.php 第 110 行.
[ 2011-11-13T16:42:02-05:00 ] NOTIC: [8] Undefined variable: msg ff91dda4b0f6654c1813def01bb61a7d.php 第 110 行.
[ 2011-11-13T16:42:05-05:00 ] SQL: SHOW COLUMNS FROM `ry_page` [ RunTime:0.009226s ]
[ 2011-11-13T16:42:05-05:00 ] SQL: SELECT COUNT(*) AS tp_count FROM `ry_page` LIMIT 1  [ RunTime:0.000712s ]
[ 2011-11-13T16:42:05-05:00 ] SQL: SELECT * FROM `ry_page` LIMIT 0,25  [ RunTime:0.001013s ]
[ 2011-11-13T16:42:06-05:00 ] NOTIC: [8] Undefined index: info 54042c11aa449cd5c6bb37d6a4c6f773.php 第 110 行.
[ 2011-11-13T16:42:06-05:00 ] NOTIC: [8] Undefined index: info 54042c11aa449cd5c6bb37d6a4c6f773.php 第 110 行.
[ 2011-11-13T16:42:08-05:00 ] SQL: SHOW COLUMNS FROM `ry_page` [ RunTime:0.005483s ]
[ 2011-11-13T16:42:08-05:00 ] SQL: SELECT * FROM `ry_page` WHERE ( `page_id` = '1' ) LIMIT 1  [ RunTime:0.000722s ]
[ 2011-11-13T16:42:08-05:00 ] NOTIC: [8] Undefined index: info 35f1c6cff39b620b0908d2fa7c5223e4.php 第 110 行.
[ 2011-11-13T16:42:08-05:00 ] NOTIC: [8] Undefined index: info 35f1c6cff39b620b0908d2fa7c5223e4.php 第 110 行.
[ 2011-11-13T16:52:16-05:00 ] SQL: SHOW COLUMNS FROM `ry_products_cat` [ RunTime:0.009241s ]
[ 2011-11-13T16:52:16-05:00 ] SQL: SELECT * FROM `ry_products_cat` ORDER BY parent_id asc [ RunTime:0.001011s ]
[ 2011-11-13T16:52:16-05:00 ] SQL: SELECT * FROM `ry_products_cat` WHERE cat_id=0 LIMIT 1  [ RunTime:0.000701s ]
[ 2011-11-13T16:52:16-05:00 ] SQL: SELECT * FROM `ry_products_cat` WHERE cat_id=6 LIMIT 1  [ RunTime:0.000682s ]
[ 2011-11-13T16:52:16-05:00 ] SQL: SELECT * FROM `ry_products_cat` WHERE cat_id=7 LIMIT 1  [ RunTime:0.000702s ]
[ 2011-11-13T16:52:16-05:00 ] NOTIC: [8] Undefined variable: msg 54d61eb4eafecfef775e4a103813da8e.php 第 45 行.
[ 2011-11-13T16:52:16-05:00 ] NOTIC: [8] Undefined variable: msg 54d61eb4eafecfef775e4a103813da8e.php 第 110 行.
[ 2011-11-13T16:52:16-05:00 ] NOTIC: [8] Undefined variable: msg 54d61eb4eafecfef775e4a103813da8e.php 第 110 行.
[ 2011-11-13T16:52:20-05:00 ] SQL: SHOW COLUMNS FROM `ry_page` [ RunTime:0.004804s ]
[ 2011-11-13T16:52:20-05:00 ] SQL: SELECT COUNT(*) AS tp_count FROM `ry_page` LIMIT 1  [ RunTime:0.000751s ]
[ 2011-11-13T16:52:20-05:00 ] SQL: SELECT * FROM `ry_page` LIMIT 0,25  [ RunTime:0.001217s ]
[ 2011-11-13T16:52:20-05:00 ] NOTIC: [8] Undefined index: info 54042c11aa449cd5c6bb37d6a4c6f773.php 第 110 行.
[ 2011-11-13T16:52:20-05:00 ] NOTIC: [8] Undefined index: info 54042c11aa449cd5c6bb37d6a4c6f773.php 第 110 行.
[ 2011-11-13T16:52:47-05:00 ] SQL: SHOW COLUMNS FROM `ry_products_cat` [ RunTime:0.006200s ]
[ 2011-11-13T16:52:47-05:00 ] SQL: SELECT * FROM `ry_products_cat` ORDER BY parent_id asc [ RunTime:0.000921s ]
[ 2011-11-13T16:52:47-05:00 ] SQL: SELECT * FROM `ry_products_cat` WHERE cat_id=0 LIMIT 1  [ RunTime:0.000900s ]
[ 2011-11-13T16:52:47-05:00 ] SQL: SELECT * FROM `ry_products_cat` WHERE cat_id=6 LIMIT 1  [ RunTime:0.000850s ]
[ 2011-11-13T16:52:47-05:00 ] SQL: SELECT * FROM `ry_products_cat` WHERE cat_id=7 LIMIT 1  [ RunTime:0.000801s ]
[ 2011-11-13T16:52:47-05:00 ] NOTIC: [8] Undefined variable: msg 54d61eb4eafecfef775e4a103813da8e.php 第 45 行.
[ 2011-11-13T16:52:47-05:00 ] NOTIC: [8] Undefined variable: msg 54d61eb4eafecfef775e4a103813da8e.php 第 110 行.
[ 2011-11-13T16:52:47-05:00 ] NOTIC: [8] Undefined variable: msg 54d61eb4eafecfef775e4a103813da8e.php 第 110 行.
[ 2011-11-13T16:52:50-05:00 ] SQL: SHOW COLUMNS FROM `ry_products_cat` [ RunTime:0.004582s ]
[ 2011-11-13T16:52:50-05:00 ] SQL: SELECT * FROM `ry_products_cat` WHERE ( `is_show` = '1' ) ORDER BY parent_id asc [ RunTime:0.000538s ]
[ 2011-11-13T16:52:50-05:00 ] NOTIC: [8] Undefined variable: msg ff91dda4b0f6654c1813def01bb61a7d.php 第 45 行.
[ 2011-11-13T16:52:50-05:00 ] NOTIC: [8] Undefined variable: msg ff91dda4b0f6654c1813def01bb61a7d.php 第 110 行.
[ 2011-11-13T16:52:50-05:00 ] NOTIC: [8] Undefined variable: msg ff91dda4b0f6654c1813def01bb61a7d.php 第 110 行.
[ 2011-11-13T16:52:52-05:00 ] SQL: SHOW COLUMNS FROM `ry_products_cat` [ RunTime:0.009118s ]
[ 2011-11-13T16:52:52-05:00 ] SQL: SELECT * FROM `ry_products_cat` ORDER BY parent_id asc [ RunTime:0.000812s ]
[ 2011-11-13T16:52:52-05:00 ] SQL: SELECT * FROM `ry_products_cat` WHERE cat_id=0 LIMIT 1  [ RunTime:0.000646s ]
[ 2011-11-13T16:52:52-05:00 ] SQL: SELECT * FROM `ry_products_cat` WHERE cat_id=6 LIMIT 1  [ RunTime:0.000711s ]
[ 2011-11-13T16:52:52-05:00 ] SQL: SELECT * FROM `ry_products_cat` WHERE cat_id=7 LIMIT 1  [ RunTime:0.000698s ]
[ 2011-11-13T16:52:52-05:00 ] NOTIC: [8] Undefined variable: msg 54d61eb4eafecfef775e4a103813da8e.php 第 45 行.
[ 2011-11-13T16:52:52-05:00 ] NOTIC: [8] Undefined variable: msg 54d61eb4eafecfef775e4a103813da8e.php 第 110 行.
[ 2011-11-13T16:52:52-05:00 ] NOTIC: [8] Undefined variable: msg 54d61eb4eafecfef775e4a103813da8e.php 第 110 行.
[ 2011-11-13T16:52:55-05:00 ] SQL: SHOW COLUMNS FROM `ry_product` [ RunTime:0.008764s ]
[ 2011-11-13T16:52:55-05:00 ] SQL: SELECT * FROM `ry_product` [ RunTime:0.000989s ]
[ 2011-11-13T16:52:55-05:00 ] NOTIC: [8] Undefined index: info f3fff2b5c97ac42f78439ba97dbcdcda.php 第 110 行.
[ 2011-11-13T16:52:55-05:00 ] NOTIC: [8] Undefined index: info f3fff2b5c97ac42f78439ba97dbcdcda.php 第 110 行.
[ 2011-11-13T16:52:55-05:00 ] NOTIC: [8] Undefined index: cat_id f3fff2b5c97ac42f78439ba97dbcdcda.php 第 121 行.
[ 2011-11-13T16:52:55-05:00 ] NOTIC: [8] Undefined index: productsCatLang f3fff2b5c97ac42f78439ba97dbcdcda.php 第 131 行.
[ 2011-11-13T16:53:01-05:00 ] SQL: SHOW COLUMNS FROM `ry_products_cat` [ RunTime:0.004404s ]
[ 2011-11-13T16:53:01-05:00 ] SQL: SELECT * FROM `ry_products_cat` ORDER BY parent_id asc [ RunTime:0.000727s ]
[ 2011-11-13T16:53:01-05:00 ] SQL: SELECT * FROM `ry_products_cat` WHERE cat_id=0 LIMIT 1  [ RunTime:0.000580s ]
[ 2011-11-13T16:53:01-05:00 ] SQL: SELECT * FROM `ry_products_cat` WHERE cat_id=6 LIMIT 1  [ RunTime:0.000644s ]
[ 2011-11-13T16:53:01-05:00 ] SQL: SELECT * FROM `ry_products_cat` WHERE cat_id=7 LIMIT 1  [ RunTime:0.000637s ]
[ 2011-11-13T16:53:01-05:00 ] NOTIC: [8] Undefined variable: msg 54d61eb4eafecfef775e4a103813da8e.php 第 45 行.
[ 2011-11-13T16:53:01-05:00 ] NOTIC: [8] Undefined variable: msg 54d61eb4eafecfef775e4a103813da8e.php 第 110 行.
[ 2011-11-13T16:53:01-05:00 ] NOTIC: [8] Undefined variable: msg 54d61eb4eafecfef775e4a103813da8e.php 第 110 行.
[ 2011-11-13T16:53:07-05:00 ] SQL: SHOW COLUMNS FROM `ry_products_cat` [ RunTime:0.006881s ]
[ 2011-11-13T16:53:07-05:00 ] SQL: SHOW COLUMNS FROM `ry_products_cat_lang` [ RunTime:0.007665s ]
[ 2011-11-13T16:53:07-05:00 ] SQL: SELECT * FROM `ry_products_cat` WHERE ( `cat_id` = '6' ) LIMIT 1  [ RunTime:0.000788s ]
[ 2011-11-13T16:53:07-05:00 ] SQL: SELECT * FROM `ry_products_cat_lang` WHERE ( `cat_id` = '6' ) [ RunTime:0.001089s ]
[ 2011-11-13T16:53:07-05:00 ] NOTIC: [8] Undefined index: info 04a0fd06e53e0cda368358ac495db46f.php 第 110 行.
[ 2011-11-13T16:53:07-05:00 ] NOTIC: [8] Undefined index: info 04a0fd06e53e0cda368358ac495db46f.php 第 110 行.
[ 2011-11-13T16:53:19-05:00 ] SQL: SHOW COLUMNS FROM `ry_products_cat` [ RunTime:0.009304s ]
[ 2011-11-13T16:53:19-05:00 ] SQL: SHOW COLUMNS FROM `ry_products_cat_lang` [ RunTime:0.007148s ]
[ 2011-11-13T16:53:19-05:00 ] SQL: SELECT * FROM `ry_products_cat` WHERE ( `cat_id` = '6' ) LIMIT 1  [ RunTime:0.000835s ]
[ 2011-11-13T16:53:19-05:00 ] SQL: SELECT * FROM `ry_products_cat_lang` WHERE ( `cat_id` = '6' ) [ RunTime:0.000797s ]
[ 2011-11-13T16:53:19-05:00 ] NOTIC: [8] Undefined index: info 04a0fd06e53e0cda368358ac495db46f.php 第 110 行.
[ 2011-11-13T16:53:19-05:00 ] NOTIC: [8] Undefined index: info 04a0fd06e53e0cda368358ac495db46f.php 第 110 行.
[ 2011-11-13T16:53:35-05:00 ] SQL: SHOW COLUMNS FROM `ry_products_cat` [ RunTime:0.004654s ]
[ 2011-11-13T16:53:35-05:00 ] SQL: SELECT * FROM `ry_products_cat` WHERE ( `is_show` = '1' ) ORDER BY parent_id asc [ RunTime:0.001095s ]
[ 2011-11-13T16:53:35-05:00 ] SQL: SELECT * FROM `ry_products_cat` WHERE ( `cat_id` = '6' ) LIMIT 1  [ RunTime:0.000771s ]
[ 2011-11-13T16:53:35-05:00 ] NOTIC: [8] Undefined variable: msg 5b1d4ccd6d731aad92baf79ff4862f1e.php 第 45 行.
[ 2011-11-13T16:53:35-05:00 ] NOTIC: [8] Undefined variable: msg 5b1d4ccd6d731aad92baf79ff4862f1e.php 第 110 行.
[ 2011-11-13T16:53:35-05:00 ] NOTIC: [8] Undefined variable: msg 5b1d4ccd6d731aad92baf79ff4862f1e.php 第 110 行.
[ 2011-11-13T16:54:10-05:00 ] SQL: SHOW COLUMNS FROM `ry_products_cat` [ RunTime:0.006807s ]
[ 2011-11-13T16:54:10-05:00 ] SQL: SELECT * FROM `ry_products_cat` WHERE ( `is_show` = '1' ) ORDER BY parent_id asc [ RunTime:0.000974s ]
[ 2011-11-13T16:54:10-05:00 ] SQL: SELECT * FROM `ry_products_cat` WHERE ( `cat_id` = '7' ) LIMIT 1  [ RunTime:0.000760s ]
[ 2011-11-13T16:54:10-05:00 ] NOTIC: [8] Undefined variable: msg 5b1d4ccd6d731aad92baf79ff4862f1e.php 第 45 行.
[ 2011-11-13T16:54:10-05:00 ] NOTIC: [8] Undefined variable: msg 5b1d4ccd6d731aad92baf79ff4862f1e.php 第 110 行.
[ 2011-11-13T16:54:10-05:00 ] NOTIC: [8] Undefined variable: msg 5b1d4ccd6d731aad92baf79ff4862f1e.php 第 110 行.
[ 2011-11-13T16:54:29-05:00 ] SQL: SHOW COLUMNS FROM `ry_products_cat` [ RunTime:0.007539s ]
[ 2011-11-13T16:54:29-05:00 ] SQL: SELECT * FROM `ry_products_cat` ORDER BY parent_id asc [ RunTime:0.000733s ]
[ 2011-11-13T16:54:29-05:00 ] SQL: SELECT * FROM `ry_products_cat` WHERE cat_id=0 LIMIT 1  [ RunTime:0.000871s ]
[ 2011-11-13T16:54:29-05:00 ] SQL: SELECT * FROM `ry_products_cat` WHERE cat_id=6 LIMIT 1  [ RunTime:0.001096s ]
[ 2011-11-13T16:54:29-05:00 ] SQL: SELECT * FROM `ry_products_cat` WHERE cat_id=7 LIMIT 1  [ RunTime:0.000844s ]
[ 2011-11-13T16:54:29-05:00 ] NOTIC: [8] Undefined variable: msg 54d61eb4eafecfef775e4a103813da8e.php 第 45 行.
[ 2011-11-13T16:54:29-05:00 ] NOTIC: [8] Undefined variable: msg 54d61eb4eafecfef775e4a103813da8e.php 第 110 行.
[ 2011-11-13T16:54:29-05:00 ] NOTIC: [8] Undefined variable: msg 54d61eb4eafecfef775e4a103813da8e.php 第 110 行.
[ 2011-11-13T16:54:31-05:00 ] SQL: SHOW COLUMNS FROM `ry_products_cat` [ RunTime:0.009386s ]
[ 2011-11-13T16:54:31-05:00 ] SQL: SELECT * FROM `ry_products_cat` ORDER BY parent_id asc [ RunTime:0.000770s ]
[ 2011-11-13T16:54:31-05:00 ] SQL: SELECT * FROM `ry_products_cat` WHERE cat_id=0 LIMIT 1  [ RunTime:0.000649s ]
[ 2011-11-13T16:54:31-05:00 ] SQL: SELECT * FROM `ry_products_cat` WHERE cat_id=6 LIMIT 1  [ RunTime:0.000796s ]
[ 2011-11-13T16:54:31-05:00 ] SQL: SELECT * FROM `ry_products_cat` WHERE cat_id=7 LIMIT 1  [ RunTime:0.000768s ]
[ 2011-11-13T16:54:31-05:00 ] NOTIC: [8] Undefined variable: msg 54d61eb4eafecfef775e4a103813da8e.php 第 45 行.
[ 2011-11-13T16:54:31-05:00 ] NOTIC: [8] Undefined variable: msg 54d61eb4eafecfef775e4a103813da8e.php 第 110 行.
[ 2011-11-13T16:54:31-05:00 ] NOTIC: [8] Undefined variable: msg 54d61eb4eafecfef775e4a103813da8e.php 第 110 行.
[ 2011-11-13T16:54:52-05:00 ] SQL: SHOW COLUMNS FROM `ry_products_cat` [ RunTime:0.004782s ]
[ 2011-11-13T16:54:52-05:00 ] SQL: SHOW COLUMNS FROM `ry_products_cat_lang` [ RunTime:0.004505s ]
[ 2011-11-13T16:54:52-05:00 ] SQL: SELECT * FROM `ry_products_cat` WHERE ( `cat_id` = '6' ) LIMIT 1  [ RunTime:0.000853s ]
[ 2011-11-13T16:54:52-05:00 ] SQL: SELECT * FROM `ry_products_cat_lang` WHERE ( `cat_id` = '6' ) [ RunTime:0.000726s ]
[ 2011-11-13T16:54:52-05:00 ] NOTIC: [8] Undefined index: info 04a0fd06e53e0cda368358ac495db46f.php 第 110 行.
[ 2011-11-13T16:54:52-05:00 ] NOTIC: [8] Undefined index: info 04a0fd06e53e0cda368358ac495db46f.php 第 110 行.
[ 2011-11-13T16:55:01-05:00 ] SQL: SHOW COLUMNS FROM `ry_users` [ RunTime:0.010217s ]
[ 2011-11-13T16:55:01-05:00 ] SQL: SELECT COUNT(*) AS tp_count FROM `ry_users` LIMIT 1  [ RunTime:0.000570s ]
[ 2011-11-13T16:55:01-05:00 ] SQL: SELECT * FROM `ry_users` LIMIT 0,25  [ RunTime:0.000908s ]
[ 2011-11-13T16:55:01-05:00 ] NOTIC: [8] Undefined index: info 1282e97849dec9495baef5755c79259c.php 第 110 行.
[ 2011-11-13T16:55:01-05:00 ] NOTIC: [8] Undefined index: info 1282e97849dec9495baef5755c79259c.php 第 110 行.
[ 2011-11-13T16:55:01-05:00 ] NOTIC: [8] Undefined index: uid 1282e97849dec9495baef5755c79259c.php 第 124 行.
[ 2011-11-13T16:55:08-05:00 ] SQL: SHOW COLUMNS FROM `ry_users` [ RunTime:0.008272s ]
[ 2011-11-13T16:55:08-05:00 ] SQL: SELECT COUNT(*) AS tp_count FROM `ry_users` LIMIT 1  [ RunTime:0.000529s ]
[ 2011-11-13T16:55:08-05:00 ] SQL: SELECT * FROM `ry_users` LIMIT 0,25  [ RunTime:0.000822s ]
[ 2011-11-13T16:55:08-05:00 ] NOTIC: [8] Undefined index: info 1282e97849dec9495baef5755c79259c.php 第 110 行.
[ 2011-11-13T16:55:08-05:00 ] NOTIC: [8] Undefined index: info 1282e97849dec9495baef5755c79259c.php 第 110 行.
[ 2011-11-13T16:55:08-05:00 ] NOTIC: [8] Undefined index: uid 1282e97849dec9495baef5755c79259c.php 第 124 行.
[ 2011-11-13T16:55:17-05:00 ] SQL: SHOW COLUMNS FROM `ry_page` [ RunTime:0.009289s ]
[ 2011-11-13T16:55:17-05:00 ] SQL: SELECT COUNT(*) AS tp_count FROM `ry_page` LIMIT 1  [ RunTime:0.000938s ]
[ 2011-11-13T16:55:17-05:00 ] SQL: SELECT * FROM `ry_page` LIMIT 0,25  [ RunTime:0.001298s ]
[ 2011-11-13T16:55:17-05:00 ] NOTIC: [8] Undefined index: info 54042c11aa449cd5c6bb37d6a4c6f773.php 第 110 行.
[ 2011-11-13T16:55:17-05:00 ] NOTIC: [8] Undefined index: info 54042c11aa449cd5c6bb37d6a4c6f773.php 第 110 行.
[ 2011-11-13T16:55:20-05:00 ] SQL: SHOW COLUMNS FROM `ry_users` [ RunTime:0.007455s ]
[ 2011-11-13T16:55:20-05:00 ] SQL: SELECT COUNT(*) AS tp_count FROM `ry_users` LIMIT 1  [ RunTime:0.000723s ]
[ 2011-11-13T16:55:20-05:00 ] SQL: SELECT * FROM `ry_users` LIMIT 0,25  [ RunTime:0.000821s ]
[ 2011-11-13T16:55:20-05:00 ] NOTIC: [8] Undefined index: info 1282e97849dec9495baef5755c79259c.php 第 110 行.
[ 2011-11-13T16:55:20-05:00 ] NOTIC: [8] Undefined index: info 1282e97849dec9495baef5755c79259c.php 第 110 行.
[ 2011-11-13T16:55:20-05:00 ] NOTIC: [8] Undefined index: uid 1282e97849dec9495baef5755c79259c.php 第 124 行.
[ 2011-11-13T16:55:24-05:00 ] SQL: SHOW COLUMNS FROM `ry_users` [ RunTime:0.009500s ]
[ 2011-11-13T16:55:24-05:00 ] NOTIC: [8] Undefined variable: msg 3b07957a53ccb31105e96f96aaa794c8.php 第 45 行.
[ 2011-11-13T16:55:24-05:00 ] NOTIC: [8] Undefined variable: msg 3b07957a53ccb31105e96f96aaa794c8.php 第 110 行.
[ 2011-11-13T16:55:24-05:00 ] NOTIC: [8] Undefined variable: msg 3b07957a53ccb31105e96f96aaa794c8.php 第 110 行.
