[ 2011-12-10T13:08:56-05:00 ] SQL: SHOW COLUMNS FROM `ry_users` [ RunTime:0.011843s ]
[ 2011-12-10T13:08:59-05:00 ] SQL: SHOW COLUMNS FROM `ry_users` [ RunTime:0.003963s ]
[ 2011-12-10T13:08:59-05:00 ] SQL: SELECT COUNT(*) AS tp_count FROM `ry_users` WHERE ( `user_name` = 'admin' ) AND ( `user_password` = 'e10adc3949ba59abbe56e057f20f883e' ) LIMIT 1  [ RunTime:0.004302s ]
[ 2011-12-10T13:08:59-05:00 ] SQL: SELECT * FROM `ry_users` WHERE ( `user_name` = 'admin' ) AND ( `user_password` = 'e10adc3949ba59abbe56e057f20f883e' ) LIMIT 1  [ RunTime:0.000296s ]
[ 2011-12-10T13:09:00-05:00 ] SQL: SHOW COLUMNS FROM `ry_users` [ RunTime:0.004315s ]
[ 2011-12-10T13:09:00-05:00 ] NOTIC: [8] Undefined variable: msg 3b07957a53ccb31105e96f96aaa794c8.php 第 45 行.
[ 2011-12-10T13:09:00-05:00 ] NOTIC: [8] Undefined variable: msg 3b07957a53ccb31105e96f96aaa794c8.php 第 110 行.
[ 2011-12-10T13:09:00-05:00 ] NOTIC: [8] Undefined variable: msg 3b07957a53ccb31105e96f96aaa794c8.php 第 110 行.
[ 2011-12-10T13:09:07-05:00 ] SQL: SHOW COLUMNS FROM `ry_post_cat` [ RunTime:0.004441s ]
[ 2011-12-10T13:09:07-05:00 ] SQL: SELECT * FROM `ry_post_cat` ORDER BY parent_id asc [ RunTime:0.000322s ]
[ 2011-12-10T13:09:07-05:00 ] SQL: SELECT * FROM `ry_post_cat` WHERE cat_id=0 LIMIT 1  [ RunTime:0.000261s ]
[ 2011-12-10T13:09:07-05:00 ] SQL: SELECT * FROM `ry_post_cat` WHERE cat_id=2 LIMIT 1  [ RunTime:0.000197s ]
[ 2011-12-10T13:09:07-05:00 ] NOTIC: [8] Undefined variable: msg 85b9432bdf2835f77a9d15c310356022.php 第 45 行.
[ 2011-12-10T13:09:07-05:00 ] NOTIC: [8] Undefined variable: msg 85b9432bdf2835f77a9d15c310356022.php 第 110 行.
[ 2011-12-10T13:09:07-05:00 ] NOTIC: [8] Undefined variable: msg 85b9432bdf2835f77a9d15c310356022.php 第 110 行.
[ 2011-12-10T13:09:09-05:00 ] SQL: SHOW COLUMNS FROM `ry_products_cat` [ RunTime:0.003969s ]
[ 2011-12-10T13:09:09-05:00 ] SQL: SELECT * FROM `ry_products_cat` ORDER BY parent_id asc [ RunTime:0.000604s ]
[ 2011-12-10T13:09:09-05:00 ] SQL: SELECT * FROM `ry_products_cat` WHERE cat_id=0 LIMIT 1  [ RunTime:0.000250s ]
[ 2011-12-10T13:09:09-05:00 ] SQL: SELECT * FROM `ry_products_cat` WHERE cat_id=67 LIMIT 1  [ RunTime:0.000186s ]
[ 2011-12-10T13:09:09-05:00 ] SQL: SELECT * FROM `ry_products_cat` WHERE cat_id=37 LIMIT 1  [ RunTime:0.000169s ]
[ 2011-12-10T13:09:09-05:00 ] SQL: SELECT * FROM `ry_products_cat` WHERE cat_id=36 LIMIT 1  [ RunTime:0.000180s ]
[ 2011-12-10T13:09:09-05:00 ] SQL: SELECT * FROM `ry_products_cat` WHERE cat_id=35 LIMIT 1  [ RunTime:0.000160s ]
[ 2011-12-10T13:09:09-05:00 ] SQL: SELECT * FROM `ry_products_cat` WHERE cat_id=34 LIMIT 1  [ RunTime:0.000166s ]
[ 2011-12-10T13:09:09-05:00 ] SQL: SELECT * FROM `ry_products_cat` WHERE cat_id=33 LIMIT 1  [ RunTime:0.000169s ]
[ 2011-12-10T13:09:09-05:00 ] SQL: SELECT * FROM `ry_products_cat` WHERE cat_id=32 LIMIT 1  [ RunTime:0.000165s ]
[ 2011-12-10T13:09:09-05:00 ] SQL: SELECT * FROM `ry_products_cat` WHERE cat_id=31 LIMIT 1  [ RunTime:0.000162s ]
[ 2011-12-10T13:09:09-05:00 ] SQL: SELECT * FROM `ry_products_cat` WHERE cat_id=30 LIMIT 1  [ RunTime:0.000165s ]
[ 2011-12-10T13:09:09-05:00 ] SQL: SELECT * FROM `ry_products_cat` WHERE cat_id=38 LIMIT 1  [ RunTime:0.000164s ]
[ 2011-12-10T13:09:09-05:00 ] SQL: SELECT * FROM `ry_products_cat` WHERE cat_id=39 LIMIT 1  [ RunTime:0.000167s ]
[ 2011-12-10T13:09:09-05:00 ] SQL: SELECT * FROM `ry_products_cat` WHERE cat_id=40 LIMIT 1  [ RunTime:0.000160s ]
[ 2011-12-10T13:09:09-05:00 ] SQL: SELECT * FROM `ry_products_cat` WHERE cat_id=48 LIMIT 1  [ RunTime:0.000215s ]
[ 2011-12-10T13:09:09-05:00 ] SQL: SELECT * FROM `ry_products_cat` WHERE cat_id=47 LIMIT 1  [ RunTime:0.000342s ]
[ 2011-12-10T13:09:09-05:00 ] SQL: SELECT * FROM `ry_products_cat` WHERE cat_id=46 LIMIT 1  [ RunTime:0.000340s ]
[ 2011-12-10T13:09:09-05:00 ] SQL: SELECT * FROM `ry_products_cat` WHERE cat_id=45 LIMIT 1  [ RunTime:0.000209s ]
[ 2011-12-10T13:09:09-05:00 ] SQL: SELECT * FROM `ry_products_cat` WHERE cat_id=44 LIMIT 1  [ RunTime:0.000178s ]
[ 2011-12-10T13:09:09-05:00 ] SQL: SELECT * FROM `ry_products_cat` WHERE cat_id=43 LIMIT 1  [ RunTime:0.000175s ]
[ 2011-12-10T13:09:09-05:00 ] SQL: SELECT * FROM `ry_products_cat` WHERE cat_id=42 LIMIT 1  [ RunTime:0.000177s ]
[ 2011-12-10T13:09:09-05:00 ] SQL: SELECT * FROM `ry_products_cat` WHERE cat_id=41 LIMIT 1  [ RunTime:0.000198s ]
[ 2011-12-10T13:09:09-05:00 ] SQL: SELECT * FROM `ry_products_cat` WHERE cat_id=29 LIMIT 1  [ RunTime:0.000179s ]
[ 2011-12-10T13:09:09-05:00 ] SQL: SELECT * FROM `ry_products_cat` WHERE cat_id=28 LIMIT 1  [ RunTime:0.000171s ]
[ 2011-12-10T13:09:09-05:00 ] SQL: SELECT * FROM `ry_products_cat` WHERE cat_id=27 LIMIT 1  [ RunTime:0.000178s ]
[ 2011-12-10T13:09:09-05:00 ] SQL: SELECT * FROM `ry_products_cat` WHERE cat_id=14 LIMIT 1  [ RunTime:0.000174s ]
[ 2011-12-10T13:09:09-05:00 ] SQL: SELECT * FROM `ry_products_cat` WHERE cat_id=13 LIMIT 1  [ RunTime:0.000174s ]
[ 2011-12-10T13:09:09-05:00 ] SQL: SELECT * FROM `ry_products_cat` WHERE cat_id=12 LIMIT 1  [ RunTime:0.000161s ]
[ 2011-12-10T13:09:09-05:00 ] SQL: SELECT * FROM `ry_products_cat` WHERE cat_id=11 LIMIT 1  [ RunTime:0.000284s ]
[ 2011-12-10T13:09:09-05:00 ] SQL: SELECT * FROM `ry_products_cat` WHERE cat_id=10 LIMIT 1  [ RunTime:0.000206s ]
[ 2011-12-10T13:09:09-05:00 ] SQL: SELECT * FROM `ry_products_cat` WHERE cat_id=62 LIMIT 1  [ RunTime:0.000180s ]
[ 2011-12-10T13:09:09-05:00 ] SQL: SELECT * FROM `ry_products_cat` WHERE cat_id=64 LIMIT 1  [ RunTime:0.000170s ]
[ 2011-12-10T13:09:09-05:00 ] SQL: SELECT * FROM `ry_products_cat` WHERE cat_id=65 LIMIT 1  [ RunTime:0.000176s ]
[ 2011-12-10T13:09:09-05:00 ] SQL: SELECT * FROM `ry_products_cat` WHERE cat_id=66 LIMIT 1  [ RunTime:0.000170s ]
[ 2011-12-10T13:09:09-05:00 ] SQL: SELECT * FROM `ry_products_cat` WHERE cat_id=63 LIMIT 1  [ RunTime:0.000173s ]
[ 2011-12-10T13:09:09-05:00 ] SQL: SELECT * FROM `ry_products_cat` WHERE cat_id=9 LIMIT 1  [ RunTime:0.000165s ]
[ 2011-12-10T13:09:09-05:00 ] SQL: SELECT * FROM `ry_products_cat` WHERE cat_id=61 LIMIT 1  [ RunTime:0.000172s ]
[ 2011-12-10T13:09:09-05:00 ] SQL: SELECT * FROM `ry_products_cat` WHERE cat_id=59 LIMIT 1  [ RunTime:0.000161s ]
[ 2011-12-10T13:09:09-05:00 ] SQL: SELECT * FROM `ry_products_cat` WHERE cat_id=58 LIMIT 1  [ RunTime:0.000173s ]
[ 2011-12-10T13:09:09-05:00 ] SQL: SELECT * FROM `ry_products_cat` WHERE cat_id=57 LIMIT 1  [ RunTime:0.000164s ]
[ 2011-12-10T13:09:09-05:00 ] SQL: SELECT * FROM `ry_products_cat` WHERE cat_id=60 LIMIT 1  [ RunTime:0.000186s ]
[ 2011-12-10T13:09:09-05:00 ] SQL: SELECT * FROM `ry_products_cat` WHERE cat_id=54 LIMIT 1  [ RunTime:0.000171s ]
[ 2011-12-10T13:09:09-05:00 ] SQL: SELECT * FROM `ry_products_cat` WHERE cat_id=55 LIMIT 1  [ RunTime:0.000192s ]
[ 2011-12-10T13:09:09-05:00 ] SQL: SELECT * FROM `ry_products_cat` WHERE cat_id=56 LIMIT 1  [ RunTime:0.000285s ]
[ 2011-12-10T13:09:09-05:00 ] SQL: SELECT * FROM `ry_products_cat` WHERE cat_id=8 LIMIT 1  [ RunTime:0.000196s ]
[ 2011-12-10T13:09:09-05:00 ] SQL: SELECT * FROM `ry_products_cat` WHERE cat_id=49 LIMIT 1  [ RunTime:0.000202s ]
[ 2011-12-10T13:09:09-05:00 ] SQL: SELECT * FROM `ry_products_cat` WHERE cat_id=50 LIMIT 1  [ RunTime:0.000243s ]
[ 2011-12-10T13:09:09-05:00 ] SQL: SELECT * FROM `ry_products_cat` WHERE cat_id=51 LIMIT 1  [ RunTime:0.000185s ]
[ 2011-12-10T13:09:09-05:00 ] SQL: SELECT * FROM `ry_products_cat` WHERE cat_id=52 LIMIT 1  [ RunTime:0.000174s ]
[ 2011-12-10T13:09:09-05:00 ] SQL: SELECT * FROM `ry_products_cat` WHERE cat_id=53 LIMIT 1  [ RunTime:0.000184s ]
[ 2011-12-10T13:09:09-05:00 ] SQL: SELECT * FROM `ry_products_cat` WHERE cat_id=17 LIMIT 1  [ RunTime:0.000175s ]
[ 2011-12-10T13:09:09-05:00 ] SQL: SELECT * FROM `ry_products_cat` WHERE cat_id=15 LIMIT 1  [ RunTime:0.000175s ]
[ 2011-12-10T13:09:09-05:00 ] SQL: SELECT * FROM `ry_products_cat` WHERE cat_id=16 LIMIT 1  [ RunTime:0.000175s ]
[ 2011-12-10T13:09:09-05:00 ] SQL: SELECT * FROM `ry_products_cat` WHERE cat_id=26 LIMIT 1  [ RunTime:0.000170s ]
[ 2011-12-10T13:09:09-05:00 ] SQL: SELECT * FROM `ry_products_cat` WHERE cat_id=25 LIMIT 1  [ RunTime:0.000173s ]
[ 2011-12-10T13:09:09-05:00 ] SQL: SELECT * FROM `ry_products_cat` WHERE cat_id=24 LIMIT 1  [ RunTime:0.000169s ]
[ 2011-12-10T13:09:09-05:00 ] SQL: SELECT * FROM `ry_products_cat` WHERE cat_id=23 LIMIT 1  [ RunTime:0.000281s ]
[ 2011-12-10T13:09:09-05:00 ] SQL: SELECT * FROM `ry_products_cat` WHERE cat_id=22 LIMIT 1  [ RunTime:0.000197s ]
[ 2011-12-10T13:09:09-05:00 ] SQL: SELECT * FROM `ry_products_cat` WHERE cat_id=21 LIMIT 1  [ RunTime:0.000183s ]
[ 2011-12-10T13:09:09-05:00 ] SQL: SELECT * FROM `ry_products_cat` WHERE cat_id=20 LIMIT 1  [ RunTime:0.000162s ]
[ 2011-12-10T13:09:09-05:00 ] SQL: SELECT * FROM `ry_products_cat` WHERE cat_id=19 LIMIT 1  [ RunTime:0.000171s ]
[ 2011-12-10T13:09:09-05:00 ] SQL: SELECT * FROM `ry_products_cat` WHERE cat_id=18 LIMIT 1  [ RunTime:0.000174s ]
[ 2011-12-10T13:09:09-05:00 ] NOTIC: [8] Undefined variable: msg 54d61eb4eafecfef775e4a103813da8e.php 第 45 行.
[ 2011-12-10T13:09:09-05:00 ] NOTIC: [8] Undefined variable: msg 54d61eb4eafecfef775e4a103813da8e.php 第 110 行.
[ 2011-12-10T13:09:09-05:00 ] NOTIC: [8] Undefined variable: msg 54d61eb4eafecfef775e4a103813da8e.php 第 110 行.
[ 2011-12-10T13:09:15-05:00 ] SQL: SHOW COLUMNS FROM `ry_post_cat` [ RunTime:0.003699s ]
[ 2011-12-10T13:09:15-05:00 ] SQL: SELECT * FROM `ry_post_cat` ORDER BY parent_id asc [ RunTime:0.000257s ]
[ 2011-12-10T13:09:15-05:00 ] SQL: SELECT * FROM `ry_post_cat` WHERE cat_id=0 LIMIT 1  [ RunTime:0.000199s ]
[ 2011-12-10T13:09:15-05:00 ] SQL: SELECT * FROM `ry_post_cat` WHERE cat_id=2 LIMIT 1  [ RunTime:0.000177s ]
[ 2011-12-10T13:09:15-05:00 ] NOTIC: [8] Undefined variable: msg 85b9432bdf2835f77a9d15c310356022.php 第 45 行.
[ 2011-12-10T13:09:15-05:00 ] NOTIC: [8] Undefined variable: msg 85b9432bdf2835f77a9d15c310356022.php 第 110 行.
[ 2011-12-10T13:09:15-05:00 ] NOTIC: [8] Undefined variable: msg 85b9432bdf2835f77a9d15c310356022.php 第 110 行.
[ 2011-12-10T13:09:19-05:00 ] SQL: SHOW COLUMNS FROM `ry_post` [ RunTime:0.024722s ]
[ 2011-12-10T13:09:19-05:00 ] SQL: SELECT COUNT(*) AS tp_count FROM `ry_post` LIMIT 1  [ RunTime:0.000477s ]
[ 2011-12-10T13:09:19-05:00 ] SQL: SELECT * FROM `ry_post` LIMIT 0,25  [ RunTime:0.000418s ]
[ 2011-12-10T13:09:19-05:00 ] NOTIC: [8] Undefined index: info 46f626855fb1bfaf18777d0009818860.php 第 110 行.
[ 2011-12-10T13:09:19-05:00 ] NOTIC: [8] Undefined index: info 46f626855fb1bfaf18777d0009818860.php 第 110 行.
[ 2011-12-10T13:09:19-05:00 ] NOTIC: [8] Undefined index: tb_page 46f626855fb1bfaf18777d0009818860.php 第 144 行.
[ 2011-12-10T13:09:22-05:00 ] SQL: SHOW COLUMNS FROM `ry_page` [ RunTime:0.004682s ]
[ 2011-12-10T13:09:22-05:00 ] NOTIC: [8] Undefined variable: msg 70e1c7cbb29322ca9a63d17d138b2dd0.php 第 45 行.
[ 2011-12-10T13:09:22-05:00 ] NOTIC: [8] Undefined variable: msg 70e1c7cbb29322ca9a63d17d138b2dd0.php 第 110 行.
[ 2011-12-10T13:09:22-05:00 ] NOTIC: [8] Undefined variable: msg 70e1c7cbb29322ca9a63d17d138b2dd0.php 第 110 行.
[ 2011-12-10T13:09:25-05:00 ] SQL: SHOW COLUMNS FROM `ry_post_cat` [ RunTime:0.003957s ]
[ 2011-12-10T13:09:25-05:00 ] SQL: SELECT * FROM `ry_post_cat` ORDER BY parent_id asc [ RunTime:0.000302s ]
[ 2011-12-10T13:09:25-05:00 ] SQL: SELECT * FROM `ry_post_cat` WHERE cat_id=0 LIMIT 1  [ RunTime:0.000209s ]
[ 2011-12-10T13:09:25-05:00 ] SQL: SELECT * FROM `ry_post_cat` WHERE cat_id=2 LIMIT 1  [ RunTime:0.000167s ]
[ 2011-12-10T13:09:25-05:00 ] NOTIC: [8] Undefined variable: msg 85b9432bdf2835f77a9d15c310356022.php 第 45 行.
[ 2011-12-10T13:09:25-05:00 ] NOTIC: [8] Undefined variable: msg 85b9432bdf2835f77a9d15c310356022.php 第 110 行.
[ 2011-12-10T13:09:25-05:00 ] NOTIC: [8] Undefined variable: msg 85b9432bdf2835f77a9d15c310356022.php 第 110 行.
[ 2011-12-10T13:09:32-05:00 ] SQL: SHOW COLUMNS FROM `ry_product` [ RunTime:0.003275s ]
[ 2011-12-10T13:09:32-05:00 ] SQL: SELECT * FROM `ry_product` [ RunTime:0.000330s ]
[ 2011-12-10T13:09:32-05:00 ] NOTIC: [8] Undefined index: info f3fff2b5c97ac42f78439ba97dbcdcda.php 第 110 行.
[ 2011-12-10T13:09:32-05:00 ] NOTIC: [8] Undefined index: info f3fff2b5c97ac42f78439ba97dbcdcda.php 第 110 行.
[ 2011-12-10T13:09:32-05:00 ] NOTIC: [8] Undefined index: cat_id f3fff2b5c97ac42f78439ba97dbcdcda.php 第 121 行.
[ 2011-12-10T13:09:32-05:00 ] NOTIC: [8] Undefined index: productsCatLang f3fff2b5c97ac42f78439ba97dbcdcda.php 第 131 行.
[ 2011-12-10T13:09:34-05:00 ] SQL: SHOW COLUMNS FROM `ry_products_cat` [ RunTime:0.004462s ]
[ 2011-12-10T13:09:34-05:00 ] SQL: SELECT * FROM `ry_products_cat` ORDER BY parent_id asc [ RunTime:0.000729s ]
[ 2011-12-10T13:09:34-05:00 ] SQL: SELECT * FROM `ry_products_cat` WHERE cat_id=0 LIMIT 1  [ RunTime:0.000367s ]
[ 2011-12-10T13:09:34-05:00 ] SQL: SELECT * FROM `ry_products_cat` WHERE cat_id=67 LIMIT 1  [ RunTime:0.000296s ]
[ 2011-12-10T13:09:34-05:00 ] SQL: SELECT * FROM `ry_products_cat` WHERE cat_id=37 LIMIT 1  [ RunTime:0.000269s ]
[ 2011-12-10T13:09:34-05:00 ] SQL: SELECT * FROM `ry_products_cat` WHERE cat_id=36 LIMIT 1  [ RunTime:0.000193s ]
[ 2011-12-10T13:09:34-05:00 ] SQL: SELECT * FROM `ry_products_cat` WHERE cat_id=35 LIMIT 1  [ RunTime:0.000182s ]
[ 2011-12-10T13:09:34-05:00 ] SQL: SELECT * FROM `ry_products_cat` WHERE cat_id=34 LIMIT 1  [ RunTime:0.000170s ]
[ 2011-12-10T13:09:34-05:00 ] SQL: SELECT * FROM `ry_products_cat` WHERE cat_id=33 LIMIT 1  [ RunTime:0.000178s ]
[ 2011-12-10T13:09:34-05:00 ] SQL: SELECT * FROM `ry_products_cat` WHERE cat_id=32 LIMIT 1  [ RunTime:0.000189s ]
[ 2011-12-10T13:09:34-05:00 ] SQL: SELECT * FROM `ry_products_cat` WHERE cat_id=31 LIMIT 1  [ RunTime:0.000177s ]
[ 2011-12-10T13:09:34-05:00 ] SQL: SELECT * FROM `ry_products_cat` WHERE cat_id=30 LIMIT 1  [ RunTime:0.000177s ]
[ 2011-12-10T13:09:34-05:00 ] SQL: SELECT * FROM `ry_products_cat` WHERE cat_id=38 LIMIT 1  [ RunTime:0.000182s ]
[ 2011-12-10T13:09:34-05:00 ] SQL: SELECT * FROM `ry_products_cat` WHERE cat_id=39 LIMIT 1  [ RunTime:0.000176s ]
[ 2011-12-10T13:09:34-05:00 ] SQL: SELECT * FROM `ry_products_cat` WHERE cat_id=40 LIMIT 1  [ RunTime:0.000173s ]
[ 2011-12-10T13:09:34-05:00 ] SQL: SELECT * FROM `ry_products_cat` WHERE cat_id=48 LIMIT 1  [ RunTime:0.000176s ]
[ 2011-12-10T13:09:34-05:00 ] SQL: SELECT * FROM `ry_products_cat` WHERE cat_id=47 LIMIT 1  [ RunTime:0.000207s ]
[ 2011-12-10T13:09:34-05:00 ] SQL: SELECT * FROM `ry_products_cat` WHERE cat_id=46 LIMIT 1  [ RunTime:0.000184s ]
[ 2011-12-10T13:09:34-05:00 ] SQL: SELECT * FROM `ry_products_cat` WHERE cat_id=45 LIMIT 1  [ RunTime:0.000195s ]
[ 2011-12-10T13:09:34-05:00 ] SQL: SELECT * FROM `ry_products_cat` WHERE cat_id=44 LIMIT 1  [ RunTime:0.000190s ]
[ 2011-12-10T13:09:34-05:00 ] SQL: SELECT * FROM `ry_products_cat` WHERE cat_id=43 LIMIT 1  [ RunTime:0.000195s ]
[ 2011-12-10T13:09:34-05:00 ] SQL: SELECT * FROM `ry_products_cat` WHERE cat_id=42 LIMIT 1  [ RunTime:0.000182s ]
[ 2011-12-10T13:09:34-05:00 ] SQL: SELECT * FROM `ry_products_cat` WHERE cat_id=41 LIMIT 1  [ RunTime:0.000173s ]
[ 2011-12-10T13:09:34-05:00 ] SQL: SELECT * FROM `ry_products_cat` WHERE cat_id=29 LIMIT 1  [ RunTime:0.000248s ]
[ 2011-12-10T13:09:34-05:00 ] SQL: SELECT * FROM `ry_products_cat` WHERE cat_id=28 LIMIT 1  [ RunTime:0.000195s ]
[ 2011-12-10T13:09:34-05:00 ] SQL: SELECT * FROM `ry_products_cat` WHERE cat_id=27 LIMIT 1  [ RunTime:0.000190s ]
[ 2011-12-10T13:09:34-05:00 ] SQL: SELECT * FROM `ry_products_cat` WHERE cat_id=14 LIMIT 1  [ RunTime:0.000176s ]
[ 2011-12-10T13:09:34-05:00 ] SQL: SELECT * FROM `ry_products_cat` WHERE cat_id=13 LIMIT 1  [ RunTime:0.000182s ]
[ 2011-12-10T13:09:34-05:00 ] SQL: SELECT * FROM `ry_products_cat` WHERE cat_id=12 LIMIT 1  [ RunTime:0.000164s ]
[ 2011-12-10T13:09:34-05:00 ] SQL: SELECT * FROM `ry_products_cat` WHERE cat_id=11 LIMIT 1  [ RunTime:0.000178s ]
[ 2011-12-10T13:09:34-05:00 ] SQL: SELECT * FROM `ry_products_cat` WHERE cat_id=10 LIMIT 1  [ RunTime:0.000173s ]
[ 2011-12-10T13:09:34-05:00 ] SQL: SELECT * FROM `ry_products_cat` WHERE cat_id=62 LIMIT 1  [ RunTime:0.000228s ]
[ 2011-12-10T13:09:34-05:00 ] SQL: SELECT * FROM `ry_products_cat` WHERE cat_id=64 LIMIT 1  [ RunTime:0.000249s ]
[ 2011-12-10T13:09:34-05:00 ] SQL: SELECT * FROM `ry_products_cat` WHERE cat_id=65 LIMIT 1  [ RunTime:0.000183s ]
[ 2011-12-10T13:09:34-05:00 ] SQL: SELECT * FROM `ry_products_cat` WHERE cat_id=66 LIMIT 1  [ RunTime:0.000186s ]
[ 2011-12-10T13:09:34-05:00 ] SQL: SELECT * FROM `ry_products_cat` WHERE cat_id=63 LIMIT 1  [ RunTime:0.000177s ]
[ 2011-12-10T13:09:34-05:00 ] SQL: SELECT * FROM `ry_products_cat` WHERE cat_id=9 LIMIT 1  [ RunTime:0.000177s ]
[ 2011-12-10T13:09:34-05:00 ] SQL: SELECT * FROM `ry_products_cat` WHERE cat_id=61 LIMIT 1  [ RunTime:0.000279s ]
[ 2011-12-10T13:09:34-05:00 ] SQL: SELECT * FROM `ry_products_cat` WHERE cat_id=59 LIMIT 1  [ RunTime:0.000187s ]
[ 2011-12-10T13:09:34-05:00 ] SQL: SELECT * FROM `ry_products_cat` WHERE cat_id=58 LIMIT 1  [ RunTime:0.000203s ]
[ 2011-12-10T13:09:34-05:00 ] SQL: SELECT * FROM `ry_products_cat` WHERE cat_id=57 LIMIT 1  [ RunTime:0.000174s ]
[ 2011-12-10T13:09:34-05:00 ] SQL: SELECT * FROM `ry_products_cat` WHERE cat_id=60 LIMIT 1  [ RunTime:0.000193s ]
[ 2011-12-10T13:09:34-05:00 ] SQL: SELECT * FROM `ry_products_cat` WHERE cat_id=54 LIMIT 1  [ RunTime:0.000171s ]
[ 2011-12-10T13:09:34-05:00 ] SQL: SELECT * FROM `ry_products_cat` WHERE cat_id=55 LIMIT 1  [ RunTime:0.000184s ]
[ 2011-12-10T13:09:34-05:00 ] SQL: SELECT * FROM `ry_products_cat` WHERE cat_id=56 LIMIT 1  [ RunTime:0.000180s ]
[ 2011-12-10T13:09:34-05:00 ] SQL: SELECT * FROM `ry_products_cat` WHERE cat_id=8 LIMIT 1  [ RunTime:0.000165s ]
[ 2011-12-10T13:09:34-05:00 ] SQL: SELECT * FROM `ry_products_cat` WHERE cat_id=49 LIMIT 1  [ RunTime:0.000177s ]
[ 2011-12-10T13:09:34-05:00 ] SQL: SELECT * FROM `ry_products_cat` WHERE cat_id=50 LIMIT 1  [ RunTime:0.000172s ]
[ 2011-12-10T13:09:34-05:00 ] SQL: SELECT * FROM `ry_products_cat` WHERE cat_id=51 LIMIT 1  [ RunTime:0.000227s ]
[ 2011-12-10T13:09:34-05:00 ] SQL: SELECT * FROM `ry_products_cat` WHERE cat_id=52 LIMIT 1  [ RunTime:0.000175s ]
[ 2011-12-10T13:09:34-05:00 ] SQL: SELECT * FROM `ry_products_cat` WHERE cat_id=53 LIMIT 1  [ RunTime:0.000178s ]
[ 2011-12-10T13:09:34-05:00 ] SQL: SELECT * FROM `ry_products_cat` WHERE cat_id=17 LIMIT 1  [ RunTime:0.000156s ]
[ 2011-12-10T13:09:34-05:00 ] SQL: SELECT * FROM `ry_products_cat` WHERE cat_id=15 LIMIT 1  [ RunTime:0.000174s ]
[ 2011-12-10T13:09:34-05:00 ] SQL: SELECT * FROM `ry_products_cat` WHERE cat_id=16 LIMIT 1  [ RunTime:0.000164s ]
[ 2011-12-10T13:09:34-05:00 ] SQL: SELECT * FROM `ry_products_cat` WHERE cat_id=26 LIMIT 1  [ RunTime:0.000348s ]
[ 2011-12-10T13:09:34-05:00 ] SQL: SELECT * FROM `ry_products_cat` WHERE cat_id=25 LIMIT 1  [ RunTime:0.000205s ]
[ 2011-12-10T13:09:34-05:00 ] SQL: SELECT * FROM `ry_products_cat` WHERE cat_id=24 LIMIT 1  [ RunTime:0.000165s ]
[ 2011-12-10T13:09:34-05:00 ] SQL: SELECT * FROM `ry_products_cat` WHERE cat_id=23 LIMIT 1  [ RunTime:0.000175s ]
[ 2011-12-10T13:09:34-05:00 ] SQL: SELECT * FROM `ry_products_cat` WHERE cat_id=22 LIMIT 1  [ RunTime:0.000182s ]
[ 2011-12-10T13:09:34-05:00 ] SQL: SELECT * FROM `ry_products_cat` WHERE cat_id=21 LIMIT 1  [ RunTime:0.000184s ]
[ 2011-12-10T13:09:34-05:00 ] SQL: SELECT * FROM `ry_products_cat` WHERE cat_id=20 LIMIT 1  [ RunTime:0.000166s ]
[ 2011-12-10T13:09:34-05:00 ] SQL: SELECT * FROM `ry_products_cat` WHERE cat_id=19 LIMIT 1  [ RunTime:0.000182s ]
[ 2011-12-10T13:09:34-05:00 ] SQL: SELECT * FROM `ry_products_cat` WHERE cat_id=18 LIMIT 1  [ RunTime:0.000186s ]
[ 2011-12-10T13:09:34-05:00 ] NOTIC: [8] Undefined variable: msg 54d61eb4eafecfef775e4a103813da8e.php 第 45 行.
[ 2011-12-10T13:09:34-05:00 ] NOTIC: [8] Undefined variable: msg 54d61eb4eafecfef775e4a103813da8e.php 第 110 行.
[ 2011-12-10T13:09:34-05:00 ] NOTIC: [8] Undefined variable: msg 54d61eb4eafecfef775e4a103813da8e.php 第 110 行.
[ 2011-12-10T13:09:58-05:00 ] SQL: SHOW COLUMNS FROM `ry_products_cat` [ RunTime:0.003593s ]
[ 2011-12-10T13:09:58-05:00 ] SQL: SHOW COLUMNS FROM `ry_products_cat_lang` [ RunTime:0.003550s ]
[ 2011-12-10T13:09:58-05:00 ] SQL: SELECT * FROM `ry_products_cat` WHERE ( `cat_id` = '67' ) LIMIT 1  [ RunTime:0.000402s ]
[ 2011-12-10T13:09:58-05:00 ] SQL: SELECT * FROM `ry_products_cat_lang` WHERE ( `cat_id` = '67' ) [ RunTime:0.000379s ]
[ 2011-12-10T13:09:58-05:00 ] NOTIC: [8] Undefined index: info 04a0fd06e53e0cda368358ac495db46f.php 第 110 行.
[ 2011-12-10T13:09:58-05:00 ] NOTIC: [8] Undefined index: info 04a0fd06e53e0cda368358ac495db46f.php 第 110 行.
[ 2011-12-10T13:10:02-05:00 ] SQL: SHOW COLUMNS FROM `ry_products_cat` [ RunTime:0.003807s ]
[ 2011-12-10T13:10:02-05:00 ] SQL: SELECT * FROM `ry_products_cat` WHERE ( `is_show` = '1' ) ORDER BY parent_id asc [ RunTime:0.000617s ]
[ 2011-12-10T13:10:02-05:00 ] SQL: SELECT * FROM `ry_products_cat` WHERE ( `cat_id` = '37' ) LIMIT 1  [ RunTime:0.000399s ]
[ 2011-12-10T13:10:02-05:00 ] NOTIC: [8] Undefined variable: msg 5b1d4ccd6d731aad92baf79ff4862f1e.php 第 45 行.
[ 2011-12-10T13:10:02-05:00 ] NOTIC: [8] Undefined variable: msg 5b1d4ccd6d731aad92baf79ff4862f1e.php 第 110 行.
[ 2011-12-10T13:10:02-05:00 ] NOTIC: [8] Undefined variable: msg 5b1d4ccd6d731aad92baf79ff4862f1e.php 第 110 行.
[ 2011-12-10T13:10:11-05:00 ] SQL: SHOW COLUMNS FROM `ry_products_cat` [ RunTime:0.004040s ]
[ 2011-12-10T13:10:11-05:00 ] SQL: SELECT * FROM `ry_products_cat` WHERE ( `is_show` = '1' ) ORDER BY parent_id asc [ RunTime:0.000639s ]
[ 2011-12-10T13:10:11-05:00 ] SQL: SELECT * FROM `ry_products_cat` WHERE ( `cat_id` = '36' ) LIMIT 1  [ RunTime:0.000227s ]
[ 2011-12-10T13:10:11-05:00 ] NOTIC: [8] Undefined variable: msg 5b1d4ccd6d731aad92baf79ff4862f1e.php 第 45 行.
[ 2011-12-10T13:10:11-05:00 ] NOTIC: [8] Undefined variable: msg 5b1d4ccd6d731aad92baf79ff4862f1e.php 第 110 行.
[ 2011-12-10T13:10:11-05:00 ] NOTIC: [8] Undefined variable: msg 5b1d4ccd6d731aad92baf79ff4862f1e.php 第 110 行.
[ 2011-12-10T19:28:51-05:00 ] SQL: SHOW COLUMNS FROM `ry_users` [ RunTime:0.020835s ]
[ 2011-12-10T19:28:54-05:00 ] SQL: SHOW COLUMNS FROM `ry_users` [ RunTime:0.004184s ]
[ 2011-12-10T19:28:54-05:00 ] SQL: SELECT COUNT(*) AS tp_count FROM `ry_users` WHERE ( `user_name` = 'admin' ) AND ( `user_password` = 'e10adc3949ba59abbe56e057f20f883e' ) LIMIT 1  [ RunTime:0.038585s ]
[ 2011-12-10T19:28:54-05:00 ] SQL: SELECT * FROM `ry_users` WHERE ( `user_name` = 'admin' ) AND ( `user_password` = 'e10adc3949ba59abbe56e057f20f883e' ) LIMIT 1  [ RunTime:0.000426s ]
[ 2011-12-10T19:28:56-05:00 ] SQL: SHOW COLUMNS FROM `ry_users` [ RunTime:0.004852s ]
[ 2011-12-10T19:28:56-05:00 ] NOTIC: [8] Undefined variable: msg 3b07957a53ccb31105e96f96aaa794c8.php 第 45 行.
[ 2011-12-10T19:28:56-05:00 ] NOTIC: [8] Undefined variable: msg 3b07957a53ccb31105e96f96aaa794c8.php 第 110 行.
[ 2011-12-10T19:28:56-05:00 ] NOTIC: [8] Undefined variable: msg 3b07957a53ccb31105e96f96aaa794c8.php 第 110 行.
[ 2011-12-10T19:29:02-05:00 ] SQL: SHOW COLUMNS FROM `ry_page` [ RunTime:0.027630s ]
[ 2011-12-10T19:29:02-05:00 ] SQL: SELECT COUNT(*) AS tp_count FROM `ry_page` LIMIT 1  [ RunTime:0.000355s ]
[ 2011-12-10T19:29:02-05:00 ] SQL: SELECT * FROM `ry_page` LIMIT 0,25  [ RunTime:0.000370s ]
[ 2011-12-10T19:29:02-05:00 ] NOTIC: [8] Undefined index: info 54042c11aa449cd5c6bb37d6a4c6f773.php 第 110 行.
[ 2011-12-10T19:29:02-05:00 ] NOTIC: [8] Undefined index: info 54042c11aa449cd5c6bb37d6a4c6f773.php 第 110 行.
[ 2011-12-10T19:29:05-05:00 ] SQL: SHOW COLUMNS FROM `ry_post_cat` [ RunTime:0.018839s ]
[ 2011-12-10T19:29:05-05:00 ] SQL: SELECT * FROM `ry_post_cat` ORDER BY parent_id asc [ RunTime:0.000383s ]
[ 2011-12-10T19:29:05-05:00 ] SQL: SELECT * FROM `ry_post_cat` WHERE cat_id=0 LIMIT 1  [ RunTime:0.000253s ]
[ 2011-12-10T19:29:05-05:00 ] SQL: SELECT * FROM `ry_post_cat` WHERE cat_id=2 LIMIT 1  [ RunTime:0.000194s ]
[ 2011-12-10T19:29:05-05:00 ] NOTIC: [8] Undefined variable: msg 85b9432bdf2835f77a9d15c310356022.php 第 45 行.
[ 2011-12-10T19:29:05-05:00 ] NOTIC: [8] Undefined variable: msg 85b9432bdf2835f77a9d15c310356022.php 第 110 行.
[ 2011-12-10T19:29:05-05:00 ] NOTIC: [8] Undefined variable: msg 85b9432bdf2835f77a9d15c310356022.php 第 110 行.
[ 2011-12-10T19:29:08-05:00 ] SQL: SHOW COLUMNS FROM `ry_post_cat` [ RunTime:0.004555s ]
[ 2011-12-10T19:29:08-05:00 ] SQL: SELECT * FROM `ry_post_cat` WHERE ( `is_show` = '1' ) ORDER BY parent_id asc [ RunTime:0.000478s ]
[ 2011-12-10T19:29:08-05:00 ] NOTIC: [8] Undefined variable: msg 05d6ef71de242496dff887766dc82ee1.php 第 45 行.
[ 2011-12-10T19:29:08-05:00 ] NOTIC: [8] Undefined variable: msg 05d6ef71de242496dff887766dc82ee1.php 第 110 行.
[ 2011-12-10T19:29:08-05:00 ] NOTIC: [8] Undefined variable: msg 05d6ef71de242496dff887766dc82ee1.php 第 110 行.
[ 2011-12-10T20:21:39-05:00 ] SQL: SHOW COLUMNS FROM `ry_post` [ RunTime:0.005182s ]
[ 2011-12-10T20:21:39-05:00 ] SQL: SELECT COUNT(*) AS tp_count FROM `ry_post` LIMIT 1  [ RunTime:0.000277s ]
[ 2011-12-10T20:21:39-05:00 ] SQL: SELECT * FROM `ry_post` LIMIT 0,25  [ RunTime:0.000209s ]
[ 2011-12-10T20:21:39-05:00 ] NOTIC: [8] Undefined index: info 46f626855fb1bfaf18777d0009818860.php 第 110 行.
[ 2011-12-10T20:21:39-05:00 ] NOTIC: [8] Undefined index: info 46f626855fb1bfaf18777d0009818860.php 第 110 行.
[ 2011-12-10T20:21:39-05:00 ] NOTIC: [8] Undefined index: tb_page 46f626855fb1bfaf18777d0009818860.php 第 144 行.
[ 2011-12-10T20:22:54-05:00 ] SQL: SHOW COLUMNS FROM `ry_post` [ RunTime:0.004353s ]
[ 2011-12-10T20:22:54-05:00 ] SQL: SELECT COUNT(*) AS tp_count FROM `ry_post` LIMIT 1  [ RunTime:0.000295s ]
[ 2011-12-10T20:22:54-05:00 ] SQL: SELECT * FROM `ry_post` LIMIT 0,25  [ RunTime:0.000464s ]
[ 2011-12-10T20:22:54-05:00 ] NOTIC: [8] Undefined index: info 46f626855fb1bfaf18777d0009818860.php 第 110 行.
[ 2011-12-10T20:22:54-05:00 ] NOTIC: [8] Undefined index: info 46f626855fb1bfaf18777d0009818860.php 第 110 行.
[ 2011-12-10T20:22:54-05:00 ] NOTIC: [8] Undefined index: tb_page 46f626855fb1bfaf18777d0009818860.php 第 144 行.
[ 2011-12-10T20:24:28-05:00 ] SQL: SHOW COLUMNS FROM `ry_post` [ RunTime:0.004507s ]
[ 2011-12-10T20:24:28-05:00 ] SQL: SELECT COUNT(*) AS tp_count FROM `ry_post` LIMIT 1  [ RunTime:0.000291s ]
[ 2011-12-10T20:24:28-05:00 ] SQL: SELECT * FROM `ry_post` LIMIT 0,25  [ RunTime:0.000363s ]
[ 2011-12-10T20:24:28-05:00 ] NOTIC: [8] Undefined index: info 46f626855fb1bfaf18777d0009818860.php 第 110 行.
[ 2011-12-10T20:24:28-05:00 ] NOTIC: [8] Undefined index: info 46f626855fb1bfaf18777d0009818860.php 第 110 行.
[ 2011-12-10T20:27:25-05:00 ] SQL: SHOW COLUMNS FROM `ry_post` [ RunTime:0.005168s ]
[ 2011-12-10T20:27:25-05:00 ] SQL: SELECT COUNT(*) AS tp_count FROM `ry_post` LIMIT 1  [ RunTime:0.000306s ]
[ 2011-12-10T20:27:25-05:00 ] SQL: SELECT * FROM `ry_post` LIMIT 0,25  [ RunTime:0.000330s ]
[ 2011-12-10T20:27:25-05:00 ] NOTIC: [8] Undefined index: info 46f626855fb1bfaf18777d0009818860.php 第 110 行.
[ 2011-12-10T20:27:25-05:00 ] NOTIC: [8] Undefined index: info 46f626855fb1bfaf18777d0009818860.php 第 110 行.
[ 2011-12-10T20:29:16-05:00 ] SQL: SHOW COLUMNS FROM `ry_post` [ RunTime:0.004918s ]
[ 2011-12-10T20:29:16-05:00 ] SQL: SELECT COUNT(*) AS tp_count FROM `ry_post` LIMIT 1  [ RunTime:0.000272s ]
[ 2011-12-10T20:29:16-05:00 ] SQL: SELECT * FROM `ry_post` LIMIT 0,25  [ RunTime:0.000313s ]
[ 2011-12-10T20:29:16-05:00 ] NOTIC: [8] Undefined index: info 46f626855fb1bfaf18777d0009818860.php 第 110 行.
[ 2011-12-10T20:29:16-05:00 ] NOTIC: [8] Undefined index: info 46f626855fb1bfaf18777d0009818860.php 第 110 行.
[ 2011-12-10T20:29:19-05:00 ] SQL: SHOW COLUMNS FROM `ry_post` [ RunTime:0.004937s ]
[ 2011-12-10T20:29:19-05:00 ] NOTIC: [8] Undefined variable: msg 70e1c7cbb29322ca9a63d17d138b2dd0.php 第 45 行.
[ 2011-12-10T20:29:19-05:00 ] NOTIC: [8] Undefined variable: msg 70e1c7cbb29322ca9a63d17d138b2dd0.php 第 110 行.
[ 2011-12-10T20:29:19-05:00 ] NOTIC: [8] Undefined variable: msg 70e1c7cbb29322ca9a63d17d138b2dd0.php 第 110 行.
[ 2011-12-10T20:30:41-05:00 ] SQL: SHOW COLUMNS FROM `ry_post` [ RunTime:0.005197s ]
[ 2011-12-10T20:30:41-05:00 ] NOTIC: [8] Undefined variable: msg 70e1c7cbb29322ca9a63d17d138b2dd0.php 第 45 行.
[ 2011-12-10T20:30:41-05:00 ] NOTIC: [8] Undefined variable: msg 70e1c7cbb29322ca9a63d17d138b2dd0.php 第 110 行.
[ 2011-12-10T20:30:41-05:00 ] NOTIC: [8] Undefined variable: msg 70e1c7cbb29322ca9a63d17d138b2dd0.php 第 110 行.
[ 2011-12-10T20:30:57-05:00 ] SQL: SHOW COLUMNS FROM `ry_post` [ RunTime:0.004744s ]
[ 2011-12-10T20:30:57-05:00 ] NOTIC: [8] Undefined variable: msg 70e1c7cbb29322ca9a63d17d138b2dd0.php 第 45 行.
[ 2011-12-10T20:30:57-05:00 ] NOTIC: [8] Undefined variable: msg 70e1c7cbb29322ca9a63d17d138b2dd0.php 第 110 行.
[ 2011-12-10T20:30:57-05:00 ] NOTIC: [8] Undefined variable: msg 70e1c7cbb29322ca9a63d17d138b2dd0.php 第 110 行.
