[ 2011-12-26T20:50:28-05:00 ] SQL: SHOW COLUMNS FROM `ry_users` [ RunTime:0.026369s ]
[ 2011-12-26T20:50:33-05:00 ] SQL: SHOW COLUMNS FROM `ry_users` [ RunTime:0.004090s ]
[ 2011-12-26T20:50:33-05:00 ] SQL: SELECT COUNT(*) AS tp_count FROM `ry_users` WHERE ( `user_name` = 'admin' ) AND ( `user_password` = 'e10adc3949ba59abbe56e057f20f883e' ) LIMIT 1  [ RunTime:0.000474s ]
[ 2011-12-26T20:50:33-05:00 ] SQL: SELECT * FROM `ry_users` WHERE ( `user_name` = 'admin' ) AND ( `user_password` = 'e10adc3949ba59abbe56e057f20f883e' ) LIMIT 1  [ RunTime:0.000283s ]
[ 2011-12-26T20:50:35-05:00 ] SQL: SHOW COLUMNS FROM `ry_users` [ RunTime:0.004327s ]
[ 2011-12-26T20:50:35-05:00 ] NOTIC: [8] Undefined variable: msg 3b07957a53ccb31105e96f96aaa794c8.php 第 55 行.
[ 2011-12-26T20:50:35-05:00 ] NOTIC: [8] Undefined variable: msg 3b07957a53ccb31105e96f96aaa794c8.php 第 109 行.
[ 2011-12-26T20:50:35-05:00 ] NOTIC: [8] Undefined variable: msg 3b07957a53ccb31105e96f96aaa794c8.php 第 109 行.
[ 2011-12-26T20:50:44-05:00 ] SQL: SHOW COLUMNS FROM `ry_products` [ RunTime:0.014691s ]
[ 2011-12-26T20:50:44-05:00 ] SQL: SELECT COUNT(*) AS tp_count FROM `ry_products` LIMIT 1  [ RunTime:0.000311s ]
[ 2011-12-26T20:50:44-05:00 ] SQL: SELECT * FROM `ry_products` LIMIT 0,25  [ RunTime:0.000413s ]
[ 2011-12-26T20:50:44-05:00 ] NOTIC: [8] Undefined index: info f3fff2b5c97ac42f78439ba97dbcdcda.php 第 109 行.
[ 2011-12-26T20:50:44-05:00 ] NOTIC: [8] Undefined index: info f3fff2b5c97ac42f78439ba97dbcdcda.php 第 109 行.
[ 2011-12-26T20:51:47-05:00 ] SQL: SHOW COLUMNS FROM `ry_products_lang` [ RunTime:0.012633s ]
[ 2011-12-26T20:51:47-05:00 ] SQL: SELECT COUNT(*) AS tp_count FROM `ry_products_lang` WHERE ( `pid` = '1' ) LIMIT 1  [ RunTime:0.000336s ]
[ 2011-12-26T20:51:47-05:00 ] SQL: SELECT * FROM `ry_products_lang` WHERE ( `pid` = '1' ) [ RunTime:0.000185s ]
[ 2011-12-26T20:51:47-05:00 ] NOTIC: [8] Undefined variable: msg cd12dcce469b8ec8f9f8ed1070d3c4e0.php 第 55 行.
[ 2011-12-26T20:51:47-05:00 ] NOTIC: [8] Undefined variable: msg cd12dcce469b8ec8f9f8ed1070d3c4e0.php 第 109 行.
[ 2011-12-26T20:51:47-05:00 ] NOTIC: [8] Undefined variable: msg cd12dcce469b8ec8f9f8ed1070d3c4e0.php 第 109 行.
[ 2011-12-26T20:53:39-05:00 ] SQL: SHOW COLUMNS FROM `ry_products_lang` [ RunTime:0.005392s ]
[ 2011-12-26T20:53:39-05:00 ] NOTIC: [8] Undefined variable: data ProductAction.class.php 第 268 行.
[ 2011-12-26T20:53:39-05:00 ] NOTIC: [8] Undefined variable: msg 98eac3669a6890939c3fc0a7af0fe5da.php 第 55 行.
[ 2011-12-26T20:53:39-05:00 ] NOTIC: [8] Undefined variable: msg 98eac3669a6890939c3fc0a7af0fe5da.php 第 109 行.
[ 2011-12-26T20:53:39-05:00 ] NOTIC: [8] Undefined variable: msg 98eac3669a6890939c3fc0a7af0fe5da.php 第 109 行.
[ 2011-12-26T20:53:39-05:00 ] NOTIC: [8] Undefined index: page_id 98eac3669a6890939c3fc0a7af0fe5da.php 第 131 行.
[ 2011-12-26T21:11:02-05:00 ] SQL: SHOW COLUMNS FROM `ry_products_lang` [ RunTime:0.003976s ]
[ 2011-12-26T21:11:02-05:00 ] SQL: SELECT COUNT(*) AS tp_count FROM `ry_products_lang` WHERE ( `pid` = '1' ) LIMIT 1  [ RunTime:0.000337s ]
[ 2011-12-26T21:11:02-05:00 ] SQL: SELECT * FROM `ry_products_lang` WHERE ( `pid` = '1' ) [ RunTime:0.000239s ]
[ 2011-12-26T21:11:02-05:00 ] NOTIC: [8] Undefined variable: msg cd12dcce469b8ec8f9f8ed1070d3c4e0.php 第 55 行.
[ 2011-12-26T21:11:02-05:00 ] NOTIC: [8] Undefined variable: msg cd12dcce469b8ec8f9f8ed1070d3c4e0.php 第 109 行.
[ 2011-12-26T21:11:02-05:00 ] NOTIC: [8] Undefined variable: msg cd12dcce469b8ec8f9f8ed1070d3c4e0.php 第 109 行.
[ 2011-12-26T21:11:02-05:00 ] NOTIC: [8] Undefined index: page_lang_id cd12dcce469b8ec8f9f8ed1070d3c4e0.php 第 146 行.
[ 2011-12-26T21:11:02-05:00 ] NOTIC: [8] Undefined index: page_id cd12dcce469b8ec8f9f8ed1070d3c4e0.php 第 146 行.
[ 2011-12-26T21:11:02-05:00 ] NOTIC: [8] Undefined index: page_lang_id cd12dcce469b8ec8f9f8ed1070d3c4e0.php 第 146 行.
[ 2011-12-26T21:11:02-05:00 ] NOTIC: [8] Undefined index: page_id cd12dcce469b8ec8f9f8ed1070d3c4e0.php 第 146 行.
[ 2011-12-26T21:11:14-05:00 ] SQL: SHOW COLUMNS FROM `ry_products_lang` [ RunTime:0.003654s ]
[ 2011-12-26T21:11:14-05:00 ] NOTIC: [8] Undefined variable: data ProductAction.class.php 第 268 行.
[ 2011-12-26T21:11:15-05:00 ] NOTIC: [8] Undefined variable: msg 98eac3669a6890939c3fc0a7af0fe5da.php 第 55 行.
[ 2011-12-26T21:11:15-05:00 ] NOTIC: [8] Undefined variable: msg 98eac3669a6890939c3fc0a7af0fe5da.php 第 109 行.
[ 2011-12-26T21:11:15-05:00 ] NOTIC: [8] Undefined variable: msg 98eac3669a6890939c3fc0a7af0fe5da.php 第 109 行.
[ 2011-12-26T21:11:15-05:00 ] NOTIC: [8] Undefined index: page_id 98eac3669a6890939c3fc0a7af0fe5da.php 第 131 行.
[ 2011-12-26T21:15:09-05:00 ] SQL: SHOW COLUMNS FROM `ry_langs` [ RunTime:0.004374s ]
[ 2011-12-26T21:15:09-05:00 ] SQL: SHOW COLUMNS FROM `ry_products_lang` [ RunTime:0.003692s ]
[ 2011-12-26T21:15:09-05:00 ] SQL: SELECT * FROM `ry_langs` WHERE lang_status <> 0 [ RunTime:0.000450s ]
[ 2011-12-26T21:15:09-05:00 ] NOTIC: [8] Undefined index: info 98eac3669a6890939c3fc0a7af0fe5da.php 第 109 行.
[ 2011-12-26T21:15:09-05:00 ] NOTIC: [8] Undefined index: info 98eac3669a6890939c3fc0a7af0fe5da.php 第 109 行.
[ 2011-12-26T21:15:09-05:00 ] NOTIC: [8] Undefined index: page_id 98eac3669a6890939c3fc0a7af0fe5da.php 第 131 行.
[ 2011-12-26T21:15:09-05:00 ] NOTIC: [8] Undefined index: info 98eac3669a6890939c3fc0a7af0fe5da.php 第 109 行.
[ 2011-12-26T21:15:09-05:00 ] NOTIC: [8] Undefined index: info 98eac3669a6890939c3fc0a7af0fe5da.php 第 109 行.
[ 2011-12-26T21:15:09-05:00 ] NOTIC: [8] Undefined index: page_id 98eac3669a6890939c3fc0a7af0fe5da.php 第 131 行.
[ 2011-12-26T21:15:35-05:00 ] SQL: SHOW COLUMNS FROM `ry_langs` [ RunTime:0.003647s ]
[ 2011-12-26T21:15:35-05:00 ] SQL: SHOW COLUMNS FROM `ry_products_lang` [ RunTime:0.003516s ]
[ 2011-12-26T21:15:35-05:00 ] SQL: SELECT * FROM `ry_langs` WHERE lang_status <> 0 [ RunTime:0.000338s ]
[ 2011-12-26T21:15:35-05:00 ] NOTIC: [8] Undefined index: info 98eac3669a6890939c3fc0a7af0fe5da.php 第 109 行.
[ 2011-12-26T21:15:35-05:00 ] NOTIC: [8] Undefined index: info 98eac3669a6890939c3fc0a7af0fe5da.php 第 109 行.
[ 2011-12-26T21:15:35-05:00 ] NOTIC: [8] Undefined index: page_id 98eac3669a6890939c3fc0a7af0fe5da.php 第 131 行.
[ 2011-12-26T21:15:35-05:00 ] NOTIC: [8] Undefined index: info 98eac3669a6890939c3fc0a7af0fe5da.php 第 109 行.
[ 2011-12-26T21:15:35-05:00 ] NOTIC: [8] Undefined index: info 98eac3669a6890939c3fc0a7af0fe5da.php 第 109 行.
[ 2011-12-26T21:15:35-05:00 ] NOTIC: [8] Undefined index: page_id 98eac3669a6890939c3fc0a7af0fe5da.php 第 131 行.
[ 2011-12-26T21:25:06-05:00 ] SQL: SHOW COLUMNS FROM `ry_langs` [ RunTime:0.003787s ]
[ 2011-12-26T21:25:06-05:00 ] SQL: SHOW COLUMNS FROM `ry_products_lang` [ RunTime:0.003480s ]
[ 2011-12-26T21:25:06-05:00 ] SQL: SELECT * FROM `ry_langs` WHERE lang_status <> 0 [ RunTime:0.000318s ]
[ 2011-12-26T21:25:06-05:00 ] NOTIC: [8] Undefined index: info 98eac3669a6890939c3fc0a7af0fe5da.php 第 109 行.
[ 2011-12-26T21:25:06-05:00 ] NOTIC: [8] Undefined index: info 98eac3669a6890939c3fc0a7af0fe5da.php 第 109 行.
[ 2011-12-26T21:25:06-05:00 ] NOTIC: [8] Undefined index: info 98eac3669a6890939c3fc0a7af0fe5da.php 第 109 行.
[ 2011-12-26T21:25:06-05:00 ] NOTIC: [8] Undefined index: info 98eac3669a6890939c3fc0a7af0fe5da.php 第 109 行.
