[ 2012-01-02T10:59:20-05:00 ] SQL: SHOW COLUMNS FROM `ry_users` [ RunTime:0.028043s ]
[ 2012-01-02T10:59:35-05:00 ] SQL: SHOW COLUMNS FROM `ry_users` [ RunTime:0.004000s ]
[ 2012-01-02T10:59:35-05:00 ] SQL: SELECT COUNT(*) AS tp_count FROM `ry_users` WHERE ( `user_name` = 'admin' ) AND ( `user_password` = 'e10adc3949ba59abbe56e057f20f883e' ) LIMIT 1  [ RunTime:0.000433s ]
[ 2012-01-02T10:59:35-05:00 ] SQL: SELECT * FROM `ry_users` WHERE ( `user_name` = 'admin' ) AND ( `user_password` = 'e10adc3949ba59abbe56e057f20f883e' ) LIMIT 1  [ RunTime:0.000254s ]
[ 2012-01-02T10:59:36-05:00 ] SQL: SHOW COLUMNS FROM `ry_users` [ RunTime:0.003750s ]
[ 2012-01-02T10:59:37-05:00 ] NOTIC: [8] Undefined variable: msg 3b07957a53ccb31105e96f96aaa794c8.php 第 55 行.
[ 2012-01-02T10:59:37-05:00 ] NOTIC: [8] Undefined variable: msg 3b07957a53ccb31105e96f96aaa794c8.php 第 109 行.
[ 2012-01-02T10:59:37-05:00 ] NOTIC: [8] Undefined variable: msg 3b07957a53ccb31105e96f96aaa794c8.php 第 109 行.
[ 2012-01-02T10:59:40-05:00 ] SQL: SHOW COLUMNS FROM `ry_products` [ RunTime:0.026239s ]
[ 2012-01-02T10:59:40-05:00 ] SQL: SELECT COUNT(*) AS tp_count FROM `ry_products` LIMIT 1  [ RunTime:0.000237s ]
[ 2012-01-02T10:59:40-05:00 ] SQL: SELECT * FROM `ry_products` LIMIT 0,25  [ RunTime:0.000399s ]
[ 2012-01-02T10:59:40-05:00 ] NOTIC: [8] Undefined index: info f3fff2b5c97ac42f78439ba97dbcdcda.php 第 109 行.
[ 2012-01-02T10:59:40-05:00 ] NOTIC: [8] Undefined index: info f3fff2b5c97ac42f78439ba97dbcdcda.php 第 109 行.
[ 2012-01-02T11:06:47-05:00 ] SQL: SHOW COLUMNS FROM `ry_users` [ RunTime:0.004024s ]
[ 2012-01-02T11:11:01-05:00 ] SQL: SHOW COLUMNS FROM `ry_users` [ RunTime:0.003714s ]
[ 2012-01-02T14:46:41-05:00 ] SQL: SHOW COLUMNS FROM `ry_users` [ RunTime:0.004068s ]
[ 2012-01-02T14:46:42-05:00 ] SQL: SHOW COLUMNS FROM `ry_users` [ RunTime:0.004000s ]
[ 2012-01-02T14:46:42-05:00 ] SQL: SELECT COUNT(*) AS tp_count FROM `ry_users` WHERE ( `user_name` = 'admin' ) AND ( `user_password` = 'e10adc3949ba59abbe56e057f20f883e' ) LIMIT 1  [ RunTime:0.000333s ]
[ 2012-01-02T14:46:42-05:00 ] SQL: SELECT * FROM `ry_users` WHERE ( `user_name` = 'admin' ) AND ( `user_password` = 'e10adc3949ba59abbe56e057f20f883e' ) LIMIT 1  [ RunTime:0.000285s ]
[ 2012-01-02T14:46:43-05:00 ] SQL: SHOW COLUMNS FROM `ry_users` [ RunTime:0.004169s ]
[ 2012-01-02T14:46:43-05:00 ] NOTIC: [8] Undefined variable: msg 3b07957a53ccb31105e96f96aaa794c8.php 第 55 行.
[ 2012-01-02T14:46:43-05:00 ] NOTIC: [8] Undefined variable: msg 3b07957a53ccb31105e96f96aaa794c8.php 第 109 行.
[ 2012-01-02T14:46:43-05:00 ] NOTIC: [8] Undefined variable: msg 3b07957a53ccb31105e96f96aaa794c8.php 第 109 行.
[ 2012-01-02T14:47:57-05:00 ] SQL: SHOW COLUMNS FROM `ry_users` [ RunTime:0.003992s ]
[ 2012-01-02T14:47:57-05:00 ] NOTIC: [8] Undefined variable: msg 3b07957a53ccb31105e96f96aaa794c8.php 第 55 行.
[ 2012-01-02T14:47:57-05:00 ] NOTIC: [8] Undefined variable: msg 3b07957a53ccb31105e96f96aaa794c8.php 第 109 行.
[ 2012-01-02T14:47:57-05:00 ] NOTIC: [8] Undefined variable: msg 3b07957a53ccb31105e96f96aaa794c8.php 第 109 行.
[ 2012-01-02T14:49:19-05:00 ] SQL: SHOW COLUMNS FROM `ry_products` [ RunTime:0.005270s ]
[ 2012-01-02T14:49:19-05:00 ] SQL: SELECT COUNT(*) AS tp_count FROM `ry_products` LIMIT 1  [ RunTime:0.000228s ]
[ 2012-01-02T14:49:19-05:00 ] SQL: SELECT * FROM `ry_products` LIMIT 0,25  [ RunTime:0.000442s ]
[ 2012-01-02T14:49:19-05:00 ] NOTIC: [8] Undefined index: info f3fff2b5c97ac42f78439ba97dbcdcda.php 第 109 行.
[ 2012-01-02T14:49:19-05:00 ] NOTIC: [8] Undefined index: info f3fff2b5c97ac42f78439ba97dbcdcda.php 第 109 行.
[ 2012-01-02T14:49:24-05:00 ] SQL: SHOW COLUMNS FROM `ry_page` [ RunTime:0.014499s ]
[ 2012-01-02T14:49:24-05:00 ] SQL: SELECT COUNT(*) AS tp_count FROM `ry_page` LIMIT 1  [ RunTime:0.000311s ]
[ 2012-01-02T14:49:24-05:00 ] SQL: SELECT * FROM `ry_page` LIMIT 0,25  [ RunTime:0.000311s ]
[ 2012-01-02T14:49:24-05:00 ] NOTIC: [8] Undefined index: info 54042c11aa449cd5c6bb37d6a4c6f773.php 第 109 行.
[ 2012-01-02T14:49:24-05:00 ] NOTIC: [8] Undefined index: info 54042c11aa449cd5c6bb37d6a4c6f773.php 第 109 行.
[ 2012-01-02T14:49:43-05:00 ] SQL: SHOW COLUMNS FROM `ry_langs` [ RunTime:0.032025s ]
[ 2012-01-02T14:49:43-05:00 ] SQL: SHOW COLUMNS FROM `ry_page_lang` [ RunTime:0.026897s ]
[ 2012-01-02T14:49:43-05:00 ] SQL: SELECT * FROM `ry_langs` WHERE lang_status <> 0 [ RunTime:0.000838s ]
[ 2012-01-02T14:49:43-05:00 ] SQL: SELECT * FROM `ry_page_lang` WHERE ( `page_id` = '1' ) [ RunTime:0.008373s ]
[ 2012-01-02T14:49:43-05:00 ] NOTIC: [8] Undefined index: info a560bbf73a30d4a718884003be1cf406.php 第 109 行.
[ 2012-01-02T14:49:43-05:00 ] NOTIC: [8] Undefined index: info a560bbf73a30d4a718884003be1cf406.php 第 109 行.
[ 2012-01-02T14:49:43-05:00 ] NOTIC: [8] Undefined index: page a560bbf73a30d4a718884003be1cf406.php 第 152 行.
[ 2012-01-02T15:34:26-05:00 ] SQL: SHOW COLUMNS FROM `ry_users` [ RunTime:0.005524s ]
[ 2012-01-02T15:34:29-05:00 ] SQL: SHOW COLUMNS FROM `ry_users` [ RunTime:0.004371s ]
[ 2012-01-02T15:34:29-05:00 ] SQL: SELECT COUNT(*) AS tp_count FROM `ry_users` WHERE ( `user_name` = 'admin' ) AND ( `user_password` = 'e10adc3949ba59abbe56e057f20f883e' ) LIMIT 1  [ RunTime:0.000398s ]
[ 2012-01-02T15:34:29-05:00 ] SQL: SELECT * FROM `ry_users` WHERE ( `user_name` = 'admin' ) AND ( `user_password` = 'e10adc3949ba59abbe56e057f20f883e' ) LIMIT 1  [ RunTime:0.000413s ]
[ 2012-01-02T15:34:30-05:00 ] SQL: SHOW COLUMNS FROM `ry_users` [ RunTime:0.004245s ]
[ 2012-01-02T15:34:30-05:00 ] NOTIC: [8] Undefined variable: msg 3b07957a53ccb31105e96f96aaa794c8.php 第 55 行.
[ 2012-01-02T15:34:30-05:00 ] NOTIC: [8] Undefined variable: msg 3b07957a53ccb31105e96f96aaa794c8.php 第 109 行.
[ 2012-01-02T15:34:30-05:00 ] NOTIC: [8] Undefined variable: msg 3b07957a53ccb31105e96f96aaa794c8.php 第 109 行.
[ 2012-01-02T15:34:33-05:00 ] SQL: SHOW COLUMNS FROM `ry_page` [ RunTime:0.003867s ]
[ 2012-01-02T15:34:33-05:00 ] SQL: SELECT COUNT(*) AS tp_count FROM `ry_page` LIMIT 1  [ RunTime:0.000256s ]
[ 2012-01-02T15:34:33-05:00 ] SQL: SELECT * FROM `ry_page` LIMIT 0,25  [ RunTime:0.000264s ]
[ 2012-01-02T15:34:33-05:00 ] NOTIC: [8] Undefined index: info 54042c11aa449cd5c6bb37d6a4c6f773.php 第 109 行.
[ 2012-01-02T15:34:33-05:00 ] NOTIC: [8] Undefined index: info 54042c11aa449cd5c6bb37d6a4c6f773.php 第 109 行.
[ 2012-01-02T15:34:36-05:00 ] SQL: SHOW COLUMNS FROM `ry_langs` [ RunTime:0.006332s ]
[ 2012-01-02T15:34:36-05:00 ] SQL: SHOW COLUMNS FROM `ry_page_lang` [ RunTime:0.005181s ]
[ 2012-01-02T15:34:36-05:00 ] SQL: SELECT * FROM `ry_langs` WHERE lang_status <> 0 [ RunTime:0.000549s ]
[ 2012-01-02T15:34:36-05:00 ] SQL: SELECT * FROM `ry_page_lang` WHERE ( `page_id` = '1' ) [ RunTime:0.000383s ]
[ 2012-01-02T15:34:36-05:00 ] NOTIC: [8] Undefined index: info a560bbf73a30d4a718884003be1cf406.php 第 109 行.
[ 2012-01-02T15:34:36-05:00 ] NOTIC: [8] Undefined index: info a560bbf73a30d4a718884003be1cf406.php 第 109 行.
[ 2012-01-02T15:34:36-05:00 ] NOTIC: [8] Undefined index: page a560bbf73a30d4a718884003be1cf406.php 第 152 行.
[ 2012-01-02T15:36:41-05:00 ] SQL: SHOW COLUMNS FROM `ry_langs` [ RunTime:0.004658s ]
[ 2012-01-02T15:36:41-05:00 ] SQL: SHOW COLUMNS FROM `ry_page_lang` [ RunTime:0.004559s ]
[ 2012-01-02T15:36:41-05:00 ] SQL: SELECT * FROM `ry_langs` WHERE lang_status <> 0 [ RunTime:0.000581s ]
[ 2012-01-02T15:36:41-05:00 ] SQL: SELECT * FROM `ry_page_lang` WHERE ( `page_id` = '1' ) [ RunTime:0.000291s ]
[ 2012-01-02T15:36:41-05:00 ] NOTIC: [8] Undefined index: info a560bbf73a30d4a718884003be1cf406.php 第 109 行.
[ 2012-01-02T15:36:41-05:00 ] NOTIC: [8] Undefined index: info a560bbf73a30d4a718884003be1cf406.php 第 109 行.
[ 2012-01-02T15:36:41-05:00 ] NOTIC: [8] Undefined index: page a560bbf73a30d4a718884003be1cf406.php 第 152 行.
[ 2012-01-02T15:36:49-05:00 ] SQL: SHOW COLUMNS FROM `ry_langs` [ RunTime:0.004178s ]
[ 2012-01-02T15:36:49-05:00 ] SQL: SHOW COLUMNS FROM `ry_page_lang` [ RunTime:0.004039s ]
[ 2012-01-02T15:36:49-05:00 ] SQL: SELECT * FROM `ry_langs` WHERE lang_status <> 0 [ RunTime:0.000406s ]
[ 2012-01-02T15:36:49-05:00 ] NOTIC: [8] Undefined index: info 7f911d4179d231fc19bbc29c67586ab8.php 第 109 行.
[ 2012-01-02T15:36:49-05:00 ] NOTIC: [8] Undefined index: info 7f911d4179d231fc19bbc29c67586ab8.php 第 109 行.
[ 2012-01-02T15:37:01-05:00 ] SQL: SHOW COLUMNS FROM `ry_langs` [ RunTime:0.003946s ]
[ 2012-01-02T15:37:01-05:00 ] SQL: SHOW COLUMNS FROM `ry_page_lang` [ RunTime:0.004073s ]
[ 2012-01-02T15:37:01-05:00 ] SQL: SELECT * FROM `ry_langs` WHERE lang_status <> 0 [ RunTime:0.000608s ]
[ 2012-01-02T15:37:01-05:00 ] SQL: SELECT * FROM `ry_langs` WHERE ( `lang_code` = 'en-us' ) LIMIT 1  [ RunTime:0.000367s ]
[ 2012-01-02T15:37:01-05:00 ] SQL: INSERT INTO `ry_page_lang` (`page_id`,`lang_code`,`page_title`,`page_summary`,`page_content`,`lang_name`) VALUES ('1','en-us','ENGLISH','DSFA','DSAFASFSA','English') [ RunTime:0.000583s ]
[ 2012-01-02T15:37:02-05:00 ] SQL: SHOW COLUMNS FROM `ry_langs` [ RunTime:0.003910s ]
[ 2012-01-02T15:37:02-05:00 ] SQL: SHOW COLUMNS FROM `ry_page_lang` [ RunTime:0.003995s ]
[ 2012-01-02T15:37:02-05:00 ] SQL: SELECT * FROM `ry_langs` WHERE lang_status <> 0 [ RunTime:0.000427s ]
[ 2012-01-02T15:37:02-05:00 ] SQL: SELECT * FROM `ry_page_lang` WHERE ( `page_id` = '1' ) [ RunTime:0.000380s ]
[ 2012-01-02T15:37:02-05:00 ] NOTIC: [8] Undefined index: info a560bbf73a30d4a718884003be1cf406.php 第 109 行.
[ 2012-01-02T15:37:02-05:00 ] NOTIC: [8] Undefined index: info a560bbf73a30d4a718884003be1cf406.php 第 109 行.
[ 2012-01-02T15:37:02-05:00 ] NOTIC: [8] Undefined index: page a560bbf73a30d4a718884003be1cf406.php 第 152 行.
[ 2012-01-02T17:12:49-05:00 ] SQL: SHOW COLUMNS FROM `ry_page` [ RunTime:0.004072s ]
[ 2012-01-02T17:12:49-05:00 ] SQL: SELECT COUNT(*) AS tp_count FROM `ry_page` LIMIT 1  [ RunTime:0.000221s ]
[ 2012-01-02T17:12:49-05:00 ] SQL: SELECT * FROM `ry_page` LIMIT 0,25  [ RunTime:0.000304s ]
[ 2012-01-02T17:12:49-05:00 ] NOTIC: [8] Undefined index: info 54042c11aa449cd5c6bb37d6a4c6f773.php 第 109 行.
[ 2012-01-02T17:12:49-05:00 ] NOTIC: [8] Undefined index: info 54042c11aa449cd5c6bb37d6a4c6f773.php 第 109 行.
[ 2012-01-02T17:12:52-05:00 ] SQL: SHOW COLUMNS FROM `ry_page` [ RunTime:0.003941s ]
[ 2012-01-02T17:12:52-05:00 ] SQL: SELECT * FROM `ry_page` WHERE ( `page_id` = '2' ) LIMIT 1  [ RunTime:0.000336s ]
[ 2012-01-02T17:12:52-05:00 ] NOTIC: [8] Undefined index: info 35f1c6cff39b620b0908d2fa7c5223e4.php 第 109 行.
[ 2012-01-02T17:12:52-05:00 ] NOTIC: [8] Undefined index: info 35f1c6cff39b620b0908d2fa7c5223e4.php 第 109 行.
[ 2012-01-02T17:12:59-05:00 ] SQL: SHOW COLUMNS FROM `ry_langs` [ RunTime:0.006754s ]
[ 2012-01-02T17:12:59-05:00 ] SQL: SHOW COLUMNS FROM `ry_page_lang` [ RunTime:0.004120s ]
[ 2012-01-02T17:12:59-05:00 ] SQL: SELECT * FROM `ry_langs` WHERE lang_status <> 0 [ RunTime:0.000563s ]
[ 2012-01-02T17:12:59-05:00 ] SQL: SELECT * FROM `ry_page_lang` WHERE ( `page_id` = '2' ) [ RunTime:0.000263s ]
[ 2012-01-02T17:12:59-05:00 ] NOTIC: [8] Undefined index: info a560bbf73a30d4a718884003be1cf406.php 第 109 行.
[ 2012-01-02T17:12:59-05:00 ] NOTIC: [8] Undefined index: info a560bbf73a30d4a718884003be1cf406.php 第 109 行.
[ 2012-01-02T17:12:59-05:00 ] NOTIC: [8] Undefined index: page a560bbf73a30d4a718884003be1cf406.php 第 152 行.
[ 2012-01-02T17:13:07-05:00 ] SQL: SHOW COLUMNS FROM `ry_langs` [ RunTime:0.003891s ]
[ 2012-01-02T17:13:07-05:00 ] SQL: SHOW COLUMNS FROM `ry_page_lang` [ RunTime:0.005086s ]
[ 2012-01-02T17:13:07-05:00 ] SQL: SELECT * FROM `ry_langs` WHERE lang_status <> 0 [ RunTime:0.000833s ]
[ 2012-01-02T17:13:07-05:00 ] SQL: SELECT * FROM `ry_page_lang` WHERE ( `page_id` = '4' ) [ RunTime:0.000316s ]
[ 2012-01-02T17:13:07-05:00 ] NOTIC: [8] Undefined index: info a560bbf73a30d4a718884003be1cf406.php 第 109 行.
[ 2012-01-02T17:13:07-05:00 ] NOTIC: [8] Undefined index: info a560bbf73a30d4a718884003be1cf406.php 第 109 行.
[ 2012-01-02T17:13:07-05:00 ] NOTIC: [8] Undefined index: page a560bbf73a30d4a718884003be1cf406.php 第 152 行.
