[ 2012-02-20T13:11:21-05:00 ] SQL: SHOW COLUMNS FROM `ry_users` [ RunTime:0.024840s ]
[ 2012-02-20T13:11:24-05:00 ] SQL: SHOW COLUMNS FROM `ry_users` [ RunTime:0.004412s ]
[ 2012-02-20T13:11:24-05:00 ] SQL: SELECT COUNT(*) AS tp_count FROM `ry_users` WHERE ( `user_name` = 'admin' ) AND ( `user_password` = 'e10adc3949ba59abbe56e057f20f883e' ) LIMIT 1  [ RunTime:0.000636s ]
[ 2012-02-20T13:11:24-05:00 ] SQL: SELECT * FROM `ry_users` WHERE ( `user_name` = 'admin' ) AND ( `user_password` = 'e10adc3949ba59abbe56e057f20f883e' ) LIMIT 1  [ RunTime:0.000285s ]
[ 2012-02-20T13:11:25-05:00 ] SQL: SHOW COLUMNS FROM `ry_region` [ RunTime:0.018304s ]
[ 2012-02-20T13:11:25-05:00 ] SQL: SELECT * FROM `ry_region` WHERE ( `region_lang_code` = 'en-us' ) [ RunTime:0.000450s ]
[ 2012-02-20T13:11:25-05:00 ] SQL: SHOW COLUMNS FROM `ry_users` [ RunTime:0.004183s ]
[ 2012-02-20T13:11:25-05:00 ] NOTIC: [8] Undefined variable: msg 3b07957a53ccb31105e96f96aaa794c8.php 第 55 行.
[ 2012-02-20T13:11:25-05:00 ] NOTIC: [8] Undefined variable: msg 3b07957a53ccb31105e96f96aaa794c8.php 第 115 行.
[ 2012-02-20T13:11:25-05:00 ] NOTIC: [8] Undefined variable: msg 3b07957a53ccb31105e96f96aaa794c8.php 第 115 行.
[ 2012-02-20T13:11:25-05:00 ] SQL: SHOW COLUMNS FROM `ry_region` [ RunTime:0.004009s ]
[ 2012-02-20T13:11:25-05:00 ] SQL: SELECT * FROM `ry_region` WHERE ( `region_lang_code` = 'en-us' ) [ RunTime:0.000378s ]
[ 2012-02-20T13:11:25-05:00 ] SQL: SHOW COLUMNS FROM `ry_users` [ RunTime:0.004304s ]
[ 2012-02-20T13:11:25-05:00 ] NOTIC: [8] Undefined variable: msg 3b07957a53ccb31105e96f96aaa794c8.php 第 55 行.
[ 2012-02-20T13:11:25-05:00 ] NOTIC: [8] Undefined variable: msg 3b07957a53ccb31105e96f96aaa794c8.php 第 115 行.
[ 2012-02-20T13:11:25-05:00 ] NOTIC: [8] Undefined variable: msg 3b07957a53ccb31105e96f96aaa794c8.php 第 115 行.
[ 2012-02-20T13:11:31-05:00 ] SQL: SHOW COLUMNS FROM `ry_region` [ RunTime:0.004074s ]
[ 2012-02-20T13:11:31-05:00 ] SQL: SELECT * FROM `ry_region` WHERE ( `region_lang_code` = 'en-us' ) [ RunTime:0.000355s ]
[ 2012-02-20T13:11:31-05:00 ] SQL: SHOW COLUMNS FROM `ry_products` [ RunTime:0.026393s ]
[ 2012-02-20T13:11:31-05:00 ] SQL: SELECT COUNT(*) AS tp_count FROM `ry_products` LIMIT 1  [ RunTime:0.000285s ]
[ 2012-02-20T13:11:31-05:00 ] SQL: SELECT * FROM `ry_products` LIMIT 0,25  [ RunTime:0.009548s ]
[ 2012-02-20T13:11:31-05:00 ] NOTIC: [8] Undefined index: info f3fff2b5c97ac42f78439ba97dbcdcda.php 第 115 行.
[ 2012-02-20T13:11:31-05:00 ] NOTIC: [8] Undefined index: info f3fff2b5c97ac42f78439ba97dbcdcda.php 第 115 行.
[ 2012-02-20T13:12:05-05:00 ] SQL: SHOW COLUMNS FROM `ry_region` [ RunTime:0.003645s ]
[ 2012-02-20T13:12:05-05:00 ] SQL: SELECT * FROM `ry_region` WHERE ( `region_lang_code` = 'en-us' ) [ RunTime:0.000399s ]
[ 2012-02-20T13:12:05-05:00 ] SQL: SHOW COLUMNS FROM `ry_products_cat` [ RunTime:0.036247s ]
[ 2012-02-20T13:12:05-05:00 ] SQL: SELECT * FROM `ry_products_cat` WHERE ( `is_show` = '1' ) ORDER BY parent_id asc [ RunTime:0.002352s ]
[ 2012-02-20T13:12:05-05:00 ] SQL: SHOW COLUMNS FROM `ry_products` [ RunTime:0.004402s ]
[ 2012-02-20T13:12:05-05:00 ] SQL: SELECT * FROM `ry_products` WHERE ( `pid` = '1' ) LIMIT 1  [ RunTime:0.000462s ]
[ 2012-02-20T13:12:05-05:00 ] SQL: SELECT * FROM `ry_products` WHERE ( `pid` = '1' ) LIMIT 1  [ RunTime:0.000253s ]
[ 2012-02-20T13:12:05-05:00 ] NOTIC: [8] Undefined variable: msg b99f012f7b218c595b5aa07f55e33732.php 第 55 行.
[ 2012-02-20T13:12:05-05:00 ] NOTIC: [8] Undefined variable: msg b99f012f7b218c595b5aa07f55e33732.php 第 115 行.
[ 2012-02-20T13:12:05-05:00 ] NOTIC: [8] Undefined variable: msg b99f012f7b218c595b5aa07f55e33732.php 第 115 行.
[ 2012-02-20T13:12:05-05:00 ] NOTIC: [8] Undefined variable: vo b99f012f7b218c595b5aa07f55e33732.php 第 144 行.
[ 2012-02-20T13:14:01-05:00 ] SQL: SHOW COLUMNS FROM `ry_region` [ RunTime:0.004021s ]
[ 2012-02-20T13:14:01-05:00 ] SQL: SELECT * FROM `ry_region` WHERE ( `region_lang_code` = 'en-us' ) [ RunTime:0.000390s ]
[ 2012-02-20T13:14:01-05:00 ] SQL: SHOW COLUMNS FROM `ry_products_cat` [ RunTime:0.003799s ]
[ 2012-02-20T13:14:01-05:00 ] SQL: SELECT * FROM `ry_products_cat` WHERE ( `is_show` = '1' ) ORDER BY parent_id asc [ RunTime:0.000744s ]
[ 2012-02-20T13:14:01-05:00 ] SQL: SHOW COLUMNS FROM `ry_products` [ RunTime:0.003999s ]
[ 2012-02-20T13:14:01-05:00 ] NOTIC: [8] Undefined variable: msg e2e70d6e8550164524387b47cb4ba70d.php 第 55 行.
[ 2012-02-20T13:14:01-05:00 ] NOTIC: [8] Undefined variable: msg e2e70d6e8550164524387b47cb4ba70d.php 第 115 行.
[ 2012-02-20T13:14:01-05:00 ] NOTIC: [8] Undefined variable: msg e2e70d6e8550164524387b47cb4ba70d.php 第 115 行.
[ 2012-02-20T13:21:40-05:00 ] SQL: SHOW COLUMNS FROM `ry_region` [ RunTime:0.003857s ]
[ 2012-02-20T13:21:40-05:00 ] SQL: SELECT * FROM `ry_region` WHERE ( `region_lang_code` = 'en-us' ) [ RunTime:0.000344s ]
[ 2012-02-20T13:21:40-05:00 ] SQL: SHOW COLUMNS FROM `ry_products_cat` [ RunTime:0.003810s ]
[ 2012-02-20T13:21:40-05:00 ] SQL: SELECT * FROM `ry_products_cat` ORDER BY parent_id asc [ RunTime:0.000525s ]
[ 2012-02-20T13:21:40-05:00 ] SQL: SELECT * FROM `ry_products_cat` WHERE cat_id=0 LIMIT 1  [ RunTime:0.000210s ]
[ 2012-02-20T13:21:40-05:00 ] SQL: SELECT * FROM `ry_products_cat` WHERE cat_id=67 LIMIT 1  [ RunTime:0.000176s ]
[ 2012-02-20T13:21:40-05:00 ] SQL: SELECT * FROM `ry_products_cat` WHERE cat_id=37 LIMIT 1  [ RunTime:0.000186s ]
[ 2012-02-20T13:21:40-05:00 ] SQL: SELECT * FROM `ry_products_cat` WHERE cat_id=36 LIMIT 1  [ RunTime:0.000186s ]
[ 2012-02-20T13:21:40-05:00 ] SQL: SELECT * FROM `ry_products_cat` WHERE cat_id=35 LIMIT 1  [ RunTime:0.000174s ]
[ 2012-02-20T13:21:40-05:00 ] SQL: SELECT * FROM `ry_products_cat` WHERE cat_id=34 LIMIT 1  [ RunTime:0.000304s ]
[ 2012-02-20T13:21:40-05:00 ] SQL: SELECT * FROM `ry_products_cat` WHERE cat_id=33 LIMIT 1  [ RunTime:0.000187s ]
[ 2012-02-20T13:21:40-05:00 ] SQL: SELECT * FROM `ry_products_cat` WHERE cat_id=32 LIMIT 1  [ RunTime:0.000181s ]
[ 2012-02-20T13:21:40-05:00 ] SQL: SELECT * FROM `ry_products_cat` WHERE cat_id=31 LIMIT 1  [ RunTime:0.000181s ]
[ 2012-02-20T13:21:40-05:00 ] SQL: SELECT * FROM `ry_products_cat` WHERE cat_id=30 LIMIT 1  [ RunTime:0.000168s ]
[ 2012-02-20T13:21:40-05:00 ] SQL: SELECT * FROM `ry_products_cat` WHERE cat_id=38 LIMIT 1  [ RunTime:0.000173s ]
[ 2012-02-20T13:21:40-05:00 ] SQL: SELECT * FROM `ry_products_cat` WHERE cat_id=39 LIMIT 1  [ RunTime:0.000163s ]
[ 2012-02-20T13:21:40-05:00 ] SQL: SELECT * FROM `ry_products_cat` WHERE cat_id=40 LIMIT 1  [ RunTime:0.000268s ]
[ 2012-02-20T13:21:40-05:00 ] SQL: SELECT * FROM `ry_products_cat` WHERE cat_id=48 LIMIT 1  [ RunTime:0.000174s ]
[ 2012-02-20T13:21:40-05:00 ] SQL: SELECT * FROM `ry_products_cat` WHERE cat_id=47 LIMIT 1  [ RunTime:0.000172s ]
[ 2012-02-20T13:21:40-05:00 ] SQL: SELECT * FROM `ry_products_cat` WHERE cat_id=46 LIMIT 1  [ RunTime:0.000210s ]
[ 2012-02-20T13:21:40-05:00 ] SQL: SELECT * FROM `ry_products_cat` WHERE cat_id=45 LIMIT 1  [ RunTime:0.000245s ]
[ 2012-02-20T13:21:40-05:00 ] SQL: SELECT * FROM `ry_products_cat` WHERE cat_id=44 LIMIT 1  [ RunTime:0.000181s ]
[ 2012-02-20T13:21:40-05:00 ] SQL: SELECT * FROM `ry_products_cat` WHERE cat_id=43 LIMIT 1  [ RunTime:0.000163s ]
[ 2012-02-20T13:21:40-05:00 ] SQL: SELECT * FROM `ry_products_cat` WHERE cat_id=42 LIMIT 1  [ RunTime:0.000169s ]
[ 2012-02-20T13:21:40-05:00 ] SQL: SELECT * FROM `ry_products_cat` WHERE cat_id=41 LIMIT 1  [ RunTime:0.000168s ]
[ 2012-02-20T13:21:40-05:00 ] SQL: SELECT * FROM `ry_products_cat` WHERE cat_id=29 LIMIT 1  [ RunTime:0.000163s ]
[ 2012-02-20T13:21:40-05:00 ] SQL: SELECT * FROM `ry_products_cat` WHERE cat_id=28 LIMIT 1  [ RunTime:0.000179s ]
[ 2012-02-20T13:21:40-05:00 ] SQL: SELECT * FROM `ry_products_cat` WHERE cat_id=27 LIMIT 1  [ RunTime:0.000384s ]
[ 2012-02-20T13:21:40-05:00 ] SQL: SELECT * FROM `ry_products_cat` WHERE cat_id=14 LIMIT 1  [ RunTime:0.000188s ]
[ 2012-02-20T13:21:40-05:00 ] SQL: SELECT * FROM `ry_products_cat` WHERE cat_id=13 LIMIT 1  [ RunTime:0.000172s ]
[ 2012-02-20T13:21:40-05:00 ] SQL: SELECT * FROM `ry_products_cat` WHERE cat_id=12 LIMIT 1  [ RunTime:0.000163s ]
[ 2012-02-20T13:21:40-05:00 ] SQL: SELECT * FROM `ry_products_cat` WHERE cat_id=11 LIMIT 1  [ RunTime:0.000268s ]
[ 2012-02-20T13:21:40-05:00 ] SQL: SELECT * FROM `ry_products_cat` WHERE cat_id=10 LIMIT 1  [ RunTime:0.000279s ]
[ 2012-02-20T13:21:40-05:00 ] SQL: SELECT * FROM `ry_products_cat` WHERE cat_id=62 LIMIT 1  [ RunTime:0.000176s ]
[ 2012-02-20T13:21:40-05:00 ] SQL: SELECT * FROM `ry_products_cat` WHERE cat_id=64 LIMIT 1  [ RunTime:0.000238s ]
[ 2012-02-20T13:21:40-05:00 ] SQL: SELECT * FROM `ry_products_cat` WHERE cat_id=65 LIMIT 1  [ RunTime:0.000171s ]
[ 2012-02-20T13:21:40-05:00 ] SQL: SELECT * FROM `ry_products_cat` WHERE cat_id=66 LIMIT 1  [ RunTime:0.000176s ]
[ 2012-02-20T13:21:40-05:00 ] SQL: SELECT * FROM `ry_products_cat` WHERE cat_id=63 LIMIT 1  [ RunTime:0.000298s ]
[ 2012-02-20T13:21:40-05:00 ] SQL: SELECT * FROM `ry_products_cat` WHERE cat_id=9 LIMIT 1  [ RunTime:0.000174s ]
[ 2012-02-20T13:21:40-05:00 ] SQL: SELECT * FROM `ry_products_cat` WHERE cat_id=61 LIMIT 1  [ RunTime:0.000173s ]
[ 2012-02-20T13:21:40-05:00 ] SQL: SELECT * FROM `ry_products_cat` WHERE cat_id=59 LIMIT 1  [ RunTime:0.000162s ]
[ 2012-02-20T13:21:40-05:00 ] SQL: SELECT * FROM `ry_products_cat` WHERE cat_id=58 LIMIT 1  [ RunTime:0.000317s ]
[ 2012-02-20T13:21:40-05:00 ] SQL: SELECT * FROM `ry_products_cat` WHERE cat_id=57 LIMIT 1  [ RunTime:0.000183s ]
[ 2012-02-20T13:21:40-05:00 ] SQL: SELECT * FROM `ry_products_cat` WHERE cat_id=60 LIMIT 1  [ RunTime:0.000182s ]
[ 2012-02-20T13:21:40-05:00 ] SQL: SELECT * FROM `ry_products_cat` WHERE cat_id=54 LIMIT 1  [ RunTime:0.000187s ]
[ 2012-02-20T13:21:40-05:00 ] SQL: SELECT * FROM `ry_products_cat` WHERE cat_id=55 LIMIT 1  [ RunTime:0.000163s ]
[ 2012-02-20T13:21:40-05:00 ] SQL: SELECT * FROM `ry_products_cat` WHERE cat_id=56 LIMIT 1  [ RunTime:0.000173s ]
[ 2012-02-20T13:21:40-05:00 ] SQL: SELECT * FROM `ry_products_cat` WHERE cat_id=8 LIMIT 1  [ RunTime:0.000196s ]
[ 2012-02-20T13:21:40-05:00 ] SQL: SELECT * FROM `ry_products_cat` WHERE cat_id=49 LIMIT 1  [ RunTime:0.000174s ]
[ 2012-02-20T13:21:40-05:00 ] SQL: SELECT * FROM `ry_products_cat` WHERE cat_id=50 LIMIT 1  [ RunTime:0.000159s ]
[ 2012-02-20T13:21:40-05:00 ] SQL: SELECT * FROM `ry_products_cat` WHERE cat_id=51 LIMIT 1  [ RunTime:0.000162s ]
[ 2012-02-20T13:21:40-05:00 ] SQL: SELECT * FROM `ry_products_cat` WHERE cat_id=52 LIMIT 1  [ RunTime:0.000170s ]
[ 2012-02-20T13:21:40-05:00 ] SQL: SELECT * FROM `ry_products_cat` WHERE cat_id=53 LIMIT 1  [ RunTime:0.000232s ]
[ 2012-02-20T13:21:40-05:00 ] SQL: SELECT * FROM `ry_products_cat` WHERE cat_id=17 LIMIT 1  [ RunTime:0.000312s ]
[ 2012-02-20T13:21:40-05:00 ] SQL: SELECT * FROM `ry_products_cat` WHERE cat_id=15 LIMIT 1  [ RunTime:0.000222s ]
[ 2012-02-20T13:21:40-05:00 ] SQL: SELECT * FROM `ry_products_cat` WHERE cat_id=16 LIMIT 1  [ RunTime:0.000222s ]
[ 2012-02-20T13:21:40-05:00 ] SQL: SELECT * FROM `ry_products_cat` WHERE cat_id=26 LIMIT 1  [ RunTime:0.000201s ]
[ 2012-02-20T13:21:40-05:00 ] SQL: SELECT * FROM `ry_products_cat` WHERE cat_id=25 LIMIT 1  [ RunTime:0.000181s ]
[ 2012-02-20T13:21:40-05:00 ] SQL: SELECT * FROM `ry_products_cat` WHERE cat_id=24 LIMIT 1  [ RunTime:0.000178s ]
[ 2012-02-20T13:21:40-05:00 ] SQL: SELECT * FROM `ry_products_cat` WHERE cat_id=23 LIMIT 1  [ RunTime:0.000174s ]
[ 2012-02-20T13:21:40-05:00 ] SQL: SELECT * FROM `ry_products_cat` WHERE cat_id=22 LIMIT 1  [ RunTime:0.000178s ]
[ 2012-02-20T13:21:40-05:00 ] SQL: SELECT * FROM `ry_products_cat` WHERE cat_id=21 LIMIT 1  [ RunTime:0.000172s ]
[ 2012-02-20T13:21:40-05:00 ] SQL: SELECT * FROM `ry_products_cat` WHERE cat_id=20 LIMIT 1  [ RunTime:0.000173s ]
[ 2012-02-20T13:21:40-05:00 ] SQL: SELECT * FROM `ry_products_cat` WHERE cat_id=19 LIMIT 1  [ RunTime:0.000176s ]
[ 2012-02-20T13:21:40-05:00 ] SQL: SELECT * FROM `ry_products_cat` WHERE cat_id=18 LIMIT 1  [ RunTime:0.000171s ]
[ 2012-02-20T13:21:40-05:00 ] NOTIC: [8] Undefined variable: msg 54d61eb4eafecfef775e4a103813da8e.php 第 55 行.
[ 2012-02-20T13:21:40-05:00 ] NOTIC: [8] Undefined variable: msg 54d61eb4eafecfef775e4a103813da8e.php 第 115 行.
[ 2012-02-20T13:21:40-05:00 ] NOTIC: [8] Undefined variable: msg 54d61eb4eafecfef775e4a103813da8e.php 第 115 行.
[ 2012-02-20T13:21:43-05:00 ] SQL: SHOW COLUMNS FROM `ry_region` [ RunTime:0.003914s ]
[ 2012-02-20T13:21:43-05:00 ] SQL: SELECT * FROM `ry_region` WHERE ( `region_lang_code` = 'en-us' ) [ RunTime:0.000408s ]
[ 2012-02-20T13:21:43-05:00 ] SQL: SHOW COLUMNS FROM `ry_products` [ RunTime:0.004008s ]
[ 2012-02-20T13:21:43-05:00 ] SQL: SELECT COUNT(*) AS tp_count FROM `ry_products` LIMIT 1  [ RunTime:0.000253s ]
[ 2012-02-20T13:21:43-05:00 ] SQL: SELECT * FROM `ry_products` LIMIT 0,25  [ RunTime:0.000384s ]
[ 2012-02-20T13:21:43-05:00 ] NOTIC: [8] Undefined index: info f3fff2b5c97ac42f78439ba97dbcdcda.php 第 115 行.
[ 2012-02-20T13:21:43-05:00 ] NOTIC: [8] Undefined index: info f3fff2b5c97ac42f78439ba97dbcdcda.php 第 115 行.
